[2025-10-17T23:20:06.480+0000] {taskinstance.py:1103} INFO - Dependencies all met for dep_context=non-requeueable deps ti=<TaskInstance: databricks_dag.run_now manual__2025-10-17T23:14:57.879789+00:00 [queued]>
[2025-10-17T23:20:06.497+0000] {taskinstance.py:1103} INFO - Dependencies all met for dep_context=requeueable deps ti=<TaskInstance: databricks_dag.run_now manual__2025-10-17T23:14:57.879789+00:00 [queued]>
[2025-10-17T23:20:06.498+0000] {taskinstance.py:1308} INFO - Starting attempt 2 of 2
[2025-10-17T23:20:06.528+0000] {taskinstance.py:1327} INFO - Executing <Task(DatabricksRunNowOperator): run_now> on 2025-10-17 23:14:57.879789+00:00
[2025-10-17T23:20:06.548+0000] {standard_task_runner.py:57} INFO - Started process 2529 to run task
[2025-10-17T23:20:06.555+0000] {standard_task_runner.py:84} INFO - Running: ['***', 'tasks', 'run', 'databricks_dag', 'run_now', 'manual__2025-10-17T23:14:57.879789+00:00', '--job-id', '13', '--raw', '--subdir', 'DAGS_FOLDER/databricks_dag.py', '--cfg-path', '/tmp/tmpidf55ars']
[2025-10-17T23:20:06.559+0000] {standard_task_runner.py:85} INFO - Job 13: Subtask run_now
[2025-10-17T23:20:06.699+0000] {task_command.py:410} INFO - Running <TaskInstance: databricks_dag.run_now manual__2025-10-17T23:14:57.879789+00:00 [running]> on host 444659dc247e
[2025-10-17T23:20:06.907+0000] {taskinstance.py:1547} INFO - Exporting env vars: AIRFLOW_CTX_DAG_OWNER='Andrei' AIRFLOW_CTX_DAG_ID='databricks_dag' AIRFLOW_CTX_TASK_ID='run_now' AIRFLOW_CTX_EXECUTION_DATE='2025-10-17T23:14:57.879789+00:00' AIRFLOW_CTX_TRY_NUMBER='2' AIRFLOW_CTX_DAG_RUN_ID='manual__2025-10-17T23:14:57.879789+00:00'
[2025-10-17T23:20:06.929+0000] {base.py:73} INFO - Using connection ID 'databricks_conn' for task execution.
[2025-10-17T23:20:07.069+0000] {databricks_base.py:429} INFO - Using token auth.
[2025-10-17T23:20:07.839+0000] {databricks.py:52} INFO - Run submitted with run_id: 472579132674286
[2025-10-17T23:20:07.840+0000] {databricks_base.py:429} INFO - Using token auth.
[2025-10-17T23:20:08.313+0000] {databricks_base.py:429} INFO - Using token auth.
[2025-10-17T23:20:08.692+0000] {databricks.py:93} INFO - run_now in run state: {'life_cycle_state': 'RUNNING', 'result_state': '', 'state_message': ''}
[2025-10-17T23:20:08.693+0000] {databricks.py:94} INFO - View run status, Spark UI, and logs at https://dbc-484ef8db-1948.cloud.databricks.com/?o=1366149600607743#job/223004487989349/run/472579132674286
[2025-10-17T23:20:08.694+0000] {databricks.py:95} INFO - Sleeping for 30 seconds.
[2025-10-17T23:20:38.718+0000] {databricks_base.py:429} INFO - Using token auth.
[2025-10-17T23:20:39.120+0000] {databricks.py:93} INFO - run_now in run state: {'life_cycle_state': 'RUNNING', 'result_state': '', 'state_message': ''}
[2025-10-17T23:20:39.122+0000] {databricks.py:94} INFO - View run status, Spark UI, and logs at https://dbc-484ef8db-1948.cloud.databricks.com/?o=1366149600607743#job/223004487989349/run/472579132674286
[2025-10-17T23:20:39.123+0000] {databricks.py:95} INFO - Sleeping for 30 seconds.
[2025-10-17T23:21:09.126+0000] {databricks_base.py:429} INFO - Using token auth.
[2025-10-17T23:21:09.705+0000] {databricks.py:63} INFO - run_now completed successfully.
[2025-10-17T23:21:09.708+0000] {databricks.py:64} INFO - View run status, Spark UI, and logs at https://dbc-484ef8db-1948.cloud.databricks.com/?o=1366149600607743#job/223004487989349/run/472579132674286
[2025-10-17T23:21:09.731+0000] {taskinstance.py:1350} INFO - Marking task as SUCCESS. dag_id=databricks_dag, task_id=run_now, execution_date=20251017T231457, start_date=20251017T232006, end_date=20251017T232109
[2025-10-17T23:21:09.799+0000] {local_task_job_runner.py:225} INFO - Task exited with return code 0
[2025-10-17T23:21:09.834+0000] {taskinstance.py:2653} INFO - 0 downstream tasks scheduled from follow-on schedule check
