[2025-10-14T18:22:25.893+0000] {processor.py:157} INFO - Started process (PID=3189) to work on /opt/airflow/dags/proyecto.py
[2025-10-14T18:22:25.895+0000] {processor.py:826} INFO - Processing file /opt/airflow/dags/proyecto.py for tasks to queue
[2025-10-14T18:22:25.897+0000] {logging_mixin.py:149} INFO - [2025-10-14T18:22:25.897+0000] {dagbag.py:541} INFO - Filling up the DagBag from /opt/airflow/dags/proyecto.py
[2025-10-14T18:22:25.942+0000] {logging_mixin.py:149} INFO - [2025-10-14T18:22:25.933+0000] {dagbag.py:350} ERROR - Failed to import: /opt/airflow/dags/proyecto.py
Traceback (most recent call last):
  File "/home/airflow/.local/lib/python3.7/site-packages/airflow/models/dagbag.py", line 346, in parse
    loader.exec_module(new_module)
  File "<frozen importlib._bootstrap_external>", line 728, in exec_module
  File "<frozen importlib._bootstrap>", line 219, in _call_with_frames_removed
  File "/opt/airflow/dags/proyecto.py", line 7, in <module>
    from pyspark.sql import SparkSession
ModuleNotFoundError: No module named 'pyspark'
[2025-10-14T18:22:25.945+0000] {processor.py:838} WARNING - No viable dags retrieved from /opt/airflow/dags/proyecto.py
[2025-10-14T18:22:25.983+0000] {processor.py:179} INFO - Processing /opt/airflow/dags/proyecto.py took 0.098 seconds
[2025-10-14T18:22:37.601+0000] {processor.py:157} INFO - Started process (PID=3214) to work on /opt/airflow/dags/proyecto.py
[2025-10-14T18:22:37.604+0000] {processor.py:826} INFO - Processing file /opt/airflow/dags/proyecto.py for tasks to queue
[2025-10-14T18:22:37.608+0000] {logging_mixin.py:149} INFO - [2025-10-14T18:22:37.608+0000] {dagbag.py:541} INFO - Filling up the DagBag from /opt/airflow/dags/proyecto.py
[2025-10-14T18:22:37.708+0000] {logging_mixin.py:149} INFO - [2025-10-14T18:22:37.695+0000] {dagbag.py:350} ERROR - Failed to import: /opt/airflow/dags/proyecto.py
Traceback (most recent call last):
  File "/home/airflow/.local/lib/python3.7/site-packages/airflow/models/dagbag.py", line 346, in parse
    loader.exec_module(new_module)
  File "<frozen importlib._bootstrap_external>", line 728, in exec_module
  File "<frozen importlib._bootstrap>", line 219, in _call_with_frames_removed
  File "/opt/airflow/dags/proyecto.py", line 7, in <module>
    from pyspark.sql import SparkSession
ModuleNotFoundError: No module named 'pyspark'
[2025-10-14T18:22:37.712+0000] {processor.py:838} WARNING - No viable dags retrieved from /opt/airflow/dags/proyecto.py
[2025-10-14T18:22:37.787+0000] {processor.py:179} INFO - Processing /opt/airflow/dags/proyecto.py took 0.201 seconds
[2025-10-14T18:23:05.335+0000] {processor.py:157} INFO - Started process (PID=3274) to work on /opt/airflow/dags/proyecto.py
[2025-10-14T18:23:05.337+0000] {processor.py:826} INFO - Processing file /opt/airflow/dags/proyecto.py for tasks to queue
[2025-10-14T18:23:05.345+0000] {logging_mixin.py:149} INFO - [2025-10-14T18:23:05.344+0000] {dagbag.py:541} INFO - Filling up the DagBag from /opt/airflow/dags/proyecto.py
[2025-10-14T18:23:05.456+0000] {logging_mixin.py:149} INFO - [2025-10-14T18:23:05.440+0000] {dagbag.py:350} ERROR - Failed to import: /opt/airflow/dags/proyecto.py
Traceback (most recent call last):
  File "/home/airflow/.local/lib/python3.7/site-packages/airflow/models/dagbag.py", line 346, in parse
    loader.exec_module(new_module)
  File "<frozen importlib._bootstrap_external>", line 728, in exec_module
  File "<frozen importlib._bootstrap>", line 219, in _call_with_frames_removed
  File "/opt/airflow/dags/proyecto.py", line 7, in <module>
    from pyspark.sql import SparkSession
ModuleNotFoundError: No module named 'pyspark'
[2025-10-14T18:23:05.461+0000] {processor.py:838} WARNING - No viable dags retrieved from /opt/airflow/dags/proyecto.py
[2025-10-14T18:23:05.543+0000] {processor.py:179} INFO - Processing /opt/airflow/dags/proyecto.py took 0.221 seconds
[2025-10-14T19:02:27.301+0000] {processor.py:157} INFO - Started process (PID=8275) to work on /opt/airflow/dags/proyecto.py
[2025-10-14T19:02:27.308+0000] {processor.py:826} INFO - Processing file /opt/airflow/dags/proyecto.py for tasks to queue
[2025-10-14T19:02:27.309+0000] {logging_mixin.py:149} INFO - [2025-10-14T19:02:27.309+0000] {dagbag.py:541} INFO - Filling up the DagBag from /opt/airflow/dags/proyecto.py
[2025-10-14T19:02:27.365+0000] {logging_mixin.py:149} INFO - [2025-10-14T19:02:27.356+0000] {dagbag.py:350} ERROR - Failed to import: /opt/airflow/dags/proyecto.py
Traceback (most recent call last):
  File "/home/airflow/.local/lib/python3.7/site-packages/airflow/models/dagbag.py", line 346, in parse
    loader.exec_module(new_module)
  File "<frozen importlib._bootstrap_external>", line 728, in exec_module
  File "<frozen importlib._bootstrap>", line 219, in _call_with_frames_removed
  File "/opt/airflow/dags/proyecto.py", line 7, in <module>
    from pyspark.sql import SparkSession
ModuleNotFoundError: No module named 'pyspark'
[2025-10-14T19:02:27.368+0000] {processor.py:838} WARNING - No viable dags retrieved from /opt/airflow/dags/proyecto.py
[2025-10-14T19:02:27.412+0000] {processor.py:179} INFO - Processing /opt/airflow/dags/proyecto.py took 0.117 seconds
[2025-10-14T19:02:57.603+0000] {processor.py:157} INFO - Started process (PID=8341) to work on /opt/airflow/dags/proyecto.py
[2025-10-14T19:02:57.606+0000] {processor.py:826} INFO - Processing file /opt/airflow/dags/proyecto.py for tasks to queue
[2025-10-14T19:02:57.609+0000] {logging_mixin.py:149} INFO - [2025-10-14T19:02:57.608+0000] {dagbag.py:541} INFO - Filling up the DagBag from /opt/airflow/dags/proyecto.py
[2025-10-14T19:02:57.664+0000] {logging_mixin.py:149} INFO - [2025-10-14T19:02:57.649+0000] {dagbag.py:350} ERROR - Failed to import: /opt/airflow/dags/proyecto.py
Traceback (most recent call last):
  File "/home/airflow/.local/lib/python3.7/site-packages/airflow/models/dagbag.py", line 346, in parse
    loader.exec_module(new_module)
  File "<frozen importlib._bootstrap_external>", line 728, in exec_module
  File "<frozen importlib._bootstrap>", line 219, in _call_with_frames_removed
  File "/opt/airflow/dags/proyecto.py", line 7, in <module>
    from pyspark.sql import SparkSession
ModuleNotFoundError: No module named 'pyspark'
[2025-10-14T19:02:57.668+0000] {processor.py:838} WARNING - No viable dags retrieved from /opt/airflow/dags/proyecto.py
[2025-10-14T19:02:57.758+0000] {processor.py:179} INFO - Processing /opt/airflow/dags/proyecto.py took 0.162 seconds
