[2025-10-08T19:18:10.220+0000] {processor.py:157} INFO - Started process (PID=16198) to work on /opt/airflow/dags/04_example.py
[2025-10-08T19:18:10.222+0000] {processor.py:826} INFO - Processing file /opt/airflow/dags/04_example.py for tasks to queue
[2025-10-08T19:18:10.224+0000] {logging_mixin.py:149} INFO - [2025-10-08T19:18:10.223+0000] {dagbag.py:541} INFO - Filling up the DagBag from /opt/airflow/dags/04_example.py
[2025-10-08T19:18:10.280+0000] {processor.py:836} INFO - DAG(s) dict_keys(['04_api_to_postgres']) retrieved from /opt/airflow/dags/04_example.py
[2025-10-08T19:18:10.668+0000] {logging_mixin.py:149} INFO - [2025-10-08T19:18:10.667+0000] {manager.py:504} INFO - Created Permission View: can edit on DAG:04_api_to_postgres
[2025-10-08T19:18:10.707+0000] {logging_mixin.py:149} INFO - [2025-10-08T19:18:10.706+0000] {manager.py:504} INFO - Created Permission View: can delete on DAG:04_api_to_postgres
[2025-10-08T19:18:10.735+0000] {logging_mixin.py:149} INFO - [2025-10-08T19:18:10.734+0000] {manager.py:504} INFO - Created Permission View: can read on DAG:04_api_to_postgres
[2025-10-08T19:18:10.782+0000] {logging_mixin.py:149} INFO - [2025-10-08T19:18:10.782+0000] {dag.py:2726} INFO - Sync 1 DAGs
[2025-10-08T19:18:10.830+0000] {logging_mixin.py:149} INFO - [2025-10-08T19:18:10.830+0000] {dag.py:2747} INFO - Creating ORM DAG for 04_api_to_postgres
[2025-10-08T19:18:10.870+0000] {logging_mixin.py:149} INFO - [2025-10-08T19:18:10.870+0000] {dag.py:3490} INFO - Setting next_dagrun for 04_api_to_postgres to None, run_after=None
[2025-10-08T19:18:10.956+0000] {processor.py:179} INFO - Processing /opt/airflow/dags/04_example.py took 0.744 seconds
[2025-10-08T19:18:41.428+0000] {processor.py:157} INFO - Started process (PID=16263) to work on /opt/airflow/dags/04_example.py
[2025-10-08T19:18:41.431+0000] {processor.py:826} INFO - Processing file /opt/airflow/dags/04_example.py for tasks to queue
[2025-10-08T19:18:41.433+0000] {logging_mixin.py:149} INFO - [2025-10-08T19:18:41.432+0000] {dagbag.py:541} INFO - Filling up the DagBag from /opt/airflow/dags/04_example.py
[2025-10-08T19:18:41.478+0000] {processor.py:836} INFO - DAG(s) dict_keys(['04_api_to_postgres']) retrieved from /opt/airflow/dags/04_example.py
[2025-10-08T19:18:41.546+0000] {logging_mixin.py:149} INFO - [2025-10-08T19:18:41.546+0000] {dag.py:2726} INFO - Sync 1 DAGs
[2025-10-08T19:18:41.619+0000] {logging_mixin.py:149} INFO - [2025-10-08T19:18:41.619+0000] {dag.py:3490} INFO - Setting next_dagrun for 04_api_to_postgres to None, run_after=None
[2025-10-08T19:18:41.679+0000] {processor.py:179} INFO - Processing /opt/airflow/dags/04_example.py took 0.261 seconds
[2025-10-08T19:19:11.893+0000] {processor.py:157} INFO - Started process (PID=16319) to work on /opt/airflow/dags/04_example.py
[2025-10-08T19:19:11.897+0000] {processor.py:826} INFO - Processing file /opt/airflow/dags/04_example.py for tasks to queue
[2025-10-08T19:19:11.899+0000] {logging_mixin.py:149} INFO - [2025-10-08T19:19:11.899+0000] {dagbag.py:541} INFO - Filling up the DagBag from /opt/airflow/dags/04_example.py
[2025-10-08T19:19:11.948+0000] {processor.py:836} INFO - DAG(s) dict_keys(['04_api_to_postgres']) retrieved from /opt/airflow/dags/04_example.py
[2025-10-08T19:19:12.034+0000] {logging_mixin.py:149} INFO - [2025-10-08T19:19:12.034+0000] {dag.py:2726} INFO - Sync 1 DAGs
[2025-10-08T19:19:12.114+0000] {logging_mixin.py:149} INFO - [2025-10-08T19:19:12.113+0000] {dag.py:3490} INFO - Setting next_dagrun for 04_api_to_postgres to None, run_after=None
[2025-10-08T19:19:12.180+0000] {processor.py:179} INFO - Processing /opt/airflow/dags/04_example.py took 0.298 seconds
[2025-10-08T19:19:43.182+0000] {processor.py:157} INFO - Started process (PID=16384) to work on /opt/airflow/dags/04_example.py
[2025-10-08T19:19:43.186+0000] {processor.py:826} INFO - Processing file /opt/airflow/dags/04_example.py for tasks to queue
[2025-10-08T19:19:43.188+0000] {logging_mixin.py:149} INFO - [2025-10-08T19:19:43.188+0000] {dagbag.py:541} INFO - Filling up the DagBag from /opt/airflow/dags/04_example.py
[2025-10-08T19:19:43.236+0000] {processor.py:836} INFO - DAG(s) dict_keys(['04_api_to_postgres']) retrieved from /opt/airflow/dags/04_example.py
[2025-10-08T19:19:43.306+0000] {logging_mixin.py:149} INFO - [2025-10-08T19:19:43.305+0000] {dag.py:2726} INFO - Sync 1 DAGs
[2025-10-08T19:19:43.387+0000] {logging_mixin.py:149} INFO - [2025-10-08T19:19:43.386+0000] {dag.py:3490} INFO - Setting next_dagrun for 04_api_to_postgres to None, run_after=None
[2025-10-08T19:19:43.458+0000] {processor.py:179} INFO - Processing /opt/airflow/dags/04_example.py took 0.293 seconds
[2025-10-08T19:20:13.757+0000] {processor.py:157} INFO - Started process (PID=16449) to work on /opt/airflow/dags/04_example.py
[2025-10-08T19:20:13.761+0000] {processor.py:826} INFO - Processing file /opt/airflow/dags/04_example.py for tasks to queue
[2025-10-08T19:20:13.764+0000] {logging_mixin.py:149} INFO - [2025-10-08T19:20:13.764+0000] {dagbag.py:541} INFO - Filling up the DagBag from /opt/airflow/dags/04_example.py
[2025-10-08T19:20:13.825+0000] {processor.py:836} INFO - DAG(s) dict_keys(['04_api_to_postgres']) retrieved from /opt/airflow/dags/04_example.py
[2025-10-08T19:20:13.919+0000] {logging_mixin.py:149} INFO - [2025-10-08T19:20:13.918+0000] {dag.py:2726} INFO - Sync 1 DAGs
[2025-10-08T19:20:14.000+0000] {logging_mixin.py:149} INFO - [2025-10-08T19:20:14.000+0000] {dag.py:3490} INFO - Setting next_dagrun for 04_api_to_postgres to None, run_after=None
[2025-10-08T19:20:14.063+0000] {processor.py:179} INFO - Processing /opt/airflow/dags/04_example.py took 0.323 seconds
[2025-10-08T19:20:44.958+0000] {processor.py:157} INFO - Started process (PID=16514) to work on /opt/airflow/dags/04_example.py
[2025-10-08T19:20:44.962+0000] {processor.py:826} INFO - Processing file /opt/airflow/dags/04_example.py for tasks to queue
[2025-10-08T19:20:44.965+0000] {logging_mixin.py:149} INFO - [2025-10-08T19:20:44.965+0000] {dagbag.py:541} INFO - Filling up the DagBag from /opt/airflow/dags/04_example.py
[2025-10-08T19:20:45.025+0000] {processor.py:836} INFO - DAG(s) dict_keys(['04_api_to_postgres']) retrieved from /opt/airflow/dags/04_example.py
[2025-10-08T19:20:45.119+0000] {logging_mixin.py:149} INFO - [2025-10-08T19:20:45.119+0000] {dag.py:2726} INFO - Sync 1 DAGs
[2025-10-08T19:20:45.210+0000] {logging_mixin.py:149} INFO - [2025-10-08T19:20:45.210+0000] {dag.py:3490} INFO - Setting next_dagrun for 04_api_to_postgres to None, run_after=None
[2025-10-08T19:20:45.269+0000] {processor.py:179} INFO - Processing /opt/airflow/dags/04_example.py took 0.322 seconds
[2025-10-08T19:21:15.385+0000] {processor.py:157} INFO - Started process (PID=16579) to work on /opt/airflow/dags/04_example.py
[2025-10-08T19:21:15.388+0000] {processor.py:826} INFO - Processing file /opt/airflow/dags/04_example.py for tasks to queue
[2025-10-08T19:21:15.390+0000] {logging_mixin.py:149} INFO - [2025-10-08T19:21:15.390+0000] {dagbag.py:541} INFO - Filling up the DagBag from /opt/airflow/dags/04_example.py
[2025-10-08T19:21:15.435+0000] {processor.py:836} INFO - DAG(s) dict_keys(['04_api_to_postgres']) retrieved from /opt/airflow/dags/04_example.py
[2025-10-08T19:21:15.500+0000] {logging_mixin.py:149} INFO - [2025-10-08T19:21:15.500+0000] {dag.py:2726} INFO - Sync 1 DAGs
[2025-10-08T19:21:15.599+0000] {logging_mixin.py:149} INFO - [2025-10-08T19:21:15.598+0000] {dag.py:3490} INFO - Setting next_dagrun for 04_api_to_postgres to None, run_after=None
[2025-10-08T19:21:15.655+0000] {processor.py:179} INFO - Processing /opt/airflow/dags/04_example.py took 0.279 seconds
[2025-10-08T19:21:46.148+0000] {processor.py:157} INFO - Started process (PID=16644) to work on /opt/airflow/dags/04_example.py
[2025-10-08T19:21:46.157+0000] {processor.py:826} INFO - Processing file /opt/airflow/dags/04_example.py for tasks to queue
[2025-10-08T19:21:46.160+0000] {logging_mixin.py:149} INFO - [2025-10-08T19:21:46.159+0000] {dagbag.py:541} INFO - Filling up the DagBag from /opt/airflow/dags/04_example.py
[2025-10-08T19:21:46.214+0000] {processor.py:836} INFO - DAG(s) dict_keys(['04_api_to_postgres']) retrieved from /opt/airflow/dags/04_example.py
[2025-10-08T19:21:46.264+0000] {logging_mixin.py:149} INFO - [2025-10-08T19:21:46.263+0000] {dag.py:2726} INFO - Sync 1 DAGs
[2025-10-08T19:21:46.317+0000] {logging_mixin.py:149} INFO - [2025-10-08T19:21:46.317+0000] {dag.py:3490} INFO - Setting next_dagrun for 04_api_to_postgres to None, run_after=None
[2025-10-08T19:21:46.368+0000] {processor.py:179} INFO - Processing /opt/airflow/dags/04_example.py took 0.241 seconds
[2025-10-08T19:22:16.614+0000] {processor.py:157} INFO - Started process (PID=16709) to work on /opt/airflow/dags/04_example.py
[2025-10-08T19:22:16.617+0000] {processor.py:826} INFO - Processing file /opt/airflow/dags/04_example.py for tasks to queue
[2025-10-08T19:22:16.620+0000] {logging_mixin.py:149} INFO - [2025-10-08T19:22:16.619+0000] {dagbag.py:541} INFO - Filling up the DagBag from /opt/airflow/dags/04_example.py
[2025-10-08T19:22:16.680+0000] {processor.py:836} INFO - DAG(s) dict_keys(['04_api_to_postgres']) retrieved from /opt/airflow/dags/04_example.py
[2025-10-08T19:22:16.761+0000] {logging_mixin.py:149} INFO - [2025-10-08T19:22:16.761+0000] {dag.py:2726} INFO - Sync 1 DAGs
[2025-10-08T19:22:16.832+0000] {logging_mixin.py:149} INFO - [2025-10-08T19:22:16.832+0000] {dag.py:3490} INFO - Setting next_dagrun for 04_api_to_postgres to None, run_after=None
[2025-10-08T19:22:16.883+0000] {processor.py:179} INFO - Processing /opt/airflow/dags/04_example.py took 0.284 seconds
[2025-10-08T19:22:47.694+0000] {processor.py:157} INFO - Started process (PID=16774) to work on /opt/airflow/dags/04_example.py
[2025-10-08T19:22:47.697+0000] {processor.py:826} INFO - Processing file /opt/airflow/dags/04_example.py for tasks to queue
[2025-10-08T19:22:47.700+0000] {logging_mixin.py:149} INFO - [2025-10-08T19:22:47.700+0000] {dagbag.py:541} INFO - Filling up the DagBag from /opt/airflow/dags/04_example.py
[2025-10-08T19:22:47.739+0000] {processor.py:836} INFO - DAG(s) dict_keys(['04_api_to_postgres']) retrieved from /opt/airflow/dags/04_example.py
[2025-10-08T19:22:47.796+0000] {logging_mixin.py:149} INFO - [2025-10-08T19:22:47.796+0000] {dag.py:2726} INFO - Sync 1 DAGs
[2025-10-08T19:22:47.884+0000] {logging_mixin.py:149} INFO - [2025-10-08T19:22:47.884+0000] {dag.py:3490} INFO - Setting next_dagrun for 04_api_to_postgres to None, run_after=None
[2025-10-08T19:22:47.950+0000] {processor.py:179} INFO - Processing /opt/airflow/dags/04_example.py took 0.264 seconds
[2025-10-08T19:23:18.412+0000] {processor.py:157} INFO - Started process (PID=16839) to work on /opt/airflow/dags/04_example.py
[2025-10-08T19:23:18.415+0000] {processor.py:826} INFO - Processing file /opt/airflow/dags/04_example.py for tasks to queue
[2025-10-08T19:23:18.417+0000] {logging_mixin.py:149} INFO - [2025-10-08T19:23:18.417+0000] {dagbag.py:541} INFO - Filling up the DagBag from /opt/airflow/dags/04_example.py
[2025-10-08T19:23:18.455+0000] {processor.py:836} INFO - DAG(s) dict_keys(['04_api_to_postgres']) retrieved from /opt/airflow/dags/04_example.py
[2025-10-08T19:23:18.518+0000] {logging_mixin.py:149} INFO - [2025-10-08T19:23:18.517+0000] {dag.py:2726} INFO - Sync 1 DAGs
[2025-10-08T19:23:18.581+0000] {logging_mixin.py:149} INFO - [2025-10-08T19:23:18.580+0000] {dag.py:3490} INFO - Setting next_dagrun for 04_api_to_postgres to None, run_after=None
[2025-10-08T19:23:18.637+0000] {processor.py:179} INFO - Processing /opt/airflow/dags/04_example.py took 0.237 seconds
[2025-10-08T19:23:48.847+0000] {processor.py:157} INFO - Started process (PID=16904) to work on /opt/airflow/dags/04_example.py
[2025-10-08T19:23:48.850+0000] {processor.py:826} INFO - Processing file /opt/airflow/dags/04_example.py for tasks to queue
[2025-10-08T19:23:48.852+0000] {logging_mixin.py:149} INFO - [2025-10-08T19:23:48.852+0000] {dagbag.py:541} INFO - Filling up the DagBag from /opt/airflow/dags/04_example.py
[2025-10-08T19:23:48.905+0000] {processor.py:836} INFO - DAG(s) dict_keys(['04_api_to_postgres']) retrieved from /opt/airflow/dags/04_example.py
[2025-10-08T19:23:48.978+0000] {logging_mixin.py:149} INFO - [2025-10-08T19:23:48.978+0000] {dag.py:2726} INFO - Sync 1 DAGs
[2025-10-08T19:23:49.045+0000] {logging_mixin.py:149} INFO - [2025-10-08T19:23:49.044+0000] {dag.py:3490} INFO - Setting next_dagrun for 04_api_to_postgres to None, run_after=None
[2025-10-08T19:23:49.091+0000] {processor.py:179} INFO - Processing /opt/airflow/dags/04_example.py took 0.254 seconds
[2025-10-08T19:24:19.294+0000] {processor.py:157} INFO - Started process (PID=16969) to work on /opt/airflow/dags/04_example.py
[2025-10-08T19:24:19.298+0000] {processor.py:826} INFO - Processing file /opt/airflow/dags/04_example.py for tasks to queue
[2025-10-08T19:24:19.303+0000] {logging_mixin.py:149} INFO - [2025-10-08T19:24:19.302+0000] {dagbag.py:541} INFO - Filling up the DagBag from /opt/airflow/dags/04_example.py
[2025-10-08T19:24:19.357+0000] {processor.py:836} INFO - DAG(s) dict_keys(['04_api_to_postgres']) retrieved from /opt/airflow/dags/04_example.py
[2025-10-08T19:24:19.425+0000] {logging_mixin.py:149} INFO - [2025-10-08T19:24:19.424+0000] {dag.py:2726} INFO - Sync 1 DAGs
[2025-10-08T19:24:19.516+0000] {logging_mixin.py:149} INFO - [2025-10-08T19:24:19.515+0000] {dag.py:3490} INFO - Setting next_dagrun for 04_api_to_postgres to None, run_after=None
[2025-10-08T19:24:19.568+0000] {processor.py:179} INFO - Processing /opt/airflow/dags/04_example.py took 0.287 seconds
[2025-10-08T19:24:49.930+0000] {processor.py:157} INFO - Started process (PID=17034) to work on /opt/airflow/dags/04_example.py
[2025-10-08T19:24:49.935+0000] {processor.py:826} INFO - Processing file /opt/airflow/dags/04_example.py for tasks to queue
[2025-10-08T19:24:49.939+0000] {logging_mixin.py:149} INFO - [2025-10-08T19:24:49.938+0000] {dagbag.py:541} INFO - Filling up the DagBag from /opt/airflow/dags/04_example.py
[2025-10-08T19:24:49.993+0000] {processor.py:836} INFO - DAG(s) dict_keys(['04_api_to_postgres']) retrieved from /opt/airflow/dags/04_example.py
[2025-10-08T19:24:50.085+0000] {logging_mixin.py:149} INFO - [2025-10-08T19:24:50.085+0000] {dag.py:2726} INFO - Sync 1 DAGs
[2025-10-08T19:24:50.198+0000] {logging_mixin.py:149} INFO - [2025-10-08T19:24:50.197+0000] {dag.py:3490} INFO - Setting next_dagrun for 04_api_to_postgres to None, run_after=None
[2025-10-08T19:24:50.264+0000] {processor.py:179} INFO - Processing /opt/airflow/dags/04_example.py took 0.347 seconds
[2025-10-08T19:25:20.631+0000] {processor.py:157} INFO - Started process (PID=17100) to work on /opt/airflow/dags/04_example.py
[2025-10-08T19:25:20.634+0000] {processor.py:826} INFO - Processing file /opt/airflow/dags/04_example.py for tasks to queue
[2025-10-08T19:25:20.638+0000] {logging_mixin.py:149} INFO - [2025-10-08T19:25:20.637+0000] {dagbag.py:541} INFO - Filling up the DagBag from /opt/airflow/dags/04_example.py
[2025-10-08T19:25:20.695+0000] {processor.py:836} INFO - DAG(s) dict_keys(['04_api_to_postgres']) retrieved from /opt/airflow/dags/04_example.py
[2025-10-08T19:25:20.751+0000] {logging_mixin.py:149} INFO - [2025-10-08T19:25:20.751+0000] {dag.py:2726} INFO - Sync 1 DAGs
[2025-10-08T19:25:20.850+0000] {logging_mixin.py:149} INFO - [2025-10-08T19:25:20.849+0000] {dag.py:3490} INFO - Setting next_dagrun for 04_api_to_postgres to None, run_after=None
[2025-10-08T19:25:20.920+0000] {processor.py:179} INFO - Processing /opt/airflow/dags/04_example.py took 0.301 seconds
[2025-10-08T19:25:51.219+0000] {processor.py:157} INFO - Started process (PID=17166) to work on /opt/airflow/dags/04_example.py
[2025-10-08T19:25:51.222+0000] {processor.py:826} INFO - Processing file /opt/airflow/dags/04_example.py for tasks to queue
[2025-10-08T19:25:51.224+0000] {logging_mixin.py:149} INFO - [2025-10-08T19:25:51.224+0000] {dagbag.py:541} INFO - Filling up the DagBag from /opt/airflow/dags/04_example.py
[2025-10-08T19:25:51.261+0000] {processor.py:836} INFO - DAG(s) dict_keys(['04_api_to_postgres']) retrieved from /opt/airflow/dags/04_example.py
[2025-10-08T19:25:51.315+0000] {logging_mixin.py:149} INFO - [2025-10-08T19:25:51.315+0000] {dag.py:2726} INFO - Sync 1 DAGs
[2025-10-08T19:25:51.392+0000] {logging_mixin.py:149} INFO - [2025-10-08T19:25:51.392+0000] {dag.py:3490} INFO - Setting next_dagrun for 04_api_to_postgres to None, run_after=None
[2025-10-08T19:25:51.446+0000] {processor.py:179} INFO - Processing /opt/airflow/dags/04_example.py took 0.237 seconds
[2025-10-08T19:26:06.058+0000] {processor.py:157} INFO - Started process (PID=17209) to work on /opt/airflow/dags/04_example.py
[2025-10-08T19:26:06.061+0000] {processor.py:826} INFO - Processing file /opt/airflow/dags/04_example.py for tasks to queue
[2025-10-08T19:26:06.062+0000] {logging_mixin.py:149} INFO - [2025-10-08T19:26:06.062+0000] {dagbag.py:541} INFO - Filling up the DagBag from /opt/airflow/dags/04_example.py
[2025-10-08T19:26:06.121+0000] {processor.py:836} INFO - DAG(s) dict_keys(['04_api_to_postgres']) retrieved from /opt/airflow/dags/04_example.py
[2025-10-08T19:26:06.385+0000] {logging_mixin.py:149} INFO - [2025-10-08T19:26:06.384+0000] {dag.py:2726} INFO - Sync 1 DAGs
[2025-10-08T19:26:06.431+0000] {logging_mixin.py:149} INFO - [2025-10-08T19:26:06.430+0000] {dag.py:3490} INFO - Setting next_dagrun for 04_api_to_postgres to None, run_after=None
[2025-10-08T19:26:06.494+0000] {processor.py:179} INFO - Processing /opt/airflow/dags/04_example.py took 0.445 seconds
[2025-10-08T19:26:36.774+0000] {processor.py:157} INFO - Started process (PID=17274) to work on /opt/airflow/dags/04_example.py
[2025-10-08T19:26:36.777+0000] {processor.py:826} INFO - Processing file /opt/airflow/dags/04_example.py for tasks to queue
[2025-10-08T19:26:36.780+0000] {logging_mixin.py:149} INFO - [2025-10-08T19:26:36.779+0000] {dagbag.py:541} INFO - Filling up the DagBag from /opt/airflow/dags/04_example.py
[2025-10-08T19:26:36.815+0000] {processor.py:836} INFO - DAG(s) dict_keys(['04_api_to_postgres']) retrieved from /opt/airflow/dags/04_example.py
[2025-10-08T19:26:36.875+0000] {logging_mixin.py:149} INFO - [2025-10-08T19:26:36.875+0000] {dag.py:2726} INFO - Sync 1 DAGs
[2025-10-08T19:26:36.933+0000] {logging_mixin.py:149} INFO - [2025-10-08T19:26:36.932+0000] {dag.py:3490} INFO - Setting next_dagrun for 04_api_to_postgres to None, run_after=None
[2025-10-08T19:26:36.983+0000] {processor.py:179} INFO - Processing /opt/airflow/dags/04_example.py took 0.221 seconds
[2025-10-08T19:27:07.135+0000] {processor.py:157} INFO - Started process (PID=17337) to work on /opt/airflow/dags/04_example.py
[2025-10-08T19:27:07.138+0000] {processor.py:826} INFO - Processing file /opt/airflow/dags/04_example.py for tasks to queue
[2025-10-08T19:27:07.141+0000] {logging_mixin.py:149} INFO - [2025-10-08T19:27:07.140+0000] {dagbag.py:541} INFO - Filling up the DagBag from /opt/airflow/dags/04_example.py
[2025-10-08T19:27:07.178+0000] {processor.py:836} INFO - DAG(s) dict_keys(['04_api_to_postgres']) retrieved from /opt/airflow/dags/04_example.py
[2025-10-08T19:27:07.235+0000] {logging_mixin.py:149} INFO - [2025-10-08T19:27:07.234+0000] {dag.py:2726} INFO - Sync 1 DAGs
[2025-10-08T19:27:07.305+0000] {logging_mixin.py:149} INFO - [2025-10-08T19:27:07.304+0000] {dag.py:3490} INFO - Setting next_dagrun for 04_api_to_postgres to None, run_after=None
[2025-10-08T19:27:07.356+0000] {processor.py:179} INFO - Processing /opt/airflow/dags/04_example.py took 0.232 seconds
[2025-10-08T19:27:37.758+0000] {processor.py:157} INFO - Started process (PID=17393) to work on /opt/airflow/dags/04_example.py
[2025-10-08T19:27:37.760+0000] {processor.py:826} INFO - Processing file /opt/airflow/dags/04_example.py for tasks to queue
[2025-10-08T19:27:37.762+0000] {logging_mixin.py:149} INFO - [2025-10-08T19:27:37.762+0000] {dagbag.py:541} INFO - Filling up the DagBag from /opt/airflow/dags/04_example.py
[2025-10-08T19:27:37.803+0000] {processor.py:836} INFO - DAG(s) dict_keys(['04_api_to_postgres']) retrieved from /opt/airflow/dags/04_example.py
[2025-10-08T19:27:37.859+0000] {logging_mixin.py:149} INFO - [2025-10-08T19:27:37.859+0000] {dag.py:2726} INFO - Sync 1 DAGs
[2025-10-08T19:27:37.918+0000] {logging_mixin.py:149} INFO - [2025-10-08T19:27:37.918+0000] {dag.py:3490} INFO - Setting next_dagrun for 04_api_to_postgres to None, run_after=None
[2025-10-08T19:27:37.969+0000] {processor.py:179} INFO - Processing /opt/airflow/dags/04_example.py took 0.217 seconds
[2025-10-08T19:28:08.128+0000] {processor.py:157} INFO - Started process (PID=17458) to work on /opt/airflow/dags/04_example.py
[2025-10-08T19:28:08.131+0000] {processor.py:826} INFO - Processing file /opt/airflow/dags/04_example.py for tasks to queue
[2025-10-08T19:28:08.133+0000] {logging_mixin.py:149} INFO - [2025-10-08T19:28:08.133+0000] {dagbag.py:541} INFO - Filling up the DagBag from /opt/airflow/dags/04_example.py
[2025-10-08T19:28:08.166+0000] {processor.py:836} INFO - DAG(s) dict_keys(['04_api_to_postgres']) retrieved from /opt/airflow/dags/04_example.py
[2025-10-08T19:28:08.226+0000] {logging_mixin.py:149} INFO - [2025-10-08T19:28:08.226+0000] {dag.py:2726} INFO - Sync 1 DAGs
[2025-10-08T19:28:08.290+0000] {logging_mixin.py:149} INFO - [2025-10-08T19:28:08.290+0000] {dag.py:3490} INFO - Setting next_dagrun for 04_api_to_postgres to None, run_after=None
[2025-10-08T19:28:08.340+0000] {processor.py:179} INFO - Processing /opt/airflow/dags/04_example.py took 0.218 seconds
[2025-10-08T19:28:38.506+0000] {processor.py:157} INFO - Started process (PID=17522) to work on /opt/airflow/dags/04_example.py
[2025-10-08T19:28:38.508+0000] {processor.py:826} INFO - Processing file /opt/airflow/dags/04_example.py for tasks to queue
[2025-10-08T19:28:38.510+0000] {logging_mixin.py:149} INFO - [2025-10-08T19:28:38.510+0000] {dagbag.py:541} INFO - Filling up the DagBag from /opt/airflow/dags/04_example.py
[2025-10-08T19:28:38.542+0000] {processor.py:836} INFO - DAG(s) dict_keys(['04_api_to_postgres']) retrieved from /opt/airflow/dags/04_example.py
[2025-10-08T19:28:38.591+0000] {logging_mixin.py:149} INFO - [2025-10-08T19:28:38.591+0000] {dag.py:2726} INFO - Sync 1 DAGs
[2025-10-08T19:28:38.641+0000] {logging_mixin.py:149} INFO - [2025-10-08T19:28:38.641+0000] {dag.py:3490} INFO - Setting next_dagrun for 04_api_to_postgres to None, run_after=None
[2025-10-08T19:28:38.692+0000] {processor.py:179} INFO - Processing /opt/airflow/dags/04_example.py took 0.194 seconds
[2025-10-08T19:29:08.919+0000] {processor.py:157} INFO - Started process (PID=17584) to work on /opt/airflow/dags/04_example.py
[2025-10-08T19:29:08.924+0000] {processor.py:826} INFO - Processing file /opt/airflow/dags/04_example.py for tasks to queue
[2025-10-08T19:29:08.927+0000] {logging_mixin.py:149} INFO - [2025-10-08T19:29:08.926+0000] {dagbag.py:541} INFO - Filling up the DagBag from /opt/airflow/dags/04_example.py
[2025-10-08T19:29:08.974+0000] {processor.py:836} INFO - DAG(s) dict_keys(['04_api_to_postgres']) retrieved from /opt/airflow/dags/04_example.py
[2025-10-08T19:29:09.053+0000] {logging_mixin.py:149} INFO - [2025-10-08T19:29:09.052+0000] {dag.py:2726} INFO - Sync 1 DAGs
[2025-10-08T19:29:09.125+0000] {logging_mixin.py:149} INFO - [2025-10-08T19:29:09.125+0000] {dag.py:3490} INFO - Setting next_dagrun for 04_api_to_postgres to None, run_after=None
[2025-10-08T19:29:09.200+0000] {processor.py:179} INFO - Processing /opt/airflow/dags/04_example.py took 0.296 seconds
[2025-10-08T19:29:39.462+0000] {processor.py:157} INFO - Started process (PID=17649) to work on /opt/airflow/dags/04_example.py
[2025-10-08T19:29:39.466+0000] {processor.py:826} INFO - Processing file /opt/airflow/dags/04_example.py for tasks to queue
[2025-10-08T19:29:39.469+0000] {logging_mixin.py:149} INFO - [2025-10-08T19:29:39.468+0000] {dagbag.py:541} INFO - Filling up the DagBag from /opt/airflow/dags/04_example.py
[2025-10-08T19:29:39.513+0000] {processor.py:836} INFO - DAG(s) dict_keys(['04_api_to_postgres']) retrieved from /opt/airflow/dags/04_example.py
[2025-10-08T19:29:39.579+0000] {logging_mixin.py:149} INFO - [2025-10-08T19:29:39.579+0000] {dag.py:2726} INFO - Sync 1 DAGs
[2025-10-08T19:29:39.647+0000] {logging_mixin.py:149} INFO - [2025-10-08T19:29:39.647+0000] {dag.py:3490} INFO - Setting next_dagrun for 04_api_to_postgres to None, run_after=None
[2025-10-08T19:29:39.695+0000] {processor.py:179} INFO - Processing /opt/airflow/dags/04_example.py took 0.244 seconds
[2025-10-08T19:30:10.245+0000] {processor.py:157} INFO - Started process (PID=17715) to work on /opt/airflow/dags/04_example.py
[2025-10-08T19:30:10.248+0000] {processor.py:826} INFO - Processing file /opt/airflow/dags/04_example.py for tasks to queue
[2025-10-08T19:30:10.250+0000] {logging_mixin.py:149} INFO - [2025-10-08T19:30:10.250+0000] {dagbag.py:541} INFO - Filling up the DagBag from /opt/airflow/dags/04_example.py
[2025-10-08T19:30:10.320+0000] {processor.py:836} INFO - DAG(s) dict_keys(['04_api_to_postgres']) retrieved from /opt/airflow/dags/04_example.py
[2025-10-08T19:30:10.436+0000] {logging_mixin.py:149} INFO - [2025-10-08T19:30:10.436+0000] {dag.py:2726} INFO - Sync 1 DAGs
[2025-10-08T19:30:10.591+0000] {logging_mixin.py:149} INFO - [2025-10-08T19:30:10.590+0000] {dag.py:3490} INFO - Setting next_dagrun for 04_api_to_postgres to None, run_after=None
[2025-10-08T19:30:10.740+0000] {processor.py:179} INFO - Processing /opt/airflow/dags/04_example.py took 0.503 seconds
[2025-10-08T19:30:41.397+0000] {processor.py:157} INFO - Started process (PID=17780) to work on /opt/airflow/dags/04_example.py
[2025-10-08T19:30:41.400+0000] {processor.py:826} INFO - Processing file /opt/airflow/dags/04_example.py for tasks to queue
[2025-10-08T19:30:41.402+0000] {logging_mixin.py:149} INFO - [2025-10-08T19:30:41.401+0000] {dagbag.py:541} INFO - Filling up the DagBag from /opt/airflow/dags/04_example.py
[2025-10-08T19:30:41.431+0000] {processor.py:836} INFO - DAG(s) dict_keys(['04_api_to_postgres']) retrieved from /opt/airflow/dags/04_example.py
[2025-10-08T19:30:41.478+0000] {logging_mixin.py:149} INFO - [2025-10-08T19:30:41.478+0000] {dag.py:2726} INFO - Sync 1 DAGs
[2025-10-08T19:30:41.526+0000] {logging_mixin.py:149} INFO - [2025-10-08T19:30:41.525+0000] {dag.py:3490} INFO - Setting next_dagrun for 04_api_to_postgres to None, run_after=None
[2025-10-08T19:30:41.568+0000] {processor.py:179} INFO - Processing /opt/airflow/dags/04_example.py took 0.181 seconds
[2025-10-08T19:31:12.109+0000] {processor.py:157} INFO - Started process (PID=17846) to work on /opt/airflow/dags/04_example.py
[2025-10-08T19:31:12.111+0000] {processor.py:826} INFO - Processing file /opt/airflow/dags/04_example.py for tasks to queue
[2025-10-08T19:31:12.112+0000] {logging_mixin.py:149} INFO - [2025-10-08T19:31:12.112+0000] {dagbag.py:541} INFO - Filling up the DagBag from /opt/airflow/dags/04_example.py
[2025-10-08T19:31:12.144+0000] {processor.py:836} INFO - DAG(s) dict_keys(['04_api_to_postgres']) retrieved from /opt/airflow/dags/04_example.py
[2025-10-08T19:31:12.192+0000] {logging_mixin.py:149} INFO - [2025-10-08T19:31:12.191+0000] {dag.py:2726} INFO - Sync 1 DAGs
[2025-10-08T19:31:12.240+0000] {logging_mixin.py:149} INFO - [2025-10-08T19:31:12.240+0000] {dag.py:3490} INFO - Setting next_dagrun for 04_api_to_postgres to None, run_after=None
[2025-10-08T19:31:12.284+0000] {processor.py:179} INFO - Processing /opt/airflow/dags/04_example.py took 0.182 seconds
[2025-10-08T19:31:43.143+0000] {processor.py:157} INFO - Started process (PID=17911) to work on /opt/airflow/dags/04_example.py
[2025-10-08T19:31:43.147+0000] {processor.py:826} INFO - Processing file /opt/airflow/dags/04_example.py for tasks to queue
[2025-10-08T19:31:43.150+0000] {logging_mixin.py:149} INFO - [2025-10-08T19:31:43.149+0000] {dagbag.py:541} INFO - Filling up the DagBag from /opt/airflow/dags/04_example.py
[2025-10-08T19:31:43.194+0000] {processor.py:836} INFO - DAG(s) dict_keys(['04_api_to_postgres']) retrieved from /opt/airflow/dags/04_example.py
[2025-10-08T19:31:43.258+0000] {logging_mixin.py:149} INFO - [2025-10-08T19:31:43.257+0000] {dag.py:2726} INFO - Sync 1 DAGs
[2025-10-08T19:31:43.322+0000] {logging_mixin.py:149} INFO - [2025-10-08T19:31:43.321+0000] {dag.py:3490} INFO - Setting next_dagrun for 04_api_to_postgres to None, run_after=None
[2025-10-08T19:31:43.380+0000] {processor.py:179} INFO - Processing /opt/airflow/dags/04_example.py took 0.250 seconds
[2025-10-08T19:32:13.916+0000] {processor.py:157} INFO - Started process (PID=17976) to work on /opt/airflow/dags/04_example.py
[2025-10-08T19:32:13.919+0000] {processor.py:826} INFO - Processing file /opt/airflow/dags/04_example.py for tasks to queue
[2025-10-08T19:32:13.922+0000] {logging_mixin.py:149} INFO - [2025-10-08T19:32:13.921+0000] {dagbag.py:541} INFO - Filling up the DagBag from /opt/airflow/dags/04_example.py
[2025-10-08T19:32:13.963+0000] {processor.py:836} INFO - DAG(s) dict_keys(['04_api_to_postgres']) retrieved from /opt/airflow/dags/04_example.py
[2025-10-08T19:32:14.011+0000] {logging_mixin.py:149} INFO - [2025-10-08T19:32:14.010+0000] {dag.py:2726} INFO - Sync 1 DAGs
[2025-10-08T19:32:14.068+0000] {logging_mixin.py:149} INFO - [2025-10-08T19:32:14.068+0000] {dag.py:3490} INFO - Setting next_dagrun for 04_api_to_postgres to None, run_after=None
[2025-10-08T19:32:14.113+0000] {processor.py:179} INFO - Processing /opt/airflow/dags/04_example.py took 0.207 seconds
[2025-10-08T19:32:44.349+0000] {processor.py:157} INFO - Started process (PID=18041) to work on /opt/airflow/dags/04_example.py
[2025-10-08T19:32:44.351+0000] {processor.py:826} INFO - Processing file /opt/airflow/dags/04_example.py for tasks to queue
[2025-10-08T19:32:44.353+0000] {logging_mixin.py:149} INFO - [2025-10-08T19:32:44.353+0000] {dagbag.py:541} INFO - Filling up the DagBag from /opt/airflow/dags/04_example.py
[2025-10-08T19:32:44.387+0000] {processor.py:836} INFO - DAG(s) dict_keys(['04_api_to_postgres']) retrieved from /opt/airflow/dags/04_example.py
[2025-10-08T19:32:44.450+0000] {logging_mixin.py:149} INFO - [2025-10-08T19:32:44.450+0000] {dag.py:2726} INFO - Sync 1 DAGs
[2025-10-08T19:32:44.505+0000] {logging_mixin.py:149} INFO - [2025-10-08T19:32:44.505+0000] {dag.py:3490} INFO - Setting next_dagrun for 04_api_to_postgres to None, run_after=None
[2025-10-08T19:32:44.555+0000] {processor.py:179} INFO - Processing /opt/airflow/dags/04_example.py took 0.217 seconds
[2025-10-08T19:33:14.903+0000] {processor.py:157} INFO - Started process (PID=18107) to work on /opt/airflow/dags/04_example.py
[2025-10-08T19:33:14.907+0000] {processor.py:826} INFO - Processing file /opt/airflow/dags/04_example.py for tasks to queue
[2025-10-08T19:33:14.911+0000] {logging_mixin.py:149} INFO - [2025-10-08T19:33:14.910+0000] {dagbag.py:541} INFO - Filling up the DagBag from /opt/airflow/dags/04_example.py
[2025-10-08T19:33:14.969+0000] {processor.py:836} INFO - DAG(s) dict_keys(['04_api_to_postgres']) retrieved from /opt/airflow/dags/04_example.py
[2025-10-08T19:33:15.062+0000] {logging_mixin.py:149} INFO - [2025-10-08T19:33:15.062+0000] {dag.py:2726} INFO - Sync 1 DAGs
[2025-10-08T19:33:15.129+0000] {logging_mixin.py:149} INFO - [2025-10-08T19:33:15.128+0000] {dag.py:3490} INFO - Setting next_dagrun for 04_api_to_postgres to None, run_after=None
[2025-10-08T19:33:15.185+0000] {processor.py:179} INFO - Processing /opt/airflow/dags/04_example.py took 0.295 seconds
[2025-10-08T19:33:45.527+0000] {processor.py:157} INFO - Started process (PID=18173) to work on /opt/airflow/dags/04_example.py
[2025-10-08T19:33:45.529+0000] {processor.py:826} INFO - Processing file /opt/airflow/dags/04_example.py for tasks to queue
[2025-10-08T19:33:45.532+0000] {logging_mixin.py:149} INFO - [2025-10-08T19:33:45.531+0000] {dagbag.py:541} INFO - Filling up the DagBag from /opt/airflow/dags/04_example.py
[2025-10-08T19:33:45.565+0000] {processor.py:836} INFO - DAG(s) dict_keys(['04_api_to_postgres']) retrieved from /opt/airflow/dags/04_example.py
[2025-10-08T19:33:45.616+0000] {logging_mixin.py:149} INFO - [2025-10-08T19:33:45.615+0000] {dag.py:2726} INFO - Sync 1 DAGs
[2025-10-08T19:33:45.662+0000] {logging_mixin.py:149} INFO - [2025-10-08T19:33:45.661+0000] {dag.py:3490} INFO - Setting next_dagrun for 04_api_to_postgres to None, run_after=None
[2025-10-08T19:33:45.703+0000] {processor.py:179} INFO - Processing /opt/airflow/dags/04_example.py took 0.184 seconds
[2025-10-08T19:34:15.956+0000] {processor.py:157} INFO - Started process (PID=18238) to work on /opt/airflow/dags/04_example.py
[2025-10-08T19:34:15.958+0000] {processor.py:826} INFO - Processing file /opt/airflow/dags/04_example.py for tasks to queue
[2025-10-08T19:34:15.960+0000] {logging_mixin.py:149} INFO - [2025-10-08T19:34:15.960+0000] {dagbag.py:541} INFO - Filling up the DagBag from /opt/airflow/dags/04_example.py
[2025-10-08T19:34:15.999+0000] {processor.py:836} INFO - DAG(s) dict_keys(['04_api_to_postgres']) retrieved from /opt/airflow/dags/04_example.py
[2025-10-08T19:34:16.057+0000] {logging_mixin.py:149} INFO - [2025-10-08T19:34:16.056+0000] {dag.py:2726} INFO - Sync 1 DAGs
[2025-10-08T19:34:16.125+0000] {logging_mixin.py:149} INFO - [2025-10-08T19:34:16.125+0000] {dag.py:3490} INFO - Setting next_dagrun for 04_api_to_postgres to None, run_after=None
[2025-10-08T19:34:16.168+0000] {processor.py:179} INFO - Processing /opt/airflow/dags/04_example.py took 0.220 seconds
[2025-10-08T19:34:46.637+0000] {processor.py:157} INFO - Started process (PID=18303) to work on /opt/airflow/dags/04_example.py
[2025-10-08T19:34:46.640+0000] {processor.py:826} INFO - Processing file /opt/airflow/dags/04_example.py for tasks to queue
[2025-10-08T19:34:46.643+0000] {logging_mixin.py:149} INFO - [2025-10-08T19:34:46.642+0000] {dagbag.py:541} INFO - Filling up the DagBag from /opt/airflow/dags/04_example.py
[2025-10-08T19:34:46.686+0000] {processor.py:836} INFO - DAG(s) dict_keys(['04_api_to_postgres']) retrieved from /opt/airflow/dags/04_example.py
[2025-10-08T19:34:46.751+0000] {logging_mixin.py:149} INFO - [2025-10-08T19:34:46.751+0000] {dag.py:2726} INFO - Sync 1 DAGs
[2025-10-08T19:34:46.815+0000] {logging_mixin.py:149} INFO - [2025-10-08T19:34:46.814+0000] {dag.py:3490} INFO - Setting next_dagrun for 04_api_to_postgres to None, run_after=None
[2025-10-08T19:34:46.873+0000] {processor.py:179} INFO - Processing /opt/airflow/dags/04_example.py took 0.253 seconds
[2025-10-08T19:35:17.718+0000] {processor.py:157} INFO - Started process (PID=18368) to work on /opt/airflow/dags/04_example.py
[2025-10-08T19:35:17.720+0000] {processor.py:826} INFO - Processing file /opt/airflow/dags/04_example.py for tasks to queue
[2025-10-08T19:35:17.722+0000] {logging_mixin.py:149} INFO - [2025-10-08T19:35:17.722+0000] {dagbag.py:541} INFO - Filling up the DagBag from /opt/airflow/dags/04_example.py
[2025-10-08T19:35:17.751+0000] {processor.py:836} INFO - DAG(s) dict_keys(['04_api_to_postgres']) retrieved from /opt/airflow/dags/04_example.py
[2025-10-08T19:35:17.794+0000] {logging_mixin.py:149} INFO - [2025-10-08T19:35:17.793+0000] {dag.py:2726} INFO - Sync 1 DAGs
[2025-10-08T19:35:17.835+0000] {logging_mixin.py:149} INFO - [2025-10-08T19:35:17.835+0000] {dag.py:3490} INFO - Setting next_dagrun for 04_api_to_postgres to None, run_after=None
[2025-10-08T19:35:17.882+0000] {processor.py:179} INFO - Processing /opt/airflow/dags/04_example.py took 0.172 seconds
[2025-10-08T19:35:48.153+0000] {processor.py:157} INFO - Started process (PID=18434) to work on /opt/airflow/dags/04_example.py
[2025-10-08T19:35:48.155+0000] {processor.py:826} INFO - Processing file /opt/airflow/dags/04_example.py for tasks to queue
[2025-10-08T19:35:48.157+0000] {logging_mixin.py:149} INFO - [2025-10-08T19:35:48.157+0000] {dagbag.py:541} INFO - Filling up the DagBag from /opt/airflow/dags/04_example.py
[2025-10-08T19:35:48.186+0000] {processor.py:836} INFO - DAG(s) dict_keys(['04_api_to_postgres']) retrieved from /opt/airflow/dags/04_example.py
[2025-10-08T19:35:48.235+0000] {logging_mixin.py:149} INFO - [2025-10-08T19:35:48.234+0000] {dag.py:2726} INFO - Sync 1 DAGs
[2025-10-08T19:35:48.301+0000] {logging_mixin.py:149} INFO - [2025-10-08T19:35:48.301+0000] {dag.py:3490} INFO - Setting next_dagrun for 04_api_to_postgres to None, run_after=None
[2025-10-08T19:35:48.351+0000] {processor.py:179} INFO - Processing /opt/airflow/dags/04_example.py took 0.204 seconds
[2025-10-08T19:36:18.652+0000] {processor.py:157} INFO - Started process (PID=18499) to work on /opt/airflow/dags/04_example.py
[2025-10-08T19:36:18.656+0000] {processor.py:826} INFO - Processing file /opt/airflow/dags/04_example.py for tasks to queue
[2025-10-08T19:36:18.658+0000] {logging_mixin.py:149} INFO - [2025-10-08T19:36:18.658+0000] {dagbag.py:541} INFO - Filling up the DagBag from /opt/airflow/dags/04_example.py
[2025-10-08T19:36:18.708+0000] {processor.py:836} INFO - DAG(s) dict_keys(['04_api_to_postgres']) retrieved from /opt/airflow/dags/04_example.py
[2025-10-08T19:36:18.785+0000] {logging_mixin.py:149} INFO - [2025-10-08T19:36:18.784+0000] {dag.py:2726} INFO - Sync 1 DAGs
[2025-10-08T19:36:18.894+0000] {logging_mixin.py:149} INFO - [2025-10-08T19:36:18.894+0000] {dag.py:3490} INFO - Setting next_dagrun for 04_api_to_postgres to None, run_after=None
[2025-10-08T19:36:18.958+0000] {processor.py:179} INFO - Processing /opt/airflow/dags/04_example.py took 0.314 seconds
[2025-10-08T19:36:49.494+0000] {processor.py:157} INFO - Started process (PID=18564) to work on /opt/airflow/dags/04_example.py
[2025-10-08T19:36:49.498+0000] {processor.py:826} INFO - Processing file /opt/airflow/dags/04_example.py for tasks to queue
[2025-10-08T19:36:49.500+0000] {logging_mixin.py:149} INFO - [2025-10-08T19:36:49.500+0000] {dagbag.py:541} INFO - Filling up the DagBag from /opt/airflow/dags/04_example.py
[2025-10-08T19:36:49.556+0000] {processor.py:836} INFO - DAG(s) dict_keys(['04_api_to_postgres']) retrieved from /opt/airflow/dags/04_example.py
[2025-10-08T19:36:49.622+0000] {logging_mixin.py:149} INFO - [2025-10-08T19:36:49.622+0000] {dag.py:2726} INFO - Sync 1 DAGs
[2025-10-08T19:36:49.682+0000] {logging_mixin.py:149} INFO - [2025-10-08T19:36:49.681+0000] {dag.py:3490} INFO - Setting next_dagrun for 04_api_to_postgres to None, run_after=None
[2025-10-08T19:36:49.740+0000] {processor.py:179} INFO - Processing /opt/airflow/dags/04_example.py took 0.259 seconds
[2025-10-08T19:37:19.984+0000] {processor.py:157} INFO - Started process (PID=18630) to work on /opt/airflow/dags/04_example.py
[2025-10-08T19:37:19.987+0000] {processor.py:826} INFO - Processing file /opt/airflow/dags/04_example.py for tasks to queue
[2025-10-08T19:37:19.989+0000] {logging_mixin.py:149} INFO - [2025-10-08T19:37:19.988+0000] {dagbag.py:541} INFO - Filling up the DagBag from /opt/airflow/dags/04_example.py
[2025-10-08T19:37:20.032+0000] {processor.py:836} INFO - DAG(s) dict_keys(['04_api_to_postgres']) retrieved from /opt/airflow/dags/04_example.py
[2025-10-08T19:37:20.095+0000] {logging_mixin.py:149} INFO - [2025-10-08T19:37:20.095+0000] {dag.py:2726} INFO - Sync 1 DAGs
[2025-10-08T19:37:20.176+0000] {logging_mixin.py:149} INFO - [2025-10-08T19:37:20.175+0000] {dag.py:3490} INFO - Setting next_dagrun for 04_api_to_postgres to None, run_after=None
[2025-10-08T19:37:20.237+0000] {processor.py:179} INFO - Processing /opt/airflow/dags/04_example.py took 0.259 seconds
[2025-10-08T19:37:50.708+0000] {processor.py:157} INFO - Started process (PID=18696) to work on /opt/airflow/dags/04_example.py
[2025-10-08T19:37:50.710+0000] {processor.py:826} INFO - Processing file /opt/airflow/dags/04_example.py for tasks to queue
[2025-10-08T19:37:50.711+0000] {logging_mixin.py:149} INFO - [2025-10-08T19:37:50.711+0000] {dagbag.py:541} INFO - Filling up the DagBag from /opt/airflow/dags/04_example.py
[2025-10-08T19:37:50.748+0000] {processor.py:836} INFO - DAG(s) dict_keys(['04_api_to_postgres']) retrieved from /opt/airflow/dags/04_example.py
[2025-10-08T19:37:50.813+0000] {logging_mixin.py:149} INFO - [2025-10-08T19:37:50.812+0000] {dag.py:2726} INFO - Sync 1 DAGs
[2025-10-08T19:37:50.871+0000] {logging_mixin.py:149} INFO - [2025-10-08T19:37:50.871+0000] {dag.py:3490} INFO - Setting next_dagrun for 04_api_to_postgres to None, run_after=None
[2025-10-08T19:37:50.916+0000] {processor.py:179} INFO - Processing /opt/airflow/dags/04_example.py took 0.216 seconds
[2025-10-08T19:38:21.157+0000] {processor.py:157} INFO - Started process (PID=18761) to work on /opt/airflow/dags/04_example.py
[2025-10-08T19:38:21.159+0000] {processor.py:826} INFO - Processing file /opt/airflow/dags/04_example.py for tasks to queue
[2025-10-08T19:38:21.161+0000] {logging_mixin.py:149} INFO - [2025-10-08T19:38:21.160+0000] {dagbag.py:541} INFO - Filling up the DagBag from /opt/airflow/dags/04_example.py
[2025-10-08T19:38:21.190+0000] {processor.py:836} INFO - DAG(s) dict_keys(['04_api_to_postgres']) retrieved from /opt/airflow/dags/04_example.py
[2025-10-08T19:38:21.234+0000] {logging_mixin.py:149} INFO - [2025-10-08T19:38:21.234+0000] {dag.py:2726} INFO - Sync 1 DAGs
[2025-10-08T19:38:21.283+0000] {logging_mixin.py:149} INFO - [2025-10-08T19:38:21.282+0000] {dag.py:3490} INFO - Setting next_dagrun for 04_api_to_postgres to None, run_after=None
[2025-10-08T19:38:21.332+0000] {processor.py:179} INFO - Processing /opt/airflow/dags/04_example.py took 0.181 seconds
[2025-10-08T19:38:51.531+0000] {processor.py:157} INFO - Started process (PID=18826) to work on /opt/airflow/dags/04_example.py
[2025-10-08T19:38:51.533+0000] {processor.py:826} INFO - Processing file /opt/airflow/dags/04_example.py for tasks to queue
[2025-10-08T19:38:51.535+0000] {logging_mixin.py:149} INFO - [2025-10-08T19:38:51.535+0000] {dagbag.py:541} INFO - Filling up the DagBag from /opt/airflow/dags/04_example.py
[2025-10-08T19:38:51.569+0000] {processor.py:836} INFO - DAG(s) dict_keys(['04_api_to_postgres']) retrieved from /opt/airflow/dags/04_example.py
[2025-10-08T19:38:51.618+0000] {logging_mixin.py:149} INFO - [2025-10-08T19:38:51.618+0000] {dag.py:2726} INFO - Sync 1 DAGs
[2025-10-08T19:38:51.668+0000] {logging_mixin.py:149} INFO - [2025-10-08T19:38:51.668+0000] {dag.py:3490} INFO - Setting next_dagrun for 04_api_to_postgres to None, run_after=None
[2025-10-08T19:38:51.726+0000] {processor.py:179} INFO - Processing /opt/airflow/dags/04_example.py took 0.202 seconds
[2025-10-08T19:39:22.341+0000] {processor.py:157} INFO - Started process (PID=18891) to work on /opt/airflow/dags/04_example.py
[2025-10-08T19:39:22.343+0000] {processor.py:826} INFO - Processing file /opt/airflow/dags/04_example.py for tasks to queue
[2025-10-08T19:39:22.345+0000] {logging_mixin.py:149} INFO - [2025-10-08T19:39:22.344+0000] {dagbag.py:541} INFO - Filling up the DagBag from /opt/airflow/dags/04_example.py
[2025-10-08T19:39:22.382+0000] {processor.py:836} INFO - DAG(s) dict_keys(['04_api_to_postgres']) retrieved from /opt/airflow/dags/04_example.py
[2025-10-08T19:39:22.428+0000] {logging_mixin.py:149} INFO - [2025-10-08T19:39:22.427+0000] {dag.py:2726} INFO - Sync 1 DAGs
[2025-10-08T19:39:22.472+0000] {logging_mixin.py:149} INFO - [2025-10-08T19:39:22.472+0000] {dag.py:3490} INFO - Setting next_dagrun for 04_api_to_postgres to None, run_after=None
[2025-10-08T19:39:22.515+0000] {processor.py:179} INFO - Processing /opt/airflow/dags/04_example.py took 0.181 seconds
[2025-10-08T19:39:53.291+0000] {processor.py:157} INFO - Started process (PID=18955) to work on /opt/airflow/dags/04_example.py
[2025-10-08T19:39:53.294+0000] {processor.py:826} INFO - Processing file /opt/airflow/dags/04_example.py for tasks to queue
[2025-10-08T19:39:53.296+0000] {logging_mixin.py:149} INFO - [2025-10-08T19:39:53.295+0000] {dagbag.py:541} INFO - Filling up the DagBag from /opt/airflow/dags/04_example.py
[2025-10-08T19:39:53.329+0000] {processor.py:836} INFO - DAG(s) dict_keys(['04_api_to_postgres']) retrieved from /opt/airflow/dags/04_example.py
[2025-10-08T19:39:53.385+0000] {logging_mixin.py:149} INFO - [2025-10-08T19:39:53.385+0000] {dag.py:2726} INFO - Sync 1 DAGs
[2025-10-08T19:39:53.441+0000] {logging_mixin.py:149} INFO - [2025-10-08T19:39:53.440+0000] {dag.py:3490} INFO - Setting next_dagrun for 04_api_to_postgres to None, run_after=None
[2025-10-08T19:39:53.493+0000] {processor.py:179} INFO - Processing /opt/airflow/dags/04_example.py took 0.210 seconds
[2025-10-08T19:40:23.974+0000] {processor.py:157} INFO - Started process (PID=19020) to work on /opt/airflow/dags/04_example.py
[2025-10-08T19:40:23.977+0000] {processor.py:826} INFO - Processing file /opt/airflow/dags/04_example.py for tasks to queue
[2025-10-08T19:40:23.980+0000] {logging_mixin.py:149} INFO - [2025-10-08T19:40:23.979+0000] {dagbag.py:541} INFO - Filling up the DagBag from /opt/airflow/dags/04_example.py
[2025-10-08T19:40:24.026+0000] {processor.py:836} INFO - DAG(s) dict_keys(['04_api_to_postgres']) retrieved from /opt/airflow/dags/04_example.py
[2025-10-08T19:40:24.094+0000] {logging_mixin.py:149} INFO - [2025-10-08T19:40:24.094+0000] {dag.py:2726} INFO - Sync 1 DAGs
[2025-10-08T19:40:24.167+0000] {logging_mixin.py:149} INFO - [2025-10-08T19:40:24.167+0000] {dag.py:3490} INFO - Setting next_dagrun for 04_api_to_postgres to None, run_after=None
[2025-10-08T19:40:24.225+0000] {processor.py:179} INFO - Processing /opt/airflow/dags/04_example.py took 0.265 seconds
[2025-10-08T19:40:54.923+0000] {processor.py:157} INFO - Started process (PID=19085) to work on /opt/airflow/dags/04_example.py
[2025-10-08T19:40:54.927+0000] {processor.py:826} INFO - Processing file /opt/airflow/dags/04_example.py for tasks to queue
[2025-10-08T19:40:54.930+0000] {logging_mixin.py:149} INFO - [2025-10-08T19:40:54.930+0000] {dagbag.py:541} INFO - Filling up the DagBag from /opt/airflow/dags/04_example.py
[2025-10-08T19:40:54.980+0000] {processor.py:836} INFO - DAG(s) dict_keys(['04_api_to_postgres']) retrieved from /opt/airflow/dags/04_example.py
[2025-10-08T19:40:55.050+0000] {logging_mixin.py:149} INFO - [2025-10-08T19:40:55.050+0000] {dag.py:2726} INFO - Sync 1 DAGs
[2025-10-08T19:40:55.114+0000] {logging_mixin.py:149} INFO - [2025-10-08T19:40:55.114+0000] {dag.py:3490} INFO - Setting next_dagrun for 04_api_to_postgres to None, run_after=None
[2025-10-08T19:40:55.159+0000] {processor.py:179} INFO - Processing /opt/airflow/dags/04_example.py took 0.250 seconds
[2025-10-08T19:41:25.447+0000] {processor.py:157} INFO - Started process (PID=19151) to work on /opt/airflow/dags/04_example.py
[2025-10-08T19:41:25.449+0000] {processor.py:826} INFO - Processing file /opt/airflow/dags/04_example.py for tasks to queue
[2025-10-08T19:41:25.451+0000] {logging_mixin.py:149} INFO - [2025-10-08T19:41:25.451+0000] {dagbag.py:541} INFO - Filling up the DagBag from /opt/airflow/dags/04_example.py
[2025-10-08T19:41:25.481+0000] {processor.py:836} INFO - DAG(s) dict_keys(['04_api_to_postgres']) retrieved from /opt/airflow/dags/04_example.py
[2025-10-08T19:41:25.528+0000] {logging_mixin.py:149} INFO - [2025-10-08T19:41:25.528+0000] {dag.py:2726} INFO - Sync 1 DAGs
[2025-10-08T19:41:25.571+0000] {logging_mixin.py:149} INFO - [2025-10-08T19:41:25.571+0000] {dag.py:3490} INFO - Setting next_dagrun for 04_api_to_postgres to None, run_after=None
[2025-10-08T19:41:25.611+0000] {processor.py:179} INFO - Processing /opt/airflow/dags/04_example.py took 0.170 seconds
[2025-10-08T19:41:55.940+0000] {processor.py:157} INFO - Started process (PID=19216) to work on /opt/airflow/dags/04_example.py
[2025-10-08T19:41:55.943+0000] {processor.py:826} INFO - Processing file /opt/airflow/dags/04_example.py for tasks to queue
[2025-10-08T19:41:55.945+0000] {logging_mixin.py:149} INFO - [2025-10-08T19:41:55.945+0000] {dagbag.py:541} INFO - Filling up the DagBag from /opt/airflow/dags/04_example.py
[2025-10-08T19:41:55.999+0000] {processor.py:836} INFO - DAG(s) dict_keys(['04_api_to_postgres']) retrieved from /opt/airflow/dags/04_example.py
[2025-10-08T19:41:56.073+0000] {logging_mixin.py:149} INFO - [2025-10-08T19:41:56.073+0000] {dag.py:2726} INFO - Sync 1 DAGs
[2025-10-08T19:41:56.145+0000] {logging_mixin.py:149} INFO - [2025-10-08T19:41:56.145+0000] {dag.py:3490} INFO - Setting next_dagrun for 04_api_to_postgres to None, run_after=None
[2025-10-08T19:41:56.199+0000] {processor.py:179} INFO - Processing /opt/airflow/dags/04_example.py took 0.267 seconds
[2025-10-08T19:42:26.352+0000] {processor.py:157} INFO - Started process (PID=19281) to work on /opt/airflow/dags/04_example.py
[2025-10-08T19:42:26.355+0000] {processor.py:826} INFO - Processing file /opt/airflow/dags/04_example.py for tasks to queue
[2025-10-08T19:42:26.359+0000] {logging_mixin.py:149} INFO - [2025-10-08T19:42:26.358+0000] {dagbag.py:541} INFO - Filling up the DagBag from /opt/airflow/dags/04_example.py
[2025-10-08T19:42:26.405+0000] {processor.py:836} INFO - DAG(s) dict_keys(['04_api_to_postgres']) retrieved from /opt/airflow/dags/04_example.py
[2025-10-08T19:42:26.471+0000] {logging_mixin.py:149} INFO - [2025-10-08T19:42:26.471+0000] {dag.py:2726} INFO - Sync 1 DAGs
[2025-10-08T19:42:26.536+0000] {logging_mixin.py:149} INFO - [2025-10-08T19:42:26.535+0000] {dag.py:3490} INFO - Setting next_dagrun for 04_api_to_postgres to None, run_after=None
[2025-10-08T19:42:26.590+0000] {processor.py:179} INFO - Processing /opt/airflow/dags/04_example.py took 0.249 seconds
[2025-10-08T19:42:56.812+0000] {processor.py:157} INFO - Started process (PID=19346) to work on /opt/airflow/dags/04_example.py
[2025-10-08T19:42:56.814+0000] {processor.py:826} INFO - Processing file /opt/airflow/dags/04_example.py for tasks to queue
[2025-10-08T19:42:56.816+0000] {logging_mixin.py:149} INFO - [2025-10-08T19:42:56.816+0000] {dagbag.py:541} INFO - Filling up the DagBag from /opt/airflow/dags/04_example.py
[2025-10-08T19:42:56.846+0000] {processor.py:836} INFO - DAG(s) dict_keys(['04_api_to_postgres']) retrieved from /opt/airflow/dags/04_example.py
[2025-10-08T19:42:56.892+0000] {logging_mixin.py:149} INFO - [2025-10-08T19:42:56.891+0000] {dag.py:2726} INFO - Sync 1 DAGs
[2025-10-08T19:42:56.937+0000] {logging_mixin.py:149} INFO - [2025-10-08T19:42:56.936+0000] {dag.py:3490} INFO - Setting next_dagrun for 04_api_to_postgres to None, run_after=None
[2025-10-08T19:42:56.978+0000] {processor.py:179} INFO - Processing /opt/airflow/dags/04_example.py took 0.172 seconds
[2025-10-08T19:43:27.432+0000] {processor.py:157} INFO - Started process (PID=19411) to work on /opt/airflow/dags/04_example.py
[2025-10-08T19:43:27.434+0000] {processor.py:826} INFO - Processing file /opt/airflow/dags/04_example.py for tasks to queue
[2025-10-08T19:43:27.436+0000] {logging_mixin.py:149} INFO - [2025-10-08T19:43:27.436+0000] {dagbag.py:541} INFO - Filling up the DagBag from /opt/airflow/dags/04_example.py
[2025-10-08T19:43:27.463+0000] {processor.py:836} INFO - DAG(s) dict_keys(['04_api_to_postgres']) retrieved from /opt/airflow/dags/04_example.py
[2025-10-08T19:43:27.507+0000] {logging_mixin.py:149} INFO - [2025-10-08T19:43:27.507+0000] {dag.py:2726} INFO - Sync 1 DAGs
[2025-10-08T19:43:27.550+0000] {logging_mixin.py:149} INFO - [2025-10-08T19:43:27.550+0000] {dag.py:3490} INFO - Setting next_dagrun for 04_api_to_postgres to None, run_after=None
[2025-10-08T19:43:27.591+0000] {processor.py:179} INFO - Processing /opt/airflow/dags/04_example.py took 0.165 seconds
[2025-10-08T19:43:57.907+0000] {processor.py:157} INFO - Started process (PID=19467) to work on /opt/airflow/dags/04_example.py
[2025-10-08T19:43:57.909+0000] {processor.py:826} INFO - Processing file /opt/airflow/dags/04_example.py for tasks to queue
[2025-10-08T19:43:57.911+0000] {logging_mixin.py:149} INFO - [2025-10-08T19:43:57.910+0000] {dagbag.py:541} INFO - Filling up the DagBag from /opt/airflow/dags/04_example.py
[2025-10-08T19:43:57.939+0000] {processor.py:836} INFO - DAG(s) dict_keys(['04_api_to_postgres']) retrieved from /opt/airflow/dags/04_example.py
[2025-10-08T19:43:57.984+0000] {logging_mixin.py:149} INFO - [2025-10-08T19:43:57.984+0000] {dag.py:2726} INFO - Sync 1 DAGs
[2025-10-08T19:43:58.037+0000] {logging_mixin.py:149} INFO - [2025-10-08T19:43:58.037+0000] {dag.py:3490} INFO - Setting next_dagrun for 04_api_to_postgres to None, run_after=None
[2025-10-08T19:43:58.083+0000] {processor.py:179} INFO - Processing /opt/airflow/dags/04_example.py took 0.182 seconds
[2025-10-08T19:44:28.457+0000] {processor.py:157} INFO - Started process (PID=19532) to work on /opt/airflow/dags/04_example.py
[2025-10-08T19:44:28.459+0000] {processor.py:826} INFO - Processing file /opt/airflow/dags/04_example.py for tasks to queue
[2025-10-08T19:44:28.461+0000] {logging_mixin.py:149} INFO - [2025-10-08T19:44:28.460+0000] {dagbag.py:541} INFO - Filling up the DagBag from /opt/airflow/dags/04_example.py
[2025-10-08T19:44:28.489+0000] {processor.py:836} INFO - DAG(s) dict_keys(['04_api_to_postgres']) retrieved from /opt/airflow/dags/04_example.py
[2025-10-08T19:44:28.532+0000] {logging_mixin.py:149} INFO - [2025-10-08T19:44:28.531+0000] {dag.py:2726} INFO - Sync 1 DAGs
[2025-10-08T19:44:28.577+0000] {logging_mixin.py:149} INFO - [2025-10-08T19:44:28.577+0000] {dag.py:3490} INFO - Setting next_dagrun for 04_api_to_postgres to None, run_after=None
[2025-10-08T19:44:28.621+0000] {processor.py:179} INFO - Processing /opt/airflow/dags/04_example.py took 0.170 seconds
[2025-10-08T19:44:58.762+0000] {processor.py:157} INFO - Started process (PID=19597) to work on /opt/airflow/dags/04_example.py
[2025-10-08T19:44:58.763+0000] {processor.py:826} INFO - Processing file /opt/airflow/dags/04_example.py for tasks to queue
[2025-10-08T19:44:58.765+0000] {logging_mixin.py:149} INFO - [2025-10-08T19:44:58.765+0000] {dagbag.py:541} INFO - Filling up the DagBag from /opt/airflow/dags/04_example.py
[2025-10-08T19:44:58.794+0000] {processor.py:836} INFO - DAG(s) dict_keys(['04_api_to_postgres']) retrieved from /opt/airflow/dags/04_example.py
[2025-10-08T19:44:58.838+0000] {logging_mixin.py:149} INFO - [2025-10-08T19:44:58.838+0000] {dag.py:2726} INFO - Sync 1 DAGs
[2025-10-08T19:44:58.885+0000] {logging_mixin.py:149} INFO - [2025-10-08T19:44:58.885+0000] {dag.py:3490} INFO - Setting next_dagrun for 04_api_to_postgres to None, run_after=None
[2025-10-08T19:44:58.932+0000] {processor.py:179} INFO - Processing /opt/airflow/dags/04_example.py took 0.177 seconds
[2025-10-08T19:45:29.256+0000] {processor.py:157} INFO - Started process (PID=19663) to work on /opt/airflow/dags/04_example.py
[2025-10-08T19:45:29.259+0000] {processor.py:826} INFO - Processing file /opt/airflow/dags/04_example.py for tasks to queue
[2025-10-08T19:45:29.260+0000] {logging_mixin.py:149} INFO - [2025-10-08T19:45:29.260+0000] {dagbag.py:541} INFO - Filling up the DagBag from /opt/airflow/dags/04_example.py
[2025-10-08T19:45:29.292+0000] {processor.py:836} INFO - DAG(s) dict_keys(['04_api_to_postgres']) retrieved from /opt/airflow/dags/04_example.py
[2025-10-08T19:45:29.338+0000] {logging_mixin.py:149} INFO - [2025-10-08T19:45:29.338+0000] {dag.py:2726} INFO - Sync 1 DAGs
[2025-10-08T19:45:29.378+0000] {logging_mixin.py:149} INFO - [2025-10-08T19:45:29.378+0000] {dag.py:3490} INFO - Setting next_dagrun for 04_api_to_postgres to None, run_after=None
[2025-10-08T19:45:29.416+0000] {processor.py:179} INFO - Processing /opt/airflow/dags/04_example.py took 0.165 seconds
[2025-10-08T19:45:59.732+0000] {processor.py:157} INFO - Started process (PID=19727) to work on /opt/airflow/dags/04_example.py
[2025-10-08T19:45:59.734+0000] {processor.py:826} INFO - Processing file /opt/airflow/dags/04_example.py for tasks to queue
[2025-10-08T19:45:59.736+0000] {logging_mixin.py:149} INFO - [2025-10-08T19:45:59.736+0000] {dagbag.py:541} INFO - Filling up the DagBag from /opt/airflow/dags/04_example.py
[2025-10-08T19:45:59.767+0000] {processor.py:836} INFO - DAG(s) dict_keys(['04_api_to_postgres']) retrieved from /opt/airflow/dags/04_example.py
[2025-10-08T19:45:59.815+0000] {logging_mixin.py:149} INFO - [2025-10-08T19:45:59.815+0000] {dag.py:2726} INFO - Sync 1 DAGs
[2025-10-08T19:45:59.867+0000] {logging_mixin.py:149} INFO - [2025-10-08T19:45:59.867+0000] {dag.py:3490} INFO - Setting next_dagrun for 04_api_to_postgres to None, run_after=None
[2025-10-08T19:45:59.912+0000] {processor.py:179} INFO - Processing /opt/airflow/dags/04_example.py took 0.188 seconds
[2025-10-08T19:46:30.437+0000] {processor.py:157} INFO - Started process (PID=19792) to work on /opt/airflow/dags/04_example.py
[2025-10-08T19:46:30.439+0000] {processor.py:826} INFO - Processing file /opt/airflow/dags/04_example.py for tasks to queue
[2025-10-08T19:46:30.442+0000] {logging_mixin.py:149} INFO - [2025-10-08T19:46:30.442+0000] {dagbag.py:541} INFO - Filling up the DagBag from /opt/airflow/dags/04_example.py
[2025-10-08T19:46:30.480+0000] {processor.py:836} INFO - DAG(s) dict_keys(['04_api_to_postgres']) retrieved from /opt/airflow/dags/04_example.py
[2025-10-08T19:46:30.548+0000] {logging_mixin.py:149} INFO - [2025-10-08T19:46:30.548+0000] {dag.py:2726} INFO - Sync 1 DAGs
[2025-10-08T19:46:30.611+0000] {logging_mixin.py:149} INFO - [2025-10-08T19:46:30.610+0000] {dag.py:3490} INFO - Setting next_dagrun for 04_api_to_postgres to None, run_after=None
[2025-10-08T19:46:30.657+0000] {processor.py:179} INFO - Processing /opt/airflow/dags/04_example.py took 0.229 seconds
[2025-10-08T19:47:00.857+0000] {processor.py:157} INFO - Started process (PID=19856) to work on /opt/airflow/dags/04_example.py
[2025-10-08T19:47:00.859+0000] {processor.py:826} INFO - Processing file /opt/airflow/dags/04_example.py for tasks to queue
[2025-10-08T19:47:00.861+0000] {logging_mixin.py:149} INFO - [2025-10-08T19:47:00.861+0000] {dagbag.py:541} INFO - Filling up the DagBag from /opt/airflow/dags/04_example.py
[2025-10-08T19:47:00.888+0000] {processor.py:836} INFO - DAG(s) dict_keys(['04_api_to_postgres']) retrieved from /opt/airflow/dags/04_example.py
[2025-10-08T19:47:00.938+0000] {logging_mixin.py:149} INFO - [2025-10-08T19:47:00.938+0000] {dag.py:2726} INFO - Sync 1 DAGs
[2025-10-08T19:47:00.988+0000] {logging_mixin.py:149} INFO - [2025-10-08T19:47:00.987+0000] {dag.py:3490} INFO - Setting next_dagrun for 04_api_to_postgres to None, run_after=None
[2025-10-08T19:47:01.032+0000] {processor.py:179} INFO - Processing /opt/airflow/dags/04_example.py took 0.181 seconds
[2025-10-08T19:47:31.464+0000] {processor.py:157} INFO - Started process (PID=19921) to work on /opt/airflow/dags/04_example.py
[2025-10-08T19:47:31.466+0000] {processor.py:826} INFO - Processing file /opt/airflow/dags/04_example.py for tasks to queue
[2025-10-08T19:47:31.467+0000] {logging_mixin.py:149} INFO - [2025-10-08T19:47:31.467+0000] {dagbag.py:541} INFO - Filling up the DagBag from /opt/airflow/dags/04_example.py
[2025-10-08T19:47:31.500+0000] {processor.py:836} INFO - DAG(s) dict_keys(['04_api_to_postgres']) retrieved from /opt/airflow/dags/04_example.py
[2025-10-08T19:47:31.549+0000] {logging_mixin.py:149} INFO - [2025-10-08T19:47:31.549+0000] {dag.py:2726} INFO - Sync 1 DAGs
[2025-10-08T19:47:31.605+0000] {logging_mixin.py:149} INFO - [2025-10-08T19:47:31.605+0000] {dag.py:3490} INFO - Setting next_dagrun for 04_api_to_postgres to None, run_after=None
[2025-10-08T19:47:31.654+0000] {processor.py:179} INFO - Processing /opt/airflow/dags/04_example.py took 0.197 seconds
[2025-10-08T19:48:01.958+0000] {processor.py:157} INFO - Started process (PID=19986) to work on /opt/airflow/dags/04_example.py
[2025-10-08T19:48:01.960+0000] {processor.py:826} INFO - Processing file /opt/airflow/dags/04_example.py for tasks to queue
[2025-10-08T19:48:01.962+0000] {logging_mixin.py:149} INFO - [2025-10-08T19:48:01.962+0000] {dagbag.py:541} INFO - Filling up the DagBag from /opt/airflow/dags/04_example.py
[2025-10-08T19:48:01.994+0000] {processor.py:836} INFO - DAG(s) dict_keys(['04_api_to_postgres']) retrieved from /opt/airflow/dags/04_example.py
[2025-10-08T19:48:02.043+0000] {logging_mixin.py:149} INFO - [2025-10-08T19:48:02.043+0000] {dag.py:2726} INFO - Sync 1 DAGs
[2025-10-08T19:48:02.093+0000] {logging_mixin.py:149} INFO - [2025-10-08T19:48:02.093+0000] {dag.py:3490} INFO - Setting next_dagrun for 04_api_to_postgres to None, run_after=None
[2025-10-08T19:48:02.144+0000] {processor.py:179} INFO - Processing /opt/airflow/dags/04_example.py took 0.193 seconds
[2025-10-08T19:48:32.506+0000] {processor.py:157} INFO - Started process (PID=20051) to work on /opt/airflow/dags/04_example.py
[2025-10-08T19:48:32.509+0000] {processor.py:826} INFO - Processing file /opt/airflow/dags/04_example.py for tasks to queue
[2025-10-08T19:48:32.511+0000] {logging_mixin.py:149} INFO - [2025-10-08T19:48:32.510+0000] {dagbag.py:541} INFO - Filling up the DagBag from /opt/airflow/dags/04_example.py
[2025-10-08T19:48:32.542+0000] {processor.py:836} INFO - DAG(s) dict_keys(['04_api_to_postgres']) retrieved from /opt/airflow/dags/04_example.py
[2025-10-08T19:48:32.586+0000] {logging_mixin.py:149} INFO - [2025-10-08T19:48:32.586+0000] {dag.py:2726} INFO - Sync 1 DAGs
[2025-10-08T19:48:32.637+0000] {logging_mixin.py:149} INFO - [2025-10-08T19:48:32.636+0000] {dag.py:3490} INFO - Setting next_dagrun for 04_api_to_postgres to None, run_after=None
[2025-10-08T19:48:32.685+0000] {processor.py:179} INFO - Processing /opt/airflow/dags/04_example.py took 0.189 seconds
[2025-10-08T19:49:02.987+0000] {processor.py:157} INFO - Started process (PID=20116) to work on /opt/airflow/dags/04_example.py
[2025-10-08T19:49:02.989+0000] {processor.py:826} INFO - Processing file /opt/airflow/dags/04_example.py for tasks to queue
[2025-10-08T19:49:02.991+0000] {logging_mixin.py:149} INFO - [2025-10-08T19:49:02.991+0000] {dagbag.py:541} INFO - Filling up the DagBag from /opt/airflow/dags/04_example.py
[2025-10-08T19:49:03.021+0000] {processor.py:836} INFO - DAG(s) dict_keys(['04_api_to_postgres']) retrieved from /opt/airflow/dags/04_example.py
[2025-10-08T19:49:03.067+0000] {logging_mixin.py:149} INFO - [2025-10-08T19:49:03.067+0000] {dag.py:2726} INFO - Sync 1 DAGs
[2025-10-08T19:49:03.111+0000] {logging_mixin.py:149} INFO - [2025-10-08T19:49:03.111+0000] {dag.py:3490} INFO - Setting next_dagrun for 04_api_to_postgres to None, run_after=None
[2025-10-08T19:49:03.158+0000] {processor.py:179} INFO - Processing /opt/airflow/dags/04_example.py took 0.178 seconds
[2025-10-08T19:49:33.445+0000] {processor.py:157} INFO - Started process (PID=20181) to work on /opt/airflow/dags/04_example.py
[2025-10-08T19:49:33.447+0000] {processor.py:826} INFO - Processing file /opt/airflow/dags/04_example.py for tasks to queue
[2025-10-08T19:49:33.449+0000] {logging_mixin.py:149} INFO - [2025-10-08T19:49:33.448+0000] {dagbag.py:541} INFO - Filling up the DagBag from /opt/airflow/dags/04_example.py
[2025-10-08T19:49:33.477+0000] {processor.py:836} INFO - DAG(s) dict_keys(['04_api_to_postgres']) retrieved from /opt/airflow/dags/04_example.py
[2025-10-08T19:49:33.520+0000] {logging_mixin.py:149} INFO - [2025-10-08T19:49:33.520+0000] {dag.py:2726} INFO - Sync 1 DAGs
[2025-10-08T19:49:33.567+0000] {logging_mixin.py:149} INFO - [2025-10-08T19:49:33.567+0000] {dag.py:3490} INFO - Setting next_dagrun for 04_api_to_postgres to None, run_after=None
[2025-10-08T19:49:33.607+0000] {processor.py:179} INFO - Processing /opt/airflow/dags/04_example.py took 0.168 seconds
[2025-10-08T19:50:04.041+0000] {processor.py:157} INFO - Started process (PID=20246) to work on /opt/airflow/dags/04_example.py
[2025-10-08T19:50:04.044+0000] {processor.py:826} INFO - Processing file /opt/airflow/dags/04_example.py for tasks to queue
[2025-10-08T19:50:04.047+0000] {logging_mixin.py:149} INFO - [2025-10-08T19:50:04.046+0000] {dagbag.py:541} INFO - Filling up the DagBag from /opt/airflow/dags/04_example.py
[2025-10-08T19:50:04.092+0000] {processor.py:836} INFO - DAG(s) dict_keys(['04_api_to_postgres']) retrieved from /opt/airflow/dags/04_example.py
[2025-10-08T19:50:04.172+0000] {logging_mixin.py:149} INFO - [2025-10-08T19:50:04.172+0000] {dag.py:2726} INFO - Sync 1 DAGs
[2025-10-08T19:50:04.232+0000] {logging_mixin.py:149} INFO - [2025-10-08T19:50:04.231+0000] {dag.py:3490} INFO - Setting next_dagrun for 04_api_to_postgres to None, run_after=None
[2025-10-08T19:50:04.285+0000] {processor.py:179} INFO - Processing /opt/airflow/dags/04_example.py took 0.256 seconds
[2025-10-08T19:50:34.524+0000] {processor.py:157} INFO - Started process (PID=20311) to work on /opt/airflow/dags/04_example.py
[2025-10-08T19:50:34.527+0000] {processor.py:826} INFO - Processing file /opt/airflow/dags/04_example.py for tasks to queue
[2025-10-08T19:50:34.530+0000] {logging_mixin.py:149} INFO - [2025-10-08T19:50:34.530+0000] {dagbag.py:541} INFO - Filling up the DagBag from /opt/airflow/dags/04_example.py
[2025-10-08T19:50:34.577+0000] {processor.py:836} INFO - DAG(s) dict_keys(['04_api_to_postgres']) retrieved from /opt/airflow/dags/04_example.py
[2025-10-08T19:50:34.642+0000] {logging_mixin.py:149} INFO - [2025-10-08T19:50:34.642+0000] {dag.py:2726} INFO - Sync 1 DAGs
[2025-10-08T19:50:34.710+0000] {logging_mixin.py:149} INFO - [2025-10-08T19:50:34.709+0000] {dag.py:3490} INFO - Setting next_dagrun for 04_api_to_postgres to None, run_after=None
[2025-10-08T19:50:34.762+0000] {processor.py:179} INFO - Processing /opt/airflow/dags/04_example.py took 0.247 seconds
[2025-10-08T19:51:05.092+0000] {processor.py:157} INFO - Started process (PID=20376) to work on /opt/airflow/dags/04_example.py
[2025-10-08T19:51:05.094+0000] {processor.py:826} INFO - Processing file /opt/airflow/dags/04_example.py for tasks to queue
[2025-10-08T19:51:05.095+0000] {logging_mixin.py:149} INFO - [2025-10-08T19:51:05.095+0000] {dagbag.py:541} INFO - Filling up the DagBag from /opt/airflow/dags/04_example.py
[2025-10-08T19:51:05.124+0000] {processor.py:836} INFO - DAG(s) dict_keys(['04_api_to_postgres']) retrieved from /opt/airflow/dags/04_example.py
[2025-10-08T19:51:05.167+0000] {logging_mixin.py:149} INFO - [2025-10-08T19:51:05.167+0000] {dag.py:2726} INFO - Sync 1 DAGs
[2025-10-08T19:51:05.218+0000] {logging_mixin.py:149} INFO - [2025-10-08T19:51:05.217+0000] {dag.py:3490} INFO - Setting next_dagrun for 04_api_to_postgres to None, run_after=None
[2025-10-08T19:51:05.260+0000] {processor.py:179} INFO - Processing /opt/airflow/dags/04_example.py took 0.175 seconds
[2025-10-08T19:51:36.108+0000] {processor.py:157} INFO - Started process (PID=20441) to work on /opt/airflow/dags/04_example.py
[2025-10-08T19:51:36.110+0000] {processor.py:826} INFO - Processing file /opt/airflow/dags/04_example.py for tasks to queue
[2025-10-08T19:51:36.113+0000] {logging_mixin.py:149} INFO - [2025-10-08T19:51:36.112+0000] {dagbag.py:541} INFO - Filling up the DagBag from /opt/airflow/dags/04_example.py
[2025-10-08T19:51:36.148+0000] {processor.py:836} INFO - DAG(s) dict_keys(['04_api_to_postgres']) retrieved from /opt/airflow/dags/04_example.py
[2025-10-08T19:51:36.208+0000] {logging_mixin.py:149} INFO - [2025-10-08T19:51:36.207+0000] {dag.py:2726} INFO - Sync 1 DAGs
[2025-10-08T19:51:36.261+0000] {logging_mixin.py:149} INFO - [2025-10-08T19:51:36.261+0000] {dag.py:3490} INFO - Setting next_dagrun for 04_api_to_postgres to None, run_after=None
[2025-10-08T19:51:36.308+0000] {processor.py:179} INFO - Processing /opt/airflow/dags/04_example.py took 0.209 seconds
[2025-10-08T19:52:06.766+0000] {processor.py:157} INFO - Started process (PID=20506) to work on /opt/airflow/dags/04_example.py
[2025-10-08T19:52:06.768+0000] {processor.py:826} INFO - Processing file /opt/airflow/dags/04_example.py for tasks to queue
[2025-10-08T19:52:06.770+0000] {logging_mixin.py:149} INFO - [2025-10-08T19:52:06.770+0000] {dagbag.py:541} INFO - Filling up the DagBag from /opt/airflow/dags/04_example.py
[2025-10-08T19:52:06.810+0000] {processor.py:836} INFO - DAG(s) dict_keys(['04_api_to_postgres']) retrieved from /opt/airflow/dags/04_example.py
[2025-10-08T19:52:06.865+0000] {logging_mixin.py:149} INFO - [2025-10-08T19:52:06.865+0000] {dag.py:2726} INFO - Sync 1 DAGs
[2025-10-08T19:52:06.927+0000] {logging_mixin.py:149} INFO - [2025-10-08T19:52:06.927+0000] {dag.py:3490} INFO - Setting next_dagrun for 04_api_to_postgres to None, run_after=None
[2025-10-08T19:52:06.980+0000] {processor.py:179} INFO - Processing /opt/airflow/dags/04_example.py took 0.223 seconds
[2025-10-08T19:52:37.494+0000] {processor.py:157} INFO - Started process (PID=20571) to work on /opt/airflow/dags/04_example.py
[2025-10-08T19:52:37.497+0000] {processor.py:826} INFO - Processing file /opt/airflow/dags/04_example.py for tasks to queue
[2025-10-08T19:52:37.499+0000] {logging_mixin.py:149} INFO - [2025-10-08T19:52:37.498+0000] {dagbag.py:541} INFO - Filling up the DagBag from /opt/airflow/dags/04_example.py
[2025-10-08T19:52:37.532+0000] {processor.py:836} INFO - DAG(s) dict_keys(['04_api_to_postgres']) retrieved from /opt/airflow/dags/04_example.py
[2025-10-08T19:52:37.575+0000] {logging_mixin.py:149} INFO - [2025-10-08T19:52:37.575+0000] {dag.py:2726} INFO - Sync 1 DAGs
[2025-10-08T19:52:37.622+0000] {logging_mixin.py:149} INFO - [2025-10-08T19:52:37.621+0000] {dag.py:3490} INFO - Setting next_dagrun for 04_api_to_postgres to None, run_after=None
[2025-10-08T19:52:37.669+0000] {processor.py:179} INFO - Processing /opt/airflow/dags/04_example.py took 0.182 seconds
[2025-10-08T19:53:07.970+0000] {processor.py:157} INFO - Started process (PID=20636) to work on /opt/airflow/dags/04_example.py
[2025-10-08T19:53:07.972+0000] {processor.py:826} INFO - Processing file /opt/airflow/dags/04_example.py for tasks to queue
[2025-10-08T19:53:07.973+0000] {logging_mixin.py:149} INFO - [2025-10-08T19:53:07.973+0000] {dagbag.py:541} INFO - Filling up the DagBag from /opt/airflow/dags/04_example.py
[2025-10-08T19:53:08.001+0000] {processor.py:836} INFO - DAG(s) dict_keys(['04_api_to_postgres']) retrieved from /opt/airflow/dags/04_example.py
[2025-10-08T19:53:08.047+0000] {logging_mixin.py:149} INFO - [2025-10-08T19:53:08.046+0000] {dag.py:2726} INFO - Sync 1 DAGs
[2025-10-08T19:53:08.089+0000] {logging_mixin.py:149} INFO - [2025-10-08T19:53:08.088+0000] {dag.py:3490} INFO - Setting next_dagrun for 04_api_to_postgres to None, run_after=None
[2025-10-08T19:53:08.131+0000] {processor.py:179} INFO - Processing /opt/airflow/dags/04_example.py took 0.169 seconds
[2025-10-08T19:53:38.412+0000] {processor.py:157} INFO - Started process (PID=20701) to work on /opt/airflow/dags/04_example.py
[2025-10-08T19:53:38.414+0000] {processor.py:826} INFO - Processing file /opt/airflow/dags/04_example.py for tasks to queue
[2025-10-08T19:53:38.416+0000] {logging_mixin.py:149} INFO - [2025-10-08T19:53:38.415+0000] {dagbag.py:541} INFO - Filling up the DagBag from /opt/airflow/dags/04_example.py
[2025-10-08T19:53:38.444+0000] {processor.py:836} INFO - DAG(s) dict_keys(['04_api_to_postgres']) retrieved from /opt/airflow/dags/04_example.py
[2025-10-08T19:53:38.489+0000] {logging_mixin.py:149} INFO - [2025-10-08T19:53:38.488+0000] {dag.py:2726} INFO - Sync 1 DAGs
[2025-10-08T19:53:38.530+0000] {logging_mixin.py:149} INFO - [2025-10-08T19:53:38.530+0000] {dag.py:3490} INFO - Setting next_dagrun for 04_api_to_postgres to None, run_after=None
[2025-10-08T19:53:38.576+0000] {processor.py:179} INFO - Processing /opt/airflow/dags/04_example.py took 0.171 seconds
[2025-10-08T19:54:09.026+0000] {processor.py:157} INFO - Started process (PID=20766) to work on /opt/airflow/dags/04_example.py
[2025-10-08T19:54:09.028+0000] {processor.py:826} INFO - Processing file /opt/airflow/dags/04_example.py for tasks to queue
[2025-10-08T19:54:09.030+0000] {logging_mixin.py:149} INFO - [2025-10-08T19:54:09.029+0000] {dagbag.py:541} INFO - Filling up the DagBag from /opt/airflow/dags/04_example.py
[2025-10-08T19:54:09.060+0000] {processor.py:836} INFO - DAG(s) dict_keys(['04_api_to_postgres']) retrieved from /opt/airflow/dags/04_example.py
[2025-10-08T19:54:09.106+0000] {logging_mixin.py:149} INFO - [2025-10-08T19:54:09.106+0000] {dag.py:2726} INFO - Sync 1 DAGs
[2025-10-08T19:54:09.153+0000] {logging_mixin.py:149} INFO - [2025-10-08T19:54:09.153+0000] {dag.py:3490} INFO - Setting next_dagrun for 04_api_to_postgres to None, run_after=None
[2025-10-08T19:54:09.199+0000] {processor.py:179} INFO - Processing /opt/airflow/dags/04_example.py took 0.182 seconds
[2025-10-08T19:54:39.493+0000] {processor.py:157} INFO - Started process (PID=20831) to work on /opt/airflow/dags/04_example.py
[2025-10-08T19:54:39.495+0000] {processor.py:826} INFO - Processing file /opt/airflow/dags/04_example.py for tasks to queue
[2025-10-08T19:54:39.497+0000] {logging_mixin.py:149} INFO - [2025-10-08T19:54:39.497+0000] {dagbag.py:541} INFO - Filling up the DagBag from /opt/airflow/dags/04_example.py
[2025-10-08T19:54:39.527+0000] {processor.py:836} INFO - DAG(s) dict_keys(['04_api_to_postgres']) retrieved from /opt/airflow/dags/04_example.py
[2025-10-08T19:54:39.575+0000] {logging_mixin.py:149} INFO - [2025-10-08T19:54:39.574+0000] {dag.py:2726} INFO - Sync 1 DAGs
[2025-10-08T19:54:39.620+0000] {logging_mixin.py:149} INFO - [2025-10-08T19:54:39.620+0000] {dag.py:3490} INFO - Setting next_dagrun for 04_api_to_postgres to None, run_after=None
[2025-10-08T19:54:39.663+0000] {processor.py:179} INFO - Processing /opt/airflow/dags/04_example.py took 0.176 seconds
[2025-10-08T19:55:09.936+0000] {processor.py:157} INFO - Started process (PID=20896) to work on /opt/airflow/dags/04_example.py
[2025-10-08T19:55:09.938+0000] {processor.py:826} INFO - Processing file /opt/airflow/dags/04_example.py for tasks to queue
[2025-10-08T19:55:09.940+0000] {logging_mixin.py:149} INFO - [2025-10-08T19:55:09.940+0000] {dagbag.py:541} INFO - Filling up the DagBag from /opt/airflow/dags/04_example.py
[2025-10-08T19:55:09.968+0000] {processor.py:836} INFO - DAG(s) dict_keys(['04_api_to_postgres']) retrieved from /opt/airflow/dags/04_example.py
[2025-10-08T19:55:10.018+0000] {logging_mixin.py:149} INFO - [2025-10-08T19:55:10.017+0000] {dag.py:2726} INFO - Sync 1 DAGs
[2025-10-08T19:55:10.069+0000] {logging_mixin.py:149} INFO - [2025-10-08T19:55:10.068+0000] {dag.py:3490} INFO - Setting next_dagrun for 04_api_to_postgres to None, run_after=None
[2025-10-08T19:55:10.113+0000] {processor.py:179} INFO - Processing /opt/airflow/dags/04_example.py took 0.183 seconds
[2025-10-08T19:55:40.569+0000] {processor.py:157} INFO - Started process (PID=20961) to work on /opt/airflow/dags/04_example.py
[2025-10-08T19:55:40.571+0000] {processor.py:826} INFO - Processing file /opt/airflow/dags/04_example.py for tasks to queue
[2025-10-08T19:55:40.573+0000] {logging_mixin.py:149} INFO - [2025-10-08T19:55:40.573+0000] {dagbag.py:541} INFO - Filling up the DagBag from /opt/airflow/dags/04_example.py
[2025-10-08T19:55:40.600+0000] {processor.py:836} INFO - DAG(s) dict_keys(['04_api_to_postgres']) retrieved from /opt/airflow/dags/04_example.py
[2025-10-08T19:55:40.644+0000] {logging_mixin.py:149} INFO - [2025-10-08T19:55:40.643+0000] {dag.py:2726} INFO - Sync 1 DAGs
[2025-10-08T19:55:40.695+0000] {logging_mixin.py:149} INFO - [2025-10-08T19:55:40.694+0000] {dag.py:3490} INFO - Setting next_dagrun for 04_api_to_postgres to None, run_after=None
[2025-10-08T19:55:40.742+0000] {processor.py:179} INFO - Processing /opt/airflow/dags/04_example.py took 0.178 seconds
[2025-10-08T19:56:10.824+0000] {processor.py:157} INFO - Started process (PID=21027) to work on /opt/airflow/dags/04_example.py
[2025-10-08T19:56:10.826+0000] {processor.py:826} INFO - Processing file /opt/airflow/dags/04_example.py for tasks to queue
[2025-10-08T19:56:10.827+0000] {logging_mixin.py:149} INFO - [2025-10-08T19:56:10.827+0000] {dagbag.py:541} INFO - Filling up the DagBag from /opt/airflow/dags/04_example.py
[2025-10-08T19:56:10.855+0000] {processor.py:836} INFO - DAG(s) dict_keys(['04_api_to_postgres']) retrieved from /opt/airflow/dags/04_example.py
[2025-10-08T19:56:10.897+0000] {logging_mixin.py:149} INFO - [2025-10-08T19:56:10.896+0000] {dag.py:2726} INFO - Sync 1 DAGs
[2025-10-08T19:56:10.945+0000] {logging_mixin.py:149} INFO - [2025-10-08T19:56:10.945+0000] {dag.py:3490} INFO - Setting next_dagrun for 04_api_to_postgres to None, run_after=None
[2025-10-08T19:56:10.988+0000] {processor.py:179} INFO - Processing /opt/airflow/dags/04_example.py took 0.171 seconds
[2025-10-08T19:56:41.199+0000] {processor.py:157} INFO - Started process (PID=21092) to work on /opt/airflow/dags/04_example.py
[2025-10-08T19:56:41.201+0000] {processor.py:826} INFO - Processing file /opt/airflow/dags/04_example.py for tasks to queue
[2025-10-08T19:56:41.203+0000] {logging_mixin.py:149} INFO - [2025-10-08T19:56:41.203+0000] {dagbag.py:541} INFO - Filling up the DagBag from /opt/airflow/dags/04_example.py
[2025-10-08T19:56:41.234+0000] {processor.py:836} INFO - DAG(s) dict_keys(['04_api_to_postgres']) retrieved from /opt/airflow/dags/04_example.py
[2025-10-08T19:56:41.281+0000] {logging_mixin.py:149} INFO - [2025-10-08T19:56:41.281+0000] {dag.py:2726} INFO - Sync 1 DAGs
[2025-10-08T19:56:41.333+0000] {logging_mixin.py:149} INFO - [2025-10-08T19:56:41.333+0000] {dag.py:3490} INFO - Setting next_dagrun for 04_api_to_postgres to None, run_after=None
[2025-10-08T19:56:41.382+0000] {processor.py:179} INFO - Processing /opt/airflow/dags/04_example.py took 0.189 seconds
[2025-10-08T19:57:11.582+0000] {processor.py:157} INFO - Started process (PID=21157) to work on /opt/airflow/dags/04_example.py
[2025-10-08T19:57:11.584+0000] {processor.py:826} INFO - Processing file /opt/airflow/dags/04_example.py for tasks to queue
[2025-10-08T19:57:11.586+0000] {logging_mixin.py:149} INFO - [2025-10-08T19:57:11.585+0000] {dagbag.py:541} INFO - Filling up the DagBag from /opt/airflow/dags/04_example.py
[2025-10-08T19:57:11.616+0000] {processor.py:836} INFO - DAG(s) dict_keys(['04_api_to_postgres']) retrieved from /opt/airflow/dags/04_example.py
[2025-10-08T19:57:11.663+0000] {logging_mixin.py:149} INFO - [2025-10-08T19:57:11.662+0000] {dag.py:2726} INFO - Sync 1 DAGs
[2025-10-08T19:57:11.719+0000] {logging_mixin.py:149} INFO - [2025-10-08T19:57:11.718+0000] {dag.py:3490} INFO - Setting next_dagrun for 04_api_to_postgres to None, run_after=None
[2025-10-08T19:57:11.767+0000] {processor.py:179} INFO - Processing /opt/airflow/dags/04_example.py took 0.192 seconds
[2025-10-08T19:57:42.285+0000] {processor.py:157} INFO - Started process (PID=21231) to work on /opt/airflow/dags/04_example.py
[2025-10-08T19:57:42.287+0000] {processor.py:826} INFO - Processing file /opt/airflow/dags/04_example.py for tasks to queue
[2025-10-08T19:57:42.289+0000] {logging_mixin.py:149} INFO - [2025-10-08T19:57:42.289+0000] {dagbag.py:541} INFO - Filling up the DagBag from /opt/airflow/dags/04_example.py
[2025-10-08T19:57:42.335+0000] {processor.py:836} INFO - DAG(s) dict_keys(['04_api_to_postgres']) retrieved from /opt/airflow/dags/04_example.py
[2025-10-08T19:57:42.392+0000] {logging_mixin.py:149} INFO - [2025-10-08T19:57:42.391+0000] {dag.py:2726} INFO - Sync 1 DAGs
[2025-10-08T19:57:42.448+0000] {logging_mixin.py:149} INFO - [2025-10-08T19:57:42.448+0000] {dag.py:3490} INFO - Setting next_dagrun for 04_api_to_postgres to None, run_after=None
[2025-10-08T19:57:42.497+0000] {processor.py:179} INFO - Processing /opt/airflow/dags/04_example.py took 0.222 seconds
[2025-10-08T19:58:12.972+0000] {processor.py:157} INFO - Started process (PID=21296) to work on /opt/airflow/dags/04_example.py
[2025-10-08T19:58:12.974+0000] {processor.py:826} INFO - Processing file /opt/airflow/dags/04_example.py for tasks to queue
[2025-10-08T19:58:12.975+0000] {logging_mixin.py:149} INFO - [2025-10-08T19:58:12.975+0000] {dagbag.py:541} INFO - Filling up the DagBag from /opt/airflow/dags/04_example.py
[2025-10-08T19:58:13.007+0000] {processor.py:836} INFO - DAG(s) dict_keys(['04_api_to_postgres']) retrieved from /opt/airflow/dags/04_example.py
[2025-10-08T19:58:13.056+0000] {logging_mixin.py:149} INFO - [2025-10-08T19:58:13.055+0000] {dag.py:2726} INFO - Sync 1 DAGs
[2025-10-08T19:58:13.106+0000] {logging_mixin.py:149} INFO - [2025-10-08T19:58:13.106+0000] {dag.py:3490} INFO - Setting next_dagrun for 04_api_to_postgres to None, run_after=None
[2025-10-08T19:58:13.357+0000] {processor.py:179} INFO - Processing /opt/airflow/dags/04_example.py took 0.393 seconds
[2025-10-08T19:58:43.859+0000] {processor.py:157} INFO - Started process (PID=21361) to work on /opt/airflow/dags/04_example.py
[2025-10-08T19:58:43.862+0000] {processor.py:826} INFO - Processing file /opt/airflow/dags/04_example.py for tasks to queue
[2025-10-08T19:58:43.865+0000] {logging_mixin.py:149} INFO - [2025-10-08T19:58:43.864+0000] {dagbag.py:541} INFO - Filling up the DagBag from /opt/airflow/dags/04_example.py
[2025-10-08T19:58:43.915+0000] {processor.py:836} INFO - DAG(s) dict_keys(['04_api_to_postgres']) retrieved from /opt/airflow/dags/04_example.py
[2025-10-08T19:58:43.965+0000] {logging_mixin.py:149} INFO - [2025-10-08T19:58:43.964+0000] {dag.py:2726} INFO - Sync 1 DAGs
[2025-10-08T19:58:44.023+0000] {logging_mixin.py:149} INFO - [2025-10-08T19:58:44.022+0000] {dag.py:3490} INFO - Setting next_dagrun for 04_api_to_postgres to None, run_after=None
[2025-10-08T19:58:44.072+0000] {processor.py:179} INFO - Processing /opt/airflow/dags/04_example.py took 0.224 seconds
[2025-10-08T19:59:14.187+0000] {processor.py:157} INFO - Started process (PID=21426) to work on /opt/airflow/dags/04_example.py
[2025-10-08T19:59:14.189+0000] {processor.py:826} INFO - Processing file /opt/airflow/dags/04_example.py for tasks to queue
[2025-10-08T19:59:14.191+0000] {logging_mixin.py:149} INFO - [2025-10-08T19:59:14.191+0000] {dagbag.py:541} INFO - Filling up the DagBag from /opt/airflow/dags/04_example.py
[2025-10-08T19:59:14.229+0000] {processor.py:836} INFO - DAG(s) dict_keys(['04_api_to_postgres']) retrieved from /opt/airflow/dags/04_example.py
[2025-10-08T19:59:14.276+0000] {logging_mixin.py:149} INFO - [2025-10-08T19:59:14.276+0000] {dag.py:2726} INFO - Sync 1 DAGs
[2025-10-08T19:59:14.327+0000] {logging_mixin.py:149} INFO - [2025-10-08T19:59:14.327+0000] {dag.py:3490} INFO - Setting next_dagrun for 04_api_to_postgres to None, run_after=None
[2025-10-08T19:59:14.370+0000] {processor.py:179} INFO - Processing /opt/airflow/dags/04_example.py took 0.193 seconds
[2025-10-08T19:59:45.064+0000] {processor.py:157} INFO - Started process (PID=21491) to work on /opt/airflow/dags/04_example.py
[2025-10-08T19:59:45.066+0000] {processor.py:826} INFO - Processing file /opt/airflow/dags/04_example.py for tasks to queue
[2025-10-08T19:59:45.068+0000] {logging_mixin.py:149} INFO - [2025-10-08T19:59:45.067+0000] {dagbag.py:541} INFO - Filling up the DagBag from /opt/airflow/dags/04_example.py
[2025-10-08T19:59:45.099+0000] {processor.py:836} INFO - DAG(s) dict_keys(['04_api_to_postgres']) retrieved from /opt/airflow/dags/04_example.py
[2025-10-08T19:59:45.140+0000] {logging_mixin.py:149} INFO - [2025-10-08T19:59:45.139+0000] {dag.py:2726} INFO - Sync 1 DAGs
[2025-10-08T19:59:45.185+0000] {logging_mixin.py:149} INFO - [2025-10-08T19:59:45.185+0000] {dag.py:3490} INFO - Setting next_dagrun for 04_api_to_postgres to None, run_after=None
[2025-10-08T19:59:45.231+0000] {processor.py:179} INFO - Processing /opt/airflow/dags/04_example.py took 0.174 seconds
[2025-10-08T20:00:15.341+0000] {processor.py:157} INFO - Started process (PID=21557) to work on /opt/airflow/dags/04_example.py
[2025-10-08T20:00:15.343+0000] {processor.py:826} INFO - Processing file /opt/airflow/dags/04_example.py for tasks to queue
[2025-10-08T20:00:15.345+0000] {logging_mixin.py:149} INFO - [2025-10-08T20:00:15.345+0000] {dagbag.py:541} INFO - Filling up the DagBag from /opt/airflow/dags/04_example.py
[2025-10-08T20:00:15.383+0000] {processor.py:836} INFO - DAG(s) dict_keys(['04_api_to_postgres']) retrieved from /opt/airflow/dags/04_example.py
[2025-10-08T20:00:15.453+0000] {logging_mixin.py:149} INFO - [2025-10-08T20:00:15.453+0000] {dag.py:2726} INFO - Sync 1 DAGs
[2025-10-08T20:00:15.506+0000] {logging_mixin.py:149} INFO - [2025-10-08T20:00:15.505+0000] {dag.py:3490} INFO - Setting next_dagrun for 04_api_to_postgres to None, run_after=None
[2025-10-08T20:00:15.745+0000] {processor.py:179} INFO - Processing /opt/airflow/dags/04_example.py took 0.410 seconds
[2025-10-08T20:00:46.132+0000] {processor.py:157} INFO - Started process (PID=21620) to work on /opt/airflow/dags/04_example.py
[2025-10-08T20:00:46.137+0000] {processor.py:826} INFO - Processing file /opt/airflow/dags/04_example.py for tasks to queue
[2025-10-08T20:00:46.140+0000] {logging_mixin.py:149} INFO - [2025-10-08T20:00:46.139+0000] {dagbag.py:541} INFO - Filling up the DagBag from /opt/airflow/dags/04_example.py
[2025-10-08T20:00:46.188+0000] {processor.py:836} INFO - DAG(s) dict_keys(['04_api_to_postgres']) retrieved from /opt/airflow/dags/04_example.py
[2025-10-08T20:00:46.250+0000] {logging_mixin.py:149} INFO - [2025-10-08T20:00:46.249+0000] {dag.py:2726} INFO - Sync 1 DAGs
[2025-10-08T20:00:46.309+0000] {logging_mixin.py:149} INFO - [2025-10-08T20:00:46.308+0000] {dag.py:3490} INFO - Setting next_dagrun for 04_api_to_postgres to None, run_after=None
[2025-10-08T20:00:46.365+0000] {processor.py:179} INFO - Processing /opt/airflow/dags/04_example.py took 0.243 seconds
[2025-10-08T20:01:16.671+0000] {processor.py:157} INFO - Started process (PID=21678) to work on /opt/airflow/dags/04_example.py
[2025-10-08T20:01:16.673+0000] {processor.py:826} INFO - Processing file /opt/airflow/dags/04_example.py for tasks to queue
[2025-10-08T20:01:16.675+0000] {logging_mixin.py:149} INFO - [2025-10-08T20:01:16.674+0000] {dagbag.py:541} INFO - Filling up the DagBag from /opt/airflow/dags/04_example.py
[2025-10-08T20:01:16.717+0000] {processor.py:836} INFO - DAG(s) dict_keys(['04_api_to_postgres']) retrieved from /opt/airflow/dags/04_example.py
[2025-10-08T20:01:16.783+0000] {logging_mixin.py:149} INFO - [2025-10-08T20:01:16.783+0000] {dag.py:2726} INFO - Sync 1 DAGs
[2025-10-08T20:01:16.850+0000] {logging_mixin.py:149} INFO - [2025-10-08T20:01:16.849+0000] {dag.py:3490} INFO - Setting next_dagrun for 04_api_to_postgres to None, run_after=None
[2025-10-08T20:01:16.918+0000] {processor.py:179} INFO - Processing /opt/airflow/dags/04_example.py took 0.256 seconds
[2025-10-08T20:01:47.545+0000] {processor.py:157} INFO - Started process (PID=21742) to work on /opt/airflow/dags/04_example.py
[2025-10-08T20:01:47.548+0000] {processor.py:826} INFO - Processing file /opt/airflow/dags/04_example.py for tasks to queue
[2025-10-08T20:01:47.551+0000] {logging_mixin.py:149} INFO - [2025-10-08T20:01:47.550+0000] {dagbag.py:541} INFO - Filling up the DagBag from /opt/airflow/dags/04_example.py
[2025-10-08T20:01:47.678+0000] {processor.py:836} INFO - DAG(s) dict_keys(['04_api_to_postgres']) retrieved from /opt/airflow/dags/04_example.py
[2025-10-08T20:01:47.771+0000] {logging_mixin.py:149} INFO - [2025-10-08T20:01:47.771+0000] {dag.py:2726} INFO - Sync 1 DAGs
[2025-10-08T20:01:47.877+0000] {logging_mixin.py:149} INFO - [2025-10-08T20:01:47.877+0000] {dag.py:3490} INFO - Setting next_dagrun for 04_api_to_postgres to None, run_after=None
[2025-10-08T20:01:48.093+0000] {processor.py:179} INFO - Processing /opt/airflow/dags/04_example.py took 0.560 seconds
[2025-10-08T20:02:18.268+0000] {processor.py:157} INFO - Started process (PID=21805) to work on /opt/airflow/dags/04_example.py
[2025-10-08T20:02:18.270+0000] {processor.py:826} INFO - Processing file /opt/airflow/dags/04_example.py for tasks to queue
[2025-10-08T20:02:18.272+0000] {logging_mixin.py:149} INFO - [2025-10-08T20:02:18.272+0000] {dagbag.py:541} INFO - Filling up the DagBag from /opt/airflow/dags/04_example.py
[2025-10-08T20:02:18.298+0000] {processor.py:836} INFO - DAG(s) dict_keys(['04_api_to_postgres']) retrieved from /opt/airflow/dags/04_example.py
[2025-10-08T20:02:18.355+0000] {logging_mixin.py:149} INFO - [2025-10-08T20:02:18.355+0000] {dag.py:2726} INFO - Sync 1 DAGs
[2025-10-08T20:02:18.403+0000] {logging_mixin.py:149} INFO - [2025-10-08T20:02:18.403+0000] {dag.py:3490} INFO - Setting next_dagrun for 04_api_to_postgres to None, run_after=None
[2025-10-08T20:02:18.448+0000] {processor.py:179} INFO - Processing /opt/airflow/dags/04_example.py took 0.186 seconds
