[2025-10-21T00:49:51.651+0000] {processor.py:157} INFO - Started process (PID=84) to work on /opt/airflow/dags/02_example.py
[2025-10-21T00:49:51.654+0000] {processor.py:826} INFO - Processing file /opt/airflow/dags/02_example.py for tasks to queue
[2025-10-21T00:49:51.656+0000] {logging_mixin.py:149} INFO - [2025-10-21T00:49:51.656+0000] {dagbag.py:541} INFO - Filling up the DagBag from /opt/airflow/dags/02_example.py
[2025-10-21T00:49:51.724+0000] {processor.py:836} INFO - DAG(s) dict_keys(['02_example']) retrieved from /opt/airflow/dags/02_example.py
[2025-10-21T00:49:52.270+0000] {logging_mixin.py:149} INFO - [2025-10-21T00:49:52.270+0000] {dag.py:2726} INFO - Sync 1 DAGs
[2025-10-21T00:49:52.329+0000] {logging_mixin.py:149} INFO - [2025-10-21T00:49:52.328+0000] {dag.py:3490} INFO - Setting next_dagrun for 02_example to 2025-10-20T00:00:00+00:00, run_after=2025-10-21T00:00:00+00:00
[2025-10-21T00:49:52.391+0000] {processor.py:179} INFO - Processing /opt/airflow/dags/02_example.py took 0.749 seconds
[2025-10-21T00:50:23.021+0000] {processor.py:157} INFO - Started process (PID=150) to work on /opt/airflow/dags/02_example.py
[2025-10-21T00:50:23.024+0000] {processor.py:826} INFO - Processing file /opt/airflow/dags/02_example.py for tasks to queue
[2025-10-21T00:50:23.026+0000] {logging_mixin.py:149} INFO - [2025-10-21T00:50:23.026+0000] {dagbag.py:541} INFO - Filling up the DagBag from /opt/airflow/dags/02_example.py
[2025-10-21T00:50:23.079+0000] {processor.py:836} INFO - DAG(s) dict_keys(['02_example']) retrieved from /opt/airflow/dags/02_example.py
[2025-10-21T00:50:23.146+0000] {logging_mixin.py:149} INFO - [2025-10-21T00:50:23.146+0000] {dag.py:2726} INFO - Sync 1 DAGs
[2025-10-21T00:50:23.237+0000] {logging_mixin.py:149} INFO - [2025-10-21T00:50:23.236+0000] {dag.py:3490} INFO - Setting next_dagrun for 02_example to 2025-10-20T00:00:00+00:00, run_after=2025-10-21T00:00:00+00:00
[2025-10-21T00:50:23.351+0000] {processor.py:179} INFO - Processing /opt/airflow/dags/02_example.py took 0.339 seconds
[2025-10-21T00:50:53.925+0000] {processor.py:157} INFO - Started process (PID=216) to work on /opt/airflow/dags/02_example.py
[2025-10-21T00:50:53.929+0000] {processor.py:826} INFO - Processing file /opt/airflow/dags/02_example.py for tasks to queue
[2025-10-21T00:50:53.932+0000] {logging_mixin.py:149} INFO - [2025-10-21T00:50:53.931+0000] {dagbag.py:541} INFO - Filling up the DagBag from /opt/airflow/dags/02_example.py
[2025-10-21T00:50:54.005+0000] {processor.py:836} INFO - DAG(s) dict_keys(['02_example']) retrieved from /opt/airflow/dags/02_example.py
[2025-10-21T00:50:54.137+0000] {logging_mixin.py:149} INFO - [2025-10-21T00:50:54.136+0000] {dag.py:2726} INFO - Sync 1 DAGs
[2025-10-21T00:50:54.337+0000] {logging_mixin.py:149} INFO - [2025-10-21T00:50:54.336+0000] {dag.py:3490} INFO - Setting next_dagrun for 02_example to 2025-10-20T00:00:00+00:00, run_after=2025-10-21T00:00:00+00:00
[2025-10-21T00:50:54.538+0000] {processor.py:179} INFO - Processing /opt/airflow/dags/02_example.py took 0.624 seconds
[2025-10-21T00:51:25.151+0000] {processor.py:157} INFO - Started process (PID=282) to work on /opt/airflow/dags/02_example.py
[2025-10-21T00:51:25.155+0000] {processor.py:826} INFO - Processing file /opt/airflow/dags/02_example.py for tasks to queue
[2025-10-21T00:51:25.159+0000] {logging_mixin.py:149} INFO - [2025-10-21T00:51:25.158+0000] {dagbag.py:541} INFO - Filling up the DagBag from /opt/airflow/dags/02_example.py
[2025-10-21T00:51:25.251+0000] {processor.py:836} INFO - DAG(s) dict_keys(['02_example']) retrieved from /opt/airflow/dags/02_example.py
[2025-10-21T00:51:25.421+0000] {logging_mixin.py:149} INFO - [2025-10-21T00:51:25.421+0000] {dag.py:2726} INFO - Sync 1 DAGs
[2025-10-21T00:51:25.568+0000] {logging_mixin.py:149} INFO - [2025-10-21T00:51:25.567+0000] {dag.py:3490} INFO - Setting next_dagrun for 02_example to 2025-10-20T00:00:00+00:00, run_after=2025-10-21T00:00:00+00:00
[2025-10-21T00:51:25.654+0000] {processor.py:179} INFO - Processing /opt/airflow/dags/02_example.py took 0.521 seconds
[2025-10-21T00:51:56.063+0000] {processor.py:157} INFO - Started process (PID=348) to work on /opt/airflow/dags/02_example.py
[2025-10-21T00:51:56.066+0000] {processor.py:826} INFO - Processing file /opt/airflow/dags/02_example.py for tasks to queue
[2025-10-21T00:51:56.069+0000] {logging_mixin.py:149} INFO - [2025-10-21T00:51:56.068+0000] {dagbag.py:541} INFO - Filling up the DagBag from /opt/airflow/dags/02_example.py
[2025-10-21T00:51:56.128+0000] {processor.py:836} INFO - DAG(s) dict_keys(['02_example']) retrieved from /opt/airflow/dags/02_example.py
[2025-10-21T00:51:56.234+0000] {logging_mixin.py:149} INFO - [2025-10-21T00:51:56.234+0000] {dag.py:2726} INFO - Sync 1 DAGs
[2025-10-21T00:51:56.341+0000] {logging_mixin.py:149} INFO - [2025-10-21T00:51:56.341+0000] {dag.py:3490} INFO - Setting next_dagrun for 02_example to 2025-10-20T00:00:00+00:00, run_after=2025-10-21T00:00:00+00:00
[2025-10-21T00:51:56.407+0000] {processor.py:179} INFO - Processing /opt/airflow/dags/02_example.py took 0.353 seconds
[2025-10-21T00:52:26.544+0000] {processor.py:157} INFO - Started process (PID=412) to work on /opt/airflow/dags/02_example.py
[2025-10-21T00:52:26.546+0000] {processor.py:826} INFO - Processing file /opt/airflow/dags/02_example.py for tasks to queue
[2025-10-21T00:52:26.548+0000] {logging_mixin.py:149} INFO - [2025-10-21T00:52:26.547+0000] {dagbag.py:541} INFO - Filling up the DagBag from /opt/airflow/dags/02_example.py
[2025-10-21T00:52:26.587+0000] {processor.py:836} INFO - DAG(s) dict_keys(['02_example']) retrieved from /opt/airflow/dags/02_example.py
[2025-10-21T00:52:26.638+0000] {logging_mixin.py:149} INFO - [2025-10-21T00:52:26.638+0000] {dag.py:2726} INFO - Sync 1 DAGs
[2025-10-21T00:52:26.703+0000] {logging_mixin.py:149} INFO - [2025-10-21T00:52:26.703+0000] {dag.py:3490} INFO - Setting next_dagrun for 02_example to 2025-10-20T00:00:00+00:00, run_after=2025-10-21T00:00:00+00:00
[2025-10-21T00:52:26.749+0000] {processor.py:179} INFO - Processing /opt/airflow/dags/02_example.py took 0.210 seconds
[2025-10-21T00:52:57.043+0000] {processor.py:157} INFO - Started process (PID=478) to work on /opt/airflow/dags/02_example.py
[2025-10-21T00:52:57.045+0000] {processor.py:826} INFO - Processing file /opt/airflow/dags/02_example.py for tasks to queue
[2025-10-21T00:52:57.047+0000] {logging_mixin.py:149} INFO - [2025-10-21T00:52:57.046+0000] {dagbag.py:541} INFO - Filling up the DagBag from /opt/airflow/dags/02_example.py
[2025-10-21T00:52:57.092+0000] {processor.py:836} INFO - DAG(s) dict_keys(['02_example']) retrieved from /opt/airflow/dags/02_example.py
[2025-10-21T00:52:57.144+0000] {logging_mixin.py:149} INFO - [2025-10-21T00:52:57.144+0000] {dag.py:2726} INFO - Sync 1 DAGs
[2025-10-21T00:52:57.198+0000] {logging_mixin.py:149} INFO - [2025-10-21T00:52:57.198+0000] {dag.py:3490} INFO - Setting next_dagrun for 02_example to 2025-10-20T00:00:00+00:00, run_after=2025-10-21T00:00:00+00:00
[2025-10-21T00:52:57.247+0000] {processor.py:179} INFO - Processing /opt/airflow/dags/02_example.py took 0.210 seconds
[2025-10-21T00:53:27.759+0000] {processor.py:157} INFO - Started process (PID=546) to work on /opt/airflow/dags/02_example.py
[2025-10-21T00:53:27.761+0000] {processor.py:826} INFO - Processing file /opt/airflow/dags/02_example.py for tasks to queue
[2025-10-21T00:53:27.762+0000] {logging_mixin.py:149} INFO - [2025-10-21T00:53:27.762+0000] {dagbag.py:541} INFO - Filling up the DagBag from /opt/airflow/dags/02_example.py
[2025-10-21T00:53:27.803+0000] {processor.py:836} INFO - DAG(s) dict_keys(['02_example']) retrieved from /opt/airflow/dags/02_example.py
[2025-10-21T00:53:27.853+0000] {logging_mixin.py:149} INFO - [2025-10-21T00:53:27.852+0000] {dag.py:2726} INFO - Sync 1 DAGs
[2025-10-21T00:53:27.912+0000] {logging_mixin.py:149} INFO - [2025-10-21T00:53:27.911+0000] {dag.py:3490} INFO - Setting next_dagrun for 02_example to 2025-10-20T00:00:00+00:00, run_after=2025-10-21T00:00:00+00:00
[2025-10-21T00:53:27.960+0000] {processor.py:179} INFO - Processing /opt/airflow/dags/02_example.py took 0.207 seconds
[2025-10-21T00:53:58.305+0000] {processor.py:157} INFO - Started process (PID=613) to work on /opt/airflow/dags/02_example.py
[2025-10-21T00:53:58.307+0000] {processor.py:826} INFO - Processing file /opt/airflow/dags/02_example.py for tasks to queue
[2025-10-21T00:53:58.308+0000] {logging_mixin.py:149} INFO - [2025-10-21T00:53:58.308+0000] {dagbag.py:541} INFO - Filling up the DagBag from /opt/airflow/dags/02_example.py
[2025-10-21T00:53:58.346+0000] {processor.py:836} INFO - DAG(s) dict_keys(['02_example']) retrieved from /opt/airflow/dags/02_example.py
[2025-10-21T00:53:58.388+0000] {logging_mixin.py:149} INFO - [2025-10-21T00:53:58.388+0000] {dag.py:2726} INFO - Sync 1 DAGs
[2025-10-21T00:53:58.441+0000] {logging_mixin.py:149} INFO - [2025-10-21T00:53:58.441+0000] {dag.py:3490} INFO - Setting next_dagrun for 02_example to 2025-10-20T00:00:00+00:00, run_after=2025-10-21T00:00:00+00:00
[2025-10-21T00:53:58.485+0000] {processor.py:179} INFO - Processing /opt/airflow/dags/02_example.py took 0.187 seconds
[2025-10-21T00:54:28.696+0000] {processor.py:157} INFO - Started process (PID=679) to work on /opt/airflow/dags/02_example.py
[2025-10-21T00:54:28.698+0000] {processor.py:826} INFO - Processing file /opt/airflow/dags/02_example.py for tasks to queue
[2025-10-21T00:54:28.700+0000] {logging_mixin.py:149} INFO - [2025-10-21T00:54:28.700+0000] {dagbag.py:541} INFO - Filling up the DagBag from /opt/airflow/dags/02_example.py
[2025-10-21T00:54:28.741+0000] {processor.py:836} INFO - DAG(s) dict_keys(['02_example']) retrieved from /opt/airflow/dags/02_example.py
[2025-10-21T00:54:28.790+0000] {logging_mixin.py:149} INFO - [2025-10-21T00:54:28.789+0000] {dag.py:2726} INFO - Sync 1 DAGs
[2025-10-21T00:54:28.842+0000] {logging_mixin.py:149} INFO - [2025-10-21T00:54:28.842+0000] {dag.py:3490} INFO - Setting next_dagrun for 02_example to 2025-10-20T00:00:00+00:00, run_after=2025-10-21T00:00:00+00:00
[2025-10-21T00:54:28.886+0000] {processor.py:179} INFO - Processing /opt/airflow/dags/02_example.py took 0.198 seconds
[2025-10-21T00:54:59.180+0000] {processor.py:157} INFO - Started process (PID=745) to work on /opt/airflow/dags/02_example.py
[2025-10-21T00:54:59.183+0000] {processor.py:826} INFO - Processing file /opt/airflow/dags/02_example.py for tasks to queue
[2025-10-21T00:54:59.185+0000] {logging_mixin.py:149} INFO - [2025-10-21T00:54:59.185+0000] {dagbag.py:541} INFO - Filling up the DagBag from /opt/airflow/dags/02_example.py
[2025-10-21T00:54:59.240+0000] {processor.py:836} INFO - DAG(s) dict_keys(['02_example']) retrieved from /opt/airflow/dags/02_example.py
[2025-10-21T00:54:59.307+0000] {logging_mixin.py:149} INFO - [2025-10-21T00:54:59.307+0000] {dag.py:2726} INFO - Sync 1 DAGs
[2025-10-21T00:54:59.367+0000] {logging_mixin.py:149} INFO - [2025-10-21T00:54:59.367+0000] {dag.py:3490} INFO - Setting next_dagrun for 02_example to 2025-10-20T00:00:00+00:00, run_after=2025-10-21T00:00:00+00:00
[2025-10-21T00:54:59.419+0000] {processor.py:179} INFO - Processing /opt/airflow/dags/02_example.py took 0.246 seconds
[2025-10-21T00:55:30.187+0000] {processor.py:157} INFO - Started process (PID=811) to work on /opt/airflow/dags/02_example.py
[2025-10-21T00:55:30.190+0000] {processor.py:826} INFO - Processing file /opt/airflow/dags/02_example.py for tasks to queue
[2025-10-21T00:55:30.191+0000] {logging_mixin.py:149} INFO - [2025-10-21T00:55:30.191+0000] {dagbag.py:541} INFO - Filling up the DagBag from /opt/airflow/dags/02_example.py
[2025-10-21T00:55:30.233+0000] {processor.py:836} INFO - DAG(s) dict_keys(['02_example']) retrieved from /opt/airflow/dags/02_example.py
[2025-10-21T00:55:30.292+0000] {logging_mixin.py:149} INFO - [2025-10-21T00:55:30.292+0000] {dag.py:2726} INFO - Sync 1 DAGs
[2025-10-21T00:55:30.351+0000] {logging_mixin.py:149} INFO - [2025-10-21T00:55:30.351+0000] {dag.py:3490} INFO - Setting next_dagrun for 02_example to 2025-10-20T00:00:00+00:00, run_after=2025-10-21T00:00:00+00:00
[2025-10-21T00:55:30.398+0000] {processor.py:179} INFO - Processing /opt/airflow/dags/02_example.py took 0.216 seconds
[2025-10-21T00:56:01.098+0000] {processor.py:157} INFO - Started process (PID=877) to work on /opt/airflow/dags/02_example.py
[2025-10-21T00:56:01.100+0000] {processor.py:826} INFO - Processing file /opt/airflow/dags/02_example.py for tasks to queue
[2025-10-21T00:56:01.102+0000] {logging_mixin.py:149} INFO - [2025-10-21T00:56:01.102+0000] {dagbag.py:541} INFO - Filling up the DagBag from /opt/airflow/dags/02_example.py
[2025-10-21T00:56:01.150+0000] {processor.py:836} INFO - DAG(s) dict_keys(['02_example']) retrieved from /opt/airflow/dags/02_example.py
[2025-10-21T00:56:01.210+0000] {logging_mixin.py:149} INFO - [2025-10-21T00:56:01.210+0000] {dag.py:2726} INFO - Sync 1 DAGs
[2025-10-21T00:56:01.271+0000] {logging_mixin.py:149} INFO - [2025-10-21T00:56:01.270+0000] {dag.py:3490} INFO - Setting next_dagrun for 02_example to 2025-10-20T00:00:00+00:00, run_after=2025-10-21T00:00:00+00:00
[2025-10-21T00:56:01.326+0000] {processor.py:179} INFO - Processing /opt/airflow/dags/02_example.py took 0.235 seconds
[2025-10-21T00:56:31.822+0000] {processor.py:157} INFO - Started process (PID=943) to work on /opt/airflow/dags/02_example.py
[2025-10-21T00:56:31.824+0000] {processor.py:826} INFO - Processing file /opt/airflow/dags/02_example.py for tasks to queue
[2025-10-21T00:56:31.827+0000] {logging_mixin.py:149} INFO - [2025-10-21T00:56:31.826+0000] {dagbag.py:541} INFO - Filling up the DagBag from /opt/airflow/dags/02_example.py
[2025-10-21T00:56:31.861+0000] {processor.py:836} INFO - DAG(s) dict_keys(['02_example']) retrieved from /opt/airflow/dags/02_example.py
[2025-10-21T00:56:31.908+0000] {logging_mixin.py:149} INFO - [2025-10-21T00:56:31.908+0000] {dag.py:2726} INFO - Sync 1 DAGs
[2025-10-21T00:56:31.960+0000] {logging_mixin.py:149} INFO - [2025-10-21T00:56:31.960+0000] {dag.py:3490} INFO - Setting next_dagrun for 02_example to 2025-10-20T00:00:00+00:00, run_after=2025-10-21T00:00:00+00:00
[2025-10-21T00:56:32.007+0000] {processor.py:179} INFO - Processing /opt/airflow/dags/02_example.py took 0.192 seconds
[2025-10-21T00:57:02.443+0000] {processor.py:157} INFO - Started process (PID=1010) to work on /opt/airflow/dags/02_example.py
[2025-10-21T00:57:02.445+0000] {processor.py:826} INFO - Processing file /opt/airflow/dags/02_example.py for tasks to queue
[2025-10-21T00:57:02.448+0000] {logging_mixin.py:149} INFO - [2025-10-21T00:57:02.448+0000] {dagbag.py:541} INFO - Filling up the DagBag from /opt/airflow/dags/02_example.py
[2025-10-21T00:57:02.486+0000] {processor.py:836} INFO - DAG(s) dict_keys(['02_example']) retrieved from /opt/airflow/dags/02_example.py
[2025-10-21T00:57:02.533+0000] {logging_mixin.py:149} INFO - [2025-10-21T00:57:02.533+0000] {dag.py:2726} INFO - Sync 1 DAGs
[2025-10-21T00:57:02.634+0000] {logging_mixin.py:149} INFO - [2025-10-21T00:57:02.633+0000] {dag.py:3490} INFO - Setting next_dagrun for 02_example to 2025-10-20T00:00:00+00:00, run_after=2025-10-21T00:00:00+00:00
[2025-10-21T00:57:02.701+0000] {processor.py:179} INFO - Processing /opt/airflow/dags/02_example.py took 0.264 seconds
[2025-10-21T00:57:33.459+0000] {processor.py:157} INFO - Started process (PID=1076) to work on /opt/airflow/dags/02_example.py
[2025-10-21T00:57:33.462+0000] {processor.py:826} INFO - Processing file /opt/airflow/dags/02_example.py for tasks to queue
[2025-10-21T00:57:33.463+0000] {logging_mixin.py:149} INFO - [2025-10-21T00:57:33.463+0000] {dagbag.py:541} INFO - Filling up the DagBag from /opt/airflow/dags/02_example.py
[2025-10-21T00:57:33.501+0000] {processor.py:836} INFO - DAG(s) dict_keys(['02_example']) retrieved from /opt/airflow/dags/02_example.py
[2025-10-21T00:57:33.550+0000] {logging_mixin.py:149} INFO - [2025-10-21T00:57:33.550+0000] {dag.py:2726} INFO - Sync 1 DAGs
[2025-10-21T00:57:33.592+0000] {logging_mixin.py:149} INFO - [2025-10-21T00:57:33.592+0000] {dag.py:3490} INFO - Setting next_dagrun for 02_example to 2025-10-20T00:00:00+00:00, run_after=2025-10-21T00:00:00+00:00
[2025-10-21T00:57:33.628+0000] {processor.py:179} INFO - Processing /opt/airflow/dags/02_example.py took 0.177 seconds
[2025-10-21T00:58:04.302+0000] {processor.py:157} INFO - Started process (PID=1142) to work on /opt/airflow/dags/02_example.py
[2025-10-21T00:58:04.304+0000] {processor.py:826} INFO - Processing file /opt/airflow/dags/02_example.py for tasks to queue
[2025-10-21T00:58:04.306+0000] {logging_mixin.py:149} INFO - [2025-10-21T00:58:04.306+0000] {dagbag.py:541} INFO - Filling up the DagBag from /opt/airflow/dags/02_example.py
[2025-10-21T00:58:04.348+0000] {processor.py:836} INFO - DAG(s) dict_keys(['02_example']) retrieved from /opt/airflow/dags/02_example.py
[2025-10-21T00:58:04.431+0000] {logging_mixin.py:149} INFO - [2025-10-21T00:58:04.430+0000] {dag.py:2726} INFO - Sync 1 DAGs
[2025-10-21T00:58:04.534+0000] {logging_mixin.py:149} INFO - [2025-10-21T00:58:04.533+0000] {dag.py:3490} INFO - Setting next_dagrun for 02_example to 2025-10-20T00:00:00+00:00, run_after=2025-10-21T00:00:00+00:00
[2025-10-21T00:58:04.634+0000] {processor.py:179} INFO - Processing /opt/airflow/dags/02_example.py took 0.339 seconds
[2025-10-21T00:58:35.727+0000] {processor.py:157} INFO - Started process (PID=1209) to work on /opt/airflow/dags/02_example.py
[2025-10-21T00:58:35.731+0000] {processor.py:826} INFO - Processing file /opt/airflow/dags/02_example.py for tasks to queue
[2025-10-21T00:58:35.733+0000] {logging_mixin.py:149} INFO - [2025-10-21T00:58:35.733+0000] {dagbag.py:541} INFO - Filling up the DagBag from /opt/airflow/dags/02_example.py
[2025-10-21T00:58:35.775+0000] {processor.py:836} INFO - DAG(s) dict_keys(['02_example']) retrieved from /opt/airflow/dags/02_example.py
[2025-10-21T00:58:35.834+0000] {logging_mixin.py:149} INFO - [2025-10-21T00:58:35.834+0000] {dag.py:2726} INFO - Sync 1 DAGs
[2025-10-21T00:58:35.897+0000] {logging_mixin.py:149} INFO - [2025-10-21T00:58:35.897+0000] {dag.py:3490} INFO - Setting next_dagrun for 02_example to 2025-10-20T00:00:00+00:00, run_after=2025-10-21T00:00:00+00:00
[2025-10-21T00:58:35.952+0000] {processor.py:179} INFO - Processing /opt/airflow/dags/02_example.py took 0.239 seconds
[2025-10-21T00:59:06.416+0000] {processor.py:157} INFO - Started process (PID=1276) to work on /opt/airflow/dags/02_example.py
[2025-10-21T00:59:06.419+0000] {processor.py:826} INFO - Processing file /opt/airflow/dags/02_example.py for tasks to queue
[2025-10-21T00:59:06.422+0000] {logging_mixin.py:149} INFO - [2025-10-21T00:59:06.421+0000] {dagbag.py:541} INFO - Filling up the DagBag from /opt/airflow/dags/02_example.py
[2025-10-21T00:59:06.468+0000] {processor.py:836} INFO - DAG(s) dict_keys(['02_example']) retrieved from /opt/airflow/dags/02_example.py
[2025-10-21T00:59:06.529+0000] {logging_mixin.py:149} INFO - [2025-10-21T00:59:06.529+0000] {dag.py:2726} INFO - Sync 1 DAGs
[2025-10-21T00:59:06.601+0000] {logging_mixin.py:149} INFO - [2025-10-21T00:59:06.601+0000] {dag.py:3490} INFO - Setting next_dagrun for 02_example to 2025-10-20T00:00:00+00:00, run_after=2025-10-21T00:00:00+00:00
[2025-10-21T00:59:06.675+0000] {processor.py:179} INFO - Processing /opt/airflow/dags/02_example.py took 0.269 seconds
[2025-10-21T00:59:37.030+0000] {processor.py:157} INFO - Started process (PID=1343) to work on /opt/airflow/dags/02_example.py
[2025-10-21T00:59:37.034+0000] {processor.py:826} INFO - Processing file /opt/airflow/dags/02_example.py for tasks to queue
[2025-10-21T00:59:37.038+0000] {logging_mixin.py:149} INFO - [2025-10-21T00:59:37.037+0000] {dagbag.py:541} INFO - Filling up the DagBag from /opt/airflow/dags/02_example.py
[2025-10-21T00:59:37.110+0000] {processor.py:836} INFO - DAG(s) dict_keys(['02_example']) retrieved from /opt/airflow/dags/02_example.py
[2025-10-21T00:59:37.196+0000] {logging_mixin.py:149} INFO - [2025-10-21T00:59:37.196+0000] {dag.py:2726} INFO - Sync 1 DAGs
[2025-10-21T00:59:37.324+0000] {logging_mixin.py:149} INFO - [2025-10-21T00:59:37.324+0000] {dag.py:3490} INFO - Setting next_dagrun for 02_example to 2025-10-20T00:00:00+00:00, run_after=2025-10-21T00:00:00+00:00
[2025-10-21T00:59:37.396+0000] {processor.py:179} INFO - Processing /opt/airflow/dags/02_example.py took 0.379 seconds
[2025-10-21T01:00:07.613+0000] {processor.py:157} INFO - Started process (PID=1416) to work on /opt/airflow/dags/02_example.py
[2025-10-21T01:00:07.616+0000] {processor.py:826} INFO - Processing file /opt/airflow/dags/02_example.py for tasks to queue
[2025-10-21T01:00:07.617+0000] {logging_mixin.py:149} INFO - [2025-10-21T01:00:07.617+0000] {dagbag.py:541} INFO - Filling up the DagBag from /opt/airflow/dags/02_example.py
[2025-10-21T01:00:07.658+0000] {processor.py:836} INFO - DAG(s) dict_keys(['02_example']) retrieved from /opt/airflow/dags/02_example.py
[2025-10-21T01:00:07.708+0000] {logging_mixin.py:149} INFO - [2025-10-21T01:00:07.708+0000] {dag.py:2726} INFO - Sync 1 DAGs
[2025-10-21T01:00:07.758+0000] {logging_mixin.py:149} INFO - [2025-10-21T01:00:07.757+0000] {dag.py:3490} INFO - Setting next_dagrun for 02_example to 2025-10-20T00:00:00+00:00, run_after=2025-10-21T00:00:00+00:00
[2025-10-21T01:00:07.808+0000] {processor.py:179} INFO - Processing /opt/airflow/dags/02_example.py took 0.202 seconds
[2025-10-21T01:00:38.168+0000] {processor.py:157} INFO - Started process (PID=1482) to work on /opt/airflow/dags/02_example.py
[2025-10-21T01:00:38.170+0000] {processor.py:826} INFO - Processing file /opt/airflow/dags/02_example.py for tasks to queue
[2025-10-21T01:00:38.172+0000] {logging_mixin.py:149} INFO - [2025-10-21T01:00:38.171+0000] {dagbag.py:541} INFO - Filling up the DagBag from /opt/airflow/dags/02_example.py
[2025-10-21T01:00:38.212+0000] {processor.py:836} INFO - DAG(s) dict_keys(['02_example']) retrieved from /opt/airflow/dags/02_example.py
[2025-10-21T01:00:38.260+0000] {logging_mixin.py:149} INFO - [2025-10-21T01:00:38.260+0000] {dag.py:2726} INFO - Sync 1 DAGs
[2025-10-21T01:00:38.316+0000] {logging_mixin.py:149} INFO - [2025-10-21T01:00:38.316+0000] {dag.py:3490} INFO - Setting next_dagrun for 02_example to 2025-10-20T00:00:00+00:00, run_after=2025-10-21T00:00:00+00:00
[2025-10-21T01:00:38.358+0000] {processor.py:179} INFO - Processing /opt/airflow/dags/02_example.py took 0.197 seconds
[2025-10-21T01:01:08.929+0000] {processor.py:157} INFO - Started process (PID=1548) to work on /opt/airflow/dags/02_example.py
[2025-10-21T01:01:08.932+0000] {processor.py:826} INFO - Processing file /opt/airflow/dags/02_example.py for tasks to queue
[2025-10-21T01:01:08.934+0000] {logging_mixin.py:149} INFO - [2025-10-21T01:01:08.933+0000] {dagbag.py:541} INFO - Filling up the DagBag from /opt/airflow/dags/02_example.py
[2025-10-21T01:01:08.968+0000] {processor.py:836} INFO - DAG(s) dict_keys(['02_example']) retrieved from /opt/airflow/dags/02_example.py
[2025-10-21T01:01:09.016+0000] {logging_mixin.py:149} INFO - [2025-10-21T01:01:09.016+0000] {dag.py:2726} INFO - Sync 1 DAGs
[2025-10-21T01:01:09.073+0000] {logging_mixin.py:149} INFO - [2025-10-21T01:01:09.073+0000] {dag.py:3490} INFO - Setting next_dagrun for 02_example to 2025-10-20T00:00:00+00:00, run_after=2025-10-21T00:00:00+00:00
[2025-10-21T01:01:09.119+0000] {processor.py:179} INFO - Processing /opt/airflow/dags/02_example.py took 0.196 seconds
[2025-10-21T01:01:39.888+0000] {processor.py:157} INFO - Started process (PID=1614) to work on /opt/airflow/dags/02_example.py
[2025-10-21T01:01:39.890+0000] {processor.py:826} INFO - Processing file /opt/airflow/dags/02_example.py for tasks to queue
[2025-10-21T01:01:39.892+0000] {logging_mixin.py:149} INFO - [2025-10-21T01:01:39.892+0000] {dagbag.py:541} INFO - Filling up the DagBag from /opt/airflow/dags/02_example.py
[2025-10-21T01:01:39.931+0000] {processor.py:836} INFO - DAG(s) dict_keys(['02_example']) retrieved from /opt/airflow/dags/02_example.py
[2025-10-21T01:01:39.981+0000] {logging_mixin.py:149} INFO - [2025-10-21T01:01:39.980+0000] {dag.py:2726} INFO - Sync 1 DAGs
[2025-10-21T01:01:40.032+0000] {logging_mixin.py:149} INFO - [2025-10-21T01:01:40.032+0000] {dag.py:3490} INFO - Setting next_dagrun for 02_example to 2025-10-20T00:00:00+00:00, run_after=2025-10-21T00:00:00+00:00
[2025-10-21T01:01:40.076+0000] {processor.py:179} INFO - Processing /opt/airflow/dags/02_example.py took 0.195 seconds
[2025-10-21T01:02:10.376+0000] {processor.py:157} INFO - Started process (PID=1680) to work on /opt/airflow/dags/02_example.py
[2025-10-21T01:02:10.378+0000] {processor.py:826} INFO - Processing file /opt/airflow/dags/02_example.py for tasks to queue
[2025-10-21T01:02:10.380+0000] {logging_mixin.py:149} INFO - [2025-10-21T01:02:10.380+0000] {dagbag.py:541} INFO - Filling up the DagBag from /opt/airflow/dags/02_example.py
[2025-10-21T01:02:10.417+0000] {processor.py:836} INFO - DAG(s) dict_keys(['02_example']) retrieved from /opt/airflow/dags/02_example.py
[2025-10-21T01:02:10.464+0000] {logging_mixin.py:149} INFO - [2025-10-21T01:02:10.464+0000] {dag.py:2726} INFO - Sync 1 DAGs
[2025-10-21T01:02:10.507+0000] {logging_mixin.py:149} INFO - [2025-10-21T01:02:10.506+0000] {dag.py:3490} INFO - Setting next_dagrun for 02_example to 2025-10-20T00:00:00+00:00, run_after=2025-10-21T00:00:00+00:00
[2025-10-21T01:02:10.544+0000] {processor.py:179} INFO - Processing /opt/airflow/dags/02_example.py took 0.174 seconds
[2025-10-21T01:02:40.912+0000] {processor.py:157} INFO - Started process (PID=1746) to work on /opt/airflow/dags/02_example.py
[2025-10-21T01:02:40.914+0000] {processor.py:826} INFO - Processing file /opt/airflow/dags/02_example.py for tasks to queue
[2025-10-21T01:02:40.916+0000] {logging_mixin.py:149} INFO - [2025-10-21T01:02:40.916+0000] {dagbag.py:541} INFO - Filling up the DagBag from /opt/airflow/dags/02_example.py
[2025-10-21T01:02:40.958+0000] {processor.py:836} INFO - DAG(s) dict_keys(['02_example']) retrieved from /opt/airflow/dags/02_example.py
[2025-10-21T01:02:41.010+0000] {logging_mixin.py:149} INFO - [2025-10-21T01:02:41.009+0000] {dag.py:2726} INFO - Sync 1 DAGs
[2025-10-21T01:02:41.064+0000] {logging_mixin.py:149} INFO - [2025-10-21T01:02:41.063+0000] {dag.py:3490} INFO - Setting next_dagrun for 02_example to 2025-10-20T00:00:00+00:00, run_after=2025-10-21T00:00:00+00:00
[2025-10-21T01:02:41.102+0000] {processor.py:179} INFO - Processing /opt/airflow/dags/02_example.py took 0.197 seconds
[2025-10-21T01:03:11.542+0000] {processor.py:157} INFO - Started process (PID=1813) to work on /opt/airflow/dags/02_example.py
[2025-10-21T01:03:11.545+0000] {processor.py:826} INFO - Processing file /opt/airflow/dags/02_example.py for tasks to queue
[2025-10-21T01:03:11.547+0000] {logging_mixin.py:149} INFO - [2025-10-21T01:03:11.546+0000] {dagbag.py:541} INFO - Filling up the DagBag from /opt/airflow/dags/02_example.py
[2025-10-21T01:03:11.595+0000] {processor.py:836} INFO - DAG(s) dict_keys(['02_example']) retrieved from /opt/airflow/dags/02_example.py
[2025-10-21T01:03:11.647+0000] {logging_mixin.py:149} INFO - [2025-10-21T01:03:11.647+0000] {dag.py:2726} INFO - Sync 1 DAGs
[2025-10-21T01:03:11.700+0000] {logging_mixin.py:149} INFO - [2025-10-21T01:03:11.699+0000] {dag.py:3490} INFO - Setting next_dagrun for 02_example to 2025-10-20T00:00:00+00:00, run_after=2025-10-21T00:00:00+00:00
[2025-10-21T01:03:11.740+0000] {processor.py:179} INFO - Processing /opt/airflow/dags/02_example.py took 0.205 seconds
[2025-10-21T01:03:42.321+0000] {processor.py:157} INFO - Started process (PID=1879) to work on /opt/airflow/dags/02_example.py
[2025-10-21T01:03:42.323+0000] {processor.py:826} INFO - Processing file /opt/airflow/dags/02_example.py for tasks to queue
[2025-10-21T01:03:42.325+0000] {logging_mixin.py:149} INFO - [2025-10-21T01:03:42.325+0000] {dagbag.py:541} INFO - Filling up the DagBag from /opt/airflow/dags/02_example.py
[2025-10-21T01:03:42.360+0000] {processor.py:836} INFO - DAG(s) dict_keys(['02_example']) retrieved from /opt/airflow/dags/02_example.py
[2025-10-21T01:03:42.405+0000] {logging_mixin.py:149} INFO - [2025-10-21T01:03:42.405+0000] {dag.py:2726} INFO - Sync 1 DAGs
[2025-10-21T01:03:42.452+0000] {logging_mixin.py:149} INFO - [2025-10-21T01:03:42.452+0000] {dag.py:3490} INFO - Setting next_dagrun for 02_example to 2025-10-20T00:00:00+00:00, run_after=2025-10-21T00:00:00+00:00
[2025-10-21T01:03:42.493+0000] {processor.py:179} INFO - Processing /opt/airflow/dags/02_example.py took 0.180 seconds
[2025-10-21T01:04:12.928+0000] {processor.py:157} INFO - Started process (PID=1945) to work on /opt/airflow/dags/02_example.py
[2025-10-21T01:04:12.931+0000] {processor.py:826} INFO - Processing file /opt/airflow/dags/02_example.py for tasks to queue
[2025-10-21T01:04:12.933+0000] {logging_mixin.py:149} INFO - [2025-10-21T01:04:12.932+0000] {dagbag.py:541} INFO - Filling up the DagBag from /opt/airflow/dags/02_example.py
[2025-10-21T01:04:12.966+0000] {processor.py:836} INFO - DAG(s) dict_keys(['02_example']) retrieved from /opt/airflow/dags/02_example.py
[2025-10-21T01:04:13.013+0000] {logging_mixin.py:149} INFO - [2025-10-21T01:04:13.013+0000] {dag.py:2726} INFO - Sync 1 DAGs
[2025-10-21T01:04:13.064+0000] {logging_mixin.py:149} INFO - [2025-10-21T01:04:13.063+0000] {dag.py:3490} INFO - Setting next_dagrun for 02_example to 2025-10-20T00:00:00+00:00, run_after=2025-10-21T00:00:00+00:00
[2025-10-21T01:04:13.105+0000] {processor.py:179} INFO - Processing /opt/airflow/dags/02_example.py took 0.186 seconds
[2025-10-21T01:04:43.484+0000] {processor.py:157} INFO - Started process (PID=2011) to work on /opt/airflow/dags/02_example.py
[2025-10-21T01:04:43.486+0000] {processor.py:826} INFO - Processing file /opt/airflow/dags/02_example.py for tasks to queue
[2025-10-21T01:04:43.490+0000] {logging_mixin.py:149} INFO - [2025-10-21T01:04:43.489+0000] {dagbag.py:541} INFO - Filling up the DagBag from /opt/airflow/dags/02_example.py
[2025-10-21T01:04:43.541+0000] {processor.py:836} INFO - DAG(s) dict_keys(['02_example']) retrieved from /opt/airflow/dags/02_example.py
[2025-10-21T01:04:43.606+0000] {logging_mixin.py:149} INFO - [2025-10-21T01:04:43.606+0000] {dag.py:2726} INFO - Sync 1 DAGs
[2025-10-21T01:04:43.677+0000] {logging_mixin.py:149} INFO - [2025-10-21T01:04:43.676+0000] {dag.py:3490} INFO - Setting next_dagrun for 02_example to 2025-10-20T00:00:00+00:00, run_after=2025-10-21T00:00:00+00:00
[2025-10-21T01:04:43.727+0000] {processor.py:179} INFO - Processing /opt/airflow/dags/02_example.py took 0.250 seconds
[2025-10-21T01:05:14.432+0000] {processor.py:157} INFO - Started process (PID=2068) to work on /opt/airflow/dags/02_example.py
[2025-10-21T01:05:14.434+0000] {processor.py:826} INFO - Processing file /opt/airflow/dags/02_example.py for tasks to queue
[2025-10-21T01:05:14.436+0000] {logging_mixin.py:149} INFO - [2025-10-21T01:05:14.436+0000] {dagbag.py:541} INFO - Filling up the DagBag from /opt/airflow/dags/02_example.py
[2025-10-21T01:05:14.479+0000] {processor.py:836} INFO - DAG(s) dict_keys(['02_example']) retrieved from /opt/airflow/dags/02_example.py
[2025-10-21T01:05:14.530+0000] {logging_mixin.py:149} INFO - [2025-10-21T01:05:14.530+0000] {dag.py:2726} INFO - Sync 1 DAGs
[2025-10-21T01:05:14.613+0000] {logging_mixin.py:149} INFO - [2025-10-21T01:05:14.612+0000] {dag.py:3490} INFO - Setting next_dagrun for 02_example to 2025-10-20T00:00:00+00:00, run_after=2025-10-21T00:00:00+00:00
[2025-10-21T01:05:14.686+0000] {processor.py:179} INFO - Processing /opt/airflow/dags/02_example.py took 0.259 seconds
[2025-10-21T01:05:45.066+0000] {processor.py:157} INFO - Started process (PID=2134) to work on /opt/airflow/dags/02_example.py
[2025-10-21T01:05:45.068+0000] {processor.py:826} INFO - Processing file /opt/airflow/dags/02_example.py for tasks to queue
[2025-10-21T01:05:45.071+0000] {logging_mixin.py:149} INFO - [2025-10-21T01:05:45.071+0000] {dagbag.py:541} INFO - Filling up the DagBag from /opt/airflow/dags/02_example.py
[2025-10-21T01:05:45.131+0000] {processor.py:836} INFO - DAG(s) dict_keys(['02_example']) retrieved from /opt/airflow/dags/02_example.py
[2025-10-21T01:05:45.207+0000] {logging_mixin.py:149} INFO - [2025-10-21T01:05:45.206+0000] {dag.py:2726} INFO - Sync 1 DAGs
[2025-10-21T01:05:45.288+0000] {logging_mixin.py:149} INFO - [2025-10-21T01:05:45.288+0000] {dag.py:3490} INFO - Setting next_dagrun for 02_example to 2025-10-20T00:00:00+00:00, run_after=2025-10-21T00:00:00+00:00
[2025-10-21T01:05:45.348+0000] {processor.py:179} INFO - Processing /opt/airflow/dags/02_example.py took 0.295 seconds
[2025-10-21T01:06:15.506+0000] {processor.py:157} INFO - Started process (PID=2200) to work on /opt/airflow/dags/02_example.py
[2025-10-21T01:06:15.508+0000] {processor.py:826} INFO - Processing file /opt/airflow/dags/02_example.py for tasks to queue
[2025-10-21T01:06:15.510+0000] {logging_mixin.py:149} INFO - [2025-10-21T01:06:15.510+0000] {dagbag.py:541} INFO - Filling up the DagBag from /opt/airflow/dags/02_example.py
[2025-10-21T01:06:15.548+0000] {processor.py:836} INFO - DAG(s) dict_keys(['02_example']) retrieved from /opt/airflow/dags/02_example.py
[2025-10-21T01:06:15.596+0000] {logging_mixin.py:149} INFO - [2025-10-21T01:06:15.596+0000] {dag.py:2726} INFO - Sync 1 DAGs
[2025-10-21T01:06:15.648+0000] {logging_mixin.py:149} INFO - [2025-10-21T01:06:15.648+0000] {dag.py:3490} INFO - Setting next_dagrun for 02_example to 2025-10-20T00:00:00+00:00, run_after=2025-10-21T00:00:00+00:00
[2025-10-21T01:06:15.692+0000] {processor.py:179} INFO - Processing /opt/airflow/dags/02_example.py took 0.192 seconds
[2025-10-21T01:06:45.831+0000] {processor.py:157} INFO - Started process (PID=2267) to work on /opt/airflow/dags/02_example.py
[2025-10-21T01:06:45.833+0000] {processor.py:826} INFO - Processing file /opt/airflow/dags/02_example.py for tasks to queue
[2025-10-21T01:06:45.835+0000] {logging_mixin.py:149} INFO - [2025-10-21T01:06:45.835+0000] {dagbag.py:541} INFO - Filling up the DagBag from /opt/airflow/dags/02_example.py
[2025-10-21T01:06:45.876+0000] {processor.py:836} INFO - DAG(s) dict_keys(['02_example']) retrieved from /opt/airflow/dags/02_example.py
[2025-10-21T01:06:45.932+0000] {logging_mixin.py:149} INFO - [2025-10-21T01:06:45.932+0000] {dag.py:2726} INFO - Sync 1 DAGs
[2025-10-21T01:06:45.991+0000] {logging_mixin.py:149} INFO - [2025-10-21T01:06:45.990+0000] {dag.py:3490} INFO - Setting next_dagrun for 02_example to 2025-10-20T00:00:00+00:00, run_after=2025-10-21T00:00:00+00:00
[2025-10-21T01:06:46.038+0000] {processor.py:179} INFO - Processing /opt/airflow/dags/02_example.py took 0.217 seconds
[2025-10-21T01:07:16.290+0000] {processor.py:157} INFO - Started process (PID=2334) to work on /opt/airflow/dags/02_example.py
[2025-10-21T01:07:16.293+0000] {processor.py:826} INFO - Processing file /opt/airflow/dags/02_example.py for tasks to queue
[2025-10-21T01:07:16.295+0000] {logging_mixin.py:149} INFO - [2025-10-21T01:07:16.294+0000] {dagbag.py:541} INFO - Filling up the DagBag from /opt/airflow/dags/02_example.py
[2025-10-21T01:07:16.338+0000] {processor.py:836} INFO - DAG(s) dict_keys(['02_example']) retrieved from /opt/airflow/dags/02_example.py
[2025-10-21T01:07:16.387+0000] {logging_mixin.py:149} INFO - [2025-10-21T01:07:16.387+0000] {dag.py:2726} INFO - Sync 1 DAGs
[2025-10-21T01:07:16.444+0000] {logging_mixin.py:149} INFO - [2025-10-21T01:07:16.444+0000] {dag.py:3490} INFO - Setting next_dagrun for 02_example to 2025-10-20T00:00:00+00:00, run_after=2025-10-21T00:00:00+00:00
[2025-10-21T01:07:16.497+0000] {processor.py:179} INFO - Processing /opt/airflow/dags/02_example.py took 0.214 seconds
[2025-10-21T01:07:46.668+0000] {processor.py:157} INFO - Started process (PID=2400) to work on /opt/airflow/dags/02_example.py
[2025-10-21T01:07:46.671+0000] {processor.py:826} INFO - Processing file /opt/airflow/dags/02_example.py for tasks to queue
[2025-10-21T01:07:46.672+0000] {logging_mixin.py:149} INFO - [2025-10-21T01:07:46.672+0000] {dagbag.py:541} INFO - Filling up the DagBag from /opt/airflow/dags/02_example.py
[2025-10-21T01:07:46.713+0000] {processor.py:836} INFO - DAG(s) dict_keys(['02_example']) retrieved from /opt/airflow/dags/02_example.py
[2025-10-21T01:07:46.766+0000] {logging_mixin.py:149} INFO - [2025-10-21T01:07:46.766+0000] {dag.py:2726} INFO - Sync 1 DAGs
[2025-10-21T01:07:46.820+0000] {logging_mixin.py:149} INFO - [2025-10-21T01:07:46.820+0000] {dag.py:3490} INFO - Setting next_dagrun for 02_example to 2025-10-20T00:00:00+00:00, run_after=2025-10-21T00:00:00+00:00
[2025-10-21T01:07:46.868+0000] {processor.py:179} INFO - Processing /opt/airflow/dags/02_example.py took 0.207 seconds
[2025-10-21T01:08:17.644+0000] {processor.py:157} INFO - Started process (PID=2466) to work on /opt/airflow/dags/02_example.py
[2025-10-21T01:08:17.647+0000] {processor.py:826} INFO - Processing file /opt/airflow/dags/02_example.py for tasks to queue
[2025-10-21T01:08:17.649+0000] {logging_mixin.py:149} INFO - [2025-10-21T01:08:17.649+0000] {dagbag.py:541} INFO - Filling up the DagBag from /opt/airflow/dags/02_example.py
[2025-10-21T01:08:17.702+0000] {processor.py:836} INFO - DAG(s) dict_keys(['02_example']) retrieved from /opt/airflow/dags/02_example.py
[2025-10-21T01:08:17.762+0000] {logging_mixin.py:149} INFO - [2025-10-21T01:08:17.762+0000] {dag.py:2726} INFO - Sync 1 DAGs
[2025-10-21T01:08:17.827+0000] {logging_mixin.py:149} INFO - [2025-10-21T01:08:17.826+0000] {dag.py:3490} INFO - Setting next_dagrun for 02_example to 2025-10-20T00:00:00+00:00, run_after=2025-10-21T00:00:00+00:00
[2025-10-21T01:08:17.874+0000] {processor.py:179} INFO - Processing /opt/airflow/dags/02_example.py took 0.239 seconds
[2025-10-21T01:08:48.291+0000] {processor.py:157} INFO - Started process (PID=2532) to work on /opt/airflow/dags/02_example.py
[2025-10-21T01:08:48.294+0000] {processor.py:826} INFO - Processing file /opt/airflow/dags/02_example.py for tasks to queue
[2025-10-21T01:08:48.297+0000] {logging_mixin.py:149} INFO - [2025-10-21T01:08:48.296+0000] {dagbag.py:541} INFO - Filling up the DagBag from /opt/airflow/dags/02_example.py
[2025-10-21T01:08:48.340+0000] {processor.py:836} INFO - DAG(s) dict_keys(['02_example']) retrieved from /opt/airflow/dags/02_example.py
[2025-10-21T01:08:48.396+0000] {logging_mixin.py:149} INFO - [2025-10-21T01:08:48.396+0000] {dag.py:2726} INFO - Sync 1 DAGs
[2025-10-21T01:08:48.455+0000] {logging_mixin.py:149} INFO - [2025-10-21T01:08:48.455+0000] {dag.py:3490} INFO - Setting next_dagrun for 02_example to 2025-10-20T00:00:00+00:00, run_after=2025-10-21T00:00:00+00:00
[2025-10-21T01:08:48.500+0000] {processor.py:179} INFO - Processing /opt/airflow/dags/02_example.py took 0.217 seconds
[2025-10-21T01:09:18.970+0000] {processor.py:157} INFO - Started process (PID=2598) to work on /opt/airflow/dags/02_example.py
[2025-10-21T01:09:18.972+0000] {processor.py:826} INFO - Processing file /opt/airflow/dags/02_example.py for tasks to queue
[2025-10-21T01:09:18.974+0000] {logging_mixin.py:149} INFO - [2025-10-21T01:09:18.974+0000] {dagbag.py:541} INFO - Filling up the DagBag from /opt/airflow/dags/02_example.py
[2025-10-21T01:09:19.025+0000] {processor.py:836} INFO - DAG(s) dict_keys(['02_example']) retrieved from /opt/airflow/dags/02_example.py
[2025-10-21T01:09:19.093+0000] {logging_mixin.py:149} INFO - [2025-10-21T01:09:19.093+0000] {dag.py:2726} INFO - Sync 1 DAGs
[2025-10-21T01:09:19.144+0000] {logging_mixin.py:149} INFO - [2025-10-21T01:09:19.144+0000] {dag.py:3490} INFO - Setting next_dagrun for 02_example to 2025-10-20T00:00:00+00:00, run_after=2025-10-21T00:00:00+00:00
[2025-10-21T01:09:19.192+0000] {processor.py:179} INFO - Processing /opt/airflow/dags/02_example.py took 0.229 seconds
[2025-10-21T01:09:49.516+0000] {processor.py:157} INFO - Started process (PID=2665) to work on /opt/airflow/dags/02_example.py
[2025-10-21T01:09:49.518+0000] {processor.py:826} INFO - Processing file /opt/airflow/dags/02_example.py for tasks to queue
[2025-10-21T01:09:49.520+0000] {logging_mixin.py:149} INFO - [2025-10-21T01:09:49.520+0000] {dagbag.py:541} INFO - Filling up the DagBag from /opt/airflow/dags/02_example.py
[2025-10-21T01:09:49.565+0000] {processor.py:836} INFO - DAG(s) dict_keys(['02_example']) retrieved from /opt/airflow/dags/02_example.py
[2025-10-21T01:09:49.620+0000] {logging_mixin.py:149} INFO - [2025-10-21T01:09:49.620+0000] {dag.py:2726} INFO - Sync 1 DAGs
[2025-10-21T01:09:49.689+0000] {logging_mixin.py:149} INFO - [2025-10-21T01:09:49.688+0000] {dag.py:3490} INFO - Setting next_dagrun for 02_example to 2025-10-20T00:00:00+00:00, run_after=2025-10-21T00:00:00+00:00
[2025-10-21T01:09:49.744+0000] {processor.py:179} INFO - Processing /opt/airflow/dags/02_example.py took 0.237 seconds
[2025-10-21T01:10:20.533+0000] {processor.py:157} INFO - Started process (PID=2732) to work on /opt/airflow/dags/02_example.py
[2025-10-21T01:10:20.536+0000] {processor.py:826} INFO - Processing file /opt/airflow/dags/02_example.py for tasks to queue
[2025-10-21T01:10:20.538+0000] {logging_mixin.py:149} INFO - [2025-10-21T01:10:20.538+0000] {dagbag.py:541} INFO - Filling up the DagBag from /opt/airflow/dags/02_example.py
[2025-10-21T01:10:20.589+0000] {processor.py:836} INFO - DAG(s) dict_keys(['02_example']) retrieved from /opt/airflow/dags/02_example.py
[2025-10-21T01:10:20.643+0000] {logging_mixin.py:149} INFO - [2025-10-21T01:10:20.643+0000] {dag.py:2726} INFO - Sync 1 DAGs
[2025-10-21T01:10:20.701+0000] {logging_mixin.py:149} INFO - [2025-10-21T01:10:20.700+0000] {dag.py:3490} INFO - Setting next_dagrun for 02_example to 2025-10-20T00:00:00+00:00, run_after=2025-10-21T00:00:00+00:00
[2025-10-21T01:10:20.749+0000] {processor.py:179} INFO - Processing /opt/airflow/dags/02_example.py took 0.224 seconds
[2025-10-21T01:10:51.239+0000] {processor.py:157} INFO - Started process (PID=2798) to work on /opt/airflow/dags/02_example.py
[2025-10-21T01:10:51.241+0000] {processor.py:826} INFO - Processing file /opt/airflow/dags/02_example.py for tasks to queue
[2025-10-21T01:10:51.242+0000] {logging_mixin.py:149} INFO - [2025-10-21T01:10:51.242+0000] {dagbag.py:541} INFO - Filling up the DagBag from /opt/airflow/dags/02_example.py
[2025-10-21T01:10:51.282+0000] {processor.py:836} INFO - DAG(s) dict_keys(['02_example']) retrieved from /opt/airflow/dags/02_example.py
[2025-10-21T01:10:51.325+0000] {logging_mixin.py:149} INFO - [2025-10-21T01:10:51.325+0000] {dag.py:2726} INFO - Sync 1 DAGs
[2025-10-21T01:10:51.383+0000] {logging_mixin.py:149} INFO - [2025-10-21T01:10:51.382+0000] {dag.py:3490} INFO - Setting next_dagrun for 02_example to 2025-10-20T00:00:00+00:00, run_after=2025-10-21T00:00:00+00:00
[2025-10-21T01:10:51.432+0000] {processor.py:179} INFO - Processing /opt/airflow/dags/02_example.py took 0.199 seconds
[2025-10-21T01:11:21.634+0000] {processor.py:157} INFO - Started process (PID=2864) to work on /opt/airflow/dags/02_example.py
[2025-10-21T01:11:21.637+0000] {processor.py:826} INFO - Processing file /opt/airflow/dags/02_example.py for tasks to queue
[2025-10-21T01:11:21.639+0000] {logging_mixin.py:149} INFO - [2025-10-21T01:11:21.638+0000] {dagbag.py:541} INFO - Filling up the DagBag from /opt/airflow/dags/02_example.py
[2025-10-21T01:11:21.672+0000] {processor.py:836} INFO - DAG(s) dict_keys(['02_example']) retrieved from /opt/airflow/dags/02_example.py
[2025-10-21T01:11:21.716+0000] {logging_mixin.py:149} INFO - [2025-10-21T01:11:21.716+0000] {dag.py:2726} INFO - Sync 1 DAGs
[2025-10-21T01:11:21.773+0000] {logging_mixin.py:149} INFO - [2025-10-21T01:11:21.773+0000] {dag.py:3490} INFO - Setting next_dagrun for 02_example to 2025-10-20T00:00:00+00:00, run_after=2025-10-21T00:00:00+00:00
[2025-10-21T01:11:21.823+0000] {processor.py:179} INFO - Processing /opt/airflow/dags/02_example.py took 0.197 seconds
[2025-10-21T01:11:52.381+0000] {processor.py:157} INFO - Started process (PID=2930) to work on /opt/airflow/dags/02_example.py
[2025-10-21T01:11:52.384+0000] {processor.py:826} INFO - Processing file /opt/airflow/dags/02_example.py for tasks to queue
[2025-10-21T01:11:52.387+0000] {logging_mixin.py:149} INFO - [2025-10-21T01:11:52.386+0000] {dagbag.py:541} INFO - Filling up the DagBag from /opt/airflow/dags/02_example.py
[2025-10-21T01:11:52.433+0000] {processor.py:836} INFO - DAG(s) dict_keys(['02_example']) retrieved from /opt/airflow/dags/02_example.py
[2025-10-21T01:11:52.484+0000] {logging_mixin.py:149} INFO - [2025-10-21T01:11:52.484+0000] {dag.py:2726} INFO - Sync 1 DAGs
[2025-10-21T01:11:52.538+0000] {logging_mixin.py:149} INFO - [2025-10-21T01:11:52.538+0000] {dag.py:3490} INFO - Setting next_dagrun for 02_example to 2025-10-20T00:00:00+00:00, run_after=2025-10-21T00:00:00+00:00
[2025-10-21T01:11:52.586+0000] {processor.py:179} INFO - Processing /opt/airflow/dags/02_example.py took 0.215 seconds
[2025-10-21T01:12:22.889+0000] {processor.py:157} INFO - Started process (PID=2996) to work on /opt/airflow/dags/02_example.py
[2025-10-21T01:12:22.891+0000] {processor.py:826} INFO - Processing file /opt/airflow/dags/02_example.py for tasks to queue
[2025-10-21T01:12:22.892+0000] {logging_mixin.py:149} INFO - [2025-10-21T01:12:22.892+0000] {dagbag.py:541} INFO - Filling up the DagBag from /opt/airflow/dags/02_example.py
[2025-10-21T01:12:22.926+0000] {processor.py:836} INFO - DAG(s) dict_keys(['02_example']) retrieved from /opt/airflow/dags/02_example.py
[2025-10-21T01:12:22.972+0000] {logging_mixin.py:149} INFO - [2025-10-21T01:12:22.971+0000] {dag.py:2726} INFO - Sync 1 DAGs
[2025-10-21T01:12:23.020+0000] {logging_mixin.py:149} INFO - [2025-10-21T01:12:23.019+0000] {dag.py:3490} INFO - Setting next_dagrun for 02_example to 2025-10-20T00:00:00+00:00, run_after=2025-10-21T00:00:00+00:00
[2025-10-21T01:12:23.065+0000] {processor.py:179} INFO - Processing /opt/airflow/dags/02_example.py took 0.182 seconds
[2025-10-21T01:12:53.292+0000] {processor.py:157} INFO - Started process (PID=3062) to work on /opt/airflow/dags/02_example.py
[2025-10-21T01:12:53.294+0000] {processor.py:826} INFO - Processing file /opt/airflow/dags/02_example.py for tasks to queue
[2025-10-21T01:12:53.296+0000] {logging_mixin.py:149} INFO - [2025-10-21T01:12:53.296+0000] {dagbag.py:541} INFO - Filling up the DagBag from /opt/airflow/dags/02_example.py
[2025-10-21T01:12:53.332+0000] {processor.py:836} INFO - DAG(s) dict_keys(['02_example']) retrieved from /opt/airflow/dags/02_example.py
[2025-10-21T01:12:53.383+0000] {logging_mixin.py:149} INFO - [2025-10-21T01:12:53.383+0000] {dag.py:2726} INFO - Sync 1 DAGs
[2025-10-21T01:12:53.436+0000] {logging_mixin.py:149} INFO - [2025-10-21T01:12:53.436+0000] {dag.py:3490} INFO - Setting next_dagrun for 02_example to 2025-10-20T00:00:00+00:00, run_after=2025-10-21T00:00:00+00:00
[2025-10-21T01:12:53.489+0000] {processor.py:179} INFO - Processing /opt/airflow/dags/02_example.py took 0.203 seconds
[2025-10-21T01:13:24.358+0000] {processor.py:157} INFO - Started process (PID=3128) to work on /opt/airflow/dags/02_example.py
[2025-10-21T01:13:24.360+0000] {processor.py:826} INFO - Processing file /opt/airflow/dags/02_example.py for tasks to queue
[2025-10-21T01:13:24.362+0000] {logging_mixin.py:149} INFO - [2025-10-21T01:13:24.362+0000] {dagbag.py:541} INFO - Filling up the DagBag from /opt/airflow/dags/02_example.py
[2025-10-21T01:13:24.407+0000] {processor.py:836} INFO - DAG(s) dict_keys(['02_example']) retrieved from /opt/airflow/dags/02_example.py
[2025-10-21T01:13:24.460+0000] {logging_mixin.py:149} INFO - [2025-10-21T01:13:24.460+0000] {dag.py:2726} INFO - Sync 1 DAGs
[2025-10-21T01:13:24.514+0000] {logging_mixin.py:149} INFO - [2025-10-21T01:13:24.513+0000] {dag.py:3490} INFO - Setting next_dagrun for 02_example to 2025-10-20T00:00:00+00:00, run_after=2025-10-21T00:00:00+00:00
[2025-10-21T01:13:24.559+0000] {processor.py:179} INFO - Processing /opt/airflow/dags/02_example.py took 0.212 seconds
[2025-10-21T01:13:55.555+0000] {processor.py:157} INFO - Started process (PID=3194) to work on /opt/airflow/dags/02_example.py
[2025-10-21T01:13:55.558+0000] {processor.py:826} INFO - Processing file /opt/airflow/dags/02_example.py for tasks to queue
[2025-10-21T01:13:55.561+0000] {logging_mixin.py:149} INFO - [2025-10-21T01:13:55.561+0000] {dagbag.py:541} INFO - Filling up the DagBag from /opt/airflow/dags/02_example.py
[2025-10-21T01:13:55.601+0000] {processor.py:836} INFO - DAG(s) dict_keys(['02_example']) retrieved from /opt/airflow/dags/02_example.py
[2025-10-21T01:13:55.653+0000] {logging_mixin.py:149} INFO - [2025-10-21T01:13:55.652+0000] {dag.py:2726} INFO - Sync 1 DAGs
[2025-10-21T01:13:55.706+0000] {logging_mixin.py:149} INFO - [2025-10-21T01:13:55.706+0000] {dag.py:3490} INFO - Setting next_dagrun for 02_example to 2025-10-20T00:00:00+00:00, run_after=2025-10-21T00:00:00+00:00
[2025-10-21T01:13:55.749+0000] {processor.py:179} INFO - Processing /opt/airflow/dags/02_example.py took 0.202 seconds
[2025-10-21T01:14:26.190+0000] {processor.py:157} INFO - Started process (PID=3260) to work on /opt/airflow/dags/02_example.py
[2025-10-21T01:14:26.192+0000] {processor.py:826} INFO - Processing file /opt/airflow/dags/02_example.py for tasks to queue
[2025-10-21T01:14:26.194+0000] {logging_mixin.py:149} INFO - [2025-10-21T01:14:26.194+0000] {dagbag.py:541} INFO - Filling up the DagBag from /opt/airflow/dags/02_example.py
[2025-10-21T01:14:26.246+0000] {processor.py:836} INFO - DAG(s) dict_keys(['02_example']) retrieved from /opt/airflow/dags/02_example.py
[2025-10-21T01:14:26.311+0000] {logging_mixin.py:149} INFO - [2025-10-21T01:14:26.311+0000] {dag.py:2726} INFO - Sync 1 DAGs
[2025-10-21T01:14:26.379+0000] {logging_mixin.py:149} INFO - [2025-10-21T01:14:26.379+0000] {dag.py:3490} INFO - Setting next_dagrun for 02_example to 2025-10-20T00:00:00+00:00, run_after=2025-10-21T00:00:00+00:00
[2025-10-21T01:14:26.431+0000] {processor.py:179} INFO - Processing /opt/airflow/dags/02_example.py took 0.247 seconds
[2025-10-21T01:14:57.253+0000] {processor.py:157} INFO - Started process (PID=3326) to work on /opt/airflow/dags/02_example.py
[2025-10-21T01:14:57.256+0000] {processor.py:826} INFO - Processing file /opt/airflow/dags/02_example.py for tasks to queue
[2025-10-21T01:14:57.258+0000] {logging_mixin.py:149} INFO - [2025-10-21T01:14:57.258+0000] {dagbag.py:541} INFO - Filling up the DagBag from /opt/airflow/dags/02_example.py
[2025-10-21T01:14:57.308+0000] {processor.py:836} INFO - DAG(s) dict_keys(['02_example']) retrieved from /opt/airflow/dags/02_example.py
[2025-10-21T01:14:57.376+0000] {logging_mixin.py:149} INFO - [2025-10-21T01:14:57.376+0000] {dag.py:2726} INFO - Sync 1 DAGs
[2025-10-21T01:14:57.444+0000] {logging_mixin.py:149} INFO - [2025-10-21T01:14:57.444+0000] {dag.py:3490} INFO - Setting next_dagrun for 02_example to 2025-10-20T00:00:00+00:00, run_after=2025-10-21T00:00:00+00:00
[2025-10-21T01:14:57.493+0000] {processor.py:179} INFO - Processing /opt/airflow/dags/02_example.py took 0.249 seconds
[2025-10-21T01:15:28.112+0000] {processor.py:157} INFO - Started process (PID=3392) to work on /opt/airflow/dags/02_example.py
[2025-10-21T01:15:28.114+0000] {processor.py:826} INFO - Processing file /opt/airflow/dags/02_example.py for tasks to queue
[2025-10-21T01:15:28.116+0000] {logging_mixin.py:149} INFO - [2025-10-21T01:15:28.116+0000] {dagbag.py:541} INFO - Filling up the DagBag from /opt/airflow/dags/02_example.py
[2025-10-21T01:15:28.159+0000] {processor.py:836} INFO - DAG(s) dict_keys(['02_example']) retrieved from /opt/airflow/dags/02_example.py
[2025-10-21T01:15:28.208+0000] {logging_mixin.py:149} INFO - [2025-10-21T01:15:28.208+0000] {dag.py:2726} INFO - Sync 1 DAGs
[2025-10-21T01:15:28.262+0000] {logging_mixin.py:149} INFO - [2025-10-21T01:15:28.262+0000] {dag.py:3490} INFO - Setting next_dagrun for 02_example to 2025-10-20T00:00:00+00:00, run_after=2025-10-21T00:00:00+00:00
[2025-10-21T01:15:28.317+0000] {processor.py:179} INFO - Processing /opt/airflow/dags/02_example.py took 0.211 seconds
[2025-10-21T01:15:58.556+0000] {processor.py:157} INFO - Started process (PID=3459) to work on /opt/airflow/dags/02_example.py
[2025-10-21T01:15:58.559+0000] {processor.py:826} INFO - Processing file /opt/airflow/dags/02_example.py for tasks to queue
[2025-10-21T01:15:58.561+0000] {logging_mixin.py:149} INFO - [2025-10-21T01:15:58.560+0000] {dagbag.py:541} INFO - Filling up the DagBag from /opt/airflow/dags/02_example.py
[2025-10-21T01:15:58.598+0000] {processor.py:836} INFO - DAG(s) dict_keys(['02_example']) retrieved from /opt/airflow/dags/02_example.py
[2025-10-21T01:15:58.647+0000] {logging_mixin.py:149} INFO - [2025-10-21T01:15:58.647+0000] {dag.py:2726} INFO - Sync 1 DAGs
[2025-10-21T01:15:58.696+0000] {logging_mixin.py:149} INFO - [2025-10-21T01:15:58.696+0000] {dag.py:3490} INFO - Setting next_dagrun for 02_example to 2025-10-20T00:00:00+00:00, run_after=2025-10-21T00:00:00+00:00
[2025-10-21T01:15:58.744+0000] {processor.py:179} INFO - Processing /opt/airflow/dags/02_example.py took 0.194 seconds
[2025-10-21T01:16:28.878+0000] {processor.py:157} INFO - Started process (PID=3525) to work on /opt/airflow/dags/02_example.py
[2025-10-21T01:16:28.880+0000] {processor.py:826} INFO - Processing file /opt/airflow/dags/02_example.py for tasks to queue
[2025-10-21T01:16:28.882+0000] {logging_mixin.py:149} INFO - [2025-10-21T01:16:28.882+0000] {dagbag.py:541} INFO - Filling up the DagBag from /opt/airflow/dags/02_example.py
[2025-10-21T01:16:28.920+0000] {processor.py:836} INFO - DAG(s) dict_keys(['02_example']) retrieved from /opt/airflow/dags/02_example.py
[2025-10-21T01:16:28.967+0000] {logging_mixin.py:149} INFO - [2025-10-21T01:16:28.967+0000] {dag.py:2726} INFO - Sync 1 DAGs
[2025-10-21T01:16:29.018+0000] {logging_mixin.py:149} INFO - [2025-10-21T01:16:29.017+0000] {dag.py:3490} INFO - Setting next_dagrun for 02_example to 2025-10-20T00:00:00+00:00, run_after=2025-10-21T00:00:00+00:00
[2025-10-21T01:16:29.065+0000] {processor.py:179} INFO - Processing /opt/airflow/dags/02_example.py took 0.193 seconds
[2025-10-21T01:16:59.462+0000] {processor.py:157} INFO - Started process (PID=3591) to work on /opt/airflow/dags/02_example.py
[2025-10-21T01:16:59.465+0000] {processor.py:826} INFO - Processing file /opt/airflow/dags/02_example.py for tasks to queue
[2025-10-21T01:16:59.467+0000] {logging_mixin.py:149} INFO - [2025-10-21T01:16:59.466+0000] {dagbag.py:541} INFO - Filling up the DagBag from /opt/airflow/dags/02_example.py
[2025-10-21T01:16:59.509+0000] {processor.py:836} INFO - DAG(s) dict_keys(['02_example']) retrieved from /opt/airflow/dags/02_example.py
[2025-10-21T01:16:59.557+0000] {logging_mixin.py:149} INFO - [2025-10-21T01:16:59.556+0000] {dag.py:2726} INFO - Sync 1 DAGs
[2025-10-21T01:16:59.611+0000] {logging_mixin.py:149} INFO - [2025-10-21T01:16:59.611+0000] {dag.py:3490} INFO - Setting next_dagrun for 02_example to 2025-10-20T00:00:00+00:00, run_after=2025-10-21T00:00:00+00:00
[2025-10-21T01:16:59.660+0000] {processor.py:179} INFO - Processing /opt/airflow/dags/02_example.py took 0.207 seconds
