[2025-10-21T00:49:51.561+0000] {processor.py:157} INFO - Started process (PID=83) to work on /opt/airflow/dags/03_example.py
[2025-10-21T00:49:51.566+0000] {processor.py:826} INFO - Processing file /opt/airflow/dags/03_example.py for tasks to queue
[2025-10-21T00:49:51.569+0000] {logging_mixin.py:149} INFO - [2025-10-21T00:49:51.569+0000] {dagbag.py:541} INFO - Filling up the DagBag from /opt/airflow/dags/03_example.py
[2025-10-21T00:49:51.657+0000] {processor.py:836} INFO - DAG(s) dict_keys(['03_example']) retrieved from /opt/airflow/dags/03_example.py
[2025-10-21T00:49:52.252+0000] {logging_mixin.py:149} INFO - [2025-10-21T00:49:52.252+0000] {dag.py:2726} INFO - Sync 1 DAGs
[2025-10-21T00:49:52.308+0000] {logging_mixin.py:149} INFO - [2025-10-21T00:49:52.308+0000] {dag.py:3490} INFO - Setting next_dagrun for 03_example to None, run_after=None
[2025-10-21T00:49:52.368+0000] {processor.py:179} INFO - Processing /opt/airflow/dags/03_example.py took 0.816 seconds
[2025-10-21T00:50:22.998+0000] {processor.py:157} INFO - Started process (PID=149) to work on /opt/airflow/dags/03_example.py
[2025-10-21T00:50:23.001+0000] {processor.py:826} INFO - Processing file /opt/airflow/dags/03_example.py for tasks to queue
[2025-10-21T00:50:23.003+0000] {logging_mixin.py:149} INFO - [2025-10-21T00:50:23.003+0000] {dagbag.py:541} INFO - Filling up the DagBag from /opt/airflow/dags/03_example.py
[2025-10-21T00:50:23.069+0000] {processor.py:836} INFO - DAG(s) dict_keys(['03_example']) retrieved from /opt/airflow/dags/03_example.py
[2025-10-21T00:50:23.193+0000] {logging_mixin.py:149} INFO - [2025-10-21T00:50:23.193+0000] {dag.py:2726} INFO - Sync 1 DAGs
[2025-10-21T00:50:23.279+0000] {logging_mixin.py:149} INFO - [2025-10-21T00:50:23.278+0000] {dag.py:3490} INFO - Setting next_dagrun for 03_example to None, run_after=None
[2025-10-21T00:50:23.362+0000] {processor.py:179} INFO - Processing /opt/airflow/dags/03_example.py took 0.371 seconds
[2025-10-21T00:50:53.896+0000] {processor.py:157} INFO - Started process (PID=215) to work on /opt/airflow/dags/03_example.py
[2025-10-21T00:50:53.899+0000] {processor.py:826} INFO - Processing file /opt/airflow/dags/03_example.py for tasks to queue
[2025-10-21T00:50:53.903+0000] {logging_mixin.py:149} INFO - [2025-10-21T00:50:53.902+0000] {dagbag.py:541} INFO - Filling up the DagBag from /opt/airflow/dags/03_example.py
[2025-10-21T00:50:53.978+0000] {processor.py:836} INFO - DAG(s) dict_keys(['03_example']) retrieved from /opt/airflow/dags/03_example.py
[2025-10-21T00:50:54.275+0000] {logging_mixin.py:149} INFO - [2025-10-21T00:50:54.274+0000] {dag.py:2726} INFO - Sync 1 DAGs
[2025-10-21T00:50:54.510+0000] {logging_mixin.py:149} INFO - [2025-10-21T00:50:54.510+0000] {dag.py:3490} INFO - Setting next_dagrun for 03_example to None, run_after=None
[2025-10-21T00:50:54.659+0000] {processor.py:179} INFO - Processing /opt/airflow/dags/03_example.py took 0.773 seconds
[2025-10-21T00:51:25.081+0000] {processor.py:157} INFO - Started process (PID=281) to work on /opt/airflow/dags/03_example.py
[2025-10-21T00:51:25.086+0000] {processor.py:826} INFO - Processing file /opt/airflow/dags/03_example.py for tasks to queue
[2025-10-21T00:51:25.090+0000] {logging_mixin.py:149} INFO - [2025-10-21T00:51:25.090+0000] {dagbag.py:541} INFO - Filling up the DagBag from /opt/airflow/dags/03_example.py
[2025-10-21T00:51:25.245+0000] {processor.py:836} INFO - DAG(s) dict_keys(['03_example']) retrieved from /opt/airflow/dags/03_example.py
[2025-10-21T00:51:25.503+0000] {logging_mixin.py:149} INFO - [2025-10-21T00:51:25.502+0000] {dag.py:2726} INFO - Sync 1 DAGs
[2025-10-21T00:51:25.640+0000] {logging_mixin.py:149} INFO - [2025-10-21T00:51:25.639+0000] {dag.py:3490} INFO - Setting next_dagrun for 03_example to None, run_after=None
[2025-10-21T00:51:25.714+0000] {processor.py:179} INFO - Processing /opt/airflow/dags/03_example.py took 0.655 seconds
[2025-10-21T00:51:56.042+0000] {processor.py:157} INFO - Started process (PID=347) to work on /opt/airflow/dags/03_example.py
[2025-10-21T00:51:56.046+0000] {processor.py:826} INFO - Processing file /opt/airflow/dags/03_example.py for tasks to queue
[2025-10-21T00:51:56.049+0000] {logging_mixin.py:149} INFO - [2025-10-21T00:51:56.048+0000] {dagbag.py:541} INFO - Filling up the DagBag from /opt/airflow/dags/03_example.py
[2025-10-21T00:51:56.125+0000] {processor.py:836} INFO - DAG(s) dict_keys(['03_example']) retrieved from /opt/airflow/dags/03_example.py
[2025-10-21T00:51:56.309+0000] {logging_mixin.py:149} INFO - [2025-10-21T00:51:56.309+0000] {dag.py:2726} INFO - Sync 1 DAGs
[2025-10-21T00:51:56.405+0000] {logging_mixin.py:149} INFO - [2025-10-21T00:51:56.404+0000] {dag.py:3490} INFO - Setting next_dagrun for 03_example to None, run_after=None
[2025-10-21T00:51:56.492+0000] {processor.py:179} INFO - Processing /opt/airflow/dags/03_example.py took 0.463 seconds
[2025-10-21T00:52:26.833+0000] {processor.py:157} INFO - Started process (PID=413) to work on /opt/airflow/dags/03_example.py
[2025-10-21T00:52:26.836+0000] {processor.py:826} INFO - Processing file /opt/airflow/dags/03_example.py for tasks to queue
[2025-10-21T00:52:26.838+0000] {logging_mixin.py:149} INFO - [2025-10-21T00:52:26.838+0000] {dagbag.py:541} INFO - Filling up the DagBag from /opt/airflow/dags/03_example.py
[2025-10-21T00:52:26.885+0000] {processor.py:836} INFO - DAG(s) dict_keys(['03_example']) retrieved from /opt/airflow/dags/03_example.py
[2025-10-21T00:52:26.985+0000] {logging_mixin.py:149} INFO - [2025-10-21T00:52:26.985+0000] {dag.py:2726} INFO - Sync 1 DAGs
[2025-10-21T00:52:27.043+0000] {logging_mixin.py:149} INFO - [2025-10-21T00:52:27.043+0000] {dag.py:3490} INFO - Setting next_dagrun for 03_example to None, run_after=None
[2025-10-21T00:52:27.092+0000] {processor.py:179} INFO - Processing /opt/airflow/dags/03_example.py took 0.265 seconds
[2025-10-21T00:52:57.337+0000] {processor.py:157} INFO - Started process (PID=479) to work on /opt/airflow/dags/03_example.py
[2025-10-21T00:52:57.339+0000] {processor.py:826} INFO - Processing file /opt/airflow/dags/03_example.py for tasks to queue
[2025-10-21T00:52:57.340+0000] {logging_mixin.py:149} INFO - [2025-10-21T00:52:57.340+0000] {dagbag.py:541} INFO - Filling up the DagBag from /opt/airflow/dags/03_example.py
[2025-10-21T00:52:57.389+0000] {processor.py:836} INFO - DAG(s) dict_keys(['03_example']) retrieved from /opt/airflow/dags/03_example.py
[2025-10-21T00:52:57.486+0000] {logging_mixin.py:149} INFO - [2025-10-21T00:52:57.486+0000] {dag.py:2726} INFO - Sync 1 DAGs
[2025-10-21T00:52:57.536+0000] {logging_mixin.py:149} INFO - [2025-10-21T00:52:57.536+0000] {dag.py:3490} INFO - Setting next_dagrun for 03_example to None, run_after=None
[2025-10-21T00:52:57.582+0000] {processor.py:179} INFO - Processing /opt/airflow/dags/03_example.py took 0.253 seconds
[2025-10-21T00:53:27.744+0000] {processor.py:157} INFO - Started process (PID=545) to work on /opt/airflow/dags/03_example.py
[2025-10-21T00:53:27.746+0000] {processor.py:826} INFO - Processing file /opt/airflow/dags/03_example.py for tasks to queue
[2025-10-21T00:53:27.747+0000] {logging_mixin.py:149} INFO - [2025-10-21T00:53:27.747+0000] {dagbag.py:541} INFO - Filling up the DagBag from /opt/airflow/dags/03_example.py
[2025-10-21T00:53:27.794+0000] {processor.py:836} INFO - DAG(s) dict_keys(['03_example']) retrieved from /opt/airflow/dags/03_example.py
[2025-10-21T00:53:27.888+0000] {logging_mixin.py:149} INFO - [2025-10-21T00:53:27.888+0000] {dag.py:2726} INFO - Sync 1 DAGs
[2025-10-21T00:53:27.942+0000] {logging_mixin.py:149} INFO - [2025-10-21T00:53:27.942+0000] {dag.py:3490} INFO - Setting next_dagrun for 03_example to None, run_after=None
[2025-10-21T00:53:27.988+0000] {processor.py:179} INFO - Processing /opt/airflow/dags/03_example.py took 0.251 seconds
[2025-10-21T00:53:58.287+0000] {processor.py:157} INFO - Started process (PID=612) to work on /opt/airflow/dags/03_example.py
[2025-10-21T00:53:58.289+0000] {processor.py:826} INFO - Processing file /opt/airflow/dags/03_example.py for tasks to queue
[2025-10-21T00:53:58.291+0000] {logging_mixin.py:149} INFO - [2025-10-21T00:53:58.291+0000] {dagbag.py:541} INFO - Filling up the DagBag from /opt/airflow/dags/03_example.py
[2025-10-21T00:53:58.338+0000] {processor.py:836} INFO - DAG(s) dict_keys(['03_example']) retrieved from /opt/airflow/dags/03_example.py
[2025-10-21T00:53:58.411+0000] {logging_mixin.py:149} INFO - [2025-10-21T00:53:58.410+0000] {dag.py:2726} INFO - Sync 1 DAGs
[2025-10-21T00:53:58.460+0000] {logging_mixin.py:149} INFO - [2025-10-21T00:53:58.460+0000] {dag.py:3490} INFO - Setting next_dagrun for 03_example to None, run_after=None
[2025-10-21T00:53:58.501+0000] {processor.py:179} INFO - Processing /opt/airflow/dags/03_example.py took 0.221 seconds
[2025-10-21T00:54:28.681+0000] {processor.py:157} INFO - Started process (PID=678) to work on /opt/airflow/dags/03_example.py
[2025-10-21T00:54:28.683+0000] {processor.py:826} INFO - Processing file /opt/airflow/dags/03_example.py for tasks to queue
[2025-10-21T00:54:28.685+0000] {logging_mixin.py:149} INFO - [2025-10-21T00:54:28.684+0000] {dagbag.py:541} INFO - Filling up the DagBag from /opt/airflow/dags/03_example.py
[2025-10-21T00:54:28.729+0000] {processor.py:836} INFO - DAG(s) dict_keys(['03_example']) retrieved from /opt/airflow/dags/03_example.py
[2025-10-21T00:54:28.804+0000] {logging_mixin.py:149} INFO - [2025-10-21T00:54:28.804+0000] {dag.py:2726} INFO - Sync 1 DAGs
[2025-10-21T00:54:28.856+0000] {logging_mixin.py:149} INFO - [2025-10-21T00:54:28.855+0000] {dag.py:3490} INFO - Setting next_dagrun for 03_example to None, run_after=None
[2025-10-21T00:54:28.897+0000] {processor.py:179} INFO - Processing /opt/airflow/dags/03_example.py took 0.222 seconds
[2025-10-21T00:54:59.163+0000] {processor.py:157} INFO - Started process (PID=744) to work on /opt/airflow/dags/03_example.py
[2025-10-21T00:54:59.166+0000] {processor.py:826} INFO - Processing file /opt/airflow/dags/03_example.py for tasks to queue
[2025-10-21T00:54:59.168+0000] {logging_mixin.py:149} INFO - [2025-10-21T00:54:59.168+0000] {dagbag.py:541} INFO - Filling up the DagBag from /opt/airflow/dags/03_example.py
[2025-10-21T00:54:59.227+0000] {processor.py:836} INFO - DAG(s) dict_keys(['03_example']) retrieved from /opt/airflow/dags/03_example.py
[2025-10-21T00:54:59.332+0000] {logging_mixin.py:149} INFO - [2025-10-21T00:54:59.332+0000] {dag.py:2726} INFO - Sync 1 DAGs
[2025-10-21T00:54:59.401+0000] {logging_mixin.py:149} INFO - [2025-10-21T00:54:59.401+0000] {dag.py:3490} INFO - Setting next_dagrun for 03_example to None, run_after=None
[2025-10-21T00:54:59.455+0000] {processor.py:179} INFO - Processing /opt/airflow/dags/03_example.py took 0.300 seconds
[2025-10-21T00:55:30.162+0000] {processor.py:157} INFO - Started process (PID=810) to work on /opt/airflow/dags/03_example.py
[2025-10-21T00:55:30.164+0000] {processor.py:826} INFO - Processing file /opt/airflow/dags/03_example.py for tasks to queue
[2025-10-21T00:55:30.166+0000] {logging_mixin.py:149} INFO - [2025-10-21T00:55:30.166+0000] {dagbag.py:541} INFO - Filling up the DagBag from /opt/airflow/dags/03_example.py
[2025-10-21T00:55:30.219+0000] {processor.py:836} INFO - DAG(s) dict_keys(['03_example']) retrieved from /opt/airflow/dags/03_example.py
[2025-10-21T00:55:30.324+0000] {logging_mixin.py:149} INFO - [2025-10-21T00:55:30.324+0000] {dag.py:2726} INFO - Sync 1 DAGs
[2025-10-21T00:55:30.376+0000] {logging_mixin.py:149} INFO - [2025-10-21T00:55:30.376+0000] {dag.py:3490} INFO - Setting next_dagrun for 03_example to None, run_after=None
[2025-10-21T00:55:30.426+0000] {processor.py:179} INFO - Processing /opt/airflow/dags/03_example.py took 0.269 seconds
[2025-10-21T00:56:01.085+0000] {processor.py:157} INFO - Started process (PID=876) to work on /opt/airflow/dags/03_example.py
[2025-10-21T00:56:01.087+0000] {processor.py:826} INFO - Processing file /opt/airflow/dags/03_example.py for tasks to queue
[2025-10-21T00:56:01.090+0000] {logging_mixin.py:149} INFO - [2025-10-21T00:56:01.089+0000] {dagbag.py:541} INFO - Filling up the DagBag from /opt/airflow/dags/03_example.py
[2025-10-21T00:56:01.150+0000] {processor.py:836} INFO - DAG(s) dict_keys(['03_example']) retrieved from /opt/airflow/dags/03_example.py
[2025-10-21T00:56:01.242+0000] {logging_mixin.py:149} INFO - [2025-10-21T00:56:01.242+0000] {dag.py:2726} INFO - Sync 1 DAGs
[2025-10-21T00:56:01.300+0000] {logging_mixin.py:149} INFO - [2025-10-21T00:56:01.300+0000] {dag.py:3490} INFO - Setting next_dagrun for 03_example to None, run_after=None
[2025-10-21T00:56:01.353+0000] {processor.py:179} INFO - Processing /opt/airflow/dags/03_example.py took 0.275 seconds
[2025-10-21T00:56:31.807+0000] {processor.py:157} INFO - Started process (PID=942) to work on /opt/airflow/dags/03_example.py
[2025-10-21T00:56:31.808+0000] {processor.py:826} INFO - Processing file /opt/airflow/dags/03_example.py for tasks to queue
[2025-10-21T00:56:31.810+0000] {logging_mixin.py:149} INFO - [2025-10-21T00:56:31.810+0000] {dagbag.py:541} INFO - Filling up the DagBag from /opt/airflow/dags/03_example.py
[2025-10-21T00:56:31.851+0000] {processor.py:836} INFO - DAG(s) dict_keys(['03_example']) retrieved from /opt/airflow/dags/03_example.py
[2025-10-21T00:56:31.931+0000] {logging_mixin.py:149} INFO - [2025-10-21T00:56:31.930+0000] {dag.py:2726} INFO - Sync 1 DAGs
[2025-10-21T00:56:31.978+0000] {logging_mixin.py:149} INFO - [2025-10-21T00:56:31.978+0000] {dag.py:3490} INFO - Setting next_dagrun for 03_example to None, run_after=None
[2025-10-21T00:56:32.020+0000] {processor.py:179} INFO - Processing /opt/airflow/dags/03_example.py took 0.220 seconds
[2025-10-21T00:57:02.138+0000] {processor.py:157} INFO - Started process (PID=1009) to work on /opt/airflow/dags/03_example.py
[2025-10-21T00:57:02.140+0000] {processor.py:826} INFO - Processing file /opt/airflow/dags/03_example.py for tasks to queue
[2025-10-21T00:57:02.142+0000] {logging_mixin.py:149} INFO - [2025-10-21T00:57:02.142+0000] {dagbag.py:541} INFO - Filling up the DagBag from /opt/airflow/dags/03_example.py
[2025-10-21T00:57:02.185+0000] {processor.py:836} INFO - DAG(s) dict_keys(['03_example']) retrieved from /opt/airflow/dags/03_example.py
[2025-10-21T00:57:02.266+0000] {logging_mixin.py:149} INFO - [2025-10-21T00:57:02.266+0000] {dag.py:2726} INFO - Sync 1 DAGs
[2025-10-21T00:57:02.323+0000] {logging_mixin.py:149} INFO - [2025-10-21T00:57:02.323+0000] {dag.py:3490} INFO - Setting next_dagrun for 03_example to None, run_after=None
[2025-10-21T00:57:02.368+0000] {processor.py:179} INFO - Processing /opt/airflow/dags/03_example.py took 0.237 seconds
[2025-10-21T00:57:33.172+0000] {processor.py:157} INFO - Started process (PID=1075) to work on /opt/airflow/dags/03_example.py
[2025-10-21T00:57:33.173+0000] {processor.py:826} INFO - Processing file /opt/airflow/dags/03_example.py for tasks to queue
[2025-10-21T00:57:33.175+0000] {logging_mixin.py:149} INFO - [2025-10-21T00:57:33.175+0000] {dagbag.py:541} INFO - Filling up the DagBag from /opt/airflow/dags/03_example.py
[2025-10-21T00:57:33.209+0000] {processor.py:836} INFO - DAG(s) dict_keys(['03_example']) retrieved from /opt/airflow/dags/03_example.py
[2025-10-21T00:57:33.282+0000] {logging_mixin.py:149} INFO - [2025-10-21T00:57:33.282+0000] {dag.py:2726} INFO - Sync 1 DAGs
[2025-10-21T00:57:33.336+0000] {logging_mixin.py:149} INFO - [2025-10-21T00:57:33.336+0000] {dag.py:3490} INFO - Setting next_dagrun for 03_example to None, run_after=None
[2025-10-21T00:57:33.379+0000] {processor.py:179} INFO - Processing /opt/airflow/dags/03_example.py took 0.213 seconds
[2025-10-21T00:58:04.033+0000] {processor.py:157} INFO - Started process (PID=1141) to work on /opt/airflow/dags/03_example.py
[2025-10-21T00:58:04.035+0000] {processor.py:826} INFO - Processing file /opt/airflow/dags/03_example.py for tasks to queue
[2025-10-21T00:58:04.036+0000] {logging_mixin.py:149} INFO - [2025-10-21T00:58:04.036+0000] {dagbag.py:541} INFO - Filling up the DagBag from /opt/airflow/dags/03_example.py
[2025-10-21T00:58:04.074+0000] {processor.py:836} INFO - DAG(s) dict_keys(['03_example']) retrieved from /opt/airflow/dags/03_example.py
[2025-10-21T00:58:04.142+0000] {logging_mixin.py:149} INFO - [2025-10-21T00:58:04.142+0000] {dag.py:2726} INFO - Sync 1 DAGs
[2025-10-21T00:58:04.190+0000] {logging_mixin.py:149} INFO - [2025-10-21T00:58:04.190+0000] {dag.py:3490} INFO - Setting next_dagrun for 03_example to None, run_after=None
[2025-10-21T00:58:04.227+0000] {processor.py:179} INFO - Processing /opt/airflow/dags/03_example.py took 0.200 seconds
[2025-10-21T00:58:35.344+0000] {processor.py:157} INFO - Started process (PID=1208) to work on /opt/airflow/dags/03_example.py
[2025-10-21T00:58:35.347+0000] {processor.py:826} INFO - Processing file /opt/airflow/dags/03_example.py for tasks to queue
[2025-10-21T00:58:35.350+0000] {logging_mixin.py:149} INFO - [2025-10-21T00:58:35.349+0000] {dagbag.py:541} INFO - Filling up the DagBag from /opt/airflow/dags/03_example.py
[2025-10-21T00:58:35.406+0000] {processor.py:836} INFO - DAG(s) dict_keys(['03_example']) retrieved from /opt/airflow/dags/03_example.py
[2025-10-21T00:58:35.504+0000] {logging_mixin.py:149} INFO - [2025-10-21T00:58:35.503+0000] {dag.py:2726} INFO - Sync 1 DAGs
[2025-10-21T00:58:35.563+0000] {logging_mixin.py:149} INFO - [2025-10-21T00:58:35.563+0000] {dag.py:3490} INFO - Setting next_dagrun for 03_example to None, run_after=None
[2025-10-21T00:58:35.622+0000] {processor.py:179} INFO - Processing /opt/airflow/dags/03_example.py took 0.286 seconds
[2025-10-21T00:59:06.039+0000] {processor.py:157} INFO - Started process (PID=1275) to work on /opt/airflow/dags/03_example.py
[2025-10-21T00:59:06.041+0000] {processor.py:826} INFO - Processing file /opt/airflow/dags/03_example.py for tasks to queue
[2025-10-21T00:59:06.043+0000] {logging_mixin.py:149} INFO - [2025-10-21T00:59:06.042+0000] {dagbag.py:541} INFO - Filling up the DagBag from /opt/airflow/dags/03_example.py
[2025-10-21T00:59:06.091+0000] {processor.py:836} INFO - DAG(s) dict_keys(['03_example']) retrieved from /opt/airflow/dags/03_example.py
[2025-10-21T00:59:06.177+0000] {logging_mixin.py:149} INFO - [2025-10-21T00:59:06.177+0000] {dag.py:2726} INFO - Sync 1 DAGs
[2025-10-21T00:59:06.232+0000] {logging_mixin.py:149} INFO - [2025-10-21T00:59:06.232+0000] {dag.py:3490} INFO - Setting next_dagrun for 03_example to None, run_after=None
[2025-10-21T00:59:06.277+0000] {processor.py:179} INFO - Processing /opt/airflow/dags/03_example.py took 0.245 seconds
[2025-10-21T00:59:36.554+0000] {processor.py:157} INFO - Started process (PID=1342) to work on /opt/airflow/dags/03_example.py
[2025-10-21T00:59:36.557+0000] {processor.py:826} INFO - Processing file /opt/airflow/dags/03_example.py for tasks to queue
[2025-10-21T00:59:36.559+0000] {logging_mixin.py:149} INFO - [2025-10-21T00:59:36.559+0000] {dagbag.py:541} INFO - Filling up the DagBag from /opt/airflow/dags/03_example.py
[2025-10-21T00:59:36.613+0000] {processor.py:836} INFO - DAG(s) dict_keys(['03_example']) retrieved from /opt/airflow/dags/03_example.py
[2025-10-21T00:59:36.753+0000] {logging_mixin.py:149} INFO - [2025-10-21T00:59:36.753+0000] {dag.py:2726} INFO - Sync 1 DAGs
[2025-10-21T00:59:36.822+0000] {logging_mixin.py:149} INFO - [2025-10-21T00:59:36.821+0000] {dag.py:3490} INFO - Setting next_dagrun for 03_example to None, run_after=None
[2025-10-21T00:59:36.882+0000] {processor.py:179} INFO - Processing /opt/airflow/dags/03_example.py took 0.336 seconds
[2025-10-21T01:00:07.217+0000] {processor.py:157} INFO - Started process (PID=1408) to work on /opt/airflow/dags/03_example.py
[2025-10-21T01:00:07.220+0000] {processor.py:826} INFO - Processing file /opt/airflow/dags/03_example.py for tasks to queue
[2025-10-21T01:00:07.222+0000] {logging_mixin.py:149} INFO - [2025-10-21T01:00:07.222+0000] {dagbag.py:541} INFO - Filling up the DagBag from /opt/airflow/dags/03_example.py
[2025-10-21T01:00:07.300+0000] {processor.py:836} INFO - DAG(s) dict_keys(['03_example']) retrieved from /opt/airflow/dags/03_example.py
[2025-10-21T01:00:07.408+0000] {logging_mixin.py:149} INFO - [2025-10-21T01:00:07.408+0000] {dag.py:2726} INFO - Sync 1 DAGs
[2025-10-21T01:00:07.465+0000] {logging_mixin.py:149} INFO - [2025-10-21T01:00:07.465+0000] {dag.py:3490} INFO - Setting next_dagrun for 03_example to None, run_after=None
[2025-10-21T01:00:07.519+0000] {processor.py:179} INFO - Processing /opt/airflow/dags/03_example.py took 0.313 seconds
[2025-10-21T01:00:37.882+0000] {processor.py:157} INFO - Started process (PID=1481) to work on /opt/airflow/dags/03_example.py
[2025-10-21T01:00:37.884+0000] {processor.py:826} INFO - Processing file /opt/airflow/dags/03_example.py for tasks to queue
[2025-10-21T01:00:37.886+0000] {logging_mixin.py:149} INFO - [2025-10-21T01:00:37.885+0000] {dagbag.py:541} INFO - Filling up the DagBag from /opt/airflow/dags/03_example.py
[2025-10-21T01:00:37.925+0000] {processor.py:836} INFO - DAG(s) dict_keys(['03_example']) retrieved from /opt/airflow/dags/03_example.py
[2025-10-21T01:00:38.002+0000] {logging_mixin.py:149} INFO - [2025-10-21T01:00:38.002+0000] {dag.py:2726} INFO - Sync 1 DAGs
[2025-10-21T01:00:38.048+0000] {logging_mixin.py:149} INFO - [2025-10-21T01:00:38.048+0000] {dag.py:3490} INFO - Setting next_dagrun for 03_example to None, run_after=None
[2025-10-21T01:00:38.089+0000] {processor.py:179} INFO - Processing /opt/airflow/dags/03_example.py took 0.213 seconds
[2025-10-21T01:01:08.656+0000] {processor.py:157} INFO - Started process (PID=1547) to work on /opt/airflow/dags/03_example.py
[2025-10-21T01:01:08.658+0000] {processor.py:826} INFO - Processing file /opt/airflow/dags/03_example.py for tasks to queue
[2025-10-21T01:01:08.660+0000] {logging_mixin.py:149} INFO - [2025-10-21T01:01:08.660+0000] {dagbag.py:541} INFO - Filling up the DagBag from /opt/airflow/dags/03_example.py
[2025-10-21T01:01:08.704+0000] {processor.py:836} INFO - DAG(s) dict_keys(['03_example']) retrieved from /opt/airflow/dags/03_example.py
[2025-10-21T01:01:08.776+0000] {logging_mixin.py:149} INFO - [2025-10-21T01:01:08.776+0000] {dag.py:2726} INFO - Sync 1 DAGs
[2025-10-21T01:01:08.819+0000] {logging_mixin.py:149} INFO - [2025-10-21T01:01:08.819+0000] {dag.py:3490} INFO - Setting next_dagrun for 03_example to None, run_after=None
[2025-10-21T01:01:08.856+0000] {processor.py:179} INFO - Processing /opt/airflow/dags/03_example.py took 0.207 seconds
[2025-10-21T01:01:39.608+0000] {processor.py:157} INFO - Started process (PID=1613) to work on /opt/airflow/dags/03_example.py
[2025-10-21T01:01:39.610+0000] {processor.py:826} INFO - Processing file /opt/airflow/dags/03_example.py for tasks to queue
[2025-10-21T01:01:39.612+0000] {logging_mixin.py:149} INFO - [2025-10-21T01:01:39.611+0000] {dagbag.py:541} INFO - Filling up the DagBag from /opt/airflow/dags/03_example.py
[2025-10-21T01:01:39.656+0000] {processor.py:836} INFO - DAG(s) dict_keys(['03_example']) retrieved from /opt/airflow/dags/03_example.py
[2025-10-21T01:01:39.730+0000] {logging_mixin.py:149} INFO - [2025-10-21T01:01:39.730+0000] {dag.py:2726} INFO - Sync 1 DAGs
[2025-10-21T01:01:39.774+0000] {logging_mixin.py:149} INFO - [2025-10-21T01:01:39.773+0000] {dag.py:3490} INFO - Setting next_dagrun for 03_example to None, run_after=None
[2025-10-21T01:01:39.816+0000] {processor.py:179} INFO - Processing /opt/airflow/dags/03_example.py took 0.215 seconds
[2025-10-21T01:02:10.105+0000] {processor.py:157} INFO - Started process (PID=1679) to work on /opt/airflow/dags/03_example.py
[2025-10-21T01:02:10.107+0000] {processor.py:826} INFO - Processing file /opt/airflow/dags/03_example.py for tasks to queue
[2025-10-21T01:02:10.110+0000] {logging_mixin.py:149} INFO - [2025-10-21T01:02:10.109+0000] {dagbag.py:541} INFO - Filling up the DagBag from /opt/airflow/dags/03_example.py
[2025-10-21T01:02:10.148+0000] {processor.py:836} INFO - DAG(s) dict_keys(['03_example']) retrieved from /opt/airflow/dags/03_example.py
[2025-10-21T01:02:10.218+0000] {logging_mixin.py:149} INFO - [2025-10-21T01:02:10.218+0000] {dag.py:2726} INFO - Sync 1 DAGs
[2025-10-21T01:02:10.266+0000] {logging_mixin.py:149} INFO - [2025-10-21T01:02:10.265+0000] {dag.py:3490} INFO - Setting next_dagrun for 03_example to None, run_after=None
[2025-10-21T01:02:10.302+0000] {processor.py:179} INFO - Processing /opt/airflow/dags/03_example.py took 0.203 seconds
[2025-10-21T01:02:40.609+0000] {processor.py:157} INFO - Started process (PID=1745) to work on /opt/airflow/dags/03_example.py
[2025-10-21T01:02:40.611+0000] {processor.py:826} INFO - Processing file /opt/airflow/dags/03_example.py for tasks to queue
[2025-10-21T01:02:40.612+0000] {logging_mixin.py:149} INFO - [2025-10-21T01:02:40.612+0000] {dagbag.py:541} INFO - Filling up the DagBag from /opt/airflow/dags/03_example.py
[2025-10-21T01:02:40.658+0000] {processor.py:836} INFO - DAG(s) dict_keys(['03_example']) retrieved from /opt/airflow/dags/03_example.py
[2025-10-21T01:02:40.740+0000] {logging_mixin.py:149} INFO - [2025-10-21T01:02:40.740+0000] {dag.py:2726} INFO - Sync 1 DAGs
[2025-10-21T01:02:40.787+0000] {logging_mixin.py:149} INFO - [2025-10-21T01:02:40.787+0000] {dag.py:3490} INFO - Setting next_dagrun for 03_example to None, run_after=None
[2025-10-21T01:02:40.827+0000] {processor.py:179} INFO - Processing /opt/airflow/dags/03_example.py took 0.224 seconds
[2025-10-21T01:03:11.239+0000] {processor.py:157} INFO - Started process (PID=1812) to work on /opt/airflow/dags/03_example.py
[2025-10-21T01:03:11.241+0000] {processor.py:826} INFO - Processing file /opt/airflow/dags/03_example.py for tasks to queue
[2025-10-21T01:03:11.243+0000] {logging_mixin.py:149} INFO - [2025-10-21T01:03:11.243+0000] {dagbag.py:541} INFO - Filling up the DagBag from /opt/airflow/dags/03_example.py
[2025-10-21T01:03:11.287+0000] {processor.py:836} INFO - DAG(s) dict_keys(['03_example']) retrieved from /opt/airflow/dags/03_example.py
[2025-10-21T01:03:11.376+0000] {logging_mixin.py:149} INFO - [2025-10-21T01:03:11.376+0000] {dag.py:2726} INFO - Sync 1 DAGs
[2025-10-21T01:03:11.420+0000] {logging_mixin.py:149} INFO - [2025-10-21T01:03:11.419+0000] {dag.py:3490} INFO - Setting next_dagrun for 03_example to None, run_after=None
[2025-10-21T01:03:11.461+0000] {processor.py:179} INFO - Processing /opt/airflow/dags/03_example.py took 0.230 seconds
[2025-10-21T01:03:42.034+0000] {processor.py:157} INFO - Started process (PID=1878) to work on /opt/airflow/dags/03_example.py
[2025-10-21T01:03:42.037+0000] {processor.py:826} INFO - Processing file /opt/airflow/dags/03_example.py for tasks to queue
[2025-10-21T01:03:42.039+0000] {logging_mixin.py:149} INFO - [2025-10-21T01:03:42.039+0000] {dagbag.py:541} INFO - Filling up the DagBag from /opt/airflow/dags/03_example.py
[2025-10-21T01:03:42.085+0000] {processor.py:836} INFO - DAG(s) dict_keys(['03_example']) retrieved from /opt/airflow/dags/03_example.py
[2025-10-21T01:03:42.158+0000] {logging_mixin.py:149} INFO - [2025-10-21T01:03:42.158+0000] {dag.py:2726} INFO - Sync 1 DAGs
[2025-10-21T01:03:42.200+0000] {logging_mixin.py:149} INFO - [2025-10-21T01:03:42.200+0000] {dag.py:3490} INFO - Setting next_dagrun for 03_example to None, run_after=None
[2025-10-21T01:03:42.241+0000] {processor.py:179} INFO - Processing /opt/airflow/dags/03_example.py took 0.214 seconds
[2025-10-21T01:04:12.621+0000] {processor.py:157} INFO - Started process (PID=1944) to work on /opt/airflow/dags/03_example.py
[2025-10-21T01:04:12.623+0000] {processor.py:826} INFO - Processing file /opt/airflow/dags/03_example.py for tasks to queue
[2025-10-21T01:04:12.625+0000] {logging_mixin.py:149} INFO - [2025-10-21T01:04:12.625+0000] {dagbag.py:541} INFO - Filling up the DagBag from /opt/airflow/dags/03_example.py
[2025-10-21T01:04:12.670+0000] {processor.py:836} INFO - DAG(s) dict_keys(['03_example']) retrieved from /opt/airflow/dags/03_example.py
[2025-10-21T01:04:12.749+0000] {logging_mixin.py:149} INFO - [2025-10-21T01:04:12.749+0000] {dag.py:2726} INFO - Sync 1 DAGs
[2025-10-21T01:04:12.797+0000] {logging_mixin.py:149} INFO - [2025-10-21T01:04:12.797+0000] {dag.py:3490} INFO - Setting next_dagrun for 03_example to None, run_after=None
[2025-10-21T01:04:12.840+0000] {processor.py:179} INFO - Processing /opt/airflow/dags/03_example.py took 0.227 seconds
[2025-10-21T01:04:43.121+0000] {processor.py:157} INFO - Started process (PID=2002) to work on /opt/airflow/dags/03_example.py
[2025-10-21T01:04:43.124+0000] {processor.py:826} INFO - Processing file /opt/airflow/dags/03_example.py for tasks to queue
[2025-10-21T01:04:43.127+0000] {logging_mixin.py:149} INFO - [2025-10-21T01:04:43.127+0000] {dagbag.py:541} INFO - Filling up the DagBag from /opt/airflow/dags/03_example.py
[2025-10-21T01:04:43.207+0000] {processor.py:836} INFO - DAG(s) dict_keys(['03_example']) retrieved from /opt/airflow/dags/03_example.py
[2025-10-21T01:04:43.301+0000] {logging_mixin.py:149} INFO - [2025-10-21T01:04:43.300+0000] {dag.py:2726} INFO - Sync 1 DAGs
[2025-10-21T01:04:43.358+0000] {logging_mixin.py:149} INFO - [2025-10-21T01:04:43.358+0000] {dag.py:3490} INFO - Setting next_dagrun for 03_example to None, run_after=None
[2025-10-21T01:04:43.405+0000] {processor.py:179} INFO - Processing /opt/airflow/dags/03_example.py took 0.293 seconds
[2025-10-21T01:05:14.414+0000] {processor.py:157} INFO - Started process (PID=2067) to work on /opt/airflow/dags/03_example.py
[2025-10-21T01:05:14.417+0000] {processor.py:826} INFO - Processing file /opt/airflow/dags/03_example.py for tasks to queue
[2025-10-21T01:05:14.419+0000] {logging_mixin.py:149} INFO - [2025-10-21T01:05:14.419+0000] {dagbag.py:541} INFO - Filling up the DagBag from /opt/airflow/dags/03_example.py
[2025-10-21T01:05:14.461+0000] {processor.py:836} INFO - DAG(s) dict_keys(['03_example']) retrieved from /opt/airflow/dags/03_example.py
[2025-10-21T01:05:14.576+0000] {logging_mixin.py:149} INFO - [2025-10-21T01:05:14.576+0000] {dag.py:2726} INFO - Sync 1 DAGs
[2025-10-21T01:05:14.661+0000] {logging_mixin.py:149} INFO - [2025-10-21T01:05:14.661+0000] {dag.py:3490} INFO - Setting next_dagrun for 03_example to None, run_after=None
[2025-10-21T01:05:14.736+0000] {processor.py:179} INFO - Processing /opt/airflow/dags/03_example.py took 0.330 seconds
[2025-10-21T01:05:45.037+0000] {processor.py:157} INFO - Started process (PID=2133) to work on /opt/airflow/dags/03_example.py
[2025-10-21T01:05:45.044+0000] {processor.py:826} INFO - Processing file /opt/airflow/dags/03_example.py for tasks to queue
[2025-10-21T01:05:45.047+0000] {logging_mixin.py:149} INFO - [2025-10-21T01:05:45.047+0000] {dagbag.py:541} INFO - Filling up the DagBag from /opt/airflow/dags/03_example.py
[2025-10-21T01:05:45.120+0000] {processor.py:836} INFO - DAG(s) dict_keys(['03_example']) retrieved from /opt/airflow/dags/03_example.py
[2025-10-21T01:05:45.264+0000] {logging_mixin.py:149} INFO - [2025-10-21T01:05:45.263+0000] {dag.py:2726} INFO - Sync 1 DAGs
[2025-10-21T01:05:45.344+0000] {logging_mixin.py:149} INFO - [2025-10-21T01:05:45.343+0000] {dag.py:3490} INFO - Setting next_dagrun for 03_example to None, run_after=None
[2025-10-21T01:05:45.393+0000] {processor.py:179} INFO - Processing /opt/airflow/dags/03_example.py took 0.365 seconds
[2025-10-21T01:06:15.492+0000] {processor.py:157} INFO - Started process (PID=2199) to work on /opt/airflow/dags/03_example.py
[2025-10-21T01:06:15.493+0000] {processor.py:826} INFO - Processing file /opt/airflow/dags/03_example.py for tasks to queue
[2025-10-21T01:06:15.495+0000] {logging_mixin.py:149} INFO - [2025-10-21T01:06:15.495+0000] {dagbag.py:541} INFO - Filling up the DagBag from /opt/airflow/dags/03_example.py
[2025-10-21T01:06:15.540+0000] {processor.py:836} INFO - DAG(s) dict_keys(['03_example']) retrieved from /opt/airflow/dags/03_example.py
[2025-10-21T01:06:15.621+0000] {logging_mixin.py:149} INFO - [2025-10-21T01:06:15.621+0000] {dag.py:2726} INFO - Sync 1 DAGs
[2025-10-21T01:06:15.666+0000] {logging_mixin.py:149} INFO - [2025-10-21T01:06:15.665+0000] {dag.py:3490} INFO - Setting next_dagrun for 03_example to None, run_after=None
[2025-10-21T01:06:15.712+0000] {processor.py:179} INFO - Processing /opt/airflow/dags/03_example.py took 0.227 seconds
[2025-10-21T01:06:45.814+0000] {processor.py:157} INFO - Started process (PID=2266) to work on /opt/airflow/dags/03_example.py
[2025-10-21T01:06:45.816+0000] {processor.py:826} INFO - Processing file /opt/airflow/dags/03_example.py for tasks to queue
[2025-10-21T01:06:45.818+0000] {logging_mixin.py:149} INFO - [2025-10-21T01:06:45.818+0000] {dagbag.py:541} INFO - Filling up the DagBag from /opt/airflow/dags/03_example.py
[2025-10-21T01:06:45.870+0000] {processor.py:836} INFO - DAG(s) dict_keys(['03_example']) retrieved from /opt/airflow/dags/03_example.py
[2025-10-21T01:06:45.964+0000] {logging_mixin.py:149} INFO - [2025-10-21T01:06:45.964+0000] {dag.py:2726} INFO - Sync 1 DAGs
[2025-10-21T01:06:46.015+0000] {logging_mixin.py:149} INFO - [2025-10-21T01:06:46.015+0000] {dag.py:3490} INFO - Setting next_dagrun for 03_example to None, run_after=None
[2025-10-21T01:06:46.060+0000] {processor.py:179} INFO - Processing /opt/airflow/dags/03_example.py took 0.255 seconds
[2025-10-21T01:07:16.268+0000] {processor.py:157} INFO - Started process (PID=2333) to work on /opt/airflow/dags/03_example.py
[2025-10-21T01:07:16.270+0000] {processor.py:826} INFO - Processing file /opt/airflow/dags/03_example.py for tasks to queue
[2025-10-21T01:07:16.271+0000] {logging_mixin.py:149} INFO - [2025-10-21T01:07:16.271+0000] {dagbag.py:541} INFO - Filling up the DagBag from /opt/airflow/dags/03_example.py
[2025-10-21T01:07:16.330+0000] {processor.py:836} INFO - DAG(s) dict_keys(['03_example']) retrieved from /opt/airflow/dags/03_example.py
[2025-10-21T01:07:16.420+0000] {logging_mixin.py:149} INFO - [2025-10-21T01:07:16.420+0000] {dag.py:2726} INFO - Sync 1 DAGs
[2025-10-21T01:07:16.483+0000] {logging_mixin.py:149} INFO - [2025-10-21T01:07:16.483+0000] {dag.py:3490} INFO - Setting next_dagrun for 03_example to None, run_after=None
[2025-10-21T01:07:16.537+0000] {processor.py:179} INFO - Processing /opt/airflow/dags/03_example.py took 0.276 seconds
[2025-10-21T01:07:46.652+0000] {processor.py:157} INFO - Started process (PID=2399) to work on /opt/airflow/dags/03_example.py
[2025-10-21T01:07:46.654+0000] {processor.py:826} INFO - Processing file /opt/airflow/dags/03_example.py for tasks to queue
[2025-10-21T01:07:46.656+0000] {logging_mixin.py:149} INFO - [2025-10-21T01:07:46.655+0000] {dagbag.py:541} INFO - Filling up the DagBag from /opt/airflow/dags/03_example.py
[2025-10-21T01:07:46.698+0000] {processor.py:836} INFO - DAG(s) dict_keys(['03_example']) retrieved from /opt/airflow/dags/03_example.py
[2025-10-21T01:07:46.798+0000] {logging_mixin.py:149} INFO - [2025-10-21T01:07:46.798+0000] {dag.py:2726} INFO - Sync 1 DAGs
[2025-10-21T01:07:46.852+0000] {logging_mixin.py:149} INFO - [2025-10-21T01:07:46.852+0000] {dag.py:3490} INFO - Setting next_dagrun for 03_example to None, run_after=None
[2025-10-21T01:07:46.922+0000] {processor.py:179} INFO - Processing /opt/airflow/dags/03_example.py took 0.277 seconds
[2025-10-21T01:08:17.625+0000] {processor.py:157} INFO - Started process (PID=2465) to work on /opt/airflow/dags/03_example.py
[2025-10-21T01:08:17.628+0000] {processor.py:826} INFO - Processing file /opt/airflow/dags/03_example.py for tasks to queue
[2025-10-21T01:08:17.630+0000] {logging_mixin.py:149} INFO - [2025-10-21T01:08:17.629+0000] {dagbag.py:541} INFO - Filling up the DagBag from /opt/airflow/dags/03_example.py
[2025-10-21T01:08:17.691+0000] {processor.py:836} INFO - DAG(s) dict_keys(['03_example']) retrieved from /opt/airflow/dags/03_example.py
[2025-10-21T01:08:17.789+0000] {logging_mixin.py:149} INFO - [2025-10-21T01:08:17.789+0000] {dag.py:2726} INFO - Sync 1 DAGs
[2025-10-21T01:08:17.848+0000] {logging_mixin.py:149} INFO - [2025-10-21T01:08:17.847+0000] {dag.py:3490} INFO - Setting next_dagrun for 03_example to None, run_after=None
[2025-10-21T01:08:17.887+0000] {processor.py:179} INFO - Processing /opt/airflow/dags/03_example.py took 0.272 seconds
[2025-10-21T01:08:48.267+0000] {processor.py:157} INFO - Started process (PID=2531) to work on /opt/airflow/dags/03_example.py
[2025-10-21T01:08:48.271+0000] {processor.py:826} INFO - Processing file /opt/airflow/dags/03_example.py for tasks to queue
[2025-10-21T01:08:48.273+0000] {logging_mixin.py:149} INFO - [2025-10-21T01:08:48.272+0000] {dagbag.py:541} INFO - Filling up the DagBag from /opt/airflow/dags/03_example.py
[2025-10-21T01:08:48.329+0000] {processor.py:836} INFO - DAG(s) dict_keys(['03_example']) retrieved from /opt/airflow/dags/03_example.py
[2025-10-21T01:08:48.421+0000] {logging_mixin.py:149} INFO - [2025-10-21T01:08:48.421+0000] {dag.py:2726} INFO - Sync 1 DAGs
[2025-10-21T01:08:48.476+0000] {logging_mixin.py:149} INFO - [2025-10-21T01:08:48.476+0000] {dag.py:3490} INFO - Setting next_dagrun for 03_example to None, run_after=None
[2025-10-21T01:08:48.521+0000] {processor.py:179} INFO - Processing /opt/airflow/dags/03_example.py took 0.261 seconds
[2025-10-21T01:09:18.944+0000] {processor.py:157} INFO - Started process (PID=2597) to work on /opt/airflow/dags/03_example.py
[2025-10-21T01:09:18.947+0000] {processor.py:826} INFO - Processing file /opt/airflow/dags/03_example.py for tasks to queue
[2025-10-21T01:09:18.949+0000] {logging_mixin.py:149} INFO - [2025-10-21T01:09:18.949+0000] {dagbag.py:541} INFO - Filling up the DagBag from /opt/airflow/dags/03_example.py
[2025-10-21T01:09:19.007+0000] {processor.py:836} INFO - DAG(s) dict_keys(['03_example']) retrieved from /opt/airflow/dags/03_example.py
[2025-10-21T01:09:19.117+0000] {logging_mixin.py:149} INFO - [2025-10-21T01:09:19.117+0000] {dag.py:2726} INFO - Sync 1 DAGs
[2025-10-21T01:09:19.171+0000] {logging_mixin.py:149} INFO - [2025-10-21T01:09:19.170+0000] {dag.py:3490} INFO - Setting next_dagrun for 03_example to None, run_after=None
[2025-10-21T01:09:19.214+0000] {processor.py:179} INFO - Processing /opt/airflow/dags/03_example.py took 0.279 seconds
[2025-10-21T01:09:49.495+0000] {processor.py:157} INFO - Started process (PID=2664) to work on /opt/airflow/dags/03_example.py
[2025-10-21T01:09:49.499+0000] {processor.py:826} INFO - Processing file /opt/airflow/dags/03_example.py for tasks to queue
[2025-10-21T01:09:49.501+0000] {logging_mixin.py:149} INFO - [2025-10-21T01:09:49.501+0000] {dagbag.py:541} INFO - Filling up the DagBag from /opt/airflow/dags/03_example.py
[2025-10-21T01:09:49.558+0000] {processor.py:836} INFO - DAG(s) dict_keys(['03_example']) retrieved from /opt/airflow/dags/03_example.py
[2025-10-21T01:09:49.654+0000] {logging_mixin.py:149} INFO - [2025-10-21T01:09:49.653+0000] {dag.py:2726} INFO - Sync 1 DAGs
[2025-10-21T01:09:49.711+0000] {logging_mixin.py:149} INFO - [2025-10-21T01:09:49.711+0000] {dag.py:3490} INFO - Setting next_dagrun for 03_example to None, run_after=None
[2025-10-21T01:09:49.766+0000] {processor.py:179} INFO - Processing /opt/airflow/dags/03_example.py took 0.280 seconds
[2025-10-21T01:10:20.514+0000] {processor.py:157} INFO - Started process (PID=2731) to work on /opt/airflow/dags/03_example.py
[2025-10-21T01:10:20.517+0000] {processor.py:826} INFO - Processing file /opt/airflow/dags/03_example.py for tasks to queue
[2025-10-21T01:10:20.519+0000] {logging_mixin.py:149} INFO - [2025-10-21T01:10:20.519+0000] {dagbag.py:541} INFO - Filling up the DagBag from /opt/airflow/dags/03_example.py
[2025-10-21T01:10:20.579+0000] {processor.py:836} INFO - DAG(s) dict_keys(['03_example']) retrieved from /opt/airflow/dags/03_example.py
[2025-10-21T01:10:20.679+0000] {logging_mixin.py:149} INFO - [2025-10-21T01:10:20.678+0000] {dag.py:2726} INFO - Sync 1 DAGs
[2025-10-21T01:10:20.731+0000] {logging_mixin.py:149} INFO - [2025-10-21T01:10:20.730+0000] {dag.py:3490} INFO - Setting next_dagrun for 03_example to None, run_after=None
[2025-10-21T01:10:20.773+0000] {processor.py:179} INFO - Processing /opt/airflow/dags/03_example.py took 0.266 seconds
[2025-10-21T01:10:51.225+0000] {processor.py:157} INFO - Started process (PID=2797) to work on /opt/airflow/dags/03_example.py
[2025-10-21T01:10:51.227+0000] {processor.py:826} INFO - Processing file /opt/airflow/dags/03_example.py for tasks to queue
[2025-10-21T01:10:51.229+0000] {logging_mixin.py:149} INFO - [2025-10-21T01:10:51.229+0000] {dagbag.py:541} INFO - Filling up the DagBag from /opt/airflow/dags/03_example.py
[2025-10-21T01:10:51.275+0000] {processor.py:836} INFO - DAG(s) dict_keys(['03_example']) retrieved from /opt/airflow/dags/03_example.py
[2025-10-21T01:10:51.364+0000] {logging_mixin.py:149} INFO - [2025-10-21T01:10:51.363+0000] {dag.py:2726} INFO - Sync 1 DAGs
[2025-10-21T01:10:51.410+0000] {logging_mixin.py:149} INFO - [2025-10-21T01:10:51.410+0000] {dag.py:3490} INFO - Setting next_dagrun for 03_example to None, run_after=None
[2025-10-21T01:10:51.459+0000] {processor.py:179} INFO - Processing /opt/airflow/dags/03_example.py took 0.241 seconds
[2025-10-21T01:11:21.619+0000] {processor.py:157} INFO - Started process (PID=2863) to work on /opt/airflow/dags/03_example.py
[2025-10-21T01:11:21.621+0000] {processor.py:826} INFO - Processing file /opt/airflow/dags/03_example.py for tasks to queue
[2025-10-21T01:11:21.623+0000] {logging_mixin.py:149} INFO - [2025-10-21T01:11:21.622+0000] {dagbag.py:541} INFO - Filling up the DagBag from /opt/airflow/dags/03_example.py
[2025-10-21T01:11:21.669+0000] {processor.py:836} INFO - DAG(s) dict_keys(['03_example']) retrieved from /opt/airflow/dags/03_example.py
[2025-10-21T01:11:21.746+0000] {logging_mixin.py:149} INFO - [2025-10-21T01:11:21.746+0000] {dag.py:2726} INFO - Sync 1 DAGs
[2025-10-21T01:11:21.800+0000] {logging_mixin.py:149} INFO - [2025-10-21T01:11:21.800+0000] {dag.py:3490} INFO - Setting next_dagrun for 03_example to None, run_after=None
[2025-10-21T01:11:21.843+0000] {processor.py:179} INFO - Processing /opt/airflow/dags/03_example.py took 0.231 seconds
[2025-10-21T01:11:52.363+0000] {processor.py:157} INFO - Started process (PID=2929) to work on /opt/airflow/dags/03_example.py
[2025-10-21T01:11:52.365+0000] {processor.py:826} INFO - Processing file /opt/airflow/dags/03_example.py for tasks to queue
[2025-10-21T01:11:52.368+0000] {logging_mixin.py:149} INFO - [2025-10-21T01:11:52.367+0000] {dagbag.py:541} INFO - Filling up the DagBag from /opt/airflow/dags/03_example.py
[2025-10-21T01:11:52.426+0000] {processor.py:836} INFO - DAG(s) dict_keys(['03_example']) retrieved from /opt/airflow/dags/03_example.py
[2025-10-21T01:11:52.518+0000] {logging_mixin.py:149} INFO - [2025-10-21T01:11:52.518+0000] {dag.py:2726} INFO - Sync 1 DAGs
[2025-10-21T01:11:52.569+0000] {logging_mixin.py:149} INFO - [2025-10-21T01:11:52.568+0000] {dag.py:3490} INFO - Setting next_dagrun for 03_example to None, run_after=None
[2025-10-21T01:11:52.617+0000] {processor.py:179} INFO - Processing /opt/airflow/dags/03_example.py took 0.260 seconds
[2025-10-21T01:12:22.881+0000] {processor.py:157} INFO - Started process (PID=2995) to work on /opt/airflow/dags/03_example.py
[2025-10-21T01:12:22.883+0000] {processor.py:826} INFO - Processing file /opt/airflow/dags/03_example.py for tasks to queue
[2025-10-21T01:12:22.885+0000] {logging_mixin.py:149} INFO - [2025-10-21T01:12:22.884+0000] {dagbag.py:541} INFO - Filling up the DagBag from /opt/airflow/dags/03_example.py
[2025-10-21T01:12:22.923+0000] {processor.py:836} INFO - DAG(s) dict_keys(['03_example']) retrieved from /opt/airflow/dags/03_example.py
[2025-10-21T01:12:23.002+0000] {logging_mixin.py:149} INFO - [2025-10-21T01:12:23.001+0000] {dag.py:2726} INFO - Sync 1 DAGs
[2025-10-21T01:12:23.052+0000] {logging_mixin.py:149} INFO - [2025-10-21T01:12:23.052+0000] {dag.py:3490} INFO - Setting next_dagrun for 03_example to None, run_after=None
[2025-10-21T01:12:23.096+0000] {processor.py:179} INFO - Processing /opt/airflow/dags/03_example.py took 0.221 seconds
[2025-10-21T01:12:53.278+0000] {processor.py:157} INFO - Started process (PID=3061) to work on /opt/airflow/dags/03_example.py
[2025-10-21T01:12:53.280+0000] {processor.py:826} INFO - Processing file /opt/airflow/dags/03_example.py for tasks to queue
[2025-10-21T01:12:53.282+0000] {logging_mixin.py:149} INFO - [2025-10-21T01:12:53.281+0000] {dagbag.py:541} INFO - Filling up the DagBag from /opt/airflow/dags/03_example.py
[2025-10-21T01:12:53.326+0000] {processor.py:836} INFO - DAG(s) dict_keys(['03_example']) retrieved from /opt/airflow/dags/03_example.py
[2025-10-21T01:12:53.412+0000] {logging_mixin.py:149} INFO - [2025-10-21T01:12:53.412+0000] {dag.py:2726} INFO - Sync 1 DAGs
[2025-10-21T01:12:53.475+0000] {logging_mixin.py:149} INFO - [2025-10-21T01:12:53.475+0000] {dag.py:3490} INFO - Setting next_dagrun for 03_example to None, run_after=None
[2025-10-21T01:12:53.530+0000] {processor.py:179} INFO - Processing /opt/airflow/dags/03_example.py took 0.259 seconds
[2025-10-21T01:13:24.340+0000] {processor.py:157} INFO - Started process (PID=3127) to work on /opt/airflow/dags/03_example.py
[2025-10-21T01:13:24.342+0000] {processor.py:826} INFO - Processing file /opt/airflow/dags/03_example.py for tasks to queue
[2025-10-21T01:13:24.344+0000] {logging_mixin.py:149} INFO - [2025-10-21T01:13:24.343+0000] {dagbag.py:541} INFO - Filling up the DagBag from /opt/airflow/dags/03_example.py
[2025-10-21T01:13:24.404+0000] {processor.py:836} INFO - DAG(s) dict_keys(['03_example']) retrieved from /opt/airflow/dags/03_example.py
[2025-10-21T01:13:24.490+0000] {logging_mixin.py:149} INFO - [2025-10-21T01:13:24.490+0000] {dag.py:2726} INFO - Sync 1 DAGs
[2025-10-21T01:13:24.539+0000] {logging_mixin.py:149} INFO - [2025-10-21T01:13:24.539+0000] {dag.py:3490} INFO - Setting next_dagrun for 03_example to None, run_after=None
[2025-10-21T01:13:24.584+0000] {processor.py:179} INFO - Processing /opt/airflow/dags/03_example.py took 0.256 seconds
[2025-10-21T01:13:55.534+0000] {processor.py:157} INFO - Started process (PID=3193) to work on /opt/airflow/dags/03_example.py
[2025-10-21T01:13:55.539+0000] {processor.py:826} INFO - Processing file /opt/airflow/dags/03_example.py for tasks to queue
[2025-10-21T01:13:55.541+0000] {logging_mixin.py:149} INFO - [2025-10-21T01:13:55.541+0000] {dagbag.py:541} INFO - Filling up the DagBag from /opt/airflow/dags/03_example.py
[2025-10-21T01:13:55.598+0000] {processor.py:836} INFO - DAG(s) dict_keys(['03_example']) retrieved from /opt/airflow/dags/03_example.py
[2025-10-21T01:13:55.693+0000] {logging_mixin.py:149} INFO - [2025-10-21T01:13:55.693+0000] {dag.py:2726} INFO - Sync 1 DAGs
[2025-10-21T01:13:55.741+0000] {logging_mixin.py:149} INFO - [2025-10-21T01:13:55.740+0000] {dag.py:3490} INFO - Setting next_dagrun for 03_example to None, run_after=None
[2025-10-21T01:13:55.786+0000] {processor.py:179} INFO - Processing /opt/airflow/dags/03_example.py took 0.267 seconds
[2025-10-21T01:14:26.172+0000] {processor.py:157} INFO - Started process (PID=3259) to work on /opt/airflow/dags/03_example.py
[2025-10-21T01:14:26.174+0000] {processor.py:826} INFO - Processing file /opt/airflow/dags/03_example.py for tasks to queue
[2025-10-21T01:14:26.176+0000] {logging_mixin.py:149} INFO - [2025-10-21T01:14:26.176+0000] {dagbag.py:541} INFO - Filling up the DagBag from /opt/airflow/dags/03_example.py
[2025-10-21T01:14:26.222+0000] {processor.py:836} INFO - DAG(s) dict_keys(['03_example']) retrieved from /opt/airflow/dags/03_example.py
[2025-10-21T01:14:26.330+0000] {logging_mixin.py:149} INFO - [2025-10-21T01:14:26.330+0000] {dag.py:2726} INFO - Sync 1 DAGs
[2025-10-21T01:14:26.394+0000] {logging_mixin.py:149} INFO - [2025-10-21T01:14:26.394+0000] {dag.py:3490} INFO - Setting next_dagrun for 03_example to None, run_after=None
[2025-10-21T01:14:26.443+0000] {processor.py:179} INFO - Processing /opt/airflow/dags/03_example.py took 0.278 seconds
[2025-10-21T01:14:57.236+0000] {processor.py:157} INFO - Started process (PID=3325) to work on /opt/airflow/dags/03_example.py
[2025-10-21T01:14:57.239+0000] {processor.py:826} INFO - Processing file /opt/airflow/dags/03_example.py for tasks to queue
[2025-10-21T01:14:57.241+0000] {logging_mixin.py:149} INFO - [2025-10-21T01:14:57.240+0000] {dagbag.py:541} INFO - Filling up the DagBag from /opt/airflow/dags/03_example.py
[2025-10-21T01:14:57.322+0000] {processor.py:836} INFO - DAG(s) dict_keys(['03_example']) retrieved from /opt/airflow/dags/03_example.py
[2025-10-21T01:14:57.424+0000] {logging_mixin.py:149} INFO - [2025-10-21T01:14:57.423+0000] {dag.py:2726} INFO - Sync 1 DAGs
[2025-10-21T01:14:57.483+0000] {logging_mixin.py:149} INFO - [2025-10-21T01:14:57.483+0000] {dag.py:3490} INFO - Setting next_dagrun for 03_example to None, run_after=None
[2025-10-21T01:14:57.532+0000] {processor.py:179} INFO - Processing /opt/airflow/dags/03_example.py took 0.305 seconds
[2025-10-21T01:15:28.092+0000] {processor.py:157} INFO - Started process (PID=3391) to work on /opt/airflow/dags/03_example.py
[2025-10-21T01:15:28.094+0000] {processor.py:826} INFO - Processing file /opt/airflow/dags/03_example.py for tasks to queue
[2025-10-21T01:15:28.096+0000] {logging_mixin.py:149} INFO - [2025-10-21T01:15:28.096+0000] {dagbag.py:541} INFO - Filling up the DagBag from /opt/airflow/dags/03_example.py
[2025-10-21T01:15:28.148+0000] {processor.py:836} INFO - DAG(s) dict_keys(['03_example']) retrieved from /opt/airflow/dags/03_example.py
[2025-10-21T01:15:28.242+0000] {logging_mixin.py:149} INFO - [2025-10-21T01:15:28.241+0000] {dag.py:2726} INFO - Sync 1 DAGs
[2025-10-21T01:15:28.299+0000] {logging_mixin.py:149} INFO - [2025-10-21T01:15:28.298+0000] {dag.py:3490} INFO - Setting next_dagrun for 03_example to None, run_after=None
[2025-10-21T01:15:28.350+0000] {processor.py:179} INFO - Processing /opt/airflow/dags/03_example.py took 0.265 seconds
[2025-10-21T01:15:58.540+0000] {processor.py:157} INFO - Started process (PID=3458) to work on /opt/airflow/dags/03_example.py
[2025-10-21T01:15:58.542+0000] {processor.py:826} INFO - Processing file /opt/airflow/dags/03_example.py for tasks to queue
[2025-10-21T01:15:58.544+0000] {logging_mixin.py:149} INFO - [2025-10-21T01:15:58.544+0000] {dagbag.py:541} INFO - Filling up the DagBag from /opt/airflow/dags/03_example.py
[2025-10-21T01:15:58.590+0000] {processor.py:836} INFO - DAG(s) dict_keys(['03_example']) retrieved from /opt/airflow/dags/03_example.py
[2025-10-21T01:15:58.671+0000] {logging_mixin.py:149} INFO - [2025-10-21T01:15:58.671+0000] {dag.py:2726} INFO - Sync 1 DAGs
[2025-10-21T01:15:58.718+0000] {logging_mixin.py:149} INFO - [2025-10-21T01:15:58.718+0000] {dag.py:3490} INFO - Setting next_dagrun for 03_example to None, run_after=None
[2025-10-21T01:15:58.758+0000] {processor.py:179} INFO - Processing /opt/airflow/dags/03_example.py took 0.225 seconds
[2025-10-21T01:16:28.859+0000] {processor.py:157} INFO - Started process (PID=3524) to work on /opt/airflow/dags/03_example.py
[2025-10-21T01:16:28.861+0000] {processor.py:826} INFO - Processing file /opt/airflow/dags/03_example.py for tasks to queue
[2025-10-21T01:16:28.863+0000] {logging_mixin.py:149} INFO - [2025-10-21T01:16:28.863+0000] {dagbag.py:541} INFO - Filling up the DagBag from /opt/airflow/dags/03_example.py
[2025-10-21T01:16:28.908+0000] {processor.py:836} INFO - DAG(s) dict_keys(['03_example']) retrieved from /opt/airflow/dags/03_example.py
[2025-10-21T01:16:28.991+0000] {logging_mixin.py:149} INFO - [2025-10-21T01:16:28.991+0000] {dag.py:2726} INFO - Sync 1 DAGs
[2025-10-21T01:16:29.041+0000] {logging_mixin.py:149} INFO - [2025-10-21T01:16:29.041+0000] {dag.py:3490} INFO - Setting next_dagrun for 03_example to None, run_after=None
[2025-10-21T01:16:29.087+0000] {processor.py:179} INFO - Processing /opt/airflow/dags/03_example.py took 0.234 seconds
[2025-10-21T01:16:59.445+0000] {processor.py:157} INFO - Started process (PID=3590) to work on /opt/airflow/dags/03_example.py
[2025-10-21T01:16:59.447+0000] {processor.py:826} INFO - Processing file /opt/airflow/dags/03_example.py for tasks to queue
[2025-10-21T01:16:59.448+0000] {logging_mixin.py:149} INFO - [2025-10-21T01:16:59.448+0000] {dagbag.py:541} INFO - Filling up the DagBag from /opt/airflow/dags/03_example.py
[2025-10-21T01:16:59.498+0000] {processor.py:836} INFO - DAG(s) dict_keys(['03_example']) retrieved from /opt/airflow/dags/03_example.py
[2025-10-21T01:16:59.584+0000] {logging_mixin.py:149} INFO - [2025-10-21T01:16:59.584+0000] {dag.py:2726} INFO - Sync 1 DAGs
[2025-10-21T01:16:59.634+0000] {logging_mixin.py:149} INFO - [2025-10-21T01:16:59.634+0000] {dag.py:3490} INFO - Setting next_dagrun for 03_example to None, run_after=None
[2025-10-21T01:16:59.677+0000] {processor.py:179} INFO - Processing /opt/airflow/dags/03_example.py took 0.238 seconds
