[2025-10-21T00:49:50.694+0000] {processor.py:157} INFO - Started process (PID=82) to work on /opt/airflow/dags/04_example.py
[2025-10-21T00:49:50.697+0000] {processor.py:826} INFO - Processing file /opt/airflow/dags/04_example.py for tasks to queue
[2025-10-21T00:49:50.701+0000] {logging_mixin.py:149} INFO - [2025-10-21T00:49:50.700+0000] {dagbag.py:541} INFO - Filling up the DagBag from /opt/airflow/dags/04_example.py
[2025-10-21T00:49:50.762+0000] {processor.py:836} INFO - DAG(s) dict_keys(['04_api_to_postgres']) retrieved from /opt/airflow/dags/04_example.py
[2025-10-21T00:49:51.340+0000] {logging_mixin.py:149} INFO - [2025-10-21T00:49:51.340+0000] {dag.py:2726} INFO - Sync 1 DAGs
[2025-10-21T00:49:51.401+0000] {logging_mixin.py:149} INFO - [2025-10-21T00:49:51.401+0000] {dag.py:3490} INFO - Setting next_dagrun for 04_api_to_postgres to None, run_after=None
[2025-10-21T00:49:51.456+0000] {processor.py:179} INFO - Processing /opt/airflow/dags/04_example.py took 0.770 seconds
[2025-10-21T00:50:21.887+0000] {processor.py:157} INFO - Started process (PID=148) to work on /opt/airflow/dags/04_example.py
[2025-10-21T00:50:21.890+0000] {processor.py:826} INFO - Processing file /opt/airflow/dags/04_example.py for tasks to queue
[2025-10-21T00:50:21.893+0000] {logging_mixin.py:149} INFO - [2025-10-21T00:50:21.893+0000] {dagbag.py:541} INFO - Filling up the DagBag from /opt/airflow/dags/04_example.py
[2025-10-21T00:50:21.938+0000] {processor.py:836} INFO - DAG(s) dict_keys(['04_api_to_postgres']) retrieved from /opt/airflow/dags/04_example.py
[2025-10-21T00:50:22.005+0000] {logging_mixin.py:149} INFO - [2025-10-21T00:50:22.005+0000] {dag.py:2726} INFO - Sync 1 DAGs
[2025-10-21T00:50:22.078+0000] {logging_mixin.py:149} INFO - [2025-10-21T00:50:22.078+0000] {dag.py:3490} INFO - Setting next_dagrun for 04_api_to_postgres to None, run_after=None
[2025-10-21T00:50:22.145+0000] {processor.py:179} INFO - Processing /opt/airflow/dags/04_example.py took 0.269 seconds
[2025-10-21T00:50:52.430+0000] {processor.py:157} INFO - Started process (PID=214) to work on /opt/airflow/dags/04_example.py
[2025-10-21T00:50:52.436+0000] {processor.py:826} INFO - Processing file /opt/airflow/dags/04_example.py for tasks to queue
[2025-10-21T00:50:52.448+0000] {logging_mixin.py:149} INFO - [2025-10-21T00:50:52.444+0000] {dagbag.py:541} INFO - Filling up the DagBag from /opt/airflow/dags/04_example.py
[2025-10-21T00:50:52.578+0000] {processor.py:836} INFO - DAG(s) dict_keys(['04_api_to_postgres']) retrieved from /opt/airflow/dags/04_example.py
[2025-10-21T00:50:52.779+0000] {logging_mixin.py:149} INFO - [2025-10-21T00:50:52.779+0000] {dag.py:2726} INFO - Sync 1 DAGs
[2025-10-21T00:50:52.890+0000] {logging_mixin.py:149} INFO - [2025-10-21T00:50:52.889+0000] {dag.py:3490} INFO - Setting next_dagrun for 04_api_to_postgres to None, run_after=None
[2025-10-21T00:50:52.972+0000] {processor.py:179} INFO - Processing /opt/airflow/dags/04_example.py took 0.574 seconds
[2025-10-21T00:51:23.531+0000] {processor.py:157} INFO - Started process (PID=280) to work on /opt/airflow/dags/04_example.py
[2025-10-21T00:51:23.535+0000] {processor.py:826} INFO - Processing file /opt/airflow/dags/04_example.py for tasks to queue
[2025-10-21T00:51:23.538+0000] {logging_mixin.py:149} INFO - [2025-10-21T00:51:23.537+0000] {dagbag.py:541} INFO - Filling up the DagBag from /opt/airflow/dags/04_example.py
[2025-10-21T00:51:23.592+0000] {processor.py:836} INFO - DAG(s) dict_keys(['04_api_to_postgres']) retrieved from /opt/airflow/dags/04_example.py
[2025-10-21T00:51:23.677+0000] {logging_mixin.py:149} INFO - [2025-10-21T00:51:23.677+0000] {dag.py:2726} INFO - Sync 1 DAGs
[2025-10-21T00:51:23.766+0000] {logging_mixin.py:149} INFO - [2025-10-21T00:51:23.766+0000] {dag.py:3490} INFO - Setting next_dagrun for 04_api_to_postgres to None, run_after=None
[2025-10-21T00:51:23.836+0000] {processor.py:179} INFO - Processing /opt/airflow/dags/04_example.py took 0.317 seconds
[2025-10-21T00:51:54.549+0000] {processor.py:157} INFO - Started process (PID=346) to work on /opt/airflow/dags/04_example.py
[2025-10-21T00:51:54.553+0000] {processor.py:826} INFO - Processing file /opt/airflow/dags/04_example.py for tasks to queue
[2025-10-21T00:51:54.556+0000] {logging_mixin.py:149} INFO - [2025-10-21T00:51:54.556+0000] {dagbag.py:541} INFO - Filling up the DagBag from /opt/airflow/dags/04_example.py
[2025-10-21T00:51:54.634+0000] {processor.py:836} INFO - DAG(s) dict_keys(['04_api_to_postgres']) retrieved from /opt/airflow/dags/04_example.py
[2025-10-21T00:51:54.725+0000] {logging_mixin.py:149} INFO - [2025-10-21T00:51:54.725+0000] {dag.py:2726} INFO - Sync 1 DAGs
[2025-10-21T00:51:54.855+0000] {logging_mixin.py:149} INFO - [2025-10-21T00:51:54.855+0000] {dag.py:3490} INFO - Setting next_dagrun for 04_api_to_postgres to None, run_after=None
[2025-10-21T00:51:54.916+0000] {processor.py:179} INFO - Processing /opt/airflow/dags/04_example.py took 0.380 seconds
[2025-10-21T00:52:25.214+0000] {processor.py:157} INFO - Started process (PID=411) to work on /opt/airflow/dags/04_example.py
[2025-10-21T00:52:25.219+0000] {processor.py:826} INFO - Processing file /opt/airflow/dags/04_example.py for tasks to queue
[2025-10-21T00:52:25.221+0000] {logging_mixin.py:149} INFO - [2025-10-21T00:52:25.221+0000] {dagbag.py:541} INFO - Filling up the DagBag from /opt/airflow/dags/04_example.py
[2025-10-21T00:52:25.268+0000] {processor.py:836} INFO - DAG(s) dict_keys(['04_api_to_postgres']) retrieved from /opt/airflow/dags/04_example.py
[2025-10-21T00:52:25.334+0000] {logging_mixin.py:149} INFO - [2025-10-21T00:52:25.333+0000] {dag.py:2726} INFO - Sync 1 DAGs
[2025-10-21T00:52:25.404+0000] {logging_mixin.py:149} INFO - [2025-10-21T00:52:25.403+0000] {dag.py:3490} INFO - Setting next_dagrun for 04_api_to_postgres to None, run_after=None
[2025-10-21T00:52:25.457+0000] {processor.py:179} INFO - Processing /opt/airflow/dags/04_example.py took 0.255 seconds
[2025-10-21T00:52:55.784+0000] {processor.py:157} INFO - Started process (PID=477) to work on /opt/airflow/dags/04_example.py
[2025-10-21T00:52:55.787+0000] {processor.py:826} INFO - Processing file /opt/airflow/dags/04_example.py for tasks to queue
[2025-10-21T00:52:55.788+0000] {logging_mixin.py:149} INFO - [2025-10-21T00:52:55.788+0000] {dagbag.py:541} INFO - Filling up the DagBag from /opt/airflow/dags/04_example.py
[2025-10-21T00:52:55.820+0000] {processor.py:836} INFO - DAG(s) dict_keys(['04_api_to_postgres']) retrieved from /opt/airflow/dags/04_example.py
[2025-10-21T00:52:55.866+0000] {logging_mixin.py:149} INFO - [2025-10-21T00:52:55.866+0000] {dag.py:2726} INFO - Sync 1 DAGs
[2025-10-21T00:52:55.916+0000] {logging_mixin.py:149} INFO - [2025-10-21T00:52:55.916+0000] {dag.py:3490} INFO - Setting next_dagrun for 04_api_to_postgres to None, run_after=None
[2025-10-21T00:52:55.959+0000] {processor.py:179} INFO - Processing /opt/airflow/dags/04_example.py took 0.183 seconds
[2025-10-21T00:53:26.491+0000] {processor.py:157} INFO - Started process (PID=544) to work on /opt/airflow/dags/04_example.py
[2025-10-21T00:53:26.493+0000] {processor.py:826} INFO - Processing file /opt/airflow/dags/04_example.py for tasks to queue
[2025-10-21T00:53:26.495+0000] {logging_mixin.py:149} INFO - [2025-10-21T00:53:26.495+0000] {dagbag.py:541} INFO - Filling up the DagBag from /opt/airflow/dags/04_example.py
[2025-10-21T00:53:26.527+0000] {processor.py:836} INFO - DAG(s) dict_keys(['04_api_to_postgres']) retrieved from /opt/airflow/dags/04_example.py
[2025-10-21T00:53:26.575+0000] {logging_mixin.py:149} INFO - [2025-10-21T00:53:26.574+0000] {dag.py:2726} INFO - Sync 1 DAGs
[2025-10-21T00:53:26.629+0000] {logging_mixin.py:149} INFO - [2025-10-21T00:53:26.629+0000] {dag.py:3490} INFO - Setting next_dagrun for 04_api_to_postgres to None, run_after=None
[2025-10-21T00:53:26.674+0000] {processor.py:179} INFO - Processing /opt/airflow/dags/04_example.py took 0.190 seconds
[2025-10-21T00:53:57.023+0000] {processor.py:157} INFO - Started process (PID=611) to work on /opt/airflow/dags/04_example.py
[2025-10-21T00:53:57.025+0000] {processor.py:826} INFO - Processing file /opt/airflow/dags/04_example.py for tasks to queue
[2025-10-21T00:53:57.027+0000] {logging_mixin.py:149} INFO - [2025-10-21T00:53:57.027+0000] {dagbag.py:541} INFO - Filling up the DagBag from /opt/airflow/dags/04_example.py
[2025-10-21T00:53:57.064+0000] {processor.py:836} INFO - DAG(s) dict_keys(['04_api_to_postgres']) retrieved from /opt/airflow/dags/04_example.py
[2025-10-21T00:53:57.114+0000] {logging_mixin.py:149} INFO - [2025-10-21T00:53:57.114+0000] {dag.py:2726} INFO - Sync 1 DAGs
[2025-10-21T00:53:57.163+0000] {logging_mixin.py:149} INFO - [2025-10-21T00:53:57.163+0000] {dag.py:3490} INFO - Setting next_dagrun for 04_api_to_postgres to None, run_after=None
[2025-10-21T00:53:57.209+0000] {processor.py:179} INFO - Processing /opt/airflow/dags/04_example.py took 0.194 seconds
[2025-10-21T00:54:27.402+0000] {processor.py:157} INFO - Started process (PID=677) to work on /opt/airflow/dags/04_example.py
[2025-10-21T00:54:27.405+0000] {processor.py:826} INFO - Processing file /opt/airflow/dags/04_example.py for tasks to queue
[2025-10-21T00:54:27.407+0000] {logging_mixin.py:149} INFO - [2025-10-21T00:54:27.407+0000] {dagbag.py:541} INFO - Filling up the DagBag from /opt/airflow/dags/04_example.py
[2025-10-21T00:54:27.451+0000] {processor.py:836} INFO - DAG(s) dict_keys(['04_api_to_postgres']) retrieved from /opt/airflow/dags/04_example.py
[2025-10-21T00:54:27.510+0000] {logging_mixin.py:149} INFO - [2025-10-21T00:54:27.510+0000] {dag.py:2726} INFO - Sync 1 DAGs
[2025-10-21T00:54:27.565+0000] {logging_mixin.py:149} INFO - [2025-10-21T00:54:27.565+0000] {dag.py:3490} INFO - Setting next_dagrun for 04_api_to_postgres to None, run_after=None
[2025-10-21T00:54:27.604+0000] {processor.py:179} INFO - Processing /opt/airflow/dags/04_example.py took 0.212 seconds
[2025-10-21T00:54:57.830+0000] {processor.py:157} INFO - Started process (PID=743) to work on /opt/airflow/dags/04_example.py
[2025-10-21T00:54:57.833+0000] {processor.py:826} INFO - Processing file /opt/airflow/dags/04_example.py for tasks to queue
[2025-10-21T00:54:57.835+0000] {logging_mixin.py:149} INFO - [2025-10-21T00:54:57.835+0000] {dagbag.py:541} INFO - Filling up the DagBag from /opt/airflow/dags/04_example.py
[2025-10-21T00:54:57.880+0000] {processor.py:836} INFO - DAG(s) dict_keys(['04_api_to_postgres']) retrieved from /opt/airflow/dags/04_example.py
[2025-10-21T00:54:57.943+0000] {logging_mixin.py:149} INFO - [2025-10-21T00:54:57.942+0000] {dag.py:2726} INFO - Sync 1 DAGs
[2025-10-21T00:54:58.010+0000] {logging_mixin.py:149} INFO - [2025-10-21T00:54:58.009+0000] {dag.py:3490} INFO - Setting next_dagrun for 04_api_to_postgres to None, run_after=None
[2025-10-21T00:54:58.061+0000] {processor.py:179} INFO - Processing /opt/airflow/dags/04_example.py took 0.237 seconds
[2025-10-21T00:55:28.913+0000] {processor.py:157} INFO - Started process (PID=809) to work on /opt/airflow/dags/04_example.py
[2025-10-21T00:55:28.916+0000] {processor.py:826} INFO - Processing file /opt/airflow/dags/04_example.py for tasks to queue
[2025-10-21T00:55:28.918+0000] {logging_mixin.py:149} INFO - [2025-10-21T00:55:28.918+0000] {dagbag.py:541} INFO - Filling up the DagBag from /opt/airflow/dags/04_example.py
[2025-10-21T00:55:28.950+0000] {processor.py:836} INFO - DAG(s) dict_keys(['04_api_to_postgres']) retrieved from /opt/airflow/dags/04_example.py
[2025-10-21T00:55:28.995+0000] {logging_mixin.py:149} INFO - [2025-10-21T00:55:28.995+0000] {dag.py:2726} INFO - Sync 1 DAGs
[2025-10-21T00:55:29.041+0000] {logging_mixin.py:149} INFO - [2025-10-21T00:55:29.041+0000] {dag.py:3490} INFO - Setting next_dagrun for 04_api_to_postgres to None, run_after=None
[2025-10-21T00:55:29.086+0000] {processor.py:179} INFO - Processing /opt/airflow/dags/04_example.py took 0.179 seconds
[2025-10-21T00:55:59.928+0000] {processor.py:157} INFO - Started process (PID=875) to work on /opt/airflow/dags/04_example.py
[2025-10-21T00:55:59.931+0000] {processor.py:826} INFO - Processing file /opt/airflow/dags/04_example.py for tasks to queue
[2025-10-21T00:55:59.933+0000] {logging_mixin.py:149} INFO - [2025-10-21T00:55:59.932+0000] {dagbag.py:541} INFO - Filling up the DagBag from /opt/airflow/dags/04_example.py
[2025-10-21T00:55:59.970+0000] {processor.py:836} INFO - DAG(s) dict_keys(['04_api_to_postgres']) retrieved from /opt/airflow/dags/04_example.py
[2025-10-21T00:56:00.030+0000] {logging_mixin.py:149} INFO - [2025-10-21T00:56:00.029+0000] {dag.py:2726} INFO - Sync 1 DAGs
[2025-10-21T00:56:00.093+0000] {logging_mixin.py:149} INFO - [2025-10-21T00:56:00.093+0000] {dag.py:3490} INFO - Setting next_dagrun for 04_api_to_postgres to None, run_after=None
[2025-10-21T00:56:00.145+0000] {processor.py:179} INFO - Processing /opt/airflow/dags/04_example.py took 0.226 seconds
[2025-10-21T00:56:30.771+0000] {processor.py:157} INFO - Started process (PID=941) to work on /opt/airflow/dags/04_example.py
[2025-10-21T00:56:30.773+0000] {processor.py:826} INFO - Processing file /opt/airflow/dags/04_example.py for tasks to queue
[2025-10-21T00:56:30.775+0000] {logging_mixin.py:149} INFO - [2025-10-21T00:56:30.774+0000] {dagbag.py:541} INFO - Filling up the DagBag from /opt/airflow/dags/04_example.py
[2025-10-21T00:56:30.805+0000] {processor.py:836} INFO - DAG(s) dict_keys(['04_api_to_postgres']) retrieved from /opt/airflow/dags/04_example.py
[2025-10-21T00:56:30.849+0000] {logging_mixin.py:149} INFO - [2025-10-21T00:56:30.849+0000] {dag.py:2726} INFO - Sync 1 DAGs
[2025-10-21T00:56:30.893+0000] {logging_mixin.py:149} INFO - [2025-10-21T00:56:30.892+0000] {dag.py:3490} INFO - Setting next_dagrun for 04_api_to_postgres to None, run_after=None
[2025-10-21T00:56:30.934+0000] {processor.py:179} INFO - Processing /opt/airflow/dags/04_example.py took 0.171 seconds
[2025-10-21T00:57:01.899+0000] {processor.py:157} INFO - Started process (PID=1008) to work on /opt/airflow/dags/04_example.py
[2025-10-21T00:57:01.901+0000] {processor.py:826} INFO - Processing file /opt/airflow/dags/04_example.py for tasks to queue
[2025-10-21T00:57:01.902+0000] {logging_mixin.py:149} INFO - [2025-10-21T00:57:01.902+0000] {dagbag.py:541} INFO - Filling up the DagBag from /opt/airflow/dags/04_example.py
[2025-10-21T00:57:01.935+0000] {processor.py:836} INFO - DAG(s) dict_keys(['04_api_to_postgres']) retrieved from /opt/airflow/dags/04_example.py
[2025-10-21T00:57:01.976+0000] {logging_mixin.py:149} INFO - [2025-10-21T00:57:01.975+0000] {dag.py:2726} INFO - Sync 1 DAGs
[2025-10-21T00:57:02.023+0000] {logging_mixin.py:149} INFO - [2025-10-21T00:57:02.023+0000] {dag.py:3490} INFO - Setting next_dagrun for 04_api_to_postgres to None, run_after=None
[2025-10-21T00:57:02.068+0000] {processor.py:179} INFO - Processing /opt/airflow/dags/04_example.py took 0.175 seconds
[2025-10-21T00:57:32.925+0000] {processor.py:157} INFO - Started process (PID=1074) to work on /opt/airflow/dags/04_example.py
[2025-10-21T00:57:32.928+0000] {processor.py:826} INFO - Processing file /opt/airflow/dags/04_example.py for tasks to queue
[2025-10-21T00:57:32.930+0000] {logging_mixin.py:149} INFO - [2025-10-21T00:57:32.930+0000] {dagbag.py:541} INFO - Filling up the DagBag from /opt/airflow/dags/04_example.py
[2025-10-21T00:57:32.969+0000] {processor.py:836} INFO - DAG(s) dict_keys(['04_api_to_postgres']) retrieved from /opt/airflow/dags/04_example.py
[2025-10-21T00:57:33.017+0000] {logging_mixin.py:149} INFO - [2025-10-21T00:57:33.017+0000] {dag.py:2726} INFO - Sync 1 DAGs
[2025-10-21T00:57:33.069+0000] {logging_mixin.py:149} INFO - [2025-10-21T00:57:33.068+0000] {dag.py:3490} INFO - Setting next_dagrun for 04_api_to_postgres to None, run_after=None
[2025-10-21T00:57:33.117+0000] {processor.py:179} INFO - Processing /opt/airflow/dags/04_example.py took 0.199 seconds
[2025-10-21T00:58:03.803+0000] {processor.py:157} INFO - Started process (PID=1140) to work on /opt/airflow/dags/04_example.py
[2025-10-21T00:58:03.806+0000] {processor.py:826} INFO - Processing file /opt/airflow/dags/04_example.py for tasks to queue
[2025-10-21T00:58:03.807+0000] {logging_mixin.py:149} INFO - [2025-10-21T00:58:03.807+0000] {dagbag.py:541} INFO - Filling up the DagBag from /opt/airflow/dags/04_example.py
[2025-10-21T00:58:03.838+0000] {processor.py:836} INFO - DAG(s) dict_keys(['04_api_to_postgres']) retrieved from /opt/airflow/dags/04_example.py
[2025-10-21T00:58:03.883+0000] {logging_mixin.py:149} INFO - [2025-10-21T00:58:03.883+0000] {dag.py:2726} INFO - Sync 1 DAGs
[2025-10-21T00:58:03.933+0000] {logging_mixin.py:149} INFO - [2025-10-21T00:58:03.932+0000] {dag.py:3490} INFO - Setting next_dagrun for 04_api_to_postgres to None, run_after=None
[2025-10-21T00:58:03.972+0000] {processor.py:179} INFO - Processing /opt/airflow/dags/04_example.py took 0.176 seconds
[2025-10-21T00:58:34.937+0000] {processor.py:157} INFO - Started process (PID=1207) to work on /opt/airflow/dags/04_example.py
[2025-10-21T00:58:34.940+0000] {processor.py:826} INFO - Processing file /opt/airflow/dags/04_example.py for tasks to queue
[2025-10-21T00:58:34.943+0000] {logging_mixin.py:149} INFO - [2025-10-21T00:58:34.942+0000] {dagbag.py:541} INFO - Filling up the DagBag from /opt/airflow/dags/04_example.py
[2025-10-21T00:58:35.045+0000] {processor.py:836} INFO - DAG(s) dict_keys(['04_api_to_postgres']) retrieved from /opt/airflow/dags/04_example.py
[2025-10-21T00:58:35.146+0000] {logging_mixin.py:149} INFO - [2025-10-21T00:58:35.145+0000] {dag.py:2726} INFO - Sync 1 DAGs
[2025-10-21T00:58:35.220+0000] {logging_mixin.py:149} INFO - [2025-10-21T00:58:35.220+0000] {dag.py:3490} INFO - Setting next_dagrun for 04_api_to_postgres to None, run_after=None
[2025-10-21T00:58:35.285+0000] {processor.py:179} INFO - Processing /opt/airflow/dags/04_example.py took 0.362 seconds
[2025-10-21T00:59:05.694+0000] {processor.py:157} INFO - Started process (PID=1274) to work on /opt/airflow/dags/04_example.py
[2025-10-21T00:59:05.697+0000] {processor.py:826} INFO - Processing file /opt/airflow/dags/04_example.py for tasks to queue
[2025-10-21T00:59:05.699+0000] {logging_mixin.py:149} INFO - [2025-10-21T00:59:05.699+0000] {dagbag.py:541} INFO - Filling up the DagBag from /opt/airflow/dags/04_example.py
[2025-10-21T00:59:05.734+0000] {processor.py:836} INFO - DAG(s) dict_keys(['04_api_to_postgres']) retrieved from /opt/airflow/dags/04_example.py
[2025-10-21T00:59:05.792+0000] {logging_mixin.py:149} INFO - [2025-10-21T00:59:05.791+0000] {dag.py:2726} INFO - Sync 1 DAGs
[2025-10-21T00:59:05.845+0000] {logging_mixin.py:149} INFO - [2025-10-21T00:59:05.844+0000] {dag.py:3490} INFO - Setting next_dagrun for 04_api_to_postgres to None, run_after=None
[2025-10-21T00:59:05.889+0000] {processor.py:179} INFO - Processing /opt/airflow/dags/04_example.py took 0.204 seconds
[2025-10-21T00:59:36.248+0000] {processor.py:157} INFO - Started process (PID=1341) to work on /opt/airflow/dags/04_example.py
[2025-10-21T00:59:36.250+0000] {processor.py:826} INFO - Processing file /opt/airflow/dags/04_example.py for tasks to queue
[2025-10-21T00:59:36.252+0000] {logging_mixin.py:149} INFO - [2025-10-21T00:59:36.252+0000] {dagbag.py:541} INFO - Filling up the DagBag from /opt/airflow/dags/04_example.py
[2025-10-21T00:59:36.293+0000] {processor.py:836} INFO - DAG(s) dict_keys(['04_api_to_postgres']) retrieved from /opt/airflow/dags/04_example.py
[2025-10-21T00:59:36.346+0000] {logging_mixin.py:149} INFO - [2025-10-21T00:59:36.346+0000] {dag.py:2726} INFO - Sync 1 DAGs
[2025-10-21T00:59:36.405+0000] {logging_mixin.py:149} INFO - [2025-10-21T00:59:36.404+0000] {dag.py:3490} INFO - Setting next_dagrun for 04_api_to_postgres to None, run_after=None
[2025-10-21T00:59:36.458+0000] {processor.py:179} INFO - Processing /opt/airflow/dags/04_example.py took 0.219 seconds
[2025-10-21T01:00:06.906+0000] {processor.py:157} INFO - Started process (PID=1407) to work on /opt/airflow/dags/04_example.py
[2025-10-21T01:00:06.908+0000] {processor.py:826} INFO - Processing file /opt/airflow/dags/04_example.py for tasks to queue
[2025-10-21T01:00:06.909+0000] {logging_mixin.py:149} INFO - [2025-10-21T01:00:06.909+0000] {dagbag.py:541} INFO - Filling up the DagBag from /opt/airflow/dags/04_example.py
[2025-10-21T01:00:06.944+0000] {processor.py:836} INFO - DAG(s) dict_keys(['04_api_to_postgres']) retrieved from /opt/airflow/dags/04_example.py
[2025-10-21T01:00:06.991+0000] {logging_mixin.py:149} INFO - [2025-10-21T01:00:06.991+0000] {dag.py:2726} INFO - Sync 1 DAGs
[2025-10-21T01:00:07.038+0000] {logging_mixin.py:149} INFO - [2025-10-21T01:00:07.038+0000] {dag.py:3490} INFO - Setting next_dagrun for 04_api_to_postgres to None, run_after=None
[2025-10-21T01:00:07.081+0000] {processor.py:179} INFO - Processing /opt/airflow/dags/04_example.py took 0.182 seconds
[2025-10-21T01:00:37.661+0000] {processor.py:157} INFO - Started process (PID=1480) to work on /opt/airflow/dags/04_example.py
[2025-10-21T01:00:37.664+0000] {processor.py:826} INFO - Processing file /opt/airflow/dags/04_example.py for tasks to queue
[2025-10-21T01:00:37.666+0000] {logging_mixin.py:149} INFO - [2025-10-21T01:00:37.666+0000] {dagbag.py:541} INFO - Filling up the DagBag from /opt/airflow/dags/04_example.py
[2025-10-21T01:00:37.705+0000] {processor.py:836} INFO - DAG(s) dict_keys(['04_api_to_postgres']) retrieved from /opt/airflow/dags/04_example.py
[2025-10-21T01:00:37.749+0000] {logging_mixin.py:149} INFO - [2025-10-21T01:00:37.749+0000] {dag.py:2726} INFO - Sync 1 DAGs
[2025-10-21T01:00:37.795+0000] {logging_mixin.py:149} INFO - [2025-10-21T01:00:37.794+0000] {dag.py:3490} INFO - Setting next_dagrun for 04_api_to_postgres to None, run_after=None
[2025-10-21T01:00:37.838+0000] {processor.py:179} INFO - Processing /opt/airflow/dags/04_example.py took 0.184 seconds
[2025-10-21T01:01:08.422+0000] {processor.py:157} INFO - Started process (PID=1546) to work on /opt/airflow/dags/04_example.py
[2025-10-21T01:01:08.425+0000] {processor.py:826} INFO - Processing file /opt/airflow/dags/04_example.py for tasks to queue
[2025-10-21T01:01:08.427+0000] {logging_mixin.py:149} INFO - [2025-10-21T01:01:08.426+0000] {dagbag.py:541} INFO - Filling up the DagBag from /opt/airflow/dags/04_example.py
[2025-10-21T01:01:08.457+0000] {processor.py:836} INFO - DAG(s) dict_keys(['04_api_to_postgres']) retrieved from /opt/airflow/dags/04_example.py
[2025-10-21T01:01:08.504+0000] {logging_mixin.py:149} INFO - [2025-10-21T01:01:08.504+0000] {dag.py:2726} INFO - Sync 1 DAGs
[2025-10-21T01:01:08.554+0000] {logging_mixin.py:149} INFO - [2025-10-21T01:01:08.554+0000] {dag.py:3490} INFO - Setting next_dagrun for 04_api_to_postgres to None, run_after=None
[2025-10-21T01:01:08.599+0000] {processor.py:179} INFO - Processing /opt/airflow/dags/04_example.py took 0.183 seconds
[2025-10-21T01:01:39.341+0000] {processor.py:157} INFO - Started process (PID=1612) to work on /opt/airflow/dags/04_example.py
[2025-10-21T01:01:39.344+0000] {processor.py:826} INFO - Processing file /opt/airflow/dags/04_example.py for tasks to queue
[2025-10-21T01:01:39.346+0000] {logging_mixin.py:149} INFO - [2025-10-21T01:01:39.345+0000] {dagbag.py:541} INFO - Filling up the DagBag from /opt/airflow/dags/04_example.py
[2025-10-21T01:01:39.390+0000] {processor.py:836} INFO - DAG(s) dict_keys(['04_api_to_postgres']) retrieved from /opt/airflow/dags/04_example.py
[2025-10-21T01:01:39.446+0000] {logging_mixin.py:149} INFO - [2025-10-21T01:01:39.445+0000] {dag.py:2726} INFO - Sync 1 DAGs
[2025-10-21T01:01:39.501+0000] {logging_mixin.py:149} INFO - [2025-10-21T01:01:39.501+0000] {dag.py:3490} INFO - Setting next_dagrun for 04_api_to_postgres to None, run_after=None
[2025-10-21T01:01:39.551+0000] {processor.py:179} INFO - Processing /opt/airflow/dags/04_example.py took 0.216 seconds
[2025-10-21T01:02:09.872+0000] {processor.py:157} INFO - Started process (PID=1678) to work on /opt/airflow/dags/04_example.py
[2025-10-21T01:02:09.875+0000] {processor.py:826} INFO - Processing file /opt/airflow/dags/04_example.py for tasks to queue
[2025-10-21T01:02:09.876+0000] {logging_mixin.py:149} INFO - [2025-10-21T01:02:09.876+0000] {dagbag.py:541} INFO - Filling up the DagBag from /opt/airflow/dags/04_example.py
[2025-10-21T01:02:09.907+0000] {processor.py:836} INFO - DAG(s) dict_keys(['04_api_to_postgres']) retrieved from /opt/airflow/dags/04_example.py
[2025-10-21T01:02:09.949+0000] {logging_mixin.py:149} INFO - [2025-10-21T01:02:09.948+0000] {dag.py:2726} INFO - Sync 1 DAGs
[2025-10-21T01:02:09.994+0000] {logging_mixin.py:149} INFO - [2025-10-21T01:02:09.994+0000] {dag.py:3490} INFO - Setting next_dagrun for 04_api_to_postgres to None, run_after=None
[2025-10-21T01:02:10.035+0000] {processor.py:179} INFO - Processing /opt/airflow/dags/04_example.py took 0.168 seconds
[2025-10-21T01:02:40.354+0000] {processor.py:157} INFO - Started process (PID=1744) to work on /opt/airflow/dags/04_example.py
[2025-10-21T01:02:40.356+0000] {processor.py:826} INFO - Processing file /opt/airflow/dags/04_example.py for tasks to queue
[2025-10-21T01:02:40.358+0000] {logging_mixin.py:149} INFO - [2025-10-21T01:02:40.358+0000] {dagbag.py:541} INFO - Filling up the DagBag from /opt/airflow/dags/04_example.py
[2025-10-21T01:02:40.395+0000] {processor.py:836} INFO - DAG(s) dict_keys(['04_api_to_postgres']) retrieved from /opt/airflow/dags/04_example.py
[2025-10-21T01:02:40.442+0000] {logging_mixin.py:149} INFO - [2025-10-21T01:02:40.441+0000] {dag.py:2726} INFO - Sync 1 DAGs
[2025-10-21T01:02:40.491+0000] {logging_mixin.py:149} INFO - [2025-10-21T01:02:40.490+0000] {dag.py:3490} INFO - Setting next_dagrun for 04_api_to_postgres to None, run_after=None
[2025-10-21T01:02:40.532+0000] {processor.py:179} INFO - Processing /opt/airflow/dags/04_example.py took 0.185 seconds
[2025-10-21T01:03:11.017+0000] {processor.py:157} INFO - Started process (PID=1811) to work on /opt/airflow/dags/04_example.py
[2025-10-21T01:03:11.019+0000] {processor.py:826} INFO - Processing file /opt/airflow/dags/04_example.py for tasks to queue
[2025-10-21T01:03:11.021+0000] {logging_mixin.py:149} INFO - [2025-10-21T01:03:11.021+0000] {dagbag.py:541} INFO - Filling up the DagBag from /opt/airflow/dags/04_example.py
[2025-10-21T01:03:11.054+0000] {processor.py:836} INFO - DAG(s) dict_keys(['04_api_to_postgres']) retrieved from /opt/airflow/dags/04_example.py
[2025-10-21T01:03:11.098+0000] {logging_mixin.py:149} INFO - [2025-10-21T01:03:11.098+0000] {dag.py:2726} INFO - Sync 1 DAGs
[2025-10-21T01:03:11.147+0000] {logging_mixin.py:149} INFO - [2025-10-21T01:03:11.147+0000] {dag.py:3490} INFO - Setting next_dagrun for 04_api_to_postgres to None, run_after=None
[2025-10-21T01:03:11.188+0000] {processor.py:179} INFO - Processing /opt/airflow/dags/04_example.py took 0.178 seconds
[2025-10-21T01:03:41.788+0000] {processor.py:157} INFO - Started process (PID=1877) to work on /opt/airflow/dags/04_example.py
[2025-10-21T01:03:41.790+0000] {processor.py:826} INFO - Processing file /opt/airflow/dags/04_example.py for tasks to queue
[2025-10-21T01:03:41.792+0000] {logging_mixin.py:149} INFO - [2025-10-21T01:03:41.792+0000] {dagbag.py:541} INFO - Filling up the DagBag from /opt/airflow/dags/04_example.py
[2025-10-21T01:03:41.832+0000] {processor.py:836} INFO - DAG(s) dict_keys(['04_api_to_postgres']) retrieved from /opt/airflow/dags/04_example.py
[2025-10-21T01:03:41.879+0000] {logging_mixin.py:149} INFO - [2025-10-21T01:03:41.879+0000] {dag.py:2726} INFO - Sync 1 DAGs
[2025-10-21T01:03:41.931+0000] {logging_mixin.py:149} INFO - [2025-10-21T01:03:41.931+0000] {dag.py:3490} INFO - Setting next_dagrun for 04_api_to_postgres to None, run_after=None
[2025-10-21T01:03:41.975+0000] {processor.py:179} INFO - Processing /opt/airflow/dags/04_example.py took 0.195 seconds
[2025-10-21T01:04:12.392+0000] {processor.py:157} INFO - Started process (PID=1943) to work on /opt/airflow/dags/04_example.py
[2025-10-21T01:04:12.394+0000] {processor.py:826} INFO - Processing file /opt/airflow/dags/04_example.py for tasks to queue
[2025-10-21T01:04:12.396+0000] {logging_mixin.py:149} INFO - [2025-10-21T01:04:12.396+0000] {dagbag.py:541} INFO - Filling up the DagBag from /opt/airflow/dags/04_example.py
[2025-10-21T01:04:12.429+0000] {processor.py:836} INFO - DAG(s) dict_keys(['04_api_to_postgres']) retrieved from /opt/airflow/dags/04_example.py
[2025-10-21T01:04:12.473+0000] {logging_mixin.py:149} INFO - [2025-10-21T01:04:12.472+0000] {dag.py:2726} INFO - Sync 1 DAGs
[2025-10-21T01:04:12.530+0000] {logging_mixin.py:149} INFO - [2025-10-21T01:04:12.530+0000] {dag.py:3490} INFO - Setting next_dagrun for 04_api_to_postgres to None, run_after=None
[2025-10-21T01:04:12.573+0000] {processor.py:179} INFO - Processing /opt/airflow/dags/04_example.py took 0.189 seconds
[2025-10-21T01:04:42.843+0000] {processor.py:157} INFO - Started process (PID=2000) to work on /opt/airflow/dags/04_example.py
[2025-10-21T01:04:42.846+0000] {processor.py:826} INFO - Processing file /opt/airflow/dags/04_example.py for tasks to queue
[2025-10-21T01:04:42.848+0000] {logging_mixin.py:149} INFO - [2025-10-21T01:04:42.848+0000] {dagbag.py:541} INFO - Filling up the DagBag from /opt/airflow/dags/04_example.py
[2025-10-21T01:04:42.878+0000] {processor.py:836} INFO - DAG(s) dict_keys(['04_api_to_postgres']) retrieved from /opt/airflow/dags/04_example.py
[2025-10-21T01:04:42.927+0000] {logging_mixin.py:149} INFO - [2025-10-21T01:04:42.927+0000] {dag.py:2726} INFO - Sync 1 DAGs
[2025-10-21T01:04:42.982+0000] {logging_mixin.py:149} INFO - [2025-10-21T01:04:42.982+0000] {dag.py:3490} INFO - Setting next_dagrun for 04_api_to_postgres to None, run_after=None
[2025-10-21T01:04:43.032+0000] {processor.py:179} INFO - Processing /opt/airflow/dags/04_example.py took 0.198 seconds
[2025-10-21T01:05:13.175+0000] {processor.py:157} INFO - Started process (PID=2066) to work on /opt/airflow/dags/04_example.py
[2025-10-21T01:05:13.177+0000] {processor.py:826} INFO - Processing file /opt/airflow/dags/04_example.py for tasks to queue
[2025-10-21T01:05:13.179+0000] {logging_mixin.py:149} INFO - [2025-10-21T01:05:13.179+0000] {dagbag.py:541} INFO - Filling up the DagBag from /opt/airflow/dags/04_example.py
[2025-10-21T01:05:13.209+0000] {processor.py:836} INFO - DAG(s) dict_keys(['04_api_to_postgres']) retrieved from /opt/airflow/dags/04_example.py
[2025-10-21T01:05:13.255+0000] {logging_mixin.py:149} INFO - [2025-10-21T01:05:13.254+0000] {dag.py:2726} INFO - Sync 1 DAGs
[2025-10-21T01:05:13.299+0000] {logging_mixin.py:149} INFO - [2025-10-21T01:05:13.299+0000] {dag.py:3490} INFO - Setting next_dagrun for 04_api_to_postgres to None, run_after=None
[2025-10-21T01:05:13.344+0000] {processor.py:179} INFO - Processing /opt/airflow/dags/04_example.py took 0.175 seconds
[2025-10-21T01:05:43.716+0000] {processor.py:157} INFO - Started process (PID=2132) to work on /opt/airflow/dags/04_example.py
[2025-10-21T01:05:43.718+0000] {processor.py:826} INFO - Processing file /opt/airflow/dags/04_example.py for tasks to queue
[2025-10-21T01:05:43.721+0000] {logging_mixin.py:149} INFO - [2025-10-21T01:05:43.720+0000] {dagbag.py:541} INFO - Filling up the DagBag from /opt/airflow/dags/04_example.py
[2025-10-21T01:05:43.756+0000] {processor.py:836} INFO - DAG(s) dict_keys(['04_api_to_postgres']) retrieved from /opt/airflow/dags/04_example.py
[2025-10-21T01:05:43.809+0000] {logging_mixin.py:149} INFO - [2025-10-21T01:05:43.809+0000] {dag.py:2726} INFO - Sync 1 DAGs
[2025-10-21T01:05:43.861+0000] {logging_mixin.py:149} INFO - [2025-10-21T01:05:43.861+0000] {dag.py:3490} INFO - Setting next_dagrun for 04_api_to_postgres to None, run_after=None
[2025-10-21T01:05:43.910+0000] {processor.py:179} INFO - Processing /opt/airflow/dags/04_example.py took 0.200 seconds
[2025-10-21T01:06:14.237+0000] {processor.py:157} INFO - Started process (PID=2198) to work on /opt/airflow/dags/04_example.py
[2025-10-21T01:06:14.239+0000] {processor.py:826} INFO - Processing file /opt/airflow/dags/04_example.py for tasks to queue
[2025-10-21T01:06:14.242+0000] {logging_mixin.py:149} INFO - [2025-10-21T01:06:14.241+0000] {dagbag.py:541} INFO - Filling up the DagBag from /opt/airflow/dags/04_example.py
[2025-10-21T01:06:14.270+0000] {processor.py:836} INFO - DAG(s) dict_keys(['04_api_to_postgres']) retrieved from /opt/airflow/dags/04_example.py
[2025-10-21T01:06:14.315+0000] {logging_mixin.py:149} INFO - [2025-10-21T01:06:14.315+0000] {dag.py:2726} INFO - Sync 1 DAGs
[2025-10-21T01:06:14.363+0000] {logging_mixin.py:149} INFO - [2025-10-21T01:06:14.363+0000] {dag.py:3490} INFO - Setting next_dagrun for 04_api_to_postgres to None, run_after=None
[2025-10-21T01:06:14.406+0000] {processor.py:179} INFO - Processing /opt/airflow/dags/04_example.py took 0.174 seconds
[2025-10-21T01:06:44.790+0000] {processor.py:157} INFO - Started process (PID=2265) to work on /opt/airflow/dags/04_example.py
[2025-10-21T01:06:44.794+0000] {processor.py:826} INFO - Processing file /opt/airflow/dags/04_example.py for tasks to queue
[2025-10-21T01:06:44.797+0000] {logging_mixin.py:149} INFO - [2025-10-21T01:06:44.797+0000] {dagbag.py:541} INFO - Filling up the DagBag from /opt/airflow/dags/04_example.py
[2025-10-21T01:06:44.833+0000] {processor.py:836} INFO - DAG(s) dict_keys(['04_api_to_postgres']) retrieved from /opt/airflow/dags/04_example.py
[2025-10-21T01:06:44.888+0000] {logging_mixin.py:149} INFO - [2025-10-21T01:06:44.888+0000] {dag.py:2726} INFO - Sync 1 DAGs
[2025-10-21T01:06:44.953+0000] {logging_mixin.py:149} INFO - [2025-10-21T01:06:44.953+0000] {dag.py:3490} INFO - Setting next_dagrun for 04_api_to_postgres to None, run_after=None
[2025-10-21T01:06:45.013+0000] {processor.py:179} INFO - Processing /opt/airflow/dags/04_example.py took 0.232 seconds
[2025-10-21T01:07:15.249+0000] {processor.py:157} INFO - Started process (PID=2332) to work on /opt/airflow/dags/04_example.py
[2025-10-21T01:07:15.251+0000] {processor.py:826} INFO - Processing file /opt/airflow/dags/04_example.py for tasks to queue
[2025-10-21T01:07:15.254+0000] {logging_mixin.py:149} INFO - [2025-10-21T01:07:15.254+0000] {dagbag.py:541} INFO - Filling up the DagBag from /opt/airflow/dags/04_example.py
[2025-10-21T01:07:15.300+0000] {processor.py:836} INFO - DAG(s) dict_keys(['04_api_to_postgres']) retrieved from /opt/airflow/dags/04_example.py
[2025-10-21T01:07:15.382+0000] {logging_mixin.py:149} INFO - [2025-10-21T01:07:15.382+0000] {dag.py:2726} INFO - Sync 1 DAGs
[2025-10-21T01:07:15.438+0000] {logging_mixin.py:149} INFO - [2025-10-21T01:07:15.437+0000] {dag.py:3490} INFO - Setting next_dagrun for 04_api_to_postgres to None, run_after=None
[2025-10-21T01:07:15.486+0000] {processor.py:179} INFO - Processing /opt/airflow/dags/04_example.py took 0.249 seconds
[2025-10-21T01:07:45.602+0000] {processor.py:157} INFO - Started process (PID=2398) to work on /opt/airflow/dags/04_example.py
[2025-10-21T01:07:45.604+0000] {processor.py:826} INFO - Processing file /opt/airflow/dags/04_example.py for tasks to queue
[2025-10-21T01:07:45.605+0000] {logging_mixin.py:149} INFO - [2025-10-21T01:07:45.605+0000] {dagbag.py:541} INFO - Filling up the DagBag from /opt/airflow/dags/04_example.py
[2025-10-21T01:07:45.631+0000] {processor.py:836} INFO - DAG(s) dict_keys(['04_api_to_postgres']) retrieved from /opt/airflow/dags/04_example.py
[2025-10-21T01:07:45.671+0000] {logging_mixin.py:149} INFO - [2025-10-21T01:07:45.671+0000] {dag.py:2726} INFO - Sync 1 DAGs
[2025-10-21T01:07:45.711+0000] {logging_mixin.py:149} INFO - [2025-10-21T01:07:45.710+0000] {dag.py:3490} INFO - Setting next_dagrun for 04_api_to_postgres to None, run_after=None
[2025-10-21T01:07:45.750+0000] {processor.py:179} INFO - Processing /opt/airflow/dags/04_example.py took 0.154 seconds
[2025-10-21T01:08:16.360+0000] {processor.py:157} INFO - Started process (PID=2464) to work on /opt/airflow/dags/04_example.py
[2025-10-21T01:08:16.362+0000] {processor.py:826} INFO - Processing file /opt/airflow/dags/04_example.py for tasks to queue
[2025-10-21T01:08:16.364+0000] {logging_mixin.py:149} INFO - [2025-10-21T01:08:16.363+0000] {dagbag.py:541} INFO - Filling up the DagBag from /opt/airflow/dags/04_example.py
[2025-10-21T01:08:16.396+0000] {processor.py:836} INFO - DAG(s) dict_keys(['04_api_to_postgres']) retrieved from /opt/airflow/dags/04_example.py
[2025-10-21T01:08:16.444+0000] {logging_mixin.py:149} INFO - [2025-10-21T01:08:16.444+0000] {dag.py:2726} INFO - Sync 1 DAGs
[2025-10-21T01:08:16.490+0000] {logging_mixin.py:149} INFO - [2025-10-21T01:08:16.490+0000] {dag.py:3490} INFO - Setting next_dagrun for 04_api_to_postgres to None, run_after=None
[2025-10-21T01:08:16.533+0000] {processor.py:179} INFO - Processing /opt/airflow/dags/04_example.py took 0.183 seconds
[2025-10-21T01:08:47.212+0000] {processor.py:157} INFO - Started process (PID=2530) to work on /opt/airflow/dags/04_example.py
[2025-10-21T01:08:47.214+0000] {processor.py:826} INFO - Processing file /opt/airflow/dags/04_example.py for tasks to queue
[2025-10-21T01:08:47.217+0000] {logging_mixin.py:149} INFO - [2025-10-21T01:08:47.216+0000] {dagbag.py:541} INFO - Filling up the DagBag from /opt/airflow/dags/04_example.py
[2025-10-21T01:08:47.248+0000] {processor.py:836} INFO - DAG(s) dict_keys(['04_api_to_postgres']) retrieved from /opt/airflow/dags/04_example.py
[2025-10-21T01:08:47.294+0000] {logging_mixin.py:149} INFO - [2025-10-21T01:08:47.294+0000] {dag.py:2726} INFO - Sync 1 DAGs
[2025-10-21T01:08:47.346+0000] {logging_mixin.py:149} INFO - [2025-10-21T01:08:47.346+0000] {dag.py:3490} INFO - Setting next_dagrun for 04_api_to_postgres to None, run_after=None
[2025-10-21T01:08:47.393+0000] {processor.py:179} INFO - Processing /opt/airflow/dags/04_example.py took 0.188 seconds
[2025-10-21T01:09:17.563+0000] {processor.py:157} INFO - Started process (PID=2596) to work on /opt/airflow/dags/04_example.py
[2025-10-21T01:09:17.565+0000] {processor.py:826} INFO - Processing file /opt/airflow/dags/04_example.py for tasks to queue
[2025-10-21T01:09:17.568+0000] {logging_mixin.py:149} INFO - [2025-10-21T01:09:17.567+0000] {dagbag.py:541} INFO - Filling up the DagBag from /opt/airflow/dags/04_example.py
[2025-10-21T01:09:17.615+0000] {processor.py:836} INFO - DAG(s) dict_keys(['04_api_to_postgres']) retrieved from /opt/airflow/dags/04_example.py
[2025-10-21T01:09:17.684+0000] {logging_mixin.py:149} INFO - [2025-10-21T01:09:17.684+0000] {dag.py:2726} INFO - Sync 1 DAGs
[2025-10-21T01:09:17.805+0000] {logging_mixin.py:149} INFO - [2025-10-21T01:09:17.805+0000] {dag.py:3490} INFO - Setting next_dagrun for 04_api_to_postgres to None, run_after=None
[2025-10-21T01:09:17.853+0000] {processor.py:179} INFO - Processing /opt/airflow/dags/04_example.py took 0.301 seconds
[2025-10-21T01:09:48.192+0000] {processor.py:157} INFO - Started process (PID=2663) to work on /opt/airflow/dags/04_example.py
[2025-10-21T01:09:48.194+0000] {processor.py:826} INFO - Processing file /opt/airflow/dags/04_example.py for tasks to queue
[2025-10-21T01:09:48.197+0000] {logging_mixin.py:149} INFO - [2025-10-21T01:09:48.197+0000] {dagbag.py:541} INFO - Filling up the DagBag from /opt/airflow/dags/04_example.py
[2025-10-21T01:09:48.234+0000] {processor.py:836} INFO - DAG(s) dict_keys(['04_api_to_postgres']) retrieved from /opt/airflow/dags/04_example.py
[2025-10-21T01:09:48.283+0000] {logging_mixin.py:149} INFO - [2025-10-21T01:09:48.283+0000] {dag.py:2726} INFO - Sync 1 DAGs
[2025-10-21T01:09:48.336+0000] {logging_mixin.py:149} INFO - [2025-10-21T01:09:48.336+0000] {dag.py:3490} INFO - Setting next_dagrun for 04_api_to_postgres to None, run_after=None
[2025-10-21T01:09:48.378+0000] {processor.py:179} INFO - Processing /opt/airflow/dags/04_example.py took 0.194 seconds
[2025-10-21T01:10:18.464+0000] {processor.py:157} INFO - Started process (PID=2730) to work on /opt/airflow/dags/04_example.py
[2025-10-21T01:10:18.466+0000] {processor.py:826} INFO - Processing file /opt/airflow/dags/04_example.py for tasks to queue
[2025-10-21T01:10:18.468+0000] {logging_mixin.py:149} INFO - [2025-10-21T01:10:18.467+0000] {dagbag.py:541} INFO - Filling up the DagBag from /opt/airflow/dags/04_example.py
[2025-10-21T01:10:18.496+0000] {processor.py:836} INFO - DAG(s) dict_keys(['04_api_to_postgres']) retrieved from /opt/airflow/dags/04_example.py
[2025-10-21T01:10:18.538+0000] {logging_mixin.py:149} INFO - [2025-10-21T01:10:18.537+0000] {dag.py:2726} INFO - Sync 1 DAGs
[2025-10-21T01:10:18.585+0000] {logging_mixin.py:149} INFO - [2025-10-21T01:10:18.585+0000] {dag.py:3490} INFO - Setting next_dagrun for 04_api_to_postgres to None, run_after=None
[2025-10-21T01:10:18.622+0000] {processor.py:179} INFO - Processing /opt/airflow/dags/04_example.py took 0.165 seconds
[2025-10-21T01:10:48.956+0000] {processor.py:157} INFO - Started process (PID=2796) to work on /opt/airflow/dags/04_example.py
[2025-10-21T01:10:48.958+0000] {processor.py:826} INFO - Processing file /opt/airflow/dags/04_example.py for tasks to queue
[2025-10-21T01:10:48.960+0000] {logging_mixin.py:149} INFO - [2025-10-21T01:10:48.960+0000] {dagbag.py:541} INFO - Filling up the DagBag from /opt/airflow/dags/04_example.py
[2025-10-21T01:10:49.000+0000] {processor.py:836} INFO - DAG(s) dict_keys(['04_api_to_postgres']) retrieved from /opt/airflow/dags/04_example.py
[2025-10-21T01:10:49.044+0000] {logging_mixin.py:149} INFO - [2025-10-21T01:10:49.043+0000] {dag.py:2726} INFO - Sync 1 DAGs
[2025-10-21T01:10:49.099+0000] {logging_mixin.py:149} INFO - [2025-10-21T01:10:49.099+0000] {dag.py:3490} INFO - Setting next_dagrun for 04_api_to_postgres to None, run_after=None
[2025-10-21T01:10:49.143+0000] {processor.py:179} INFO - Processing /opt/airflow/dags/04_example.py took 0.193 seconds
[2025-10-21T01:11:19.568+0000] {processor.py:157} INFO - Started process (PID=2862) to work on /opt/airflow/dags/04_example.py
[2025-10-21T01:11:19.570+0000] {processor.py:826} INFO - Processing file /opt/airflow/dags/04_example.py for tasks to queue
[2025-10-21T01:11:19.572+0000] {logging_mixin.py:149} INFO - [2025-10-21T01:11:19.572+0000] {dagbag.py:541} INFO - Filling up the DagBag from /opt/airflow/dags/04_example.py
[2025-10-21T01:11:19.606+0000] {processor.py:836} INFO - DAG(s) dict_keys(['04_api_to_postgres']) retrieved from /opt/airflow/dags/04_example.py
[2025-10-21T01:11:19.655+0000] {logging_mixin.py:149} INFO - [2025-10-21T01:11:19.655+0000] {dag.py:2726} INFO - Sync 1 DAGs
[2025-10-21T01:11:19.701+0000] {logging_mixin.py:149} INFO - [2025-10-21T01:11:19.701+0000] {dag.py:3490} INFO - Setting next_dagrun for 04_api_to_postgres to None, run_after=None
[2025-10-21T01:11:19.746+0000] {processor.py:179} INFO - Processing /opt/airflow/dags/04_example.py took 0.185 seconds
[2025-10-21T01:11:50.317+0000] {processor.py:157} INFO - Started process (PID=2928) to work on /opt/airflow/dags/04_example.py
[2025-10-21T01:11:50.320+0000] {processor.py:826} INFO - Processing file /opt/airflow/dags/04_example.py for tasks to queue
[2025-10-21T01:11:50.322+0000] {logging_mixin.py:149} INFO - [2025-10-21T01:11:50.322+0000] {dagbag.py:541} INFO - Filling up the DagBag from /opt/airflow/dags/04_example.py
[2025-10-21T01:11:50.361+0000] {processor.py:836} INFO - DAG(s) dict_keys(['04_api_to_postgres']) retrieved from /opt/airflow/dags/04_example.py
[2025-10-21T01:11:50.415+0000] {logging_mixin.py:149} INFO - [2025-10-21T01:11:50.415+0000] {dag.py:2726} INFO - Sync 1 DAGs
[2025-10-21T01:11:50.469+0000] {logging_mixin.py:149} INFO - [2025-10-21T01:11:50.468+0000] {dag.py:3490} INFO - Setting next_dagrun for 04_api_to_postgres to None, run_after=None
[2025-10-21T01:11:50.513+0000] {processor.py:179} INFO - Processing /opt/airflow/dags/04_example.py took 0.205 seconds
[2025-10-21T01:12:20.822+0000] {processor.py:157} INFO - Started process (PID=2994) to work on /opt/airflow/dags/04_example.py
[2025-10-21T01:12:20.824+0000] {processor.py:826} INFO - Processing file /opt/airflow/dags/04_example.py for tasks to queue
[2025-10-21T01:12:20.825+0000] {logging_mixin.py:149} INFO - [2025-10-21T01:12:20.825+0000] {dagbag.py:541} INFO - Filling up the DagBag from /opt/airflow/dags/04_example.py
[2025-10-21T01:12:20.855+0000] {processor.py:836} INFO - DAG(s) dict_keys(['04_api_to_postgres']) retrieved from /opt/airflow/dags/04_example.py
[2025-10-21T01:12:20.898+0000] {logging_mixin.py:149} INFO - [2025-10-21T01:12:20.897+0000] {dag.py:2726} INFO - Sync 1 DAGs
[2025-10-21T01:12:20.947+0000] {logging_mixin.py:149} INFO - [2025-10-21T01:12:20.946+0000] {dag.py:3490} INFO - Setting next_dagrun for 04_api_to_postgres to None, run_after=None
[2025-10-21T01:12:20.989+0000] {processor.py:179} INFO - Processing /opt/airflow/dags/04_example.py took 0.174 seconds
[2025-10-21T01:12:51.226+0000] {processor.py:157} INFO - Started process (PID=3060) to work on /opt/airflow/dags/04_example.py
[2025-10-21T01:12:51.228+0000] {processor.py:826} INFO - Processing file /opt/airflow/dags/04_example.py for tasks to queue
[2025-10-21T01:12:51.229+0000] {logging_mixin.py:149} INFO - [2025-10-21T01:12:51.229+0000] {dagbag.py:541} INFO - Filling up the DagBag from /opt/airflow/dags/04_example.py
[2025-10-21T01:12:51.259+0000] {processor.py:836} INFO - DAG(s) dict_keys(['04_api_to_postgres']) retrieved from /opt/airflow/dags/04_example.py
[2025-10-21T01:12:51.302+0000] {logging_mixin.py:149} INFO - [2025-10-21T01:12:51.302+0000] {dag.py:2726} INFO - Sync 1 DAGs
[2025-10-21T01:12:51.344+0000] {logging_mixin.py:149} INFO - [2025-10-21T01:12:51.344+0000] {dag.py:3490} INFO - Setting next_dagrun for 04_api_to_postgres to None, run_after=None
[2025-10-21T01:12:51.385+0000] {processor.py:179} INFO - Processing /opt/airflow/dags/04_example.py took 0.166 seconds
[2025-10-21T01:13:22.204+0000] {processor.py:157} INFO - Started process (PID=3126) to work on /opt/airflow/dags/04_example.py
[2025-10-21T01:13:22.207+0000] {processor.py:826} INFO - Processing file /opt/airflow/dags/04_example.py for tasks to queue
[2025-10-21T01:13:22.209+0000] {logging_mixin.py:149} INFO - [2025-10-21T01:13:22.208+0000] {dagbag.py:541} INFO - Filling up the DagBag from /opt/airflow/dags/04_example.py
[2025-10-21T01:13:22.244+0000] {processor.py:836} INFO - DAG(s) dict_keys(['04_api_to_postgres']) retrieved from /opt/airflow/dags/04_example.py
[2025-10-21T01:13:22.288+0000] {logging_mixin.py:149} INFO - [2025-10-21T01:13:22.287+0000] {dag.py:2726} INFO - Sync 1 DAGs
[2025-10-21T01:13:22.335+0000] {logging_mixin.py:149} INFO - [2025-10-21T01:13:22.335+0000] {dag.py:3490} INFO - Setting next_dagrun for 04_api_to_postgres to None, run_after=None
[2025-10-21T01:13:22.377+0000] {processor.py:179} INFO - Processing /opt/airflow/dags/04_example.py took 0.182 seconds
[2025-10-21T01:13:53.166+0000] {processor.py:157} INFO - Started process (PID=3192) to work on /opt/airflow/dags/04_example.py
[2025-10-21T01:13:53.169+0000] {processor.py:826} INFO - Processing file /opt/airflow/dags/04_example.py for tasks to queue
[2025-10-21T01:13:53.174+0000] {logging_mixin.py:149} INFO - [2025-10-21T01:13:53.174+0000] {dagbag.py:541} INFO - Filling up the DagBag from /opt/airflow/dags/04_example.py
[2025-10-21T01:13:53.221+0000] {processor.py:836} INFO - DAG(s) dict_keys(['04_api_to_postgres']) retrieved from /opt/airflow/dags/04_example.py
[2025-10-21T01:13:53.296+0000] {logging_mixin.py:149} INFO - [2025-10-21T01:13:53.295+0000] {dag.py:2726} INFO - Sync 1 DAGs
[2025-10-21T01:13:53.364+0000] {logging_mixin.py:149} INFO - [2025-10-21T01:13:53.364+0000] {dag.py:3490} INFO - Setting next_dagrun for 04_api_to_postgres to None, run_after=None
[2025-10-21T01:13:53.413+0000] {processor.py:179} INFO - Processing /opt/airflow/dags/04_example.py took 0.254 seconds
[2025-10-21T01:14:24.013+0000] {processor.py:157} INFO - Started process (PID=3258) to work on /opt/airflow/dags/04_example.py
[2025-10-21T01:14:24.015+0000] {processor.py:826} INFO - Processing file /opt/airflow/dags/04_example.py for tasks to queue
[2025-10-21T01:14:24.018+0000] {logging_mixin.py:149} INFO - [2025-10-21T01:14:24.017+0000] {dagbag.py:541} INFO - Filling up the DagBag from /opt/airflow/dags/04_example.py
[2025-10-21T01:14:24.060+0000] {processor.py:836} INFO - DAG(s) dict_keys(['04_api_to_postgres']) retrieved from /opt/airflow/dags/04_example.py
[2025-10-21T01:14:24.115+0000] {logging_mixin.py:149} INFO - [2025-10-21T01:14:24.115+0000] {dag.py:2726} INFO - Sync 1 DAGs
[2025-10-21T01:14:24.174+0000] {logging_mixin.py:149} INFO - [2025-10-21T01:14:24.174+0000] {dag.py:3490} INFO - Setting next_dagrun for 04_api_to_postgres to None, run_after=None
[2025-10-21T01:14:24.229+0000] {processor.py:179} INFO - Processing /opt/airflow/dags/04_example.py took 0.225 seconds
[2025-10-21T01:14:54.878+0000] {processor.py:157} INFO - Started process (PID=3324) to work on /opt/airflow/dags/04_example.py
[2025-10-21T01:14:54.881+0000] {processor.py:826} INFO - Processing file /opt/airflow/dags/04_example.py for tasks to queue
[2025-10-21T01:14:54.884+0000] {logging_mixin.py:149} INFO - [2025-10-21T01:14:54.884+0000] {dagbag.py:541} INFO - Filling up the DagBag from /opt/airflow/dags/04_example.py
[2025-10-21T01:14:54.924+0000] {processor.py:836} INFO - DAG(s) dict_keys(['04_api_to_postgres']) retrieved from /opt/airflow/dags/04_example.py
[2025-10-21T01:14:54.990+0000] {logging_mixin.py:149} INFO - [2025-10-21T01:14:54.990+0000] {dag.py:2726} INFO - Sync 1 DAGs
[2025-10-21T01:14:55.062+0000] {logging_mixin.py:149} INFO - [2025-10-21T01:14:55.062+0000] {dag.py:3490} INFO - Setting next_dagrun for 04_api_to_postgres to None, run_after=None
[2025-10-21T01:14:55.122+0000] {processor.py:179} INFO - Processing /opt/airflow/dags/04_example.py took 0.258 seconds
[2025-10-21T01:15:25.797+0000] {processor.py:157} INFO - Started process (PID=3390) to work on /opt/airflow/dags/04_example.py
[2025-10-21T01:15:25.799+0000] {processor.py:826} INFO - Processing file /opt/airflow/dags/04_example.py for tasks to queue
[2025-10-21T01:15:25.800+0000] {logging_mixin.py:149} INFO - [2025-10-21T01:15:25.800+0000] {dagbag.py:541} INFO - Filling up the DagBag from /opt/airflow/dags/04_example.py
[2025-10-21T01:15:25.830+0000] {processor.py:836} INFO - DAG(s) dict_keys(['04_api_to_postgres']) retrieved from /opt/airflow/dags/04_example.py
[2025-10-21T01:15:25.880+0000] {logging_mixin.py:149} INFO - [2025-10-21T01:15:25.880+0000] {dag.py:2726} INFO - Sync 1 DAGs
[2025-10-21T01:15:25.934+0000] {logging_mixin.py:149} INFO - [2025-10-21T01:15:25.934+0000] {dag.py:3490} INFO - Setting next_dagrun for 04_api_to_postgres to None, run_after=None
[2025-10-21T01:15:25.982+0000] {processor.py:179} INFO - Processing /opt/airflow/dags/04_example.py took 0.191 seconds
[2025-10-21T01:15:56.215+0000] {processor.py:157} INFO - Started process (PID=3457) to work on /opt/airflow/dags/04_example.py
[2025-10-21T01:15:56.218+0000] {processor.py:826} INFO - Processing file /opt/airflow/dags/04_example.py for tasks to queue
[2025-10-21T01:15:56.220+0000] {logging_mixin.py:149} INFO - [2025-10-21T01:15:56.220+0000] {dagbag.py:541} INFO - Filling up the DagBag from /opt/airflow/dags/04_example.py
[2025-10-21T01:15:56.267+0000] {processor.py:836} INFO - DAG(s) dict_keys(['04_api_to_postgres']) retrieved from /opt/airflow/dags/04_example.py
[2025-10-21T01:15:56.342+0000] {logging_mixin.py:149} INFO - [2025-10-21T01:15:56.342+0000] {dag.py:2726} INFO - Sync 1 DAGs
[2025-10-21T01:15:56.408+0000] {logging_mixin.py:149} INFO - [2025-10-21T01:15:56.407+0000] {dag.py:3490} INFO - Setting next_dagrun for 04_api_to_postgres to None, run_after=None
[2025-10-21T01:15:56.457+0000] {processor.py:179} INFO - Processing /opt/airflow/dags/04_example.py took 0.252 seconds
[2025-10-21T01:16:26.595+0000] {processor.py:157} INFO - Started process (PID=3523) to work on /opt/airflow/dags/04_example.py
[2025-10-21T01:16:26.597+0000] {processor.py:826} INFO - Processing file /opt/airflow/dags/04_example.py for tasks to queue
[2025-10-21T01:16:26.599+0000] {logging_mixin.py:149} INFO - [2025-10-21T01:16:26.599+0000] {dagbag.py:541} INFO - Filling up the DagBag from /opt/airflow/dags/04_example.py
[2025-10-21T01:16:26.632+0000] {processor.py:836} INFO - DAG(s) dict_keys(['04_api_to_postgres']) retrieved from /opt/airflow/dags/04_example.py
[2025-10-21T01:16:26.681+0000] {logging_mixin.py:149} INFO - [2025-10-21T01:16:26.680+0000] {dag.py:2726} INFO - Sync 1 DAGs
[2025-10-21T01:16:26.728+0000] {logging_mixin.py:149} INFO - [2025-10-21T01:16:26.728+0000] {dag.py:3490} INFO - Setting next_dagrun for 04_api_to_postgres to None, run_after=None
[2025-10-21T01:16:26.769+0000] {processor.py:179} INFO - Processing /opt/airflow/dags/04_example.py took 0.183 seconds
[2025-10-21T01:16:57.143+0000] {processor.py:157} INFO - Started process (PID=3589) to work on /opt/airflow/dags/04_example.py
[2025-10-21T01:16:57.145+0000] {processor.py:826} INFO - Processing file /opt/airflow/dags/04_example.py for tasks to queue
[2025-10-21T01:16:57.147+0000] {logging_mixin.py:149} INFO - [2025-10-21T01:16:57.147+0000] {dagbag.py:541} INFO - Filling up the DagBag from /opt/airflow/dags/04_example.py
[2025-10-21T01:16:57.188+0000] {processor.py:836} INFO - DAG(s) dict_keys(['04_api_to_postgres']) retrieved from /opt/airflow/dags/04_example.py
[2025-10-21T01:16:57.240+0000] {logging_mixin.py:149} INFO - [2025-10-21T01:16:57.239+0000] {dag.py:2726} INFO - Sync 1 DAGs
[2025-10-21T01:16:57.290+0000] {logging_mixin.py:149} INFO - [2025-10-21T01:16:57.290+0000] {dag.py:3490} INFO - Setting next_dagrun for 04_api_to_postgres to None, run_after=None
[2025-10-21T01:16:57.334+0000] {processor.py:179} INFO - Processing /opt/airflow/dags/04_example.py took 0.202 seconds
