[2025-10-16T19:41:40.994+0000] {taskinstance.py:1103} INFO - Dependencies all met for dep_context=non-requeueable deps ti=<TaskInstance: 04_api_to_postgres.save_data_to_postgres 10 [queued]>
[2025-10-16T19:41:41.013+0000] {taskinstance.py:1103} INFO - Dependencies all met for dep_context=requeueable deps ti=<TaskInstance: 04_api_to_postgres.save_data_to_postgres 10 [queued]>
[2025-10-16T19:41:41.014+0000] {taskinstance.py:1308} INFO - Starting attempt 2 of 2
[2025-10-16T19:41:41.043+0000] {taskinstance.py:1327} INFO - Executing <Task(PythonOperator): save_data_to_postgres> on 2025-10-16 19:39:20+00:00
[2025-10-16T19:41:41.057+0000] {standard_task_runner.py:57} INFO - Started process 374 to run task
[2025-10-16T19:41:41.064+0000] {standard_task_runner.py:84} INFO - Running: ['***', 'tasks', 'run', '04_api_to_postgres', 'save_data_to_postgres', '10', '--job-id', '8', '--raw', '--subdir', 'DAGS_FOLDER/04_example.py', '--cfg-path', '/tmp/tmp7m7o2f5r']
[2025-10-16T19:41:41.069+0000] {standard_task_runner.py:85} INFO - Job 8: Subtask save_data_to_postgres
[2025-10-16T19:41:41.198+0000] {task_command.py:410} INFO - Running <TaskInstance: 04_api_to_postgres.save_data_to_postgres 10 [running]> on host 2cdd767518d4
[2025-10-16T19:41:41.365+0000] {taskinstance.py:1547} INFO - Exporting env vars: AIRFLOW_CTX_DAG_EMAIL='bryan@gmail.com' AIRFLOW_CTX_DAG_OWNER='andrei' AIRFLOW_CTX_DAG_ID='04_api_to_postgres' AIRFLOW_CTX_TASK_ID='save_data_to_postgres' AIRFLOW_CTX_EXECUTION_DATE='2025-10-16T19:39:20+00:00' AIRFLOW_CTX_TRY_NUMBER='2' AIRFLOW_CTX_DAG_RUN_ID='10'
[2025-10-16T19:41:41.430+0000] {taskinstance.py:1824} ERROR - Task failed with exception
Traceback (most recent call last):
  File "/home/airflow/.local/lib/python3.7/site-packages/airflow/operators/python.py", line 181, in execute
    return_value = self.execute_callable()
  File "/home/airflow/.local/lib/python3.7/site-packages/airflow/operators/python.py", line 198, in execute_callable
    return self.python_callable(*self.op_args, **self.op_kwargs)
  File "/opt/airflow/dags/04_example.py", line 39, in save_to_postgres
    postgreshook.run(f"INSERT INTO users (name,username,email) VALUES ('{name}','{username}','{email}');")
  File "/home/airflow/.local/lib/python3.7/site-packages/airflow/providers/common/sql/hooks/sql.py", line 342, in run
    with closing(self.get_conn()) as conn:
  File "/home/airflow/.local/lib/python3.7/site-packages/airflow/providers/postgres/hooks/postgres.py", line 118, in get_conn
    conn = deepcopy(self.connection or self.get_connection(conn_id))
  File "/home/airflow/.local/lib/python3.7/site-packages/airflow/hooks/base.py", line 72, in get_connection
    conn = Connection.get_connection_from_secrets(conn_id)
  File "/home/airflow/.local/lib/python3.7/site-packages/airflow/models/connection.py", line 434, in get_connection_from_secrets
    raise AirflowNotFoundException(f"The conn_id `{conn_id}` isn't defined")
airflow.exceptions.AirflowNotFoundException: The conn_id `postgres_datapath` isn't defined
[2025-10-16T19:41:41.444+0000] {taskinstance.py:1350} INFO - Marking task as FAILED. dag_id=04_api_to_postgres, task_id=save_data_to_postgres, execution_date=20251016T193920, start_date=20251016T194140, end_date=20251016T194141
[2025-10-16T19:41:41.471+0000] {warnings.py:110} WARNING - /home/***/.local/lib/python3.7/site-packages/***/utils/email.py:152: RemovedInAirflow3Warning: Fetching SMTP credentials from configuration variables will be deprecated in a future release. Please set credentials using a connection instead.
  send_mime_email(e_from=mail_from, e_to=recipients, mime_msg=msg, conn_id=conn_id, dryrun=dryrun)

[2025-10-16T19:41:41.476+0000] {email.py:268} INFO - Email alerting: attempt 1
[2025-10-16T19:41:42.210+0000] {email.py:280} INFO - Sent an alert email to ['bryan@gmail.com']
[2025-10-16T19:41:43.320+0000] {standard_task_runner.py:109} ERROR - Failed to execute job 8 for task save_data_to_postgres (The conn_id `postgres_datapath` isn't defined; 374)
[2025-10-16T19:41:43.368+0000] {local_task_job_runner.py:225} INFO - Task exited with return code 1
[2025-10-16T19:41:43.402+0000] {taskinstance.py:2653} INFO - 0 downstream tasks scheduled from follow-on schedule check
