[2025-10-17T18:25:36.910+0000] {taskinstance.py:1103} INFO - Dependencies all met for dep_context=non-requeueable deps ti=<TaskInstance: databricks_dag.run_now manual__2025-10-17T18:25:31.206578+00:00 [queued]>
[2025-10-17T18:25:36.932+0000] {taskinstance.py:1103} INFO - Dependencies all met for dep_context=requeueable deps ti=<TaskInstance: databricks_dag.run_now manual__2025-10-17T18:25:31.206578+00:00 [queued]>
[2025-10-17T18:25:36.934+0000] {taskinstance.py:1308} INFO - Starting attempt 1 of 2
[2025-10-17T18:25:36.971+0000] {taskinstance.py:1327} INFO - Executing <Task(DatabricksRunNowOperator): run_now> on 2025-10-17 18:25:31.206578+00:00
[2025-10-17T18:25:36.994+0000] {standard_task_runner.py:57} INFO - Started process 492 to run task
[2025-10-17T18:25:37.007+0000] {standard_task_runner.py:84} INFO - Running: ['***', 'tasks', 'run', 'databricks_dag', 'run_now', 'manual__2025-10-17T18:25:31.206578+00:00', '--job-id', '3', '--raw', '--subdir', 'DAGS_FOLDER/databricks_dag.py', '--cfg-path', '/tmp/tmpln_7bd9z']
[2025-10-17T18:25:37.014+0000] {standard_task_runner.py:85} INFO - Job 3: Subtask run_now
[2025-10-17T18:25:37.173+0000] {task_command.py:410} INFO - Running <TaskInstance: databricks_dag.run_now manual__2025-10-17T18:25:31.206578+00:00 [running]> on host 444659dc247e
[2025-10-17T18:25:37.375+0000] {taskinstance.py:1547} INFO - Exporting env vars: AIRFLOW_CTX_DAG_OWNER='Andrei' AIRFLOW_CTX_DAG_ID='databricks_dag' AIRFLOW_CTX_TASK_ID='run_now' AIRFLOW_CTX_EXECUTION_DATE='2025-10-17T18:25:31.206578+00:00' AIRFLOW_CTX_TRY_NUMBER='1' AIRFLOW_CTX_DAG_RUN_ID='manual__2025-10-17T18:25:31.206578+00:00'
[2025-10-17T18:25:37.396+0000] {base.py:73} INFO - Using connection ID 'databricks_conn' for task execution.
[2025-10-17T18:25:37.574+0000] {databricks_base.py:429} INFO - Using token auth.
[2025-10-17T18:25:38.432+0000] {databricks.py:52} INFO - Run submitted with run_id: 431668695630848
[2025-10-17T18:25:38.433+0000] {databricks_base.py:429} INFO - Using token auth.
[2025-10-17T18:25:38.894+0000] {databricks_base.py:429} INFO - Using token auth.
[2025-10-17T18:25:39.365+0000] {databricks.py:93} INFO - run_now in run state: {'life_cycle_state': 'RUNNING', 'result_state': '', 'state_message': ''}
[2025-10-17T18:25:39.368+0000] {databricks.py:94} INFO - View run status, Spark UI, and logs at https://dbc-484ef8db-1948.cloud.databricks.com/?o=1366149600607743#job/223004487989349/run/431668695630848
[2025-10-17T18:25:39.369+0000] {databricks.py:95} INFO - Sleeping for 30 seconds.
[2025-10-17T18:26:09.397+0000] {databricks_base.py:429} INFO - Using token auth.
[2025-10-17T18:26:09.820+0000] {databricks.py:93} INFO - run_now in run state: {'life_cycle_state': 'RUNNING', 'result_state': '', 'state_message': ''}
[2025-10-17T18:26:09.823+0000] {databricks.py:94} INFO - View run status, Spark UI, and logs at https://dbc-484ef8db-1948.cloud.databricks.com/?o=1366149600607743#job/223004487989349/run/431668695630848
[2025-10-17T18:26:09.824+0000] {databricks.py:95} INFO - Sleeping for 30 seconds.
[2025-10-17T18:26:39.849+0000] {databricks_base.py:429} INFO - Using token auth.
[2025-10-17T18:26:40.446+0000] {databricks.py:63} INFO - run_now completed successfully.
[2025-10-17T18:26:40.449+0000] {databricks.py:64} INFO - View run status, Spark UI, and logs at https://dbc-484ef8db-1948.cloud.databricks.com/?o=1366149600607743#job/223004487989349/run/431668695630848
[2025-10-17T18:26:40.471+0000] {taskinstance.py:1350} INFO - Marking task as SUCCESS. dag_id=databricks_dag, task_id=run_now, execution_date=20251017T182531, start_date=20251017T182536, end_date=20251017T182640
[2025-10-17T18:26:40.544+0000] {local_task_job_runner.py:225} INFO - Task exited with return code 0
[2025-10-17T18:26:40.575+0000] {taskinstance.py:2653} INFO - 0 downstream tasks scheduled from follow-on schedule check
