[2025-10-21T00:50:04.346+0000] {processor.py:157} INFO - Started process (PID=122) to work on /home/airflow/.local/lib/python3.7/site-packages/airflow/example_dags/example_dynamic_task_mapping_with_no_taskflow_operators.py
[2025-10-21T00:50:04.359+0000] {processor.py:826} INFO - Processing file /home/airflow/.local/lib/python3.7/site-packages/airflow/example_dags/example_dynamic_task_mapping_with_no_taskflow_operators.py for tasks to queue
[2025-10-21T00:50:04.363+0000] {logging_mixin.py:149} INFO - [2025-10-21T00:50:04.362+0000] {dagbag.py:541} INFO - Filling up the DagBag from /home/airflow/.local/lib/python3.7/site-packages/airflow/example_dags/example_dynamic_task_mapping_with_no_taskflow_operators.py
[2025-10-21T00:50:04.724+0000] {processor.py:836} INFO - DAG(s) dict_keys(['example_dynamic_task_mapping_with_no_taskflow_operators']) retrieved from /home/airflow/.local/lib/python3.7/site-packages/airflow/example_dags/example_dynamic_task_mapping_with_no_taskflow_operators.py
[2025-10-21T00:50:04.783+0000] {logging_mixin.py:149} INFO - [2025-10-21T00:50:04.783+0000] {dag.py:2726} INFO - Sync 1 DAGs
[2025-10-21T00:50:04.835+0000] {logging_mixin.py:149} INFO - [2025-10-21T00:50:04.835+0000] {dag.py:3490} INFO - Setting next_dagrun for example_dynamic_task_mapping_with_no_taskflow_operators to 2025-10-20T00:50:04.834646+00:00, run_after=2025-10-21T00:50:04.834646+00:00
[2025-10-21T00:50:04.895+0000] {processor.py:179} INFO - Processing /home/airflow/.local/lib/python3.7/site-packages/airflow/example_dags/example_dynamic_task_mapping_with_no_taskflow_operators.py took 0.567 seconds
[2025-10-21T00:50:35.389+0000] {processor.py:157} INFO - Started process (PID=188) to work on /home/airflow/.local/lib/python3.7/site-packages/airflow/example_dags/example_dynamic_task_mapping_with_no_taskflow_operators.py
[2025-10-21T00:50:35.392+0000] {processor.py:826} INFO - Processing file /home/airflow/.local/lib/python3.7/site-packages/airflow/example_dags/example_dynamic_task_mapping_with_no_taskflow_operators.py for tasks to queue
[2025-10-21T00:50:35.394+0000] {logging_mixin.py:149} INFO - [2025-10-21T00:50:35.394+0000] {dagbag.py:541} INFO - Filling up the DagBag from /home/airflow/.local/lib/python3.7/site-packages/airflow/example_dags/example_dynamic_task_mapping_with_no_taskflow_operators.py
[2025-10-21T00:50:35.428+0000] {processor.py:836} INFO - DAG(s) dict_keys(['example_dynamic_task_mapping_with_no_taskflow_operators']) retrieved from /home/airflow/.local/lib/python3.7/site-packages/airflow/example_dags/example_dynamic_task_mapping_with_no_taskflow_operators.py
[2025-10-21T00:50:35.508+0000] {logging_mixin.py:149} INFO - [2025-10-21T00:50:35.507+0000] {dag.py:2726} INFO - Sync 1 DAGs
[2025-10-21T00:50:35.583+0000] {logging_mixin.py:149} INFO - [2025-10-21T00:50:35.582+0000] {dag.py:3490} INFO - Setting next_dagrun for example_dynamic_task_mapping_with_no_taskflow_operators to 2025-10-20T00:50:35.582215+00:00, run_after=2025-10-21T00:50:35.582215+00:00
[2025-10-21T00:50:35.656+0000] {processor.py:179} INFO - Processing /home/airflow/.local/lib/python3.7/site-packages/airflow/example_dags/example_dynamic_task_mapping_with_no_taskflow_operators.py took 0.285 seconds
[2025-10-21T00:51:06.087+0000] {processor.py:157} INFO - Started process (PID=254) to work on /home/airflow/.local/lib/python3.7/site-packages/airflow/example_dags/example_dynamic_task_mapping_with_no_taskflow_operators.py
[2025-10-21T00:51:06.090+0000] {processor.py:826} INFO - Processing file /home/airflow/.local/lib/python3.7/site-packages/airflow/example_dags/example_dynamic_task_mapping_with_no_taskflow_operators.py for tasks to queue
[2025-10-21T00:51:06.092+0000] {logging_mixin.py:149} INFO - [2025-10-21T00:51:06.092+0000] {dagbag.py:541} INFO - Filling up the DagBag from /home/airflow/.local/lib/python3.7/site-packages/airflow/example_dags/example_dynamic_task_mapping_with_no_taskflow_operators.py
[2025-10-21T00:51:06.114+0000] {processor.py:836} INFO - DAG(s) dict_keys(['example_dynamic_task_mapping_with_no_taskflow_operators']) retrieved from /home/airflow/.local/lib/python3.7/site-packages/airflow/example_dags/example_dynamic_task_mapping_with_no_taskflow_operators.py
[2025-10-21T00:51:06.190+0000] {logging_mixin.py:149} INFO - [2025-10-21T00:51:06.190+0000] {dag.py:2726} INFO - Sync 1 DAGs
[2025-10-21T00:51:06.278+0000] {logging_mixin.py:149} INFO - [2025-10-21T00:51:06.278+0000] {dag.py:3490} INFO - Setting next_dagrun for example_dynamic_task_mapping_with_no_taskflow_operators to 2025-10-20T00:51:06.277646+00:00, run_after=2025-10-21T00:51:06.277646+00:00
[2025-10-21T00:51:06.335+0000] {processor.py:179} INFO - Processing /home/airflow/.local/lib/python3.7/site-packages/airflow/example_dags/example_dynamic_task_mapping_with_no_taskflow_operators.py took 0.256 seconds
[2025-10-21T00:51:37.404+0000] {processor.py:157} INFO - Started process (PID=320) to work on /home/airflow/.local/lib/python3.7/site-packages/airflow/example_dags/example_dynamic_task_mapping_with_no_taskflow_operators.py
[2025-10-21T00:51:37.407+0000] {processor.py:826} INFO - Processing file /home/airflow/.local/lib/python3.7/site-packages/airflow/example_dags/example_dynamic_task_mapping_with_no_taskflow_operators.py for tasks to queue
[2025-10-21T00:51:37.410+0000] {logging_mixin.py:149} INFO - [2025-10-21T00:51:37.410+0000] {dagbag.py:541} INFO - Filling up the DagBag from /home/airflow/.local/lib/python3.7/site-packages/airflow/example_dags/example_dynamic_task_mapping_with_no_taskflow_operators.py
[2025-10-21T00:51:37.436+0000] {processor.py:836} INFO - DAG(s) dict_keys(['example_dynamic_task_mapping_with_no_taskflow_operators']) retrieved from /home/airflow/.local/lib/python3.7/site-packages/airflow/example_dags/example_dynamic_task_mapping_with_no_taskflow_operators.py
[2025-10-21T00:51:37.528+0000] {logging_mixin.py:149} INFO - [2025-10-21T00:51:37.527+0000] {dag.py:2726} INFO - Sync 1 DAGs
[2025-10-21T00:51:37.611+0000] {logging_mixin.py:149} INFO - [2025-10-21T00:51:37.610+0000] {dag.py:3490} INFO - Setting next_dagrun for example_dynamic_task_mapping_with_no_taskflow_operators to 2025-10-20T00:51:37.610117+00:00, run_after=2025-10-21T00:51:37.610117+00:00
[2025-10-21T00:51:37.681+0000] {processor.py:179} INFO - Processing /home/airflow/.local/lib/python3.7/site-packages/airflow/example_dags/example_dynamic_task_mapping_with_no_taskflow_operators.py took 0.293 seconds
[2025-10-21T00:52:08.303+0000] {processor.py:157} INFO - Started process (PID=385) to work on /home/airflow/.local/lib/python3.7/site-packages/airflow/example_dags/example_dynamic_task_mapping_with_no_taskflow_operators.py
[2025-10-21T00:52:08.308+0000] {processor.py:826} INFO - Processing file /home/airflow/.local/lib/python3.7/site-packages/airflow/example_dags/example_dynamic_task_mapping_with_no_taskflow_operators.py for tasks to queue
[2025-10-21T00:52:08.311+0000] {logging_mixin.py:149} INFO - [2025-10-21T00:52:08.311+0000] {dagbag.py:541} INFO - Filling up the DagBag from /home/airflow/.local/lib/python3.7/site-packages/airflow/example_dags/example_dynamic_task_mapping_with_no_taskflow_operators.py
[2025-10-21T00:52:08.349+0000] {processor.py:836} INFO - DAG(s) dict_keys(['example_dynamic_task_mapping_with_no_taskflow_operators']) retrieved from /home/airflow/.local/lib/python3.7/site-packages/airflow/example_dags/example_dynamic_task_mapping_with_no_taskflow_operators.py
[2025-10-21T00:52:08.445+0000] {logging_mixin.py:149} INFO - [2025-10-21T00:52:08.445+0000] {dag.py:2726} INFO - Sync 1 DAGs
[2025-10-21T00:52:08.537+0000] {logging_mixin.py:149} INFO - [2025-10-21T00:52:08.537+0000] {dag.py:3490} INFO - Setting next_dagrun for example_dynamic_task_mapping_with_no_taskflow_operators to 2025-10-20T00:52:08.536557+00:00, run_after=2025-10-21T00:52:08.536557+00:00
[2025-10-21T00:52:08.594+0000] {processor.py:179} INFO - Processing /home/airflow/.local/lib/python3.7/site-packages/airflow/example_dags/example_dynamic_task_mapping_with_no_taskflow_operators.py took 0.301 seconds
[2025-10-21T00:52:38.670+0000] {processor.py:157} INFO - Started process (PID=451) to work on /home/airflow/.local/lib/python3.7/site-packages/airflow/example_dags/example_dynamic_task_mapping_with_no_taskflow_operators.py
[2025-10-21T00:52:38.672+0000] {processor.py:826} INFO - Processing file /home/airflow/.local/lib/python3.7/site-packages/airflow/example_dags/example_dynamic_task_mapping_with_no_taskflow_operators.py for tasks to queue
[2025-10-21T00:52:38.674+0000] {logging_mixin.py:149} INFO - [2025-10-21T00:52:38.673+0000] {dagbag.py:541} INFO - Filling up the DagBag from /home/airflow/.local/lib/python3.7/site-packages/airflow/example_dags/example_dynamic_task_mapping_with_no_taskflow_operators.py
[2025-10-21T00:52:38.689+0000] {processor.py:836} INFO - DAG(s) dict_keys(['example_dynamic_task_mapping_with_no_taskflow_operators']) retrieved from /home/airflow/.local/lib/python3.7/site-packages/airflow/example_dags/example_dynamic_task_mapping_with_no_taskflow_operators.py
[2025-10-21T00:52:38.735+0000] {logging_mixin.py:149} INFO - [2025-10-21T00:52:38.735+0000] {dag.py:2726} INFO - Sync 1 DAGs
[2025-10-21T00:52:38.786+0000] {logging_mixin.py:149} INFO - [2025-10-21T00:52:38.785+0000] {dag.py:3490} INFO - Setting next_dagrun for example_dynamic_task_mapping_with_no_taskflow_operators to 2025-10-20T00:52:38.785284+00:00, run_after=2025-10-21T00:52:38.785284+00:00
[2025-10-21T00:52:38.824+0000] {processor.py:179} INFO - Processing /home/airflow/.local/lib/python3.7/site-packages/airflow/example_dags/example_dynamic_task_mapping_with_no_taskflow_operators.py took 0.160 seconds
[2025-10-21T00:53:08.934+0000] {processor.py:157} INFO - Started process (PID=518) to work on /home/airflow/.local/lib/python3.7/site-packages/airflow/example_dags/example_dynamic_task_mapping_with_no_taskflow_operators.py
[2025-10-21T00:53:08.936+0000] {processor.py:826} INFO - Processing file /home/airflow/.local/lib/python3.7/site-packages/airflow/example_dags/example_dynamic_task_mapping_with_no_taskflow_operators.py for tasks to queue
[2025-10-21T00:53:08.939+0000] {logging_mixin.py:149} INFO - [2025-10-21T00:53:08.938+0000] {dagbag.py:541} INFO - Filling up the DagBag from /home/airflow/.local/lib/python3.7/site-packages/airflow/example_dags/example_dynamic_task_mapping_with_no_taskflow_operators.py
[2025-10-21T00:53:08.951+0000] {processor.py:836} INFO - DAG(s) dict_keys(['example_dynamic_task_mapping_with_no_taskflow_operators']) retrieved from /home/airflow/.local/lib/python3.7/site-packages/airflow/example_dags/example_dynamic_task_mapping_with_no_taskflow_operators.py
[2025-10-21T00:53:08.994+0000] {logging_mixin.py:149} INFO - [2025-10-21T00:53:08.994+0000] {dag.py:2726} INFO - Sync 1 DAGs
[2025-10-21T00:53:09.045+0000] {logging_mixin.py:149} INFO - [2025-10-21T00:53:09.044+0000] {dag.py:3490} INFO - Setting next_dagrun for example_dynamic_task_mapping_with_no_taskflow_operators to 2025-10-20T00:53:09.044231+00:00, run_after=2025-10-21T00:53:09.044231+00:00
[2025-10-21T00:53:09.085+0000] {processor.py:179} INFO - Processing /home/airflow/.local/lib/python3.7/site-packages/airflow/example_dags/example_dynamic_task_mapping_with_no_taskflow_operators.py took 0.157 seconds
[2025-10-21T00:53:39.509+0000] {processor.py:157} INFO - Started process (PID=585) to work on /home/airflow/.local/lib/python3.7/site-packages/airflow/example_dags/example_dynamic_task_mapping_with_no_taskflow_operators.py
[2025-10-21T00:53:39.511+0000] {processor.py:826} INFO - Processing file /home/airflow/.local/lib/python3.7/site-packages/airflow/example_dags/example_dynamic_task_mapping_with_no_taskflow_operators.py for tasks to queue
[2025-10-21T00:53:39.513+0000] {logging_mixin.py:149} INFO - [2025-10-21T00:53:39.513+0000] {dagbag.py:541} INFO - Filling up the DagBag from /home/airflow/.local/lib/python3.7/site-packages/airflow/example_dags/example_dynamic_task_mapping_with_no_taskflow_operators.py
[2025-10-21T00:53:39.528+0000] {processor.py:836} INFO - DAG(s) dict_keys(['example_dynamic_task_mapping_with_no_taskflow_operators']) retrieved from /home/airflow/.local/lib/python3.7/site-packages/airflow/example_dags/example_dynamic_task_mapping_with_no_taskflow_operators.py
[2025-10-21T00:53:39.574+0000] {logging_mixin.py:149} INFO - [2025-10-21T00:53:39.574+0000] {dag.py:2726} INFO - Sync 1 DAGs
[2025-10-21T00:53:39.631+0000] {logging_mixin.py:149} INFO - [2025-10-21T00:53:39.630+0000] {dag.py:3490} INFO - Setting next_dagrun for example_dynamic_task_mapping_with_no_taskflow_operators to 2025-10-20T00:53:39.630599+00:00, run_after=2025-10-21T00:53:39.630599+00:00
[2025-10-21T00:53:39.668+0000] {processor.py:179} INFO - Processing /home/airflow/.local/lib/python3.7/site-packages/airflow/example_dags/example_dynamic_task_mapping_with_no_taskflow_operators.py took 0.166 seconds
[2025-10-21T00:54:09.924+0000] {processor.py:157} INFO - Started process (PID=651) to work on /home/airflow/.local/lib/python3.7/site-packages/airflow/example_dags/example_dynamic_task_mapping_with_no_taskflow_operators.py
[2025-10-21T00:54:09.926+0000] {processor.py:826} INFO - Processing file /home/airflow/.local/lib/python3.7/site-packages/airflow/example_dags/example_dynamic_task_mapping_with_no_taskflow_operators.py for tasks to queue
[2025-10-21T00:54:09.928+0000] {logging_mixin.py:149} INFO - [2025-10-21T00:54:09.928+0000] {dagbag.py:541} INFO - Filling up the DagBag from /home/airflow/.local/lib/python3.7/site-packages/airflow/example_dags/example_dynamic_task_mapping_with_no_taskflow_operators.py
[2025-10-21T00:54:09.941+0000] {processor.py:836} INFO - DAG(s) dict_keys(['example_dynamic_task_mapping_with_no_taskflow_operators']) retrieved from /home/airflow/.local/lib/python3.7/site-packages/airflow/example_dags/example_dynamic_task_mapping_with_no_taskflow_operators.py
[2025-10-21T00:54:09.985+0000] {logging_mixin.py:149} INFO - [2025-10-21T00:54:09.985+0000] {dag.py:2726} INFO - Sync 1 DAGs
[2025-10-21T00:54:10.035+0000] {logging_mixin.py:149} INFO - [2025-10-21T00:54:10.035+0000] {dag.py:3490} INFO - Setting next_dagrun for example_dynamic_task_mapping_with_no_taskflow_operators to 2025-10-20T00:54:10.034633+00:00, run_after=2025-10-21T00:54:10.034633+00:00
[2025-10-21T00:54:10.076+0000] {processor.py:179} INFO - Processing /home/airflow/.local/lib/python3.7/site-packages/airflow/example_dags/example_dynamic_task_mapping_with_no_taskflow_operators.py took 0.158 seconds
[2025-10-21T00:54:41.440+0000] {processor.py:157} INFO - Started process (PID=717) to work on /home/airflow/.local/lib/python3.7/site-packages/airflow/example_dags/example_dynamic_task_mapping_with_no_taskflow_operators.py
[2025-10-21T00:54:41.442+0000] {processor.py:826} INFO - Processing file /home/airflow/.local/lib/python3.7/site-packages/airflow/example_dags/example_dynamic_task_mapping_with_no_taskflow_operators.py for tasks to queue
[2025-10-21T00:54:41.445+0000] {logging_mixin.py:149} INFO - [2025-10-21T00:54:41.444+0000] {dagbag.py:541} INFO - Filling up the DagBag from /home/airflow/.local/lib/python3.7/site-packages/airflow/example_dags/example_dynamic_task_mapping_with_no_taskflow_operators.py
[2025-10-21T00:54:41.462+0000] {processor.py:836} INFO - DAG(s) dict_keys(['example_dynamic_task_mapping_with_no_taskflow_operators']) retrieved from /home/airflow/.local/lib/python3.7/site-packages/airflow/example_dags/example_dynamic_task_mapping_with_no_taskflow_operators.py
[2025-10-21T00:54:41.515+0000] {logging_mixin.py:149} INFO - [2025-10-21T00:54:41.514+0000] {dag.py:2726} INFO - Sync 1 DAGs
[2025-10-21T00:54:41.573+0000] {logging_mixin.py:149} INFO - [2025-10-21T00:54:41.572+0000] {dag.py:3490} INFO - Setting next_dagrun for example_dynamic_task_mapping_with_no_taskflow_operators to 2025-10-20T00:54:41.572012+00:00, run_after=2025-10-21T00:54:41.572012+00:00
[2025-10-21T00:54:41.624+0000] {processor.py:179} INFO - Processing /home/airflow/.local/lib/python3.7/site-packages/airflow/example_dags/example_dynamic_task_mapping_with_no_taskflow_operators.py took 0.193 seconds
[2025-10-21T00:55:12.284+0000] {processor.py:157} INFO - Started process (PID=783) to work on /home/airflow/.local/lib/python3.7/site-packages/airflow/example_dags/example_dynamic_task_mapping_with_no_taskflow_operators.py
[2025-10-21T00:55:12.286+0000] {processor.py:826} INFO - Processing file /home/airflow/.local/lib/python3.7/site-packages/airflow/example_dags/example_dynamic_task_mapping_with_no_taskflow_operators.py for tasks to queue
[2025-10-21T00:55:12.289+0000] {logging_mixin.py:149} INFO - [2025-10-21T00:55:12.288+0000] {dagbag.py:541} INFO - Filling up the DagBag from /home/airflow/.local/lib/python3.7/site-packages/airflow/example_dags/example_dynamic_task_mapping_with_no_taskflow_operators.py
[2025-10-21T00:55:12.305+0000] {processor.py:836} INFO - DAG(s) dict_keys(['example_dynamic_task_mapping_with_no_taskflow_operators']) retrieved from /home/airflow/.local/lib/python3.7/site-packages/airflow/example_dags/example_dynamic_task_mapping_with_no_taskflow_operators.py
[2025-10-21T00:55:12.367+0000] {logging_mixin.py:149} INFO - [2025-10-21T00:55:12.367+0000] {dag.py:2726} INFO - Sync 1 DAGs
[2025-10-21T00:55:12.424+0000] {logging_mixin.py:149} INFO - [2025-10-21T00:55:12.424+0000] {dag.py:3490} INFO - Setting next_dagrun for example_dynamic_task_mapping_with_no_taskflow_operators to 2025-10-20T00:55:12.423409+00:00, run_after=2025-10-21T00:55:12.423409+00:00
[2025-10-21T00:55:12.469+0000] {processor.py:179} INFO - Processing /home/airflow/.local/lib/python3.7/site-packages/airflow/example_dags/example_dynamic_task_mapping_with_no_taskflow_operators.py took 0.193 seconds
[2025-10-21T00:55:43.745+0000] {processor.py:157} INFO - Started process (PID=849) to work on /home/airflow/.local/lib/python3.7/site-packages/airflow/example_dags/example_dynamic_task_mapping_with_no_taskflow_operators.py
[2025-10-21T00:55:43.747+0000] {processor.py:826} INFO - Processing file /home/airflow/.local/lib/python3.7/site-packages/airflow/example_dags/example_dynamic_task_mapping_with_no_taskflow_operators.py for tasks to queue
[2025-10-21T00:55:43.749+0000] {logging_mixin.py:149} INFO - [2025-10-21T00:55:43.748+0000] {dagbag.py:541} INFO - Filling up the DagBag from /home/airflow/.local/lib/python3.7/site-packages/airflow/example_dags/example_dynamic_task_mapping_with_no_taskflow_operators.py
[2025-10-21T00:55:43.763+0000] {processor.py:836} INFO - DAG(s) dict_keys(['example_dynamic_task_mapping_with_no_taskflow_operators']) retrieved from /home/airflow/.local/lib/python3.7/site-packages/airflow/example_dags/example_dynamic_task_mapping_with_no_taskflow_operators.py
[2025-10-21T00:55:43.811+0000] {logging_mixin.py:149} INFO - [2025-10-21T00:55:43.811+0000] {dag.py:2726} INFO - Sync 1 DAGs
[2025-10-21T00:55:43.868+0000] {logging_mixin.py:149} INFO - [2025-10-21T00:55:43.867+0000] {dag.py:3490} INFO - Setting next_dagrun for example_dynamic_task_mapping_with_no_taskflow_operators to 2025-10-20T00:55:43.867256+00:00, run_after=2025-10-21T00:55:43.867256+00:00
[2025-10-21T00:55:43.910+0000] {processor.py:179} INFO - Processing /home/airflow/.local/lib/python3.7/site-packages/airflow/example_dags/example_dynamic_task_mapping_with_no_taskflow_operators.py took 0.171 seconds
[2025-10-21T00:56:14.338+0000] {processor.py:157} INFO - Started process (PID=915) to work on /home/airflow/.local/lib/python3.7/site-packages/airflow/example_dags/example_dynamic_task_mapping_with_no_taskflow_operators.py
[2025-10-21T00:56:14.342+0000] {processor.py:826} INFO - Processing file /home/airflow/.local/lib/python3.7/site-packages/airflow/example_dags/example_dynamic_task_mapping_with_no_taskflow_operators.py for tasks to queue
[2025-10-21T00:56:14.345+0000] {logging_mixin.py:149} INFO - [2025-10-21T00:56:14.344+0000] {dagbag.py:541} INFO - Filling up the DagBag from /home/airflow/.local/lib/python3.7/site-packages/airflow/example_dags/example_dynamic_task_mapping_with_no_taskflow_operators.py
[2025-10-21T00:56:14.367+0000] {processor.py:836} INFO - DAG(s) dict_keys(['example_dynamic_task_mapping_with_no_taskflow_operators']) retrieved from /home/airflow/.local/lib/python3.7/site-packages/airflow/example_dags/example_dynamic_task_mapping_with_no_taskflow_operators.py
[2025-10-21T00:56:14.442+0000] {logging_mixin.py:149} INFO - [2025-10-21T00:56:14.442+0000] {dag.py:2726} INFO - Sync 1 DAGs
[2025-10-21T00:56:14.565+0000] {logging_mixin.py:149} INFO - [2025-10-21T00:56:14.564+0000] {dag.py:3490} INFO - Setting next_dagrun for example_dynamic_task_mapping_with_no_taskflow_operators to 2025-10-20T00:56:14.562983+00:00, run_after=2025-10-21T00:56:14.562983+00:00
[2025-10-21T00:56:14.643+0000] {processor.py:179} INFO - Processing /home/airflow/.local/lib/python3.7/site-packages/airflow/example_dags/example_dynamic_task_mapping_with_no_taskflow_operators.py took 0.321 seconds
[2025-10-21T00:56:45.047+0000] {processor.py:157} INFO - Started process (PID=982) to work on /home/airflow/.local/lib/python3.7/site-packages/airflow/example_dags/example_dynamic_task_mapping_with_no_taskflow_operators.py
[2025-10-21T00:56:45.049+0000] {processor.py:826} INFO - Processing file /home/airflow/.local/lib/python3.7/site-packages/airflow/example_dags/example_dynamic_task_mapping_with_no_taskflow_operators.py for tasks to queue
[2025-10-21T00:56:45.051+0000] {logging_mixin.py:149} INFO - [2025-10-21T00:56:45.050+0000] {dagbag.py:541} INFO - Filling up the DagBag from /home/airflow/.local/lib/python3.7/site-packages/airflow/example_dags/example_dynamic_task_mapping_with_no_taskflow_operators.py
[2025-10-21T00:56:45.067+0000] {processor.py:836} INFO - DAG(s) dict_keys(['example_dynamic_task_mapping_with_no_taskflow_operators']) retrieved from /home/airflow/.local/lib/python3.7/site-packages/airflow/example_dags/example_dynamic_task_mapping_with_no_taskflow_operators.py
[2025-10-21T00:56:45.114+0000] {logging_mixin.py:149} INFO - [2025-10-21T00:56:45.114+0000] {dag.py:2726} INFO - Sync 1 DAGs
[2025-10-21T00:56:45.162+0000] {logging_mixin.py:149} INFO - [2025-10-21T00:56:45.162+0000] {dag.py:3490} INFO - Setting next_dagrun for example_dynamic_task_mapping_with_no_taskflow_operators to 2025-10-20T00:56:45.161652+00:00, run_after=2025-10-21T00:56:45.161652+00:00
[2025-10-21T00:56:45.202+0000] {processor.py:179} INFO - Processing /home/airflow/.local/lib/python3.7/site-packages/airflow/example_dags/example_dynamic_task_mapping_with_no_taskflow_operators.py took 0.163 seconds
[2025-10-21T00:57:15.566+0000] {processor.py:157} INFO - Started process (PID=1048) to work on /home/airflow/.local/lib/python3.7/site-packages/airflow/example_dags/example_dynamic_task_mapping_with_no_taskflow_operators.py
[2025-10-21T00:57:15.569+0000] {processor.py:826} INFO - Processing file /home/airflow/.local/lib/python3.7/site-packages/airflow/example_dags/example_dynamic_task_mapping_with_no_taskflow_operators.py for tasks to queue
[2025-10-21T00:57:15.572+0000] {logging_mixin.py:149} INFO - [2025-10-21T00:57:15.571+0000] {dagbag.py:541} INFO - Filling up the DagBag from /home/airflow/.local/lib/python3.7/site-packages/airflow/example_dags/example_dynamic_task_mapping_with_no_taskflow_operators.py
[2025-10-21T00:57:15.589+0000] {processor.py:836} INFO - DAG(s) dict_keys(['example_dynamic_task_mapping_with_no_taskflow_operators']) retrieved from /home/airflow/.local/lib/python3.7/site-packages/airflow/example_dags/example_dynamic_task_mapping_with_no_taskflow_operators.py
[2025-10-21T00:57:15.673+0000] {logging_mixin.py:149} INFO - [2025-10-21T00:57:15.672+0000] {dag.py:2726} INFO - Sync 1 DAGs
[2025-10-21T00:57:15.735+0000] {logging_mixin.py:149} INFO - [2025-10-21T00:57:15.734+0000] {dag.py:3490} INFO - Setting next_dagrun for example_dynamic_task_mapping_with_no_taskflow_operators to 2025-10-20T00:57:15.734102+00:00, run_after=2025-10-21T00:57:15.734102+00:00
[2025-10-21T00:57:15.808+0000] {processor.py:179} INFO - Processing /home/airflow/.local/lib/python3.7/site-packages/airflow/example_dags/example_dynamic_task_mapping_with_no_taskflow_operators.py took 0.249 seconds
[2025-10-21T00:57:45.967+0000] {processor.py:157} INFO - Started process (PID=1114) to work on /home/airflow/.local/lib/python3.7/site-packages/airflow/example_dags/example_dynamic_task_mapping_with_no_taskflow_operators.py
[2025-10-21T00:57:45.969+0000] {processor.py:826} INFO - Processing file /home/airflow/.local/lib/python3.7/site-packages/airflow/example_dags/example_dynamic_task_mapping_with_no_taskflow_operators.py for tasks to queue
[2025-10-21T00:57:45.971+0000] {logging_mixin.py:149} INFO - [2025-10-21T00:57:45.971+0000] {dagbag.py:541} INFO - Filling up the DagBag from /home/airflow/.local/lib/python3.7/site-packages/airflow/example_dags/example_dynamic_task_mapping_with_no_taskflow_operators.py
[2025-10-21T00:57:45.984+0000] {processor.py:836} INFO - DAG(s) dict_keys(['example_dynamic_task_mapping_with_no_taskflow_operators']) retrieved from /home/airflow/.local/lib/python3.7/site-packages/airflow/example_dags/example_dynamic_task_mapping_with_no_taskflow_operators.py
[2025-10-21T00:57:46.029+0000] {logging_mixin.py:149} INFO - [2025-10-21T00:57:46.028+0000] {dag.py:2726} INFO - Sync 1 DAGs
[2025-10-21T00:57:46.078+0000] {logging_mixin.py:149} INFO - [2025-10-21T00:57:46.078+0000] {dag.py:3490} INFO - Setting next_dagrun for example_dynamic_task_mapping_with_no_taskflow_operators to 2025-10-20T00:57:46.077916+00:00, run_after=2025-10-21T00:57:46.077916+00:00
[2025-10-21T00:57:46.121+0000] {processor.py:179} INFO - Processing /home/airflow/.local/lib/python3.7/site-packages/airflow/example_dags/example_dynamic_task_mapping_with_no_taskflow_operators.py took 0.161 seconds
[2025-10-21T00:58:16.719+0000] {processor.py:157} INFO - Started process (PID=1181) to work on /home/airflow/.local/lib/python3.7/site-packages/airflow/example_dags/example_dynamic_task_mapping_with_no_taskflow_operators.py
[2025-10-21T00:58:16.722+0000] {processor.py:826} INFO - Processing file /home/airflow/.local/lib/python3.7/site-packages/airflow/example_dags/example_dynamic_task_mapping_with_no_taskflow_operators.py for tasks to queue
[2025-10-21T00:58:16.723+0000] {logging_mixin.py:149} INFO - [2025-10-21T00:58:16.723+0000] {dagbag.py:541} INFO - Filling up the DagBag from /home/airflow/.local/lib/python3.7/site-packages/airflow/example_dags/example_dynamic_task_mapping_with_no_taskflow_operators.py
[2025-10-21T00:58:16.737+0000] {processor.py:836} INFO - DAG(s) dict_keys(['example_dynamic_task_mapping_with_no_taskflow_operators']) retrieved from /home/airflow/.local/lib/python3.7/site-packages/airflow/example_dags/example_dynamic_task_mapping_with_no_taskflow_operators.py
[2025-10-21T00:58:16.780+0000] {logging_mixin.py:149} INFO - [2025-10-21T00:58:16.780+0000] {dag.py:2726} INFO - Sync 1 DAGs
[2025-10-21T00:58:16.828+0000] {logging_mixin.py:149} INFO - [2025-10-21T00:58:16.827+0000] {dag.py:3490} INFO - Setting next_dagrun for example_dynamic_task_mapping_with_no_taskflow_operators to 2025-10-20T00:58:16.827173+00:00, run_after=2025-10-21T00:58:16.827173+00:00
[2025-10-21T00:58:16.870+0000] {processor.py:179} INFO - Processing /home/airflow/.local/lib/python3.7/site-packages/airflow/example_dags/example_dynamic_task_mapping_with_no_taskflow_operators.py took 0.157 seconds
[2025-10-21T00:58:47.368+0000] {processor.py:157} INFO - Started process (PID=1248) to work on /home/airflow/.local/lib/python3.7/site-packages/airflow/example_dags/example_dynamic_task_mapping_with_no_taskflow_operators.py
[2025-10-21T00:58:47.371+0000] {processor.py:826} INFO - Processing file /home/airflow/.local/lib/python3.7/site-packages/airflow/example_dags/example_dynamic_task_mapping_with_no_taskflow_operators.py for tasks to queue
[2025-10-21T00:58:47.373+0000] {logging_mixin.py:149} INFO - [2025-10-21T00:58:47.373+0000] {dagbag.py:541} INFO - Filling up the DagBag from /home/airflow/.local/lib/python3.7/site-packages/airflow/example_dags/example_dynamic_task_mapping_with_no_taskflow_operators.py
[2025-10-21T00:58:47.389+0000] {processor.py:836} INFO - DAG(s) dict_keys(['example_dynamic_task_mapping_with_no_taskflow_operators']) retrieved from /home/airflow/.local/lib/python3.7/site-packages/airflow/example_dags/example_dynamic_task_mapping_with_no_taskflow_operators.py
[2025-10-21T00:58:47.432+0000] {logging_mixin.py:149} INFO - [2025-10-21T00:58:47.432+0000] {dag.py:2726} INFO - Sync 1 DAGs
[2025-10-21T00:58:47.492+0000] {logging_mixin.py:149} INFO - [2025-10-21T00:58:47.492+0000] {dag.py:3490} INFO - Setting next_dagrun for example_dynamic_task_mapping_with_no_taskflow_operators to 2025-10-20T00:58:47.491867+00:00, run_after=2025-10-21T00:58:47.491867+00:00
[2025-10-21T00:58:47.533+0000] {processor.py:179} INFO - Processing /home/airflow/.local/lib/python3.7/site-packages/airflow/example_dags/example_dynamic_task_mapping_with_no_taskflow_operators.py took 0.173 seconds
[2025-10-21T00:59:18.378+0000] {processor.py:157} INFO - Started process (PID=1315) to work on /home/airflow/.local/lib/python3.7/site-packages/airflow/example_dags/example_dynamic_task_mapping_with_no_taskflow_operators.py
[2025-10-21T00:59:18.381+0000] {processor.py:826} INFO - Processing file /home/airflow/.local/lib/python3.7/site-packages/airflow/example_dags/example_dynamic_task_mapping_with_no_taskflow_operators.py for tasks to queue
[2025-10-21T00:59:18.383+0000] {logging_mixin.py:149} INFO - [2025-10-21T00:59:18.383+0000] {dagbag.py:541} INFO - Filling up the DagBag from /home/airflow/.local/lib/python3.7/site-packages/airflow/example_dags/example_dynamic_task_mapping_with_no_taskflow_operators.py
[2025-10-21T00:59:18.396+0000] {processor.py:836} INFO - DAG(s) dict_keys(['example_dynamic_task_mapping_with_no_taskflow_operators']) retrieved from /home/airflow/.local/lib/python3.7/site-packages/airflow/example_dags/example_dynamic_task_mapping_with_no_taskflow_operators.py
[2025-10-21T00:59:18.441+0000] {logging_mixin.py:149} INFO - [2025-10-21T00:59:18.441+0000] {dag.py:2726} INFO - Sync 1 DAGs
[2025-10-21T00:59:18.489+0000] {logging_mixin.py:149} INFO - [2025-10-21T00:59:18.489+0000] {dag.py:3490} INFO - Setting next_dagrun for example_dynamic_task_mapping_with_no_taskflow_operators to 2025-10-20T00:59:18.489053+00:00, run_after=2025-10-21T00:59:18.489053+00:00
[2025-10-21T00:59:18.528+0000] {processor.py:179} INFO - Processing /home/airflow/.local/lib/python3.7/site-packages/airflow/example_dags/example_dynamic_task_mapping_with_no_taskflow_operators.py took 0.157 seconds
[2025-10-21T00:59:49.060+0000] {processor.py:157} INFO - Started process (PID=1381) to work on /home/airflow/.local/lib/python3.7/site-packages/airflow/example_dags/example_dynamic_task_mapping_with_no_taskflow_operators.py
[2025-10-21T00:59:49.062+0000] {processor.py:826} INFO - Processing file /home/airflow/.local/lib/python3.7/site-packages/airflow/example_dags/example_dynamic_task_mapping_with_no_taskflow_operators.py for tasks to queue
[2025-10-21T00:59:49.065+0000] {logging_mixin.py:149} INFO - [2025-10-21T00:59:49.064+0000] {dagbag.py:541} INFO - Filling up the DagBag from /home/airflow/.local/lib/python3.7/site-packages/airflow/example_dags/example_dynamic_task_mapping_with_no_taskflow_operators.py
[2025-10-21T00:59:49.078+0000] {processor.py:836} INFO - DAG(s) dict_keys(['example_dynamic_task_mapping_with_no_taskflow_operators']) retrieved from /home/airflow/.local/lib/python3.7/site-packages/airflow/example_dags/example_dynamic_task_mapping_with_no_taskflow_operators.py
[2025-10-21T00:59:49.125+0000] {logging_mixin.py:149} INFO - [2025-10-21T00:59:49.125+0000] {dag.py:2726} INFO - Sync 1 DAGs
[2025-10-21T00:59:49.178+0000] {logging_mixin.py:149} INFO - [2025-10-21T00:59:49.177+0000] {dag.py:3490} INFO - Setting next_dagrun for example_dynamic_task_mapping_with_no_taskflow_operators to 2025-10-20T00:59:49.177122+00:00, run_after=2025-10-21T00:59:49.177122+00:00
[2025-10-21T00:59:49.223+0000] {processor.py:179} INFO - Processing /home/airflow/.local/lib/python3.7/site-packages/airflow/example_dags/example_dynamic_task_mapping_with_no_taskflow_operators.py took 0.171 seconds
[2025-10-21T01:00:19.434+0000] {processor.py:157} INFO - Started process (PID=1447) to work on /home/airflow/.local/lib/python3.7/site-packages/airflow/example_dags/example_dynamic_task_mapping_with_no_taskflow_operators.py
[2025-10-21T01:00:19.437+0000] {processor.py:826} INFO - Processing file /home/airflow/.local/lib/python3.7/site-packages/airflow/example_dags/example_dynamic_task_mapping_with_no_taskflow_operators.py for tasks to queue
[2025-10-21T01:00:19.439+0000] {logging_mixin.py:149} INFO - [2025-10-21T01:00:19.438+0000] {dagbag.py:541} INFO - Filling up the DagBag from /home/airflow/.local/lib/python3.7/site-packages/airflow/example_dags/example_dynamic_task_mapping_with_no_taskflow_operators.py
[2025-10-21T01:00:19.456+0000] {processor.py:836} INFO - DAG(s) dict_keys(['example_dynamic_task_mapping_with_no_taskflow_operators']) retrieved from /home/airflow/.local/lib/python3.7/site-packages/airflow/example_dags/example_dynamic_task_mapping_with_no_taskflow_operators.py
[2025-10-21T01:00:19.504+0000] {logging_mixin.py:149} INFO - [2025-10-21T01:00:19.504+0000] {dag.py:2726} INFO - Sync 1 DAGs
[2025-10-21T01:00:19.555+0000] {logging_mixin.py:149} INFO - [2025-10-21T01:00:19.555+0000] {dag.py:3490} INFO - Setting next_dagrun for example_dynamic_task_mapping_with_no_taskflow_operators to 2025-10-20T01:00:19.555106+00:00, run_after=2025-10-21T01:00:19.555106+00:00
[2025-10-21T01:00:19.598+0000] {processor.py:179} INFO - Processing /home/airflow/.local/lib/python3.7/site-packages/airflow/example_dags/example_dynamic_task_mapping_with_no_taskflow_operators.py took 0.171 seconds
[2025-10-21T01:00:50.223+0000] {processor.py:157} INFO - Started process (PID=1513) to work on /home/airflow/.local/lib/python3.7/site-packages/airflow/example_dags/example_dynamic_task_mapping_with_no_taskflow_operators.py
[2025-10-21T01:00:50.225+0000] {processor.py:826} INFO - Processing file /home/airflow/.local/lib/python3.7/site-packages/airflow/example_dags/example_dynamic_task_mapping_with_no_taskflow_operators.py for tasks to queue
[2025-10-21T01:00:50.227+0000] {logging_mixin.py:149} INFO - [2025-10-21T01:00:50.226+0000] {dagbag.py:541} INFO - Filling up the DagBag from /home/airflow/.local/lib/python3.7/site-packages/airflow/example_dags/example_dynamic_task_mapping_with_no_taskflow_operators.py
[2025-10-21T01:00:50.244+0000] {processor.py:836} INFO - DAG(s) dict_keys(['example_dynamic_task_mapping_with_no_taskflow_operators']) retrieved from /home/airflow/.local/lib/python3.7/site-packages/airflow/example_dags/example_dynamic_task_mapping_with_no_taskflow_operators.py
[2025-10-21T01:00:50.290+0000] {logging_mixin.py:149} INFO - [2025-10-21T01:00:50.290+0000] {dag.py:2726} INFO - Sync 1 DAGs
[2025-10-21T01:00:50.356+0000] {logging_mixin.py:149} INFO - [2025-10-21T01:00:50.356+0000] {dag.py:3490} INFO - Setting next_dagrun for example_dynamic_task_mapping_with_no_taskflow_operators to 2025-10-20T01:00:50.355791+00:00, run_after=2025-10-21T01:00:50.355791+00:00
[2025-10-21T01:00:50.410+0000] {processor.py:179} INFO - Processing /home/airflow/.local/lib/python3.7/site-packages/airflow/example_dags/example_dynamic_task_mapping_with_no_taskflow_operators.py took 0.193 seconds
[2025-10-21T01:01:21.113+0000] {processor.py:157} INFO - Started process (PID=1579) to work on /home/airflow/.local/lib/python3.7/site-packages/airflow/example_dags/example_dynamic_task_mapping_with_no_taskflow_operators.py
[2025-10-21T01:01:21.117+0000] {processor.py:826} INFO - Processing file /home/airflow/.local/lib/python3.7/site-packages/airflow/example_dags/example_dynamic_task_mapping_with_no_taskflow_operators.py for tasks to queue
[2025-10-21T01:01:21.119+0000] {logging_mixin.py:149} INFO - [2025-10-21T01:01:21.119+0000] {dagbag.py:541} INFO - Filling up the DagBag from /home/airflow/.local/lib/python3.7/site-packages/airflow/example_dags/example_dynamic_task_mapping_with_no_taskflow_operators.py
[2025-10-21T01:01:21.135+0000] {processor.py:836} INFO - DAG(s) dict_keys(['example_dynamic_task_mapping_with_no_taskflow_operators']) retrieved from /home/airflow/.local/lib/python3.7/site-packages/airflow/example_dags/example_dynamic_task_mapping_with_no_taskflow_operators.py
[2025-10-21T01:01:21.205+0000] {logging_mixin.py:149} INFO - [2025-10-21T01:01:21.204+0000] {dag.py:2726} INFO - Sync 1 DAGs
[2025-10-21T01:01:21.252+0000] {logging_mixin.py:149} INFO - [2025-10-21T01:01:21.251+0000] {dag.py:3490} INFO - Setting next_dagrun for example_dynamic_task_mapping_with_no_taskflow_operators to 2025-10-20T01:01:21.251197+00:00, run_after=2025-10-21T01:01:21.251197+00:00
[2025-10-21T01:01:21.307+0000] {processor.py:179} INFO - Processing /home/airflow/.local/lib/python3.7/site-packages/airflow/example_dags/example_dynamic_task_mapping_with_no_taskflow_operators.py took 0.206 seconds
[2025-10-21T01:01:52.676+0000] {processor.py:157} INFO - Started process (PID=1645) to work on /home/airflow/.local/lib/python3.7/site-packages/airflow/example_dags/example_dynamic_task_mapping_with_no_taskflow_operators.py
[2025-10-21T01:01:52.679+0000] {processor.py:826} INFO - Processing file /home/airflow/.local/lib/python3.7/site-packages/airflow/example_dags/example_dynamic_task_mapping_with_no_taskflow_operators.py for tasks to queue
[2025-10-21T01:01:52.681+0000] {logging_mixin.py:149} INFO - [2025-10-21T01:01:52.681+0000] {dagbag.py:541} INFO - Filling up the DagBag from /home/airflow/.local/lib/python3.7/site-packages/airflow/example_dags/example_dynamic_task_mapping_with_no_taskflow_operators.py
[2025-10-21T01:01:52.694+0000] {processor.py:836} INFO - DAG(s) dict_keys(['example_dynamic_task_mapping_with_no_taskflow_operators']) retrieved from /home/airflow/.local/lib/python3.7/site-packages/airflow/example_dags/example_dynamic_task_mapping_with_no_taskflow_operators.py
[2025-10-21T01:01:52.745+0000] {logging_mixin.py:149} INFO - [2025-10-21T01:01:52.745+0000] {dag.py:2726} INFO - Sync 1 DAGs
[2025-10-21T01:01:52.803+0000] {logging_mixin.py:149} INFO - [2025-10-21T01:01:52.803+0000] {dag.py:3490} INFO - Setting next_dagrun for example_dynamic_task_mapping_with_no_taskflow_operators to 2025-10-20T01:01:52.802643+00:00, run_after=2025-10-21T01:01:52.802643+00:00
[2025-10-21T01:01:52.852+0000] {processor.py:179} INFO - Processing /home/airflow/.local/lib/python3.7/site-packages/airflow/example_dags/example_dynamic_task_mapping_with_no_taskflow_operators.py took 0.183 seconds
[2025-10-21T01:02:23.323+0000] {processor.py:157} INFO - Started process (PID=1711) to work on /home/airflow/.local/lib/python3.7/site-packages/airflow/example_dags/example_dynamic_task_mapping_with_no_taskflow_operators.py
[2025-10-21T01:02:23.325+0000] {processor.py:826} INFO - Processing file /home/airflow/.local/lib/python3.7/site-packages/airflow/example_dags/example_dynamic_task_mapping_with_no_taskflow_operators.py for tasks to queue
[2025-10-21T01:02:23.327+0000] {logging_mixin.py:149} INFO - [2025-10-21T01:02:23.327+0000] {dagbag.py:541} INFO - Filling up the DagBag from /home/airflow/.local/lib/python3.7/site-packages/airflow/example_dags/example_dynamic_task_mapping_with_no_taskflow_operators.py
[2025-10-21T01:02:23.341+0000] {processor.py:836} INFO - DAG(s) dict_keys(['example_dynamic_task_mapping_with_no_taskflow_operators']) retrieved from /home/airflow/.local/lib/python3.7/site-packages/airflow/example_dags/example_dynamic_task_mapping_with_no_taskflow_operators.py
[2025-10-21T01:02:23.387+0000] {logging_mixin.py:149} INFO - [2025-10-21T01:02:23.386+0000] {dag.py:2726} INFO - Sync 1 DAGs
[2025-10-21T01:02:23.433+0000] {logging_mixin.py:149} INFO - [2025-10-21T01:02:23.433+0000] {dag.py:3490} INFO - Setting next_dagrun for example_dynamic_task_mapping_with_no_taskflow_operators to 2025-10-20T01:02:23.432996+00:00, run_after=2025-10-21T01:02:23.432996+00:00
[2025-10-21T01:02:23.469+0000] {processor.py:179} INFO - Processing /home/airflow/.local/lib/python3.7/site-packages/airflow/example_dags/example_dynamic_task_mapping_with_no_taskflow_operators.py took 0.152 seconds
[2025-10-21T01:02:54.150+0000] {processor.py:157} INFO - Started process (PID=1777) to work on /home/airflow/.local/lib/python3.7/site-packages/airflow/example_dags/example_dynamic_task_mapping_with_no_taskflow_operators.py
[2025-10-21T01:02:54.153+0000] {processor.py:826} INFO - Processing file /home/airflow/.local/lib/python3.7/site-packages/airflow/example_dags/example_dynamic_task_mapping_with_no_taskflow_operators.py for tasks to queue
[2025-10-21T01:02:54.155+0000] {logging_mixin.py:149} INFO - [2025-10-21T01:02:54.155+0000] {dagbag.py:541} INFO - Filling up the DagBag from /home/airflow/.local/lib/python3.7/site-packages/airflow/example_dags/example_dynamic_task_mapping_with_no_taskflow_operators.py
[2025-10-21T01:02:54.168+0000] {processor.py:836} INFO - DAG(s) dict_keys(['example_dynamic_task_mapping_with_no_taskflow_operators']) retrieved from /home/airflow/.local/lib/python3.7/site-packages/airflow/example_dags/example_dynamic_task_mapping_with_no_taskflow_operators.py
[2025-10-21T01:02:54.217+0000] {logging_mixin.py:149} INFO - [2025-10-21T01:02:54.217+0000] {dag.py:2726} INFO - Sync 1 DAGs
[2025-10-21T01:02:54.278+0000] {logging_mixin.py:149} INFO - [2025-10-21T01:02:54.277+0000] {dag.py:3490} INFO - Setting next_dagrun for example_dynamic_task_mapping_with_no_taskflow_operators to 2025-10-20T01:02:54.277311+00:00, run_after=2025-10-21T01:02:54.277311+00:00
[2025-10-21T01:02:54.321+0000] {processor.py:179} INFO - Processing /home/airflow/.local/lib/python3.7/site-packages/airflow/example_dags/example_dynamic_task_mapping_with_no_taskflow_operators.py took 0.176 seconds
[2025-10-21T01:03:24.462+0000] {processor.py:157} INFO - Started process (PID=1844) to work on /home/airflow/.local/lib/python3.7/site-packages/airflow/example_dags/example_dynamic_task_mapping_with_no_taskflow_operators.py
[2025-10-21T01:03:24.464+0000] {processor.py:826} INFO - Processing file /home/airflow/.local/lib/python3.7/site-packages/airflow/example_dags/example_dynamic_task_mapping_with_no_taskflow_operators.py for tasks to queue
[2025-10-21T01:03:24.467+0000] {logging_mixin.py:149} INFO - [2025-10-21T01:03:24.467+0000] {dagbag.py:541} INFO - Filling up the DagBag from /home/airflow/.local/lib/python3.7/site-packages/airflow/example_dags/example_dynamic_task_mapping_with_no_taskflow_operators.py
[2025-10-21T01:03:24.485+0000] {processor.py:836} INFO - DAG(s) dict_keys(['example_dynamic_task_mapping_with_no_taskflow_operators']) retrieved from /home/airflow/.local/lib/python3.7/site-packages/airflow/example_dags/example_dynamic_task_mapping_with_no_taskflow_operators.py
[2025-10-21T01:03:24.537+0000] {logging_mixin.py:149} INFO - [2025-10-21T01:03:24.537+0000] {dag.py:2726} INFO - Sync 1 DAGs
[2025-10-21T01:03:24.614+0000] {logging_mixin.py:149} INFO - [2025-10-21T01:03:24.614+0000] {dag.py:3490} INFO - Setting next_dagrun for example_dynamic_task_mapping_with_no_taskflow_operators to 2025-10-20T01:03:24.613580+00:00, run_after=2025-10-21T01:03:24.613580+00:00
[2025-10-21T01:03:24.670+0000] {processor.py:179} INFO - Processing /home/airflow/.local/lib/python3.7/site-packages/airflow/example_dags/example_dynamic_task_mapping_with_no_taskflow_operators.py took 0.215 seconds
[2025-10-21T01:03:54.843+0000] {processor.py:157} INFO - Started process (PID=1909) to work on /home/airflow/.local/lib/python3.7/site-packages/airflow/example_dags/example_dynamic_task_mapping_with_no_taskflow_operators.py
[2025-10-21T01:03:54.846+0000] {processor.py:826} INFO - Processing file /home/airflow/.local/lib/python3.7/site-packages/airflow/example_dags/example_dynamic_task_mapping_with_no_taskflow_operators.py for tasks to queue
[2025-10-21T01:03:54.849+0000] {logging_mixin.py:149} INFO - [2025-10-21T01:03:54.849+0000] {dagbag.py:541} INFO - Filling up the DagBag from /home/airflow/.local/lib/python3.7/site-packages/airflow/example_dags/example_dynamic_task_mapping_with_no_taskflow_operators.py
[2025-10-21T01:03:54.869+0000] {processor.py:836} INFO - DAG(s) dict_keys(['example_dynamic_task_mapping_with_no_taskflow_operators']) retrieved from /home/airflow/.local/lib/python3.7/site-packages/airflow/example_dags/example_dynamic_task_mapping_with_no_taskflow_operators.py
[2025-10-21T01:03:54.953+0000] {logging_mixin.py:149} INFO - [2025-10-21T01:03:54.952+0000] {dag.py:2726} INFO - Sync 1 DAGs
[2025-10-21T01:03:55.049+0000] {logging_mixin.py:149} INFO - [2025-10-21T01:03:55.049+0000] {dag.py:3490} INFO - Setting next_dagrun for example_dynamic_task_mapping_with_no_taskflow_operators to 2025-10-20T01:03:55.048590+00:00, run_after=2025-10-21T01:03:55.048590+00:00
[2025-10-21T01:03:55.109+0000] {processor.py:179} INFO - Processing /home/airflow/.local/lib/python3.7/site-packages/airflow/example_dags/example_dynamic_task_mapping_with_no_taskflow_operators.py took 0.274 seconds
[2025-10-21T01:04:25.275+0000] {processor.py:157} INFO - Started process (PID=1975) to work on /home/airflow/.local/lib/python3.7/site-packages/airflow/example_dags/example_dynamic_task_mapping_with_no_taskflow_operators.py
[2025-10-21T01:04:25.277+0000] {processor.py:826} INFO - Processing file /home/airflow/.local/lib/python3.7/site-packages/airflow/example_dags/example_dynamic_task_mapping_with_no_taskflow_operators.py for tasks to queue
[2025-10-21T01:04:25.279+0000] {logging_mixin.py:149} INFO - [2025-10-21T01:04:25.278+0000] {dagbag.py:541} INFO - Filling up the DagBag from /home/airflow/.local/lib/python3.7/site-packages/airflow/example_dags/example_dynamic_task_mapping_with_no_taskflow_operators.py
[2025-10-21T01:04:25.293+0000] {processor.py:836} INFO - DAG(s) dict_keys(['example_dynamic_task_mapping_with_no_taskflow_operators']) retrieved from /home/airflow/.local/lib/python3.7/site-packages/airflow/example_dags/example_dynamic_task_mapping_with_no_taskflow_operators.py
[2025-10-21T01:04:25.335+0000] {logging_mixin.py:149} INFO - [2025-10-21T01:04:25.335+0000] {dag.py:2726} INFO - Sync 1 DAGs
[2025-10-21T01:04:25.375+0000] {logging_mixin.py:149} INFO - [2025-10-21T01:04:25.375+0000] {dag.py:3490} INFO - Setting next_dagrun for example_dynamic_task_mapping_with_no_taskflow_operators to 2025-10-20T01:04:25.375393+00:00, run_after=2025-10-21T01:04:25.375393+00:00
[2025-10-21T01:04:25.411+0000] {processor.py:179} INFO - Processing /home/airflow/.local/lib/python3.7/site-packages/airflow/example_dags/example_dynamic_task_mapping_with_no_taskflow_operators.py took 0.143 seconds
[2025-10-21T01:04:56.122+0000] {processor.py:157} INFO - Started process (PID=2041) to work on /home/airflow/.local/lib/python3.7/site-packages/airflow/example_dags/example_dynamic_task_mapping_with_no_taskflow_operators.py
[2025-10-21T01:04:56.124+0000] {processor.py:826} INFO - Processing file /home/airflow/.local/lib/python3.7/site-packages/airflow/example_dags/example_dynamic_task_mapping_with_no_taskflow_operators.py for tasks to queue
[2025-10-21T01:04:56.126+0000] {logging_mixin.py:149} INFO - [2025-10-21T01:04:56.125+0000] {dagbag.py:541} INFO - Filling up the DagBag from /home/airflow/.local/lib/python3.7/site-packages/airflow/example_dags/example_dynamic_task_mapping_with_no_taskflow_operators.py
[2025-10-21T01:04:56.140+0000] {processor.py:836} INFO - DAG(s) dict_keys(['example_dynamic_task_mapping_with_no_taskflow_operators']) retrieved from /home/airflow/.local/lib/python3.7/site-packages/airflow/example_dags/example_dynamic_task_mapping_with_no_taskflow_operators.py
[2025-10-21T01:04:56.188+0000] {logging_mixin.py:149} INFO - [2025-10-21T01:04:56.187+0000] {dag.py:2726} INFO - Sync 1 DAGs
[2025-10-21T01:04:56.236+0000] {logging_mixin.py:149} INFO - [2025-10-21T01:04:56.235+0000] {dag.py:3490} INFO - Setting next_dagrun for example_dynamic_task_mapping_with_no_taskflow_operators to 2025-10-20T01:04:56.235448+00:00, run_after=2025-10-21T01:04:56.235448+00:00
[2025-10-21T01:04:56.277+0000] {processor.py:179} INFO - Processing /home/airflow/.local/lib/python3.7/site-packages/airflow/example_dags/example_dynamic_task_mapping_with_no_taskflow_operators.py took 0.161 seconds
[2025-10-21T01:05:26.725+0000] {processor.py:157} INFO - Started process (PID=2107) to work on /home/airflow/.local/lib/python3.7/site-packages/airflow/example_dags/example_dynamic_task_mapping_with_no_taskflow_operators.py
[2025-10-21T01:05:26.728+0000] {processor.py:826} INFO - Processing file /home/airflow/.local/lib/python3.7/site-packages/airflow/example_dags/example_dynamic_task_mapping_with_no_taskflow_operators.py for tasks to queue
[2025-10-21T01:05:26.730+0000] {logging_mixin.py:149} INFO - [2025-10-21T01:05:26.730+0000] {dagbag.py:541} INFO - Filling up the DagBag from /home/airflow/.local/lib/python3.7/site-packages/airflow/example_dags/example_dynamic_task_mapping_with_no_taskflow_operators.py
[2025-10-21T01:05:26.748+0000] {processor.py:836} INFO - DAG(s) dict_keys(['example_dynamic_task_mapping_with_no_taskflow_operators']) retrieved from /home/airflow/.local/lib/python3.7/site-packages/airflow/example_dags/example_dynamic_task_mapping_with_no_taskflow_operators.py
[2025-10-21T01:05:26.820+0000] {logging_mixin.py:149} INFO - [2025-10-21T01:05:26.819+0000] {dag.py:2726} INFO - Sync 1 DAGs
[2025-10-21T01:05:26.892+0000] {logging_mixin.py:149} INFO - [2025-10-21T01:05:26.892+0000] {dag.py:3490} INFO - Setting next_dagrun for example_dynamic_task_mapping_with_no_taskflow_operators to 2025-10-20T01:05:26.891450+00:00, run_after=2025-10-21T01:05:26.891450+00:00
[2025-10-21T01:05:26.937+0000] {processor.py:179} INFO - Processing /home/airflow/.local/lib/python3.7/site-packages/airflow/example_dags/example_dynamic_task_mapping_with_no_taskflow_operators.py took 0.220 seconds
[2025-10-21T01:05:57.849+0000] {processor.py:157} INFO - Started process (PID=2173) to work on /home/airflow/.local/lib/python3.7/site-packages/airflow/example_dags/example_dynamic_task_mapping_with_no_taskflow_operators.py
[2025-10-21T01:05:57.851+0000] {processor.py:826} INFO - Processing file /home/airflow/.local/lib/python3.7/site-packages/airflow/example_dags/example_dynamic_task_mapping_with_no_taskflow_operators.py for tasks to queue
[2025-10-21T01:05:57.853+0000] {logging_mixin.py:149} INFO - [2025-10-21T01:05:57.853+0000] {dagbag.py:541} INFO - Filling up the DagBag from /home/airflow/.local/lib/python3.7/site-packages/airflow/example_dags/example_dynamic_task_mapping_with_no_taskflow_operators.py
[2025-10-21T01:05:57.867+0000] {processor.py:836} INFO - DAG(s) dict_keys(['example_dynamic_task_mapping_with_no_taskflow_operators']) retrieved from /home/airflow/.local/lib/python3.7/site-packages/airflow/example_dags/example_dynamic_task_mapping_with_no_taskflow_operators.py
[2025-10-21T01:05:57.924+0000] {logging_mixin.py:149} INFO - [2025-10-21T01:05:57.923+0000] {dag.py:2726} INFO - Sync 1 DAGs
[2025-10-21T01:05:57.974+0000] {logging_mixin.py:149} INFO - [2025-10-21T01:05:57.974+0000] {dag.py:3490} INFO - Setting next_dagrun for example_dynamic_task_mapping_with_no_taskflow_operators to 2025-10-20T01:05:57.974169+00:00, run_after=2025-10-21T01:05:57.974169+00:00
[2025-10-21T01:05:58.017+0000] {processor.py:179} INFO - Processing /home/airflow/.local/lib/python3.7/site-packages/airflow/example_dags/example_dynamic_task_mapping_with_no_taskflow_operators.py took 0.175 seconds
[2025-10-21T01:06:28.195+0000] {processor.py:157} INFO - Started process (PID=2239) to work on /home/airflow/.local/lib/python3.7/site-packages/airflow/example_dags/example_dynamic_task_mapping_with_no_taskflow_operators.py
[2025-10-21T01:06:28.198+0000] {processor.py:826} INFO - Processing file /home/airflow/.local/lib/python3.7/site-packages/airflow/example_dags/example_dynamic_task_mapping_with_no_taskflow_operators.py for tasks to queue
[2025-10-21T01:06:28.200+0000] {logging_mixin.py:149} INFO - [2025-10-21T01:06:28.199+0000] {dagbag.py:541} INFO - Filling up the DagBag from /home/airflow/.local/lib/python3.7/site-packages/airflow/example_dags/example_dynamic_task_mapping_with_no_taskflow_operators.py
[2025-10-21T01:06:28.215+0000] {processor.py:836} INFO - DAG(s) dict_keys(['example_dynamic_task_mapping_with_no_taskflow_operators']) retrieved from /home/airflow/.local/lib/python3.7/site-packages/airflow/example_dags/example_dynamic_task_mapping_with_no_taskflow_operators.py
[2025-10-21T01:06:28.270+0000] {logging_mixin.py:149} INFO - [2025-10-21T01:06:28.270+0000] {dag.py:2726} INFO - Sync 1 DAGs
[2025-10-21T01:06:28.337+0000] {logging_mixin.py:149} INFO - [2025-10-21T01:06:28.337+0000] {dag.py:3490} INFO - Setting next_dagrun for example_dynamic_task_mapping_with_no_taskflow_operators to 2025-10-20T01:06:28.336690+00:00, run_after=2025-10-21T01:06:28.336690+00:00
[2025-10-21T01:06:28.386+0000] {processor.py:179} INFO - Processing /home/airflow/.local/lib/python3.7/site-packages/airflow/example_dags/example_dynamic_task_mapping_with_no_taskflow_operators.py took 0.197 seconds
[2025-10-21T01:06:59.094+0000] {processor.py:157} INFO - Started process (PID=2306) to work on /home/airflow/.local/lib/python3.7/site-packages/airflow/example_dags/example_dynamic_task_mapping_with_no_taskflow_operators.py
[2025-10-21T01:06:59.096+0000] {processor.py:826} INFO - Processing file /home/airflow/.local/lib/python3.7/site-packages/airflow/example_dags/example_dynamic_task_mapping_with_no_taskflow_operators.py for tasks to queue
[2025-10-21T01:06:59.098+0000] {logging_mixin.py:149} INFO - [2025-10-21T01:06:59.098+0000] {dagbag.py:541} INFO - Filling up the DagBag from /home/airflow/.local/lib/python3.7/site-packages/airflow/example_dags/example_dynamic_task_mapping_with_no_taskflow_operators.py
[2025-10-21T01:06:59.114+0000] {processor.py:836} INFO - DAG(s) dict_keys(['example_dynamic_task_mapping_with_no_taskflow_operators']) retrieved from /home/airflow/.local/lib/python3.7/site-packages/airflow/example_dags/example_dynamic_task_mapping_with_no_taskflow_operators.py
[2025-10-21T01:06:59.166+0000] {logging_mixin.py:149} INFO - [2025-10-21T01:06:59.166+0000] {dag.py:2726} INFO - Sync 1 DAGs
[2025-10-21T01:06:59.224+0000] {logging_mixin.py:149} INFO - [2025-10-21T01:06:59.224+0000] {dag.py:3490} INFO - Setting next_dagrun for example_dynamic_task_mapping_with_no_taskflow_operators to 2025-10-20T01:06:59.223671+00:00, run_after=2025-10-21T01:06:59.223671+00:00
[2025-10-21T01:06:59.275+0000] {processor.py:179} INFO - Processing /home/airflow/.local/lib/python3.7/site-packages/airflow/example_dags/example_dynamic_task_mapping_with_no_taskflow_operators.py took 0.189 seconds
[2025-10-21T01:07:29.932+0000] {processor.py:157} INFO - Started process (PID=2373) to work on /home/airflow/.local/lib/python3.7/site-packages/airflow/example_dags/example_dynamic_task_mapping_with_no_taskflow_operators.py
[2025-10-21T01:07:29.934+0000] {processor.py:826} INFO - Processing file /home/airflow/.local/lib/python3.7/site-packages/airflow/example_dags/example_dynamic_task_mapping_with_no_taskflow_operators.py for tasks to queue
[2025-10-21T01:07:29.936+0000] {logging_mixin.py:149} INFO - [2025-10-21T01:07:29.935+0000] {dagbag.py:541} INFO - Filling up the DagBag from /home/airflow/.local/lib/python3.7/site-packages/airflow/example_dags/example_dynamic_task_mapping_with_no_taskflow_operators.py
[2025-10-21T01:07:29.949+0000] {processor.py:836} INFO - DAG(s) dict_keys(['example_dynamic_task_mapping_with_no_taskflow_operators']) retrieved from /home/airflow/.local/lib/python3.7/site-packages/airflow/example_dags/example_dynamic_task_mapping_with_no_taskflow_operators.py
[2025-10-21T01:07:30.002+0000] {logging_mixin.py:149} INFO - [2025-10-21T01:07:30.002+0000] {dag.py:2726} INFO - Sync 1 DAGs
[2025-10-21T01:07:30.059+0000] {logging_mixin.py:149} INFO - [2025-10-21T01:07:30.059+0000] {dag.py:3490} INFO - Setting next_dagrun for example_dynamic_task_mapping_with_no_taskflow_operators to 2025-10-20T01:07:30.058747+00:00, run_after=2025-10-21T01:07:30.058747+00:00
[2025-10-21T01:07:30.108+0000] {processor.py:179} INFO - Processing /home/airflow/.local/lib/python3.7/site-packages/airflow/example_dags/example_dynamic_task_mapping_with_no_taskflow_operators.py took 0.181 seconds
[2025-10-21T01:08:00.234+0000] {processor.py:157} INFO - Started process (PID=2439) to work on /home/airflow/.local/lib/python3.7/site-packages/airflow/example_dags/example_dynamic_task_mapping_with_no_taskflow_operators.py
[2025-10-21T01:08:00.237+0000] {processor.py:826} INFO - Processing file /home/airflow/.local/lib/python3.7/site-packages/airflow/example_dags/example_dynamic_task_mapping_with_no_taskflow_operators.py for tasks to queue
[2025-10-21T01:08:00.240+0000] {logging_mixin.py:149} INFO - [2025-10-21T01:08:00.239+0000] {dagbag.py:541} INFO - Filling up the DagBag from /home/airflow/.local/lib/python3.7/site-packages/airflow/example_dags/example_dynamic_task_mapping_with_no_taskflow_operators.py
[2025-10-21T01:08:00.259+0000] {processor.py:836} INFO - DAG(s) dict_keys(['example_dynamic_task_mapping_with_no_taskflow_operators']) retrieved from /home/airflow/.local/lib/python3.7/site-packages/airflow/example_dags/example_dynamic_task_mapping_with_no_taskflow_operators.py
[2025-10-21T01:08:00.313+0000] {logging_mixin.py:149} INFO - [2025-10-21T01:08:00.312+0000] {dag.py:2726} INFO - Sync 1 DAGs
[2025-10-21T01:08:00.386+0000] {logging_mixin.py:149} INFO - [2025-10-21T01:08:00.386+0000] {dag.py:3490} INFO - Setting next_dagrun for example_dynamic_task_mapping_with_no_taskflow_operators to 2025-10-20T01:08:00.385798+00:00, run_after=2025-10-21T01:08:00.385798+00:00
[2025-10-21T01:08:00.441+0000] {processor.py:179} INFO - Processing /home/airflow/.local/lib/python3.7/site-packages/airflow/example_dags/example_dynamic_task_mapping_with_no_taskflow_operators.py took 0.215 seconds
[2025-10-21T01:08:30.888+0000] {processor.py:157} INFO - Started process (PID=2505) to work on /home/airflow/.local/lib/python3.7/site-packages/airflow/example_dags/example_dynamic_task_mapping_with_no_taskflow_operators.py
[2025-10-21T01:08:30.890+0000] {processor.py:826} INFO - Processing file /home/airflow/.local/lib/python3.7/site-packages/airflow/example_dags/example_dynamic_task_mapping_with_no_taskflow_operators.py for tasks to queue
[2025-10-21T01:08:30.892+0000] {logging_mixin.py:149} INFO - [2025-10-21T01:08:30.892+0000] {dagbag.py:541} INFO - Filling up the DagBag from /home/airflow/.local/lib/python3.7/site-packages/airflow/example_dags/example_dynamic_task_mapping_with_no_taskflow_operators.py
[2025-10-21T01:08:30.907+0000] {processor.py:836} INFO - DAG(s) dict_keys(['example_dynamic_task_mapping_with_no_taskflow_operators']) retrieved from /home/airflow/.local/lib/python3.7/site-packages/airflow/example_dags/example_dynamic_task_mapping_with_no_taskflow_operators.py
[2025-10-21T01:08:30.957+0000] {logging_mixin.py:149} INFO - [2025-10-21T01:08:30.957+0000] {dag.py:2726} INFO - Sync 1 DAGs
[2025-10-21T01:08:31.012+0000] {logging_mixin.py:149} INFO - [2025-10-21T01:08:31.012+0000] {dag.py:3490} INFO - Setting next_dagrun for example_dynamic_task_mapping_with_no_taskflow_operators to 2025-10-20T01:08:31.011971+00:00, run_after=2025-10-21T01:08:31.011971+00:00
[2025-10-21T01:08:31.060+0000] {processor.py:179} INFO - Processing /home/airflow/.local/lib/python3.7/site-packages/airflow/example_dags/example_dynamic_task_mapping_with_no_taskflow_operators.py took 0.179 seconds
[2025-10-21T01:09:01.827+0000] {processor.py:157} INFO - Started process (PID=2571) to work on /home/airflow/.local/lib/python3.7/site-packages/airflow/example_dags/example_dynamic_task_mapping_with_no_taskflow_operators.py
[2025-10-21T01:09:01.830+0000] {processor.py:826} INFO - Processing file /home/airflow/.local/lib/python3.7/site-packages/airflow/example_dags/example_dynamic_task_mapping_with_no_taskflow_operators.py for tasks to queue
[2025-10-21T01:09:01.833+0000] {logging_mixin.py:149} INFO - [2025-10-21T01:09:01.832+0000] {dagbag.py:541} INFO - Filling up the DagBag from /home/airflow/.local/lib/python3.7/site-packages/airflow/example_dags/example_dynamic_task_mapping_with_no_taskflow_operators.py
[2025-10-21T01:09:01.848+0000] {processor.py:836} INFO - DAG(s) dict_keys(['example_dynamic_task_mapping_with_no_taskflow_operators']) retrieved from /home/airflow/.local/lib/python3.7/site-packages/airflow/example_dags/example_dynamic_task_mapping_with_no_taskflow_operators.py
[2025-10-21T01:09:01.902+0000] {logging_mixin.py:149} INFO - [2025-10-21T01:09:01.902+0000] {dag.py:2726} INFO - Sync 1 DAGs
[2025-10-21T01:09:01.963+0000] {logging_mixin.py:149} INFO - [2025-10-21T01:09:01.963+0000] {dag.py:3490} INFO - Setting next_dagrun for example_dynamic_task_mapping_with_no_taskflow_operators to 2025-10-20T01:09:01.962693+00:00, run_after=2025-10-21T01:09:01.962693+00:00
[2025-10-21T01:09:02.009+0000] {processor.py:179} INFO - Processing /home/airflow/.local/lib/python3.7/site-packages/airflow/example_dags/example_dynamic_task_mapping_with_no_taskflow_operators.py took 0.189 seconds
[2025-10-21T01:09:32.406+0000] {processor.py:157} INFO - Started process (PID=2637) to work on /home/airflow/.local/lib/python3.7/site-packages/airflow/example_dags/example_dynamic_task_mapping_with_no_taskflow_operators.py
[2025-10-21T01:09:32.409+0000] {processor.py:826} INFO - Processing file /home/airflow/.local/lib/python3.7/site-packages/airflow/example_dags/example_dynamic_task_mapping_with_no_taskflow_operators.py for tasks to queue
[2025-10-21T01:09:32.411+0000] {logging_mixin.py:149} INFO - [2025-10-21T01:09:32.410+0000] {dagbag.py:541} INFO - Filling up the DagBag from /home/airflow/.local/lib/python3.7/site-packages/airflow/example_dags/example_dynamic_task_mapping_with_no_taskflow_operators.py
[2025-10-21T01:09:32.423+0000] {processor.py:836} INFO - DAG(s) dict_keys(['example_dynamic_task_mapping_with_no_taskflow_operators']) retrieved from /home/airflow/.local/lib/python3.7/site-packages/airflow/example_dags/example_dynamic_task_mapping_with_no_taskflow_operators.py
[2025-10-21T01:09:32.476+0000] {logging_mixin.py:149} INFO - [2025-10-21T01:09:32.475+0000] {dag.py:2726} INFO - Sync 1 DAGs
[2025-10-21T01:09:32.531+0000] {logging_mixin.py:149} INFO - [2025-10-21T01:09:32.531+0000] {dag.py:3490} INFO - Setting next_dagrun for example_dynamic_task_mapping_with_no_taskflow_operators to 2025-10-20T01:09:32.530681+00:00, run_after=2025-10-21T01:09:32.530681+00:00
[2025-10-21T01:09:32.577+0000] {processor.py:179} INFO - Processing /home/airflow/.local/lib/python3.7/site-packages/airflow/example_dags/example_dynamic_task_mapping_with_no_taskflow_operators.py took 0.177 seconds
[2025-10-21T01:10:03.484+0000] {processor.py:157} INFO - Started process (PID=2704) to work on /home/airflow/.local/lib/python3.7/site-packages/airflow/example_dags/example_dynamic_task_mapping_with_no_taskflow_operators.py
[2025-10-21T01:10:03.487+0000] {processor.py:826} INFO - Processing file /home/airflow/.local/lib/python3.7/site-packages/airflow/example_dags/example_dynamic_task_mapping_with_no_taskflow_operators.py for tasks to queue
[2025-10-21T01:10:03.489+0000] {logging_mixin.py:149} INFO - [2025-10-21T01:10:03.488+0000] {dagbag.py:541} INFO - Filling up the DagBag from /home/airflow/.local/lib/python3.7/site-packages/airflow/example_dags/example_dynamic_task_mapping_with_no_taskflow_operators.py
[2025-10-21T01:10:03.504+0000] {processor.py:836} INFO - DAG(s) dict_keys(['example_dynamic_task_mapping_with_no_taskflow_operators']) retrieved from /home/airflow/.local/lib/python3.7/site-packages/airflow/example_dags/example_dynamic_task_mapping_with_no_taskflow_operators.py
[2025-10-21T01:10:03.560+0000] {logging_mixin.py:149} INFO - [2025-10-21T01:10:03.560+0000] {dag.py:2726} INFO - Sync 1 DAGs
[2025-10-21T01:10:03.614+0000] {logging_mixin.py:149} INFO - [2025-10-21T01:10:03.614+0000] {dag.py:3490} INFO - Setting next_dagrun for example_dynamic_task_mapping_with_no_taskflow_operators to 2025-10-20T01:10:03.613926+00:00, run_after=2025-10-21T01:10:03.613926+00:00
[2025-10-21T01:10:03.669+0000] {processor.py:179} INFO - Processing /home/airflow/.local/lib/python3.7/site-packages/airflow/example_dags/example_dynamic_task_mapping_with_no_taskflow_operators.py took 0.192 seconds
[2025-10-21T01:10:34.424+0000] {processor.py:157} INFO - Started process (PID=2771) to work on /home/airflow/.local/lib/python3.7/site-packages/airflow/example_dags/example_dynamic_task_mapping_with_no_taskflow_operators.py
[2025-10-21T01:10:34.426+0000] {processor.py:826} INFO - Processing file /home/airflow/.local/lib/python3.7/site-packages/airflow/example_dags/example_dynamic_task_mapping_with_no_taskflow_operators.py for tasks to queue
[2025-10-21T01:10:34.429+0000] {logging_mixin.py:149} INFO - [2025-10-21T01:10:34.428+0000] {dagbag.py:541} INFO - Filling up the DagBag from /home/airflow/.local/lib/python3.7/site-packages/airflow/example_dags/example_dynamic_task_mapping_with_no_taskflow_operators.py
[2025-10-21T01:10:34.446+0000] {processor.py:836} INFO - DAG(s) dict_keys(['example_dynamic_task_mapping_with_no_taskflow_operators']) retrieved from /home/airflow/.local/lib/python3.7/site-packages/airflow/example_dags/example_dynamic_task_mapping_with_no_taskflow_operators.py
[2025-10-21T01:10:34.500+0000] {logging_mixin.py:149} INFO - [2025-10-21T01:10:34.499+0000] {dag.py:2726} INFO - Sync 1 DAGs
[2025-10-21T01:10:34.563+0000] {logging_mixin.py:149} INFO - [2025-10-21T01:10:34.562+0000] {dag.py:3490} INFO - Setting next_dagrun for example_dynamic_task_mapping_with_no_taskflow_operators to 2025-10-20T01:10:34.561984+00:00, run_after=2025-10-21T01:10:34.561984+00:00
[2025-10-21T01:10:34.615+0000] {processor.py:179} INFO - Processing /home/airflow/.local/lib/python3.7/site-packages/airflow/example_dags/example_dynamic_task_mapping_with_no_taskflow_operators.py took 0.196 seconds
[2025-10-21T01:11:04.981+0000] {processor.py:157} INFO - Started process (PID=2837) to work on /home/airflow/.local/lib/python3.7/site-packages/airflow/example_dags/example_dynamic_task_mapping_with_no_taskflow_operators.py
[2025-10-21T01:11:04.984+0000] {processor.py:826} INFO - Processing file /home/airflow/.local/lib/python3.7/site-packages/airflow/example_dags/example_dynamic_task_mapping_with_no_taskflow_operators.py for tasks to queue
[2025-10-21T01:11:04.987+0000] {logging_mixin.py:149} INFO - [2025-10-21T01:11:04.987+0000] {dagbag.py:541} INFO - Filling up the DagBag from /home/airflow/.local/lib/python3.7/site-packages/airflow/example_dags/example_dynamic_task_mapping_with_no_taskflow_operators.py
[2025-10-21T01:11:05.009+0000] {processor.py:836} INFO - DAG(s) dict_keys(['example_dynamic_task_mapping_with_no_taskflow_operators']) retrieved from /home/airflow/.local/lib/python3.7/site-packages/airflow/example_dags/example_dynamic_task_mapping_with_no_taskflow_operators.py
[2025-10-21T01:11:05.065+0000] {logging_mixin.py:149} INFO - [2025-10-21T01:11:05.065+0000] {dag.py:2726} INFO - Sync 1 DAGs
[2025-10-21T01:11:05.151+0000] {logging_mixin.py:149} INFO - [2025-10-21T01:11:05.151+0000] {dag.py:3490} INFO - Setting next_dagrun for example_dynamic_task_mapping_with_no_taskflow_operators to 2025-10-20T01:11:05.150865+00:00, run_after=2025-10-21T01:11:05.150865+00:00
[2025-10-21T01:11:05.225+0000] {processor.py:179} INFO - Processing /home/airflow/.local/lib/python3.7/site-packages/airflow/example_dags/example_dynamic_task_mapping_with_no_taskflow_operators.py took 0.252 seconds
[2025-10-21T01:11:35.731+0000] {processor.py:157} INFO - Started process (PID=2903) to work on /home/airflow/.local/lib/python3.7/site-packages/airflow/example_dags/example_dynamic_task_mapping_with_no_taskflow_operators.py
[2025-10-21T01:11:35.733+0000] {processor.py:826} INFO - Processing file /home/airflow/.local/lib/python3.7/site-packages/airflow/example_dags/example_dynamic_task_mapping_with_no_taskflow_operators.py for tasks to queue
[2025-10-21T01:11:35.735+0000] {logging_mixin.py:149} INFO - [2025-10-21T01:11:35.735+0000] {dagbag.py:541} INFO - Filling up the DagBag from /home/airflow/.local/lib/python3.7/site-packages/airflow/example_dags/example_dynamic_task_mapping_with_no_taskflow_operators.py
[2025-10-21T01:11:35.750+0000] {processor.py:836} INFO - DAG(s) dict_keys(['example_dynamic_task_mapping_with_no_taskflow_operators']) retrieved from /home/airflow/.local/lib/python3.7/site-packages/airflow/example_dags/example_dynamic_task_mapping_with_no_taskflow_operators.py
[2025-10-21T01:11:35.804+0000] {logging_mixin.py:149} INFO - [2025-10-21T01:11:35.804+0000] {dag.py:2726} INFO - Sync 1 DAGs
[2025-10-21T01:11:35.868+0000] {logging_mixin.py:149} INFO - [2025-10-21T01:11:35.868+0000] {dag.py:3490} INFO - Setting next_dagrun for example_dynamic_task_mapping_with_no_taskflow_operators to 2025-10-20T01:11:35.868021+00:00, run_after=2025-10-21T01:11:35.868021+00:00
[2025-10-21T01:11:35.911+0000] {processor.py:179} INFO - Processing /home/airflow/.local/lib/python3.7/site-packages/airflow/example_dags/example_dynamic_task_mapping_with_no_taskflow_operators.py took 0.194 seconds
[2025-10-21T01:12:06.309+0000] {processor.py:157} INFO - Started process (PID=2969) to work on /home/airflow/.local/lib/python3.7/site-packages/airflow/example_dags/example_dynamic_task_mapping_with_no_taskflow_operators.py
[2025-10-21T01:12:06.312+0000] {processor.py:826} INFO - Processing file /home/airflow/.local/lib/python3.7/site-packages/airflow/example_dags/example_dynamic_task_mapping_with_no_taskflow_operators.py for tasks to queue
[2025-10-21T01:12:06.313+0000] {logging_mixin.py:149} INFO - [2025-10-21T01:12:06.313+0000] {dagbag.py:541} INFO - Filling up the DagBag from /home/airflow/.local/lib/python3.7/site-packages/airflow/example_dags/example_dynamic_task_mapping_with_no_taskflow_operators.py
[2025-10-21T01:12:06.326+0000] {processor.py:836} INFO - DAG(s) dict_keys(['example_dynamic_task_mapping_with_no_taskflow_operators']) retrieved from /home/airflow/.local/lib/python3.7/site-packages/airflow/example_dags/example_dynamic_task_mapping_with_no_taskflow_operators.py
[2025-10-21T01:12:06.372+0000] {logging_mixin.py:149} INFO - [2025-10-21T01:12:06.372+0000] {dag.py:2726} INFO - Sync 1 DAGs
[2025-10-21T01:12:06.419+0000] {logging_mixin.py:149} INFO - [2025-10-21T01:12:06.418+0000] {dag.py:3490} INFO - Setting next_dagrun for example_dynamic_task_mapping_with_no_taskflow_operators to 2025-10-20T01:12:06.418349+00:00, run_after=2025-10-21T01:12:06.418349+00:00
[2025-10-21T01:12:06.460+0000] {processor.py:179} INFO - Processing /home/airflow/.local/lib/python3.7/site-packages/airflow/example_dags/example_dynamic_task_mapping_with_no_taskflow_operators.py took 0.157 seconds
[2025-10-21T01:12:36.721+0000] {processor.py:157} INFO - Started process (PID=3035) to work on /home/airflow/.local/lib/python3.7/site-packages/airflow/example_dags/example_dynamic_task_mapping_with_no_taskflow_operators.py
[2025-10-21T01:12:36.724+0000] {processor.py:826} INFO - Processing file /home/airflow/.local/lib/python3.7/site-packages/airflow/example_dags/example_dynamic_task_mapping_with_no_taskflow_operators.py for tasks to queue
[2025-10-21T01:12:36.726+0000] {logging_mixin.py:149} INFO - [2025-10-21T01:12:36.726+0000] {dagbag.py:541} INFO - Filling up the DagBag from /home/airflow/.local/lib/python3.7/site-packages/airflow/example_dags/example_dynamic_task_mapping_with_no_taskflow_operators.py
[2025-10-21T01:12:36.740+0000] {processor.py:836} INFO - DAG(s) dict_keys(['example_dynamic_task_mapping_with_no_taskflow_operators']) retrieved from /home/airflow/.local/lib/python3.7/site-packages/airflow/example_dags/example_dynamic_task_mapping_with_no_taskflow_operators.py
[2025-10-21T01:12:36.785+0000] {logging_mixin.py:149} INFO - [2025-10-21T01:12:36.785+0000] {dag.py:2726} INFO - Sync 1 DAGs
[2025-10-21T01:12:36.831+0000] {logging_mixin.py:149} INFO - [2025-10-21T01:12:36.831+0000] {dag.py:3490} INFO - Setting next_dagrun for example_dynamic_task_mapping_with_no_taskflow_operators to 2025-10-20T01:12:36.830881+00:00, run_after=2025-10-21T01:12:36.830881+00:00
[2025-10-21T01:12:36.871+0000] {processor.py:179} INFO - Processing /home/airflow/.local/lib/python3.7/site-packages/airflow/example_dags/example_dynamic_task_mapping_with_no_taskflow_operators.py took 0.155 seconds
[2025-10-21T01:13:07.933+0000] {processor.py:157} INFO - Started process (PID=3101) to work on /home/airflow/.local/lib/python3.7/site-packages/airflow/example_dags/example_dynamic_task_mapping_with_no_taskflow_operators.py
[2025-10-21T01:13:07.935+0000] {processor.py:826} INFO - Processing file /home/airflow/.local/lib/python3.7/site-packages/airflow/example_dags/example_dynamic_task_mapping_with_no_taskflow_operators.py for tasks to queue
[2025-10-21T01:13:07.937+0000] {logging_mixin.py:149} INFO - [2025-10-21T01:13:07.937+0000] {dagbag.py:541} INFO - Filling up the DagBag from /home/airflow/.local/lib/python3.7/site-packages/airflow/example_dags/example_dynamic_task_mapping_with_no_taskflow_operators.py
[2025-10-21T01:13:07.954+0000] {processor.py:836} INFO - DAG(s) dict_keys(['example_dynamic_task_mapping_with_no_taskflow_operators']) retrieved from /home/airflow/.local/lib/python3.7/site-packages/airflow/example_dags/example_dynamic_task_mapping_with_no_taskflow_operators.py
[2025-10-21T01:13:08.018+0000] {logging_mixin.py:149} INFO - [2025-10-21T01:13:08.018+0000] {dag.py:2726} INFO - Sync 1 DAGs
[2025-10-21T01:13:08.071+0000] {logging_mixin.py:149} INFO - [2025-10-21T01:13:08.071+0000] {dag.py:3490} INFO - Setting next_dagrun for example_dynamic_task_mapping_with_no_taskflow_operators to 2025-10-20T01:13:08.071046+00:00, run_after=2025-10-21T01:13:08.071046+00:00
[2025-10-21T01:13:08.112+0000] {processor.py:179} INFO - Processing /home/airflow/.local/lib/python3.7/site-packages/airflow/example_dags/example_dynamic_task_mapping_with_no_taskflow_operators.py took 0.186 seconds
[2025-10-21T01:13:39.255+0000] {processor.py:157} INFO - Started process (PID=3167) to work on /home/airflow/.local/lib/python3.7/site-packages/airflow/example_dags/example_dynamic_task_mapping_with_no_taskflow_operators.py
[2025-10-21T01:13:39.257+0000] {processor.py:826} INFO - Processing file /home/airflow/.local/lib/python3.7/site-packages/airflow/example_dags/example_dynamic_task_mapping_with_no_taskflow_operators.py for tasks to queue
[2025-10-21T01:13:39.259+0000] {logging_mixin.py:149} INFO - [2025-10-21T01:13:39.259+0000] {dagbag.py:541} INFO - Filling up the DagBag from /home/airflow/.local/lib/python3.7/site-packages/airflow/example_dags/example_dynamic_task_mapping_with_no_taskflow_operators.py
[2025-10-21T01:13:39.272+0000] {processor.py:836} INFO - DAG(s) dict_keys(['example_dynamic_task_mapping_with_no_taskflow_operators']) retrieved from /home/airflow/.local/lib/python3.7/site-packages/airflow/example_dags/example_dynamic_task_mapping_with_no_taskflow_operators.py
[2025-10-21T01:13:39.323+0000] {logging_mixin.py:149} INFO - [2025-10-21T01:13:39.323+0000] {dag.py:2726} INFO - Sync 1 DAGs
[2025-10-21T01:13:39.385+0000] {logging_mixin.py:149} INFO - [2025-10-21T01:13:39.384+0000] {dag.py:3490} INFO - Setting next_dagrun for example_dynamic_task_mapping_with_no_taskflow_operators to 2025-10-20T01:13:39.383569+00:00, run_after=2025-10-21T01:13:39.383569+00:00
[2025-10-21T01:13:39.432+0000] {processor.py:179} INFO - Processing /home/airflow/.local/lib/python3.7/site-packages/airflow/example_dags/example_dynamic_task_mapping_with_no_taskflow_operators.py took 0.183 seconds
[2025-10-21T01:14:09.822+0000] {processor.py:157} INFO - Started process (PID=3224) to work on /home/airflow/.local/lib/python3.7/site-packages/airflow/example_dags/example_dynamic_task_mapping_with_no_taskflow_operators.py
[2025-10-21T01:14:09.824+0000] {processor.py:826} INFO - Processing file /home/airflow/.local/lib/python3.7/site-packages/airflow/example_dags/example_dynamic_task_mapping_with_no_taskflow_operators.py for tasks to queue
[2025-10-21T01:14:09.825+0000] {logging_mixin.py:149} INFO - [2025-10-21T01:14:09.825+0000] {dagbag.py:541} INFO - Filling up the DagBag from /home/airflow/.local/lib/python3.7/site-packages/airflow/example_dags/example_dynamic_task_mapping_with_no_taskflow_operators.py
[2025-10-21T01:14:09.838+0000] {processor.py:836} INFO - DAG(s) dict_keys(['example_dynamic_task_mapping_with_no_taskflow_operators']) retrieved from /home/airflow/.local/lib/python3.7/site-packages/airflow/example_dags/example_dynamic_task_mapping_with_no_taskflow_operators.py
[2025-10-21T01:14:09.891+0000] {logging_mixin.py:149} INFO - [2025-10-21T01:14:09.891+0000] {dag.py:2726} INFO - Sync 1 DAGs
[2025-10-21T01:14:09.938+0000] {logging_mixin.py:149} INFO - [2025-10-21T01:14:09.938+0000] {dag.py:3490} INFO - Setting next_dagrun for example_dynamic_task_mapping_with_no_taskflow_operators to 2025-10-20T01:14:09.937432+00:00, run_after=2025-10-21T01:14:09.937432+00:00
[2025-10-21T01:14:09.979+0000] {processor.py:179} INFO - Processing /home/airflow/.local/lib/python3.7/site-packages/airflow/example_dags/example_dynamic_task_mapping_with_no_taskflow_operators.py took 0.163 seconds
[2025-10-21T01:14:40.313+0000] {processor.py:157} INFO - Started process (PID=3290) to work on /home/airflow/.local/lib/python3.7/site-packages/airflow/example_dags/example_dynamic_task_mapping_with_no_taskflow_operators.py
[2025-10-21T01:14:40.315+0000] {processor.py:826} INFO - Processing file /home/airflow/.local/lib/python3.7/site-packages/airflow/example_dags/example_dynamic_task_mapping_with_no_taskflow_operators.py for tasks to queue
[2025-10-21T01:14:40.317+0000] {logging_mixin.py:149} INFO - [2025-10-21T01:14:40.317+0000] {dagbag.py:541} INFO - Filling up the DagBag from /home/airflow/.local/lib/python3.7/site-packages/airflow/example_dags/example_dynamic_task_mapping_with_no_taskflow_operators.py
[2025-10-21T01:14:40.329+0000] {processor.py:836} INFO - DAG(s) dict_keys(['example_dynamic_task_mapping_with_no_taskflow_operators']) retrieved from /home/airflow/.local/lib/python3.7/site-packages/airflow/example_dags/example_dynamic_task_mapping_with_no_taskflow_operators.py
[2025-10-21T01:14:40.376+0000] {logging_mixin.py:149} INFO - [2025-10-21T01:14:40.376+0000] {dag.py:2726} INFO - Sync 1 DAGs
[2025-10-21T01:14:40.426+0000] {logging_mixin.py:149} INFO - [2025-10-21T01:14:40.426+0000] {dag.py:3490} INFO - Setting next_dagrun for example_dynamic_task_mapping_with_no_taskflow_operators to 2025-10-20T01:14:40.425574+00:00, run_after=2025-10-21T01:14:40.425574+00:00
[2025-10-21T01:14:40.472+0000] {processor.py:179} INFO - Processing /home/airflow/.local/lib/python3.7/site-packages/airflow/example_dags/example_dynamic_task_mapping_with_no_taskflow_operators.py took 0.164 seconds
[2025-10-21T01:15:10.920+0000] {processor.py:157} INFO - Started process (PID=3356) to work on /home/airflow/.local/lib/python3.7/site-packages/airflow/example_dags/example_dynamic_task_mapping_with_no_taskflow_operators.py
[2025-10-21T01:15:10.922+0000] {processor.py:826} INFO - Processing file /home/airflow/.local/lib/python3.7/site-packages/airflow/example_dags/example_dynamic_task_mapping_with_no_taskflow_operators.py for tasks to queue
[2025-10-21T01:15:10.923+0000] {logging_mixin.py:149} INFO - [2025-10-21T01:15:10.923+0000] {dagbag.py:541} INFO - Filling up the DagBag from /home/airflow/.local/lib/python3.7/site-packages/airflow/example_dags/example_dynamic_task_mapping_with_no_taskflow_operators.py
[2025-10-21T01:15:10.935+0000] {processor.py:836} INFO - DAG(s) dict_keys(['example_dynamic_task_mapping_with_no_taskflow_operators']) retrieved from /home/airflow/.local/lib/python3.7/site-packages/airflow/example_dags/example_dynamic_task_mapping_with_no_taskflow_operators.py
[2025-10-21T01:15:10.978+0000] {logging_mixin.py:149} INFO - [2025-10-21T01:15:10.978+0000] {dag.py:2726} INFO - Sync 1 DAGs
[2025-10-21T01:15:11.023+0000] {logging_mixin.py:149} INFO - [2025-10-21T01:15:11.023+0000] {dag.py:3490} INFO - Setting next_dagrun for example_dynamic_task_mapping_with_no_taskflow_operators to 2025-10-20T01:15:11.022715+00:00, run_after=2025-10-21T01:15:11.022715+00:00
[2025-10-21T01:15:11.068+0000] {processor.py:179} INFO - Processing /home/airflow/.local/lib/python3.7/site-packages/airflow/example_dags/example_dynamic_task_mapping_with_no_taskflow_operators.py took 0.154 seconds
[2025-10-21T01:15:41.535+0000] {processor.py:157} INFO - Started process (PID=3430) to work on /home/airflow/.local/lib/python3.7/site-packages/airflow/example_dags/example_dynamic_task_mapping_with_no_taskflow_operators.py
[2025-10-21T01:15:41.537+0000] {processor.py:826} INFO - Processing file /home/airflow/.local/lib/python3.7/site-packages/airflow/example_dags/example_dynamic_task_mapping_with_no_taskflow_operators.py for tasks to queue
[2025-10-21T01:15:41.539+0000] {logging_mixin.py:149} INFO - [2025-10-21T01:15:41.539+0000] {dagbag.py:541} INFO - Filling up the DagBag from /home/airflow/.local/lib/python3.7/site-packages/airflow/example_dags/example_dynamic_task_mapping_with_no_taskflow_operators.py
[2025-10-21T01:15:41.554+0000] {processor.py:836} INFO - DAG(s) dict_keys(['example_dynamic_task_mapping_with_no_taskflow_operators']) retrieved from /home/airflow/.local/lib/python3.7/site-packages/airflow/example_dags/example_dynamic_task_mapping_with_no_taskflow_operators.py
[2025-10-21T01:15:41.601+0000] {logging_mixin.py:149} INFO - [2025-10-21T01:15:41.601+0000] {dag.py:2726} INFO - Sync 1 DAGs
[2025-10-21T01:15:41.665+0000] {logging_mixin.py:149} INFO - [2025-10-21T01:15:41.664+0000] {dag.py:3490} INFO - Setting next_dagrun for example_dynamic_task_mapping_with_no_taskflow_operators to 2025-10-20T01:15:41.664143+00:00, run_after=2025-10-21T01:15:41.664143+00:00
[2025-10-21T01:15:41.705+0000] {processor.py:179} INFO - Processing /home/airflow/.local/lib/python3.7/site-packages/airflow/example_dags/example_dynamic_task_mapping_with_no_taskflow_operators.py took 0.176 seconds
[2025-10-21T01:16:12.176+0000] {processor.py:157} INFO - Started process (PID=3496) to work on /home/airflow/.local/lib/python3.7/site-packages/airflow/example_dags/example_dynamic_task_mapping_with_no_taskflow_operators.py
[2025-10-21T01:16:12.180+0000] {processor.py:826} INFO - Processing file /home/airflow/.local/lib/python3.7/site-packages/airflow/example_dags/example_dynamic_task_mapping_with_no_taskflow_operators.py for tasks to queue
[2025-10-21T01:16:12.182+0000] {logging_mixin.py:149} INFO - [2025-10-21T01:16:12.181+0000] {dagbag.py:541} INFO - Filling up the DagBag from /home/airflow/.local/lib/python3.7/site-packages/airflow/example_dags/example_dynamic_task_mapping_with_no_taskflow_operators.py
[2025-10-21T01:16:12.196+0000] {processor.py:836} INFO - DAG(s) dict_keys(['example_dynamic_task_mapping_with_no_taskflow_operators']) retrieved from /home/airflow/.local/lib/python3.7/site-packages/airflow/example_dags/example_dynamic_task_mapping_with_no_taskflow_operators.py
[2025-10-21T01:16:12.245+0000] {logging_mixin.py:149} INFO - [2025-10-21T01:16:12.245+0000] {dag.py:2726} INFO - Sync 1 DAGs
[2025-10-21T01:16:12.301+0000] {logging_mixin.py:149} INFO - [2025-10-21T01:16:12.300+0000] {dag.py:3490} INFO - Setting next_dagrun for example_dynamic_task_mapping_with_no_taskflow_operators to 2025-10-20T01:16:12.300363+00:00, run_after=2025-10-21T01:16:12.300363+00:00
[2025-10-21T01:16:12.345+0000] {processor.py:179} INFO - Processing /home/airflow/.local/lib/python3.7/site-packages/airflow/example_dags/example_dynamic_task_mapping_with_no_taskflow_operators.py took 0.176 seconds
[2025-10-21T01:16:42.624+0000] {processor.py:157} INFO - Started process (PID=3562) to work on /home/airflow/.local/lib/python3.7/site-packages/airflow/example_dags/example_dynamic_task_mapping_with_no_taskflow_operators.py
[2025-10-21T01:16:42.627+0000] {processor.py:826} INFO - Processing file /home/airflow/.local/lib/python3.7/site-packages/airflow/example_dags/example_dynamic_task_mapping_with_no_taskflow_operators.py for tasks to queue
[2025-10-21T01:16:42.629+0000] {logging_mixin.py:149} INFO - [2025-10-21T01:16:42.629+0000] {dagbag.py:541} INFO - Filling up the DagBag from /home/airflow/.local/lib/python3.7/site-packages/airflow/example_dags/example_dynamic_task_mapping_with_no_taskflow_operators.py
[2025-10-21T01:16:42.644+0000] {processor.py:836} INFO - DAG(s) dict_keys(['example_dynamic_task_mapping_with_no_taskflow_operators']) retrieved from /home/airflow/.local/lib/python3.7/site-packages/airflow/example_dags/example_dynamic_task_mapping_with_no_taskflow_operators.py
[2025-10-21T01:16:42.701+0000] {logging_mixin.py:149} INFO - [2025-10-21T01:16:42.701+0000] {dag.py:2726} INFO - Sync 1 DAGs
[2025-10-21T01:16:42.780+0000] {logging_mixin.py:149} INFO - [2025-10-21T01:16:42.780+0000] {dag.py:3490} INFO - Setting next_dagrun for example_dynamic_task_mapping_with_no_taskflow_operators to 2025-10-20T01:16:42.779669+00:00, run_after=2025-10-21T01:16:42.779669+00:00
[2025-10-21T01:16:42.834+0000] {processor.py:179} INFO - Processing /home/airflow/.local/lib/python3.7/site-packages/airflow/example_dags/example_dynamic_task_mapping_with_no_taskflow_operators.py took 0.218 seconds
[2025-10-21T01:17:13.181+0000] {processor.py:157} INFO - Started process (PID=3628) to work on /home/airflow/.local/lib/python3.7/site-packages/airflow/example_dags/example_dynamic_task_mapping_with_no_taskflow_operators.py
[2025-10-21T01:17:13.183+0000] {processor.py:826} INFO - Processing file /home/airflow/.local/lib/python3.7/site-packages/airflow/example_dags/example_dynamic_task_mapping_with_no_taskflow_operators.py for tasks to queue
[2025-10-21T01:17:13.185+0000] {logging_mixin.py:149} INFO - [2025-10-21T01:17:13.185+0000] {dagbag.py:541} INFO - Filling up the DagBag from /home/airflow/.local/lib/python3.7/site-packages/airflow/example_dags/example_dynamic_task_mapping_with_no_taskflow_operators.py
[2025-10-21T01:17:13.203+0000] {processor.py:836} INFO - DAG(s) dict_keys(['example_dynamic_task_mapping_with_no_taskflow_operators']) retrieved from /home/airflow/.local/lib/python3.7/site-packages/airflow/example_dags/example_dynamic_task_mapping_with_no_taskflow_operators.py
[2025-10-21T01:17:13.259+0000] {logging_mixin.py:149} INFO - [2025-10-21T01:17:13.259+0000] {dag.py:2726} INFO - Sync 1 DAGs
[2025-10-21T01:17:13.314+0000] {logging_mixin.py:149} INFO - [2025-10-21T01:17:13.314+0000] {dag.py:3490} INFO - Setting next_dagrun for example_dynamic_task_mapping_with_no_taskflow_operators to 2025-10-20T01:17:13.314197+00:00, run_after=2025-10-21T01:17:13.314197+00:00
[2025-10-21T01:17:13.369+0000] {processor.py:179} INFO - Processing /home/airflow/.local/lib/python3.7/site-packages/airflow/example_dags/example_dynamic_task_mapping_with_no_taskflow_operators.py took 0.198 seconds
