[2025-10-21T00:50:01.659+0000] {processor.py:157} INFO - Started process (PID=107) to work on /home/airflow/.local/lib/python3.7/site-packages/airflow/example_dags/example_branch_operator_decorator.py
[2025-10-21T00:50:01.662+0000] {processor.py:826} INFO - Processing file /home/airflow/.local/lib/python3.7/site-packages/airflow/example_dags/example_branch_operator_decorator.py for tasks to queue
[2025-10-21T00:50:01.665+0000] {logging_mixin.py:149} INFO - [2025-10-21T00:50:01.664+0000] {dagbag.py:541} INFO - Filling up the DagBag from /home/airflow/.local/lib/python3.7/site-packages/airflow/example_dags/example_branch_operator_decorator.py
[2025-10-21T00:50:01.697+0000] {processor.py:836} INFO - DAG(s) dict_keys(['example_branch_python_operator_decorator']) retrieved from /home/airflow/.local/lib/python3.7/site-packages/airflow/example_dags/example_branch_operator_decorator.py
[2025-10-21T00:50:02.049+0000] {logging_mixin.py:149} INFO - [2025-10-21T00:50:02.048+0000] {dag.py:2726} INFO - Sync 1 DAGs
[2025-10-21T00:50:02.105+0000] {logging_mixin.py:149} INFO - [2025-10-21T00:50:02.104+0000] {dag.py:3490} INFO - Setting next_dagrun for example_branch_python_operator_decorator to 2025-10-20T00:00:00+00:00, run_after=2025-10-21T00:00:00+00:00
[2025-10-21T00:50:02.154+0000] {processor.py:179} INFO - Processing /home/airflow/.local/lib/python3.7/site-packages/airflow/example_dags/example_branch_operator_decorator.py took 0.505 seconds
[2025-10-21T00:50:32.757+0000] {processor.py:157} INFO - Started process (PID=173) to work on /home/airflow/.local/lib/python3.7/site-packages/airflow/example_dags/example_branch_operator_decorator.py
[2025-10-21T00:50:32.761+0000] {processor.py:826} INFO - Processing file /home/airflow/.local/lib/python3.7/site-packages/airflow/example_dags/example_branch_operator_decorator.py for tasks to queue
[2025-10-21T00:50:32.763+0000] {logging_mixin.py:149} INFO - [2025-10-21T00:50:32.763+0000] {dagbag.py:541} INFO - Filling up the DagBag from /home/airflow/.local/lib/python3.7/site-packages/airflow/example_dags/example_branch_operator_decorator.py
[2025-10-21T00:50:32.785+0000] {processor.py:836} INFO - DAG(s) dict_keys(['example_branch_python_operator_decorator']) retrieved from /home/airflow/.local/lib/python3.7/site-packages/airflow/example_dags/example_branch_operator_decorator.py
[2025-10-21T00:50:32.865+0000] {logging_mixin.py:149} INFO - [2025-10-21T00:50:32.865+0000] {dag.py:2726} INFO - Sync 1 DAGs
[2025-10-21T00:50:32.931+0000] {logging_mixin.py:149} INFO - [2025-10-21T00:50:32.930+0000] {dag.py:3490} INFO - Setting next_dagrun for example_branch_python_operator_decorator to 2025-10-20T00:00:00+00:00, run_after=2025-10-21T00:00:00+00:00
[2025-10-21T00:50:33.003+0000] {processor.py:179} INFO - Processing /home/airflow/.local/lib/python3.7/site-packages/airflow/example_dags/example_branch_operator_decorator.py took 0.253 seconds
[2025-10-21T00:51:03.271+0000] {processor.py:157} INFO - Started process (PID=239) to work on /home/airflow/.local/lib/python3.7/site-packages/airflow/example_dags/example_branch_operator_decorator.py
[2025-10-21T00:51:03.276+0000] {processor.py:826} INFO - Processing file /home/airflow/.local/lib/python3.7/site-packages/airflow/example_dags/example_branch_operator_decorator.py for tasks to queue
[2025-10-21T00:51:03.281+0000] {logging_mixin.py:149} INFO - [2025-10-21T00:51:03.280+0000] {dagbag.py:541} INFO - Filling up the DagBag from /home/airflow/.local/lib/python3.7/site-packages/airflow/example_dags/example_branch_operator_decorator.py
[2025-10-21T00:51:03.326+0000] {processor.py:836} INFO - DAG(s) dict_keys(['example_branch_python_operator_decorator']) retrieved from /home/airflow/.local/lib/python3.7/site-packages/airflow/example_dags/example_branch_operator_decorator.py
[2025-10-21T00:51:03.441+0000] {logging_mixin.py:149} INFO - [2025-10-21T00:51:03.440+0000] {dag.py:2726} INFO - Sync 1 DAGs
[2025-10-21T00:51:03.553+0000] {logging_mixin.py:149} INFO - [2025-10-21T00:51:03.552+0000] {dag.py:3490} INFO - Setting next_dagrun for example_branch_python_operator_decorator to 2025-10-20T00:00:00+00:00, run_after=2025-10-21T00:00:00+00:00
[2025-10-21T00:51:03.632+0000] {processor.py:179} INFO - Processing /home/airflow/.local/lib/python3.7/site-packages/airflow/example_dags/example_branch_operator_decorator.py took 0.377 seconds
[2025-10-21T00:51:34.469+0000] {processor.py:157} INFO - Started process (PID=312) to work on /home/airflow/.local/lib/python3.7/site-packages/airflow/example_dags/example_branch_operator_decorator.py
[2025-10-21T00:51:34.472+0000] {processor.py:826} INFO - Processing file /home/airflow/.local/lib/python3.7/site-packages/airflow/example_dags/example_branch_operator_decorator.py for tasks to queue
[2025-10-21T00:51:34.477+0000] {logging_mixin.py:149} INFO - [2025-10-21T00:51:34.475+0000] {dagbag.py:541} INFO - Filling up the DagBag from /home/airflow/.local/lib/python3.7/site-packages/airflow/example_dags/example_branch_operator_decorator.py
[2025-10-21T00:51:34.530+0000] {processor.py:836} INFO - DAG(s) dict_keys(['example_branch_python_operator_decorator']) retrieved from /home/airflow/.local/lib/python3.7/site-packages/airflow/example_dags/example_branch_operator_decorator.py
[2025-10-21T00:51:34.699+0000] {logging_mixin.py:149} INFO - [2025-10-21T00:51:34.698+0000] {dag.py:2726} INFO - Sync 1 DAGs
[2025-10-21T00:51:34.865+0000] {logging_mixin.py:149} INFO - [2025-10-21T00:51:34.864+0000] {dag.py:3490} INFO - Setting next_dagrun for example_branch_python_operator_decorator to 2025-10-20T00:00:00+00:00, run_after=2025-10-21T00:00:00+00:00
[2025-10-21T00:51:34.940+0000] {processor.py:179} INFO - Processing /home/airflow/.local/lib/python3.7/site-packages/airflow/example_dags/example_branch_operator_decorator.py took 0.489 seconds
[2025-10-21T00:52:06.321+0000] {processor.py:157} INFO - Started process (PID=377) to work on /home/airflow/.local/lib/python3.7/site-packages/airflow/example_dags/example_branch_operator_decorator.py
[2025-10-21T00:52:06.326+0000] {processor.py:826} INFO - Processing file /home/airflow/.local/lib/python3.7/site-packages/airflow/example_dags/example_branch_operator_decorator.py for tasks to queue
[2025-10-21T00:52:06.329+0000] {logging_mixin.py:149} INFO - [2025-10-21T00:52:06.329+0000] {dagbag.py:541} INFO - Filling up the DagBag from /home/airflow/.local/lib/python3.7/site-packages/airflow/example_dags/example_branch_operator_decorator.py
[2025-10-21T00:52:06.380+0000] {processor.py:836} INFO - DAG(s) dict_keys(['example_branch_python_operator_decorator']) retrieved from /home/airflow/.local/lib/python3.7/site-packages/airflow/example_dags/example_branch_operator_decorator.py
[2025-10-21T00:52:06.487+0000] {logging_mixin.py:149} INFO - [2025-10-21T00:52:06.487+0000] {dag.py:2726} INFO - Sync 1 DAGs
[2025-10-21T00:52:06.593+0000] {logging_mixin.py:149} INFO - [2025-10-21T00:52:06.592+0000] {dag.py:3490} INFO - Setting next_dagrun for example_branch_python_operator_decorator to 2025-10-20T00:00:00+00:00, run_after=2025-10-21T00:00:00+00:00
[2025-10-21T00:52:06.676+0000] {processor.py:179} INFO - Processing /home/airflow/.local/lib/python3.7/site-packages/airflow/example_dags/example_branch_operator_decorator.py took 0.373 seconds
[2025-10-21T00:52:36.892+0000] {processor.py:157} INFO - Started process (PID=443) to work on /home/airflow/.local/lib/python3.7/site-packages/airflow/example_dags/example_branch_operator_decorator.py
[2025-10-21T00:52:36.894+0000] {processor.py:826} INFO - Processing file /home/airflow/.local/lib/python3.7/site-packages/airflow/example_dags/example_branch_operator_decorator.py for tasks to queue
[2025-10-21T00:52:36.896+0000] {logging_mixin.py:149} INFO - [2025-10-21T00:52:36.896+0000] {dagbag.py:541} INFO - Filling up the DagBag from /home/airflow/.local/lib/python3.7/site-packages/airflow/example_dags/example_branch_operator_decorator.py
[2025-10-21T00:52:36.916+0000] {processor.py:836} INFO - DAG(s) dict_keys(['example_branch_python_operator_decorator']) retrieved from /home/airflow/.local/lib/python3.7/site-packages/airflow/example_dags/example_branch_operator_decorator.py
[2025-10-21T00:52:36.974+0000] {logging_mixin.py:149} INFO - [2025-10-21T00:52:36.973+0000] {dag.py:2726} INFO - Sync 1 DAGs
[2025-10-21T00:52:37.042+0000] {logging_mixin.py:149} INFO - [2025-10-21T00:52:37.042+0000] {dag.py:3490} INFO - Setting next_dagrun for example_branch_python_operator_decorator to 2025-10-20T00:00:00+00:00, run_after=2025-10-21T00:00:00+00:00
[2025-10-21T00:52:37.086+0000] {processor.py:179} INFO - Processing /home/airflow/.local/lib/python3.7/site-packages/airflow/example_dags/example_branch_operator_decorator.py took 0.199 seconds
[2025-10-21T00:53:07.505+0000] {processor.py:157} INFO - Started process (PID=510) to work on /home/airflow/.local/lib/python3.7/site-packages/airflow/example_dags/example_branch_operator_decorator.py
[2025-10-21T00:53:07.507+0000] {processor.py:826} INFO - Processing file /home/airflow/.local/lib/python3.7/site-packages/airflow/example_dags/example_branch_operator_decorator.py for tasks to queue
[2025-10-21T00:53:07.509+0000] {logging_mixin.py:149} INFO - [2025-10-21T00:53:07.509+0000] {dagbag.py:541} INFO - Filling up the DagBag from /home/airflow/.local/lib/python3.7/site-packages/airflow/example_dags/example_branch_operator_decorator.py
[2025-10-21T00:53:07.530+0000] {processor.py:836} INFO - DAG(s) dict_keys(['example_branch_python_operator_decorator']) retrieved from /home/airflow/.local/lib/python3.7/site-packages/airflow/example_dags/example_branch_operator_decorator.py
[2025-10-21T00:53:07.582+0000] {logging_mixin.py:149} INFO - [2025-10-21T00:53:07.582+0000] {dag.py:2726} INFO - Sync 1 DAGs
[2025-10-21T00:53:07.636+0000] {logging_mixin.py:149} INFO - [2025-10-21T00:53:07.635+0000] {dag.py:3490} INFO - Setting next_dagrun for example_branch_python_operator_decorator to 2025-10-20T00:00:00+00:00, run_after=2025-10-21T00:00:00+00:00
[2025-10-21T00:53:07.676+0000] {processor.py:179} INFO - Processing /home/airflow/.local/lib/python3.7/site-packages/airflow/example_dags/example_branch_operator_decorator.py took 0.181 seconds
[2025-10-21T00:53:38.467+0000] {processor.py:157} INFO - Started process (PID=577) to work on /home/airflow/.local/lib/python3.7/site-packages/airflow/example_dags/example_branch_operator_decorator.py
[2025-10-21T00:53:38.470+0000] {processor.py:826} INFO - Processing file /home/airflow/.local/lib/python3.7/site-packages/airflow/example_dags/example_branch_operator_decorator.py for tasks to queue
[2025-10-21T00:53:38.472+0000] {logging_mixin.py:149} INFO - [2025-10-21T00:53:38.472+0000] {dagbag.py:541} INFO - Filling up the DagBag from /home/airflow/.local/lib/python3.7/site-packages/airflow/example_dags/example_branch_operator_decorator.py
[2025-10-21T00:53:38.493+0000] {processor.py:836} INFO - DAG(s) dict_keys(['example_branch_python_operator_decorator']) retrieved from /home/airflow/.local/lib/python3.7/site-packages/airflow/example_dags/example_branch_operator_decorator.py
[2025-10-21T00:53:38.546+0000] {logging_mixin.py:149} INFO - [2025-10-21T00:53:38.545+0000] {dag.py:2726} INFO - Sync 1 DAGs
[2025-10-21T00:53:38.597+0000] {logging_mixin.py:149} INFO - [2025-10-21T00:53:38.596+0000] {dag.py:3490} INFO - Setting next_dagrun for example_branch_python_operator_decorator to 2025-10-20T00:00:00+00:00, run_after=2025-10-21T00:00:00+00:00
[2025-10-21T00:53:38.640+0000] {processor.py:179} INFO - Processing /home/airflow/.local/lib/python3.7/site-packages/airflow/example_dags/example_branch_operator_decorator.py took 0.179 seconds
[2025-10-21T00:54:09.091+0000] {processor.py:157} INFO - Started process (PID=643) to work on /home/airflow/.local/lib/python3.7/site-packages/airflow/example_dags/example_branch_operator_decorator.py
[2025-10-21T00:54:09.093+0000] {processor.py:826} INFO - Processing file /home/airflow/.local/lib/python3.7/site-packages/airflow/example_dags/example_branch_operator_decorator.py for tasks to queue
[2025-10-21T00:54:09.095+0000] {logging_mixin.py:149} INFO - [2025-10-21T00:54:09.094+0000] {dagbag.py:541} INFO - Filling up the DagBag from /home/airflow/.local/lib/python3.7/site-packages/airflow/example_dags/example_branch_operator_decorator.py
[2025-10-21T00:54:09.114+0000] {processor.py:836} INFO - DAG(s) dict_keys(['example_branch_python_operator_decorator']) retrieved from /home/airflow/.local/lib/python3.7/site-packages/airflow/example_dags/example_branch_operator_decorator.py
[2025-10-21T00:54:09.162+0000] {logging_mixin.py:149} INFO - [2025-10-21T00:54:09.162+0000] {dag.py:2726} INFO - Sync 1 DAGs
[2025-10-21T00:54:09.210+0000] {logging_mixin.py:149} INFO - [2025-10-21T00:54:09.210+0000] {dag.py:3490} INFO - Setting next_dagrun for example_branch_python_operator_decorator to 2025-10-20T00:00:00+00:00, run_after=2025-10-21T00:00:00+00:00
[2025-10-21T00:54:09.253+0000] {processor.py:179} INFO - Processing /home/airflow/.local/lib/python3.7/site-packages/airflow/example_dags/example_branch_operator_decorator.py took 0.168 seconds
[2025-10-21T00:54:40.282+0000] {processor.py:157} INFO - Started process (PID=709) to work on /home/airflow/.local/lib/python3.7/site-packages/airflow/example_dags/example_branch_operator_decorator.py
[2025-10-21T00:54:40.284+0000] {processor.py:826} INFO - Processing file /home/airflow/.local/lib/python3.7/site-packages/airflow/example_dags/example_branch_operator_decorator.py for tasks to queue
[2025-10-21T00:54:40.286+0000] {logging_mixin.py:149} INFO - [2025-10-21T00:54:40.286+0000] {dagbag.py:541} INFO - Filling up the DagBag from /home/airflow/.local/lib/python3.7/site-packages/airflow/example_dags/example_branch_operator_decorator.py
[2025-10-21T00:54:40.313+0000] {processor.py:836} INFO - DAG(s) dict_keys(['example_branch_python_operator_decorator']) retrieved from /home/airflow/.local/lib/python3.7/site-packages/airflow/example_dags/example_branch_operator_decorator.py
[2025-10-21T00:54:40.372+0000] {logging_mixin.py:149} INFO - [2025-10-21T00:54:40.371+0000] {dag.py:2726} INFO - Sync 1 DAGs
[2025-10-21T00:54:40.431+0000] {logging_mixin.py:149} INFO - [2025-10-21T00:54:40.430+0000] {dag.py:3490} INFO - Setting next_dagrun for example_branch_python_operator_decorator to 2025-10-20T00:00:00+00:00, run_after=2025-10-21T00:00:00+00:00
[2025-10-21T00:54:40.473+0000] {processor.py:179} INFO - Processing /home/airflow/.local/lib/python3.7/site-packages/airflow/example_dags/example_branch_operator_decorator.py took 0.197 seconds
[2025-10-21T00:55:11.245+0000] {processor.py:157} INFO - Started process (PID=775) to work on /home/airflow/.local/lib/python3.7/site-packages/airflow/example_dags/example_branch_operator_decorator.py
[2025-10-21T00:55:11.248+0000] {processor.py:826} INFO - Processing file /home/airflow/.local/lib/python3.7/site-packages/airflow/example_dags/example_branch_operator_decorator.py for tasks to queue
[2025-10-21T00:55:11.250+0000] {logging_mixin.py:149} INFO - [2025-10-21T00:55:11.249+0000] {dagbag.py:541} INFO - Filling up the DagBag from /home/airflow/.local/lib/python3.7/site-packages/airflow/example_dags/example_branch_operator_decorator.py
[2025-10-21T00:55:11.269+0000] {processor.py:836} INFO - DAG(s) dict_keys(['example_branch_python_operator_decorator']) retrieved from /home/airflow/.local/lib/python3.7/site-packages/airflow/example_dags/example_branch_operator_decorator.py
[2025-10-21T00:55:11.332+0000] {logging_mixin.py:149} INFO - [2025-10-21T00:55:11.331+0000] {dag.py:2726} INFO - Sync 1 DAGs
[2025-10-21T00:55:11.387+0000] {logging_mixin.py:149} INFO - [2025-10-21T00:55:11.387+0000] {dag.py:3490} INFO - Setting next_dagrun for example_branch_python_operator_decorator to 2025-10-20T00:00:00+00:00, run_after=2025-10-21T00:00:00+00:00
[2025-10-21T00:55:11.430+0000] {processor.py:179} INFO - Processing /home/airflow/.local/lib/python3.7/site-packages/airflow/example_dags/example_branch_operator_decorator.py took 0.192 seconds
[2025-10-21T00:55:42.411+0000] {processor.py:157} INFO - Started process (PID=841) to work on /home/airflow/.local/lib/python3.7/site-packages/airflow/example_dags/example_branch_operator_decorator.py
[2025-10-21T00:55:42.413+0000] {processor.py:826} INFO - Processing file /home/airflow/.local/lib/python3.7/site-packages/airflow/example_dags/example_branch_operator_decorator.py for tasks to queue
[2025-10-21T00:55:42.415+0000] {logging_mixin.py:149} INFO - [2025-10-21T00:55:42.415+0000] {dagbag.py:541} INFO - Filling up the DagBag from /home/airflow/.local/lib/python3.7/site-packages/airflow/example_dags/example_branch_operator_decorator.py
[2025-10-21T00:55:42.435+0000] {processor.py:836} INFO - DAG(s) dict_keys(['example_branch_python_operator_decorator']) retrieved from /home/airflow/.local/lib/python3.7/site-packages/airflow/example_dags/example_branch_operator_decorator.py
[2025-10-21T00:55:42.490+0000] {logging_mixin.py:149} INFO - [2025-10-21T00:55:42.490+0000] {dag.py:2726} INFO - Sync 1 DAGs
[2025-10-21T00:55:42.545+0000] {logging_mixin.py:149} INFO - [2025-10-21T00:55:42.545+0000] {dag.py:3490} INFO - Setting next_dagrun for example_branch_python_operator_decorator to 2025-10-20T00:00:00+00:00, run_after=2025-10-21T00:00:00+00:00
[2025-10-21T00:55:42.589+0000] {processor.py:179} INFO - Processing /home/airflow/.local/lib/python3.7/site-packages/airflow/example_dags/example_branch_operator_decorator.py took 0.185 seconds
[2025-10-21T00:56:13.232+0000] {processor.py:157} INFO - Started process (PID=907) to work on /home/airflow/.local/lib/python3.7/site-packages/airflow/example_dags/example_branch_operator_decorator.py
[2025-10-21T00:56:13.234+0000] {processor.py:826} INFO - Processing file /home/airflow/.local/lib/python3.7/site-packages/airflow/example_dags/example_branch_operator_decorator.py for tasks to queue
[2025-10-21T00:56:13.236+0000] {logging_mixin.py:149} INFO - [2025-10-21T00:56:13.236+0000] {dagbag.py:541} INFO - Filling up the DagBag from /home/airflow/.local/lib/python3.7/site-packages/airflow/example_dags/example_branch_operator_decorator.py
[2025-10-21T00:56:13.252+0000] {processor.py:836} INFO - DAG(s) dict_keys(['example_branch_python_operator_decorator']) retrieved from /home/airflow/.local/lib/python3.7/site-packages/airflow/example_dags/example_branch_operator_decorator.py
[2025-10-21T00:56:13.306+0000] {logging_mixin.py:149} INFO - [2025-10-21T00:56:13.305+0000] {dag.py:2726} INFO - Sync 1 DAGs
[2025-10-21T00:56:13.353+0000] {logging_mixin.py:149} INFO - [2025-10-21T00:56:13.352+0000] {dag.py:3490} INFO - Setting next_dagrun for example_branch_python_operator_decorator to 2025-10-20T00:00:00+00:00, run_after=2025-10-21T00:00:00+00:00
[2025-10-21T00:56:13.394+0000] {processor.py:179} INFO - Processing /home/airflow/.local/lib/python3.7/site-packages/airflow/example_dags/example_branch_operator_decorator.py took 0.167 seconds
[2025-10-21T00:56:43.536+0000] {processor.py:157} INFO - Started process (PID=974) to work on /home/airflow/.local/lib/python3.7/site-packages/airflow/example_dags/example_branch_operator_decorator.py
[2025-10-21T00:56:43.539+0000] {processor.py:826} INFO - Processing file /home/airflow/.local/lib/python3.7/site-packages/airflow/example_dags/example_branch_operator_decorator.py for tasks to queue
[2025-10-21T00:56:43.541+0000] {logging_mixin.py:149} INFO - [2025-10-21T00:56:43.541+0000] {dagbag.py:541} INFO - Filling up the DagBag from /home/airflow/.local/lib/python3.7/site-packages/airflow/example_dags/example_branch_operator_decorator.py
[2025-10-21T00:56:43.559+0000] {processor.py:836} INFO - DAG(s) dict_keys(['example_branch_python_operator_decorator']) retrieved from /home/airflow/.local/lib/python3.7/site-packages/airflow/example_dags/example_branch_operator_decorator.py
[2025-10-21T00:56:43.612+0000] {logging_mixin.py:149} INFO - [2025-10-21T00:56:43.611+0000] {dag.py:2726} INFO - Sync 1 DAGs
[2025-10-21T00:56:43.662+0000] {logging_mixin.py:149} INFO - [2025-10-21T00:56:43.662+0000] {dag.py:3490} INFO - Setting next_dagrun for example_branch_python_operator_decorator to 2025-10-20T00:00:00+00:00, run_after=2025-10-21T00:00:00+00:00
[2025-10-21T00:56:43.704+0000] {processor.py:179} INFO - Processing /home/airflow/.local/lib/python3.7/site-packages/airflow/example_dags/example_branch_operator_decorator.py took 0.175 seconds
[2025-10-21T00:57:14.047+0000] {processor.py:157} INFO - Started process (PID=1040) to work on /home/airflow/.local/lib/python3.7/site-packages/airflow/example_dags/example_branch_operator_decorator.py
[2025-10-21T00:57:14.050+0000] {processor.py:826} INFO - Processing file /home/airflow/.local/lib/python3.7/site-packages/airflow/example_dags/example_branch_operator_decorator.py for tasks to queue
[2025-10-21T00:57:14.052+0000] {logging_mixin.py:149} INFO - [2025-10-21T00:57:14.051+0000] {dagbag.py:541} INFO - Filling up the DagBag from /home/airflow/.local/lib/python3.7/site-packages/airflow/example_dags/example_branch_operator_decorator.py
[2025-10-21T00:57:14.070+0000] {processor.py:836} INFO - DAG(s) dict_keys(['example_branch_python_operator_decorator']) retrieved from /home/airflow/.local/lib/python3.7/site-packages/airflow/example_dags/example_branch_operator_decorator.py
[2025-10-21T00:57:14.133+0000] {logging_mixin.py:149} INFO - [2025-10-21T00:57:14.132+0000] {dag.py:2726} INFO - Sync 1 DAGs
[2025-10-21T00:57:14.197+0000] {logging_mixin.py:149} INFO - [2025-10-21T00:57:14.197+0000] {dag.py:3490} INFO - Setting next_dagrun for example_branch_python_operator_decorator to 2025-10-20T00:00:00+00:00, run_after=2025-10-21T00:00:00+00:00
[2025-10-21T00:57:14.245+0000] {processor.py:179} INFO - Processing /home/airflow/.local/lib/python3.7/site-packages/airflow/example_dags/example_branch_operator_decorator.py took 0.203 seconds
[2025-10-21T00:57:44.856+0000] {processor.py:157} INFO - Started process (PID=1106) to work on /home/airflow/.local/lib/python3.7/site-packages/airflow/example_dags/example_branch_operator_decorator.py
[2025-10-21T00:57:44.860+0000] {processor.py:826} INFO - Processing file /home/airflow/.local/lib/python3.7/site-packages/airflow/example_dags/example_branch_operator_decorator.py for tasks to queue
[2025-10-21T00:57:44.863+0000] {logging_mixin.py:149} INFO - [2025-10-21T00:57:44.862+0000] {dagbag.py:541} INFO - Filling up the DagBag from /home/airflow/.local/lib/python3.7/site-packages/airflow/example_dags/example_branch_operator_decorator.py
[2025-10-21T00:57:44.908+0000] {processor.py:836} INFO - DAG(s) dict_keys(['example_branch_python_operator_decorator']) retrieved from /home/airflow/.local/lib/python3.7/site-packages/airflow/example_dags/example_branch_operator_decorator.py
[2025-10-21T00:57:44.983+0000] {logging_mixin.py:149} INFO - [2025-10-21T00:57:44.982+0000] {dag.py:2726} INFO - Sync 1 DAGs
[2025-10-21T00:57:45.045+0000] {logging_mixin.py:149} INFO - [2025-10-21T00:57:45.045+0000] {dag.py:3490} INFO - Setting next_dagrun for example_branch_python_operator_decorator to 2025-10-20T00:00:00+00:00, run_after=2025-10-21T00:00:00+00:00
[2025-10-21T00:57:45.093+0000] {processor.py:179} INFO - Processing /home/airflow/.local/lib/python3.7/site-packages/airflow/example_dags/example_branch_operator_decorator.py took 0.247 seconds
[2025-10-21T00:58:15.271+0000] {processor.py:157} INFO - Started process (PID=1172) to work on /home/airflow/.local/lib/python3.7/site-packages/airflow/example_dags/example_branch_operator_decorator.py
[2025-10-21T00:58:15.274+0000] {processor.py:826} INFO - Processing file /home/airflow/.local/lib/python3.7/site-packages/airflow/example_dags/example_branch_operator_decorator.py for tasks to queue
[2025-10-21T00:58:15.276+0000] {logging_mixin.py:149} INFO - [2025-10-21T00:58:15.275+0000] {dagbag.py:541} INFO - Filling up the DagBag from /home/airflow/.local/lib/python3.7/site-packages/airflow/example_dags/example_branch_operator_decorator.py
[2025-10-21T00:58:15.295+0000] {processor.py:836} INFO - DAG(s) dict_keys(['example_branch_python_operator_decorator']) retrieved from /home/airflow/.local/lib/python3.7/site-packages/airflow/example_dags/example_branch_operator_decorator.py
[2025-10-21T00:58:15.350+0000] {logging_mixin.py:149} INFO - [2025-10-21T00:58:15.349+0000] {dag.py:2726} INFO - Sync 1 DAGs
[2025-10-21T00:58:15.398+0000] {logging_mixin.py:149} INFO - [2025-10-21T00:58:15.398+0000] {dag.py:3490} INFO - Setting next_dagrun for example_branch_python_operator_decorator to 2025-10-20T00:00:00+00:00, run_after=2025-10-21T00:00:00+00:00
[2025-10-21T00:58:15.434+0000] {processor.py:179} INFO - Processing /home/airflow/.local/lib/python3.7/site-packages/airflow/example_dags/example_branch_operator_decorator.py took 0.170 seconds
[2025-10-21T00:58:45.963+0000] {processor.py:157} INFO - Started process (PID=1239) to work on /home/airflow/.local/lib/python3.7/site-packages/airflow/example_dags/example_branch_operator_decorator.py
[2025-10-21T00:58:45.965+0000] {processor.py:826} INFO - Processing file /home/airflow/.local/lib/python3.7/site-packages/airflow/example_dags/example_branch_operator_decorator.py for tasks to queue
[2025-10-21T00:58:45.966+0000] {logging_mixin.py:149} INFO - [2025-10-21T00:58:45.966+0000] {dagbag.py:541} INFO - Filling up the DagBag from /home/airflow/.local/lib/python3.7/site-packages/airflow/example_dags/example_branch_operator_decorator.py
[2025-10-21T00:58:45.983+0000] {processor.py:836} INFO - DAG(s) dict_keys(['example_branch_python_operator_decorator']) retrieved from /home/airflow/.local/lib/python3.7/site-packages/airflow/example_dags/example_branch_operator_decorator.py
[2025-10-21T00:58:46.036+0000] {logging_mixin.py:149} INFO - [2025-10-21T00:58:46.035+0000] {dag.py:2726} INFO - Sync 1 DAGs
[2025-10-21T00:58:46.090+0000] {logging_mixin.py:149} INFO - [2025-10-21T00:58:46.090+0000] {dag.py:3490} INFO - Setting next_dagrun for example_branch_python_operator_decorator to 2025-10-20T00:00:00+00:00, run_after=2025-10-21T00:00:00+00:00
[2025-10-21T00:58:46.133+0000] {processor.py:179} INFO - Processing /home/airflow/.local/lib/python3.7/site-packages/airflow/example_dags/example_branch_operator_decorator.py took 0.176 seconds
[2025-10-21T00:59:17.326+0000] {processor.py:157} INFO - Started process (PID=1307) to work on /home/airflow/.local/lib/python3.7/site-packages/airflow/example_dags/example_branch_operator_decorator.py
[2025-10-21T00:59:17.329+0000] {processor.py:826} INFO - Processing file /home/airflow/.local/lib/python3.7/site-packages/airflow/example_dags/example_branch_operator_decorator.py for tasks to queue
[2025-10-21T00:59:17.331+0000] {logging_mixin.py:149} INFO - [2025-10-21T00:59:17.331+0000] {dagbag.py:541} INFO - Filling up the DagBag from /home/airflow/.local/lib/python3.7/site-packages/airflow/example_dags/example_branch_operator_decorator.py
[2025-10-21T00:59:17.351+0000] {processor.py:836} INFO - DAG(s) dict_keys(['example_branch_python_operator_decorator']) retrieved from /home/airflow/.local/lib/python3.7/site-packages/airflow/example_dags/example_branch_operator_decorator.py
[2025-10-21T00:59:17.410+0000] {logging_mixin.py:149} INFO - [2025-10-21T00:59:17.410+0000] {dag.py:2726} INFO - Sync 1 DAGs
[2025-10-21T00:59:17.467+0000] {logging_mixin.py:149} INFO - [2025-10-21T00:59:17.466+0000] {dag.py:3490} INFO - Setting next_dagrun for example_branch_python_operator_decorator to 2025-10-20T00:00:00+00:00, run_after=2025-10-21T00:00:00+00:00
[2025-10-21T00:59:17.516+0000] {processor.py:179} INFO - Processing /home/airflow/.local/lib/python3.7/site-packages/airflow/example_dags/example_branch_operator_decorator.py took 0.198 seconds
[2025-10-21T00:59:47.808+0000] {processor.py:157} INFO - Started process (PID=1373) to work on /home/airflow/.local/lib/python3.7/site-packages/airflow/example_dags/example_branch_operator_decorator.py
[2025-10-21T00:59:47.810+0000] {processor.py:826} INFO - Processing file /home/airflow/.local/lib/python3.7/site-packages/airflow/example_dags/example_branch_operator_decorator.py for tasks to queue
[2025-10-21T00:59:47.812+0000] {logging_mixin.py:149} INFO - [2025-10-21T00:59:47.812+0000] {dagbag.py:541} INFO - Filling up the DagBag from /home/airflow/.local/lib/python3.7/site-packages/airflow/example_dags/example_branch_operator_decorator.py
[2025-10-21T00:59:47.833+0000] {processor.py:836} INFO - DAG(s) dict_keys(['example_branch_python_operator_decorator']) retrieved from /home/airflow/.local/lib/python3.7/site-packages/airflow/example_dags/example_branch_operator_decorator.py
[2025-10-21T00:59:47.885+0000] {logging_mixin.py:149} INFO - [2025-10-21T00:59:47.885+0000] {dag.py:2726} INFO - Sync 1 DAGs
[2025-10-21T00:59:47.938+0000] {logging_mixin.py:149} INFO - [2025-10-21T00:59:47.938+0000] {dag.py:3490} INFO - Setting next_dagrun for example_branch_python_operator_decorator to 2025-10-20T00:00:00+00:00, run_after=2025-10-21T00:00:00+00:00
[2025-10-21T00:59:47.982+0000] {processor.py:179} INFO - Processing /home/airflow/.local/lib/python3.7/site-packages/airflow/example_dags/example_branch_operator_decorator.py took 0.179 seconds
[2025-10-21T01:00:18.212+0000] {processor.py:157} INFO - Started process (PID=1438) to work on /home/airflow/.local/lib/python3.7/site-packages/airflow/example_dags/example_branch_operator_decorator.py
[2025-10-21T01:00:18.214+0000] {processor.py:826} INFO - Processing file /home/airflow/.local/lib/python3.7/site-packages/airflow/example_dags/example_branch_operator_decorator.py for tasks to queue
[2025-10-21T01:00:18.216+0000] {logging_mixin.py:149} INFO - [2025-10-21T01:00:18.216+0000] {dagbag.py:541} INFO - Filling up the DagBag from /home/airflow/.local/lib/python3.7/site-packages/airflow/example_dags/example_branch_operator_decorator.py
[2025-10-21T01:00:18.233+0000] {processor.py:836} INFO - DAG(s) dict_keys(['example_branch_python_operator_decorator']) retrieved from /home/airflow/.local/lib/python3.7/site-packages/airflow/example_dags/example_branch_operator_decorator.py
[2025-10-21T01:00:18.285+0000] {logging_mixin.py:149} INFO - [2025-10-21T01:00:18.285+0000] {dag.py:2726} INFO - Sync 1 DAGs
[2025-10-21T01:00:18.333+0000] {logging_mixin.py:149} INFO - [2025-10-21T01:00:18.333+0000] {dag.py:3490} INFO - Setting next_dagrun for example_branch_python_operator_decorator to 2025-10-20T00:00:00+00:00, run_after=2025-10-21T00:00:00+00:00
[2025-10-21T01:00:18.374+0000] {processor.py:179} INFO - Processing /home/airflow/.local/lib/python3.7/site-packages/airflow/example_dags/example_branch_operator_decorator.py took 0.168 seconds
[2025-10-21T01:00:48.562+0000] {processor.py:157} INFO - Started process (PID=1504) to work on /home/airflow/.local/lib/python3.7/site-packages/airflow/example_dags/example_branch_operator_decorator.py
[2025-10-21T01:00:48.564+0000] {processor.py:826} INFO - Processing file /home/airflow/.local/lib/python3.7/site-packages/airflow/example_dags/example_branch_operator_decorator.py for tasks to queue
[2025-10-21T01:00:48.566+0000] {logging_mixin.py:149} INFO - [2025-10-21T01:00:48.566+0000] {dagbag.py:541} INFO - Filling up the DagBag from /home/airflow/.local/lib/python3.7/site-packages/airflow/example_dags/example_branch_operator_decorator.py
[2025-10-21T01:00:48.588+0000] {processor.py:836} INFO - DAG(s) dict_keys(['example_branch_python_operator_decorator']) retrieved from /home/airflow/.local/lib/python3.7/site-packages/airflow/example_dags/example_branch_operator_decorator.py
[2025-10-21T01:00:48.637+0000] {logging_mixin.py:149} INFO - [2025-10-21T01:00:48.637+0000] {dag.py:2726} INFO - Sync 1 DAGs
[2025-10-21T01:00:48.691+0000] {logging_mixin.py:149} INFO - [2025-10-21T01:00:48.691+0000] {dag.py:3490} INFO - Setting next_dagrun for example_branch_python_operator_decorator to 2025-10-20T00:00:00+00:00, run_after=2025-10-21T00:00:00+00:00
[2025-10-21T01:00:48.730+0000] {processor.py:179} INFO - Processing /home/airflow/.local/lib/python3.7/site-packages/airflow/example_dags/example_branch_operator_decorator.py took 0.174 seconds
[2025-10-21T01:01:19.691+0000] {processor.py:157} INFO - Started process (PID=1570) to work on /home/airflow/.local/lib/python3.7/site-packages/airflow/example_dags/example_branch_operator_decorator.py
[2025-10-21T01:01:19.693+0000] {processor.py:826} INFO - Processing file /home/airflow/.local/lib/python3.7/site-packages/airflow/example_dags/example_branch_operator_decorator.py for tasks to queue
[2025-10-21T01:01:19.695+0000] {logging_mixin.py:149} INFO - [2025-10-21T01:01:19.695+0000] {dagbag.py:541} INFO - Filling up the DagBag from /home/airflow/.local/lib/python3.7/site-packages/airflow/example_dags/example_branch_operator_decorator.py
[2025-10-21T01:01:19.717+0000] {processor.py:836} INFO - DAG(s) dict_keys(['example_branch_python_operator_decorator']) retrieved from /home/airflow/.local/lib/python3.7/site-packages/airflow/example_dags/example_branch_operator_decorator.py
[2025-10-21T01:01:19.779+0000] {logging_mixin.py:149} INFO - [2025-10-21T01:01:19.779+0000] {dag.py:2726} INFO - Sync 1 DAGs
[2025-10-21T01:01:19.841+0000] {logging_mixin.py:149} INFO - [2025-10-21T01:01:19.840+0000] {dag.py:3490} INFO - Setting next_dagrun for example_branch_python_operator_decorator to 2025-10-20T00:00:00+00:00, run_after=2025-10-21T00:00:00+00:00
[2025-10-21T01:01:19.888+0000] {processor.py:179} INFO - Processing /home/airflow/.local/lib/python3.7/site-packages/airflow/example_dags/example_branch_operator_decorator.py took 0.207 seconds
[2025-10-21T01:01:50.777+0000] {processor.py:157} INFO - Started process (PID=1636) to work on /home/airflow/.local/lib/python3.7/site-packages/airflow/example_dags/example_branch_operator_decorator.py
[2025-10-21T01:01:50.779+0000] {processor.py:826} INFO - Processing file /home/airflow/.local/lib/python3.7/site-packages/airflow/example_dags/example_branch_operator_decorator.py for tasks to queue
[2025-10-21T01:01:50.781+0000] {logging_mixin.py:149} INFO - [2025-10-21T01:01:50.781+0000] {dagbag.py:541} INFO - Filling up the DagBag from /home/airflow/.local/lib/python3.7/site-packages/airflow/example_dags/example_branch_operator_decorator.py
[2025-10-21T01:01:50.800+0000] {processor.py:836} INFO - DAG(s) dict_keys(['example_branch_python_operator_decorator']) retrieved from /home/airflow/.local/lib/python3.7/site-packages/airflow/example_dags/example_branch_operator_decorator.py
[2025-10-21T01:01:50.851+0000] {logging_mixin.py:149} INFO - [2025-10-21T01:01:50.850+0000] {dag.py:2726} INFO - Sync 1 DAGs
[2025-10-21T01:01:50.901+0000] {logging_mixin.py:149} INFO - [2025-10-21T01:01:50.900+0000] {dag.py:3490} INFO - Setting next_dagrun for example_branch_python_operator_decorator to 2025-10-20T00:00:00+00:00, run_after=2025-10-21T00:00:00+00:00
[2025-10-21T01:01:50.939+0000] {processor.py:179} INFO - Processing /home/airflow/.local/lib/python3.7/site-packages/airflow/example_dags/example_branch_operator_decorator.py took 0.167 seconds
[2025-10-21T01:02:21.028+0000] {processor.py:157} INFO - Started process (PID=1701) to work on /home/airflow/.local/lib/python3.7/site-packages/airflow/example_dags/example_branch_operator_decorator.py
[2025-10-21T01:02:21.031+0000] {processor.py:826} INFO - Processing file /home/airflow/.local/lib/python3.7/site-packages/airflow/example_dags/example_branch_operator_decorator.py for tasks to queue
[2025-10-21T01:02:21.034+0000] {logging_mixin.py:149} INFO - [2025-10-21T01:02:21.033+0000] {dagbag.py:541} INFO - Filling up the DagBag from /home/airflow/.local/lib/python3.7/site-packages/airflow/example_dags/example_branch_operator_decorator.py
[2025-10-21T01:02:21.057+0000] {processor.py:836} INFO - DAG(s) dict_keys(['example_branch_python_operator_decorator']) retrieved from /home/airflow/.local/lib/python3.7/site-packages/airflow/example_dags/example_branch_operator_decorator.py
[2025-10-21T01:02:21.114+0000] {logging_mixin.py:149} INFO - [2025-10-21T01:02:21.114+0000] {dag.py:2726} INFO - Sync 1 DAGs
[2025-10-21T01:02:21.170+0000] {logging_mixin.py:149} INFO - [2025-10-21T01:02:21.170+0000] {dag.py:3490} INFO - Setting next_dagrun for example_branch_python_operator_decorator to 2025-10-20T00:00:00+00:00, run_after=2025-10-21T00:00:00+00:00
[2025-10-21T01:02:21.209+0000] {processor.py:179} INFO - Processing /home/airflow/.local/lib/python3.7/site-packages/airflow/example_dags/example_branch_operator_decorator.py took 0.187 seconds
[2025-10-21T01:02:51.612+0000] {processor.py:157} INFO - Started process (PID=1767) to work on /home/airflow/.local/lib/python3.7/site-packages/airflow/example_dags/example_branch_operator_decorator.py
[2025-10-21T01:02:51.614+0000] {processor.py:826} INFO - Processing file /home/airflow/.local/lib/python3.7/site-packages/airflow/example_dags/example_branch_operator_decorator.py for tasks to queue
[2025-10-21T01:02:51.615+0000] {logging_mixin.py:149} INFO - [2025-10-21T01:02:51.615+0000] {dagbag.py:541} INFO - Filling up the DagBag from /home/airflow/.local/lib/python3.7/site-packages/airflow/example_dags/example_branch_operator_decorator.py
[2025-10-21T01:02:51.635+0000] {processor.py:836} INFO - DAG(s) dict_keys(['example_branch_python_operator_decorator']) retrieved from /home/airflow/.local/lib/python3.7/site-packages/airflow/example_dags/example_branch_operator_decorator.py
[2025-10-21T01:02:51.689+0000] {logging_mixin.py:149} INFO - [2025-10-21T01:02:51.689+0000] {dag.py:2726} INFO - Sync 1 DAGs
[2025-10-21T01:02:51.746+0000] {logging_mixin.py:149} INFO - [2025-10-21T01:02:51.746+0000] {dag.py:3490} INFO - Setting next_dagrun for example_branch_python_operator_decorator to 2025-10-20T00:00:00+00:00, run_after=2025-10-21T00:00:00+00:00
[2025-10-21T01:02:51.792+0000] {processor.py:179} INFO - Processing /home/airflow/.local/lib/python3.7/site-packages/airflow/example_dags/example_branch_operator_decorator.py took 0.187 seconds
[2025-10-21T01:03:22.252+0000] {processor.py:157} INFO - Started process (PID=1835) to work on /home/airflow/.local/lib/python3.7/site-packages/airflow/example_dags/example_branch_operator_decorator.py
[2025-10-21T01:03:22.254+0000] {processor.py:826} INFO - Processing file /home/airflow/.local/lib/python3.7/site-packages/airflow/example_dags/example_branch_operator_decorator.py for tasks to queue
[2025-10-21T01:03:22.256+0000] {logging_mixin.py:149} INFO - [2025-10-21T01:03:22.256+0000] {dagbag.py:541} INFO - Filling up the DagBag from /home/airflow/.local/lib/python3.7/site-packages/airflow/example_dags/example_branch_operator_decorator.py
[2025-10-21T01:03:22.278+0000] {processor.py:836} INFO - DAG(s) dict_keys(['example_branch_python_operator_decorator']) retrieved from /home/airflow/.local/lib/python3.7/site-packages/airflow/example_dags/example_branch_operator_decorator.py
[2025-10-21T01:03:22.341+0000] {logging_mixin.py:149} INFO - [2025-10-21T01:03:22.341+0000] {dag.py:2726} INFO - Sync 1 DAGs
[2025-10-21T01:03:22.400+0000] {logging_mixin.py:149} INFO - [2025-10-21T01:03:22.399+0000] {dag.py:3490} INFO - Setting next_dagrun for example_branch_python_operator_decorator to 2025-10-20T00:00:00+00:00, run_after=2025-10-21T00:00:00+00:00
[2025-10-21T01:03:22.442+0000] {processor.py:179} INFO - Processing /home/airflow/.local/lib/python3.7/site-packages/airflow/example_dags/example_branch_operator_decorator.py took 0.196 seconds
[2025-10-21T01:03:52.715+0000] {processor.py:157} INFO - Started process (PID=1901) to work on /home/airflow/.local/lib/python3.7/site-packages/airflow/example_dags/example_branch_operator_decorator.py
[2025-10-21T01:03:52.718+0000] {processor.py:826} INFO - Processing file /home/airflow/.local/lib/python3.7/site-packages/airflow/example_dags/example_branch_operator_decorator.py for tasks to queue
[2025-10-21T01:03:52.721+0000] {logging_mixin.py:149} INFO - [2025-10-21T01:03:52.720+0000] {dagbag.py:541} INFO - Filling up the DagBag from /home/airflow/.local/lib/python3.7/site-packages/airflow/example_dags/example_branch_operator_decorator.py
[2025-10-21T01:03:52.741+0000] {processor.py:836} INFO - DAG(s) dict_keys(['example_branch_python_operator_decorator']) retrieved from /home/airflow/.local/lib/python3.7/site-packages/airflow/example_dags/example_branch_operator_decorator.py
[2025-10-21T01:03:52.787+0000] {logging_mixin.py:149} INFO - [2025-10-21T01:03:52.787+0000] {dag.py:2726} INFO - Sync 1 DAGs
[2025-10-21T01:03:52.840+0000] {logging_mixin.py:149} INFO - [2025-10-21T01:03:52.839+0000] {dag.py:3490} INFO - Setting next_dagrun for example_branch_python_operator_decorator to 2025-10-20T00:00:00+00:00, run_after=2025-10-21T00:00:00+00:00
[2025-10-21T01:03:52.883+0000] {processor.py:179} INFO - Processing /home/airflow/.local/lib/python3.7/site-packages/airflow/example_dags/example_branch_operator_decorator.py took 0.175 seconds
[2025-10-21T01:04:23.256+0000] {processor.py:157} INFO - Started process (PID=1967) to work on /home/airflow/.local/lib/python3.7/site-packages/airflow/example_dags/example_branch_operator_decorator.py
[2025-10-21T01:04:23.258+0000] {processor.py:826} INFO - Processing file /home/airflow/.local/lib/python3.7/site-packages/airflow/example_dags/example_branch_operator_decorator.py for tasks to queue
[2025-10-21T01:04:23.261+0000] {logging_mixin.py:149} INFO - [2025-10-21T01:04:23.260+0000] {dagbag.py:541} INFO - Filling up the DagBag from /home/airflow/.local/lib/python3.7/site-packages/airflow/example_dags/example_branch_operator_decorator.py
[2025-10-21T01:04:23.282+0000] {processor.py:836} INFO - DAG(s) dict_keys(['example_branch_python_operator_decorator']) retrieved from /home/airflow/.local/lib/python3.7/site-packages/airflow/example_dags/example_branch_operator_decorator.py
[2025-10-21T01:04:23.337+0000] {logging_mixin.py:149} INFO - [2025-10-21T01:04:23.337+0000] {dag.py:2726} INFO - Sync 1 DAGs
[2025-10-21T01:04:23.388+0000] {logging_mixin.py:149} INFO - [2025-10-21T01:04:23.388+0000] {dag.py:3490} INFO - Setting next_dagrun for example_branch_python_operator_decorator to 2025-10-20T00:00:00+00:00, run_after=2025-10-21T00:00:00+00:00
[2025-10-21T01:04:23.428+0000] {processor.py:179} INFO - Processing /home/airflow/.local/lib/python3.7/site-packages/airflow/example_dags/example_branch_operator_decorator.py took 0.180 seconds
[2025-10-21T01:04:53.937+0000] {processor.py:157} INFO - Started process (PID=2033) to work on /home/airflow/.local/lib/python3.7/site-packages/airflow/example_dags/example_branch_operator_decorator.py
[2025-10-21T01:04:53.945+0000] {processor.py:826} INFO - Processing file /home/airflow/.local/lib/python3.7/site-packages/airflow/example_dags/example_branch_operator_decorator.py for tasks to queue
[2025-10-21T01:04:53.948+0000] {logging_mixin.py:149} INFO - [2025-10-21T01:04:53.948+0000] {dagbag.py:541} INFO - Filling up the DagBag from /home/airflow/.local/lib/python3.7/site-packages/airflow/example_dags/example_branch_operator_decorator.py
[2025-10-21T01:04:53.989+0000] {processor.py:836} INFO - DAG(s) dict_keys(['example_branch_python_operator_decorator']) retrieved from /home/airflow/.local/lib/python3.7/site-packages/airflow/example_dags/example_branch_operator_decorator.py
[2025-10-21T01:04:54.051+0000] {logging_mixin.py:149} INFO - [2025-10-21T01:04:54.051+0000] {dag.py:2726} INFO - Sync 1 DAGs
[2025-10-21T01:04:54.112+0000] {logging_mixin.py:149} INFO - [2025-10-21T01:04:54.111+0000] {dag.py:3490} INFO - Setting next_dagrun for example_branch_python_operator_decorator to 2025-10-20T00:00:00+00:00, run_after=2025-10-21T00:00:00+00:00
[2025-10-21T01:04:54.157+0000] {processor.py:179} INFO - Processing /home/airflow/.local/lib/python3.7/site-packages/airflow/example_dags/example_branch_operator_decorator.py took 0.227 seconds
[2025-10-21T01:05:24.642+0000] {processor.py:157} INFO - Started process (PID=2099) to work on /home/airflow/.local/lib/python3.7/site-packages/airflow/example_dags/example_branch_operator_decorator.py
[2025-10-21T01:05:24.645+0000] {processor.py:826} INFO - Processing file /home/airflow/.local/lib/python3.7/site-packages/airflow/example_dags/example_branch_operator_decorator.py for tasks to queue
[2025-10-21T01:05:24.647+0000] {logging_mixin.py:149} INFO - [2025-10-21T01:05:24.647+0000] {dagbag.py:541} INFO - Filling up the DagBag from /home/airflow/.local/lib/python3.7/site-packages/airflow/example_dags/example_branch_operator_decorator.py
[2025-10-21T01:05:24.689+0000] {processor.py:836} INFO - DAG(s) dict_keys(['example_branch_python_operator_decorator']) retrieved from /home/airflow/.local/lib/python3.7/site-packages/airflow/example_dags/example_branch_operator_decorator.py
[2025-10-21T01:05:24.763+0000] {logging_mixin.py:149} INFO - [2025-10-21T01:05:24.762+0000] {dag.py:2726} INFO - Sync 1 DAGs
[2025-10-21T01:05:24.879+0000] {logging_mixin.py:149} INFO - [2025-10-21T01:05:24.879+0000] {dag.py:3490} INFO - Setting next_dagrun for example_branch_python_operator_decorator to 2025-10-20T00:00:00+00:00, run_after=2025-10-21T00:00:00+00:00
[2025-10-21T01:05:24.946+0000] {processor.py:179} INFO - Processing /home/airflow/.local/lib/python3.7/site-packages/airflow/example_dags/example_branch_operator_decorator.py took 0.318 seconds
[2025-10-21T01:05:55.783+0000] {processor.py:157} INFO - Started process (PID=2165) to work on /home/airflow/.local/lib/python3.7/site-packages/airflow/example_dags/example_branch_operator_decorator.py
[2025-10-21T01:05:55.787+0000] {processor.py:826} INFO - Processing file /home/airflow/.local/lib/python3.7/site-packages/airflow/example_dags/example_branch_operator_decorator.py for tasks to queue
[2025-10-21T01:05:55.790+0000] {logging_mixin.py:149} INFO - [2025-10-21T01:05:55.790+0000] {dagbag.py:541} INFO - Filling up the DagBag from /home/airflow/.local/lib/python3.7/site-packages/airflow/example_dags/example_branch_operator_decorator.py
[2025-10-21T01:05:55.812+0000] {processor.py:836} INFO - DAG(s) dict_keys(['example_branch_python_operator_decorator']) retrieved from /home/airflow/.local/lib/python3.7/site-packages/airflow/example_dags/example_branch_operator_decorator.py
[2025-10-21T01:05:55.864+0000] {logging_mixin.py:149} INFO - [2025-10-21T01:05:55.864+0000] {dag.py:2726} INFO - Sync 1 DAGs
[2025-10-21T01:05:55.918+0000] {logging_mixin.py:149} INFO - [2025-10-21T01:05:55.918+0000] {dag.py:3490} INFO - Setting next_dagrun for example_branch_python_operator_decorator to 2025-10-20T00:00:00+00:00, run_after=2025-10-21T00:00:00+00:00
[2025-10-21T01:05:55.959+0000] {processor.py:179} INFO - Processing /home/airflow/.local/lib/python3.7/site-packages/airflow/example_dags/example_branch_operator_decorator.py took 0.184 seconds
[2025-10-21T01:06:27.134+0000] {processor.py:157} INFO - Started process (PID=2231) to work on /home/airflow/.local/lib/python3.7/site-packages/airflow/example_dags/example_branch_operator_decorator.py
[2025-10-21T01:06:27.136+0000] {processor.py:826} INFO - Processing file /home/airflow/.local/lib/python3.7/site-packages/airflow/example_dags/example_branch_operator_decorator.py for tasks to queue
[2025-10-21T01:06:27.142+0000] {logging_mixin.py:149} INFO - [2025-10-21T01:06:27.139+0000] {dagbag.py:541} INFO - Filling up the DagBag from /home/airflow/.local/lib/python3.7/site-packages/airflow/example_dags/example_branch_operator_decorator.py
[2025-10-21T01:06:27.176+0000] {processor.py:836} INFO - DAG(s) dict_keys(['example_branch_python_operator_decorator']) retrieved from /home/airflow/.local/lib/python3.7/site-packages/airflow/example_dags/example_branch_operator_decorator.py
[2025-10-21T01:06:27.248+0000] {logging_mixin.py:149} INFO - [2025-10-21T01:06:27.248+0000] {dag.py:2726} INFO - Sync 1 DAGs
[2025-10-21T01:06:27.319+0000] {logging_mixin.py:149} INFO - [2025-10-21T01:06:27.319+0000] {dag.py:3490} INFO - Setting next_dagrun for example_branch_python_operator_decorator to 2025-10-20T00:00:00+00:00, run_after=2025-10-21T00:00:00+00:00
[2025-10-21T01:06:27.395+0000] {processor.py:179} INFO - Processing /home/airflow/.local/lib/python3.7/site-packages/airflow/example_dags/example_branch_operator_decorator.py took 0.270 seconds
[2025-10-21T01:06:58.139+0000] {processor.py:157} INFO - Started process (PID=2298) to work on /home/airflow/.local/lib/python3.7/site-packages/airflow/example_dags/example_branch_operator_decorator.py
[2025-10-21T01:06:58.141+0000] {processor.py:826} INFO - Processing file /home/airflow/.local/lib/python3.7/site-packages/airflow/example_dags/example_branch_operator_decorator.py for tasks to queue
[2025-10-21T01:06:58.143+0000] {logging_mixin.py:149} INFO - [2025-10-21T01:06:58.143+0000] {dagbag.py:541} INFO - Filling up the DagBag from /home/airflow/.local/lib/python3.7/site-packages/airflow/example_dags/example_branch_operator_decorator.py
[2025-10-21T01:06:58.163+0000] {processor.py:836} INFO - DAG(s) dict_keys(['example_branch_python_operator_decorator']) retrieved from /home/airflow/.local/lib/python3.7/site-packages/airflow/example_dags/example_branch_operator_decorator.py
[2025-10-21T01:06:58.222+0000] {logging_mixin.py:149} INFO - [2025-10-21T01:06:58.222+0000] {dag.py:2726} INFO - Sync 1 DAGs
[2025-10-21T01:06:58.273+0000] {logging_mixin.py:149} INFO - [2025-10-21T01:06:58.272+0000] {dag.py:3490} INFO - Setting next_dagrun for example_branch_python_operator_decorator to 2025-10-20T00:00:00+00:00, run_after=2025-10-21T00:00:00+00:00
[2025-10-21T01:06:58.313+0000] {processor.py:179} INFO - Processing /home/airflow/.local/lib/python3.7/site-packages/airflow/example_dags/example_branch_operator_decorator.py took 0.181 seconds
[2025-10-21T01:07:28.927+0000] {processor.py:157} INFO - Started process (PID=2365) to work on /home/airflow/.local/lib/python3.7/site-packages/airflow/example_dags/example_branch_operator_decorator.py
[2025-10-21T01:07:28.929+0000] {processor.py:826} INFO - Processing file /home/airflow/.local/lib/python3.7/site-packages/airflow/example_dags/example_branch_operator_decorator.py for tasks to queue
[2025-10-21T01:07:28.931+0000] {logging_mixin.py:149} INFO - [2025-10-21T01:07:28.930+0000] {dagbag.py:541} INFO - Filling up the DagBag from /home/airflow/.local/lib/python3.7/site-packages/airflow/example_dags/example_branch_operator_decorator.py
[2025-10-21T01:07:28.950+0000] {processor.py:836} INFO - DAG(s) dict_keys(['example_branch_python_operator_decorator']) retrieved from /home/airflow/.local/lib/python3.7/site-packages/airflow/example_dags/example_branch_operator_decorator.py
[2025-10-21T01:07:29.005+0000] {logging_mixin.py:149} INFO - [2025-10-21T01:07:29.005+0000] {dag.py:2726} INFO - Sync 1 DAGs
[2025-10-21T01:07:29.055+0000] {logging_mixin.py:149} INFO - [2025-10-21T01:07:29.054+0000] {dag.py:3490} INFO - Setting next_dagrun for example_branch_python_operator_decorator to 2025-10-20T00:00:00+00:00, run_after=2025-10-21T00:00:00+00:00
[2025-10-21T01:07:29.098+0000] {processor.py:179} INFO - Processing /home/airflow/.local/lib/python3.7/site-packages/airflow/example_dags/example_branch_operator_decorator.py took 0.179 seconds
[2025-10-21T01:07:59.210+0000] {processor.py:157} INFO - Started process (PID=2431) to work on /home/airflow/.local/lib/python3.7/site-packages/airflow/example_dags/example_branch_operator_decorator.py
[2025-10-21T01:07:59.213+0000] {processor.py:826} INFO - Processing file /home/airflow/.local/lib/python3.7/site-packages/airflow/example_dags/example_branch_operator_decorator.py for tasks to queue
[2025-10-21T01:07:59.215+0000] {logging_mixin.py:149} INFO - [2025-10-21T01:07:59.214+0000] {dagbag.py:541} INFO - Filling up the DagBag from /home/airflow/.local/lib/python3.7/site-packages/airflow/example_dags/example_branch_operator_decorator.py
[2025-10-21T01:07:59.239+0000] {processor.py:836} INFO - DAG(s) dict_keys(['example_branch_python_operator_decorator']) retrieved from /home/airflow/.local/lib/python3.7/site-packages/airflow/example_dags/example_branch_operator_decorator.py
[2025-10-21T01:07:59.291+0000] {logging_mixin.py:149} INFO - [2025-10-21T01:07:59.291+0000] {dag.py:2726} INFO - Sync 1 DAGs
[2025-10-21T01:07:59.354+0000] {logging_mixin.py:149} INFO - [2025-10-21T01:07:59.354+0000] {dag.py:3490} INFO - Setting next_dagrun for example_branch_python_operator_decorator to 2025-10-20T00:00:00+00:00, run_after=2025-10-21T00:00:00+00:00
[2025-10-21T01:07:59.401+0000] {processor.py:179} INFO - Processing /home/airflow/.local/lib/python3.7/site-packages/airflow/example_dags/example_branch_operator_decorator.py took 0.199 seconds
[2025-10-21T01:08:29.701+0000] {processor.py:157} INFO - Started process (PID=2497) to work on /home/airflow/.local/lib/python3.7/site-packages/airflow/example_dags/example_branch_operator_decorator.py
[2025-10-21T01:08:29.703+0000] {processor.py:826} INFO - Processing file /home/airflow/.local/lib/python3.7/site-packages/airflow/example_dags/example_branch_operator_decorator.py for tasks to queue
[2025-10-21T01:08:29.705+0000] {logging_mixin.py:149} INFO - [2025-10-21T01:08:29.705+0000] {dagbag.py:541} INFO - Filling up the DagBag from /home/airflow/.local/lib/python3.7/site-packages/airflow/example_dags/example_branch_operator_decorator.py
[2025-10-21T01:08:29.726+0000] {processor.py:836} INFO - DAG(s) dict_keys(['example_branch_python_operator_decorator']) retrieved from /home/airflow/.local/lib/python3.7/site-packages/airflow/example_dags/example_branch_operator_decorator.py
[2025-10-21T01:08:29.795+0000] {logging_mixin.py:149} INFO - [2025-10-21T01:08:29.795+0000] {dag.py:2726} INFO - Sync 1 DAGs
[2025-10-21T01:08:29.853+0000] {logging_mixin.py:149} INFO - [2025-10-21T01:08:29.852+0000] {dag.py:3490} INFO - Setting next_dagrun for example_branch_python_operator_decorator to 2025-10-20T00:00:00+00:00, run_after=2025-10-21T00:00:00+00:00
[2025-10-21T01:08:29.897+0000] {processor.py:179} INFO - Processing /home/airflow/.local/lib/python3.7/site-packages/airflow/example_dags/example_branch_operator_decorator.py took 0.201 seconds
[2025-10-21T01:09:00.673+0000] {processor.py:157} INFO - Started process (PID=2563) to work on /home/airflow/.local/lib/python3.7/site-packages/airflow/example_dags/example_branch_operator_decorator.py
[2025-10-21T01:09:00.676+0000] {processor.py:826} INFO - Processing file /home/airflow/.local/lib/python3.7/site-packages/airflow/example_dags/example_branch_operator_decorator.py for tasks to queue
[2025-10-21T01:09:00.679+0000] {logging_mixin.py:149} INFO - [2025-10-21T01:09:00.678+0000] {dagbag.py:541} INFO - Filling up the DagBag from /home/airflow/.local/lib/python3.7/site-packages/airflow/example_dags/example_branch_operator_decorator.py
[2025-10-21T01:09:00.705+0000] {processor.py:836} INFO - DAG(s) dict_keys(['example_branch_python_operator_decorator']) retrieved from /home/airflow/.local/lib/python3.7/site-packages/airflow/example_dags/example_branch_operator_decorator.py
[2025-10-21T01:09:00.777+0000] {logging_mixin.py:149} INFO - [2025-10-21T01:09:00.776+0000] {dag.py:2726} INFO - Sync 1 DAGs
[2025-10-21T01:09:00.838+0000] {logging_mixin.py:149} INFO - [2025-10-21T01:09:00.838+0000] {dag.py:3490} INFO - Setting next_dagrun for example_branch_python_operator_decorator to 2025-10-20T00:00:00+00:00, run_after=2025-10-21T00:00:00+00:00
[2025-10-21T01:09:00.886+0000] {processor.py:179} INFO - Processing /home/airflow/.local/lib/python3.7/site-packages/airflow/example_dags/example_branch_operator_decorator.py took 0.221 seconds
[2025-10-21T01:09:31.345+0000] {processor.py:157} INFO - Started process (PID=2629) to work on /home/airflow/.local/lib/python3.7/site-packages/airflow/example_dags/example_branch_operator_decorator.py
[2025-10-21T01:09:31.347+0000] {processor.py:826} INFO - Processing file /home/airflow/.local/lib/python3.7/site-packages/airflow/example_dags/example_branch_operator_decorator.py for tasks to queue
[2025-10-21T01:09:31.350+0000] {logging_mixin.py:149} INFO - [2025-10-21T01:09:31.349+0000] {dagbag.py:541} INFO - Filling up the DagBag from /home/airflow/.local/lib/python3.7/site-packages/airflow/example_dags/example_branch_operator_decorator.py
[2025-10-21T01:09:31.374+0000] {processor.py:836} INFO - DAG(s) dict_keys(['example_branch_python_operator_decorator']) retrieved from /home/airflow/.local/lib/python3.7/site-packages/airflow/example_dags/example_branch_operator_decorator.py
[2025-10-21T01:09:31.454+0000] {logging_mixin.py:149} INFO - [2025-10-21T01:09:31.454+0000] {dag.py:2726} INFO - Sync 1 DAGs
[2025-10-21T01:09:31.518+0000] {logging_mixin.py:149} INFO - [2025-10-21T01:09:31.518+0000] {dag.py:3490} INFO - Setting next_dagrun for example_branch_python_operator_decorator to 2025-10-20T00:00:00+00:00, run_after=2025-10-21T00:00:00+00:00
[2025-10-21T01:09:31.569+0000] {processor.py:179} INFO - Processing /home/airflow/.local/lib/python3.7/site-packages/airflow/example_dags/example_branch_operator_decorator.py took 0.234 seconds
[2025-10-21T01:10:02.212+0000] {processor.py:157} INFO - Started process (PID=2696) to work on /home/airflow/.local/lib/python3.7/site-packages/airflow/example_dags/example_branch_operator_decorator.py
[2025-10-21T01:10:02.214+0000] {processor.py:826} INFO - Processing file /home/airflow/.local/lib/python3.7/site-packages/airflow/example_dags/example_branch_operator_decorator.py for tasks to queue
[2025-10-21T01:10:02.216+0000] {logging_mixin.py:149} INFO - [2025-10-21T01:10:02.216+0000] {dagbag.py:541} INFO - Filling up the DagBag from /home/airflow/.local/lib/python3.7/site-packages/airflow/example_dags/example_branch_operator_decorator.py
[2025-10-21T01:10:02.235+0000] {processor.py:836} INFO - DAG(s) dict_keys(['example_branch_python_operator_decorator']) retrieved from /home/airflow/.local/lib/python3.7/site-packages/airflow/example_dags/example_branch_operator_decorator.py
[2025-10-21T01:10:02.294+0000] {logging_mixin.py:149} INFO - [2025-10-21T01:10:02.293+0000] {dag.py:2726} INFO - Sync 1 DAGs
[2025-10-21T01:10:02.347+0000] {logging_mixin.py:149} INFO - [2025-10-21T01:10:02.347+0000] {dag.py:3490} INFO - Setting next_dagrun for example_branch_python_operator_decorator to 2025-10-20T00:00:00+00:00, run_after=2025-10-21T00:00:00+00:00
[2025-10-21T01:10:02.390+0000] {processor.py:179} INFO - Processing /home/airflow/.local/lib/python3.7/site-packages/airflow/example_dags/example_branch_operator_decorator.py took 0.184 seconds
[2025-10-21T01:10:32.512+0000] {processor.py:157} INFO - Started process (PID=2763) to work on /home/airflow/.local/lib/python3.7/site-packages/airflow/example_dags/example_branch_operator_decorator.py
[2025-10-21T01:10:32.514+0000] {processor.py:826} INFO - Processing file /home/airflow/.local/lib/python3.7/site-packages/airflow/example_dags/example_branch_operator_decorator.py for tasks to queue
[2025-10-21T01:10:32.516+0000] {logging_mixin.py:149} INFO - [2025-10-21T01:10:32.515+0000] {dagbag.py:541} INFO - Filling up the DagBag from /home/airflow/.local/lib/python3.7/site-packages/airflow/example_dags/example_branch_operator_decorator.py
[2025-10-21T01:10:32.541+0000] {processor.py:836} INFO - DAG(s) dict_keys(['example_branch_python_operator_decorator']) retrieved from /home/airflow/.local/lib/python3.7/site-packages/airflow/example_dags/example_branch_operator_decorator.py
[2025-10-21T01:10:32.603+0000] {logging_mixin.py:149} INFO - [2025-10-21T01:10:32.603+0000] {dag.py:2726} INFO - Sync 1 DAGs
[2025-10-21T01:10:32.658+0000] {logging_mixin.py:149} INFO - [2025-10-21T01:10:32.658+0000] {dag.py:3490} INFO - Setting next_dagrun for example_branch_python_operator_decorator to 2025-10-20T00:00:00+00:00, run_after=2025-10-21T00:00:00+00:00
[2025-10-21T01:10:32.707+0000] {processor.py:179} INFO - Processing /home/airflow/.local/lib/python3.7/site-packages/airflow/example_dags/example_branch_operator_decorator.py took 0.202 seconds
[2025-10-21T01:11:03.053+0000] {processor.py:157} INFO - Started process (PID=2829) to work on /home/airflow/.local/lib/python3.7/site-packages/airflow/example_dags/example_branch_operator_decorator.py
[2025-10-21T01:11:03.055+0000] {processor.py:826} INFO - Processing file /home/airflow/.local/lib/python3.7/site-packages/airflow/example_dags/example_branch_operator_decorator.py for tasks to queue
[2025-10-21T01:11:03.057+0000] {logging_mixin.py:149} INFO - [2025-10-21T01:11:03.056+0000] {dagbag.py:541} INFO - Filling up the DagBag from /home/airflow/.local/lib/python3.7/site-packages/airflow/example_dags/example_branch_operator_decorator.py
[2025-10-21T01:11:03.079+0000] {processor.py:836} INFO - DAG(s) dict_keys(['example_branch_python_operator_decorator']) retrieved from /home/airflow/.local/lib/python3.7/site-packages/airflow/example_dags/example_branch_operator_decorator.py
[2025-10-21T01:11:03.134+0000] {logging_mixin.py:149} INFO - [2025-10-21T01:11:03.134+0000] {dag.py:2726} INFO - Sync 1 DAGs
[2025-10-21T01:11:03.191+0000] {logging_mixin.py:149} INFO - [2025-10-21T01:11:03.191+0000] {dag.py:3490} INFO - Setting next_dagrun for example_branch_python_operator_decorator to 2025-10-20T00:00:00+00:00, run_after=2025-10-21T00:00:00+00:00
[2025-10-21T01:11:03.238+0000] {processor.py:179} INFO - Processing /home/airflow/.local/lib/python3.7/site-packages/airflow/example_dags/example_branch_operator_decorator.py took 0.192 seconds
[2025-10-21T01:11:33.505+0000] {processor.py:157} INFO - Started process (PID=2895) to work on /home/airflow/.local/lib/python3.7/site-packages/airflow/example_dags/example_branch_operator_decorator.py
[2025-10-21T01:11:33.507+0000] {processor.py:826} INFO - Processing file /home/airflow/.local/lib/python3.7/site-packages/airflow/example_dags/example_branch_operator_decorator.py for tasks to queue
[2025-10-21T01:11:33.509+0000] {logging_mixin.py:149} INFO - [2025-10-21T01:11:33.509+0000] {dagbag.py:541} INFO - Filling up the DagBag from /home/airflow/.local/lib/python3.7/site-packages/airflow/example_dags/example_branch_operator_decorator.py
[2025-10-21T01:11:33.528+0000] {processor.py:836} INFO - DAG(s) dict_keys(['example_branch_python_operator_decorator']) retrieved from /home/airflow/.local/lib/python3.7/site-packages/airflow/example_dags/example_branch_operator_decorator.py
[2025-10-21T01:11:33.592+0000] {logging_mixin.py:149} INFO - [2025-10-21T01:11:33.591+0000] {dag.py:2726} INFO - Sync 1 DAGs
[2025-10-21T01:11:33.658+0000] {logging_mixin.py:149} INFO - [2025-10-21T01:11:33.658+0000] {dag.py:3490} INFO - Setting next_dagrun for example_branch_python_operator_decorator to 2025-10-20T00:00:00+00:00, run_after=2025-10-21T00:00:00+00:00
[2025-10-21T01:11:33.707+0000] {processor.py:179} INFO - Processing /home/airflow/.local/lib/python3.7/site-packages/airflow/example_dags/example_branch_operator_decorator.py took 0.209 seconds
[2025-10-21T01:12:04.040+0000] {processor.py:157} INFO - Started process (PID=2961) to work on /home/airflow/.local/lib/python3.7/site-packages/airflow/example_dags/example_branch_operator_decorator.py
[2025-10-21T01:12:04.041+0000] {processor.py:826} INFO - Processing file /home/airflow/.local/lib/python3.7/site-packages/airflow/example_dags/example_branch_operator_decorator.py for tasks to queue
[2025-10-21T01:12:04.043+0000] {logging_mixin.py:149} INFO - [2025-10-21T01:12:04.043+0000] {dagbag.py:541} INFO - Filling up the DagBag from /home/airflow/.local/lib/python3.7/site-packages/airflow/example_dags/example_branch_operator_decorator.py
[2025-10-21T01:12:04.062+0000] {processor.py:836} INFO - DAG(s) dict_keys(['example_branch_python_operator_decorator']) retrieved from /home/airflow/.local/lib/python3.7/site-packages/airflow/example_dags/example_branch_operator_decorator.py
[2025-10-21T01:12:04.189+0000] {logging_mixin.py:149} INFO - [2025-10-21T01:12:04.189+0000] {dag.py:2726} INFO - Sync 1 DAGs
[2025-10-21T01:12:04.252+0000] {logging_mixin.py:149} INFO - [2025-10-21T01:12:04.252+0000] {dag.py:3490} INFO - Setting next_dagrun for example_branch_python_operator_decorator to 2025-10-20T00:00:00+00:00, run_after=2025-10-21T00:00:00+00:00
[2025-10-21T01:12:04.303+0000] {processor.py:179} INFO - Processing /home/airflow/.local/lib/python3.7/site-packages/airflow/example_dags/example_branch_operator_decorator.py took 0.271 seconds
[2025-10-21T01:12:35.810+0000] {processor.py:157} INFO - Started process (PID=3027) to work on /home/airflow/.local/lib/python3.7/site-packages/airflow/example_dags/example_branch_operator_decorator.py
[2025-10-21T01:12:35.812+0000] {processor.py:826} INFO - Processing file /home/airflow/.local/lib/python3.7/site-packages/airflow/example_dags/example_branch_operator_decorator.py for tasks to queue
[2025-10-21T01:12:35.814+0000] {logging_mixin.py:149} INFO - [2025-10-21T01:12:35.814+0000] {dagbag.py:541} INFO - Filling up the DagBag from /home/airflow/.local/lib/python3.7/site-packages/airflow/example_dags/example_branch_operator_decorator.py
[2025-10-21T01:12:35.835+0000] {processor.py:836} INFO - DAG(s) dict_keys(['example_branch_python_operator_decorator']) retrieved from /home/airflow/.local/lib/python3.7/site-packages/airflow/example_dags/example_branch_operator_decorator.py
[2025-10-21T01:12:35.893+0000] {logging_mixin.py:149} INFO - [2025-10-21T01:12:35.893+0000] {dag.py:2726} INFO - Sync 1 DAGs
[2025-10-21T01:12:35.944+0000] {logging_mixin.py:149} INFO - [2025-10-21T01:12:35.943+0000] {dag.py:3490} INFO - Setting next_dagrun for example_branch_python_operator_decorator to 2025-10-20T00:00:00+00:00, run_after=2025-10-21T00:00:00+00:00
[2025-10-21T01:12:35.987+0000] {processor.py:179} INFO - Processing /home/airflow/.local/lib/python3.7/site-packages/airflow/example_dags/example_branch_operator_decorator.py took 0.184 seconds
[2025-10-21T01:13:06.347+0000] {processor.py:157} INFO - Started process (PID=3084) to work on /home/airflow/.local/lib/python3.7/site-packages/airflow/example_dags/example_branch_operator_decorator.py
[2025-10-21T01:13:06.350+0000] {processor.py:826} INFO - Processing file /home/airflow/.local/lib/python3.7/site-packages/airflow/example_dags/example_branch_operator_decorator.py for tasks to queue
[2025-10-21T01:13:06.352+0000] {logging_mixin.py:149} INFO - [2025-10-21T01:13:06.352+0000] {dagbag.py:541} INFO - Filling up the DagBag from /home/airflow/.local/lib/python3.7/site-packages/airflow/example_dags/example_branch_operator_decorator.py
[2025-10-21T01:13:06.371+0000] {processor.py:836} INFO - DAG(s) dict_keys(['example_branch_python_operator_decorator']) retrieved from /home/airflow/.local/lib/python3.7/site-packages/airflow/example_dags/example_branch_operator_decorator.py
[2025-10-21T01:13:06.424+0000] {logging_mixin.py:149} INFO - [2025-10-21T01:13:06.423+0000] {dag.py:2726} INFO - Sync 1 DAGs
[2025-10-21T01:13:06.475+0000] {logging_mixin.py:149} INFO - [2025-10-21T01:13:06.474+0000] {dag.py:3490} INFO - Setting next_dagrun for example_branch_python_operator_decorator to 2025-10-20T00:00:00+00:00, run_after=2025-10-21T00:00:00+00:00
[2025-10-21T01:13:06.517+0000] {processor.py:179} INFO - Processing /home/airflow/.local/lib/python3.7/site-packages/airflow/example_dags/example_branch_operator_decorator.py took 0.176 seconds
[2025-10-21T01:13:36.950+0000] {processor.py:157} INFO - Started process (PID=3150) to work on /home/airflow/.local/lib/python3.7/site-packages/airflow/example_dags/example_branch_operator_decorator.py
[2025-10-21T01:13:36.952+0000] {processor.py:826} INFO - Processing file /home/airflow/.local/lib/python3.7/site-packages/airflow/example_dags/example_branch_operator_decorator.py for tasks to queue
[2025-10-21T01:13:36.954+0000] {logging_mixin.py:149} INFO - [2025-10-21T01:13:36.953+0000] {dagbag.py:541} INFO - Filling up the DagBag from /home/airflow/.local/lib/python3.7/site-packages/airflow/example_dags/example_branch_operator_decorator.py
[2025-10-21T01:13:36.970+0000] {processor.py:836} INFO - DAG(s) dict_keys(['example_branch_python_operator_decorator']) retrieved from /home/airflow/.local/lib/python3.7/site-packages/airflow/example_dags/example_branch_operator_decorator.py
[2025-10-21T01:13:37.022+0000] {logging_mixin.py:149} INFO - [2025-10-21T01:13:37.022+0000] {dag.py:2726} INFO - Sync 1 DAGs
[2025-10-21T01:13:37.094+0000] {logging_mixin.py:149} INFO - [2025-10-21T01:13:37.094+0000] {dag.py:3490} INFO - Setting next_dagrun for example_branch_python_operator_decorator to 2025-10-20T00:00:00+00:00, run_after=2025-10-21T00:00:00+00:00
[2025-10-21T01:13:37.154+0000] {processor.py:179} INFO - Processing /home/airflow/.local/lib/python3.7/site-packages/airflow/example_dags/example_branch_operator_decorator.py took 0.210 seconds
[2025-10-21T01:14:07.471+0000] {processor.py:157} INFO - Started process (PID=3216) to work on /home/airflow/.local/lib/python3.7/site-packages/airflow/example_dags/example_branch_operator_decorator.py
[2025-10-21T01:14:07.473+0000] {processor.py:826} INFO - Processing file /home/airflow/.local/lib/python3.7/site-packages/airflow/example_dags/example_branch_operator_decorator.py for tasks to queue
[2025-10-21T01:14:07.475+0000] {logging_mixin.py:149} INFO - [2025-10-21T01:14:07.475+0000] {dagbag.py:541} INFO - Filling up the DagBag from /home/airflow/.local/lib/python3.7/site-packages/airflow/example_dags/example_branch_operator_decorator.py
[2025-10-21T01:14:07.494+0000] {processor.py:836} INFO - DAG(s) dict_keys(['example_branch_python_operator_decorator']) retrieved from /home/airflow/.local/lib/python3.7/site-packages/airflow/example_dags/example_branch_operator_decorator.py
[2025-10-21T01:14:07.548+0000] {logging_mixin.py:149} INFO - [2025-10-21T01:14:07.548+0000] {dag.py:2726} INFO - Sync 1 DAGs
[2025-10-21T01:14:07.601+0000] {logging_mixin.py:149} INFO - [2025-10-21T01:14:07.601+0000] {dag.py:3490} INFO - Setting next_dagrun for example_branch_python_operator_decorator to 2025-10-20T00:00:00+00:00, run_after=2025-10-21T00:00:00+00:00
[2025-10-21T01:14:07.661+0000] {processor.py:179} INFO - Processing /home/airflow/.local/lib/python3.7/site-packages/airflow/example_dags/example_branch_operator_decorator.py took 0.196 seconds
[2025-10-21T01:14:37.843+0000] {processor.py:157} INFO - Started process (PID=3281) to work on /home/airflow/.local/lib/python3.7/site-packages/airflow/example_dags/example_branch_operator_decorator.py
[2025-10-21T01:14:37.846+0000] {processor.py:826} INFO - Processing file /home/airflow/.local/lib/python3.7/site-packages/airflow/example_dags/example_branch_operator_decorator.py for tasks to queue
[2025-10-21T01:14:37.848+0000] {logging_mixin.py:149} INFO - [2025-10-21T01:14:37.848+0000] {dagbag.py:541} INFO - Filling up the DagBag from /home/airflow/.local/lib/python3.7/site-packages/airflow/example_dags/example_branch_operator_decorator.py
[2025-10-21T01:14:37.871+0000] {processor.py:836} INFO - DAG(s) dict_keys(['example_branch_python_operator_decorator']) retrieved from /home/airflow/.local/lib/python3.7/site-packages/airflow/example_dags/example_branch_operator_decorator.py
[2025-10-21T01:14:37.923+0000] {logging_mixin.py:149} INFO - [2025-10-21T01:14:37.923+0000] {dag.py:2726} INFO - Sync 1 DAGs
[2025-10-21T01:14:37.975+0000] {logging_mixin.py:149} INFO - [2025-10-21T01:14:37.975+0000] {dag.py:3490} INFO - Setting next_dagrun for example_branch_python_operator_decorator to 2025-10-20T00:00:00+00:00, run_after=2025-10-21T00:00:00+00:00
[2025-10-21T01:14:38.022+0000] {processor.py:179} INFO - Processing /home/airflow/.local/lib/python3.7/site-packages/airflow/example_dags/example_branch_operator_decorator.py took 0.187 seconds
[2025-10-21T01:15:08.412+0000] {processor.py:157} INFO - Started process (PID=3347) to work on /home/airflow/.local/lib/python3.7/site-packages/airflow/example_dags/example_branch_operator_decorator.py
[2025-10-21T01:15:08.414+0000] {processor.py:826} INFO - Processing file /home/airflow/.local/lib/python3.7/site-packages/airflow/example_dags/example_branch_operator_decorator.py for tasks to queue
[2025-10-21T01:15:08.416+0000] {logging_mixin.py:149} INFO - [2025-10-21T01:15:08.416+0000] {dagbag.py:541} INFO - Filling up the DagBag from /home/airflow/.local/lib/python3.7/site-packages/airflow/example_dags/example_branch_operator_decorator.py
[2025-10-21T01:15:08.436+0000] {processor.py:836} INFO - DAG(s) dict_keys(['example_branch_python_operator_decorator']) retrieved from /home/airflow/.local/lib/python3.7/site-packages/airflow/example_dags/example_branch_operator_decorator.py
[2025-10-21T01:15:08.489+0000] {logging_mixin.py:149} INFO - [2025-10-21T01:15:08.489+0000] {dag.py:2726} INFO - Sync 1 DAGs
[2025-10-21T01:15:08.538+0000] {logging_mixin.py:149} INFO - [2025-10-21T01:15:08.538+0000] {dag.py:3490} INFO - Setting next_dagrun for example_branch_python_operator_decorator to 2025-10-20T00:00:00+00:00, run_after=2025-10-21T00:00:00+00:00
[2025-10-21T01:15:08.579+0000] {processor.py:179} INFO - Processing /home/airflow/.local/lib/python3.7/site-packages/airflow/example_dags/example_branch_operator_decorator.py took 0.175 seconds
[2025-10-21T01:15:38.994+0000] {processor.py:157} INFO - Started process (PID=3413) to work on /home/airflow/.local/lib/python3.7/site-packages/airflow/example_dags/example_branch_operator_decorator.py
[2025-10-21T01:15:38.996+0000] {processor.py:826} INFO - Processing file /home/airflow/.local/lib/python3.7/site-packages/airflow/example_dags/example_branch_operator_decorator.py for tasks to queue
[2025-10-21T01:15:38.998+0000] {logging_mixin.py:149} INFO - [2025-10-21T01:15:38.997+0000] {dagbag.py:541} INFO - Filling up the DagBag from /home/airflow/.local/lib/python3.7/site-packages/airflow/example_dags/example_branch_operator_decorator.py
[2025-10-21T01:15:39.018+0000] {processor.py:836} INFO - DAG(s) dict_keys(['example_branch_python_operator_decorator']) retrieved from /home/airflow/.local/lib/python3.7/site-packages/airflow/example_dags/example_branch_operator_decorator.py
[2025-10-21T01:15:39.081+0000] {logging_mixin.py:149} INFO - [2025-10-21T01:15:39.080+0000] {dag.py:2726} INFO - Sync 1 DAGs
[2025-10-21T01:15:39.133+0000] {logging_mixin.py:149} INFO - [2025-10-21T01:15:39.132+0000] {dag.py:3490} INFO - Setting next_dagrun for example_branch_python_operator_decorator to 2025-10-20T00:00:00+00:00, run_after=2025-10-21T00:00:00+00:00
[2025-10-21T01:15:39.177+0000] {processor.py:179} INFO - Processing /home/airflow/.local/lib/python3.7/site-packages/airflow/example_dags/example_branch_operator_decorator.py took 0.190 seconds
[2025-10-21T01:16:09.624+0000] {processor.py:157} INFO - Started process (PID=3480) to work on /home/airflow/.local/lib/python3.7/site-packages/airflow/example_dags/example_branch_operator_decorator.py
[2025-10-21T01:16:09.625+0000] {processor.py:826} INFO - Processing file /home/airflow/.local/lib/python3.7/site-packages/airflow/example_dags/example_branch_operator_decorator.py for tasks to queue
[2025-10-21T01:16:09.627+0000] {logging_mixin.py:149} INFO - [2025-10-21T01:16:09.627+0000] {dagbag.py:541} INFO - Filling up the DagBag from /home/airflow/.local/lib/python3.7/site-packages/airflow/example_dags/example_branch_operator_decorator.py
[2025-10-21T01:16:09.650+0000] {processor.py:836} INFO - DAG(s) dict_keys(['example_branch_python_operator_decorator']) retrieved from /home/airflow/.local/lib/python3.7/site-packages/airflow/example_dags/example_branch_operator_decorator.py
[2025-10-21T01:16:09.711+0000] {logging_mixin.py:149} INFO - [2025-10-21T01:16:09.711+0000] {dag.py:2726} INFO - Sync 1 DAGs
[2025-10-21T01:16:09.767+0000] {logging_mixin.py:149} INFO - [2025-10-21T01:16:09.767+0000] {dag.py:3490} INFO - Setting next_dagrun for example_branch_python_operator_decorator to 2025-10-20T00:00:00+00:00, run_after=2025-10-21T00:00:00+00:00
[2025-10-21T01:16:09.811+0000] {processor.py:179} INFO - Processing /home/airflow/.local/lib/python3.7/site-packages/airflow/example_dags/example_branch_operator_decorator.py took 0.195 seconds
[2025-10-21T01:16:40.169+0000] {processor.py:157} INFO - Started process (PID=3546) to work on /home/airflow/.local/lib/python3.7/site-packages/airflow/example_dags/example_branch_operator_decorator.py
[2025-10-21T01:16:40.171+0000] {processor.py:826} INFO - Processing file /home/airflow/.local/lib/python3.7/site-packages/airflow/example_dags/example_branch_operator_decorator.py for tasks to queue
[2025-10-21T01:16:40.174+0000] {logging_mixin.py:149} INFO - [2025-10-21T01:16:40.173+0000] {dagbag.py:541} INFO - Filling up the DagBag from /home/airflow/.local/lib/python3.7/site-packages/airflow/example_dags/example_branch_operator_decorator.py
[2025-10-21T01:16:40.193+0000] {processor.py:836} INFO - DAG(s) dict_keys(['example_branch_python_operator_decorator']) retrieved from /home/airflow/.local/lib/python3.7/site-packages/airflow/example_dags/example_branch_operator_decorator.py
[2025-10-21T01:16:40.247+0000] {logging_mixin.py:149} INFO - [2025-10-21T01:16:40.247+0000] {dag.py:2726} INFO - Sync 1 DAGs
[2025-10-21T01:16:40.295+0000] {logging_mixin.py:149} INFO - [2025-10-21T01:16:40.295+0000] {dag.py:3490} INFO - Setting next_dagrun for example_branch_python_operator_decorator to 2025-10-20T00:00:00+00:00, run_after=2025-10-21T00:00:00+00:00
[2025-10-21T01:16:40.334+0000] {processor.py:179} INFO - Processing /home/airflow/.local/lib/python3.7/site-packages/airflow/example_dags/example_branch_operator_decorator.py took 0.171 seconds
[2025-10-21T01:17:10.663+0000] {processor.py:157} INFO - Started process (PID=3612) to work on /home/airflow/.local/lib/python3.7/site-packages/airflow/example_dags/example_branch_operator_decorator.py
[2025-10-21T01:17:10.666+0000] {processor.py:826} INFO - Processing file /home/airflow/.local/lib/python3.7/site-packages/airflow/example_dags/example_branch_operator_decorator.py for tasks to queue
[2025-10-21T01:17:10.668+0000] {logging_mixin.py:149} INFO - [2025-10-21T01:17:10.668+0000] {dagbag.py:541} INFO - Filling up the DagBag from /home/airflow/.local/lib/python3.7/site-packages/airflow/example_dags/example_branch_operator_decorator.py
[2025-10-21T01:17:10.691+0000] {processor.py:836} INFO - DAG(s) dict_keys(['example_branch_python_operator_decorator']) retrieved from /home/airflow/.local/lib/python3.7/site-packages/airflow/example_dags/example_branch_operator_decorator.py
[2025-10-21T01:17:10.753+0000] {logging_mixin.py:149} INFO - [2025-10-21T01:17:10.752+0000] {dag.py:2726} INFO - Sync 1 DAGs
[2025-10-21T01:17:10.815+0000] {logging_mixin.py:149} INFO - [2025-10-21T01:17:10.815+0000] {dag.py:3490} INFO - Setting next_dagrun for example_branch_python_operator_decorator to 2025-10-20T00:00:00+00:00, run_after=2025-10-21T00:00:00+00:00
[2025-10-21T01:17:10.860+0000] {processor.py:179} INFO - Processing /home/airflow/.local/lib/python3.7/site-packages/airflow/example_dags/example_branch_operator_decorator.py took 0.205 seconds
