[2025-10-21T00:50:05.927+0000] {processor.py:157} INFO - Started process (PID=126) to work on /home/airflow/.local/lib/python3.7/site-packages/airflow/example_dags/example_short_circuit_decorator.py
[2025-10-21T00:50:05.930+0000] {processor.py:826} INFO - Processing file /home/airflow/.local/lib/python3.7/site-packages/airflow/example_dags/example_short_circuit_decorator.py for tasks to queue
[2025-10-21T00:50:05.933+0000] {logging_mixin.py:149} INFO - [2025-10-21T00:50:05.932+0000] {dagbag.py:541} INFO - Filling up the DagBag from /home/airflow/.local/lib/python3.7/site-packages/airflow/example_dags/example_short_circuit_decorator.py
[2025-10-21T00:50:05.963+0000] {processor.py:836} INFO - DAG(s) dict_keys(['example_short_circuit_decorator']) retrieved from /home/airflow/.local/lib/python3.7/site-packages/airflow/example_dags/example_short_circuit_decorator.py
[2025-10-21T00:50:06.044+0000] {logging_mixin.py:149} INFO - [2025-10-21T00:50:06.043+0000] {dag.py:2726} INFO - Sync 1 DAGs
[2025-10-21T00:50:06.105+0000] {logging_mixin.py:149} INFO - [2025-10-21T00:50:06.105+0000] {dag.py:3490} INFO - Setting next_dagrun for example_short_circuit_decorator to 2025-10-20T00:50:06.105063+00:00, run_after=2025-10-21T00:50:06.105063+00:00
[2025-10-21T00:50:06.160+0000] {processor.py:179} INFO - Processing /home/airflow/.local/lib/python3.7/site-packages/airflow/example_dags/example_short_circuit_decorator.py took 0.243 seconds
[2025-10-21T00:50:36.237+0000] {processor.py:157} INFO - Started process (PID=193) to work on /home/airflow/.local/lib/python3.7/site-packages/airflow/example_dags/example_short_circuit_decorator.py
[2025-10-21T00:50:36.239+0000] {processor.py:826} INFO - Processing file /home/airflow/.local/lib/python3.7/site-packages/airflow/example_dags/example_short_circuit_decorator.py for tasks to queue
[2025-10-21T00:50:36.240+0000] {logging_mixin.py:149} INFO - [2025-10-21T00:50:36.240+0000] {dagbag.py:541} INFO - Filling up the DagBag from /home/airflow/.local/lib/python3.7/site-packages/airflow/example_dags/example_short_circuit_decorator.py
[2025-10-21T00:50:36.266+0000] {processor.py:836} INFO - DAG(s) dict_keys(['example_short_circuit_decorator']) retrieved from /home/airflow/.local/lib/python3.7/site-packages/airflow/example_dags/example_short_circuit_decorator.py
[2025-10-21T00:50:36.321+0000] {logging_mixin.py:149} INFO - [2025-10-21T00:50:36.321+0000] {dag.py:2726} INFO - Sync 1 DAGs
[2025-10-21T00:50:36.387+0000] {logging_mixin.py:149} INFO - [2025-10-21T00:50:36.386+0000] {dag.py:3490} INFO - Setting next_dagrun for example_short_circuit_decorator to 2025-10-20T00:50:36.386074+00:00, run_after=2025-10-21T00:50:36.386074+00:00
[2025-10-21T00:50:36.472+0000] {processor.py:179} INFO - Processing /home/airflow/.local/lib/python3.7/site-packages/airflow/example_dags/example_short_circuit_decorator.py took 0.242 seconds
[2025-10-21T00:51:07.052+0000] {processor.py:157} INFO - Started process (PID=259) to work on /home/airflow/.local/lib/python3.7/site-packages/airflow/example_dags/example_short_circuit_decorator.py
[2025-10-21T00:51:07.054+0000] {processor.py:826} INFO - Processing file /home/airflow/.local/lib/python3.7/site-packages/airflow/example_dags/example_short_circuit_decorator.py for tasks to queue
[2025-10-21T00:51:07.056+0000] {logging_mixin.py:149} INFO - [2025-10-21T00:51:07.056+0000] {dagbag.py:541} INFO - Filling up the DagBag from /home/airflow/.local/lib/python3.7/site-packages/airflow/example_dags/example_short_circuit_decorator.py
[2025-10-21T00:51:07.081+0000] {processor.py:836} INFO - DAG(s) dict_keys(['example_short_circuit_decorator']) retrieved from /home/airflow/.local/lib/python3.7/site-packages/airflow/example_dags/example_short_circuit_decorator.py
[2025-10-21T00:51:07.158+0000] {logging_mixin.py:149} INFO - [2025-10-21T00:51:07.158+0000] {dag.py:2726} INFO - Sync 1 DAGs
[2025-10-21T00:51:07.256+0000] {logging_mixin.py:149} INFO - [2025-10-21T00:51:07.256+0000] {dag.py:3490} INFO - Setting next_dagrun for example_short_circuit_decorator to 2025-10-20T00:51:07.255130+00:00, run_after=2025-10-21T00:51:07.255130+00:00
[2025-10-21T00:51:07.325+0000] {processor.py:179} INFO - Processing /home/airflow/.local/lib/python3.7/site-packages/airflow/example_dags/example_short_circuit_decorator.py took 0.282 seconds
[2025-10-21T00:51:38.494+0000] {processor.py:157} INFO - Started process (PID=324) to work on /home/airflow/.local/lib/python3.7/site-packages/airflow/example_dags/example_short_circuit_decorator.py
[2025-10-21T00:51:38.498+0000] {processor.py:826} INFO - Processing file /home/airflow/.local/lib/python3.7/site-packages/airflow/example_dags/example_short_circuit_decorator.py for tasks to queue
[2025-10-21T00:51:38.500+0000] {logging_mixin.py:149} INFO - [2025-10-21T00:51:38.500+0000] {dagbag.py:541} INFO - Filling up the DagBag from /home/airflow/.local/lib/python3.7/site-packages/airflow/example_dags/example_short_circuit_decorator.py
[2025-10-21T00:51:38.533+0000] {processor.py:836} INFO - DAG(s) dict_keys(['example_short_circuit_decorator']) retrieved from /home/airflow/.local/lib/python3.7/site-packages/airflow/example_dags/example_short_circuit_decorator.py
[2025-10-21T00:51:38.614+0000] {logging_mixin.py:149} INFO - [2025-10-21T00:51:38.613+0000] {dag.py:2726} INFO - Sync 1 DAGs
[2025-10-21T00:51:38.701+0000] {logging_mixin.py:149} INFO - [2025-10-21T00:51:38.700+0000] {dag.py:3490} INFO - Setting next_dagrun for example_short_circuit_decorator to 2025-10-20T00:51:38.700089+00:00, run_after=2025-10-21T00:51:38.700089+00:00
[2025-10-21T00:51:38.768+0000] {processor.py:179} INFO - Processing /home/airflow/.local/lib/python3.7/site-packages/airflow/example_dags/example_short_circuit_decorator.py took 0.286 seconds
[2025-10-21T00:52:09.581+0000] {processor.py:157} INFO - Started process (PID=389) to work on /home/airflow/.local/lib/python3.7/site-packages/airflow/example_dags/example_short_circuit_decorator.py
[2025-10-21T00:52:09.591+0000] {processor.py:826} INFO - Processing file /home/airflow/.local/lib/python3.7/site-packages/airflow/example_dags/example_short_circuit_decorator.py for tasks to queue
[2025-10-21T00:52:09.595+0000] {logging_mixin.py:149} INFO - [2025-10-21T00:52:09.594+0000] {dagbag.py:541} INFO - Filling up the DagBag from /home/airflow/.local/lib/python3.7/site-packages/airflow/example_dags/example_short_circuit_decorator.py
[2025-10-21T00:52:09.648+0000] {processor.py:836} INFO - DAG(s) dict_keys(['example_short_circuit_decorator']) retrieved from /home/airflow/.local/lib/python3.7/site-packages/airflow/example_dags/example_short_circuit_decorator.py
[2025-10-21T00:52:09.759+0000] {logging_mixin.py:149} INFO - [2025-10-21T00:52:09.759+0000] {dag.py:2726} INFO - Sync 1 DAGs
[2025-10-21T00:52:09.846+0000] {logging_mixin.py:149} INFO - [2025-10-21T00:52:09.845+0000] {dag.py:3490} INFO - Setting next_dagrun for example_short_circuit_decorator to 2025-10-20T00:52:09.844600+00:00, run_after=2025-10-21T00:52:09.844600+00:00
[2025-10-21T00:52:09.943+0000] {processor.py:179} INFO - Processing /home/airflow/.local/lib/python3.7/site-packages/airflow/example_dags/example_short_circuit_decorator.py took 0.395 seconds
[2025-10-21T00:52:40.145+0000] {processor.py:157} INFO - Started process (PID=456) to work on /home/airflow/.local/lib/python3.7/site-packages/airflow/example_dags/example_short_circuit_decorator.py
[2025-10-21T00:52:40.147+0000] {processor.py:826} INFO - Processing file /home/airflow/.local/lib/python3.7/site-packages/airflow/example_dags/example_short_circuit_decorator.py for tasks to queue
[2025-10-21T00:52:40.150+0000] {logging_mixin.py:149} INFO - [2025-10-21T00:52:40.150+0000] {dagbag.py:541} INFO - Filling up the DagBag from /home/airflow/.local/lib/python3.7/site-packages/airflow/example_dags/example_short_circuit_decorator.py
[2025-10-21T00:52:40.174+0000] {processor.py:836} INFO - DAG(s) dict_keys(['example_short_circuit_decorator']) retrieved from /home/airflow/.local/lib/python3.7/site-packages/airflow/example_dags/example_short_circuit_decorator.py
[2025-10-21T00:52:40.239+0000] {logging_mixin.py:149} INFO - [2025-10-21T00:52:40.239+0000] {dag.py:2726} INFO - Sync 1 DAGs
[2025-10-21T00:52:40.314+0000] {logging_mixin.py:149} INFO - [2025-10-21T00:52:40.314+0000] {dag.py:3490} INFO - Setting next_dagrun for example_short_circuit_decorator to 2025-10-20T00:52:40.313592+00:00, run_after=2025-10-21T00:52:40.313592+00:00
[2025-10-21T00:52:40.360+0000] {processor.py:179} INFO - Processing /home/airflow/.local/lib/python3.7/site-packages/airflow/example_dags/example_short_circuit_decorator.py took 0.224 seconds
[2025-10-21T00:53:10.587+0000] {processor.py:157} INFO - Started process (PID=523) to work on /home/airflow/.local/lib/python3.7/site-packages/airflow/example_dags/example_short_circuit_decorator.py
[2025-10-21T00:53:10.589+0000] {processor.py:826} INFO - Processing file /home/airflow/.local/lib/python3.7/site-packages/airflow/example_dags/example_short_circuit_decorator.py for tasks to queue
[2025-10-21T00:53:10.591+0000] {logging_mixin.py:149} INFO - [2025-10-21T00:53:10.591+0000] {dagbag.py:541} INFO - Filling up the DagBag from /home/airflow/.local/lib/python3.7/site-packages/airflow/example_dags/example_short_circuit_decorator.py
[2025-10-21T00:53:10.609+0000] {processor.py:836} INFO - DAG(s) dict_keys(['example_short_circuit_decorator']) retrieved from /home/airflow/.local/lib/python3.7/site-packages/airflow/example_dags/example_short_circuit_decorator.py
[2025-10-21T00:53:10.661+0000] {logging_mixin.py:149} INFO - [2025-10-21T00:53:10.661+0000] {dag.py:2726} INFO - Sync 1 DAGs
[2025-10-21T00:53:10.713+0000] {logging_mixin.py:149} INFO - [2025-10-21T00:53:10.713+0000] {dag.py:3490} INFO - Setting next_dagrun for example_short_circuit_decorator to 2025-10-20T00:53:10.712808+00:00, run_after=2025-10-21T00:53:10.712808+00:00
[2025-10-21T00:53:10.755+0000] {processor.py:179} INFO - Processing /home/airflow/.local/lib/python3.7/site-packages/airflow/example_dags/example_short_circuit_decorator.py took 0.175 seconds
[2025-10-21T00:53:41.058+0000] {processor.py:157} INFO - Started process (PID=590) to work on /home/airflow/.local/lib/python3.7/site-packages/airflow/example_dags/example_short_circuit_decorator.py
[2025-10-21T00:53:41.061+0000] {processor.py:826} INFO - Processing file /home/airflow/.local/lib/python3.7/site-packages/airflow/example_dags/example_short_circuit_decorator.py for tasks to queue
[2025-10-21T00:53:41.063+0000] {logging_mixin.py:149} INFO - [2025-10-21T00:53:41.062+0000] {dagbag.py:541} INFO - Filling up the DagBag from /home/airflow/.local/lib/python3.7/site-packages/airflow/example_dags/example_short_circuit_decorator.py
[2025-10-21T00:53:41.083+0000] {processor.py:836} INFO - DAG(s) dict_keys(['example_short_circuit_decorator']) retrieved from /home/airflow/.local/lib/python3.7/site-packages/airflow/example_dags/example_short_circuit_decorator.py
[2025-10-21T00:53:41.140+0000] {logging_mixin.py:149} INFO - [2025-10-21T00:53:41.140+0000] {dag.py:2726} INFO - Sync 1 DAGs
[2025-10-21T00:53:41.188+0000] {logging_mixin.py:149} INFO - [2025-10-21T00:53:41.188+0000] {dag.py:3490} INFO - Setting next_dagrun for example_short_circuit_decorator to 2025-10-20T00:53:41.187693+00:00, run_after=2025-10-21T00:53:41.187693+00:00
[2025-10-21T00:53:41.231+0000] {processor.py:179} INFO - Processing /home/airflow/.local/lib/python3.7/site-packages/airflow/example_dags/example_short_circuit_decorator.py took 0.182 seconds
[2025-10-21T00:54:11.423+0000] {processor.py:157} INFO - Started process (PID=656) to work on /home/airflow/.local/lib/python3.7/site-packages/airflow/example_dags/example_short_circuit_decorator.py
[2025-10-21T00:54:11.425+0000] {processor.py:826} INFO - Processing file /home/airflow/.local/lib/python3.7/site-packages/airflow/example_dags/example_short_circuit_decorator.py for tasks to queue
[2025-10-21T00:54:11.427+0000] {logging_mixin.py:149} INFO - [2025-10-21T00:54:11.426+0000] {dagbag.py:541} INFO - Filling up the DagBag from /home/airflow/.local/lib/python3.7/site-packages/airflow/example_dags/example_short_circuit_decorator.py
[2025-10-21T00:54:11.445+0000] {processor.py:836} INFO - DAG(s) dict_keys(['example_short_circuit_decorator']) retrieved from /home/airflow/.local/lib/python3.7/site-packages/airflow/example_dags/example_short_circuit_decorator.py
[2025-10-21T00:54:11.502+0000] {logging_mixin.py:149} INFO - [2025-10-21T00:54:11.502+0000] {dag.py:2726} INFO - Sync 1 DAGs
[2025-10-21T00:54:11.545+0000] {logging_mixin.py:149} INFO - [2025-10-21T00:54:11.545+0000] {dag.py:3490} INFO - Setting next_dagrun for example_short_circuit_decorator to 2025-10-20T00:54:11.544967+00:00, run_after=2025-10-21T00:54:11.544967+00:00
[2025-10-21T00:54:11.590+0000] {processor.py:179} INFO - Processing /home/airflow/.local/lib/python3.7/site-packages/airflow/example_dags/example_short_circuit_decorator.py took 0.174 seconds
[2025-10-21T00:54:42.250+0000] {processor.py:157} INFO - Started process (PID=722) to work on /home/airflow/.local/lib/python3.7/site-packages/airflow/example_dags/example_short_circuit_decorator.py
[2025-10-21T00:54:42.252+0000] {processor.py:826} INFO - Processing file /home/airflow/.local/lib/python3.7/site-packages/airflow/example_dags/example_short_circuit_decorator.py for tasks to queue
[2025-10-21T00:54:42.255+0000] {logging_mixin.py:149} INFO - [2025-10-21T00:54:42.254+0000] {dagbag.py:541} INFO - Filling up the DagBag from /home/airflow/.local/lib/python3.7/site-packages/airflow/example_dags/example_short_circuit_decorator.py
[2025-10-21T00:54:42.277+0000] {processor.py:836} INFO - DAG(s) dict_keys(['example_short_circuit_decorator']) retrieved from /home/airflow/.local/lib/python3.7/site-packages/airflow/example_dags/example_short_circuit_decorator.py
[2025-10-21T00:54:42.345+0000] {logging_mixin.py:149} INFO - [2025-10-21T00:54:42.345+0000] {dag.py:2726} INFO - Sync 1 DAGs
[2025-10-21T00:54:42.402+0000] {logging_mixin.py:149} INFO - [2025-10-21T00:54:42.402+0000] {dag.py:3490} INFO - Setting next_dagrun for example_short_circuit_decorator to 2025-10-20T00:54:42.401888+00:00, run_after=2025-10-21T00:54:42.401888+00:00
[2025-10-21T00:54:42.450+0000] {processor.py:179} INFO - Processing /home/airflow/.local/lib/python3.7/site-packages/airflow/example_dags/example_short_circuit_decorator.py took 0.208 seconds
[2025-10-21T00:55:12.914+0000] {processor.py:157} INFO - Started process (PID=788) to work on /home/airflow/.local/lib/python3.7/site-packages/airflow/example_dags/example_short_circuit_decorator.py
[2025-10-21T00:55:12.917+0000] {processor.py:826} INFO - Processing file /home/airflow/.local/lib/python3.7/site-packages/airflow/example_dags/example_short_circuit_decorator.py for tasks to queue
[2025-10-21T00:55:12.919+0000] {logging_mixin.py:149} INFO - [2025-10-21T00:55:12.919+0000] {dagbag.py:541} INFO - Filling up the DagBag from /home/airflow/.local/lib/python3.7/site-packages/airflow/example_dags/example_short_circuit_decorator.py
[2025-10-21T00:55:12.936+0000] {processor.py:836} INFO - DAG(s) dict_keys(['example_short_circuit_decorator']) retrieved from /home/airflow/.local/lib/python3.7/site-packages/airflow/example_dags/example_short_circuit_decorator.py
[2025-10-21T00:55:13.001+0000] {logging_mixin.py:149} INFO - [2025-10-21T00:55:13.000+0000] {dag.py:2726} INFO - Sync 1 DAGs
[2025-10-21T00:55:13.062+0000] {logging_mixin.py:149} INFO - [2025-10-21T00:55:13.061+0000] {dag.py:3490} INFO - Setting next_dagrun for example_short_circuit_decorator to 2025-10-20T00:55:13.061077+00:00, run_after=2025-10-21T00:55:13.061077+00:00
[2025-10-21T00:55:13.111+0000] {processor.py:179} INFO - Processing /home/airflow/.local/lib/python3.7/site-packages/airflow/example_dags/example_short_circuit_decorator.py took 0.206 seconds
[2025-10-21T00:55:44.292+0000] {processor.py:157} INFO - Started process (PID=853) to work on /home/airflow/.local/lib/python3.7/site-packages/airflow/example_dags/example_short_circuit_decorator.py
[2025-10-21T00:55:44.294+0000] {processor.py:826} INFO - Processing file /home/airflow/.local/lib/python3.7/site-packages/airflow/example_dags/example_short_circuit_decorator.py for tasks to queue
[2025-10-21T00:55:44.297+0000] {logging_mixin.py:149} INFO - [2025-10-21T00:55:44.296+0000] {dagbag.py:541} INFO - Filling up the DagBag from /home/airflow/.local/lib/python3.7/site-packages/airflow/example_dags/example_short_circuit_decorator.py
[2025-10-21T00:55:44.329+0000] {processor.py:836} INFO - DAG(s) dict_keys(['example_short_circuit_decorator']) retrieved from /home/airflow/.local/lib/python3.7/site-packages/airflow/example_dags/example_short_circuit_decorator.py
[2025-10-21T00:55:44.405+0000] {logging_mixin.py:149} INFO - [2025-10-21T00:55:44.404+0000] {dag.py:2726} INFO - Sync 1 DAGs
[2025-10-21T00:55:44.519+0000] {logging_mixin.py:149} INFO - [2025-10-21T00:55:44.519+0000] {dag.py:3490} INFO - Setting next_dagrun for example_short_circuit_decorator to 2025-10-20T00:55:44.518724+00:00, run_after=2025-10-21T00:55:44.518724+00:00
[2025-10-21T00:55:44.594+0000] {processor.py:179} INFO - Processing /home/airflow/.local/lib/python3.7/site-packages/airflow/example_dags/example_short_circuit_decorator.py took 0.316 seconds
[2025-10-21T00:56:15.104+0000] {processor.py:157} INFO - Started process (PID=919) to work on /home/airflow/.local/lib/python3.7/site-packages/airflow/example_dags/example_short_circuit_decorator.py
[2025-10-21T00:56:15.106+0000] {processor.py:826} INFO - Processing file /home/airflow/.local/lib/python3.7/site-packages/airflow/example_dags/example_short_circuit_decorator.py for tasks to queue
[2025-10-21T00:56:15.108+0000] {logging_mixin.py:149} INFO - [2025-10-21T00:56:15.108+0000] {dagbag.py:541} INFO - Filling up the DagBag from /home/airflow/.local/lib/python3.7/site-packages/airflow/example_dags/example_short_circuit_decorator.py
[2025-10-21T00:56:15.127+0000] {processor.py:836} INFO - DAG(s) dict_keys(['example_short_circuit_decorator']) retrieved from /home/airflow/.local/lib/python3.7/site-packages/airflow/example_dags/example_short_circuit_decorator.py
[2025-10-21T00:56:15.181+0000] {logging_mixin.py:149} INFO - [2025-10-21T00:56:15.181+0000] {dag.py:2726} INFO - Sync 1 DAGs
[2025-10-21T00:56:15.244+0000] {logging_mixin.py:149} INFO - [2025-10-21T00:56:15.243+0000] {dag.py:3490} INFO - Setting next_dagrun for example_short_circuit_decorator to 2025-10-20T00:56:15.243505+00:00, run_after=2025-10-21T00:56:15.243505+00:00
[2025-10-21T00:56:15.288+0000] {processor.py:179} INFO - Processing /home/airflow/.local/lib/python3.7/site-packages/airflow/example_dags/example_short_circuit_decorator.py took 0.193 seconds
[2025-10-21T00:56:45.851+0000] {processor.py:157} INFO - Started process (PID=986) to work on /home/airflow/.local/lib/python3.7/site-packages/airflow/example_dags/example_short_circuit_decorator.py
[2025-10-21T00:56:45.853+0000] {processor.py:826} INFO - Processing file /home/airflow/.local/lib/python3.7/site-packages/airflow/example_dags/example_short_circuit_decorator.py for tasks to queue
[2025-10-21T00:56:45.855+0000] {logging_mixin.py:149} INFO - [2025-10-21T00:56:45.855+0000] {dagbag.py:541} INFO - Filling up the DagBag from /home/airflow/.local/lib/python3.7/site-packages/airflow/example_dags/example_short_circuit_decorator.py
[2025-10-21T00:56:45.880+0000] {processor.py:836} INFO - DAG(s) dict_keys(['example_short_circuit_decorator']) retrieved from /home/airflow/.local/lib/python3.7/site-packages/airflow/example_dags/example_short_circuit_decorator.py
[2025-10-21T00:56:45.942+0000] {logging_mixin.py:149} INFO - [2025-10-21T00:56:45.942+0000] {dag.py:2726} INFO - Sync 1 DAGs
[2025-10-21T00:56:46.000+0000] {logging_mixin.py:149} INFO - [2025-10-21T00:56:46.000+0000] {dag.py:3490} INFO - Setting next_dagrun for example_short_circuit_decorator to 2025-10-20T00:56:45.999383+00:00, run_after=2025-10-21T00:56:45.999383+00:00
[2025-10-21T00:56:46.049+0000] {processor.py:179} INFO - Processing /home/airflow/.local/lib/python3.7/site-packages/airflow/example_dags/example_short_circuit_decorator.py took 0.206 seconds
[2025-10-21T00:57:16.448+0000] {processor.py:157} INFO - Started process (PID=1053) to work on /home/airflow/.local/lib/python3.7/site-packages/airflow/example_dags/example_short_circuit_decorator.py
[2025-10-21T00:57:16.451+0000] {processor.py:826} INFO - Processing file /home/airflow/.local/lib/python3.7/site-packages/airflow/example_dags/example_short_circuit_decorator.py for tasks to queue
[2025-10-21T00:57:16.454+0000] {logging_mixin.py:149} INFO - [2025-10-21T00:57:16.453+0000] {dagbag.py:541} INFO - Filling up the DagBag from /home/airflow/.local/lib/python3.7/site-packages/airflow/example_dags/example_short_circuit_decorator.py
[2025-10-21T00:57:16.507+0000] {processor.py:836} INFO - DAG(s) dict_keys(['example_short_circuit_decorator']) retrieved from /home/airflow/.local/lib/python3.7/site-packages/airflow/example_dags/example_short_circuit_decorator.py
[2025-10-21T00:57:16.642+0000] {logging_mixin.py:149} INFO - [2025-10-21T00:57:16.642+0000] {dag.py:2726} INFO - Sync 1 DAGs
[2025-10-21T00:57:16.762+0000] {logging_mixin.py:149} INFO - [2025-10-21T00:57:16.762+0000] {dag.py:3490} INFO - Setting next_dagrun for example_short_circuit_decorator to 2025-10-20T00:57:16.761862+00:00, run_after=2025-10-21T00:57:16.761862+00:00
[2025-10-21T00:57:16.811+0000] {processor.py:179} INFO - Processing /home/airflow/.local/lib/python3.7/site-packages/airflow/example_dags/example_short_circuit_decorator.py took 0.383 seconds
[2025-10-21T00:57:46.912+0000] {processor.py:157} INFO - Started process (PID=1119) to work on /home/airflow/.local/lib/python3.7/site-packages/airflow/example_dags/example_short_circuit_decorator.py
[2025-10-21T00:57:46.914+0000] {processor.py:826} INFO - Processing file /home/airflow/.local/lib/python3.7/site-packages/airflow/example_dags/example_short_circuit_decorator.py for tasks to queue
[2025-10-21T00:57:46.916+0000] {logging_mixin.py:149} INFO - [2025-10-21T00:57:46.916+0000] {dagbag.py:541} INFO - Filling up the DagBag from /home/airflow/.local/lib/python3.7/site-packages/airflow/example_dags/example_short_circuit_decorator.py
[2025-10-21T00:57:46.931+0000] {processor.py:836} INFO - DAG(s) dict_keys(['example_short_circuit_decorator']) retrieved from /home/airflow/.local/lib/python3.7/site-packages/airflow/example_dags/example_short_circuit_decorator.py
[2025-10-21T00:57:46.976+0000] {logging_mixin.py:149} INFO - [2025-10-21T00:57:46.975+0000] {dag.py:2726} INFO - Sync 1 DAGs
[2025-10-21T00:57:47.018+0000] {logging_mixin.py:149} INFO - [2025-10-21T00:57:47.017+0000] {dag.py:3490} INFO - Setting next_dagrun for example_short_circuit_decorator to 2025-10-20T00:57:47.017355+00:00, run_after=2025-10-21T00:57:47.017355+00:00
[2025-10-21T00:57:47.053+0000] {processor.py:179} INFO - Processing /home/airflow/.local/lib/python3.7/site-packages/airflow/example_dags/example_short_circuit_decorator.py took 0.147 seconds
[2025-10-21T00:58:17.320+0000] {processor.py:157} INFO - Started process (PID=1186) to work on /home/airflow/.local/lib/python3.7/site-packages/airflow/example_dags/example_short_circuit_decorator.py
[2025-10-21T00:58:17.323+0000] {processor.py:826} INFO - Processing file /home/airflow/.local/lib/python3.7/site-packages/airflow/example_dags/example_short_circuit_decorator.py for tasks to queue
[2025-10-21T00:58:17.325+0000] {logging_mixin.py:149} INFO - [2025-10-21T00:58:17.324+0000] {dagbag.py:541} INFO - Filling up the DagBag from /home/airflow/.local/lib/python3.7/site-packages/airflow/example_dags/example_short_circuit_decorator.py
[2025-10-21T00:58:17.366+0000] {processor.py:836} INFO - DAG(s) dict_keys(['example_short_circuit_decorator']) retrieved from /home/airflow/.local/lib/python3.7/site-packages/airflow/example_dags/example_short_circuit_decorator.py
[2025-10-21T00:58:17.434+0000] {logging_mixin.py:149} INFO - [2025-10-21T00:58:17.433+0000] {dag.py:2726} INFO - Sync 1 DAGs
[2025-10-21T00:58:17.488+0000] {logging_mixin.py:149} INFO - [2025-10-21T00:58:17.487+0000] {dag.py:3490} INFO - Setting next_dagrun for example_short_circuit_decorator to 2025-10-20T00:58:17.487307+00:00, run_after=2025-10-21T00:58:17.487307+00:00
[2025-10-21T00:58:17.534+0000] {processor.py:179} INFO - Processing /home/airflow/.local/lib/python3.7/site-packages/airflow/example_dags/example_short_circuit_decorator.py took 0.224 seconds
[2025-10-21T00:58:47.864+0000] {processor.py:157} INFO - Started process (PID=1253) to work on /home/airflow/.local/lib/python3.7/site-packages/airflow/example_dags/example_short_circuit_decorator.py
[2025-10-21T00:58:47.866+0000] {processor.py:826} INFO - Processing file /home/airflow/.local/lib/python3.7/site-packages/airflow/example_dags/example_short_circuit_decorator.py for tasks to queue
[2025-10-21T00:58:47.868+0000] {logging_mixin.py:149} INFO - [2025-10-21T00:58:47.868+0000] {dagbag.py:541} INFO - Filling up the DagBag from /home/airflow/.local/lib/python3.7/site-packages/airflow/example_dags/example_short_circuit_decorator.py
[2025-10-21T00:58:47.890+0000] {processor.py:836} INFO - DAG(s) dict_keys(['example_short_circuit_decorator']) retrieved from /home/airflow/.local/lib/python3.7/site-packages/airflow/example_dags/example_short_circuit_decorator.py
[2025-10-21T00:58:47.941+0000] {logging_mixin.py:149} INFO - [2025-10-21T00:58:47.941+0000] {dag.py:2726} INFO - Sync 1 DAGs
[2025-10-21T00:58:47.993+0000] {logging_mixin.py:149} INFO - [2025-10-21T00:58:47.993+0000] {dag.py:3490} INFO - Setting next_dagrun for example_short_circuit_decorator to 2025-10-20T00:58:47.992794+00:00, run_after=2025-10-21T00:58:47.992794+00:00
[2025-10-21T00:58:48.036+0000] {processor.py:179} INFO - Processing /home/airflow/.local/lib/python3.7/site-packages/airflow/example_dags/example_short_circuit_decorator.py took 0.180 seconds
[2025-10-21T00:59:18.963+0000] {processor.py:157} INFO - Started process (PID=1320) to work on /home/airflow/.local/lib/python3.7/site-packages/airflow/example_dags/example_short_circuit_decorator.py
[2025-10-21T00:59:18.966+0000] {processor.py:826} INFO - Processing file /home/airflow/.local/lib/python3.7/site-packages/airflow/example_dags/example_short_circuit_decorator.py for tasks to queue
[2025-10-21T00:59:18.968+0000] {logging_mixin.py:149} INFO - [2025-10-21T00:59:18.967+0000] {dagbag.py:541} INFO - Filling up the DagBag from /home/airflow/.local/lib/python3.7/site-packages/airflow/example_dags/example_short_circuit_decorator.py
[2025-10-21T00:59:18.987+0000] {processor.py:836} INFO - DAG(s) dict_keys(['example_short_circuit_decorator']) retrieved from /home/airflow/.local/lib/python3.7/site-packages/airflow/example_dags/example_short_circuit_decorator.py
[2025-10-21T00:59:19.044+0000] {logging_mixin.py:149} INFO - [2025-10-21T00:59:19.043+0000] {dag.py:2726} INFO - Sync 1 DAGs
[2025-10-21T00:59:19.097+0000] {logging_mixin.py:149} INFO - [2025-10-21T00:59:19.096+0000] {dag.py:3490} INFO - Setting next_dagrun for example_short_circuit_decorator to 2025-10-20T00:59:19.096299+00:00, run_after=2025-10-21T00:59:19.096299+00:00
[2025-10-21T00:59:19.142+0000] {processor.py:179} INFO - Processing /home/airflow/.local/lib/python3.7/site-packages/airflow/example_dags/example_short_circuit_decorator.py took 0.185 seconds
[2025-10-21T00:59:49.819+0000] {processor.py:157} INFO - Started process (PID=1386) to work on /home/airflow/.local/lib/python3.7/site-packages/airflow/example_dags/example_short_circuit_decorator.py
[2025-10-21T00:59:49.821+0000] {processor.py:826} INFO - Processing file /home/airflow/.local/lib/python3.7/site-packages/airflow/example_dags/example_short_circuit_decorator.py for tasks to queue
[2025-10-21T00:59:49.823+0000] {logging_mixin.py:149} INFO - [2025-10-21T00:59:49.823+0000] {dagbag.py:541} INFO - Filling up the DagBag from /home/airflow/.local/lib/python3.7/site-packages/airflow/example_dags/example_short_circuit_decorator.py
[2025-10-21T00:59:49.841+0000] {processor.py:836} INFO - DAG(s) dict_keys(['example_short_circuit_decorator']) retrieved from /home/airflow/.local/lib/python3.7/site-packages/airflow/example_dags/example_short_circuit_decorator.py
[2025-10-21T00:59:49.898+0000] {logging_mixin.py:149} INFO - [2025-10-21T00:59:49.897+0000] {dag.py:2726} INFO - Sync 1 DAGs
[2025-10-21T00:59:49.953+0000] {logging_mixin.py:149} INFO - [2025-10-21T00:59:49.953+0000] {dag.py:3490} INFO - Setting next_dagrun for example_short_circuit_decorator to 2025-10-20T00:59:49.952850+00:00, run_after=2025-10-21T00:59:49.952850+00:00
[2025-10-21T00:59:50.002+0000] {processor.py:179} INFO - Processing /home/airflow/.local/lib/python3.7/site-packages/airflow/example_dags/example_short_circuit_decorator.py took 0.189 seconds
[2025-10-21T01:00:20.219+0000] {processor.py:157} INFO - Started process (PID=1452) to work on /home/airflow/.local/lib/python3.7/site-packages/airflow/example_dags/example_short_circuit_decorator.py
[2025-10-21T01:00:20.221+0000] {processor.py:826} INFO - Processing file /home/airflow/.local/lib/python3.7/site-packages/airflow/example_dags/example_short_circuit_decorator.py for tasks to queue
[2025-10-21T01:00:20.224+0000] {logging_mixin.py:149} INFO - [2025-10-21T01:00:20.223+0000] {dagbag.py:541} INFO - Filling up the DagBag from /home/airflow/.local/lib/python3.7/site-packages/airflow/example_dags/example_short_circuit_decorator.py
[2025-10-21T01:00:20.244+0000] {processor.py:836} INFO - DAG(s) dict_keys(['example_short_circuit_decorator']) retrieved from /home/airflow/.local/lib/python3.7/site-packages/airflow/example_dags/example_short_circuit_decorator.py
[2025-10-21T01:00:20.294+0000] {logging_mixin.py:149} INFO - [2025-10-21T01:00:20.294+0000] {dag.py:2726} INFO - Sync 1 DAGs
[2025-10-21T01:00:20.343+0000] {logging_mixin.py:149} INFO - [2025-10-21T01:00:20.342+0000] {dag.py:3490} INFO - Setting next_dagrun for example_short_circuit_decorator to 2025-10-20T01:00:20.342155+00:00, run_after=2025-10-21T01:00:20.342155+00:00
[2025-10-21T01:00:20.387+0000] {processor.py:179} INFO - Processing /home/airflow/.local/lib/python3.7/site-packages/airflow/example_dags/example_short_circuit_decorator.py took 0.176 seconds
[2025-10-21T01:00:50.725+0000] {processor.py:157} INFO - Started process (PID=1517) to work on /home/airflow/.local/lib/python3.7/site-packages/airflow/example_dags/example_short_circuit_decorator.py
[2025-10-21T01:00:50.726+0000] {processor.py:826} INFO - Processing file /home/airflow/.local/lib/python3.7/site-packages/airflow/example_dags/example_short_circuit_decorator.py for tasks to queue
[2025-10-21T01:00:50.728+0000] {logging_mixin.py:149} INFO - [2025-10-21T01:00:50.728+0000] {dagbag.py:541} INFO - Filling up the DagBag from /home/airflow/.local/lib/python3.7/site-packages/airflow/example_dags/example_short_circuit_decorator.py
[2025-10-21T01:00:50.743+0000] {processor.py:836} INFO - DAG(s) dict_keys(['example_short_circuit_decorator']) retrieved from /home/airflow/.local/lib/python3.7/site-packages/airflow/example_dags/example_short_circuit_decorator.py
[2025-10-21T01:00:50.792+0000] {logging_mixin.py:149} INFO - [2025-10-21T01:00:50.792+0000] {dag.py:2726} INFO - Sync 1 DAGs
[2025-10-21T01:00:50.846+0000] {logging_mixin.py:149} INFO - [2025-10-21T01:00:50.845+0000] {dag.py:3490} INFO - Setting next_dagrun for example_short_circuit_decorator to 2025-10-20T01:00:50.845320+00:00, run_after=2025-10-21T01:00:50.845320+00:00
[2025-10-21T01:00:50.893+0000] {processor.py:179} INFO - Processing /home/airflow/.local/lib/python3.7/site-packages/airflow/example_dags/example_short_circuit_decorator.py took 0.175 seconds
[2025-10-21T01:01:21.661+0000] {processor.py:157} INFO - Started process (PID=1583) to work on /home/airflow/.local/lib/python3.7/site-packages/airflow/example_dags/example_short_circuit_decorator.py
[2025-10-21T01:01:21.664+0000] {processor.py:826} INFO - Processing file /home/airflow/.local/lib/python3.7/site-packages/airflow/example_dags/example_short_circuit_decorator.py for tasks to queue
[2025-10-21T01:01:21.667+0000] {logging_mixin.py:149} INFO - [2025-10-21T01:01:21.666+0000] {dagbag.py:541} INFO - Filling up the DagBag from /home/airflow/.local/lib/python3.7/site-packages/airflow/example_dags/example_short_circuit_decorator.py
[2025-10-21T01:01:21.686+0000] {processor.py:836} INFO - DAG(s) dict_keys(['example_short_circuit_decorator']) retrieved from /home/airflow/.local/lib/python3.7/site-packages/airflow/example_dags/example_short_circuit_decorator.py
[2025-10-21T01:01:21.744+0000] {logging_mixin.py:149} INFO - [2025-10-21T01:01:21.744+0000] {dag.py:2726} INFO - Sync 1 DAGs
[2025-10-21T01:01:21.797+0000] {logging_mixin.py:149} INFO - [2025-10-21T01:01:21.797+0000] {dag.py:3490} INFO - Setting next_dagrun for example_short_circuit_decorator to 2025-10-20T01:01:21.797134+00:00, run_after=2025-10-21T01:01:21.797134+00:00
[2025-10-21T01:01:21.845+0000] {processor.py:179} INFO - Processing /home/airflow/.local/lib/python3.7/site-packages/airflow/example_dags/example_short_circuit_decorator.py took 0.191 seconds
[2025-10-21T01:01:53.195+0000] {processor.py:157} INFO - Started process (PID=1649) to work on /home/airflow/.local/lib/python3.7/site-packages/airflow/example_dags/example_short_circuit_decorator.py
[2025-10-21T01:01:53.198+0000] {processor.py:826} INFO - Processing file /home/airflow/.local/lib/python3.7/site-packages/airflow/example_dags/example_short_circuit_decorator.py for tasks to queue
[2025-10-21T01:01:53.199+0000] {logging_mixin.py:149} INFO - [2025-10-21T01:01:53.199+0000] {dagbag.py:541} INFO - Filling up the DagBag from /home/airflow/.local/lib/python3.7/site-packages/airflow/example_dags/example_short_circuit_decorator.py
[2025-10-21T01:01:53.222+0000] {processor.py:836} INFO - DAG(s) dict_keys(['example_short_circuit_decorator']) retrieved from /home/airflow/.local/lib/python3.7/site-packages/airflow/example_dags/example_short_circuit_decorator.py
[2025-10-21T01:01:53.277+0000] {logging_mixin.py:149} INFO - [2025-10-21T01:01:53.276+0000] {dag.py:2726} INFO - Sync 1 DAGs
[2025-10-21T01:01:53.329+0000] {logging_mixin.py:149} INFO - [2025-10-21T01:01:53.328+0000] {dag.py:3490} INFO - Setting next_dagrun for example_short_circuit_decorator to 2025-10-20T01:01:53.328376+00:00, run_after=2025-10-21T01:01:53.328376+00:00
[2025-10-21T01:01:53.380+0000] {processor.py:179} INFO - Processing /home/airflow/.local/lib/python3.7/site-packages/airflow/example_dags/example_short_circuit_decorator.py took 0.192 seconds
[2025-10-21T01:02:24.024+0000] {processor.py:157} INFO - Started process (PID=1715) to work on /home/airflow/.local/lib/python3.7/site-packages/airflow/example_dags/example_short_circuit_decorator.py
[2025-10-21T01:02:24.026+0000] {processor.py:826} INFO - Processing file /home/airflow/.local/lib/python3.7/site-packages/airflow/example_dags/example_short_circuit_decorator.py for tasks to queue
[2025-10-21T01:02:24.027+0000] {logging_mixin.py:149} INFO - [2025-10-21T01:02:24.027+0000] {dagbag.py:541} INFO - Filling up the DagBag from /home/airflow/.local/lib/python3.7/site-packages/airflow/example_dags/example_short_circuit_decorator.py
[2025-10-21T01:02:24.045+0000] {processor.py:836} INFO - DAG(s) dict_keys(['example_short_circuit_decorator']) retrieved from /home/airflow/.local/lib/python3.7/site-packages/airflow/example_dags/example_short_circuit_decorator.py
[2025-10-21T01:02:24.104+0000] {logging_mixin.py:149} INFO - [2025-10-21T01:02:24.104+0000] {dag.py:2726} INFO - Sync 1 DAGs
[2025-10-21T01:02:24.154+0000] {logging_mixin.py:149} INFO - [2025-10-21T01:02:24.154+0000] {dag.py:3490} INFO - Setting next_dagrun for example_short_circuit_decorator to 2025-10-20T01:02:24.153988+00:00, run_after=2025-10-21T01:02:24.153988+00:00
[2025-10-21T01:02:24.200+0000] {processor.py:179} INFO - Processing /home/airflow/.local/lib/python3.7/site-packages/airflow/example_dags/example_short_circuit_decorator.py took 0.184 seconds
[2025-10-21T01:02:54.883+0000] {processor.py:157} INFO - Started process (PID=1782) to work on /home/airflow/.local/lib/python3.7/site-packages/airflow/example_dags/example_short_circuit_decorator.py
[2025-10-21T01:02:54.888+0000] {processor.py:826} INFO - Processing file /home/airflow/.local/lib/python3.7/site-packages/airflow/example_dags/example_short_circuit_decorator.py for tasks to queue
[2025-10-21T01:02:54.891+0000] {logging_mixin.py:149} INFO - [2025-10-21T01:02:54.890+0000] {dagbag.py:541} INFO - Filling up the DagBag from /home/airflow/.local/lib/python3.7/site-packages/airflow/example_dags/example_short_circuit_decorator.py
[2025-10-21T01:02:54.925+0000] {processor.py:836} INFO - DAG(s) dict_keys(['example_short_circuit_decorator']) retrieved from /home/airflow/.local/lib/python3.7/site-packages/airflow/example_dags/example_short_circuit_decorator.py
[2025-10-21T01:02:55.042+0000] {logging_mixin.py:149} INFO - [2025-10-21T01:02:55.042+0000] {dag.py:2726} INFO - Sync 1 DAGs
[2025-10-21T01:02:55.125+0000] {logging_mixin.py:149} INFO - [2025-10-21T01:02:55.124+0000] {dag.py:3490} INFO - Setting next_dagrun for example_short_circuit_decorator to 2025-10-20T01:02:55.124147+00:00, run_after=2025-10-21T01:02:55.124147+00:00
[2025-10-21T01:02:55.187+0000] {processor.py:179} INFO - Processing /home/airflow/.local/lib/python3.7/site-packages/airflow/example_dags/example_short_circuit_decorator.py took 0.316 seconds
[2025-10-21T01:03:25.435+0000] {processor.py:157} INFO - Started process (PID=1848) to work on /home/airflow/.local/lib/python3.7/site-packages/airflow/example_dags/example_short_circuit_decorator.py
[2025-10-21T01:03:25.437+0000] {processor.py:826} INFO - Processing file /home/airflow/.local/lib/python3.7/site-packages/airflow/example_dags/example_short_circuit_decorator.py for tasks to queue
[2025-10-21T01:03:25.439+0000] {logging_mixin.py:149} INFO - [2025-10-21T01:03:25.439+0000] {dagbag.py:541} INFO - Filling up the DagBag from /home/airflow/.local/lib/python3.7/site-packages/airflow/example_dags/example_short_circuit_decorator.py
[2025-10-21T01:03:25.459+0000] {processor.py:836} INFO - DAG(s) dict_keys(['example_short_circuit_decorator']) retrieved from /home/airflow/.local/lib/python3.7/site-packages/airflow/example_dags/example_short_circuit_decorator.py
[2025-10-21T01:03:25.513+0000] {logging_mixin.py:149} INFO - [2025-10-21T01:03:25.513+0000] {dag.py:2726} INFO - Sync 1 DAGs
[2025-10-21T01:03:25.572+0000] {logging_mixin.py:149} INFO - [2025-10-21T01:03:25.572+0000] {dag.py:3490} INFO - Setting next_dagrun for example_short_circuit_decorator to 2025-10-20T01:03:25.571615+00:00, run_after=2025-10-21T01:03:25.571615+00:00
[2025-10-21T01:03:25.622+0000] {processor.py:179} INFO - Processing /home/airflow/.local/lib/python3.7/site-packages/airflow/example_dags/example_short_circuit_decorator.py took 0.196 seconds
[2025-10-21T01:03:56.015+0000] {processor.py:157} INFO - Started process (PID=1914) to work on /home/airflow/.local/lib/python3.7/site-packages/airflow/example_dags/example_short_circuit_decorator.py
[2025-10-21T01:03:56.017+0000] {processor.py:826} INFO - Processing file /home/airflow/.local/lib/python3.7/site-packages/airflow/example_dags/example_short_circuit_decorator.py for tasks to queue
[2025-10-21T01:03:56.020+0000] {logging_mixin.py:149} INFO - [2025-10-21T01:03:56.019+0000] {dagbag.py:541} INFO - Filling up the DagBag from /home/airflow/.local/lib/python3.7/site-packages/airflow/example_dags/example_short_circuit_decorator.py
[2025-10-21T01:03:56.040+0000] {processor.py:836} INFO - DAG(s) dict_keys(['example_short_circuit_decorator']) retrieved from /home/airflow/.local/lib/python3.7/site-packages/airflow/example_dags/example_short_circuit_decorator.py
[2025-10-21T01:03:56.094+0000] {logging_mixin.py:149} INFO - [2025-10-21T01:03:56.094+0000] {dag.py:2726} INFO - Sync 1 DAGs
[2025-10-21T01:03:56.152+0000] {logging_mixin.py:149} INFO - [2025-10-21T01:03:56.151+0000] {dag.py:3490} INFO - Setting next_dagrun for example_short_circuit_decorator to 2025-10-20T01:03:56.151009+00:00, run_after=2025-10-21T01:03:56.151009+00:00
[2025-10-21T01:03:56.206+0000] {processor.py:179} INFO - Processing /home/airflow/.local/lib/python3.7/site-packages/airflow/example_dags/example_short_circuit_decorator.py took 0.198 seconds
[2025-10-21T01:04:27.072+0000] {processor.py:157} INFO - Started process (PID=1980) to work on /home/airflow/.local/lib/python3.7/site-packages/airflow/example_dags/example_short_circuit_decorator.py
[2025-10-21T01:04:27.074+0000] {processor.py:826} INFO - Processing file /home/airflow/.local/lib/python3.7/site-packages/airflow/example_dags/example_short_circuit_decorator.py for tasks to queue
[2025-10-21T01:04:27.075+0000] {logging_mixin.py:149} INFO - [2025-10-21T01:04:27.075+0000] {dagbag.py:541} INFO - Filling up the DagBag from /home/airflow/.local/lib/python3.7/site-packages/airflow/example_dags/example_short_circuit_decorator.py
[2025-10-21T01:04:27.094+0000] {processor.py:836} INFO - DAG(s) dict_keys(['example_short_circuit_decorator']) retrieved from /home/airflow/.local/lib/python3.7/site-packages/airflow/example_dags/example_short_circuit_decorator.py
[2025-10-21T01:04:27.147+0000] {logging_mixin.py:149} INFO - [2025-10-21T01:04:27.146+0000] {dag.py:2726} INFO - Sync 1 DAGs
[2025-10-21T01:04:27.209+0000] {logging_mixin.py:149} INFO - [2025-10-21T01:04:27.209+0000] {dag.py:3490} INFO - Setting next_dagrun for example_short_circuit_decorator to 2025-10-20T01:04:27.208876+00:00, run_after=2025-10-21T01:04:27.208876+00:00
[2025-10-21T01:04:27.259+0000] {processor.py:179} INFO - Processing /home/airflow/.local/lib/python3.7/site-packages/airflow/example_dags/example_short_circuit_decorator.py took 0.194 seconds
[2025-10-21T01:04:57.920+0000] {processor.py:157} INFO - Started process (PID=2046) to work on /home/airflow/.local/lib/python3.7/site-packages/airflow/example_dags/example_short_circuit_decorator.py
[2025-10-21T01:04:57.922+0000] {processor.py:826} INFO - Processing file /home/airflow/.local/lib/python3.7/site-packages/airflow/example_dags/example_short_circuit_decorator.py for tasks to queue
[2025-10-21T01:04:57.924+0000] {logging_mixin.py:149} INFO - [2025-10-21T01:04:57.924+0000] {dagbag.py:541} INFO - Filling up the DagBag from /home/airflow/.local/lib/python3.7/site-packages/airflow/example_dags/example_short_circuit_decorator.py
[2025-10-21T01:04:57.942+0000] {processor.py:836} INFO - DAG(s) dict_keys(['example_short_circuit_decorator']) retrieved from /home/airflow/.local/lib/python3.7/site-packages/airflow/example_dags/example_short_circuit_decorator.py
[2025-10-21T01:04:57.999+0000] {logging_mixin.py:149} INFO - [2025-10-21T01:04:57.998+0000] {dag.py:2726} INFO - Sync 1 DAGs
[2025-10-21T01:04:58.053+0000] {logging_mixin.py:149} INFO - [2025-10-21T01:04:58.053+0000] {dag.py:3490} INFO - Setting next_dagrun for example_short_circuit_decorator to 2025-10-20T01:04:58.052373+00:00, run_after=2025-10-21T01:04:58.052373+00:00
[2025-10-21T01:04:58.093+0000] {processor.py:179} INFO - Processing /home/airflow/.local/lib/python3.7/site-packages/airflow/example_dags/example_short_circuit_decorator.py took 0.180 seconds
[2025-10-21T01:05:28.950+0000] {processor.py:157} INFO - Started process (PID=2112) to work on /home/airflow/.local/lib/python3.7/site-packages/airflow/example_dags/example_short_circuit_decorator.py
[2025-10-21T01:05:28.952+0000] {processor.py:826} INFO - Processing file /home/airflow/.local/lib/python3.7/site-packages/airflow/example_dags/example_short_circuit_decorator.py for tasks to queue
[2025-10-21T01:05:28.954+0000] {logging_mixin.py:149} INFO - [2025-10-21T01:05:28.953+0000] {dagbag.py:541} INFO - Filling up the DagBag from /home/airflow/.local/lib/python3.7/site-packages/airflow/example_dags/example_short_circuit_decorator.py
[2025-10-21T01:05:28.975+0000] {processor.py:836} INFO - DAG(s) dict_keys(['example_short_circuit_decorator']) retrieved from /home/airflow/.local/lib/python3.7/site-packages/airflow/example_dags/example_short_circuit_decorator.py
[2025-10-21T01:05:29.035+0000] {logging_mixin.py:149} INFO - [2025-10-21T01:05:29.035+0000] {dag.py:2726} INFO - Sync 1 DAGs
[2025-10-21T01:05:29.094+0000] {logging_mixin.py:149} INFO - [2025-10-21T01:05:29.093+0000] {dag.py:3490} INFO - Setting next_dagrun for example_short_circuit_decorator to 2025-10-20T01:05:29.093262+00:00, run_after=2025-10-21T01:05:29.093262+00:00
[2025-10-21T01:05:29.139+0000] {processor.py:179} INFO - Processing /home/airflow/.local/lib/python3.7/site-packages/airflow/example_dags/example_short_circuit_decorator.py took 0.195 seconds
[2025-10-21T01:05:59.767+0000] {processor.py:157} INFO - Started process (PID=2179) to work on /home/airflow/.local/lib/python3.7/site-packages/airflow/example_dags/example_short_circuit_decorator.py
[2025-10-21T01:05:59.770+0000] {processor.py:826} INFO - Processing file /home/airflow/.local/lib/python3.7/site-packages/airflow/example_dags/example_short_circuit_decorator.py for tasks to queue
[2025-10-21T01:05:59.773+0000] {logging_mixin.py:149} INFO - [2025-10-21T01:05:59.772+0000] {dagbag.py:541} INFO - Filling up the DagBag from /home/airflow/.local/lib/python3.7/site-packages/airflow/example_dags/example_short_circuit_decorator.py
[2025-10-21T01:05:59.797+0000] {processor.py:836} INFO - DAG(s) dict_keys(['example_short_circuit_decorator']) retrieved from /home/airflow/.local/lib/python3.7/site-packages/airflow/example_dags/example_short_circuit_decorator.py
[2025-10-21T01:05:59.859+0000] {logging_mixin.py:149} INFO - [2025-10-21T01:05:59.858+0000] {dag.py:2726} INFO - Sync 1 DAGs
[2025-10-21T01:05:59.926+0000] {logging_mixin.py:149} INFO - [2025-10-21T01:05:59.926+0000] {dag.py:3490} INFO - Setting next_dagrun for example_short_circuit_decorator to 2025-10-20T01:05:59.925344+00:00, run_after=2025-10-21T01:05:59.925344+00:00
[2025-10-21T01:05:59.979+0000] {processor.py:179} INFO - Processing /home/airflow/.local/lib/python3.7/site-packages/airflow/example_dags/example_short_circuit_decorator.py took 0.221 seconds
[2025-10-21T01:06:30.098+0000] {processor.py:157} INFO - Started process (PID=2245) to work on /home/airflow/.local/lib/python3.7/site-packages/airflow/example_dags/example_short_circuit_decorator.py
[2025-10-21T01:06:30.100+0000] {processor.py:826} INFO - Processing file /home/airflow/.local/lib/python3.7/site-packages/airflow/example_dags/example_short_circuit_decorator.py for tasks to queue
[2025-10-21T01:06:30.103+0000] {logging_mixin.py:149} INFO - [2025-10-21T01:06:30.102+0000] {dagbag.py:541} INFO - Filling up the DagBag from /home/airflow/.local/lib/python3.7/site-packages/airflow/example_dags/example_short_circuit_decorator.py
[2025-10-21T01:06:30.120+0000] {processor.py:836} INFO - DAG(s) dict_keys(['example_short_circuit_decorator']) retrieved from /home/airflow/.local/lib/python3.7/site-packages/airflow/example_dags/example_short_circuit_decorator.py
[2025-10-21T01:06:30.173+0000] {logging_mixin.py:149} INFO - [2025-10-21T01:06:30.173+0000] {dag.py:2726} INFO - Sync 1 DAGs
[2025-10-21T01:06:30.218+0000] {logging_mixin.py:149} INFO - [2025-10-21T01:06:30.218+0000] {dag.py:3490} INFO - Setting next_dagrun for example_short_circuit_decorator to 2025-10-20T01:06:30.217938+00:00, run_after=2025-10-21T01:06:30.217938+00:00
[2025-10-21T01:06:30.265+0000] {processor.py:179} INFO - Processing /home/airflow/.local/lib/python3.7/site-packages/airflow/example_dags/example_short_circuit_decorator.py took 0.174 seconds
[2025-10-21T01:07:00.669+0000] {processor.py:157} INFO - Started process (PID=2310) to work on /home/airflow/.local/lib/python3.7/site-packages/airflow/example_dags/example_short_circuit_decorator.py
[2025-10-21T01:07:00.671+0000] {processor.py:826} INFO - Processing file /home/airflow/.local/lib/python3.7/site-packages/airflow/example_dags/example_short_circuit_decorator.py for tasks to queue
[2025-10-21T01:07:00.673+0000] {logging_mixin.py:149} INFO - [2025-10-21T01:07:00.673+0000] {dagbag.py:541} INFO - Filling up the DagBag from /home/airflow/.local/lib/python3.7/site-packages/airflow/example_dags/example_short_circuit_decorator.py
[2025-10-21T01:07:00.690+0000] {processor.py:836} INFO - DAG(s) dict_keys(['example_short_circuit_decorator']) retrieved from /home/airflow/.local/lib/python3.7/site-packages/airflow/example_dags/example_short_circuit_decorator.py
[2025-10-21T01:07:00.747+0000] {logging_mixin.py:149} INFO - [2025-10-21T01:07:00.747+0000] {dag.py:2726} INFO - Sync 1 DAGs
[2025-10-21T01:07:00.803+0000] {logging_mixin.py:149} INFO - [2025-10-21T01:07:00.802+0000] {dag.py:3490} INFO - Setting next_dagrun for example_short_circuit_decorator to 2025-10-20T01:07:00.802409+00:00, run_after=2025-10-21T01:07:00.802409+00:00
[2025-10-21T01:07:00.848+0000] {processor.py:179} INFO - Processing /home/airflow/.local/lib/python3.7/site-packages/airflow/example_dags/example_short_circuit_decorator.py took 0.186 seconds
[2025-10-21T01:07:31.452+0000] {processor.py:157} INFO - Started process (PID=2377) to work on /home/airflow/.local/lib/python3.7/site-packages/airflow/example_dags/example_short_circuit_decorator.py
[2025-10-21T01:07:31.455+0000] {processor.py:826} INFO - Processing file /home/airflow/.local/lib/python3.7/site-packages/airflow/example_dags/example_short_circuit_decorator.py for tasks to queue
[2025-10-21T01:07:31.456+0000] {logging_mixin.py:149} INFO - [2025-10-21T01:07:31.456+0000] {dagbag.py:541} INFO - Filling up the DagBag from /home/airflow/.local/lib/python3.7/site-packages/airflow/example_dags/example_short_circuit_decorator.py
[2025-10-21T01:07:31.473+0000] {processor.py:836} INFO - DAG(s) dict_keys(['example_short_circuit_decorator']) retrieved from /home/airflow/.local/lib/python3.7/site-packages/airflow/example_dags/example_short_circuit_decorator.py
[2025-10-21T01:07:31.528+0000] {logging_mixin.py:149} INFO - [2025-10-21T01:07:31.528+0000] {dag.py:2726} INFO - Sync 1 DAGs
[2025-10-21T01:07:31.575+0000] {logging_mixin.py:149} INFO - [2025-10-21T01:07:31.575+0000] {dag.py:3490} INFO - Setting next_dagrun for example_short_circuit_decorator to 2025-10-20T01:07:31.574569+00:00, run_after=2025-10-21T01:07:31.574569+00:00
[2025-10-21T01:07:31.614+0000] {processor.py:179} INFO - Processing /home/airflow/.local/lib/python3.7/site-packages/airflow/example_dags/example_short_circuit_decorator.py took 0.167 seconds
[2025-10-21T01:08:01.815+0000] {processor.py:157} INFO - Started process (PID=2443) to work on /home/airflow/.local/lib/python3.7/site-packages/airflow/example_dags/example_short_circuit_decorator.py
[2025-10-21T01:08:01.818+0000] {processor.py:826} INFO - Processing file /home/airflow/.local/lib/python3.7/site-packages/airflow/example_dags/example_short_circuit_decorator.py for tasks to queue
[2025-10-21T01:08:01.819+0000] {logging_mixin.py:149} INFO - [2025-10-21T01:08:01.819+0000] {dagbag.py:541} INFO - Filling up the DagBag from /home/airflow/.local/lib/python3.7/site-packages/airflow/example_dags/example_short_circuit_decorator.py
[2025-10-21T01:08:01.844+0000] {processor.py:836} INFO - DAG(s) dict_keys(['example_short_circuit_decorator']) retrieved from /home/airflow/.local/lib/python3.7/site-packages/airflow/example_dags/example_short_circuit_decorator.py
[2025-10-21T01:08:01.894+0000] {logging_mixin.py:149} INFO - [2025-10-21T01:08:01.894+0000] {dag.py:2726} INFO - Sync 1 DAGs
[2025-10-21T01:08:01.940+0000] {logging_mixin.py:149} INFO - [2025-10-21T01:08:01.940+0000] {dag.py:3490} INFO - Setting next_dagrun for example_short_circuit_decorator to 2025-10-20T01:08:01.939756+00:00, run_after=2025-10-21T01:08:01.939756+00:00
[2025-10-21T01:08:01.980+0000] {processor.py:179} INFO - Processing /home/airflow/.local/lib/python3.7/site-packages/airflow/example_dags/example_short_circuit_decorator.py took 0.174 seconds
[2025-10-21T01:08:32.413+0000] {processor.py:157} INFO - Started process (PID=2509) to work on /home/airflow/.local/lib/python3.7/site-packages/airflow/example_dags/example_short_circuit_decorator.py
[2025-10-21T01:08:32.415+0000] {processor.py:826} INFO - Processing file /home/airflow/.local/lib/python3.7/site-packages/airflow/example_dags/example_short_circuit_decorator.py for tasks to queue
[2025-10-21T01:08:32.417+0000] {logging_mixin.py:149} INFO - [2025-10-21T01:08:32.417+0000] {dagbag.py:541} INFO - Filling up the DagBag from /home/airflow/.local/lib/python3.7/site-packages/airflow/example_dags/example_short_circuit_decorator.py
[2025-10-21T01:08:32.434+0000] {processor.py:836} INFO - DAG(s) dict_keys(['example_short_circuit_decorator']) retrieved from /home/airflow/.local/lib/python3.7/site-packages/airflow/example_dags/example_short_circuit_decorator.py
[2025-10-21T01:08:32.484+0000] {logging_mixin.py:149} INFO - [2025-10-21T01:08:32.483+0000] {dag.py:2726} INFO - Sync 1 DAGs
[2025-10-21T01:08:32.533+0000] {logging_mixin.py:149} INFO - [2025-10-21T01:08:32.532+0000] {dag.py:3490} INFO - Setting next_dagrun for example_short_circuit_decorator to 2025-10-20T01:08:32.532541+00:00, run_after=2025-10-21T01:08:32.532541+00:00
[2025-10-21T01:08:32.575+0000] {processor.py:179} INFO - Processing /home/airflow/.local/lib/python3.7/site-packages/airflow/example_dags/example_short_circuit_decorator.py took 0.168 seconds
[2025-10-21T01:09:03.546+0000] {processor.py:157} INFO - Started process (PID=2575) to work on /home/airflow/.local/lib/python3.7/site-packages/airflow/example_dags/example_short_circuit_decorator.py
[2025-10-21T01:09:03.548+0000] {processor.py:826} INFO - Processing file /home/airflow/.local/lib/python3.7/site-packages/airflow/example_dags/example_short_circuit_decorator.py for tasks to queue
[2025-10-21T01:09:03.550+0000] {logging_mixin.py:149} INFO - [2025-10-21T01:09:03.550+0000] {dagbag.py:541} INFO - Filling up the DagBag from /home/airflow/.local/lib/python3.7/site-packages/airflow/example_dags/example_short_circuit_decorator.py
[2025-10-21T01:09:03.574+0000] {processor.py:836} INFO - DAG(s) dict_keys(['example_short_circuit_decorator']) retrieved from /home/airflow/.local/lib/python3.7/site-packages/airflow/example_dags/example_short_circuit_decorator.py
[2025-10-21T01:09:03.638+0000] {logging_mixin.py:149} INFO - [2025-10-21T01:09:03.637+0000] {dag.py:2726} INFO - Sync 1 DAGs
[2025-10-21T01:09:03.707+0000] {logging_mixin.py:149} INFO - [2025-10-21T01:09:03.707+0000] {dag.py:3490} INFO - Setting next_dagrun for example_short_circuit_decorator to 2025-10-20T01:09:03.706531+00:00, run_after=2025-10-21T01:09:03.706531+00:00
[2025-10-21T01:09:03.761+0000] {processor.py:179} INFO - Processing /home/airflow/.local/lib/python3.7/site-packages/airflow/example_dags/example_short_circuit_decorator.py took 0.224 seconds
[2025-10-21T01:09:34.002+0000] {processor.py:157} INFO - Started process (PID=2641) to work on /home/airflow/.local/lib/python3.7/site-packages/airflow/example_dags/example_short_circuit_decorator.py
[2025-10-21T01:09:34.004+0000] {processor.py:826} INFO - Processing file /home/airflow/.local/lib/python3.7/site-packages/airflow/example_dags/example_short_circuit_decorator.py for tasks to queue
[2025-10-21T01:09:34.006+0000] {logging_mixin.py:149} INFO - [2025-10-21T01:09:34.006+0000] {dagbag.py:541} INFO - Filling up the DagBag from /home/airflow/.local/lib/python3.7/site-packages/airflow/example_dags/example_short_circuit_decorator.py
[2025-10-21T01:09:34.029+0000] {processor.py:836} INFO - DAG(s) dict_keys(['example_short_circuit_decorator']) retrieved from /home/airflow/.local/lib/python3.7/site-packages/airflow/example_dags/example_short_circuit_decorator.py
[2025-10-21T01:09:34.085+0000] {logging_mixin.py:149} INFO - [2025-10-21T01:09:34.085+0000] {dag.py:2726} INFO - Sync 1 DAGs
[2025-10-21T01:09:34.149+0000] {logging_mixin.py:149} INFO - [2025-10-21T01:09:34.149+0000] {dag.py:3490} INFO - Setting next_dagrun for example_short_circuit_decorator to 2025-10-20T01:09:34.149007+00:00, run_after=2025-10-21T01:09:34.149007+00:00
[2025-10-21T01:09:34.193+0000] {processor.py:179} INFO - Processing /home/airflow/.local/lib/python3.7/site-packages/airflow/example_dags/example_short_circuit_decorator.py took 0.196 seconds
[2025-10-21T01:10:05.231+0000] {processor.py:157} INFO - Started process (PID=2708) to work on /home/airflow/.local/lib/python3.7/site-packages/airflow/example_dags/example_short_circuit_decorator.py
[2025-10-21T01:10:05.235+0000] {processor.py:826} INFO - Processing file /home/airflow/.local/lib/python3.7/site-packages/airflow/example_dags/example_short_circuit_decorator.py for tasks to queue
[2025-10-21T01:10:05.238+0000] {logging_mixin.py:149} INFO - [2025-10-21T01:10:05.238+0000] {dagbag.py:541} INFO - Filling up the DagBag from /home/airflow/.local/lib/python3.7/site-packages/airflow/example_dags/example_short_circuit_decorator.py
[2025-10-21T01:10:05.284+0000] {processor.py:836} INFO - DAG(s) dict_keys(['example_short_circuit_decorator']) retrieved from /home/airflow/.local/lib/python3.7/site-packages/airflow/example_dags/example_short_circuit_decorator.py
[2025-10-21T01:10:05.375+0000] {logging_mixin.py:149} INFO - [2025-10-21T01:10:05.374+0000] {dag.py:2726} INFO - Sync 1 DAGs
[2025-10-21T01:10:05.468+0000] {logging_mixin.py:149} INFO - [2025-10-21T01:10:05.467+0000] {dag.py:3490} INFO - Setting next_dagrun for example_short_circuit_decorator to 2025-10-20T01:10:05.466241+00:00, run_after=2025-10-21T01:10:05.466241+00:00
[2025-10-21T01:10:05.517+0000] {processor.py:179} INFO - Processing /home/airflow/.local/lib/python3.7/site-packages/airflow/example_dags/example_short_circuit_decorator.py took 0.299 seconds
[2025-10-21T01:10:36.024+0000] {processor.py:157} INFO - Started process (PID=2775) to work on /home/airflow/.local/lib/python3.7/site-packages/airflow/example_dags/example_short_circuit_decorator.py
[2025-10-21T01:10:36.027+0000] {processor.py:826} INFO - Processing file /home/airflow/.local/lib/python3.7/site-packages/airflow/example_dags/example_short_circuit_decorator.py for tasks to queue
[2025-10-21T01:10:36.030+0000] {logging_mixin.py:149} INFO - [2025-10-21T01:10:36.029+0000] {dagbag.py:541} INFO - Filling up the DagBag from /home/airflow/.local/lib/python3.7/site-packages/airflow/example_dags/example_short_circuit_decorator.py
[2025-10-21T01:10:36.052+0000] {processor.py:836} INFO - DAG(s) dict_keys(['example_short_circuit_decorator']) retrieved from /home/airflow/.local/lib/python3.7/site-packages/airflow/example_dags/example_short_circuit_decorator.py
[2025-10-21T01:10:36.106+0000] {logging_mixin.py:149} INFO - [2025-10-21T01:10:36.106+0000] {dag.py:2726} INFO - Sync 1 DAGs
[2025-10-21T01:10:36.156+0000] {logging_mixin.py:149} INFO - [2025-10-21T01:10:36.156+0000] {dag.py:3490} INFO - Setting next_dagrun for example_short_circuit_decorator to 2025-10-20T01:10:36.155707+00:00, run_after=2025-10-21T01:10:36.155707+00:00
[2025-10-21T01:10:36.198+0000] {processor.py:179} INFO - Processing /home/airflow/.local/lib/python3.7/site-packages/airflow/example_dags/example_short_circuit_decorator.py took 0.185 seconds
[2025-10-21T01:11:06.704+0000] {processor.py:157} INFO - Started process (PID=2841) to work on /home/airflow/.local/lib/python3.7/site-packages/airflow/example_dags/example_short_circuit_decorator.py
[2025-10-21T01:11:06.706+0000] {processor.py:826} INFO - Processing file /home/airflow/.local/lib/python3.7/site-packages/airflow/example_dags/example_short_circuit_decorator.py for tasks to queue
[2025-10-21T01:11:06.709+0000] {logging_mixin.py:149} INFO - [2025-10-21T01:11:06.708+0000] {dagbag.py:541} INFO - Filling up the DagBag from /home/airflow/.local/lib/python3.7/site-packages/airflow/example_dags/example_short_circuit_decorator.py
[2025-10-21T01:11:06.727+0000] {processor.py:836} INFO - DAG(s) dict_keys(['example_short_circuit_decorator']) retrieved from /home/airflow/.local/lib/python3.7/site-packages/airflow/example_dags/example_short_circuit_decorator.py
[2025-10-21T01:11:06.777+0000] {logging_mixin.py:149} INFO - [2025-10-21T01:11:06.777+0000] {dag.py:2726} INFO - Sync 1 DAGs
[2025-10-21T01:11:06.820+0000] {logging_mixin.py:149} INFO - [2025-10-21T01:11:06.820+0000] {dag.py:3490} INFO - Setting next_dagrun for example_short_circuit_decorator to 2025-10-20T01:11:06.819789+00:00, run_after=2025-10-21T01:11:06.819789+00:00
[2025-10-21T01:11:06.866+0000] {processor.py:179} INFO - Processing /home/airflow/.local/lib/python3.7/site-packages/airflow/example_dags/example_short_circuit_decorator.py took 0.168 seconds
[2025-10-21T01:11:37.323+0000] {processor.py:157} INFO - Started process (PID=2907) to work on /home/airflow/.local/lib/python3.7/site-packages/airflow/example_dags/example_short_circuit_decorator.py
[2025-10-21T01:11:37.325+0000] {processor.py:826} INFO - Processing file /home/airflow/.local/lib/python3.7/site-packages/airflow/example_dags/example_short_circuit_decorator.py for tasks to queue
[2025-10-21T01:11:37.327+0000] {logging_mixin.py:149} INFO - [2025-10-21T01:11:37.326+0000] {dagbag.py:541} INFO - Filling up the DagBag from /home/airflow/.local/lib/python3.7/site-packages/airflow/example_dags/example_short_circuit_decorator.py
[2025-10-21T01:11:37.345+0000] {processor.py:836} INFO - DAG(s) dict_keys(['example_short_circuit_decorator']) retrieved from /home/airflow/.local/lib/python3.7/site-packages/airflow/example_dags/example_short_circuit_decorator.py
[2025-10-21T01:11:37.407+0000] {logging_mixin.py:149} INFO - [2025-10-21T01:11:37.407+0000] {dag.py:2726} INFO - Sync 1 DAGs
[2025-10-21T01:11:37.477+0000] {logging_mixin.py:149} INFO - [2025-10-21T01:11:37.476+0000] {dag.py:3490} INFO - Setting next_dagrun for example_short_circuit_decorator to 2025-10-20T01:11:37.476049+00:00, run_after=2025-10-21T01:11:37.476049+00:00
[2025-10-21T01:11:37.550+0000] {processor.py:179} INFO - Processing /home/airflow/.local/lib/python3.7/site-packages/airflow/example_dags/example_short_circuit_decorator.py took 0.235 seconds
[2025-10-21T01:12:07.952+0000] {processor.py:157} INFO - Started process (PID=2973) to work on /home/airflow/.local/lib/python3.7/site-packages/airflow/example_dags/example_short_circuit_decorator.py
[2025-10-21T01:12:07.954+0000] {processor.py:826} INFO - Processing file /home/airflow/.local/lib/python3.7/site-packages/airflow/example_dags/example_short_circuit_decorator.py for tasks to queue
[2025-10-21T01:12:07.956+0000] {logging_mixin.py:149} INFO - [2025-10-21T01:12:07.955+0000] {dagbag.py:541} INFO - Filling up the DagBag from /home/airflow/.local/lib/python3.7/site-packages/airflow/example_dags/example_short_circuit_decorator.py
[2025-10-21T01:12:07.979+0000] {processor.py:836} INFO - DAG(s) dict_keys(['example_short_circuit_decorator']) retrieved from /home/airflow/.local/lib/python3.7/site-packages/airflow/example_dags/example_short_circuit_decorator.py
[2025-10-21T01:12:08.055+0000] {logging_mixin.py:149} INFO - [2025-10-21T01:12:08.055+0000] {dag.py:2726} INFO - Sync 1 DAGs
[2025-10-21T01:12:08.112+0000] {logging_mixin.py:149} INFO - [2025-10-21T01:12:08.112+0000] {dag.py:3490} INFO - Setting next_dagrun for example_short_circuit_decorator to 2025-10-20T01:12:08.112200+00:00, run_after=2025-10-21T01:12:08.112200+00:00
[2025-10-21T01:12:08.162+0000] {processor.py:179} INFO - Processing /home/airflow/.local/lib/python3.7/site-packages/airflow/example_dags/example_short_circuit_decorator.py took 0.218 seconds
[2025-10-21T01:12:38.255+0000] {processor.py:157} INFO - Started process (PID=3039) to work on /home/airflow/.local/lib/python3.7/site-packages/airflow/example_dags/example_short_circuit_decorator.py
[2025-10-21T01:12:38.257+0000] {processor.py:826} INFO - Processing file /home/airflow/.local/lib/python3.7/site-packages/airflow/example_dags/example_short_circuit_decorator.py for tasks to queue
[2025-10-21T01:12:38.259+0000] {logging_mixin.py:149} INFO - [2025-10-21T01:12:38.259+0000] {dagbag.py:541} INFO - Filling up the DagBag from /home/airflow/.local/lib/python3.7/site-packages/airflow/example_dags/example_short_circuit_decorator.py
[2025-10-21T01:12:38.278+0000] {processor.py:836} INFO - DAG(s) dict_keys(['example_short_circuit_decorator']) retrieved from /home/airflow/.local/lib/python3.7/site-packages/airflow/example_dags/example_short_circuit_decorator.py
[2025-10-21T01:12:38.332+0000] {logging_mixin.py:149} INFO - [2025-10-21T01:12:38.332+0000] {dag.py:2726} INFO - Sync 1 DAGs
[2025-10-21T01:12:38.379+0000] {logging_mixin.py:149} INFO - [2025-10-21T01:12:38.379+0000] {dag.py:3490} INFO - Setting next_dagrun for example_short_circuit_decorator to 2025-10-20T01:12:38.378627+00:00, run_after=2025-10-21T01:12:38.378627+00:00
[2025-10-21T01:12:38.423+0000] {processor.py:179} INFO - Processing /home/airflow/.local/lib/python3.7/site-packages/airflow/example_dags/example_short_circuit_decorator.py took 0.176 seconds
[2025-10-21T01:13:08.575+0000] {processor.py:157} INFO - Started process (PID=3105) to work on /home/airflow/.local/lib/python3.7/site-packages/airflow/example_dags/example_short_circuit_decorator.py
[2025-10-21T01:13:08.578+0000] {processor.py:826} INFO - Processing file /home/airflow/.local/lib/python3.7/site-packages/airflow/example_dags/example_short_circuit_decorator.py for tasks to queue
[2025-10-21T01:13:08.579+0000] {logging_mixin.py:149} INFO - [2025-10-21T01:13:08.579+0000] {dagbag.py:541} INFO - Filling up the DagBag from /home/airflow/.local/lib/python3.7/site-packages/airflow/example_dags/example_short_circuit_decorator.py
[2025-10-21T01:13:08.596+0000] {processor.py:836} INFO - DAG(s) dict_keys(['example_short_circuit_decorator']) retrieved from /home/airflow/.local/lib/python3.7/site-packages/airflow/example_dags/example_short_circuit_decorator.py
[2025-10-21T01:13:08.654+0000] {logging_mixin.py:149} INFO - [2025-10-21T01:13:08.653+0000] {dag.py:2726} INFO - Sync 1 DAGs
[2025-10-21T01:13:08.698+0000] {logging_mixin.py:149} INFO - [2025-10-21T01:13:08.697+0000] {dag.py:3490} INFO - Setting next_dagrun for example_short_circuit_decorator to 2025-10-20T01:13:08.697354+00:00, run_after=2025-10-21T01:13:08.697354+00:00
[2025-10-21T01:13:08.734+0000] {processor.py:179} INFO - Processing /home/airflow/.local/lib/python3.7/site-packages/airflow/example_dags/example_short_circuit_decorator.py took 0.165 seconds
[2025-10-21T01:13:39.960+0000] {processor.py:157} INFO - Started process (PID=3171) to work on /home/airflow/.local/lib/python3.7/site-packages/airflow/example_dags/example_short_circuit_decorator.py
[2025-10-21T01:13:39.962+0000] {processor.py:826} INFO - Processing file /home/airflow/.local/lib/python3.7/site-packages/airflow/example_dags/example_short_circuit_decorator.py for tasks to queue
[2025-10-21T01:13:39.963+0000] {logging_mixin.py:149} INFO - [2025-10-21T01:13:39.963+0000] {dagbag.py:541} INFO - Filling up the DagBag from /home/airflow/.local/lib/python3.7/site-packages/airflow/example_dags/example_short_circuit_decorator.py
[2025-10-21T01:13:39.980+0000] {processor.py:836} INFO - DAG(s) dict_keys(['example_short_circuit_decorator']) retrieved from /home/airflow/.local/lib/python3.7/site-packages/airflow/example_dags/example_short_circuit_decorator.py
[2025-10-21T01:13:40.029+0000] {logging_mixin.py:149} INFO - [2025-10-21T01:13:40.029+0000] {dag.py:2726} INFO - Sync 1 DAGs
[2025-10-21T01:13:40.084+0000] {logging_mixin.py:149} INFO - [2025-10-21T01:13:40.083+0000] {dag.py:3490} INFO - Setting next_dagrun for example_short_circuit_decorator to 2025-10-20T01:13:40.083114+00:00, run_after=2025-10-21T01:13:40.083114+00:00
[2025-10-21T01:13:40.126+0000] {processor.py:179} INFO - Processing /home/airflow/.local/lib/python3.7/site-packages/airflow/example_dags/example_short_circuit_decorator.py took 0.172 seconds
[2025-10-21T01:14:10.935+0000] {processor.py:157} INFO - Started process (PID=3243) to work on /home/airflow/.local/lib/python3.7/site-packages/airflow/example_dags/example_short_circuit_decorator.py
[2025-10-21T01:14:10.940+0000] {processor.py:826} INFO - Processing file /home/airflow/.local/lib/python3.7/site-packages/airflow/example_dags/example_short_circuit_decorator.py for tasks to queue
[2025-10-21T01:14:10.943+0000] {logging_mixin.py:149} INFO - [2025-10-21T01:14:10.943+0000] {dagbag.py:541} INFO - Filling up the DagBag from /home/airflow/.local/lib/python3.7/site-packages/airflow/example_dags/example_short_circuit_decorator.py
[2025-10-21T01:14:10.975+0000] {processor.py:836} INFO - DAG(s) dict_keys(['example_short_circuit_decorator']) retrieved from /home/airflow/.local/lib/python3.7/site-packages/airflow/example_dags/example_short_circuit_decorator.py
[2025-10-21T01:14:11.042+0000] {logging_mixin.py:149} INFO - [2025-10-21T01:14:11.042+0000] {dag.py:2726} INFO - Sync 1 DAGs
[2025-10-21T01:14:11.102+0000] {logging_mixin.py:149} INFO - [2025-10-21T01:14:11.102+0000] {dag.py:3490} INFO - Setting next_dagrun for example_short_circuit_decorator to 2025-10-20T01:14:11.102141+00:00, run_after=2025-10-21T01:14:11.102141+00:00
[2025-10-21T01:14:11.151+0000] {processor.py:179} INFO - Processing /home/airflow/.local/lib/python3.7/site-packages/airflow/example_dags/example_short_circuit_decorator.py took 0.228 seconds
[2025-10-21T01:14:41.313+0000] {processor.py:157} INFO - Started process (PID=3301) to work on /home/airflow/.local/lib/python3.7/site-packages/airflow/example_dags/example_short_circuit_decorator.py
[2025-10-21T01:14:41.315+0000] {processor.py:826} INFO - Processing file /home/airflow/.local/lib/python3.7/site-packages/airflow/example_dags/example_short_circuit_decorator.py for tasks to queue
[2025-10-21T01:14:41.316+0000] {logging_mixin.py:149} INFO - [2025-10-21T01:14:41.316+0000] {dagbag.py:541} INFO - Filling up the DagBag from /home/airflow/.local/lib/python3.7/site-packages/airflow/example_dags/example_short_circuit_decorator.py
[2025-10-21T01:14:41.342+0000] {processor.py:836} INFO - DAG(s) dict_keys(['example_short_circuit_decorator']) retrieved from /home/airflow/.local/lib/python3.7/site-packages/airflow/example_dags/example_short_circuit_decorator.py
[2025-10-21T01:14:41.407+0000] {logging_mixin.py:149} INFO - [2025-10-21T01:14:41.407+0000] {dag.py:2726} INFO - Sync 1 DAGs
[2025-10-21T01:14:41.469+0000] {logging_mixin.py:149} INFO - [2025-10-21T01:14:41.468+0000] {dag.py:3490} INFO - Setting next_dagrun for example_short_circuit_decorator to 2025-10-20T01:14:41.468161+00:00, run_after=2025-10-21T01:14:41.468161+00:00
[2025-10-21T01:14:41.510+0000] {processor.py:179} INFO - Processing /home/airflow/.local/lib/python3.7/site-packages/airflow/example_dags/example_short_circuit_decorator.py took 0.203 seconds
[2025-10-21T01:15:11.688+0000] {processor.py:157} INFO - Started process (PID=3368) to work on /home/airflow/.local/lib/python3.7/site-packages/airflow/example_dags/example_short_circuit_decorator.py
[2025-10-21T01:15:11.690+0000] {processor.py:826} INFO - Processing file /home/airflow/.local/lib/python3.7/site-packages/airflow/example_dags/example_short_circuit_decorator.py for tasks to queue
[2025-10-21T01:15:11.692+0000] {logging_mixin.py:149} INFO - [2025-10-21T01:15:11.692+0000] {dagbag.py:541} INFO - Filling up the DagBag from /home/airflow/.local/lib/python3.7/site-packages/airflow/example_dags/example_short_circuit_decorator.py
[2025-10-21T01:15:11.707+0000] {processor.py:836} INFO - DAG(s) dict_keys(['example_short_circuit_decorator']) retrieved from /home/airflow/.local/lib/python3.7/site-packages/airflow/example_dags/example_short_circuit_decorator.py
[2025-10-21T01:15:11.753+0000] {logging_mixin.py:149} INFO - [2025-10-21T01:15:11.753+0000] {dag.py:2726} INFO - Sync 1 DAGs
[2025-10-21T01:15:11.799+0000] {logging_mixin.py:149} INFO - [2025-10-21T01:15:11.799+0000] {dag.py:3490} INFO - Setting next_dagrun for example_short_circuit_decorator to 2025-10-20T01:15:11.799209+00:00, run_after=2025-10-21T01:15:11.799209+00:00
[2025-10-21T01:15:11.840+0000] {processor.py:179} INFO - Processing /home/airflow/.local/lib/python3.7/site-packages/airflow/example_dags/example_short_circuit_decorator.py took 0.157 seconds
[2025-10-21T01:15:42.063+0000] {processor.py:157} INFO - Started process (PID=3434) to work on /home/airflow/.local/lib/python3.7/site-packages/airflow/example_dags/example_short_circuit_decorator.py
[2025-10-21T01:15:42.065+0000] {processor.py:826} INFO - Processing file /home/airflow/.local/lib/python3.7/site-packages/airflow/example_dags/example_short_circuit_decorator.py for tasks to queue
[2025-10-21T01:15:42.067+0000] {logging_mixin.py:149} INFO - [2025-10-21T01:15:42.067+0000] {dagbag.py:541} INFO - Filling up the DagBag from /home/airflow/.local/lib/python3.7/site-packages/airflow/example_dags/example_short_circuit_decorator.py
[2025-10-21T01:15:42.083+0000] {processor.py:836} INFO - DAG(s) dict_keys(['example_short_circuit_decorator']) retrieved from /home/airflow/.local/lib/python3.7/site-packages/airflow/example_dags/example_short_circuit_decorator.py
[2025-10-21T01:15:42.130+0000] {logging_mixin.py:149} INFO - [2025-10-21T01:15:42.130+0000] {dag.py:2726} INFO - Sync 1 DAGs
[2025-10-21T01:15:42.175+0000] {logging_mixin.py:149} INFO - [2025-10-21T01:15:42.174+0000] {dag.py:3490} INFO - Setting next_dagrun for example_short_circuit_decorator to 2025-10-20T01:15:42.174427+00:00, run_after=2025-10-21T01:15:42.174427+00:00
[2025-10-21T01:15:42.215+0000] {processor.py:179} INFO - Processing /home/airflow/.local/lib/python3.7/site-packages/airflow/example_dags/example_short_circuit_decorator.py took 0.157 seconds
[2025-10-21T01:16:12.935+0000] {processor.py:157} INFO - Started process (PID=3500) to work on /home/airflow/.local/lib/python3.7/site-packages/airflow/example_dags/example_short_circuit_decorator.py
[2025-10-21T01:16:12.937+0000] {processor.py:826} INFO - Processing file /home/airflow/.local/lib/python3.7/site-packages/airflow/example_dags/example_short_circuit_decorator.py for tasks to queue
[2025-10-21T01:16:12.940+0000] {logging_mixin.py:149} INFO - [2025-10-21T01:16:12.940+0000] {dagbag.py:541} INFO - Filling up the DagBag from /home/airflow/.local/lib/python3.7/site-packages/airflow/example_dags/example_short_circuit_decorator.py
[2025-10-21T01:16:12.961+0000] {processor.py:836} INFO - DAG(s) dict_keys(['example_short_circuit_decorator']) retrieved from /home/airflow/.local/lib/python3.7/site-packages/airflow/example_dags/example_short_circuit_decorator.py
[2025-10-21T01:16:13.016+0000] {logging_mixin.py:149} INFO - [2025-10-21T01:16:13.016+0000] {dag.py:2726} INFO - Sync 1 DAGs
[2025-10-21T01:16:13.064+0000] {logging_mixin.py:149} INFO - [2025-10-21T01:16:13.064+0000] {dag.py:3490} INFO - Setting next_dagrun for example_short_circuit_decorator to 2025-10-20T01:16:13.064019+00:00, run_after=2025-10-21T01:16:13.064019+00:00
[2025-10-21T01:16:13.103+0000] {processor.py:179} INFO - Processing /home/airflow/.local/lib/python3.7/site-packages/airflow/example_dags/example_short_circuit_decorator.py took 0.175 seconds
[2025-10-21T01:16:43.203+0000] {processor.py:157} INFO - Started process (PID=3565) to work on /home/airflow/.local/lib/python3.7/site-packages/airflow/example_dags/example_short_circuit_decorator.py
[2025-10-21T01:16:43.205+0000] {processor.py:826} INFO - Processing file /home/airflow/.local/lib/python3.7/site-packages/airflow/example_dags/example_short_circuit_decorator.py for tasks to queue
[2025-10-21T01:16:43.208+0000] {logging_mixin.py:149} INFO - [2025-10-21T01:16:43.207+0000] {dagbag.py:541} INFO - Filling up the DagBag from /home/airflow/.local/lib/python3.7/site-packages/airflow/example_dags/example_short_circuit_decorator.py
[2025-10-21T01:16:43.226+0000] {processor.py:836} INFO - DAG(s) dict_keys(['example_short_circuit_decorator']) retrieved from /home/airflow/.local/lib/python3.7/site-packages/airflow/example_dags/example_short_circuit_decorator.py
[2025-10-21T01:16:43.280+0000] {logging_mixin.py:149} INFO - [2025-10-21T01:16:43.279+0000] {dag.py:2726} INFO - Sync 1 DAGs
[2025-10-21T01:16:43.331+0000] {logging_mixin.py:149} INFO - [2025-10-21T01:16:43.331+0000] {dag.py:3490} INFO - Setting next_dagrun for example_short_circuit_decorator to 2025-10-20T01:16:43.330884+00:00, run_after=2025-10-21T01:16:43.330884+00:00
[2025-10-21T01:16:43.376+0000] {processor.py:179} INFO - Processing /home/airflow/.local/lib/python3.7/site-packages/airflow/example_dags/example_short_circuit_decorator.py took 0.180 seconds
[2025-10-21T01:17:13.720+0000] {processor.py:157} INFO - Started process (PID=3631) to work on /home/airflow/.local/lib/python3.7/site-packages/airflow/example_dags/example_short_circuit_decorator.py
[2025-10-21T01:17:13.722+0000] {processor.py:826} INFO - Processing file /home/airflow/.local/lib/python3.7/site-packages/airflow/example_dags/example_short_circuit_decorator.py for tasks to queue
[2025-10-21T01:17:13.725+0000] {logging_mixin.py:149} INFO - [2025-10-21T01:17:13.724+0000] {dagbag.py:541} INFO - Filling up the DagBag from /home/airflow/.local/lib/python3.7/site-packages/airflow/example_dags/example_short_circuit_decorator.py
[2025-10-21T01:17:13.744+0000] {processor.py:836} INFO - DAG(s) dict_keys(['example_short_circuit_decorator']) retrieved from /home/airflow/.local/lib/python3.7/site-packages/airflow/example_dags/example_short_circuit_decorator.py
[2025-10-21T01:17:13.796+0000] {logging_mixin.py:149} INFO - [2025-10-21T01:17:13.796+0000] {dag.py:2726} INFO - Sync 1 DAGs
[2025-10-21T01:17:13.849+0000] {logging_mixin.py:149} INFO - [2025-10-21T01:17:13.849+0000] {dag.py:3490} INFO - Setting next_dagrun for example_short_circuit_decorator to 2025-10-20T01:17:13.848727+00:00, run_after=2025-10-21T01:17:13.848727+00:00
[2025-10-21T01:17:13.894+0000] {processor.py:179} INFO - Processing /home/airflow/.local/lib/python3.7/site-packages/airflow/example_dags/example_short_circuit_decorator.py took 0.180 seconds
