[2025-10-21T00:50:05.569+0000] {processor.py:157} INFO - Started process (PID=125) to work on /home/airflow/.local/lib/python3.7/site-packages/airflow/example_dags/example_bash_operator.py
[2025-10-21T00:50:05.572+0000] {processor.py:826} INFO - Processing file /home/airflow/.local/lib/python3.7/site-packages/airflow/example_dags/example_bash_operator.py for tasks to queue
[2025-10-21T00:50:05.574+0000] {logging_mixin.py:149} INFO - [2025-10-21T00:50:05.573+0000] {dagbag.py:541} INFO - Filling up the DagBag from /home/airflow/.local/lib/python3.7/site-packages/airflow/example_dags/example_bash_operator.py
[2025-10-21T00:50:05.615+0000] {processor.py:836} INFO - DAG(s) dict_keys(['example_bash_operator']) retrieved from /home/airflow/.local/lib/python3.7/site-packages/airflow/example_dags/example_bash_operator.py
[2025-10-21T00:50:05.703+0000] {logging_mixin.py:149} INFO - [2025-10-21T00:50:05.703+0000] {dag.py:2726} INFO - Sync 1 DAGs
[2025-10-21T00:50:05.760+0000] {logging_mixin.py:149} INFO - [2025-10-21T00:50:05.760+0000] {dag.py:3490} INFO - Setting next_dagrun for example_bash_operator to 2025-10-20T00:00:00+00:00, run_after=2025-10-21T00:00:00+00:00
[2025-10-21T00:50:05.821+0000] {processor.py:179} INFO - Processing /home/airflow/.local/lib/python3.7/site-packages/airflow/example_dags/example_bash_operator.py took 0.259 seconds
[2025-10-21T00:50:36.056+0000] {processor.py:157} INFO - Started process (PID=191) to work on /home/airflow/.local/lib/python3.7/site-packages/airflow/example_dags/example_bash_operator.py
[2025-10-21T00:50:36.059+0000] {processor.py:826} INFO - Processing file /home/airflow/.local/lib/python3.7/site-packages/airflow/example_dags/example_bash_operator.py for tasks to queue
[2025-10-21T00:50:36.061+0000] {logging_mixin.py:149} INFO - [2025-10-21T00:50:36.061+0000] {dagbag.py:541} INFO - Filling up the DagBag from /home/airflow/.local/lib/python3.7/site-packages/airflow/example_dags/example_bash_operator.py
[2025-10-21T00:50:36.099+0000] {processor.py:836} INFO - DAG(s) dict_keys(['example_bash_operator']) retrieved from /home/airflow/.local/lib/python3.7/site-packages/airflow/example_dags/example_bash_operator.py
[2025-10-21T00:50:36.191+0000] {logging_mixin.py:149} INFO - [2025-10-21T00:50:36.191+0000] {dag.py:2726} INFO - Sync 1 DAGs
[2025-10-21T00:50:36.258+0000] {logging_mixin.py:149} INFO - [2025-10-21T00:50:36.257+0000] {dag.py:3490} INFO - Setting next_dagrun for example_bash_operator to 2025-10-20T00:00:00+00:00, run_after=2025-10-21T00:00:00+00:00
[2025-10-21T00:50:36.318+0000] {processor.py:179} INFO - Processing /home/airflow/.local/lib/python3.7/site-packages/airflow/example_dags/example_bash_operator.py took 0.269 seconds
[2025-10-21T00:51:06.571+0000] {processor.py:157} INFO - Started process (PID=257) to work on /home/airflow/.local/lib/python3.7/site-packages/airflow/example_dags/example_bash_operator.py
[2025-10-21T00:51:06.574+0000] {processor.py:826} INFO - Processing file /home/airflow/.local/lib/python3.7/site-packages/airflow/example_dags/example_bash_operator.py for tasks to queue
[2025-10-21T00:51:06.576+0000] {logging_mixin.py:149} INFO - [2025-10-21T00:51:06.576+0000] {dagbag.py:541} INFO - Filling up the DagBag from /home/airflow/.local/lib/python3.7/site-packages/airflow/example_dags/example_bash_operator.py
[2025-10-21T00:51:06.616+0000] {processor.py:836} INFO - DAG(s) dict_keys(['example_bash_operator']) retrieved from /home/airflow/.local/lib/python3.7/site-packages/airflow/example_dags/example_bash_operator.py
[2025-10-21T00:51:06.749+0000] {logging_mixin.py:149} INFO - [2025-10-21T00:51:06.748+0000] {dag.py:2726} INFO - Sync 1 DAGs
[2025-10-21T00:51:06.857+0000] {logging_mixin.py:149} INFO - [2025-10-21T00:51:06.857+0000] {dag.py:3490} INFO - Setting next_dagrun for example_bash_operator to 2025-10-20T00:00:00+00:00, run_after=2025-10-21T00:00:00+00:00
[2025-10-21T00:51:06.938+0000] {processor.py:179} INFO - Processing /home/airflow/.local/lib/python3.7/site-packages/airflow/example_dags/example_bash_operator.py took 0.376 seconds
[2025-10-21T00:51:38.440+0000] {processor.py:157} INFO - Started process (PID=323) to work on /home/airflow/.local/lib/python3.7/site-packages/airflow/example_dags/example_bash_operator.py
[2025-10-21T00:51:38.443+0000] {processor.py:826} INFO - Processing file /home/airflow/.local/lib/python3.7/site-packages/airflow/example_dags/example_bash_operator.py for tasks to queue
[2025-10-21T00:51:38.448+0000] {logging_mixin.py:149} INFO - [2025-10-21T00:51:38.447+0000] {dagbag.py:541} INFO - Filling up the DagBag from /home/airflow/.local/lib/python3.7/site-packages/airflow/example_dags/example_bash_operator.py
[2025-10-21T00:51:38.497+0000] {processor.py:836} INFO - DAG(s) dict_keys(['example_bash_operator']) retrieved from /home/airflow/.local/lib/python3.7/site-packages/airflow/example_dags/example_bash_operator.py
[2025-10-21T00:51:38.600+0000] {logging_mixin.py:149} INFO - [2025-10-21T00:51:38.599+0000] {dag.py:2726} INFO - Sync 1 DAGs
[2025-10-21T00:51:38.693+0000] {logging_mixin.py:149} INFO - [2025-10-21T00:51:38.693+0000] {dag.py:3490} INFO - Setting next_dagrun for example_bash_operator to 2025-10-20T00:00:00+00:00, run_after=2025-10-21T00:00:00+00:00
[2025-10-21T00:51:38.759+0000] {processor.py:179} INFO - Processing /home/airflow/.local/lib/python3.7/site-packages/airflow/example_dags/example_bash_operator.py took 0.330 seconds
[2025-10-21T00:52:09.130+0000] {processor.py:157} INFO - Started process (PID=388) to work on /home/airflow/.local/lib/python3.7/site-packages/airflow/example_dags/example_bash_operator.py
[2025-10-21T00:52:09.132+0000] {processor.py:826} INFO - Processing file /home/airflow/.local/lib/python3.7/site-packages/airflow/example_dags/example_bash_operator.py for tasks to queue
[2025-10-21T00:52:09.136+0000] {logging_mixin.py:149} INFO - [2025-10-21T00:52:09.135+0000] {dagbag.py:541} INFO - Filling up the DagBag from /home/airflow/.local/lib/python3.7/site-packages/airflow/example_dags/example_bash_operator.py
[2025-10-21T00:52:09.170+0000] {processor.py:836} INFO - DAG(s) dict_keys(['example_bash_operator']) retrieved from /home/airflow/.local/lib/python3.7/site-packages/airflow/example_dags/example_bash_operator.py
[2025-10-21T00:52:09.285+0000] {logging_mixin.py:149} INFO - [2025-10-21T00:52:09.285+0000] {dag.py:2726} INFO - Sync 1 DAGs
[2025-10-21T00:52:09.357+0000] {logging_mixin.py:149} INFO - [2025-10-21T00:52:09.356+0000] {dag.py:3490} INFO - Setting next_dagrun for example_bash_operator to 2025-10-20T00:00:00+00:00, run_after=2025-10-21T00:00:00+00:00
[2025-10-21T00:52:09.421+0000] {processor.py:179} INFO - Processing /home/airflow/.local/lib/python3.7/site-packages/airflow/example_dags/example_bash_operator.py took 0.301 seconds
[2025-10-21T00:52:39.967+0000] {processor.py:157} INFO - Started process (PID=454) to work on /home/airflow/.local/lib/python3.7/site-packages/airflow/example_dags/example_bash_operator.py
[2025-10-21T00:52:39.971+0000] {processor.py:826} INFO - Processing file /home/airflow/.local/lib/python3.7/site-packages/airflow/example_dags/example_bash_operator.py for tasks to queue
[2025-10-21T00:52:39.973+0000] {logging_mixin.py:149} INFO - [2025-10-21T00:52:39.973+0000] {dagbag.py:541} INFO - Filling up the DagBag from /home/airflow/.local/lib/python3.7/site-packages/airflow/example_dags/example_bash_operator.py
[2025-10-21T00:52:40.008+0000] {processor.py:836} INFO - DAG(s) dict_keys(['example_bash_operator']) retrieved from /home/airflow/.local/lib/python3.7/site-packages/airflow/example_dags/example_bash_operator.py
[2025-10-21T00:52:40.094+0000] {logging_mixin.py:149} INFO - [2025-10-21T00:52:40.094+0000] {dag.py:2726} INFO - Sync 1 DAGs
[2025-10-21T00:52:40.158+0000] {logging_mixin.py:149} INFO - [2025-10-21T00:52:40.158+0000] {dag.py:3490} INFO - Setting next_dagrun for example_bash_operator to 2025-10-20T00:00:00+00:00, run_after=2025-10-21T00:00:00+00:00
[2025-10-21T00:52:40.206+0000] {processor.py:179} INFO - Processing /home/airflow/.local/lib/python3.7/site-packages/airflow/example_dags/example_bash_operator.py took 0.251 seconds
[2025-10-21T00:53:10.581+0000] {processor.py:157} INFO - Started process (PID=522) to work on /home/airflow/.local/lib/python3.7/site-packages/airflow/example_dags/example_bash_operator.py
[2025-10-21T00:53:10.584+0000] {processor.py:826} INFO - Processing file /home/airflow/.local/lib/python3.7/site-packages/airflow/example_dags/example_bash_operator.py for tasks to queue
[2025-10-21T00:53:10.586+0000] {logging_mixin.py:149} INFO - [2025-10-21T00:53:10.585+0000] {dagbag.py:541} INFO - Filling up the DagBag from /home/airflow/.local/lib/python3.7/site-packages/airflow/example_dags/example_bash_operator.py
[2025-10-21T00:53:10.614+0000] {processor.py:836} INFO - DAG(s) dict_keys(['example_bash_operator']) retrieved from /home/airflow/.local/lib/python3.7/site-packages/airflow/example_dags/example_bash_operator.py
[2025-10-21T00:53:10.690+0000] {logging_mixin.py:149} INFO - [2025-10-21T00:53:10.690+0000] {dag.py:2726} INFO - Sync 1 DAGs
[2025-10-21T00:53:10.744+0000] {logging_mixin.py:149} INFO - [2025-10-21T00:53:10.743+0000] {dag.py:3490} INFO - Setting next_dagrun for example_bash_operator to 2025-10-20T00:00:00+00:00, run_after=2025-10-21T00:00:00+00:00
[2025-10-21T00:53:10.790+0000] {processor.py:179} INFO - Processing /home/airflow/.local/lib/python3.7/site-packages/airflow/example_dags/example_bash_operator.py took 0.217 seconds
[2025-10-21T00:53:41.051+0000] {processor.py:157} INFO - Started process (PID=589) to work on /home/airflow/.local/lib/python3.7/site-packages/airflow/example_dags/example_bash_operator.py
[2025-10-21T00:53:41.053+0000] {processor.py:826} INFO - Processing file /home/airflow/.local/lib/python3.7/site-packages/airflow/example_dags/example_bash_operator.py for tasks to queue
[2025-10-21T00:53:41.056+0000] {logging_mixin.py:149} INFO - [2025-10-21T00:53:41.055+0000] {dagbag.py:541} INFO - Filling up the DagBag from /home/airflow/.local/lib/python3.7/site-packages/airflow/example_dags/example_bash_operator.py
[2025-10-21T00:53:41.085+0000] {processor.py:836} INFO - DAG(s) dict_keys(['example_bash_operator']) retrieved from /home/airflow/.local/lib/python3.7/site-packages/airflow/example_dags/example_bash_operator.py
[2025-10-21T00:53:41.159+0000] {logging_mixin.py:149} INFO - [2025-10-21T00:53:41.159+0000] {dag.py:2726} INFO - Sync 1 DAGs
[2025-10-21T00:53:41.210+0000] {logging_mixin.py:149} INFO - [2025-10-21T00:53:41.210+0000] {dag.py:3490} INFO - Setting next_dagrun for example_bash_operator to 2025-10-20T00:00:00+00:00, run_after=2025-10-21T00:00:00+00:00
[2025-10-21T00:53:41.251+0000] {processor.py:179} INFO - Processing /home/airflow/.local/lib/python3.7/site-packages/airflow/example_dags/example_bash_operator.py took 0.209 seconds
[2025-10-21T00:54:11.371+0000] {processor.py:157} INFO - Started process (PID=655) to work on /home/airflow/.local/lib/python3.7/site-packages/airflow/example_dags/example_bash_operator.py
[2025-10-21T00:54:11.373+0000] {processor.py:826} INFO - Processing file /home/airflow/.local/lib/python3.7/site-packages/airflow/example_dags/example_bash_operator.py for tasks to queue
[2025-10-21T00:54:11.375+0000] {logging_mixin.py:149} INFO - [2025-10-21T00:54:11.375+0000] {dagbag.py:541} INFO - Filling up the DagBag from /home/airflow/.local/lib/python3.7/site-packages/airflow/example_dags/example_bash_operator.py
[2025-10-21T00:54:11.408+0000] {processor.py:836} INFO - DAG(s) dict_keys(['example_bash_operator']) retrieved from /home/airflow/.local/lib/python3.7/site-packages/airflow/example_dags/example_bash_operator.py
[2025-10-21T00:54:11.472+0000] {logging_mixin.py:149} INFO - [2025-10-21T00:54:11.471+0000] {dag.py:2726} INFO - Sync 1 DAGs
[2025-10-21T00:54:11.523+0000] {logging_mixin.py:149} INFO - [2025-10-21T00:54:11.523+0000] {dag.py:3490} INFO - Setting next_dagrun for example_bash_operator to 2025-10-20T00:00:00+00:00, run_after=2025-10-21T00:00:00+00:00
[2025-10-21T00:54:11.561+0000] {processor.py:179} INFO - Processing /home/airflow/.local/lib/python3.7/site-packages/airflow/example_dags/example_bash_operator.py took 0.197 seconds
[2025-10-21T00:54:41.959+0000] {processor.py:157} INFO - Started process (PID=721) to work on /home/airflow/.local/lib/python3.7/site-packages/airflow/example_dags/example_bash_operator.py
[2025-10-21T00:54:41.962+0000] {processor.py:826} INFO - Processing file /home/airflow/.local/lib/python3.7/site-packages/airflow/example_dags/example_bash_operator.py for tasks to queue
[2025-10-21T00:54:41.964+0000] {logging_mixin.py:149} INFO - [2025-10-21T00:54:41.964+0000] {dagbag.py:541} INFO - Filling up the DagBag from /home/airflow/.local/lib/python3.7/site-packages/airflow/example_dags/example_bash_operator.py
[2025-10-21T00:54:41.996+0000] {processor.py:836} INFO - DAG(s) dict_keys(['example_bash_operator']) retrieved from /home/airflow/.local/lib/python3.7/site-packages/airflow/example_dags/example_bash_operator.py
[2025-10-21T00:54:42.064+0000] {logging_mixin.py:149} INFO - [2025-10-21T00:54:42.063+0000] {dag.py:2726} INFO - Sync 1 DAGs
[2025-10-21T00:54:42.122+0000] {logging_mixin.py:149} INFO - [2025-10-21T00:54:42.122+0000] {dag.py:3490} INFO - Setting next_dagrun for example_bash_operator to 2025-10-20T00:00:00+00:00, run_after=2025-10-21T00:00:00+00:00
[2025-10-21T00:54:42.166+0000] {processor.py:179} INFO - Processing /home/airflow/.local/lib/python3.7/site-packages/airflow/example_dags/example_bash_operator.py took 0.214 seconds
[2025-10-21T00:55:12.751+0000] {processor.py:157} INFO - Started process (PID=786) to work on /home/airflow/.local/lib/python3.7/site-packages/airflow/example_dags/example_bash_operator.py
[2025-10-21T00:55:12.753+0000] {processor.py:826} INFO - Processing file /home/airflow/.local/lib/python3.7/site-packages/airflow/example_dags/example_bash_operator.py for tasks to queue
[2025-10-21T00:55:12.756+0000] {logging_mixin.py:149} INFO - [2025-10-21T00:55:12.755+0000] {dagbag.py:541} INFO - Filling up the DagBag from /home/airflow/.local/lib/python3.7/site-packages/airflow/example_dags/example_bash_operator.py
[2025-10-21T00:55:12.788+0000] {processor.py:836} INFO - DAG(s) dict_keys(['example_bash_operator']) retrieved from /home/airflow/.local/lib/python3.7/site-packages/airflow/example_dags/example_bash_operator.py
[2025-10-21T00:55:12.874+0000] {logging_mixin.py:149} INFO - [2025-10-21T00:55:12.873+0000] {dag.py:2726} INFO - Sync 1 DAGs
[2025-10-21T00:55:12.931+0000] {logging_mixin.py:149} INFO - [2025-10-21T00:55:12.931+0000] {dag.py:3490} INFO - Setting next_dagrun for example_bash_operator to 2025-10-20T00:00:00+00:00, run_after=2025-10-21T00:00:00+00:00
[2025-10-21T00:55:12.978+0000] {processor.py:179} INFO - Processing /home/airflow/.local/lib/python3.7/site-packages/airflow/example_dags/example_bash_operator.py took 0.234 seconds
[2025-10-21T00:55:44.030+0000] {processor.py:157} INFO - Started process (PID=852) to work on /home/airflow/.local/lib/python3.7/site-packages/airflow/example_dags/example_bash_operator.py
[2025-10-21T00:55:44.033+0000] {processor.py:826} INFO - Processing file /home/airflow/.local/lib/python3.7/site-packages/airflow/example_dags/example_bash_operator.py for tasks to queue
[2025-10-21T00:55:44.035+0000] {logging_mixin.py:149} INFO - [2025-10-21T00:55:44.034+0000] {dagbag.py:541} INFO - Filling up the DagBag from /home/airflow/.local/lib/python3.7/site-packages/airflow/example_dags/example_bash_operator.py
[2025-10-21T00:55:44.071+0000] {processor.py:836} INFO - DAG(s) dict_keys(['example_bash_operator']) retrieved from /home/airflow/.local/lib/python3.7/site-packages/airflow/example_dags/example_bash_operator.py
[2025-10-21T00:55:44.172+0000] {logging_mixin.py:149} INFO - [2025-10-21T00:55:44.172+0000] {dag.py:2726} INFO - Sync 1 DAGs
[2025-10-21T00:55:44.245+0000] {logging_mixin.py:149} INFO - [2025-10-21T00:55:44.244+0000] {dag.py:3490} INFO - Setting next_dagrun for example_bash_operator to 2025-10-20T00:00:00+00:00, run_after=2025-10-21T00:00:00+00:00
[2025-10-21T00:55:44.296+0000] {processor.py:179} INFO - Processing /home/airflow/.local/lib/python3.7/site-packages/airflow/example_dags/example_bash_operator.py took 0.274 seconds
[2025-10-21T00:56:14.929+0000] {processor.py:157} INFO - Started process (PID=918) to work on /home/airflow/.local/lib/python3.7/site-packages/airflow/example_dags/example_bash_operator.py
[2025-10-21T00:56:14.931+0000] {processor.py:826} INFO - Processing file /home/airflow/.local/lib/python3.7/site-packages/airflow/example_dags/example_bash_operator.py for tasks to queue
[2025-10-21T00:56:14.933+0000] {logging_mixin.py:149} INFO - [2025-10-21T00:56:14.933+0000] {dagbag.py:541} INFO - Filling up the DagBag from /home/airflow/.local/lib/python3.7/site-packages/airflow/example_dags/example_bash_operator.py
[2025-10-21T00:56:14.966+0000] {processor.py:836} INFO - DAG(s) dict_keys(['example_bash_operator']) retrieved from /home/airflow/.local/lib/python3.7/site-packages/airflow/example_dags/example_bash_operator.py
[2025-10-21T00:56:15.059+0000] {logging_mixin.py:149} INFO - [2025-10-21T00:56:15.059+0000] {dag.py:2726} INFO - Sync 1 DAGs
[2025-10-21T00:56:15.134+0000] {logging_mixin.py:149} INFO - [2025-10-21T00:56:15.134+0000] {dag.py:3490} INFO - Setting next_dagrun for example_bash_operator to 2025-10-20T00:00:00+00:00, run_after=2025-10-21T00:00:00+00:00
[2025-10-21T00:56:15.177+0000] {processor.py:179} INFO - Processing /home/airflow/.local/lib/python3.7/site-packages/airflow/example_dags/example_bash_operator.py took 0.256 seconds
[2025-10-21T00:56:45.579+0000] {processor.py:157} INFO - Started process (PID=985) to work on /home/airflow/.local/lib/python3.7/site-packages/airflow/example_dags/example_bash_operator.py
[2025-10-21T00:56:45.581+0000] {processor.py:826} INFO - Processing file /home/airflow/.local/lib/python3.7/site-packages/airflow/example_dags/example_bash_operator.py for tasks to queue
[2025-10-21T00:56:45.582+0000] {logging_mixin.py:149} INFO - [2025-10-21T00:56:45.582+0000] {dagbag.py:541} INFO - Filling up the DagBag from /home/airflow/.local/lib/python3.7/site-packages/airflow/example_dags/example_bash_operator.py
[2025-10-21T00:56:45.606+0000] {processor.py:836} INFO - DAG(s) dict_keys(['example_bash_operator']) retrieved from /home/airflow/.local/lib/python3.7/site-packages/airflow/example_dags/example_bash_operator.py
[2025-10-21T00:56:45.674+0000] {logging_mixin.py:149} INFO - [2025-10-21T00:56:45.674+0000] {dag.py:2726} INFO - Sync 1 DAGs
[2025-10-21T00:56:45.727+0000] {logging_mixin.py:149} INFO - [2025-10-21T00:56:45.726+0000] {dag.py:3490} INFO - Setting next_dagrun for example_bash_operator to 2025-10-20T00:00:00+00:00, run_after=2025-10-21T00:00:00+00:00
[2025-10-21T00:56:45.768+0000] {processor.py:179} INFO - Processing /home/airflow/.local/lib/python3.7/site-packages/airflow/example_dags/example_bash_operator.py took 0.195 seconds
[2025-10-21T00:57:16.097+0000] {processor.py:157} INFO - Started process (PID=1051) to work on /home/airflow/.local/lib/python3.7/site-packages/airflow/example_dags/example_bash_operator.py
[2025-10-21T00:57:16.103+0000] {processor.py:826} INFO - Processing file /home/airflow/.local/lib/python3.7/site-packages/airflow/example_dags/example_bash_operator.py for tasks to queue
[2025-10-21T00:57:16.106+0000] {logging_mixin.py:149} INFO - [2025-10-21T00:57:16.105+0000] {dagbag.py:541} INFO - Filling up the DagBag from /home/airflow/.local/lib/python3.7/site-packages/airflow/example_dags/example_bash_operator.py
[2025-10-21T00:57:16.144+0000] {processor.py:836} INFO - DAG(s) dict_keys(['example_bash_operator']) retrieved from /home/airflow/.local/lib/python3.7/site-packages/airflow/example_dags/example_bash_operator.py
[2025-10-21T00:57:16.244+0000] {logging_mixin.py:149} INFO - [2025-10-21T00:57:16.244+0000] {dag.py:2726} INFO - Sync 1 DAGs
[2025-10-21T00:57:16.348+0000] {logging_mixin.py:149} INFO - [2025-10-21T00:57:16.347+0000] {dag.py:3490} INFO - Setting next_dagrun for example_bash_operator to 2025-10-20T00:00:00+00:00, run_after=2025-10-21T00:00:00+00:00
[2025-10-21T00:57:16.448+0000] {processor.py:179} INFO - Processing /home/airflow/.local/lib/python3.7/site-packages/airflow/example_dags/example_bash_operator.py took 0.359 seconds
[2025-10-21T00:57:46.649+0000] {processor.py:157} INFO - Started process (PID=1117) to work on /home/airflow/.local/lib/python3.7/site-packages/airflow/example_dags/example_bash_operator.py
[2025-10-21T00:57:46.652+0000] {processor.py:826} INFO - Processing file /home/airflow/.local/lib/python3.7/site-packages/airflow/example_dags/example_bash_operator.py for tasks to queue
[2025-10-21T00:57:46.654+0000] {logging_mixin.py:149} INFO - [2025-10-21T00:57:46.654+0000] {dagbag.py:541} INFO - Filling up the DagBag from /home/airflow/.local/lib/python3.7/site-packages/airflow/example_dags/example_bash_operator.py
[2025-10-21T00:57:46.681+0000] {processor.py:836} INFO - DAG(s) dict_keys(['example_bash_operator']) retrieved from /home/airflow/.local/lib/python3.7/site-packages/airflow/example_dags/example_bash_operator.py
[2025-10-21T00:57:46.761+0000] {logging_mixin.py:149} INFO - [2025-10-21T00:57:46.761+0000] {dag.py:2726} INFO - Sync 1 DAGs
[2025-10-21T00:57:46.805+0000] {logging_mixin.py:149} INFO - [2025-10-21T00:57:46.804+0000] {dag.py:3490} INFO - Setting next_dagrun for example_bash_operator to 2025-10-20T00:00:00+00:00, run_after=2025-10-21T00:00:00+00:00
[2025-10-21T00:57:46.839+0000] {processor.py:179} INFO - Processing /home/airflow/.local/lib/python3.7/site-packages/airflow/example_dags/example_bash_operator.py took 0.202 seconds
[2025-10-21T00:58:17.196+0000] {processor.py:157} INFO - Started process (PID=1184) to work on /home/airflow/.local/lib/python3.7/site-packages/airflow/example_dags/example_bash_operator.py
[2025-10-21T00:58:17.198+0000] {processor.py:826} INFO - Processing file /home/airflow/.local/lib/python3.7/site-packages/airflow/example_dags/example_bash_operator.py for tasks to queue
[2025-10-21T00:58:17.200+0000] {logging_mixin.py:149} INFO - [2025-10-21T00:58:17.200+0000] {dagbag.py:541} INFO - Filling up the DagBag from /home/airflow/.local/lib/python3.7/site-packages/airflow/example_dags/example_bash_operator.py
[2025-10-21T00:58:17.233+0000] {processor.py:836} INFO - DAG(s) dict_keys(['example_bash_operator']) retrieved from /home/airflow/.local/lib/python3.7/site-packages/airflow/example_dags/example_bash_operator.py
[2025-10-21T00:58:17.336+0000] {logging_mixin.py:149} INFO - [2025-10-21T00:58:17.336+0000] {dag.py:2726} INFO - Sync 1 DAGs
[2025-10-21T00:58:17.424+0000] {logging_mixin.py:149} INFO - [2025-10-21T00:58:17.424+0000] {dag.py:3490} INFO - Setting next_dagrun for example_bash_operator to 2025-10-20T00:00:00+00:00, run_after=2025-10-21T00:00:00+00:00
[2025-10-21T00:58:17.469+0000] {processor.py:179} INFO - Processing /home/airflow/.local/lib/python3.7/site-packages/airflow/example_dags/example_bash_operator.py took 0.280 seconds
[2025-10-21T00:58:47.743+0000] {processor.py:157} INFO - Started process (PID=1252) to work on /home/airflow/.local/lib/python3.7/site-packages/airflow/example_dags/example_bash_operator.py
[2025-10-21T00:58:47.745+0000] {processor.py:826} INFO - Processing file /home/airflow/.local/lib/python3.7/site-packages/airflow/example_dags/example_bash_operator.py for tasks to queue
[2025-10-21T00:58:47.747+0000] {logging_mixin.py:149} INFO - [2025-10-21T00:58:47.746+0000] {dagbag.py:541} INFO - Filling up the DagBag from /home/airflow/.local/lib/python3.7/site-packages/airflow/example_dags/example_bash_operator.py
[2025-10-21T00:58:47.777+0000] {processor.py:836} INFO - DAG(s) dict_keys(['example_bash_operator']) retrieved from /home/airflow/.local/lib/python3.7/site-packages/airflow/example_dags/example_bash_operator.py
[2025-10-21T00:58:47.870+0000] {logging_mixin.py:149} INFO - [2025-10-21T00:58:47.870+0000] {dag.py:2726} INFO - Sync 1 DAGs
[2025-10-21T00:58:47.929+0000] {logging_mixin.py:149} INFO - [2025-10-21T00:58:47.929+0000] {dag.py:3490} INFO - Setting next_dagrun for example_bash_operator to 2025-10-20T00:00:00+00:00, run_after=2025-10-21T00:00:00+00:00
[2025-10-21T00:58:47.972+0000] {processor.py:179} INFO - Processing /home/airflow/.local/lib/python3.7/site-packages/airflow/example_dags/example_bash_operator.py took 0.237 seconds
[2025-10-21T00:59:18.961+0000] {processor.py:157} INFO - Started process (PID=1319) to work on /home/airflow/.local/lib/python3.7/site-packages/airflow/example_dags/example_bash_operator.py
[2025-10-21T00:59:18.964+0000] {processor.py:826} INFO - Processing file /home/airflow/.local/lib/python3.7/site-packages/airflow/example_dags/example_bash_operator.py for tasks to queue
[2025-10-21T00:59:18.966+0000] {logging_mixin.py:149} INFO - [2025-10-21T00:59:18.966+0000] {dagbag.py:541} INFO - Filling up the DagBag from /home/airflow/.local/lib/python3.7/site-packages/airflow/example_dags/example_bash_operator.py
[2025-10-21T00:59:18.995+0000] {processor.py:836} INFO - DAG(s) dict_keys(['example_bash_operator']) retrieved from /home/airflow/.local/lib/python3.7/site-packages/airflow/example_dags/example_bash_operator.py
[2025-10-21T00:59:19.064+0000] {logging_mixin.py:149} INFO - [2025-10-21T00:59:19.063+0000] {dag.py:2726} INFO - Sync 1 DAGs
[2025-10-21T00:59:19.111+0000] {logging_mixin.py:149} INFO - [2025-10-21T00:59:19.111+0000] {dag.py:3490} INFO - Setting next_dagrun for example_bash_operator to 2025-10-20T00:00:00+00:00, run_after=2025-10-21T00:00:00+00:00
[2025-10-21T00:59:19.153+0000] {processor.py:179} INFO - Processing /home/airflow/.local/lib/python3.7/site-packages/airflow/example_dags/example_bash_operator.py took 0.198 seconds
[2025-10-21T00:59:49.574+0000] {processor.py:157} INFO - Started process (PID=1385) to work on /home/airflow/.local/lib/python3.7/site-packages/airflow/example_dags/example_bash_operator.py
[2025-10-21T00:59:49.576+0000] {processor.py:826} INFO - Processing file /home/airflow/.local/lib/python3.7/site-packages/airflow/example_dags/example_bash_operator.py for tasks to queue
[2025-10-21T00:59:49.577+0000] {logging_mixin.py:149} INFO - [2025-10-21T00:59:49.577+0000] {dagbag.py:541} INFO - Filling up the DagBag from /home/airflow/.local/lib/python3.7/site-packages/airflow/example_dags/example_bash_operator.py
[2025-10-21T00:59:49.600+0000] {processor.py:836} INFO - DAG(s) dict_keys(['example_bash_operator']) retrieved from /home/airflow/.local/lib/python3.7/site-packages/airflow/example_dags/example_bash_operator.py
[2025-10-21T00:59:49.661+0000] {logging_mixin.py:149} INFO - [2025-10-21T00:59:49.661+0000] {dag.py:2726} INFO - Sync 1 DAGs
[2025-10-21T00:59:49.709+0000] {logging_mixin.py:149} INFO - [2025-10-21T00:59:49.709+0000] {dag.py:3490} INFO - Setting next_dagrun for example_bash_operator to 2025-10-20T00:00:00+00:00, run_after=2025-10-21T00:00:00+00:00
[2025-10-21T00:59:49.751+0000] {processor.py:179} INFO - Processing /home/airflow/.local/lib/python3.7/site-packages/airflow/example_dags/example_bash_operator.py took 0.183 seconds
[2025-10-21T01:00:20.055+0000] {processor.py:157} INFO - Started process (PID=1451) to work on /home/airflow/.local/lib/python3.7/site-packages/airflow/example_dags/example_bash_operator.py
[2025-10-21T01:00:20.057+0000] {processor.py:826} INFO - Processing file /home/airflow/.local/lib/python3.7/site-packages/airflow/example_dags/example_bash_operator.py for tasks to queue
[2025-10-21T01:00:20.058+0000] {logging_mixin.py:149} INFO - [2025-10-21T01:00:20.058+0000] {dagbag.py:541} INFO - Filling up the DagBag from /home/airflow/.local/lib/python3.7/site-packages/airflow/example_dags/example_bash_operator.py
[2025-10-21T01:00:20.084+0000] {processor.py:836} INFO - DAG(s) dict_keys(['example_bash_operator']) retrieved from /home/airflow/.local/lib/python3.7/site-packages/airflow/example_dags/example_bash_operator.py
[2025-10-21T01:00:20.165+0000] {logging_mixin.py:149} INFO - [2025-10-21T01:00:20.165+0000] {dag.py:2726} INFO - Sync 1 DAGs
[2025-10-21T01:00:20.224+0000] {logging_mixin.py:149} INFO - [2025-10-21T01:00:20.224+0000] {dag.py:3490} INFO - Setting next_dagrun for example_bash_operator to 2025-10-20T00:00:00+00:00, run_after=2025-10-21T00:00:00+00:00
[2025-10-21T01:00:20.265+0000] {processor.py:179} INFO - Processing /home/airflow/.local/lib/python3.7/site-packages/airflow/example_dags/example_bash_operator.py took 0.218 seconds
[2025-10-21T01:00:50.724+0000] {processor.py:157} INFO - Started process (PID=1516) to work on /home/airflow/.local/lib/python3.7/site-packages/airflow/example_dags/example_bash_operator.py
[2025-10-21T01:00:50.726+0000] {processor.py:826} INFO - Processing file /home/airflow/.local/lib/python3.7/site-packages/airflow/example_dags/example_bash_operator.py for tasks to queue
[2025-10-21T01:00:50.728+0000] {logging_mixin.py:149} INFO - [2025-10-21T01:00:50.728+0000] {dagbag.py:541} INFO - Filling up the DagBag from /home/airflow/.local/lib/python3.7/site-packages/airflow/example_dags/example_bash_operator.py
[2025-10-21T01:00:50.754+0000] {processor.py:836} INFO - DAG(s) dict_keys(['example_bash_operator']) retrieved from /home/airflow/.local/lib/python3.7/site-packages/airflow/example_dags/example_bash_operator.py
[2025-10-21T01:00:50.823+0000] {logging_mixin.py:149} INFO - [2025-10-21T01:00:50.822+0000] {dag.py:2726} INFO - Sync 1 DAGs
[2025-10-21T01:00:50.878+0000] {logging_mixin.py:149} INFO - [2025-10-21T01:00:50.878+0000] {dag.py:3490} INFO - Setting next_dagrun for example_bash_operator to 2025-10-20T00:00:00+00:00, run_after=2025-10-21T00:00:00+00:00
[2025-10-21T01:00:50.924+0000] {processor.py:179} INFO - Processing /home/airflow/.local/lib/python3.7/site-packages/airflow/example_dags/example_bash_operator.py took 0.206 seconds
[2025-10-21T01:01:21.463+0000] {processor.py:157} INFO - Started process (PID=1582) to work on /home/airflow/.local/lib/python3.7/site-packages/airflow/example_dags/example_bash_operator.py
[2025-10-21T01:01:21.465+0000] {processor.py:826} INFO - Processing file /home/airflow/.local/lib/python3.7/site-packages/airflow/example_dags/example_bash_operator.py for tasks to queue
[2025-10-21T01:01:21.468+0000] {logging_mixin.py:149} INFO - [2025-10-21T01:01:21.467+0000] {dagbag.py:541} INFO - Filling up the DagBag from /home/airflow/.local/lib/python3.7/site-packages/airflow/example_dags/example_bash_operator.py
[2025-10-21T01:01:21.508+0000] {processor.py:836} INFO - DAG(s) dict_keys(['example_bash_operator']) retrieved from /home/airflow/.local/lib/python3.7/site-packages/airflow/example_dags/example_bash_operator.py
[2025-10-21T01:01:21.588+0000] {logging_mixin.py:149} INFO - [2025-10-21T01:01:21.587+0000] {dag.py:2726} INFO - Sync 1 DAGs
[2025-10-21T01:01:21.649+0000] {logging_mixin.py:149} INFO - [2025-10-21T01:01:21.648+0000] {dag.py:3490} INFO - Setting next_dagrun for example_bash_operator to 2025-10-20T00:00:00+00:00, run_after=2025-10-21T00:00:00+00:00
[2025-10-21T01:01:21.692+0000] {processor.py:179} INFO - Processing /home/airflow/.local/lib/python3.7/site-packages/airflow/example_dags/example_bash_operator.py took 0.236 seconds
[2025-10-21T01:01:53.098+0000] {processor.py:157} INFO - Started process (PID=1648) to work on /home/airflow/.local/lib/python3.7/site-packages/airflow/example_dags/example_bash_operator.py
[2025-10-21T01:01:53.100+0000] {processor.py:826} INFO - Processing file /home/airflow/.local/lib/python3.7/site-packages/airflow/example_dags/example_bash_operator.py for tasks to queue
[2025-10-21T01:01:53.102+0000] {logging_mixin.py:149} INFO - [2025-10-21T01:01:53.102+0000] {dagbag.py:541} INFO - Filling up the DagBag from /home/airflow/.local/lib/python3.7/site-packages/airflow/example_dags/example_bash_operator.py
[2025-10-21T01:01:53.137+0000] {processor.py:836} INFO - DAG(s) dict_keys(['example_bash_operator']) retrieved from /home/airflow/.local/lib/python3.7/site-packages/airflow/example_dags/example_bash_operator.py
[2025-10-21T01:01:53.213+0000] {logging_mixin.py:149} INFO - [2025-10-21T01:01:53.213+0000] {dag.py:2726} INFO - Sync 1 DAGs
[2025-10-21T01:01:53.273+0000] {logging_mixin.py:149} INFO - [2025-10-21T01:01:53.272+0000] {dag.py:3490} INFO - Setting next_dagrun for example_bash_operator to 2025-10-20T00:00:00+00:00, run_after=2025-10-21T00:00:00+00:00
[2025-10-21T01:01:53.317+0000] {processor.py:179} INFO - Processing /home/airflow/.local/lib/python3.7/site-packages/airflow/example_dags/example_bash_operator.py took 0.226 seconds
[2025-10-21T01:02:23.788+0000] {processor.py:157} INFO - Started process (PID=1714) to work on /home/airflow/.local/lib/python3.7/site-packages/airflow/example_dags/example_bash_operator.py
[2025-10-21T01:02:23.790+0000] {processor.py:826} INFO - Processing file /home/airflow/.local/lib/python3.7/site-packages/airflow/example_dags/example_bash_operator.py for tasks to queue
[2025-10-21T01:02:23.791+0000] {logging_mixin.py:149} INFO - [2025-10-21T01:02:23.791+0000] {dagbag.py:541} INFO - Filling up the DagBag from /home/airflow/.local/lib/python3.7/site-packages/airflow/example_dags/example_bash_operator.py
[2025-10-21T01:02:23.816+0000] {processor.py:836} INFO - DAG(s) dict_keys(['example_bash_operator']) retrieved from /home/airflow/.local/lib/python3.7/site-packages/airflow/example_dags/example_bash_operator.py
[2025-10-21T01:02:23.878+0000] {logging_mixin.py:149} INFO - [2025-10-21T01:02:23.878+0000] {dag.py:2726} INFO - Sync 1 DAGs
[2025-10-21T01:02:23.924+0000] {logging_mixin.py:149} INFO - [2025-10-21T01:02:23.923+0000] {dag.py:3490} INFO - Setting next_dagrun for example_bash_operator to 2025-10-20T00:00:00+00:00, run_after=2025-10-21T00:00:00+00:00
[2025-10-21T01:02:23.961+0000] {processor.py:179} INFO - Processing /home/airflow/.local/lib/python3.7/site-packages/airflow/example_dags/example_bash_operator.py took 0.179 seconds
[2025-10-21T01:02:54.555+0000] {processor.py:157} INFO - Started process (PID=1780) to work on /home/airflow/.local/lib/python3.7/site-packages/airflow/example_dags/example_bash_operator.py
[2025-10-21T01:02:54.557+0000] {processor.py:826} INFO - Processing file /home/airflow/.local/lib/python3.7/site-packages/airflow/example_dags/example_bash_operator.py for tasks to queue
[2025-10-21T01:02:54.560+0000] {logging_mixin.py:149} INFO - [2025-10-21T01:02:54.559+0000] {dagbag.py:541} INFO - Filling up the DagBag from /home/airflow/.local/lib/python3.7/site-packages/airflow/example_dags/example_bash_operator.py
[2025-10-21T01:02:54.605+0000] {processor.py:836} INFO - DAG(s) dict_keys(['example_bash_operator']) retrieved from /home/airflow/.local/lib/python3.7/site-packages/airflow/example_dags/example_bash_operator.py
[2025-10-21T01:02:54.728+0000] {logging_mixin.py:149} INFO - [2025-10-21T01:02:54.728+0000] {dag.py:2726} INFO - Sync 1 DAGs
[2025-10-21T01:02:54.808+0000] {logging_mixin.py:149} INFO - [2025-10-21T01:02:54.808+0000] {dag.py:3490} INFO - Setting next_dagrun for example_bash_operator to 2025-10-20T00:00:00+00:00, run_after=2025-10-21T00:00:00+00:00
[2025-10-21T01:02:54.882+0000] {processor.py:179} INFO - Processing /home/airflow/.local/lib/python3.7/site-packages/airflow/example_dags/example_bash_operator.py took 0.337 seconds
[2025-10-21T01:03:25.302+0000] {processor.py:157} INFO - Started process (PID=1847) to work on /home/airflow/.local/lib/python3.7/site-packages/airflow/example_dags/example_bash_operator.py
[2025-10-21T01:03:25.305+0000] {processor.py:826} INFO - Processing file /home/airflow/.local/lib/python3.7/site-packages/airflow/example_dags/example_bash_operator.py for tasks to queue
[2025-10-21T01:03:25.306+0000] {logging_mixin.py:149} INFO - [2025-10-21T01:03:25.306+0000] {dagbag.py:541} INFO - Filling up the DagBag from /home/airflow/.local/lib/python3.7/site-packages/airflow/example_dags/example_bash_operator.py
[2025-10-21T01:03:25.333+0000] {processor.py:836} INFO - DAG(s) dict_keys(['example_bash_operator']) retrieved from /home/airflow/.local/lib/python3.7/site-packages/airflow/example_dags/example_bash_operator.py
[2025-10-21T01:03:25.413+0000] {logging_mixin.py:149} INFO - [2025-10-21T01:03:25.413+0000] {dag.py:2726} INFO - Sync 1 DAGs
[2025-10-21T01:03:25.468+0000] {logging_mixin.py:149} INFO - [2025-10-21T01:03:25.468+0000] {dag.py:3490} INFO - Setting next_dagrun for example_bash_operator to 2025-10-20T00:00:00+00:00, run_after=2025-10-21T00:00:00+00:00
[2025-10-21T01:03:25.509+0000] {processor.py:179} INFO - Processing /home/airflow/.local/lib/python3.7/site-packages/airflow/example_dags/example_bash_operator.py took 0.213 seconds
[2025-10-21T01:03:55.739+0000] {processor.py:157} INFO - Started process (PID=1913) to work on /home/airflow/.local/lib/python3.7/site-packages/airflow/example_dags/example_bash_operator.py
[2025-10-21T01:03:55.741+0000] {processor.py:826} INFO - Processing file /home/airflow/.local/lib/python3.7/site-packages/airflow/example_dags/example_bash_operator.py for tasks to queue
[2025-10-21T01:03:55.744+0000] {logging_mixin.py:149} INFO - [2025-10-21T01:03:55.743+0000] {dagbag.py:541} INFO - Filling up the DagBag from /home/airflow/.local/lib/python3.7/site-packages/airflow/example_dags/example_bash_operator.py
[2025-10-21T01:03:55.771+0000] {processor.py:836} INFO - DAG(s) dict_keys(['example_bash_operator']) retrieved from /home/airflow/.local/lib/python3.7/site-packages/airflow/example_dags/example_bash_operator.py
[2025-10-21T01:03:55.856+0000] {logging_mixin.py:149} INFO - [2025-10-21T01:03:55.856+0000] {dag.py:2726} INFO - Sync 1 DAGs
[2025-10-21T01:03:55.913+0000] {logging_mixin.py:149} INFO - [2025-10-21T01:03:55.913+0000] {dag.py:3490} INFO - Setting next_dagrun for example_bash_operator to 2025-10-20T00:00:00+00:00, run_after=2025-10-21T00:00:00+00:00
[2025-10-21T01:03:55.958+0000] {processor.py:179} INFO - Processing /home/airflow/.local/lib/python3.7/site-packages/airflow/example_dags/example_bash_operator.py took 0.225 seconds
[2025-10-21T01:04:26.749+0000] {processor.py:157} INFO - Started process (PID=1979) to work on /home/airflow/.local/lib/python3.7/site-packages/airflow/example_dags/example_bash_operator.py
[2025-10-21T01:04:26.752+0000] {processor.py:826} INFO - Processing file /home/airflow/.local/lib/python3.7/site-packages/airflow/example_dags/example_bash_operator.py for tasks to queue
[2025-10-21T01:04:26.754+0000] {logging_mixin.py:149} INFO - [2025-10-21T01:04:26.754+0000] {dagbag.py:541} INFO - Filling up the DagBag from /home/airflow/.local/lib/python3.7/site-packages/airflow/example_dags/example_bash_operator.py
[2025-10-21T01:04:26.812+0000] {processor.py:836} INFO - DAG(s) dict_keys(['example_bash_operator']) retrieved from /home/airflow/.local/lib/python3.7/site-packages/airflow/example_dags/example_bash_operator.py
[2025-10-21T01:04:26.909+0000] {logging_mixin.py:149} INFO - [2025-10-21T01:04:26.908+0000] {dag.py:2726} INFO - Sync 1 DAGs
[2025-10-21T01:04:26.965+0000] {logging_mixin.py:149} INFO - [2025-10-21T01:04:26.965+0000] {dag.py:3490} INFO - Setting next_dagrun for example_bash_operator to 2025-10-20T00:00:00+00:00, run_after=2025-10-21T00:00:00+00:00
[2025-10-21T01:04:27.013+0000] {processor.py:179} INFO - Processing /home/airflow/.local/lib/python3.7/site-packages/airflow/example_dags/example_bash_operator.py took 0.271 seconds
[2025-10-21T01:04:57.658+0000] {processor.py:157} INFO - Started process (PID=2045) to work on /home/airflow/.local/lib/python3.7/site-packages/airflow/example_dags/example_bash_operator.py
[2025-10-21T01:04:57.660+0000] {processor.py:826} INFO - Processing file /home/airflow/.local/lib/python3.7/site-packages/airflow/example_dags/example_bash_operator.py for tasks to queue
[2025-10-21T01:04:57.663+0000] {logging_mixin.py:149} INFO - [2025-10-21T01:04:57.662+0000] {dagbag.py:541} INFO - Filling up the DagBag from /home/airflow/.local/lib/python3.7/site-packages/airflow/example_dags/example_bash_operator.py
[2025-10-21T01:04:57.691+0000] {processor.py:836} INFO - DAG(s) dict_keys(['example_bash_operator']) retrieved from /home/airflow/.local/lib/python3.7/site-packages/airflow/example_dags/example_bash_operator.py
[2025-10-21T01:04:57.762+0000] {logging_mixin.py:149} INFO - [2025-10-21T01:04:57.762+0000] {dag.py:2726} INFO - Sync 1 DAGs
[2025-10-21T01:04:57.817+0000] {logging_mixin.py:149} INFO - [2025-10-21T01:04:57.817+0000] {dag.py:3490} INFO - Setting next_dagrun for example_bash_operator to 2025-10-20T00:00:00+00:00, run_after=2025-10-21T00:00:00+00:00
[2025-10-21T01:04:57.859+0000] {processor.py:179} INFO - Processing /home/airflow/.local/lib/python3.7/site-packages/airflow/example_dags/example_bash_operator.py took 0.207 seconds
[2025-10-21T01:05:28.030+0000] {processor.py:157} INFO - Started process (PID=2110) to work on /home/airflow/.local/lib/python3.7/site-packages/airflow/example_dags/example_bash_operator.py
[2025-10-21T01:05:28.032+0000] {processor.py:826} INFO - Processing file /home/airflow/.local/lib/python3.7/site-packages/airflow/example_dags/example_bash_operator.py for tasks to queue
[2025-10-21T01:05:28.034+0000] {logging_mixin.py:149} INFO - [2025-10-21T01:05:28.033+0000] {dagbag.py:541} INFO - Filling up the DagBag from /home/airflow/.local/lib/python3.7/site-packages/airflow/example_dags/example_bash_operator.py
[2025-10-21T01:05:28.062+0000] {processor.py:836} INFO - DAG(s) dict_keys(['example_bash_operator']) retrieved from /home/airflow/.local/lib/python3.7/site-packages/airflow/example_dags/example_bash_operator.py
[2025-10-21T01:05:28.127+0000] {logging_mixin.py:149} INFO - [2025-10-21T01:05:28.127+0000] {dag.py:2726} INFO - Sync 1 DAGs
[2025-10-21T01:05:28.182+0000] {logging_mixin.py:149} INFO - [2025-10-21T01:05:28.182+0000] {dag.py:3490} INFO - Setting next_dagrun for example_bash_operator to 2025-10-20T00:00:00+00:00, run_after=2025-10-21T00:00:00+00:00
[2025-10-21T01:05:28.221+0000] {processor.py:179} INFO - Processing /home/airflow/.local/lib/python3.7/site-packages/airflow/example_dags/example_bash_operator.py took 0.198 seconds
[2025-10-21T01:05:59.356+0000] {processor.py:157} INFO - Started process (PID=2177) to work on /home/airflow/.local/lib/python3.7/site-packages/airflow/example_dags/example_bash_operator.py
[2025-10-21T01:05:59.358+0000] {processor.py:826} INFO - Processing file /home/airflow/.local/lib/python3.7/site-packages/airflow/example_dags/example_bash_operator.py for tasks to queue
[2025-10-21T01:05:59.360+0000] {logging_mixin.py:149} INFO - [2025-10-21T01:05:59.360+0000] {dagbag.py:541} INFO - Filling up the DagBag from /home/airflow/.local/lib/python3.7/site-packages/airflow/example_dags/example_bash_operator.py
[2025-10-21T01:05:59.397+0000] {processor.py:836} INFO - DAG(s) dict_keys(['example_bash_operator']) retrieved from /home/airflow/.local/lib/python3.7/site-packages/airflow/example_dags/example_bash_operator.py
[2025-10-21T01:05:59.477+0000] {logging_mixin.py:149} INFO - [2025-10-21T01:05:59.477+0000] {dag.py:2726} INFO - Sync 1 DAGs
[2025-10-21T01:05:59.528+0000] {logging_mixin.py:149} INFO - [2025-10-21T01:05:59.527+0000] {dag.py:3490} INFO - Setting next_dagrun for example_bash_operator to 2025-10-20T00:00:00+00:00, run_after=2025-10-21T00:00:00+00:00
[2025-10-21T01:05:59.572+0000] {processor.py:179} INFO - Processing /home/airflow/.local/lib/python3.7/site-packages/airflow/example_dags/example_bash_operator.py took 0.226 seconds
[2025-10-21T01:06:29.718+0000] {processor.py:157} INFO - Started process (PID=2242) to work on /home/airflow/.local/lib/python3.7/site-packages/airflow/example_dags/example_bash_operator.py
[2025-10-21T01:06:29.720+0000] {processor.py:826} INFO - Processing file /home/airflow/.local/lib/python3.7/site-packages/airflow/example_dags/example_bash_operator.py for tasks to queue
[2025-10-21T01:06:29.722+0000] {logging_mixin.py:149} INFO - [2025-10-21T01:06:29.721+0000] {dagbag.py:541} INFO - Filling up the DagBag from /home/airflow/.local/lib/python3.7/site-packages/airflow/example_dags/example_bash_operator.py
[2025-10-21T01:06:29.747+0000] {processor.py:836} INFO - DAG(s) dict_keys(['example_bash_operator']) retrieved from /home/airflow/.local/lib/python3.7/site-packages/airflow/example_dags/example_bash_operator.py
[2025-10-21T01:06:29.808+0000] {logging_mixin.py:149} INFO - [2025-10-21T01:06:29.808+0000] {dag.py:2726} INFO - Sync 1 DAGs
[2025-10-21T01:06:29.855+0000] {logging_mixin.py:149} INFO - [2025-10-21T01:06:29.855+0000] {dag.py:3490} INFO - Setting next_dagrun for example_bash_operator to 2025-10-20T00:00:00+00:00, run_after=2025-10-21T00:00:00+00:00
[2025-10-21T01:06:29.899+0000] {processor.py:179} INFO - Processing /home/airflow/.local/lib/python3.7/site-packages/airflow/example_dags/example_bash_operator.py took 0.187 seconds
[2025-10-21T01:07:00.388+0000] {processor.py:157} INFO - Started process (PID=2309) to work on /home/airflow/.local/lib/python3.7/site-packages/airflow/example_dags/example_bash_operator.py
[2025-10-21T01:07:00.391+0000] {processor.py:826} INFO - Processing file /home/airflow/.local/lib/python3.7/site-packages/airflow/example_dags/example_bash_operator.py for tasks to queue
[2025-10-21T01:07:00.393+0000] {logging_mixin.py:149} INFO - [2025-10-21T01:07:00.393+0000] {dagbag.py:541} INFO - Filling up the DagBag from /home/airflow/.local/lib/python3.7/site-packages/airflow/example_dags/example_bash_operator.py
[2025-10-21T01:07:00.428+0000] {processor.py:836} INFO - DAG(s) dict_keys(['example_bash_operator']) retrieved from /home/airflow/.local/lib/python3.7/site-packages/airflow/example_dags/example_bash_operator.py
[2025-10-21T01:07:00.510+0000] {logging_mixin.py:149} INFO - [2025-10-21T01:07:00.510+0000] {dag.py:2726} INFO - Sync 1 DAGs
[2025-10-21T01:07:00.566+0000] {logging_mixin.py:149} INFO - [2025-10-21T01:07:00.566+0000] {dag.py:3490} INFO - Setting next_dagrun for example_bash_operator to 2025-10-20T00:00:00+00:00, run_after=2025-10-21T00:00:00+00:00
[2025-10-21T01:07:00.610+0000] {processor.py:179} INFO - Processing /home/airflow/.local/lib/python3.7/site-packages/airflow/example_dags/example_bash_operator.py took 0.228 seconds
[2025-10-21T01:07:31.202+0000] {processor.py:157} INFO - Started process (PID=2376) to work on /home/airflow/.local/lib/python3.7/site-packages/airflow/example_dags/example_bash_operator.py
[2025-10-21T01:07:31.205+0000] {processor.py:826} INFO - Processing file /home/airflow/.local/lib/python3.7/site-packages/airflow/example_dags/example_bash_operator.py for tasks to queue
[2025-10-21T01:07:31.207+0000] {logging_mixin.py:149} INFO - [2025-10-21T01:07:31.207+0000] {dagbag.py:541} INFO - Filling up the DagBag from /home/airflow/.local/lib/python3.7/site-packages/airflow/example_dags/example_bash_operator.py
[2025-10-21T01:07:31.232+0000] {processor.py:836} INFO - DAG(s) dict_keys(['example_bash_operator']) retrieved from /home/airflow/.local/lib/python3.7/site-packages/airflow/example_dags/example_bash_operator.py
[2025-10-21T01:07:31.301+0000] {logging_mixin.py:149} INFO - [2025-10-21T01:07:31.300+0000] {dag.py:2726} INFO - Sync 1 DAGs
[2025-10-21T01:07:31.353+0000] {logging_mixin.py:149} INFO - [2025-10-21T01:07:31.352+0000] {dag.py:3490} INFO - Setting next_dagrun for example_bash_operator to 2025-10-20T00:00:00+00:00, run_after=2025-10-21T00:00:00+00:00
[2025-10-21T01:07:31.393+0000] {processor.py:179} INFO - Processing /home/airflow/.local/lib/python3.7/site-packages/airflow/example_dags/example_bash_operator.py took 0.197 seconds
[2025-10-21T01:08:01.540+0000] {processor.py:157} INFO - Started process (PID=2442) to work on /home/airflow/.local/lib/python3.7/site-packages/airflow/example_dags/example_bash_operator.py
[2025-10-21T01:08:01.542+0000] {processor.py:826} INFO - Processing file /home/airflow/.local/lib/python3.7/site-packages/airflow/example_dags/example_bash_operator.py for tasks to queue
[2025-10-21T01:08:01.545+0000] {logging_mixin.py:149} INFO - [2025-10-21T01:08:01.544+0000] {dagbag.py:541} INFO - Filling up the DagBag from /home/airflow/.local/lib/python3.7/site-packages/airflow/example_dags/example_bash_operator.py
[2025-10-21T01:08:01.573+0000] {processor.py:836} INFO - DAG(s) dict_keys(['example_bash_operator']) retrieved from /home/airflow/.local/lib/python3.7/site-packages/airflow/example_dags/example_bash_operator.py
[2025-10-21T01:08:01.654+0000] {logging_mixin.py:149} INFO - [2025-10-21T01:08:01.654+0000] {dag.py:2726} INFO - Sync 1 DAGs
[2025-10-21T01:08:01.707+0000] {logging_mixin.py:149} INFO - [2025-10-21T01:08:01.706+0000] {dag.py:3490} INFO - Setting next_dagrun for example_bash_operator to 2025-10-20T00:00:00+00:00, run_after=2025-10-21T00:00:00+00:00
[2025-10-21T01:08:01.749+0000] {processor.py:179} INFO - Processing /home/airflow/.local/lib/python3.7/site-packages/airflow/example_dags/example_bash_operator.py took 0.217 seconds
[2025-10-21T01:08:32.160+0000] {processor.py:157} INFO - Started process (PID=2508) to work on /home/airflow/.local/lib/python3.7/site-packages/airflow/example_dags/example_bash_operator.py
[2025-10-21T01:08:32.162+0000] {processor.py:826} INFO - Processing file /home/airflow/.local/lib/python3.7/site-packages/airflow/example_dags/example_bash_operator.py for tasks to queue
[2025-10-21T01:08:32.164+0000] {logging_mixin.py:149} INFO - [2025-10-21T01:08:32.164+0000] {dagbag.py:541} INFO - Filling up the DagBag from /home/airflow/.local/lib/python3.7/site-packages/airflow/example_dags/example_bash_operator.py
[2025-10-21T01:08:32.201+0000] {processor.py:836} INFO - DAG(s) dict_keys(['example_bash_operator']) retrieved from /home/airflow/.local/lib/python3.7/site-packages/airflow/example_dags/example_bash_operator.py
[2025-10-21T01:08:32.302+0000] {logging_mixin.py:149} INFO - [2025-10-21T01:08:32.301+0000] {dag.py:2726} INFO - Sync 1 DAGs
[2025-10-21T01:08:32.354+0000] {logging_mixin.py:149} INFO - [2025-10-21T01:08:32.354+0000] {dag.py:3490} INFO - Setting next_dagrun for example_bash_operator to 2025-10-20T00:00:00+00:00, run_after=2025-10-21T00:00:00+00:00
[2025-10-21T01:08:32.397+0000] {processor.py:179} INFO - Processing /home/airflow/.local/lib/python3.7/site-packages/airflow/example_dags/example_bash_operator.py took 0.244 seconds
[2025-10-21T01:09:03.129+0000] {processor.py:157} INFO - Started process (PID=2574) to work on /home/airflow/.local/lib/python3.7/site-packages/airflow/example_dags/example_bash_operator.py
[2025-10-21T01:09:03.131+0000] {processor.py:826} INFO - Processing file /home/airflow/.local/lib/python3.7/site-packages/airflow/example_dags/example_bash_operator.py for tasks to queue
[2025-10-21T01:09:03.133+0000] {logging_mixin.py:149} INFO - [2025-10-21T01:09:03.133+0000] {dagbag.py:541} INFO - Filling up the DagBag from /home/airflow/.local/lib/python3.7/site-packages/airflow/example_dags/example_bash_operator.py
[2025-10-21T01:09:03.167+0000] {processor.py:836} INFO - DAG(s) dict_keys(['example_bash_operator']) retrieved from /home/airflow/.local/lib/python3.7/site-packages/airflow/example_dags/example_bash_operator.py
[2025-10-21T01:09:03.333+0000] {logging_mixin.py:149} INFO - [2025-10-21T01:09:03.332+0000] {dag.py:2726} INFO - Sync 1 DAGs
[2025-10-21T01:09:03.442+0000] {logging_mixin.py:149} INFO - [2025-10-21T01:09:03.441+0000] {dag.py:3490} INFO - Setting next_dagrun for example_bash_operator to 2025-10-20T00:00:00+00:00, run_after=2025-10-21T00:00:00+00:00
[2025-10-21T01:09:03.496+0000] {processor.py:179} INFO - Processing /home/airflow/.local/lib/python3.7/site-packages/airflow/example_dags/example_bash_operator.py took 0.376 seconds
[2025-10-21T01:09:33.692+0000] {processor.py:157} INFO - Started process (PID=2640) to work on /home/airflow/.local/lib/python3.7/site-packages/airflow/example_dags/example_bash_operator.py
[2025-10-21T01:09:33.695+0000] {processor.py:826} INFO - Processing file /home/airflow/.local/lib/python3.7/site-packages/airflow/example_dags/example_bash_operator.py for tasks to queue
[2025-10-21T01:09:33.698+0000] {logging_mixin.py:149} INFO - [2025-10-21T01:09:33.697+0000] {dagbag.py:541} INFO - Filling up the DagBag from /home/airflow/.local/lib/python3.7/site-packages/airflow/example_dags/example_bash_operator.py
[2025-10-21T01:09:33.741+0000] {processor.py:836} INFO - DAG(s) dict_keys(['example_bash_operator']) retrieved from /home/airflow/.local/lib/python3.7/site-packages/airflow/example_dags/example_bash_operator.py
[2025-10-21T01:09:33.839+0000] {logging_mixin.py:149} INFO - [2025-10-21T01:09:33.838+0000] {dag.py:2726} INFO - Sync 1 DAGs
[2025-10-21T01:09:33.909+0000] {logging_mixin.py:149} INFO - [2025-10-21T01:09:33.909+0000] {dag.py:3490} INFO - Setting next_dagrun for example_bash_operator to 2025-10-20T00:00:00+00:00, run_after=2025-10-21T00:00:00+00:00
[2025-10-21T01:09:33.957+0000] {processor.py:179} INFO - Processing /home/airflow/.local/lib/python3.7/site-packages/airflow/example_dags/example_bash_operator.py took 0.276 seconds
[2025-10-21T01:10:04.804+0000] {processor.py:157} INFO - Started process (PID=2707) to work on /home/airflow/.local/lib/python3.7/site-packages/airflow/example_dags/example_bash_operator.py
[2025-10-21T01:10:04.807+0000] {processor.py:826} INFO - Processing file /home/airflow/.local/lib/python3.7/site-packages/airflow/example_dags/example_bash_operator.py for tasks to queue
[2025-10-21T01:10:04.810+0000] {logging_mixin.py:149} INFO - [2025-10-21T01:10:04.809+0000] {dagbag.py:541} INFO - Filling up the DagBag from /home/airflow/.local/lib/python3.7/site-packages/airflow/example_dags/example_bash_operator.py
[2025-10-21T01:10:04.852+0000] {processor.py:836} INFO - DAG(s) dict_keys(['example_bash_operator']) retrieved from /home/airflow/.local/lib/python3.7/site-packages/airflow/example_dags/example_bash_operator.py
[2025-10-21T01:10:04.968+0000] {logging_mixin.py:149} INFO - [2025-10-21T01:10:04.967+0000] {dag.py:2726} INFO - Sync 1 DAGs
[2025-10-21T01:10:05.047+0000] {logging_mixin.py:149} INFO - [2025-10-21T01:10:05.047+0000] {dag.py:3490} INFO - Setting next_dagrun for example_bash_operator to 2025-10-20T00:00:00+00:00, run_after=2025-10-21T00:00:00+00:00
[2025-10-21T01:10:05.129+0000] {processor.py:179} INFO - Processing /home/airflow/.local/lib/python3.7/site-packages/airflow/example_dags/example_bash_operator.py took 0.333 seconds
[2025-10-21T01:10:35.734+0000] {processor.py:157} INFO - Started process (PID=2774) to work on /home/airflow/.local/lib/python3.7/site-packages/airflow/example_dags/example_bash_operator.py
[2025-10-21T01:10:35.735+0000] {processor.py:826} INFO - Processing file /home/airflow/.local/lib/python3.7/site-packages/airflow/example_dags/example_bash_operator.py for tasks to queue
[2025-10-21T01:10:35.737+0000] {logging_mixin.py:149} INFO - [2025-10-21T01:10:35.737+0000] {dagbag.py:541} INFO - Filling up the DagBag from /home/airflow/.local/lib/python3.7/site-packages/airflow/example_dags/example_bash_operator.py
[2025-10-21T01:10:35.771+0000] {processor.py:836} INFO - DAG(s) dict_keys(['example_bash_operator']) retrieved from /home/airflow/.local/lib/python3.7/site-packages/airflow/example_dags/example_bash_operator.py
[2025-10-21T01:10:35.848+0000] {logging_mixin.py:149} INFO - [2025-10-21T01:10:35.848+0000] {dag.py:2726} INFO - Sync 1 DAGs
[2025-10-21T01:10:35.905+0000] {logging_mixin.py:149} INFO - [2025-10-21T01:10:35.904+0000] {dag.py:3490} INFO - Setting next_dagrun for example_bash_operator to 2025-10-20T00:00:00+00:00, run_after=2025-10-21T00:00:00+00:00
[2025-10-21T01:10:35.950+0000] {processor.py:179} INFO - Processing /home/airflow/.local/lib/python3.7/site-packages/airflow/example_dags/example_bash_operator.py took 0.223 seconds
[2025-10-21T01:11:06.424+0000] {processor.py:157} INFO - Started process (PID=2840) to work on /home/airflow/.local/lib/python3.7/site-packages/airflow/example_dags/example_bash_operator.py
[2025-10-21T01:11:06.425+0000] {processor.py:826} INFO - Processing file /home/airflow/.local/lib/python3.7/site-packages/airflow/example_dags/example_bash_operator.py for tasks to queue
[2025-10-21T01:11:06.427+0000] {logging_mixin.py:149} INFO - [2025-10-21T01:11:06.427+0000] {dagbag.py:541} INFO - Filling up the DagBag from /home/airflow/.local/lib/python3.7/site-packages/airflow/example_dags/example_bash_operator.py
[2025-10-21T01:11:06.456+0000] {processor.py:836} INFO - DAG(s) dict_keys(['example_bash_operator']) retrieved from /home/airflow/.local/lib/python3.7/site-packages/airflow/example_dags/example_bash_operator.py
[2025-10-21T01:11:06.537+0000] {logging_mixin.py:149} INFO - [2025-10-21T01:11:06.537+0000] {dag.py:2726} INFO - Sync 1 DAGs
[2025-10-21T01:11:06.601+0000] {logging_mixin.py:149} INFO - [2025-10-21T01:11:06.601+0000] {dag.py:3490} INFO - Setting next_dagrun for example_bash_operator to 2025-10-20T00:00:00+00:00, run_after=2025-10-21T00:00:00+00:00
[2025-10-21T01:11:06.644+0000] {processor.py:179} INFO - Processing /home/airflow/.local/lib/python3.7/site-packages/airflow/example_dags/example_bash_operator.py took 0.228 seconds
[2025-10-21T01:11:37.022+0000] {processor.py:157} INFO - Started process (PID=2906) to work on /home/airflow/.local/lib/python3.7/site-packages/airflow/example_dags/example_bash_operator.py
[2025-10-21T01:11:37.032+0000] {processor.py:826} INFO - Processing file /home/airflow/.local/lib/python3.7/site-packages/airflow/example_dags/example_bash_operator.py for tasks to queue
[2025-10-21T01:11:37.034+0000] {logging_mixin.py:149} INFO - [2025-10-21T01:11:37.034+0000] {dagbag.py:541} INFO - Filling up the DagBag from /home/airflow/.local/lib/python3.7/site-packages/airflow/example_dags/example_bash_operator.py
[2025-10-21T01:11:37.069+0000] {processor.py:836} INFO - DAG(s) dict_keys(['example_bash_operator']) retrieved from /home/airflow/.local/lib/python3.7/site-packages/airflow/example_dags/example_bash_operator.py
[2025-10-21T01:11:37.154+0000] {logging_mixin.py:149} INFO - [2025-10-21T01:11:37.154+0000] {dag.py:2726} INFO - Sync 1 DAGs
[2025-10-21T01:11:37.212+0000] {logging_mixin.py:149} INFO - [2025-10-21T01:11:37.211+0000] {dag.py:3490} INFO - Setting next_dagrun for example_bash_operator to 2025-10-20T00:00:00+00:00, run_after=2025-10-21T00:00:00+00:00
[2025-10-21T01:11:37.261+0000] {processor.py:179} INFO - Processing /home/airflow/.local/lib/python3.7/site-packages/airflow/example_dags/example_bash_operator.py took 0.251 seconds
[2025-10-21T01:12:07.620+0000] {processor.py:157} INFO - Started process (PID=2972) to work on /home/airflow/.local/lib/python3.7/site-packages/airflow/example_dags/example_bash_operator.py
[2025-10-21T01:12:07.622+0000] {processor.py:826} INFO - Processing file /home/airflow/.local/lib/python3.7/site-packages/airflow/example_dags/example_bash_operator.py for tasks to queue
[2025-10-21T01:12:07.624+0000] {logging_mixin.py:149} INFO - [2025-10-21T01:12:07.624+0000] {dagbag.py:541} INFO - Filling up the DagBag from /home/airflow/.local/lib/python3.7/site-packages/airflow/example_dags/example_bash_operator.py
[2025-10-21T01:12:07.656+0000] {processor.py:836} INFO - DAG(s) dict_keys(['example_bash_operator']) retrieved from /home/airflow/.local/lib/python3.7/site-packages/airflow/example_dags/example_bash_operator.py
[2025-10-21T01:12:07.744+0000] {logging_mixin.py:149} INFO - [2025-10-21T01:12:07.744+0000] {dag.py:2726} INFO - Sync 1 DAGs
[2025-10-21T01:12:07.815+0000] {logging_mixin.py:149} INFO - [2025-10-21T01:12:07.814+0000] {dag.py:3490} INFO - Setting next_dagrun for example_bash_operator to 2025-10-20T00:00:00+00:00, run_after=2025-10-21T00:00:00+00:00
[2025-10-21T01:12:07.882+0000] {processor.py:179} INFO - Processing /home/airflow/.local/lib/python3.7/site-packages/airflow/example_dags/example_bash_operator.py took 0.271 seconds
[2025-10-21T01:12:37.988+0000] {processor.py:157} INFO - Started process (PID=3038) to work on /home/airflow/.local/lib/python3.7/site-packages/airflow/example_dags/example_bash_operator.py
[2025-10-21T01:12:37.991+0000] {processor.py:826} INFO - Processing file /home/airflow/.local/lib/python3.7/site-packages/airflow/example_dags/example_bash_operator.py for tasks to queue
[2025-10-21T01:12:37.992+0000] {logging_mixin.py:149} INFO - [2025-10-21T01:12:37.992+0000] {dagbag.py:541} INFO - Filling up the DagBag from /home/airflow/.local/lib/python3.7/site-packages/airflow/example_dags/example_bash_operator.py
[2025-10-21T01:12:38.018+0000] {processor.py:836} INFO - DAG(s) dict_keys(['example_bash_operator']) retrieved from /home/airflow/.local/lib/python3.7/site-packages/airflow/example_dags/example_bash_operator.py
[2025-10-21T01:12:38.093+0000] {logging_mixin.py:149} INFO - [2025-10-21T01:12:38.093+0000] {dag.py:2726} INFO - Sync 1 DAGs
[2025-10-21T01:12:38.147+0000] {logging_mixin.py:149} INFO - [2025-10-21T01:12:38.147+0000] {dag.py:3490} INFO - Setting next_dagrun for example_bash_operator to 2025-10-20T00:00:00+00:00, run_after=2025-10-21T00:00:00+00:00
[2025-10-21T01:12:38.195+0000] {processor.py:179} INFO - Processing /home/airflow/.local/lib/python3.7/site-packages/airflow/example_dags/example_bash_operator.py took 0.213 seconds
[2025-10-21T01:13:08.307+0000] {processor.py:157} INFO - Started process (PID=3104) to work on /home/airflow/.local/lib/python3.7/site-packages/airflow/example_dags/example_bash_operator.py
[2025-10-21T01:13:08.309+0000] {processor.py:826} INFO - Processing file /home/airflow/.local/lib/python3.7/site-packages/airflow/example_dags/example_bash_operator.py for tasks to queue
[2025-10-21T01:13:08.310+0000] {logging_mixin.py:149} INFO - [2025-10-21T01:13:08.310+0000] {dagbag.py:541} INFO - Filling up the DagBag from /home/airflow/.local/lib/python3.7/site-packages/airflow/example_dags/example_bash_operator.py
[2025-10-21T01:13:08.340+0000] {processor.py:836} INFO - DAG(s) dict_keys(['example_bash_operator']) retrieved from /home/airflow/.local/lib/python3.7/site-packages/airflow/example_dags/example_bash_operator.py
[2025-10-21T01:13:08.414+0000] {logging_mixin.py:149} INFO - [2025-10-21T01:13:08.414+0000] {dag.py:2726} INFO - Sync 1 DAGs
[2025-10-21T01:13:08.470+0000] {logging_mixin.py:149} INFO - [2025-10-21T01:13:08.469+0000] {dag.py:3490} INFO - Setting next_dagrun for example_bash_operator to 2025-10-20T00:00:00+00:00, run_after=2025-10-21T00:00:00+00:00
[2025-10-21T01:13:08.511+0000] {processor.py:179} INFO - Processing /home/airflow/.local/lib/python3.7/site-packages/airflow/example_dags/example_bash_operator.py took 0.210 seconds
[2025-10-21T01:13:39.721+0000] {processor.py:157} INFO - Started process (PID=3170) to work on /home/airflow/.local/lib/python3.7/site-packages/airflow/example_dags/example_bash_operator.py
[2025-10-21T01:13:39.723+0000] {processor.py:826} INFO - Processing file /home/airflow/.local/lib/python3.7/site-packages/airflow/example_dags/example_bash_operator.py for tasks to queue
[2025-10-21T01:13:39.725+0000] {logging_mixin.py:149} INFO - [2025-10-21T01:13:39.725+0000] {dagbag.py:541} INFO - Filling up the DagBag from /home/airflow/.local/lib/python3.7/site-packages/airflow/example_dags/example_bash_operator.py
[2025-10-21T01:13:39.748+0000] {processor.py:836} INFO - DAG(s) dict_keys(['example_bash_operator']) retrieved from /home/airflow/.local/lib/python3.7/site-packages/airflow/example_dags/example_bash_operator.py
[2025-10-21T01:13:39.811+0000] {logging_mixin.py:149} INFO - [2025-10-21T01:13:39.811+0000] {dag.py:2726} INFO - Sync 1 DAGs
[2025-10-21T01:13:39.859+0000] {logging_mixin.py:149} INFO - [2025-10-21T01:13:39.859+0000] {dag.py:3490} INFO - Setting next_dagrun for example_bash_operator to 2025-10-20T00:00:00+00:00, run_after=2025-10-21T00:00:00+00:00
[2025-10-21T01:13:39.896+0000] {processor.py:179} INFO - Processing /home/airflow/.local/lib/python3.7/site-packages/airflow/example_dags/example_bash_operator.py took 0.181 seconds
[2025-10-21T01:14:10.637+0000] {processor.py:157} INFO - Started process (PID=3236) to work on /home/airflow/.local/lib/python3.7/site-packages/airflow/example_dags/example_bash_operator.py
[2025-10-21T01:14:10.639+0000] {processor.py:826} INFO - Processing file /home/airflow/.local/lib/python3.7/site-packages/airflow/example_dags/example_bash_operator.py for tasks to queue
[2025-10-21T01:14:10.642+0000] {logging_mixin.py:149} INFO - [2025-10-21T01:14:10.641+0000] {dagbag.py:541} INFO - Filling up the DagBag from /home/airflow/.local/lib/python3.7/site-packages/airflow/example_dags/example_bash_operator.py
[2025-10-21T01:14:10.670+0000] {processor.py:836} INFO - DAG(s) dict_keys(['example_bash_operator']) retrieved from /home/airflow/.local/lib/python3.7/site-packages/airflow/example_dags/example_bash_operator.py
[2025-10-21T01:14:10.737+0000] {logging_mixin.py:149} INFO - [2025-10-21T01:14:10.737+0000] {dag.py:2726} INFO - Sync 1 DAGs
[2025-10-21T01:14:10.799+0000] {logging_mixin.py:149} INFO - [2025-10-21T01:14:10.799+0000] {dag.py:3490} INFO - Setting next_dagrun for example_bash_operator to 2025-10-20T00:00:00+00:00, run_after=2025-10-21T00:00:00+00:00
[2025-10-21T01:14:10.854+0000] {processor.py:179} INFO - Processing /home/airflow/.local/lib/python3.7/site-packages/airflow/example_dags/example_bash_operator.py took 0.224 seconds
[2025-10-21T01:14:41.047+0000] {processor.py:157} INFO - Started process (PID=3293) to work on /home/airflow/.local/lib/python3.7/site-packages/airflow/example_dags/example_bash_operator.py
[2025-10-21T01:14:41.049+0000] {processor.py:826} INFO - Processing file /home/airflow/.local/lib/python3.7/site-packages/airflow/example_dags/example_bash_operator.py for tasks to queue
[2025-10-21T01:14:41.050+0000] {logging_mixin.py:149} INFO - [2025-10-21T01:14:41.050+0000] {dagbag.py:541} INFO - Filling up the DagBag from /home/airflow/.local/lib/python3.7/site-packages/airflow/example_dags/example_bash_operator.py
[2025-10-21T01:14:41.077+0000] {processor.py:836} INFO - DAG(s) dict_keys(['example_bash_operator']) retrieved from /home/airflow/.local/lib/python3.7/site-packages/airflow/example_dags/example_bash_operator.py
[2025-10-21T01:14:41.157+0000] {logging_mixin.py:149} INFO - [2025-10-21T01:14:41.156+0000] {dag.py:2726} INFO - Sync 1 DAGs
[2025-10-21T01:14:41.204+0000] {logging_mixin.py:149} INFO - [2025-10-21T01:14:41.204+0000] {dag.py:3490} INFO - Setting next_dagrun for example_bash_operator to 2025-10-20T00:00:00+00:00, run_after=2025-10-21T00:00:00+00:00
[2025-10-21T01:14:41.240+0000] {processor.py:179} INFO - Processing /home/airflow/.local/lib/python3.7/site-packages/airflow/example_dags/example_bash_operator.py took 0.201 seconds
[2025-10-21T01:15:11.398+0000] {processor.py:157} INFO - Started process (PID=3366) to work on /home/airflow/.local/lib/python3.7/site-packages/airflow/example_dags/example_bash_operator.py
[2025-10-21T01:15:11.400+0000] {processor.py:826} INFO - Processing file /home/airflow/.local/lib/python3.7/site-packages/airflow/example_dags/example_bash_operator.py for tasks to queue
[2025-10-21T01:15:11.402+0000] {logging_mixin.py:149} INFO - [2025-10-21T01:15:11.402+0000] {dagbag.py:541} INFO - Filling up the DagBag from /home/airflow/.local/lib/python3.7/site-packages/airflow/example_dags/example_bash_operator.py
[2025-10-21T01:15:11.434+0000] {processor.py:836} INFO - DAG(s) dict_keys(['example_bash_operator']) retrieved from /home/airflow/.local/lib/python3.7/site-packages/airflow/example_dags/example_bash_operator.py
[2025-10-21T01:15:11.515+0000] {logging_mixin.py:149} INFO - [2025-10-21T01:15:11.515+0000] {dag.py:2726} INFO - Sync 1 DAGs
[2025-10-21T01:15:11.574+0000] {logging_mixin.py:149} INFO - [2025-10-21T01:15:11.573+0000] {dag.py:3490} INFO - Setting next_dagrun for example_bash_operator to 2025-10-20T00:00:00+00:00, run_after=2025-10-21T00:00:00+00:00
[2025-10-21T01:15:11.620+0000] {processor.py:179} INFO - Processing /home/airflow/.local/lib/python3.7/site-packages/airflow/example_dags/example_bash_operator.py took 0.229 seconds
[2025-10-21T01:15:42.041+0000] {processor.py:157} INFO - Started process (PID=3433) to work on /home/airflow/.local/lib/python3.7/site-packages/airflow/example_dags/example_bash_operator.py
[2025-10-21T01:15:42.042+0000] {processor.py:826} INFO - Processing file /home/airflow/.local/lib/python3.7/site-packages/airflow/example_dags/example_bash_operator.py for tasks to queue
[2025-10-21T01:15:42.044+0000] {logging_mixin.py:149} INFO - [2025-10-21T01:15:42.044+0000] {dagbag.py:541} INFO - Filling up the DagBag from /home/airflow/.local/lib/python3.7/site-packages/airflow/example_dags/example_bash_operator.py
[2025-10-21T01:15:42.071+0000] {processor.py:836} INFO - DAG(s) dict_keys(['example_bash_operator']) retrieved from /home/airflow/.local/lib/python3.7/site-packages/airflow/example_dags/example_bash_operator.py
[2025-10-21T01:15:42.136+0000] {logging_mixin.py:149} INFO - [2025-10-21T01:15:42.136+0000] {dag.py:2726} INFO - Sync 1 DAGs
[2025-10-21T01:15:42.191+0000] {logging_mixin.py:149} INFO - [2025-10-21T01:15:42.191+0000] {dag.py:3490} INFO - Setting next_dagrun for example_bash_operator to 2025-10-20T00:00:00+00:00, run_after=2025-10-21T00:00:00+00:00
[2025-10-21T01:15:42.231+0000] {processor.py:179} INFO - Processing /home/airflow/.local/lib/python3.7/site-packages/airflow/example_dags/example_bash_operator.py took 0.196 seconds
[2025-10-21T01:16:12.935+0000] {processor.py:157} INFO - Started process (PID=3499) to work on /home/airflow/.local/lib/python3.7/site-packages/airflow/example_dags/example_bash_operator.py
[2025-10-21T01:16:12.938+0000] {processor.py:826} INFO - Processing file /home/airflow/.local/lib/python3.7/site-packages/airflow/example_dags/example_bash_operator.py for tasks to queue
[2025-10-21T01:16:12.940+0000] {logging_mixin.py:149} INFO - [2025-10-21T01:16:12.940+0000] {dagbag.py:541} INFO - Filling up the DagBag from /home/airflow/.local/lib/python3.7/site-packages/airflow/example_dags/example_bash_operator.py
[2025-10-21T01:16:12.971+0000] {processor.py:836} INFO - DAG(s) dict_keys(['example_bash_operator']) retrieved from /home/airflow/.local/lib/python3.7/site-packages/airflow/example_dags/example_bash_operator.py
[2025-10-21T01:16:13.044+0000] {logging_mixin.py:149} INFO - [2025-10-21T01:16:13.044+0000] {dag.py:2726} INFO - Sync 1 DAGs
[2025-10-21T01:16:13.101+0000] {logging_mixin.py:149} INFO - [2025-10-21T01:16:13.101+0000] {dag.py:3490} INFO - Setting next_dagrun for example_bash_operator to 2025-10-20T00:00:00+00:00, run_after=2025-10-21T00:00:00+00:00
[2025-10-21T01:16:13.153+0000] {processor.py:179} INFO - Processing /home/airflow/.local/lib/python3.7/site-packages/airflow/example_dags/example_bash_operator.py took 0.225 seconds
[2025-10-21T01:16:43.277+0000] {processor.py:157} INFO - Started process (PID=3566) to work on /home/airflow/.local/lib/python3.7/site-packages/airflow/example_dags/example_bash_operator.py
[2025-10-21T01:16:43.279+0000] {processor.py:826} INFO - Processing file /home/airflow/.local/lib/python3.7/site-packages/airflow/example_dags/example_bash_operator.py for tasks to queue
[2025-10-21T01:16:43.281+0000] {logging_mixin.py:149} INFO - [2025-10-21T01:16:43.281+0000] {dagbag.py:541} INFO - Filling up the DagBag from /home/airflow/.local/lib/python3.7/site-packages/airflow/example_dags/example_bash_operator.py
[2025-10-21T01:16:43.309+0000] {processor.py:836} INFO - DAG(s) dict_keys(['example_bash_operator']) retrieved from /home/airflow/.local/lib/python3.7/site-packages/airflow/example_dags/example_bash_operator.py
[2025-10-21T01:16:43.382+0000] {logging_mixin.py:149} INFO - [2025-10-21T01:16:43.382+0000] {dag.py:2726} INFO - Sync 1 DAGs
[2025-10-21T01:16:43.438+0000] {logging_mixin.py:149} INFO - [2025-10-21T01:16:43.438+0000] {dag.py:3490} INFO - Setting next_dagrun for example_bash_operator to 2025-10-20T00:00:00+00:00, run_after=2025-10-21T00:00:00+00:00
[2025-10-21T01:16:43.479+0000] {processor.py:179} INFO - Processing /home/airflow/.local/lib/python3.7/site-packages/airflow/example_dags/example_bash_operator.py took 0.208 seconds
[2025-10-21T01:17:14.012+0000] {processor.py:157} INFO - Started process (PID=3632) to work on /home/airflow/.local/lib/python3.7/site-packages/airflow/example_dags/example_bash_operator.py
[2025-10-21T01:17:14.015+0000] {processor.py:826} INFO - Processing file /home/airflow/.local/lib/python3.7/site-packages/airflow/example_dags/example_bash_operator.py for tasks to queue
[2025-10-21T01:17:14.017+0000] {logging_mixin.py:149} INFO - [2025-10-21T01:17:14.017+0000] {dagbag.py:541} INFO - Filling up the DagBag from /home/airflow/.local/lib/python3.7/site-packages/airflow/example_dags/example_bash_operator.py
[2025-10-21T01:17:14.079+0000] {processor.py:836} INFO - DAG(s) dict_keys(['example_bash_operator']) retrieved from /home/airflow/.local/lib/python3.7/site-packages/airflow/example_dags/example_bash_operator.py
[2025-10-21T01:17:14.183+0000] {logging_mixin.py:149} INFO - [2025-10-21T01:17:14.183+0000] {dag.py:2726} INFO - Sync 1 DAGs
[2025-10-21T01:17:14.259+0000] {logging_mixin.py:149} INFO - [2025-10-21T01:17:14.259+0000] {dag.py:3490} INFO - Setting next_dagrun for example_bash_operator to 2025-10-20T00:00:00+00:00, run_after=2025-10-21T00:00:00+00:00
[2025-10-21T01:17:14.306+0000] {processor.py:179} INFO - Processing /home/airflow/.local/lib/python3.7/site-packages/airflow/example_dags/example_bash_operator.py took 0.304 seconds
