[2025-10-21T00:49:57.305+0000] {processor.py:157} INFO - Started process (PID=95) to work on /home/airflow/.local/lib/python3.7/site-packages/airflow/example_dags/example_skip_dag.py
[2025-10-21T00:49:57.308+0000] {processor.py:826} INFO - Processing file /home/airflow/.local/lib/python3.7/site-packages/airflow/example_dags/example_skip_dag.py for tasks to queue
[2025-10-21T00:49:57.310+0000] {logging_mixin.py:149} INFO - [2025-10-21T00:49:57.309+0000] {dagbag.py:541} INFO - Filling up the DagBag from /home/airflow/.local/lib/python3.7/site-packages/airflow/example_dags/example_skip_dag.py
[2025-10-21T00:49:57.332+0000] {processor.py:836} INFO - DAG(s) dict_keys(['example_skip_dag']) retrieved from /home/airflow/.local/lib/python3.7/site-packages/airflow/example_dags/example_skip_dag.py
[2025-10-21T00:49:57.738+0000] {logging_mixin.py:149} INFO - [2025-10-21T00:49:57.738+0000] {dag.py:2726} INFO - Sync 1 DAGs
[2025-10-21T00:49:57.804+0000] {logging_mixin.py:149} INFO - [2025-10-21T00:49:57.804+0000] {dag.py:3490} INFO - Setting next_dagrun for example_skip_dag to 2025-10-20T00:49:57.803926+00:00, run_after=2025-10-21T00:49:57.803926+00:00
[2025-10-21T00:49:57.859+0000] {processor.py:179} INFO - Processing /home/airflow/.local/lib/python3.7/site-packages/airflow/example_dags/example_skip_dag.py took 0.560 seconds
[2025-10-21T00:50:28.434+0000] {processor.py:157} INFO - Started process (PID=161) to work on /home/airflow/.local/lib/python3.7/site-packages/airflow/example_dags/example_skip_dag.py
[2025-10-21T00:50:28.438+0000] {processor.py:826} INFO - Processing file /home/airflow/.local/lib/python3.7/site-packages/airflow/example_dags/example_skip_dag.py for tasks to queue
[2025-10-21T00:50:28.441+0000] {logging_mixin.py:149} INFO - [2025-10-21T00:50:28.441+0000] {dagbag.py:541} INFO - Filling up the DagBag from /home/airflow/.local/lib/python3.7/site-packages/airflow/example_dags/example_skip_dag.py
[2025-10-21T00:50:28.461+0000] {processor.py:836} INFO - DAG(s) dict_keys(['example_skip_dag']) retrieved from /home/airflow/.local/lib/python3.7/site-packages/airflow/example_dags/example_skip_dag.py
[2025-10-21T00:50:28.531+0000] {logging_mixin.py:149} INFO - [2025-10-21T00:50:28.531+0000] {dag.py:2726} INFO - Sync 1 DAGs
[2025-10-21T00:50:28.598+0000] {logging_mixin.py:149} INFO - [2025-10-21T00:50:28.598+0000] {dag.py:3490} INFO - Setting next_dagrun for example_skip_dag to 2025-10-20T00:50:28.597992+00:00, run_after=2025-10-21T00:50:28.597992+00:00
[2025-10-21T00:50:28.660+0000] {processor.py:179} INFO - Processing /home/airflow/.local/lib/python3.7/site-packages/airflow/example_dags/example_skip_dag.py took 0.234 seconds
[2025-10-21T00:50:59.202+0000] {processor.py:157} INFO - Started process (PID=227) to work on /home/airflow/.local/lib/python3.7/site-packages/airflow/example_dags/example_skip_dag.py
[2025-10-21T00:50:59.204+0000] {processor.py:826} INFO - Processing file /home/airflow/.local/lib/python3.7/site-packages/airflow/example_dags/example_skip_dag.py for tasks to queue
[2025-10-21T00:50:59.206+0000] {logging_mixin.py:149} INFO - [2025-10-21T00:50:59.206+0000] {dagbag.py:541} INFO - Filling up the DagBag from /home/airflow/.local/lib/python3.7/site-packages/airflow/example_dags/example_skip_dag.py
[2025-10-21T00:50:59.222+0000] {processor.py:836} INFO - DAG(s) dict_keys(['example_skip_dag']) retrieved from /home/airflow/.local/lib/python3.7/site-packages/airflow/example_dags/example_skip_dag.py
[2025-10-21T00:50:59.277+0000] {logging_mixin.py:149} INFO - [2025-10-21T00:50:59.277+0000] {dag.py:2726} INFO - Sync 1 DAGs
[2025-10-21T00:50:59.340+0000] {logging_mixin.py:149} INFO - [2025-10-21T00:50:59.340+0000] {dag.py:3490} INFO - Setting next_dagrun for example_skip_dag to 2025-10-20T00:50:59.339731+00:00, run_after=2025-10-21T00:50:59.339731+00:00
[2025-10-21T00:50:59.393+0000] {processor.py:179} INFO - Processing /home/airflow/.local/lib/python3.7/site-packages/airflow/example_dags/example_skip_dag.py took 0.202 seconds
[2025-10-21T00:51:29.545+0000] {processor.py:157} INFO - Started process (PID=292) to work on /home/airflow/.local/lib/python3.7/site-packages/airflow/example_dags/example_skip_dag.py
[2025-10-21T00:51:29.549+0000] {processor.py:826} INFO - Processing file /home/airflow/.local/lib/python3.7/site-packages/airflow/example_dags/example_skip_dag.py for tasks to queue
[2025-10-21T00:51:29.552+0000] {logging_mixin.py:149} INFO - [2025-10-21T00:51:29.551+0000] {dagbag.py:541} INFO - Filling up the DagBag from /home/airflow/.local/lib/python3.7/site-packages/airflow/example_dags/example_skip_dag.py
[2025-10-21T00:51:29.574+0000] {processor.py:836} INFO - DAG(s) dict_keys(['example_skip_dag']) retrieved from /home/airflow/.local/lib/python3.7/site-packages/airflow/example_dags/example_skip_dag.py
[2025-10-21T00:51:29.652+0000] {logging_mixin.py:149} INFO - [2025-10-21T00:51:29.652+0000] {dag.py:2726} INFO - Sync 1 DAGs
[2025-10-21T00:51:29.743+0000] {logging_mixin.py:149} INFO - [2025-10-21T00:51:29.742+0000] {dag.py:3490} INFO - Setting next_dagrun for example_skip_dag to 2025-10-20T00:51:29.741972+00:00, run_after=2025-10-21T00:51:29.741972+00:00
[2025-10-21T00:51:29.794+0000] {processor.py:179} INFO - Processing /home/airflow/.local/lib/python3.7/site-packages/airflow/example_dags/example_skip_dag.py took 0.259 seconds
[2025-10-21T00:51:59.978+0000] {processor.py:157} INFO - Started process (PID=358) to work on /home/airflow/.local/lib/python3.7/site-packages/airflow/example_dags/example_skip_dag.py
[2025-10-21T00:51:59.980+0000] {processor.py:826} INFO - Processing file /home/airflow/.local/lib/python3.7/site-packages/airflow/example_dags/example_skip_dag.py for tasks to queue
[2025-10-21T00:51:59.982+0000] {logging_mixin.py:149} INFO - [2025-10-21T00:51:59.982+0000] {dagbag.py:541} INFO - Filling up the DagBag from /home/airflow/.local/lib/python3.7/site-packages/airflow/example_dags/example_skip_dag.py
[2025-10-21T00:51:59.996+0000] {processor.py:836} INFO - DAG(s) dict_keys(['example_skip_dag']) retrieved from /home/airflow/.local/lib/python3.7/site-packages/airflow/example_dags/example_skip_dag.py
[2025-10-21T00:52:00.046+0000] {logging_mixin.py:149} INFO - [2025-10-21T00:52:00.046+0000] {dag.py:2726} INFO - Sync 1 DAGs
[2025-10-21T00:52:00.103+0000] {logging_mixin.py:149} INFO - [2025-10-21T00:52:00.103+0000] {dag.py:3490} INFO - Setting next_dagrun for example_skip_dag to 2025-10-20T00:52:00.102786+00:00, run_after=2025-10-21T00:52:00.102786+00:00
[2025-10-21T00:52:00.146+0000] {processor.py:179} INFO - Processing /home/airflow/.local/lib/python3.7/site-packages/airflow/example_dags/example_skip_dag.py took 0.175 seconds
[2025-10-21T00:52:30.606+0000] {processor.py:157} INFO - Started process (PID=423) to work on /home/airflow/.local/lib/python3.7/site-packages/airflow/example_dags/example_skip_dag.py
[2025-10-21T00:52:30.608+0000] {processor.py:826} INFO - Processing file /home/airflow/.local/lib/python3.7/site-packages/airflow/example_dags/example_skip_dag.py for tasks to queue
[2025-10-21T00:52:30.610+0000] {logging_mixin.py:149} INFO - [2025-10-21T00:52:30.610+0000] {dagbag.py:541} INFO - Filling up the DagBag from /home/airflow/.local/lib/python3.7/site-packages/airflow/example_dags/example_skip_dag.py
[2025-10-21T00:52:30.624+0000] {processor.py:836} INFO - DAG(s) dict_keys(['example_skip_dag']) retrieved from /home/airflow/.local/lib/python3.7/site-packages/airflow/example_dags/example_skip_dag.py
[2025-10-21T00:52:30.669+0000] {logging_mixin.py:149} INFO - [2025-10-21T00:52:30.668+0000] {dag.py:2726} INFO - Sync 1 DAGs
[2025-10-21T00:52:30.714+0000] {logging_mixin.py:149} INFO - [2025-10-21T00:52:30.714+0000] {dag.py:3490} INFO - Setting next_dagrun for example_skip_dag to 2025-10-20T00:52:30.713720+00:00, run_after=2025-10-21T00:52:30.713720+00:00
[2025-10-21T00:52:30.756+0000] {processor.py:179} INFO - Processing /home/airflow/.local/lib/python3.7/site-packages/airflow/example_dags/example_skip_dag.py took 0.157 seconds
[2025-10-21T00:53:00.963+0000] {processor.py:157} INFO - Started process (PID=489) to work on /home/airflow/.local/lib/python3.7/site-packages/airflow/example_dags/example_skip_dag.py
[2025-10-21T00:53:00.965+0000] {processor.py:826} INFO - Processing file /home/airflow/.local/lib/python3.7/site-packages/airflow/example_dags/example_skip_dag.py for tasks to queue
[2025-10-21T00:53:00.967+0000] {logging_mixin.py:149} INFO - [2025-10-21T00:53:00.967+0000] {dagbag.py:541} INFO - Filling up the DagBag from /home/airflow/.local/lib/python3.7/site-packages/airflow/example_dags/example_skip_dag.py
[2025-10-21T00:53:00.982+0000] {processor.py:836} INFO - DAG(s) dict_keys(['example_skip_dag']) retrieved from /home/airflow/.local/lib/python3.7/site-packages/airflow/example_dags/example_skip_dag.py
[2025-10-21T00:53:01.030+0000] {logging_mixin.py:149} INFO - [2025-10-21T00:53:01.030+0000] {dag.py:2726} INFO - Sync 1 DAGs
[2025-10-21T00:53:01.090+0000] {logging_mixin.py:149} INFO - [2025-10-21T00:53:01.090+0000] {dag.py:3490} INFO - Setting next_dagrun for example_skip_dag to 2025-10-20T00:53:01.089757+00:00, run_after=2025-10-21T00:53:01.089757+00:00
[2025-10-21T00:53:01.134+0000] {processor.py:179} INFO - Processing /home/airflow/.local/lib/python3.7/site-packages/airflow/example_dags/example_skip_dag.py took 0.178 seconds
[2025-10-21T00:53:31.389+0000] {processor.py:157} INFO - Started process (PID=556) to work on /home/airflow/.local/lib/python3.7/site-packages/airflow/example_dags/example_skip_dag.py
[2025-10-21T00:53:31.392+0000] {processor.py:826} INFO - Processing file /home/airflow/.local/lib/python3.7/site-packages/airflow/example_dags/example_skip_dag.py for tasks to queue
[2025-10-21T00:53:31.394+0000] {logging_mixin.py:149} INFO - [2025-10-21T00:53:31.393+0000] {dagbag.py:541} INFO - Filling up the DagBag from /home/airflow/.local/lib/python3.7/site-packages/airflow/example_dags/example_skip_dag.py
[2025-10-21T00:53:31.410+0000] {processor.py:836} INFO - DAG(s) dict_keys(['example_skip_dag']) retrieved from /home/airflow/.local/lib/python3.7/site-packages/airflow/example_dags/example_skip_dag.py
[2025-10-21T00:53:31.472+0000] {logging_mixin.py:149} INFO - [2025-10-21T00:53:31.471+0000] {dag.py:2726} INFO - Sync 1 DAGs
[2025-10-21T00:53:31.528+0000] {logging_mixin.py:149} INFO - [2025-10-21T00:53:31.528+0000] {dag.py:3490} INFO - Setting next_dagrun for example_skip_dag to 2025-10-20T00:53:31.527801+00:00, run_after=2025-10-21T00:53:31.527801+00:00
[2025-10-21T00:53:31.576+0000] {processor.py:179} INFO - Processing /home/airflow/.local/lib/python3.7/site-packages/airflow/example_dags/example_skip_dag.py took 0.194 seconds
[2025-10-21T00:54:01.692+0000] {processor.py:157} INFO - Started process (PID=622) to work on /home/airflow/.local/lib/python3.7/site-packages/airflow/example_dags/example_skip_dag.py
[2025-10-21T00:54:01.694+0000] {processor.py:826} INFO - Processing file /home/airflow/.local/lib/python3.7/site-packages/airflow/example_dags/example_skip_dag.py for tasks to queue
[2025-10-21T00:54:01.696+0000] {logging_mixin.py:149} INFO - [2025-10-21T00:54:01.695+0000] {dagbag.py:541} INFO - Filling up the DagBag from /home/airflow/.local/lib/python3.7/site-packages/airflow/example_dags/example_skip_dag.py
[2025-10-21T00:54:01.710+0000] {processor.py:836} INFO - DAG(s) dict_keys(['example_skip_dag']) retrieved from /home/airflow/.local/lib/python3.7/site-packages/airflow/example_dags/example_skip_dag.py
[2025-10-21T00:54:01.759+0000] {logging_mixin.py:149} INFO - [2025-10-21T00:54:01.759+0000] {dag.py:2726} INFO - Sync 1 DAGs
[2025-10-21T00:54:01.803+0000] {logging_mixin.py:149} INFO - [2025-10-21T00:54:01.803+0000] {dag.py:3490} INFO - Setting next_dagrun for example_skip_dag to 2025-10-20T00:54:01.802790+00:00, run_after=2025-10-21T00:54:01.802790+00:00
[2025-10-21T00:54:01.838+0000] {processor.py:179} INFO - Processing /home/airflow/.local/lib/python3.7/site-packages/airflow/example_dags/example_skip_dag.py took 0.152 seconds
[2025-10-21T00:54:31.950+0000] {processor.py:157} INFO - Started process (PID=688) to work on /home/airflow/.local/lib/python3.7/site-packages/airflow/example_dags/example_skip_dag.py
[2025-10-21T00:54:31.952+0000] {processor.py:826} INFO - Processing file /home/airflow/.local/lib/python3.7/site-packages/airflow/example_dags/example_skip_dag.py for tasks to queue
[2025-10-21T00:54:31.954+0000] {logging_mixin.py:149} INFO - [2025-10-21T00:54:31.954+0000] {dagbag.py:541} INFO - Filling up the DagBag from /home/airflow/.local/lib/python3.7/site-packages/airflow/example_dags/example_skip_dag.py
[2025-10-21T00:54:31.967+0000] {processor.py:836} INFO - DAG(s) dict_keys(['example_skip_dag']) retrieved from /home/airflow/.local/lib/python3.7/site-packages/airflow/example_dags/example_skip_dag.py
[2025-10-21T00:54:32.019+0000] {logging_mixin.py:149} INFO - [2025-10-21T00:54:32.018+0000] {dag.py:2726} INFO - Sync 1 DAGs
[2025-10-21T00:54:32.068+0000] {logging_mixin.py:149} INFO - [2025-10-21T00:54:32.068+0000] {dag.py:3490} INFO - Setting next_dagrun for example_skip_dag to 2025-10-20T00:54:32.068157+00:00, run_after=2025-10-21T00:54:32.068157+00:00
[2025-10-21T00:54:32.107+0000] {processor.py:179} INFO - Processing /home/airflow/.local/lib/python3.7/site-packages/airflow/example_dags/example_skip_dag.py took 0.164 seconds
[2025-10-21T00:55:02.891+0000] {processor.py:157} INFO - Started process (PID=754) to work on /home/airflow/.local/lib/python3.7/site-packages/airflow/example_dags/example_skip_dag.py
[2025-10-21T00:55:02.894+0000] {processor.py:826} INFO - Processing file /home/airflow/.local/lib/python3.7/site-packages/airflow/example_dags/example_skip_dag.py for tasks to queue
[2025-10-21T00:55:02.896+0000] {logging_mixin.py:149} INFO - [2025-10-21T00:55:02.896+0000] {dagbag.py:541} INFO - Filling up the DagBag from /home/airflow/.local/lib/python3.7/site-packages/airflow/example_dags/example_skip_dag.py
[2025-10-21T00:55:02.920+0000] {processor.py:836} INFO - DAG(s) dict_keys(['example_skip_dag']) retrieved from /home/airflow/.local/lib/python3.7/site-packages/airflow/example_dags/example_skip_dag.py
[2025-10-21T00:55:02.991+0000] {logging_mixin.py:149} INFO - [2025-10-21T00:55:02.990+0000] {dag.py:2726} INFO - Sync 1 DAGs
[2025-10-21T00:55:03.060+0000] {logging_mixin.py:149} INFO - [2025-10-21T00:55:03.060+0000] {dag.py:3490} INFO - Setting next_dagrun for example_skip_dag to 2025-10-20T00:55:03.059548+00:00, run_after=2025-10-21T00:55:03.059548+00:00
[2025-10-21T00:55:03.115+0000] {processor.py:179} INFO - Processing /home/airflow/.local/lib/python3.7/site-packages/airflow/example_dags/example_skip_dag.py took 0.234 seconds
[2025-10-21T00:55:33.617+0000] {processor.py:157} INFO - Started process (PID=820) to work on /home/airflow/.local/lib/python3.7/site-packages/airflow/example_dags/example_skip_dag.py
[2025-10-21T00:55:33.620+0000] {processor.py:826} INFO - Processing file /home/airflow/.local/lib/python3.7/site-packages/airflow/example_dags/example_skip_dag.py for tasks to queue
[2025-10-21T00:55:33.622+0000] {logging_mixin.py:149} INFO - [2025-10-21T00:55:33.622+0000] {dagbag.py:541} INFO - Filling up the DagBag from /home/airflow/.local/lib/python3.7/site-packages/airflow/example_dags/example_skip_dag.py
[2025-10-21T00:55:33.641+0000] {processor.py:836} INFO - DAG(s) dict_keys(['example_skip_dag']) retrieved from /home/airflow/.local/lib/python3.7/site-packages/airflow/example_dags/example_skip_dag.py
[2025-10-21T00:55:33.692+0000] {logging_mixin.py:149} INFO - [2025-10-21T00:55:33.692+0000] {dag.py:2726} INFO - Sync 1 DAGs
[2025-10-21T00:55:33.745+0000] {logging_mixin.py:149} INFO - [2025-10-21T00:55:33.745+0000] {dag.py:3490} INFO - Setting next_dagrun for example_skip_dag to 2025-10-20T00:55:33.744604+00:00, run_after=2025-10-21T00:55:33.744604+00:00
[2025-10-21T00:55:33.798+0000] {processor.py:179} INFO - Processing /home/airflow/.local/lib/python3.7/site-packages/airflow/example_dags/example_skip_dag.py took 0.187 seconds
[2025-10-21T00:56:04.699+0000] {processor.py:157} INFO - Started process (PID=886) to work on /home/airflow/.local/lib/python3.7/site-packages/airflow/example_dags/example_skip_dag.py
[2025-10-21T00:56:04.702+0000] {processor.py:826} INFO - Processing file /home/airflow/.local/lib/python3.7/site-packages/airflow/example_dags/example_skip_dag.py for tasks to queue
[2025-10-21T00:56:04.705+0000] {logging_mixin.py:149} INFO - [2025-10-21T00:56:04.704+0000] {dagbag.py:541} INFO - Filling up the DagBag from /home/airflow/.local/lib/python3.7/site-packages/airflow/example_dags/example_skip_dag.py
[2025-10-21T00:56:04.726+0000] {processor.py:836} INFO - DAG(s) dict_keys(['example_skip_dag']) retrieved from /home/airflow/.local/lib/python3.7/site-packages/airflow/example_dags/example_skip_dag.py
[2025-10-21T00:56:04.807+0000] {logging_mixin.py:149} INFO - [2025-10-21T00:56:04.806+0000] {dag.py:2726} INFO - Sync 1 DAGs
[2025-10-21T00:56:04.881+0000] {logging_mixin.py:149} INFO - [2025-10-21T00:56:04.881+0000] {dag.py:3490} INFO - Setting next_dagrun for example_skip_dag to 2025-10-20T00:56:04.880679+00:00, run_after=2025-10-21T00:56:04.880679+00:00
[2025-10-21T00:56:04.925+0000] {processor.py:179} INFO - Processing /home/airflow/.local/lib/python3.7/site-packages/airflow/example_dags/example_skip_dag.py took 0.236 seconds
[2025-10-21T00:56:35.074+0000] {processor.py:157} INFO - Started process (PID=952) to work on /home/airflow/.local/lib/python3.7/site-packages/airflow/example_dags/example_skip_dag.py
[2025-10-21T00:56:35.077+0000] {processor.py:826} INFO - Processing file /home/airflow/.local/lib/python3.7/site-packages/airflow/example_dags/example_skip_dag.py for tasks to queue
[2025-10-21T00:56:35.078+0000] {logging_mixin.py:149} INFO - [2025-10-21T00:56:35.078+0000] {dagbag.py:541} INFO - Filling up the DagBag from /home/airflow/.local/lib/python3.7/site-packages/airflow/example_dags/example_skip_dag.py
[2025-10-21T00:56:35.091+0000] {processor.py:836} INFO - DAG(s) dict_keys(['example_skip_dag']) retrieved from /home/airflow/.local/lib/python3.7/site-packages/airflow/example_dags/example_skip_dag.py
[2025-10-21T00:56:35.153+0000] {logging_mixin.py:149} INFO - [2025-10-21T00:56:35.153+0000] {dag.py:2726} INFO - Sync 1 DAGs
[2025-10-21T00:56:35.203+0000] {logging_mixin.py:149} INFO - [2025-10-21T00:56:35.203+0000] {dag.py:3490} INFO - Setting next_dagrun for example_skip_dag to 2025-10-20T00:56:35.203163+00:00, run_after=2025-10-21T00:56:35.203163+00:00
[2025-10-21T00:56:35.249+0000] {processor.py:179} INFO - Processing /home/airflow/.local/lib/python3.7/site-packages/airflow/example_dags/example_skip_dag.py took 0.181 seconds
[2025-10-21T00:57:05.408+0000] {processor.py:157} INFO - Started process (PID=1019) to work on /home/airflow/.local/lib/python3.7/site-packages/airflow/example_dags/example_skip_dag.py
[2025-10-21T00:57:05.410+0000] {processor.py:826} INFO - Processing file /home/airflow/.local/lib/python3.7/site-packages/airflow/example_dags/example_skip_dag.py for tasks to queue
[2025-10-21T00:57:05.411+0000] {logging_mixin.py:149} INFO - [2025-10-21T00:57:05.411+0000] {dagbag.py:541} INFO - Filling up the DagBag from /home/airflow/.local/lib/python3.7/site-packages/airflow/example_dags/example_skip_dag.py
[2025-10-21T00:57:05.425+0000] {processor.py:836} INFO - DAG(s) dict_keys(['example_skip_dag']) retrieved from /home/airflow/.local/lib/python3.7/site-packages/airflow/example_dags/example_skip_dag.py
[2025-10-21T00:57:05.473+0000] {logging_mixin.py:149} INFO - [2025-10-21T00:57:05.472+0000] {dag.py:2726} INFO - Sync 1 DAGs
[2025-10-21T00:57:05.524+0000] {logging_mixin.py:149} INFO - [2025-10-21T00:57:05.524+0000] {dag.py:3490} INFO - Setting next_dagrun for example_skip_dag to 2025-10-20T00:57:05.523993+00:00, run_after=2025-10-21T00:57:05.523993+00:00
[2025-10-21T00:57:05.562+0000] {processor.py:179} INFO - Processing /home/airflow/.local/lib/python3.7/site-packages/airflow/example_dags/example_skip_dag.py took 0.161 seconds
[2025-10-21T00:57:36.679+0000] {processor.py:157} INFO - Started process (PID=1092) to work on /home/airflow/.local/lib/python3.7/site-packages/airflow/example_dags/example_skip_dag.py
[2025-10-21T00:57:36.681+0000] {processor.py:826} INFO - Processing file /home/airflow/.local/lib/python3.7/site-packages/airflow/example_dags/example_skip_dag.py for tasks to queue
[2025-10-21T00:57:36.683+0000] {logging_mixin.py:149} INFO - [2025-10-21T00:57:36.682+0000] {dagbag.py:541} INFO - Filling up the DagBag from /home/airflow/.local/lib/python3.7/site-packages/airflow/example_dags/example_skip_dag.py
[2025-10-21T00:57:36.695+0000] {processor.py:836} INFO - DAG(s) dict_keys(['example_skip_dag']) retrieved from /home/airflow/.local/lib/python3.7/site-packages/airflow/example_dags/example_skip_dag.py
[2025-10-21T00:57:36.739+0000] {logging_mixin.py:149} INFO - [2025-10-21T00:57:36.738+0000] {dag.py:2726} INFO - Sync 1 DAGs
[2025-10-21T00:57:36.779+0000] {logging_mixin.py:149} INFO - [2025-10-21T00:57:36.779+0000] {dag.py:3490} INFO - Setting next_dagrun for example_skip_dag to 2025-10-20T00:57:36.778998+00:00, run_after=2025-10-21T00:57:36.778998+00:00
[2025-10-21T00:57:36.820+0000] {processor.py:179} INFO - Processing /home/airflow/.local/lib/python3.7/site-packages/airflow/example_dags/example_skip_dag.py took 0.147 seconds
[2025-10-21T00:58:06.988+0000] {processor.py:157} INFO - Started process (PID=1159) to work on /home/airflow/.local/lib/python3.7/site-packages/airflow/example_dags/example_skip_dag.py
[2025-10-21T00:58:06.990+0000] {processor.py:826} INFO - Processing file /home/airflow/.local/lib/python3.7/site-packages/airflow/example_dags/example_skip_dag.py for tasks to queue
[2025-10-21T00:58:06.991+0000] {logging_mixin.py:149} INFO - [2025-10-21T00:58:06.991+0000] {dagbag.py:541} INFO - Filling up the DagBag from /home/airflow/.local/lib/python3.7/site-packages/airflow/example_dags/example_skip_dag.py
[2025-10-21T00:58:07.006+0000] {processor.py:836} INFO - DAG(s) dict_keys(['example_skip_dag']) retrieved from /home/airflow/.local/lib/python3.7/site-packages/airflow/example_dags/example_skip_dag.py
[2025-10-21T00:58:07.048+0000] {logging_mixin.py:149} INFO - [2025-10-21T00:58:07.048+0000] {dag.py:2726} INFO - Sync 1 DAGs
[2025-10-21T00:58:07.095+0000] {logging_mixin.py:149} INFO - [2025-10-21T00:58:07.094+0000] {dag.py:3490} INFO - Setting next_dagrun for example_skip_dag to 2025-10-20T00:58:07.094622+00:00, run_after=2025-10-21T00:58:07.094622+00:00
[2025-10-21T00:58:07.147+0000] {processor.py:179} INFO - Processing /home/airflow/.local/lib/python3.7/site-packages/airflow/example_dags/example_skip_dag.py took 0.165 seconds
[2025-10-21T00:58:38.379+0000] {processor.py:157} INFO - Started process (PID=1226) to work on /home/airflow/.local/lib/python3.7/site-packages/airflow/example_dags/example_skip_dag.py
[2025-10-21T00:58:38.383+0000] {processor.py:826} INFO - Processing file /home/airflow/.local/lib/python3.7/site-packages/airflow/example_dags/example_skip_dag.py for tasks to queue
[2025-10-21T00:58:38.387+0000] {logging_mixin.py:149} INFO - [2025-10-21T00:58:38.387+0000] {dagbag.py:541} INFO - Filling up the DagBag from /home/airflow/.local/lib/python3.7/site-packages/airflow/example_dags/example_skip_dag.py
[2025-10-21T00:58:38.420+0000] {processor.py:836} INFO - DAG(s) dict_keys(['example_skip_dag']) retrieved from /home/airflow/.local/lib/python3.7/site-packages/airflow/example_dags/example_skip_dag.py
[2025-10-21T00:58:38.506+0000] {logging_mixin.py:149} INFO - [2025-10-21T00:58:38.505+0000] {dag.py:2726} INFO - Sync 1 DAGs
[2025-10-21T00:58:38.599+0000] {logging_mixin.py:149} INFO - [2025-10-21T00:58:38.599+0000] {dag.py:3490} INFO - Setting next_dagrun for example_skip_dag to 2025-10-20T00:58:38.598733+00:00, run_after=2025-10-21T00:58:38.598733+00:00
[2025-10-21T00:58:38.675+0000] {processor.py:179} INFO - Processing /home/airflow/.local/lib/python3.7/site-packages/airflow/example_dags/example_skip_dag.py took 0.308 seconds
[2025-10-21T00:59:08.912+0000] {processor.py:157} INFO - Started process (PID=1293) to work on /home/airflow/.local/lib/python3.7/site-packages/airflow/example_dags/example_skip_dag.py
[2025-10-21T00:59:08.916+0000] {processor.py:826} INFO - Processing file /home/airflow/.local/lib/python3.7/site-packages/airflow/example_dags/example_skip_dag.py for tasks to queue
[2025-10-21T00:59:08.919+0000] {logging_mixin.py:149} INFO - [2025-10-21T00:59:08.919+0000] {dagbag.py:541} INFO - Filling up the DagBag from /home/airflow/.local/lib/python3.7/site-packages/airflow/example_dags/example_skip_dag.py
[2025-10-21T00:59:08.960+0000] {processor.py:836} INFO - DAG(s) dict_keys(['example_skip_dag']) retrieved from /home/airflow/.local/lib/python3.7/site-packages/airflow/example_dags/example_skip_dag.py
[2025-10-21T00:59:09.035+0000] {logging_mixin.py:149} INFO - [2025-10-21T00:59:09.035+0000] {dag.py:2726} INFO - Sync 1 DAGs
[2025-10-21T00:59:09.118+0000] {logging_mixin.py:149} INFO - [2025-10-21T00:59:09.118+0000] {dag.py:3490} INFO - Setting next_dagrun for example_skip_dag to 2025-10-20T00:59:09.117666+00:00, run_after=2025-10-21T00:59:09.117666+00:00
[2025-10-21T00:59:09.188+0000] {processor.py:179} INFO - Processing /home/airflow/.local/lib/python3.7/site-packages/airflow/example_dags/example_skip_dag.py took 0.287 seconds
[2025-10-21T00:59:39.531+0000] {processor.py:157} INFO - Started process (PID=1359) to work on /home/airflow/.local/lib/python3.7/site-packages/airflow/example_dags/example_skip_dag.py
[2025-10-21T00:59:39.533+0000] {processor.py:826} INFO - Processing file /home/airflow/.local/lib/python3.7/site-packages/airflow/example_dags/example_skip_dag.py for tasks to queue
[2025-10-21T00:59:39.535+0000] {logging_mixin.py:149} INFO - [2025-10-21T00:59:39.535+0000] {dagbag.py:541} INFO - Filling up the DagBag from /home/airflow/.local/lib/python3.7/site-packages/airflow/example_dags/example_skip_dag.py
[2025-10-21T00:59:39.551+0000] {processor.py:836} INFO - DAG(s) dict_keys(['example_skip_dag']) retrieved from /home/airflow/.local/lib/python3.7/site-packages/airflow/example_dags/example_skip_dag.py
[2025-10-21T00:59:39.606+0000] {logging_mixin.py:149} INFO - [2025-10-21T00:59:39.605+0000] {dag.py:2726} INFO - Sync 1 DAGs
[2025-10-21T00:59:39.660+0000] {logging_mixin.py:149} INFO - [2025-10-21T00:59:39.659+0000] {dag.py:3490} INFO - Setting next_dagrun for example_skip_dag to 2025-10-20T00:59:39.659472+00:00, run_after=2025-10-21T00:59:39.659472+00:00
[2025-10-21T00:59:39.714+0000] {processor.py:179} INFO - Processing /home/airflow/.local/lib/python3.7/site-packages/airflow/example_dags/example_skip_dag.py took 0.190 seconds
[2025-10-21T01:00:10.211+0000] {processor.py:157} INFO - Started process (PID=1425) to work on /home/airflow/.local/lib/python3.7/site-packages/airflow/example_dags/example_skip_dag.py
[2025-10-21T01:00:10.214+0000] {processor.py:826} INFO - Processing file /home/airflow/.local/lib/python3.7/site-packages/airflow/example_dags/example_skip_dag.py for tasks to queue
[2025-10-21T01:00:10.216+0000] {logging_mixin.py:149} INFO - [2025-10-21T01:00:10.216+0000] {dagbag.py:541} INFO - Filling up the DagBag from /home/airflow/.local/lib/python3.7/site-packages/airflow/example_dags/example_skip_dag.py
[2025-10-21T01:00:10.238+0000] {processor.py:836} INFO - DAG(s) dict_keys(['example_skip_dag']) retrieved from /home/airflow/.local/lib/python3.7/site-packages/airflow/example_dags/example_skip_dag.py
[2025-10-21T01:00:10.318+0000] {logging_mixin.py:149} INFO - [2025-10-21T01:00:10.317+0000] {dag.py:2726} INFO - Sync 1 DAGs
[2025-10-21T01:00:10.394+0000] {logging_mixin.py:149} INFO - [2025-10-21T01:00:10.394+0000] {dag.py:3490} INFO - Setting next_dagrun for example_skip_dag to 2025-10-20T01:00:10.393328+00:00, run_after=2025-10-21T01:00:10.393328+00:00
[2025-10-21T01:00:10.455+0000] {processor.py:179} INFO - Processing /home/airflow/.local/lib/python3.7/site-packages/airflow/example_dags/example_skip_dag.py took 0.254 seconds
[2025-10-21T01:00:41.214+0000] {processor.py:157} INFO - Started process (PID=1491) to work on /home/airflow/.local/lib/python3.7/site-packages/airflow/example_dags/example_skip_dag.py
[2025-10-21T01:00:41.216+0000] {processor.py:826} INFO - Processing file /home/airflow/.local/lib/python3.7/site-packages/airflow/example_dags/example_skip_dag.py for tasks to queue
[2025-10-21T01:00:41.218+0000] {logging_mixin.py:149} INFO - [2025-10-21T01:00:41.217+0000] {dagbag.py:541} INFO - Filling up the DagBag from /home/airflow/.local/lib/python3.7/site-packages/airflow/example_dags/example_skip_dag.py
[2025-10-21T01:00:41.233+0000] {processor.py:836} INFO - DAG(s) dict_keys(['example_skip_dag']) retrieved from /home/airflow/.local/lib/python3.7/site-packages/airflow/example_dags/example_skip_dag.py
[2025-10-21T01:00:41.282+0000] {logging_mixin.py:149} INFO - [2025-10-21T01:00:41.281+0000] {dag.py:2726} INFO - Sync 1 DAGs
[2025-10-21T01:00:41.333+0000] {logging_mixin.py:149} INFO - [2025-10-21T01:00:41.333+0000] {dag.py:3490} INFO - Setting next_dagrun for example_skip_dag to 2025-10-20T01:00:41.332876+00:00, run_after=2025-10-21T01:00:41.332876+00:00
[2025-10-21T01:00:41.384+0000] {processor.py:179} INFO - Processing /home/airflow/.local/lib/python3.7/site-packages/airflow/example_dags/example_skip_dag.py took 0.176 seconds
[2025-10-21T01:01:11.949+0000] {processor.py:157} INFO - Started process (PID=1557) to work on /home/airflow/.local/lib/python3.7/site-packages/airflow/example_dags/example_skip_dag.py
[2025-10-21T01:01:11.951+0000] {processor.py:826} INFO - Processing file /home/airflow/.local/lib/python3.7/site-packages/airflow/example_dags/example_skip_dag.py for tasks to queue
[2025-10-21T01:01:11.953+0000] {logging_mixin.py:149} INFO - [2025-10-21T01:01:11.952+0000] {dagbag.py:541} INFO - Filling up the DagBag from /home/airflow/.local/lib/python3.7/site-packages/airflow/example_dags/example_skip_dag.py
[2025-10-21T01:01:11.967+0000] {processor.py:836} INFO - DAG(s) dict_keys(['example_skip_dag']) retrieved from /home/airflow/.local/lib/python3.7/site-packages/airflow/example_dags/example_skip_dag.py
[2025-10-21T01:01:12.017+0000] {logging_mixin.py:149} INFO - [2025-10-21T01:01:12.016+0000] {dag.py:2726} INFO - Sync 1 DAGs
[2025-10-21T01:01:12.063+0000] {logging_mixin.py:149} INFO - [2025-10-21T01:01:12.063+0000] {dag.py:3490} INFO - Setting next_dagrun for example_skip_dag to 2025-10-20T01:01:12.062667+00:00, run_after=2025-10-21T01:01:12.062667+00:00
[2025-10-21T01:01:12.104+0000] {processor.py:179} INFO - Processing /home/airflow/.local/lib/python3.7/site-packages/airflow/example_dags/example_skip_dag.py took 0.161 seconds
[2025-10-21T01:01:42.925+0000] {processor.py:157} INFO - Started process (PID=1623) to work on /home/airflow/.local/lib/python3.7/site-packages/airflow/example_dags/example_skip_dag.py
[2025-10-21T01:01:42.927+0000] {processor.py:826} INFO - Processing file /home/airflow/.local/lib/python3.7/site-packages/airflow/example_dags/example_skip_dag.py for tasks to queue
[2025-10-21T01:01:42.929+0000] {logging_mixin.py:149} INFO - [2025-10-21T01:01:42.928+0000] {dagbag.py:541} INFO - Filling up the DagBag from /home/airflow/.local/lib/python3.7/site-packages/airflow/example_dags/example_skip_dag.py
[2025-10-21T01:01:42.946+0000] {processor.py:836} INFO - DAG(s) dict_keys(['example_skip_dag']) retrieved from /home/airflow/.local/lib/python3.7/site-packages/airflow/example_dags/example_skip_dag.py
[2025-10-21T01:01:42.996+0000] {logging_mixin.py:149} INFO - [2025-10-21T01:01:42.995+0000] {dag.py:2726} INFO - Sync 1 DAGs
[2025-10-21T01:01:43.048+0000] {logging_mixin.py:149} INFO - [2025-10-21T01:01:43.048+0000] {dag.py:3490} INFO - Setting next_dagrun for example_skip_dag to 2025-10-20T01:01:43.047619+00:00, run_after=2025-10-21T01:01:43.047619+00:00
[2025-10-21T01:01:43.090+0000] {processor.py:179} INFO - Processing /home/airflow/.local/lib/python3.7/site-packages/airflow/example_dags/example_skip_dag.py took 0.170 seconds
[2025-10-21T01:02:13.363+0000] {processor.py:157} INFO - Started process (PID=1689) to work on /home/airflow/.local/lib/python3.7/site-packages/airflow/example_dags/example_skip_dag.py
[2025-10-21T01:02:13.365+0000] {processor.py:826} INFO - Processing file /home/airflow/.local/lib/python3.7/site-packages/airflow/example_dags/example_skip_dag.py for tasks to queue
[2025-10-21T01:02:13.367+0000] {logging_mixin.py:149} INFO - [2025-10-21T01:02:13.367+0000] {dagbag.py:541} INFO - Filling up the DagBag from /home/airflow/.local/lib/python3.7/site-packages/airflow/example_dags/example_skip_dag.py
[2025-10-21T01:02:13.381+0000] {processor.py:836} INFO - DAG(s) dict_keys(['example_skip_dag']) retrieved from /home/airflow/.local/lib/python3.7/site-packages/airflow/example_dags/example_skip_dag.py
[2025-10-21T01:02:13.424+0000] {logging_mixin.py:149} INFO - [2025-10-21T01:02:13.424+0000] {dag.py:2726} INFO - Sync 1 DAGs
[2025-10-21T01:02:13.475+0000] {logging_mixin.py:149} INFO - [2025-10-21T01:02:13.474+0000] {dag.py:3490} INFO - Setting next_dagrun for example_skip_dag to 2025-10-20T01:02:13.474430+00:00, run_after=2025-10-21T01:02:13.474430+00:00
[2025-10-21T01:02:13.513+0000] {processor.py:179} INFO - Processing /home/airflow/.local/lib/python3.7/site-packages/airflow/example_dags/example_skip_dag.py took 0.156 seconds
[2025-10-21T01:02:43.982+0000] {processor.py:157} INFO - Started process (PID=1755) to work on /home/airflow/.local/lib/python3.7/site-packages/airflow/example_dags/example_skip_dag.py
[2025-10-21T01:02:43.985+0000] {processor.py:826} INFO - Processing file /home/airflow/.local/lib/python3.7/site-packages/airflow/example_dags/example_skip_dag.py for tasks to queue
[2025-10-21T01:02:43.987+0000] {logging_mixin.py:149} INFO - [2025-10-21T01:02:43.986+0000] {dagbag.py:541} INFO - Filling up the DagBag from /home/airflow/.local/lib/python3.7/site-packages/airflow/example_dags/example_skip_dag.py
[2025-10-21T01:02:43.999+0000] {processor.py:836} INFO - DAG(s) dict_keys(['example_skip_dag']) retrieved from /home/airflow/.local/lib/python3.7/site-packages/airflow/example_dags/example_skip_dag.py
[2025-10-21T01:02:44.047+0000] {logging_mixin.py:149} INFO - [2025-10-21T01:02:44.047+0000] {dag.py:2726} INFO - Sync 1 DAGs
[2025-10-21T01:02:44.097+0000] {logging_mixin.py:149} INFO - [2025-10-21T01:02:44.097+0000] {dag.py:3490} INFO - Setting next_dagrun for example_skip_dag to 2025-10-20T01:02:44.096872+00:00, run_after=2025-10-21T01:02:44.096872+00:00
[2025-10-21T01:02:44.141+0000] {processor.py:179} INFO - Processing /home/airflow/.local/lib/python3.7/site-packages/airflow/example_dags/example_skip_dag.py took 0.165 seconds
[2025-10-21T01:03:14.633+0000] {processor.py:157} INFO - Started process (PID=1822) to work on /home/airflow/.local/lib/python3.7/site-packages/airflow/example_dags/example_skip_dag.py
[2025-10-21T01:03:14.638+0000] {processor.py:826} INFO - Processing file /home/airflow/.local/lib/python3.7/site-packages/airflow/example_dags/example_skip_dag.py for tasks to queue
[2025-10-21T01:03:14.640+0000] {logging_mixin.py:149} INFO - [2025-10-21T01:03:14.640+0000] {dagbag.py:541} INFO - Filling up the DagBag from /home/airflow/.local/lib/python3.7/site-packages/airflow/example_dags/example_skip_dag.py
[2025-10-21T01:03:14.666+0000] {processor.py:836} INFO - DAG(s) dict_keys(['example_skip_dag']) retrieved from /home/airflow/.local/lib/python3.7/site-packages/airflow/example_dags/example_skip_dag.py
[2025-10-21T01:03:14.763+0000] {logging_mixin.py:149} INFO - [2025-10-21T01:03:14.763+0000] {dag.py:2726} INFO - Sync 1 DAGs
[2025-10-21T01:03:14.842+0000] {logging_mixin.py:149} INFO - [2025-10-21T01:03:14.842+0000] {dag.py:3490} INFO - Setting next_dagrun for example_skip_dag to 2025-10-20T01:03:14.841455+00:00, run_after=2025-10-21T01:03:14.841455+00:00
[2025-10-21T01:03:14.923+0000] {processor.py:179} INFO - Processing /home/airflow/.local/lib/python3.7/site-packages/airflow/example_dags/example_skip_dag.py took 0.304 seconds
[2025-10-21T01:03:45.411+0000] {processor.py:157} INFO - Started process (PID=1888) to work on /home/airflow/.local/lib/python3.7/site-packages/airflow/example_dags/example_skip_dag.py
[2025-10-21T01:03:45.413+0000] {processor.py:826} INFO - Processing file /home/airflow/.local/lib/python3.7/site-packages/airflow/example_dags/example_skip_dag.py for tasks to queue
[2025-10-21T01:03:45.415+0000] {logging_mixin.py:149} INFO - [2025-10-21T01:03:45.415+0000] {dagbag.py:541} INFO - Filling up the DagBag from /home/airflow/.local/lib/python3.7/site-packages/airflow/example_dags/example_skip_dag.py
[2025-10-21T01:03:45.427+0000] {processor.py:836} INFO - DAG(s) dict_keys(['example_skip_dag']) retrieved from /home/airflow/.local/lib/python3.7/site-packages/airflow/example_dags/example_skip_dag.py
[2025-10-21T01:03:45.472+0000] {logging_mixin.py:149} INFO - [2025-10-21T01:03:45.472+0000] {dag.py:2726} INFO - Sync 1 DAGs
[2025-10-21T01:03:45.521+0000] {logging_mixin.py:149} INFO - [2025-10-21T01:03:45.520+0000] {dag.py:3490} INFO - Setting next_dagrun for example_skip_dag to 2025-10-20T01:03:45.520367+00:00, run_after=2025-10-21T01:03:45.520367+00:00
[2025-10-21T01:03:45.565+0000] {processor.py:179} INFO - Processing /home/airflow/.local/lib/python3.7/site-packages/airflow/example_dags/example_skip_dag.py took 0.159 seconds
[2025-10-21T01:04:16.216+0000] {processor.py:157} INFO - Started process (PID=1954) to work on /home/airflow/.local/lib/python3.7/site-packages/airflow/example_dags/example_skip_dag.py
[2025-10-21T01:04:16.219+0000] {processor.py:826} INFO - Processing file /home/airflow/.local/lib/python3.7/site-packages/airflow/example_dags/example_skip_dag.py for tasks to queue
[2025-10-21T01:04:16.221+0000] {logging_mixin.py:149} INFO - [2025-10-21T01:04:16.221+0000] {dagbag.py:541} INFO - Filling up the DagBag from /home/airflow/.local/lib/python3.7/site-packages/airflow/example_dags/example_skip_dag.py
[2025-10-21T01:04:16.233+0000] {processor.py:836} INFO - DAG(s) dict_keys(['example_skip_dag']) retrieved from /home/airflow/.local/lib/python3.7/site-packages/airflow/example_dags/example_skip_dag.py
[2025-10-21T01:04:16.280+0000] {logging_mixin.py:149} INFO - [2025-10-21T01:04:16.280+0000] {dag.py:2726} INFO - Sync 1 DAGs
[2025-10-21T01:04:16.339+0000] {logging_mixin.py:149} INFO - [2025-10-21T01:04:16.339+0000] {dag.py:3490} INFO - Setting next_dagrun for example_skip_dag to 2025-10-20T01:04:16.338925+00:00, run_after=2025-10-21T01:04:16.338925+00:00
[2025-10-21T01:04:16.386+0000] {processor.py:179} INFO - Processing /home/airflow/.local/lib/python3.7/site-packages/airflow/example_dags/example_skip_dag.py took 0.176 seconds
[2025-10-21T01:04:47.100+0000] {processor.py:157} INFO - Started process (PID=2020) to work on /home/airflow/.local/lib/python3.7/site-packages/airflow/example_dags/example_skip_dag.py
[2025-10-21T01:04:47.102+0000] {processor.py:826} INFO - Processing file /home/airflow/.local/lib/python3.7/site-packages/airflow/example_dags/example_skip_dag.py for tasks to queue
[2025-10-21T01:04:47.104+0000] {logging_mixin.py:149} INFO - [2025-10-21T01:04:47.104+0000] {dagbag.py:541} INFO - Filling up the DagBag from /home/airflow/.local/lib/python3.7/site-packages/airflow/example_dags/example_skip_dag.py
[2025-10-21T01:04:47.122+0000] {processor.py:836} INFO - DAG(s) dict_keys(['example_skip_dag']) retrieved from /home/airflow/.local/lib/python3.7/site-packages/airflow/example_dags/example_skip_dag.py
[2025-10-21T01:04:47.166+0000] {logging_mixin.py:149} INFO - [2025-10-21T01:04:47.165+0000] {dag.py:2726} INFO - Sync 1 DAGs
[2025-10-21T01:04:47.210+0000] {logging_mixin.py:149} INFO - [2025-10-21T01:04:47.209+0000] {dag.py:3490} INFO - Setting next_dagrun for example_skip_dag to 2025-10-20T01:04:47.209417+00:00, run_after=2025-10-21T01:04:47.209417+00:00
[2025-10-21T01:04:47.251+0000] {processor.py:179} INFO - Processing /home/airflow/.local/lib/python3.7/site-packages/airflow/example_dags/example_skip_dag.py took 0.159 seconds
[2025-10-21T01:05:17.735+0000] {processor.py:157} INFO - Started process (PID=2086) to work on /home/airflow/.local/lib/python3.7/site-packages/airflow/example_dags/example_skip_dag.py
[2025-10-21T01:05:17.738+0000] {processor.py:826} INFO - Processing file /home/airflow/.local/lib/python3.7/site-packages/airflow/example_dags/example_skip_dag.py for tasks to queue
[2025-10-21T01:05:17.740+0000] {logging_mixin.py:149} INFO - [2025-10-21T01:05:17.740+0000] {dagbag.py:541} INFO - Filling up the DagBag from /home/airflow/.local/lib/python3.7/site-packages/airflow/example_dags/example_skip_dag.py
[2025-10-21T01:05:17.762+0000] {processor.py:836} INFO - DAG(s) dict_keys(['example_skip_dag']) retrieved from /home/airflow/.local/lib/python3.7/site-packages/airflow/example_dags/example_skip_dag.py
[2025-10-21T01:05:17.823+0000] {logging_mixin.py:149} INFO - [2025-10-21T01:05:17.823+0000] {dag.py:2726} INFO - Sync 1 DAGs
[2025-10-21T01:05:17.880+0000] {logging_mixin.py:149} INFO - [2025-10-21T01:05:17.879+0000] {dag.py:3490} INFO - Setting next_dagrun for example_skip_dag to 2025-10-20T01:05:17.879182+00:00, run_after=2025-10-21T01:05:17.879182+00:00
[2025-10-21T01:05:17.927+0000] {processor.py:179} INFO - Processing /home/airflow/.local/lib/python3.7/site-packages/airflow/example_dags/example_skip_dag.py took 0.202 seconds
[2025-10-21T01:05:48.220+0000] {processor.py:157} INFO - Started process (PID=2152) to work on /home/airflow/.local/lib/python3.7/site-packages/airflow/example_dags/example_skip_dag.py
[2025-10-21T01:05:48.223+0000] {processor.py:826} INFO - Processing file /home/airflow/.local/lib/python3.7/site-packages/airflow/example_dags/example_skip_dag.py for tasks to queue
[2025-10-21T01:05:48.225+0000] {logging_mixin.py:149} INFO - [2025-10-21T01:05:48.224+0000] {dagbag.py:541} INFO - Filling up the DagBag from /home/airflow/.local/lib/python3.7/site-packages/airflow/example_dags/example_skip_dag.py
[2025-10-21T01:05:48.237+0000] {processor.py:836} INFO - DAG(s) dict_keys(['example_skip_dag']) retrieved from /home/airflow/.local/lib/python3.7/site-packages/airflow/example_dags/example_skip_dag.py
[2025-10-21T01:05:48.287+0000] {logging_mixin.py:149} INFO - [2025-10-21T01:05:48.287+0000] {dag.py:2726} INFO - Sync 1 DAGs
[2025-10-21T01:05:48.336+0000] {logging_mixin.py:149} INFO - [2025-10-21T01:05:48.336+0000] {dag.py:3490} INFO - Setting next_dagrun for example_skip_dag to 2025-10-20T01:05:48.336094+00:00, run_after=2025-10-21T01:05:48.336094+00:00
[2025-10-21T01:05:48.379+0000] {processor.py:179} INFO - Processing /home/airflow/.local/lib/python3.7/site-packages/airflow/example_dags/example_skip_dag.py took 0.165 seconds
[2025-10-21T01:06:18.864+0000] {processor.py:157} INFO - Started process (PID=2217) to work on /home/airflow/.local/lib/python3.7/site-packages/airflow/example_dags/example_skip_dag.py
[2025-10-21T01:06:18.866+0000] {processor.py:826} INFO - Processing file /home/airflow/.local/lib/python3.7/site-packages/airflow/example_dags/example_skip_dag.py for tasks to queue
[2025-10-21T01:06:18.868+0000] {logging_mixin.py:149} INFO - [2025-10-21T01:06:18.868+0000] {dagbag.py:541} INFO - Filling up the DagBag from /home/airflow/.local/lib/python3.7/site-packages/airflow/example_dags/example_skip_dag.py
[2025-10-21T01:06:18.885+0000] {processor.py:836} INFO - DAG(s) dict_keys(['example_skip_dag']) retrieved from /home/airflow/.local/lib/python3.7/site-packages/airflow/example_dags/example_skip_dag.py
[2025-10-21T01:06:18.942+0000] {logging_mixin.py:149} INFO - [2025-10-21T01:06:18.942+0000] {dag.py:2726} INFO - Sync 1 DAGs
[2025-10-21T01:06:18.995+0000] {logging_mixin.py:149} INFO - [2025-10-21T01:06:18.995+0000] {dag.py:3490} INFO - Setting next_dagrun for example_skip_dag to 2025-10-20T01:06:18.995224+00:00, run_after=2025-10-21T01:06:18.995224+00:00
[2025-10-21T01:06:19.039+0000] {processor.py:179} INFO - Processing /home/airflow/.local/lib/python3.7/site-packages/airflow/example_dags/example_skip_dag.py took 0.182 seconds
[2025-10-21T01:06:49.184+0000] {processor.py:157} INFO - Started process (PID=2276) to work on /home/airflow/.local/lib/python3.7/site-packages/airflow/example_dags/example_skip_dag.py
[2025-10-21T01:06:49.186+0000] {processor.py:826} INFO - Processing file /home/airflow/.local/lib/python3.7/site-packages/airflow/example_dags/example_skip_dag.py for tasks to queue
[2025-10-21T01:06:49.187+0000] {logging_mixin.py:149} INFO - [2025-10-21T01:06:49.187+0000] {dagbag.py:541} INFO - Filling up the DagBag from /home/airflow/.local/lib/python3.7/site-packages/airflow/example_dags/example_skip_dag.py
[2025-10-21T01:06:49.203+0000] {processor.py:836} INFO - DAG(s) dict_keys(['example_skip_dag']) retrieved from /home/airflow/.local/lib/python3.7/site-packages/airflow/example_dags/example_skip_dag.py
[2025-10-21T01:06:49.258+0000] {logging_mixin.py:149} INFO - [2025-10-21T01:06:49.258+0000] {dag.py:2726} INFO - Sync 1 DAGs
[2025-10-21T01:06:49.301+0000] {logging_mixin.py:149} INFO - [2025-10-21T01:06:49.301+0000] {dag.py:3490} INFO - Setting next_dagrun for example_skip_dag to 2025-10-20T01:06:49.301018+00:00, run_after=2025-10-21T01:06:49.301018+00:00
[2025-10-21T01:06:49.345+0000] {processor.py:179} INFO - Processing /home/airflow/.local/lib/python3.7/site-packages/airflow/example_dags/example_skip_dag.py took 0.170 seconds
[2025-10-21T01:07:19.443+0000] {processor.py:157} INFO - Started process (PID=2343) to work on /home/airflow/.local/lib/python3.7/site-packages/airflow/example_dags/example_skip_dag.py
[2025-10-21T01:07:19.445+0000] {processor.py:826} INFO - Processing file /home/airflow/.local/lib/python3.7/site-packages/airflow/example_dags/example_skip_dag.py for tasks to queue
[2025-10-21T01:07:19.447+0000] {logging_mixin.py:149} INFO - [2025-10-21T01:07:19.446+0000] {dagbag.py:541} INFO - Filling up the DagBag from /home/airflow/.local/lib/python3.7/site-packages/airflow/example_dags/example_skip_dag.py
[2025-10-21T01:07:19.463+0000] {processor.py:836} INFO - DAG(s) dict_keys(['example_skip_dag']) retrieved from /home/airflow/.local/lib/python3.7/site-packages/airflow/example_dags/example_skip_dag.py
[2025-10-21T01:07:19.520+0000] {logging_mixin.py:149} INFO - [2025-10-21T01:07:19.520+0000] {dag.py:2726} INFO - Sync 1 DAGs
[2025-10-21T01:07:19.570+0000] {logging_mixin.py:149} INFO - [2025-10-21T01:07:19.569+0000] {dag.py:3490} INFO - Setting next_dagrun for example_skip_dag to 2025-10-20T01:07:19.569380+00:00, run_after=2025-10-21T01:07:19.569380+00:00
[2025-10-21T01:07:19.612+0000] {processor.py:179} INFO - Processing /home/airflow/.local/lib/python3.7/site-packages/airflow/example_dags/example_skip_dag.py took 0.176 seconds
[2025-10-21T01:07:50.296+0000] {processor.py:157} INFO - Started process (PID=2409) to work on /home/airflow/.local/lib/python3.7/site-packages/airflow/example_dags/example_skip_dag.py
[2025-10-21T01:07:50.298+0000] {processor.py:826} INFO - Processing file /home/airflow/.local/lib/python3.7/site-packages/airflow/example_dags/example_skip_dag.py for tasks to queue
[2025-10-21T01:07:50.300+0000] {logging_mixin.py:149} INFO - [2025-10-21T01:07:50.299+0000] {dagbag.py:541} INFO - Filling up the DagBag from /home/airflow/.local/lib/python3.7/site-packages/airflow/example_dags/example_skip_dag.py
[2025-10-21T01:07:50.317+0000] {processor.py:836} INFO - DAG(s) dict_keys(['example_skip_dag']) retrieved from /home/airflow/.local/lib/python3.7/site-packages/airflow/example_dags/example_skip_dag.py
[2025-10-21T01:07:50.365+0000] {logging_mixin.py:149} INFO - [2025-10-21T01:07:50.365+0000] {dag.py:2726} INFO - Sync 1 DAGs
[2025-10-21T01:07:50.407+0000] {logging_mixin.py:149} INFO - [2025-10-21T01:07:50.407+0000] {dag.py:3490} INFO - Setting next_dagrun for example_skip_dag to 2025-10-20T01:07:50.407180+00:00, run_after=2025-10-21T01:07:50.407180+00:00
[2025-10-21T01:07:50.448+0000] {processor.py:179} INFO - Processing /home/airflow/.local/lib/python3.7/site-packages/airflow/example_dags/example_skip_dag.py took 0.163 seconds
[2025-10-21T01:08:20.813+0000] {processor.py:157} INFO - Started process (PID=2475) to work on /home/airflow/.local/lib/python3.7/site-packages/airflow/example_dags/example_skip_dag.py
[2025-10-21T01:08:20.821+0000] {processor.py:826} INFO - Processing file /home/airflow/.local/lib/python3.7/site-packages/airflow/example_dags/example_skip_dag.py for tasks to queue
[2025-10-21T01:08:20.822+0000] {logging_mixin.py:149} INFO - [2025-10-21T01:08:20.822+0000] {dagbag.py:541} INFO - Filling up the DagBag from /home/airflow/.local/lib/python3.7/site-packages/airflow/example_dags/example_skip_dag.py
[2025-10-21T01:08:20.845+0000] {processor.py:836} INFO - DAG(s) dict_keys(['example_skip_dag']) retrieved from /home/airflow/.local/lib/python3.7/site-packages/airflow/example_dags/example_skip_dag.py
[2025-10-21T01:08:20.911+0000] {logging_mixin.py:149} INFO - [2025-10-21T01:08:20.910+0000] {dag.py:2726} INFO - Sync 1 DAGs
[2025-10-21T01:08:20.966+0000] {logging_mixin.py:149} INFO - [2025-10-21T01:08:20.966+0000] {dag.py:3490} INFO - Setting next_dagrun for example_skip_dag to 2025-10-20T01:08:20.965865+00:00, run_after=2025-10-21T01:08:20.965865+00:00
[2025-10-21T01:08:21.014+0000] {processor.py:179} INFO - Processing /home/airflow/.local/lib/python3.7/site-packages/airflow/example_dags/example_skip_dag.py took 0.208 seconds
[2025-10-21T01:08:51.577+0000] {processor.py:157} INFO - Started process (PID=2541) to work on /home/airflow/.local/lib/python3.7/site-packages/airflow/example_dags/example_skip_dag.py
[2025-10-21T01:08:51.579+0000] {processor.py:826} INFO - Processing file /home/airflow/.local/lib/python3.7/site-packages/airflow/example_dags/example_skip_dag.py for tasks to queue
[2025-10-21T01:08:51.581+0000] {logging_mixin.py:149} INFO - [2025-10-21T01:08:51.581+0000] {dagbag.py:541} INFO - Filling up the DagBag from /home/airflow/.local/lib/python3.7/site-packages/airflow/example_dags/example_skip_dag.py
[2025-10-21T01:08:51.595+0000] {processor.py:836} INFO - DAG(s) dict_keys(['example_skip_dag']) retrieved from /home/airflow/.local/lib/python3.7/site-packages/airflow/example_dags/example_skip_dag.py
[2025-10-21T01:08:51.643+0000] {logging_mixin.py:149} INFO - [2025-10-21T01:08:51.643+0000] {dag.py:2726} INFO - Sync 1 DAGs
[2025-10-21T01:08:51.700+0000] {logging_mixin.py:149} INFO - [2025-10-21T01:08:51.700+0000] {dag.py:3490} INFO - Setting next_dagrun for example_skip_dag to 2025-10-20T01:08:51.699473+00:00, run_after=2025-10-21T01:08:51.699473+00:00
[2025-10-21T01:08:51.742+0000] {processor.py:179} INFO - Processing /home/airflow/.local/lib/python3.7/site-packages/airflow/example_dags/example_skip_dag.py took 0.172 seconds
[2025-10-21T01:09:22.402+0000] {processor.py:157} INFO - Started process (PID=2607) to work on /home/airflow/.local/lib/python3.7/site-packages/airflow/example_dags/example_skip_dag.py
[2025-10-21T01:09:22.405+0000] {processor.py:826} INFO - Processing file /home/airflow/.local/lib/python3.7/site-packages/airflow/example_dags/example_skip_dag.py for tasks to queue
[2025-10-21T01:09:22.407+0000] {logging_mixin.py:149} INFO - [2025-10-21T01:09:22.406+0000] {dagbag.py:541} INFO - Filling up the DagBag from /home/airflow/.local/lib/python3.7/site-packages/airflow/example_dags/example_skip_dag.py
[2025-10-21T01:09:22.426+0000] {processor.py:836} INFO - DAG(s) dict_keys(['example_skip_dag']) retrieved from /home/airflow/.local/lib/python3.7/site-packages/airflow/example_dags/example_skip_dag.py
[2025-10-21T01:09:22.487+0000] {logging_mixin.py:149} INFO - [2025-10-21T01:09:22.487+0000] {dag.py:2726} INFO - Sync 1 DAGs
[2025-10-21T01:09:22.538+0000] {logging_mixin.py:149} INFO - [2025-10-21T01:09:22.537+0000] {dag.py:3490} INFO - Setting next_dagrun for example_skip_dag to 2025-10-20T01:09:22.537276+00:00, run_after=2025-10-21T01:09:22.537276+00:00
[2025-10-21T01:09:22.588+0000] {processor.py:179} INFO - Processing /home/airflow/.local/lib/python3.7/site-packages/airflow/example_dags/example_skip_dag.py took 0.194 seconds
[2025-10-21T01:09:53.071+0000] {processor.py:157} INFO - Started process (PID=2674) to work on /home/airflow/.local/lib/python3.7/site-packages/airflow/example_dags/example_skip_dag.py
[2025-10-21T01:09:53.074+0000] {processor.py:826} INFO - Processing file /home/airflow/.local/lib/python3.7/site-packages/airflow/example_dags/example_skip_dag.py for tasks to queue
[2025-10-21T01:09:53.076+0000] {logging_mixin.py:149} INFO - [2025-10-21T01:09:53.076+0000] {dagbag.py:541} INFO - Filling up the DagBag from /home/airflow/.local/lib/python3.7/site-packages/airflow/example_dags/example_skip_dag.py
[2025-10-21T01:09:53.098+0000] {processor.py:836} INFO - DAG(s) dict_keys(['example_skip_dag']) retrieved from /home/airflow/.local/lib/python3.7/site-packages/airflow/example_dags/example_skip_dag.py
[2025-10-21T01:09:53.172+0000] {logging_mixin.py:149} INFO - [2025-10-21T01:09:53.172+0000] {dag.py:2726} INFO - Sync 1 DAGs
[2025-10-21T01:09:53.239+0000] {logging_mixin.py:149} INFO - [2025-10-21T01:09:53.239+0000] {dag.py:3490} INFO - Setting next_dagrun for example_skip_dag to 2025-10-20T01:09:53.238715+00:00, run_after=2025-10-21T01:09:53.238715+00:00
[2025-10-21T01:09:53.292+0000] {processor.py:179} INFO - Processing /home/airflow/.local/lib/python3.7/site-packages/airflow/example_dags/example_skip_dag.py took 0.232 seconds
[2025-10-21T01:10:23.655+0000] {processor.py:157} INFO - Started process (PID=2741) to work on /home/airflow/.local/lib/python3.7/site-packages/airflow/example_dags/example_skip_dag.py
[2025-10-21T01:10:23.657+0000] {processor.py:826} INFO - Processing file /home/airflow/.local/lib/python3.7/site-packages/airflow/example_dags/example_skip_dag.py for tasks to queue
[2025-10-21T01:10:23.659+0000] {logging_mixin.py:149} INFO - [2025-10-21T01:10:23.658+0000] {dagbag.py:541} INFO - Filling up the DagBag from /home/airflow/.local/lib/python3.7/site-packages/airflow/example_dags/example_skip_dag.py
[2025-10-21T01:10:23.672+0000] {processor.py:836} INFO - DAG(s) dict_keys(['example_skip_dag']) retrieved from /home/airflow/.local/lib/python3.7/site-packages/airflow/example_dags/example_skip_dag.py
[2025-10-21T01:10:23.719+0000] {logging_mixin.py:149} INFO - [2025-10-21T01:10:23.719+0000] {dag.py:2726} INFO - Sync 1 DAGs
[2025-10-21T01:10:23.770+0000] {logging_mixin.py:149} INFO - [2025-10-21T01:10:23.770+0000] {dag.py:3490} INFO - Setting next_dagrun for example_skip_dag to 2025-10-20T01:10:23.770075+00:00, run_after=2025-10-21T01:10:23.770075+00:00
[2025-10-21T01:10:23.823+0000] {processor.py:179} INFO - Processing /home/airflow/.local/lib/python3.7/site-packages/airflow/example_dags/example_skip_dag.py took 0.175 seconds
[2025-10-21T01:10:54.308+0000] {processor.py:157} INFO - Started process (PID=2807) to work on /home/airflow/.local/lib/python3.7/site-packages/airflow/example_dags/example_skip_dag.py
[2025-10-21T01:10:54.310+0000] {processor.py:826} INFO - Processing file /home/airflow/.local/lib/python3.7/site-packages/airflow/example_dags/example_skip_dag.py for tasks to queue
[2025-10-21T01:10:54.312+0000] {logging_mixin.py:149} INFO - [2025-10-21T01:10:54.312+0000] {dagbag.py:541} INFO - Filling up the DagBag from /home/airflow/.local/lib/python3.7/site-packages/airflow/example_dags/example_skip_dag.py
[2025-10-21T01:10:54.326+0000] {processor.py:836} INFO - DAG(s) dict_keys(['example_skip_dag']) retrieved from /home/airflow/.local/lib/python3.7/site-packages/airflow/example_dags/example_skip_dag.py
[2025-10-21T01:10:54.383+0000] {logging_mixin.py:149} INFO - [2025-10-21T01:10:54.382+0000] {dag.py:2726} INFO - Sync 1 DAGs
[2025-10-21T01:10:54.435+0000] {logging_mixin.py:149} INFO - [2025-10-21T01:10:54.435+0000] {dag.py:3490} INFO - Setting next_dagrun for example_skip_dag to 2025-10-20T01:10:54.434439+00:00, run_after=2025-10-21T01:10:54.434439+00:00
[2025-10-21T01:10:54.482+0000] {processor.py:179} INFO - Processing /home/airflow/.local/lib/python3.7/site-packages/airflow/example_dags/example_skip_dag.py took 0.182 seconds
[2025-10-21T01:11:24.982+0000] {processor.py:157} INFO - Started process (PID=2873) to work on /home/airflow/.local/lib/python3.7/site-packages/airflow/example_dags/example_skip_dag.py
[2025-10-21T01:11:24.987+0000] {processor.py:826} INFO - Processing file /home/airflow/.local/lib/python3.7/site-packages/airflow/example_dags/example_skip_dag.py for tasks to queue
[2025-10-21T01:11:24.989+0000] {logging_mixin.py:149} INFO - [2025-10-21T01:11:24.989+0000] {dagbag.py:541} INFO - Filling up the DagBag from /home/airflow/.local/lib/python3.7/site-packages/airflow/example_dags/example_skip_dag.py
[2025-10-21T01:11:25.009+0000] {processor.py:836} INFO - DAG(s) dict_keys(['example_skip_dag']) retrieved from /home/airflow/.local/lib/python3.7/site-packages/airflow/example_dags/example_skip_dag.py
[2025-10-21T01:11:25.072+0000] {logging_mixin.py:149} INFO - [2025-10-21T01:11:25.072+0000] {dag.py:2726} INFO - Sync 1 DAGs
[2025-10-21T01:11:25.153+0000] {logging_mixin.py:149} INFO - [2025-10-21T01:11:25.153+0000] {dag.py:3490} INFO - Setting next_dagrun for example_skip_dag to 2025-10-20T01:11:25.152369+00:00, run_after=2025-10-21T01:11:25.152369+00:00
[2025-10-21T01:11:25.230+0000] {processor.py:179} INFO - Processing /home/airflow/.local/lib/python3.7/site-packages/airflow/example_dags/example_skip_dag.py took 0.260 seconds
[2025-10-21T01:11:55.596+0000] {processor.py:157} INFO - Started process (PID=2939) to work on /home/airflow/.local/lib/python3.7/site-packages/airflow/example_dags/example_skip_dag.py
[2025-10-21T01:11:55.598+0000] {processor.py:826} INFO - Processing file /home/airflow/.local/lib/python3.7/site-packages/airflow/example_dags/example_skip_dag.py for tasks to queue
[2025-10-21T01:11:55.600+0000] {logging_mixin.py:149} INFO - [2025-10-21T01:11:55.600+0000] {dagbag.py:541} INFO - Filling up the DagBag from /home/airflow/.local/lib/python3.7/site-packages/airflow/example_dags/example_skip_dag.py
[2025-10-21T01:11:55.614+0000] {processor.py:836} INFO - DAG(s) dict_keys(['example_skip_dag']) retrieved from /home/airflow/.local/lib/python3.7/site-packages/airflow/example_dags/example_skip_dag.py
[2025-10-21T01:11:55.668+0000] {logging_mixin.py:149} INFO - [2025-10-21T01:11:55.668+0000] {dag.py:2726} INFO - Sync 1 DAGs
[2025-10-21T01:11:55.716+0000] {logging_mixin.py:149} INFO - [2025-10-21T01:11:55.716+0000] {dag.py:3490} INFO - Setting next_dagrun for example_skip_dag to 2025-10-20T01:11:55.716042+00:00, run_after=2025-10-21T01:11:55.716042+00:00
[2025-10-21T01:11:55.758+0000] {processor.py:179} INFO - Processing /home/airflow/.local/lib/python3.7/site-packages/airflow/example_dags/example_skip_dag.py took 0.169 seconds
[2025-10-21T01:12:26.089+0000] {processor.py:157} INFO - Started process (PID=3005) to work on /home/airflow/.local/lib/python3.7/site-packages/airflow/example_dags/example_skip_dag.py
[2025-10-21T01:12:26.091+0000] {processor.py:826} INFO - Processing file /home/airflow/.local/lib/python3.7/site-packages/airflow/example_dags/example_skip_dag.py for tasks to queue
[2025-10-21T01:12:26.093+0000] {logging_mixin.py:149} INFO - [2025-10-21T01:12:26.092+0000] {dagbag.py:541} INFO - Filling up the DagBag from /home/airflow/.local/lib/python3.7/site-packages/airflow/example_dags/example_skip_dag.py
[2025-10-21T01:12:26.104+0000] {processor.py:836} INFO - DAG(s) dict_keys(['example_skip_dag']) retrieved from /home/airflow/.local/lib/python3.7/site-packages/airflow/example_dags/example_skip_dag.py
[2025-10-21T01:12:26.157+0000] {logging_mixin.py:149} INFO - [2025-10-21T01:12:26.157+0000] {dag.py:2726} INFO - Sync 1 DAGs
[2025-10-21T01:12:26.207+0000] {logging_mixin.py:149} INFO - [2025-10-21T01:12:26.207+0000] {dag.py:3490} INFO - Setting next_dagrun for example_skip_dag to 2025-10-20T01:12:26.206629+00:00, run_after=2025-10-21T01:12:26.206629+00:00
[2025-10-21T01:12:26.246+0000] {processor.py:179} INFO - Processing /home/airflow/.local/lib/python3.7/site-packages/airflow/example_dags/example_skip_dag.py took 0.162 seconds
[2025-10-21T01:12:56.692+0000] {processor.py:157} INFO - Started process (PID=3071) to work on /home/airflow/.local/lib/python3.7/site-packages/airflow/example_dags/example_skip_dag.py
[2025-10-21T01:12:56.694+0000] {processor.py:826} INFO - Processing file /home/airflow/.local/lib/python3.7/site-packages/airflow/example_dags/example_skip_dag.py for tasks to queue
[2025-10-21T01:12:56.696+0000] {logging_mixin.py:149} INFO - [2025-10-21T01:12:56.695+0000] {dagbag.py:541} INFO - Filling up the DagBag from /home/airflow/.local/lib/python3.7/site-packages/airflow/example_dags/example_skip_dag.py
[2025-10-21T01:12:56.709+0000] {processor.py:836} INFO - DAG(s) dict_keys(['example_skip_dag']) retrieved from /home/airflow/.local/lib/python3.7/site-packages/airflow/example_dags/example_skip_dag.py
[2025-10-21T01:12:56.755+0000] {logging_mixin.py:149} INFO - [2025-10-21T01:12:56.755+0000] {dag.py:2726} INFO - Sync 1 DAGs
[2025-10-21T01:12:56.800+0000] {logging_mixin.py:149} INFO - [2025-10-21T01:12:56.800+0000] {dag.py:3490} INFO - Setting next_dagrun for example_skip_dag to 2025-10-20T01:12:56.799511+00:00, run_after=2025-10-21T01:12:56.799511+00:00
[2025-10-21T01:12:56.834+0000] {processor.py:179} INFO - Processing /home/airflow/.local/lib/python3.7/site-packages/airflow/example_dags/example_skip_dag.py took 0.147 seconds
[2025-10-21T01:13:27.438+0000] {processor.py:157} INFO - Started process (PID=3137) to work on /home/airflow/.local/lib/python3.7/site-packages/airflow/example_dags/example_skip_dag.py
[2025-10-21T01:13:27.441+0000] {processor.py:826} INFO - Processing file /home/airflow/.local/lib/python3.7/site-packages/airflow/example_dags/example_skip_dag.py for tasks to queue
[2025-10-21T01:13:27.446+0000] {logging_mixin.py:149} INFO - [2025-10-21T01:13:27.446+0000] {dagbag.py:541} INFO - Filling up the DagBag from /home/airflow/.local/lib/python3.7/site-packages/airflow/example_dags/example_skip_dag.py
[2025-10-21T01:13:27.462+0000] {processor.py:836} INFO - DAG(s) dict_keys(['example_skip_dag']) retrieved from /home/airflow/.local/lib/python3.7/site-packages/airflow/example_dags/example_skip_dag.py
[2025-10-21T01:13:27.518+0000] {logging_mixin.py:149} INFO - [2025-10-21T01:13:27.518+0000] {dag.py:2726} INFO - Sync 1 DAGs
[2025-10-21T01:13:27.578+0000] {logging_mixin.py:149} INFO - [2025-10-21T01:13:27.577+0000] {dag.py:3490} INFO - Setting next_dagrun for example_skip_dag to 2025-10-20T01:13:27.577085+00:00, run_after=2025-10-21T01:13:27.577085+00:00
[2025-10-21T01:13:27.634+0000] {processor.py:179} INFO - Processing /home/airflow/.local/lib/python3.7/site-packages/airflow/example_dags/example_skip_dag.py took 0.206 seconds
[2025-10-21T01:13:58.146+0000] {processor.py:157} INFO - Started process (PID=3203) to work on /home/airflow/.local/lib/python3.7/site-packages/airflow/example_dags/example_skip_dag.py
[2025-10-21T01:13:58.148+0000] {processor.py:826} INFO - Processing file /home/airflow/.local/lib/python3.7/site-packages/airflow/example_dags/example_skip_dag.py for tasks to queue
[2025-10-21T01:13:58.150+0000] {logging_mixin.py:149} INFO - [2025-10-21T01:13:58.150+0000] {dagbag.py:541} INFO - Filling up the DagBag from /home/airflow/.local/lib/python3.7/site-packages/airflow/example_dags/example_skip_dag.py
[2025-10-21T01:13:58.164+0000] {processor.py:836} INFO - DAG(s) dict_keys(['example_skip_dag']) retrieved from /home/airflow/.local/lib/python3.7/site-packages/airflow/example_dags/example_skip_dag.py
[2025-10-21T01:13:58.222+0000] {logging_mixin.py:149} INFO - [2025-10-21T01:13:58.222+0000] {dag.py:2726} INFO - Sync 1 DAGs
[2025-10-21T01:13:58.279+0000] {logging_mixin.py:149} INFO - [2025-10-21T01:13:58.278+0000] {dag.py:3490} INFO - Setting next_dagrun for example_skip_dag to 2025-10-20T01:13:58.278086+00:00, run_after=2025-10-21T01:13:58.278086+00:00
[2025-10-21T01:13:58.333+0000] {processor.py:179} INFO - Processing /home/airflow/.local/lib/python3.7/site-packages/airflow/example_dags/example_skip_dag.py took 0.193 seconds
[2025-10-21T01:14:28.742+0000] {processor.py:157} INFO - Started process (PID=3269) to work on /home/airflow/.local/lib/python3.7/site-packages/airflow/example_dags/example_skip_dag.py
[2025-10-21T01:14:28.744+0000] {processor.py:826} INFO - Processing file /home/airflow/.local/lib/python3.7/site-packages/airflow/example_dags/example_skip_dag.py for tasks to queue
[2025-10-21T01:14:28.747+0000] {logging_mixin.py:149} INFO - [2025-10-21T01:14:28.746+0000] {dagbag.py:541} INFO - Filling up the DagBag from /home/airflow/.local/lib/python3.7/site-packages/airflow/example_dags/example_skip_dag.py
[2025-10-21T01:14:28.762+0000] {processor.py:836} INFO - DAG(s) dict_keys(['example_skip_dag']) retrieved from /home/airflow/.local/lib/python3.7/site-packages/airflow/example_dags/example_skip_dag.py
[2025-10-21T01:14:28.815+0000] {logging_mixin.py:149} INFO - [2025-10-21T01:14:28.815+0000] {dag.py:2726} INFO - Sync 1 DAGs
[2025-10-21T01:14:28.869+0000] {logging_mixin.py:149} INFO - [2025-10-21T01:14:28.868+0000] {dag.py:3490} INFO - Setting next_dagrun for example_skip_dag to 2025-10-20T01:14:28.867979+00:00, run_after=2025-10-21T01:14:28.867979+00:00
[2025-10-21T01:14:28.907+0000] {processor.py:179} INFO - Processing /home/airflow/.local/lib/python3.7/site-packages/airflow/example_dags/example_skip_dag.py took 0.171 seconds
[2025-10-21T01:14:59.839+0000] {processor.py:157} INFO - Started process (PID=3335) to work on /home/airflow/.local/lib/python3.7/site-packages/airflow/example_dags/example_skip_dag.py
[2025-10-21T01:14:59.841+0000] {processor.py:826} INFO - Processing file /home/airflow/.local/lib/python3.7/site-packages/airflow/example_dags/example_skip_dag.py for tasks to queue
[2025-10-21T01:14:59.843+0000] {logging_mixin.py:149} INFO - [2025-10-21T01:14:59.843+0000] {dagbag.py:541} INFO - Filling up the DagBag from /home/airflow/.local/lib/python3.7/site-packages/airflow/example_dags/example_skip_dag.py
[2025-10-21T01:14:59.856+0000] {processor.py:836} INFO - DAG(s) dict_keys(['example_skip_dag']) retrieved from /home/airflow/.local/lib/python3.7/site-packages/airflow/example_dags/example_skip_dag.py
[2025-10-21T01:14:59.904+0000] {logging_mixin.py:149} INFO - [2025-10-21T01:14:59.904+0000] {dag.py:2726} INFO - Sync 1 DAGs
[2025-10-21T01:14:59.955+0000] {logging_mixin.py:149} INFO - [2025-10-21T01:14:59.955+0000] {dag.py:3490} INFO - Setting next_dagrun for example_skip_dag to 2025-10-20T01:14:59.954869+00:00, run_after=2025-10-21T01:14:59.954869+00:00
[2025-10-21T01:15:00.015+0000] {processor.py:179} INFO - Processing /home/airflow/.local/lib/python3.7/site-packages/airflow/example_dags/example_skip_dag.py took 0.182 seconds
[2025-10-21T01:15:31.323+0000] {processor.py:157} INFO - Started process (PID=3401) to work on /home/airflow/.local/lib/python3.7/site-packages/airflow/example_dags/example_skip_dag.py
[2025-10-21T01:15:31.326+0000] {processor.py:826} INFO - Processing file /home/airflow/.local/lib/python3.7/site-packages/airflow/example_dags/example_skip_dag.py for tasks to queue
[2025-10-21T01:15:31.327+0000] {logging_mixin.py:149} INFO - [2025-10-21T01:15:31.327+0000] {dagbag.py:541} INFO - Filling up the DagBag from /home/airflow/.local/lib/python3.7/site-packages/airflow/example_dags/example_skip_dag.py
[2025-10-21T01:15:31.344+0000] {processor.py:836} INFO - DAG(s) dict_keys(['example_skip_dag']) retrieved from /home/airflow/.local/lib/python3.7/site-packages/airflow/example_dags/example_skip_dag.py
[2025-10-21T01:15:31.406+0000] {logging_mixin.py:149} INFO - [2025-10-21T01:15:31.405+0000] {dag.py:2726} INFO - Sync 1 DAGs
[2025-10-21T01:15:31.459+0000] {logging_mixin.py:149} INFO - [2025-10-21T01:15:31.458+0000] {dag.py:3490} INFO - Setting next_dagrun for example_skip_dag to 2025-10-20T01:15:31.458351+00:00, run_after=2025-10-21T01:15:31.458351+00:00
[2025-10-21T01:15:31.511+0000] {processor.py:179} INFO - Processing /home/airflow/.local/lib/python3.7/site-packages/airflow/example_dags/example_skip_dag.py took 0.195 seconds
[2025-10-21T01:16:02.231+0000] {processor.py:157} INFO - Started process (PID=3469) to work on /home/airflow/.local/lib/python3.7/site-packages/airflow/example_dags/example_skip_dag.py
[2025-10-21T01:16:02.233+0000] {processor.py:826} INFO - Processing file /home/airflow/.local/lib/python3.7/site-packages/airflow/example_dags/example_skip_dag.py for tasks to queue
[2025-10-21T01:16:02.235+0000] {logging_mixin.py:149} INFO - [2025-10-21T01:16:02.235+0000] {dagbag.py:541} INFO - Filling up the DagBag from /home/airflow/.local/lib/python3.7/site-packages/airflow/example_dags/example_skip_dag.py
[2025-10-21T01:16:02.250+0000] {processor.py:836} INFO - DAG(s) dict_keys(['example_skip_dag']) retrieved from /home/airflow/.local/lib/python3.7/site-packages/airflow/example_dags/example_skip_dag.py
[2025-10-21T01:16:02.308+0000] {logging_mixin.py:149} INFO - [2025-10-21T01:16:02.307+0000] {dag.py:2726} INFO - Sync 1 DAGs
[2025-10-21T01:16:02.373+0000] {logging_mixin.py:149} INFO - [2025-10-21T01:16:02.373+0000] {dag.py:3490} INFO - Setting next_dagrun for example_skip_dag to 2025-10-20T01:16:02.372406+00:00, run_after=2025-10-21T01:16:02.372406+00:00
[2025-10-21T01:16:02.419+0000] {processor.py:179} INFO - Processing /home/airflow/.local/lib/python3.7/site-packages/airflow/example_dags/example_skip_dag.py took 0.195 seconds
[2025-10-21T01:16:32.645+0000] {processor.py:157} INFO - Started process (PID=3535) to work on /home/airflow/.local/lib/python3.7/site-packages/airflow/example_dags/example_skip_dag.py
[2025-10-21T01:16:32.648+0000] {processor.py:826} INFO - Processing file /home/airflow/.local/lib/python3.7/site-packages/airflow/example_dags/example_skip_dag.py for tasks to queue
[2025-10-21T01:16:32.649+0000] {logging_mixin.py:149} INFO - [2025-10-21T01:16:32.649+0000] {dagbag.py:541} INFO - Filling up the DagBag from /home/airflow/.local/lib/python3.7/site-packages/airflow/example_dags/example_skip_dag.py
[2025-10-21T01:16:32.669+0000] {processor.py:836} INFO - DAG(s) dict_keys(['example_skip_dag']) retrieved from /home/airflow/.local/lib/python3.7/site-packages/airflow/example_dags/example_skip_dag.py
[2025-10-21T01:16:32.729+0000] {logging_mixin.py:149} INFO - [2025-10-21T01:16:32.728+0000] {dag.py:2726} INFO - Sync 1 DAGs
[2025-10-21T01:16:32.782+0000] {logging_mixin.py:149} INFO - [2025-10-21T01:16:32.782+0000] {dag.py:3490} INFO - Setting next_dagrun for example_skip_dag to 2025-10-20T01:16:32.781435+00:00, run_after=2025-10-21T01:16:32.781435+00:00
[2025-10-21T01:16:32.828+0000] {processor.py:179} INFO - Processing /home/airflow/.local/lib/python3.7/site-packages/airflow/example_dags/example_skip_dag.py took 0.190 seconds
[2025-10-21T01:17:03.580+0000] {processor.py:157} INFO - Started process (PID=3601) to work on /home/airflow/.local/lib/python3.7/site-packages/airflow/example_dags/example_skip_dag.py
[2025-10-21T01:17:03.583+0000] {processor.py:826} INFO - Processing file /home/airflow/.local/lib/python3.7/site-packages/airflow/example_dags/example_skip_dag.py for tasks to queue
[2025-10-21T01:17:03.586+0000] {logging_mixin.py:149} INFO - [2025-10-21T01:17:03.585+0000] {dagbag.py:541} INFO - Filling up the DagBag from /home/airflow/.local/lib/python3.7/site-packages/airflow/example_dags/example_skip_dag.py
[2025-10-21T01:17:03.602+0000] {processor.py:836} INFO - DAG(s) dict_keys(['example_skip_dag']) retrieved from /home/airflow/.local/lib/python3.7/site-packages/airflow/example_dags/example_skip_dag.py
[2025-10-21T01:17:03.668+0000] {logging_mixin.py:149} INFO - [2025-10-21T01:17:03.667+0000] {dag.py:2726} INFO - Sync 1 DAGs
[2025-10-21T01:17:03.744+0000] {logging_mixin.py:149} INFO - [2025-10-21T01:17:03.744+0000] {dag.py:3490} INFO - Setting next_dagrun for example_skip_dag to 2025-10-20T01:17:03.743835+00:00, run_after=2025-10-21T01:17:03.743835+00:00
[2025-10-21T01:17:03.807+0000] {processor.py:179} INFO - Processing /home/airflow/.local/lib/python3.7/site-packages/airflow/example_dags/example_skip_dag.py took 0.234 seconds
