[2025-10-21T00:50:05.262+0000] {processor.py:157} INFO - Started process (PID=124) to work on /home/airflow/.local/lib/python3.7/site-packages/airflow/example_dags/example_complex.py
[2025-10-21T00:50:05.265+0000] {processor.py:826} INFO - Processing file /home/airflow/.local/lib/python3.7/site-packages/airflow/example_dags/example_complex.py for tasks to queue
[2025-10-21T00:50:05.267+0000] {logging_mixin.py:149} INFO - [2025-10-21T00:50:05.267+0000] {dagbag.py:541} INFO - Filling up the DagBag from /home/airflow/.local/lib/python3.7/site-packages/airflow/example_dags/example_complex.py
[2025-10-21T00:50:05.300+0000] {processor.py:836} INFO - DAG(s) dict_keys(['example_complex']) retrieved from /home/airflow/.local/lib/python3.7/site-packages/airflow/example_dags/example_complex.py
[2025-10-21T00:50:05.375+0000] {logging_mixin.py:149} INFO - [2025-10-21T00:50:05.375+0000] {dag.py:2726} INFO - Sync 1 DAGs
[2025-10-21T00:50:05.430+0000] {logging_mixin.py:149} INFO - [2025-10-21T00:50:05.430+0000] {dag.py:3490} INFO - Setting next_dagrun for example_complex to None, run_after=None
[2025-10-21T00:50:05.485+0000] {processor.py:179} INFO - Processing /home/airflow/.local/lib/python3.7/site-packages/airflow/example_dags/example_complex.py took 0.228 seconds
[2025-10-21T00:50:35.767+0000] {processor.py:157} INFO - Started process (PID=190) to work on /home/airflow/.local/lib/python3.7/site-packages/airflow/example_dags/example_complex.py
[2025-10-21T00:50:35.770+0000] {processor.py:826} INFO - Processing file /home/airflow/.local/lib/python3.7/site-packages/airflow/example_dags/example_complex.py for tasks to queue
[2025-10-21T00:50:35.778+0000] {logging_mixin.py:149} INFO - [2025-10-21T00:50:35.772+0000] {dagbag.py:541} INFO - Filling up the DagBag from /home/airflow/.local/lib/python3.7/site-packages/airflow/example_dags/example_complex.py
[2025-10-21T00:50:35.820+0000] {processor.py:836} INFO - DAG(s) dict_keys(['example_complex']) retrieved from /home/airflow/.local/lib/python3.7/site-packages/airflow/example_dags/example_complex.py
[2025-10-21T00:50:35.911+0000] {logging_mixin.py:149} INFO - [2025-10-21T00:50:35.911+0000] {dag.py:2726} INFO - Sync 1 DAGs
[2025-10-21T00:50:35.983+0000] {logging_mixin.py:149} INFO - [2025-10-21T00:50:35.982+0000] {dag.py:3490} INFO - Setting next_dagrun for example_complex to None, run_after=None
[2025-10-21T00:50:36.044+0000] {processor.py:179} INFO - Processing /home/airflow/.local/lib/python3.7/site-packages/airflow/example_dags/example_complex.py took 0.285 seconds
[2025-10-21T00:51:06.436+0000] {processor.py:157} INFO - Started process (PID=256) to work on /home/airflow/.local/lib/python3.7/site-packages/airflow/example_dags/example_complex.py
[2025-10-21T00:51:06.443+0000] {processor.py:826} INFO - Processing file /home/airflow/.local/lib/python3.7/site-packages/airflow/example_dags/example_complex.py for tasks to queue
[2025-10-21T00:51:06.446+0000] {logging_mixin.py:149} INFO - [2025-10-21T00:51:06.445+0000] {dagbag.py:541} INFO - Filling up the DagBag from /home/airflow/.local/lib/python3.7/site-packages/airflow/example_dags/example_complex.py
[2025-10-21T00:51:06.505+0000] {processor.py:836} INFO - DAG(s) dict_keys(['example_complex']) retrieved from /home/airflow/.local/lib/python3.7/site-packages/airflow/example_dags/example_complex.py
[2025-10-21T00:51:06.636+0000] {logging_mixin.py:149} INFO - [2025-10-21T00:51:06.636+0000] {dag.py:2726} INFO - Sync 1 DAGs
[2025-10-21T00:51:06.741+0000] {logging_mixin.py:149} INFO - [2025-10-21T00:51:06.741+0000] {dag.py:3490} INFO - Setting next_dagrun for example_complex to None, run_after=None
[2025-10-21T00:51:06.806+0000] {processor.py:179} INFO - Processing /home/airflow/.local/lib/python3.7/site-packages/airflow/example_dags/example_complex.py took 0.383 seconds
[2025-10-21T00:51:37.994+0000] {processor.py:157} INFO - Started process (PID=322) to work on /home/airflow/.local/lib/python3.7/site-packages/airflow/example_dags/example_complex.py
[2025-10-21T00:51:37.999+0000] {processor.py:826} INFO - Processing file /home/airflow/.local/lib/python3.7/site-packages/airflow/example_dags/example_complex.py for tasks to queue
[2025-10-21T00:51:38.002+0000] {logging_mixin.py:149} INFO - [2025-10-21T00:51:38.002+0000] {dagbag.py:541} INFO - Filling up the DagBag from /home/airflow/.local/lib/python3.7/site-packages/airflow/example_dags/example_complex.py
[2025-10-21T00:51:38.063+0000] {processor.py:836} INFO - DAG(s) dict_keys(['example_complex']) retrieved from /home/airflow/.local/lib/python3.7/site-packages/airflow/example_dags/example_complex.py
[2025-10-21T00:51:38.227+0000] {logging_mixin.py:149} INFO - [2025-10-21T00:51:38.227+0000] {dag.py:2726} INFO - Sync 1 DAGs
[2025-10-21T00:51:38.327+0000] {logging_mixin.py:149} INFO - [2025-10-21T00:51:38.327+0000] {dag.py:3490} INFO - Setting next_dagrun for example_complex to None, run_after=None
[2025-10-21T00:51:38.388+0000] {processor.py:179} INFO - Processing /home/airflow/.local/lib/python3.7/site-packages/airflow/example_dags/example_complex.py took 0.407 seconds
[2025-10-21T00:52:08.715+0000] {processor.py:157} INFO - Started process (PID=387) to work on /home/airflow/.local/lib/python3.7/site-packages/airflow/example_dags/example_complex.py
[2025-10-21T00:52:08.720+0000] {processor.py:826} INFO - Processing file /home/airflow/.local/lib/python3.7/site-packages/airflow/example_dags/example_complex.py for tasks to queue
[2025-10-21T00:52:08.723+0000] {logging_mixin.py:149} INFO - [2025-10-21T00:52:08.723+0000] {dagbag.py:541} INFO - Filling up the DagBag from /home/airflow/.local/lib/python3.7/site-packages/airflow/example_dags/example_complex.py
[2025-10-21T00:52:08.766+0000] {processor.py:836} INFO - DAG(s) dict_keys(['example_complex']) retrieved from /home/airflow/.local/lib/python3.7/site-packages/airflow/example_dags/example_complex.py
[2025-10-21T00:52:08.894+0000] {logging_mixin.py:149} INFO - [2025-10-21T00:52:08.894+0000] {dag.py:2726} INFO - Sync 1 DAGs
[2025-10-21T00:52:08.974+0000] {logging_mixin.py:149} INFO - [2025-10-21T00:52:08.974+0000] {dag.py:3490} INFO - Setting next_dagrun for example_complex to None, run_after=None
[2025-10-21T00:52:09.034+0000] {processor.py:179} INFO - Processing /home/airflow/.local/lib/python3.7/site-packages/airflow/example_dags/example_complex.py took 0.328 seconds
[2025-10-21T00:52:39.707+0000] {processor.py:157} INFO - Started process (PID=453) to work on /home/airflow/.local/lib/python3.7/site-packages/airflow/example_dags/example_complex.py
[2025-10-21T00:52:39.709+0000] {processor.py:826} INFO - Processing file /home/airflow/.local/lib/python3.7/site-packages/airflow/example_dags/example_complex.py for tasks to queue
[2025-10-21T00:52:39.711+0000] {logging_mixin.py:149} INFO - [2025-10-21T00:52:39.710+0000] {dagbag.py:541} INFO - Filling up the DagBag from /home/airflow/.local/lib/python3.7/site-packages/airflow/example_dags/example_complex.py
[2025-10-21T00:52:39.739+0000] {processor.py:836} INFO - DAG(s) dict_keys(['example_complex']) retrieved from /home/airflow/.local/lib/python3.7/site-packages/airflow/example_dags/example_complex.py
[2025-10-21T00:52:39.815+0000] {logging_mixin.py:149} INFO - [2025-10-21T00:52:39.815+0000] {dag.py:2726} INFO - Sync 1 DAGs
[2025-10-21T00:52:39.881+0000] {logging_mixin.py:149} INFO - [2025-10-21T00:52:39.881+0000] {dag.py:3490} INFO - Setting next_dagrun for example_complex to None, run_after=None
[2025-10-21T00:52:39.932+0000] {processor.py:179} INFO - Processing /home/airflow/.local/lib/python3.7/site-packages/airflow/example_dags/example_complex.py took 0.233 seconds
[2025-10-21T00:53:10.175+0000] {processor.py:157} INFO - Started process (PID=520) to work on /home/airflow/.local/lib/python3.7/site-packages/airflow/example_dags/example_complex.py
[2025-10-21T00:53:10.177+0000] {processor.py:826} INFO - Processing file /home/airflow/.local/lib/python3.7/site-packages/airflow/example_dags/example_complex.py for tasks to queue
[2025-10-21T00:53:10.178+0000] {logging_mixin.py:149} INFO - [2025-10-21T00:53:10.178+0000] {dagbag.py:541} INFO - Filling up the DagBag from /home/airflow/.local/lib/python3.7/site-packages/airflow/example_dags/example_complex.py
[2025-10-21T00:53:10.201+0000] {processor.py:836} INFO - DAG(s) dict_keys(['example_complex']) retrieved from /home/airflow/.local/lib/python3.7/site-packages/airflow/example_dags/example_complex.py
[2025-10-21T00:53:10.278+0000] {logging_mixin.py:149} INFO - [2025-10-21T00:53:10.278+0000] {dag.py:2726} INFO - Sync 1 DAGs
[2025-10-21T00:53:10.358+0000] {logging_mixin.py:149} INFO - [2025-10-21T00:53:10.358+0000] {dag.py:3490} INFO - Setting next_dagrun for example_complex to None, run_after=None
[2025-10-21T00:53:10.407+0000] {processor.py:179} INFO - Processing /home/airflow/.local/lib/python3.7/site-packages/airflow/example_dags/example_complex.py took 0.239 seconds
[2025-10-21T00:53:40.654+0000] {processor.py:157} INFO - Started process (PID=587) to work on /home/airflow/.local/lib/python3.7/site-packages/airflow/example_dags/example_complex.py
[2025-10-21T00:53:40.657+0000] {processor.py:826} INFO - Processing file /home/airflow/.local/lib/python3.7/site-packages/airflow/example_dags/example_complex.py for tasks to queue
[2025-10-21T00:53:40.659+0000] {logging_mixin.py:149} INFO - [2025-10-21T00:53:40.658+0000] {dagbag.py:541} INFO - Filling up the DagBag from /home/airflow/.local/lib/python3.7/site-packages/airflow/example_dags/example_complex.py
[2025-10-21T00:53:40.679+0000] {processor.py:836} INFO - DAG(s) dict_keys(['example_complex']) retrieved from /home/airflow/.local/lib/python3.7/site-packages/airflow/example_dags/example_complex.py
[2025-10-21T00:53:40.758+0000] {logging_mixin.py:149} INFO - [2025-10-21T00:53:40.758+0000] {dag.py:2726} INFO - Sync 1 DAGs
[2025-10-21T00:53:40.812+0000] {logging_mixin.py:149} INFO - [2025-10-21T00:53:40.811+0000] {dag.py:3490} INFO - Setting next_dagrun for example_complex to None, run_after=None
[2025-10-21T00:53:40.858+0000] {processor.py:179} INFO - Processing /home/airflow/.local/lib/python3.7/site-packages/airflow/example_dags/example_complex.py took 0.212 seconds
[2025-10-21T00:54:11.113+0000] {processor.py:157} INFO - Started process (PID=653) to work on /home/airflow/.local/lib/python3.7/site-packages/airflow/example_dags/example_complex.py
[2025-10-21T00:54:11.115+0000] {processor.py:826} INFO - Processing file /home/airflow/.local/lib/python3.7/site-packages/airflow/example_dags/example_complex.py for tasks to queue
[2025-10-21T00:54:11.117+0000] {logging_mixin.py:149} INFO - [2025-10-21T00:54:11.117+0000] {dagbag.py:541} INFO - Filling up the DagBag from /home/airflow/.local/lib/python3.7/site-packages/airflow/example_dags/example_complex.py
[2025-10-21T00:54:11.140+0000] {processor.py:836} INFO - DAG(s) dict_keys(['example_complex']) retrieved from /home/airflow/.local/lib/python3.7/site-packages/airflow/example_dags/example_complex.py
[2025-10-21T00:54:11.201+0000] {logging_mixin.py:149} INFO - [2025-10-21T00:54:11.201+0000] {dag.py:2726} INFO - Sync 1 DAGs
[2025-10-21T00:54:11.254+0000] {logging_mixin.py:149} INFO - [2025-10-21T00:54:11.254+0000] {dag.py:3490} INFO - Setting next_dagrun for example_complex to None, run_after=None
[2025-10-21T00:54:11.297+0000] {processor.py:179} INFO - Processing /home/airflow/.local/lib/python3.7/site-packages/airflow/example_dags/example_complex.py took 0.190 seconds
[2025-10-21T00:54:41.691+0000] {processor.py:157} INFO - Started process (PID=719) to work on /home/airflow/.local/lib/python3.7/site-packages/airflow/example_dags/example_complex.py
[2025-10-21T00:54:41.693+0000] {processor.py:826} INFO - Processing file /home/airflow/.local/lib/python3.7/site-packages/airflow/example_dags/example_complex.py for tasks to queue
[2025-10-21T00:54:41.695+0000] {logging_mixin.py:149} INFO - [2025-10-21T00:54:41.695+0000] {dagbag.py:541} INFO - Filling up the DagBag from /home/airflow/.local/lib/python3.7/site-packages/airflow/example_dags/example_complex.py
[2025-10-21T00:54:41.717+0000] {processor.py:836} INFO - DAG(s) dict_keys(['example_complex']) retrieved from /home/airflow/.local/lib/python3.7/site-packages/airflow/example_dags/example_complex.py
[2025-10-21T00:54:41.785+0000] {logging_mixin.py:149} INFO - [2025-10-21T00:54:41.784+0000] {dag.py:2726} INFO - Sync 1 DAGs
[2025-10-21T00:54:41.836+0000] {logging_mixin.py:149} INFO - [2025-10-21T00:54:41.835+0000] {dag.py:3490} INFO - Setting next_dagrun for example_complex to None, run_after=None
[2025-10-21T00:54:41.882+0000] {processor.py:179} INFO - Processing /home/airflow/.local/lib/python3.7/site-packages/airflow/example_dags/example_complex.py took 0.198 seconds
[2025-10-21T00:55:12.543+0000] {processor.py:157} INFO - Started process (PID=785) to work on /home/airflow/.local/lib/python3.7/site-packages/airflow/example_dags/example_complex.py
[2025-10-21T00:55:12.545+0000] {processor.py:826} INFO - Processing file /home/airflow/.local/lib/python3.7/site-packages/airflow/example_dags/example_complex.py for tasks to queue
[2025-10-21T00:55:12.547+0000] {logging_mixin.py:149} INFO - [2025-10-21T00:55:12.547+0000] {dagbag.py:541} INFO - Filling up the DagBag from /home/airflow/.local/lib/python3.7/site-packages/airflow/example_dags/example_complex.py
[2025-10-21T00:55:12.570+0000] {processor.py:836} INFO - DAG(s) dict_keys(['example_complex']) retrieved from /home/airflow/.local/lib/python3.7/site-packages/airflow/example_dags/example_complex.py
[2025-10-21T00:55:12.639+0000] {logging_mixin.py:149} INFO - [2025-10-21T00:55:12.638+0000] {dag.py:2726} INFO - Sync 1 DAGs
[2025-10-21T00:55:12.687+0000] {logging_mixin.py:149} INFO - [2025-10-21T00:55:12.687+0000] {dag.py:3490} INFO - Setting next_dagrun for example_complex to None, run_after=None
[2025-10-21T00:55:12.732+0000] {processor.py:179} INFO - Processing /home/airflow/.local/lib/python3.7/site-packages/airflow/example_dags/example_complex.py took 0.197 seconds
[2025-10-21T00:55:43.976+0000] {processor.py:157} INFO - Started process (PID=851) to work on /home/airflow/.local/lib/python3.7/site-packages/airflow/example_dags/example_complex.py
[2025-10-21T00:55:43.978+0000] {processor.py:826} INFO - Processing file /home/airflow/.local/lib/python3.7/site-packages/airflow/example_dags/example_complex.py for tasks to queue
[2025-10-21T00:55:43.980+0000] {logging_mixin.py:149} INFO - [2025-10-21T00:55:43.980+0000] {dagbag.py:541} INFO - Filling up the DagBag from /home/airflow/.local/lib/python3.7/site-packages/airflow/example_dags/example_complex.py
[2025-10-21T00:55:44.008+0000] {processor.py:836} INFO - DAG(s) dict_keys(['example_complex']) retrieved from /home/airflow/.local/lib/python3.7/site-packages/airflow/example_dags/example_complex.py
[2025-10-21T00:55:44.082+0000] {logging_mixin.py:149} INFO - [2025-10-21T00:55:44.082+0000] {dag.py:2726} INFO - Sync 1 DAGs
[2025-10-21T00:55:44.157+0000] {logging_mixin.py:149} INFO - [2025-10-21T00:55:44.157+0000] {dag.py:3490} INFO - Setting next_dagrun for example_complex to None, run_after=None
[2025-10-21T00:55:44.208+0000] {processor.py:179} INFO - Processing /home/airflow/.local/lib/python3.7/site-packages/airflow/example_dags/example_complex.py took 0.240 seconds
[2025-10-21T00:56:14.749+0000] {processor.py:157} INFO - Started process (PID=917) to work on /home/airflow/.local/lib/python3.7/site-packages/airflow/example_dags/example_complex.py
[2025-10-21T00:56:14.752+0000] {processor.py:826} INFO - Processing file /home/airflow/.local/lib/python3.7/site-packages/airflow/example_dags/example_complex.py for tasks to queue
[2025-10-21T00:56:14.755+0000] {logging_mixin.py:149} INFO - [2025-10-21T00:56:14.754+0000] {dagbag.py:541} INFO - Filling up the DagBag from /home/airflow/.local/lib/python3.7/site-packages/airflow/example_dags/example_complex.py
[2025-10-21T00:56:14.802+0000] {processor.py:836} INFO - DAG(s) dict_keys(['example_complex']) retrieved from /home/airflow/.local/lib/python3.7/site-packages/airflow/example_dags/example_complex.py
[2025-10-21T00:56:14.912+0000] {logging_mixin.py:149} INFO - [2025-10-21T00:56:14.912+0000] {dag.py:2726} INFO - Sync 1 DAGs
[2025-10-21T00:56:14.977+0000] {logging_mixin.py:149} INFO - [2025-10-21T00:56:14.976+0000] {dag.py:3490} INFO - Setting next_dagrun for example_complex to None, run_after=None
[2025-10-21T00:56:15.030+0000] {processor.py:179} INFO - Processing /home/airflow/.local/lib/python3.7/site-packages/airflow/example_dags/example_complex.py took 0.302 seconds
[2025-10-21T00:56:45.302+0000] {processor.py:157} INFO - Started process (PID=984) to work on /home/airflow/.local/lib/python3.7/site-packages/airflow/example_dags/example_complex.py
[2025-10-21T00:56:45.305+0000] {processor.py:826} INFO - Processing file /home/airflow/.local/lib/python3.7/site-packages/airflow/example_dags/example_complex.py for tasks to queue
[2025-10-21T00:56:45.307+0000] {logging_mixin.py:149} INFO - [2025-10-21T00:56:45.306+0000] {dagbag.py:541} INFO - Filling up the DagBag from /home/airflow/.local/lib/python3.7/site-packages/airflow/example_dags/example_complex.py
[2025-10-21T00:56:45.331+0000] {processor.py:836} INFO - DAG(s) dict_keys(['example_complex']) retrieved from /home/airflow/.local/lib/python3.7/site-packages/airflow/example_dags/example_complex.py
[2025-10-21T00:56:45.416+0000] {logging_mixin.py:149} INFO - [2025-10-21T00:56:45.415+0000] {dag.py:2726} INFO - Sync 1 DAGs
[2025-10-21T00:56:45.467+0000] {logging_mixin.py:149} INFO - [2025-10-21T00:56:45.467+0000] {dag.py:3490} INFO - Setting next_dagrun for example_complex to None, run_after=None
[2025-10-21T00:56:45.510+0000] {processor.py:179} INFO - Processing /home/airflow/.local/lib/python3.7/site-packages/airflow/example_dags/example_complex.py took 0.216 seconds
[2025-10-21T00:57:15.929+0000] {processor.py:157} INFO - Started process (PID=1050) to work on /home/airflow/.local/lib/python3.7/site-packages/airflow/example_dags/example_complex.py
[2025-10-21T00:57:15.932+0000] {processor.py:826} INFO - Processing file /home/airflow/.local/lib/python3.7/site-packages/airflow/example_dags/example_complex.py for tasks to queue
[2025-10-21T00:57:15.934+0000] {logging_mixin.py:149} INFO - [2025-10-21T00:57:15.934+0000] {dagbag.py:541} INFO - Filling up the DagBag from /home/airflow/.local/lib/python3.7/site-packages/airflow/example_dags/example_complex.py
[2025-10-21T00:57:15.969+0000] {processor.py:836} INFO - DAG(s) dict_keys(['example_complex']) retrieved from /home/airflow/.local/lib/python3.7/site-packages/airflow/example_dags/example_complex.py
[2025-10-21T00:57:16.066+0000] {logging_mixin.py:149} INFO - [2025-10-21T00:57:16.066+0000] {dag.py:2726} INFO - Sync 1 DAGs
[2025-10-21T00:57:16.133+0000] {logging_mixin.py:149} INFO - [2025-10-21T00:57:16.133+0000] {dag.py:3490} INFO - Setting next_dagrun for example_complex to None, run_after=None
[2025-10-21T00:57:16.193+0000] {processor.py:179} INFO - Processing /home/airflow/.local/lib/python3.7/site-packages/airflow/example_dags/example_complex.py took 0.280 seconds
[2025-10-21T00:57:46.392+0000] {processor.py:157} INFO - Started process (PID=1116) to work on /home/airflow/.local/lib/python3.7/site-packages/airflow/example_dags/example_complex.py
[2025-10-21T00:57:46.394+0000] {processor.py:826} INFO - Processing file /home/airflow/.local/lib/python3.7/site-packages/airflow/example_dags/example_complex.py for tasks to queue
[2025-10-21T00:57:46.396+0000] {logging_mixin.py:149} INFO - [2025-10-21T00:57:46.396+0000] {dagbag.py:541} INFO - Filling up the DagBag from /home/airflow/.local/lib/python3.7/site-packages/airflow/example_dags/example_complex.py
[2025-10-21T00:57:46.416+0000] {processor.py:836} INFO - DAG(s) dict_keys(['example_complex']) retrieved from /home/airflow/.local/lib/python3.7/site-packages/airflow/example_dags/example_complex.py
[2025-10-21T00:57:46.477+0000] {logging_mixin.py:149} INFO - [2025-10-21T00:57:46.477+0000] {dag.py:2726} INFO - Sync 1 DAGs
[2025-10-21T00:57:46.521+0000] {logging_mixin.py:149} INFO - [2025-10-21T00:57:46.521+0000] {dag.py:3490} INFO - Setting next_dagrun for example_complex to None, run_after=None
[2025-10-21T00:57:46.559+0000] {processor.py:179} INFO - Processing /home/airflow/.local/lib/python3.7/site-packages/airflow/example_dags/example_complex.py took 0.172 seconds
[2025-10-21T00:58:16.942+0000] {processor.py:157} INFO - Started process (PID=1183) to work on /home/airflow/.local/lib/python3.7/site-packages/airflow/example_dags/example_complex.py
[2025-10-21T00:58:16.944+0000] {processor.py:826} INFO - Processing file /home/airflow/.local/lib/python3.7/site-packages/airflow/example_dags/example_complex.py for tasks to queue
[2025-10-21T00:58:16.946+0000] {logging_mixin.py:149} INFO - [2025-10-21T00:58:16.946+0000] {dagbag.py:541} INFO - Filling up the DagBag from /home/airflow/.local/lib/python3.7/site-packages/airflow/example_dags/example_complex.py
[2025-10-21T00:58:16.963+0000] {processor.py:836} INFO - DAG(s) dict_keys(['example_complex']) retrieved from /home/airflow/.local/lib/python3.7/site-packages/airflow/example_dags/example_complex.py
[2025-10-21T00:58:17.024+0000] {logging_mixin.py:149} INFO - [2025-10-21T00:58:17.023+0000] {dag.py:2726} INFO - Sync 1 DAGs
[2025-10-21T00:58:17.066+0000] {logging_mixin.py:149} INFO - [2025-10-21T00:58:17.066+0000] {dag.py:3490} INFO - Setting next_dagrun for example_complex to None, run_after=None
[2025-10-21T00:58:17.101+0000] {processor.py:179} INFO - Processing /home/airflow/.local/lib/python3.7/site-packages/airflow/example_dags/example_complex.py took 0.165 seconds
[2025-10-21T00:58:47.598+0000] {processor.py:157} INFO - Started process (PID=1250) to work on /home/airflow/.local/lib/python3.7/site-packages/airflow/example_dags/example_complex.py
[2025-10-21T00:58:47.600+0000] {processor.py:826} INFO - Processing file /home/airflow/.local/lib/python3.7/site-packages/airflow/example_dags/example_complex.py for tasks to queue
[2025-10-21T00:58:47.603+0000] {logging_mixin.py:149} INFO - [2025-10-21T00:58:47.603+0000] {dagbag.py:541} INFO - Filling up the DagBag from /home/airflow/.local/lib/python3.7/site-packages/airflow/example_dags/example_complex.py
[2025-10-21T00:58:47.633+0000] {processor.py:836} INFO - DAG(s) dict_keys(['example_complex']) retrieved from /home/airflow/.local/lib/python3.7/site-packages/airflow/example_dags/example_complex.py
[2025-10-21T00:58:47.695+0000] {logging_mixin.py:149} INFO - [2025-10-21T00:58:47.694+0000] {dag.py:2726} INFO - Sync 1 DAGs
[2025-10-21T00:58:47.750+0000] {logging_mixin.py:149} INFO - [2025-10-21T00:58:47.750+0000] {dag.py:3490} INFO - Setting next_dagrun for example_complex to None, run_after=None
[2025-10-21T00:58:47.795+0000] {processor.py:179} INFO - Processing /home/airflow/.local/lib/python3.7/site-packages/airflow/example_dags/example_complex.py took 0.204 seconds
[2025-10-21T00:59:18.690+0000] {processor.py:157} INFO - Started process (PID=1318) to work on /home/airflow/.local/lib/python3.7/site-packages/airflow/example_dags/example_complex.py
[2025-10-21T00:59:18.693+0000] {processor.py:826} INFO - Processing file /home/airflow/.local/lib/python3.7/site-packages/airflow/example_dags/example_complex.py for tasks to queue
[2025-10-21T00:59:18.694+0000] {logging_mixin.py:149} INFO - [2025-10-21T00:59:18.694+0000] {dagbag.py:541} INFO - Filling up the DagBag from /home/airflow/.local/lib/python3.7/site-packages/airflow/example_dags/example_complex.py
[2025-10-21T00:59:18.716+0000] {processor.py:836} INFO - DAG(s) dict_keys(['example_complex']) retrieved from /home/airflow/.local/lib/python3.7/site-packages/airflow/example_dags/example_complex.py
[2025-10-21T00:59:18.775+0000] {logging_mixin.py:149} INFO - [2025-10-21T00:59:18.775+0000] {dag.py:2726} INFO - Sync 1 DAGs
[2025-10-21T00:59:18.820+0000] {logging_mixin.py:149} INFO - [2025-10-21T00:59:18.820+0000] {dag.py:3490} INFO - Setting next_dagrun for example_complex to None, run_after=None
[2025-10-21T00:59:18.877+0000] {processor.py:179} INFO - Processing /home/airflow/.local/lib/python3.7/site-packages/airflow/example_dags/example_complex.py took 0.192 seconds
[2025-10-21T00:59:49.285+0000] {processor.py:157} INFO - Started process (PID=1383) to work on /home/airflow/.local/lib/python3.7/site-packages/airflow/example_dags/example_complex.py
[2025-10-21T00:59:49.287+0000] {processor.py:826} INFO - Processing file /home/airflow/.local/lib/python3.7/site-packages/airflow/example_dags/example_complex.py for tasks to queue
[2025-10-21T00:59:49.289+0000] {logging_mixin.py:149} INFO - [2025-10-21T00:59:49.289+0000] {dagbag.py:541} INFO - Filling up the DagBag from /home/airflow/.local/lib/python3.7/site-packages/airflow/example_dags/example_complex.py
[2025-10-21T00:59:49.316+0000] {processor.py:836} INFO - DAG(s) dict_keys(['example_complex']) retrieved from /home/airflow/.local/lib/python3.7/site-packages/airflow/example_dags/example_complex.py
[2025-10-21T00:59:49.387+0000] {logging_mixin.py:149} INFO - [2025-10-21T00:59:49.387+0000] {dag.py:2726} INFO - Sync 1 DAGs
[2025-10-21T00:59:49.448+0000] {logging_mixin.py:149} INFO - [2025-10-21T00:59:49.448+0000] {dag.py:3490} INFO - Setting next_dagrun for example_complex to None, run_after=None
[2025-10-21T00:59:49.496+0000] {processor.py:179} INFO - Processing /home/airflow/.local/lib/python3.7/site-packages/airflow/example_dags/example_complex.py took 0.219 seconds
[2025-10-21T01:00:19.930+0000] {processor.py:157} INFO - Started process (PID=1449) to work on /home/airflow/.local/lib/python3.7/site-packages/airflow/example_dags/example_complex.py
[2025-10-21T01:00:19.935+0000] {processor.py:826} INFO - Processing file /home/airflow/.local/lib/python3.7/site-packages/airflow/example_dags/example_complex.py for tasks to queue
[2025-10-21T01:00:19.937+0000] {logging_mixin.py:149} INFO - [2025-10-21T01:00:19.937+0000] {dagbag.py:541} INFO - Filling up the DagBag from /home/airflow/.local/lib/python3.7/site-packages/airflow/example_dags/example_complex.py
[2025-10-21T01:00:19.968+0000] {processor.py:836} INFO - DAG(s) dict_keys(['example_complex']) retrieved from /home/airflow/.local/lib/python3.7/site-packages/airflow/example_dags/example_complex.py
[2025-10-21T01:00:20.054+0000] {logging_mixin.py:149} INFO - [2025-10-21T01:00:20.054+0000] {dag.py:2726} INFO - Sync 1 DAGs
[2025-10-21T01:00:20.105+0000] {logging_mixin.py:149} INFO - [2025-10-21T01:00:20.105+0000] {dag.py:3490} INFO - Setting next_dagrun for example_complex to None, run_after=None
[2025-10-21T01:00:20.152+0000] {processor.py:179} INFO - Processing /home/airflow/.local/lib/python3.7/site-packages/airflow/example_dags/example_complex.py took 0.231 seconds
[2025-10-21T01:00:50.496+0000] {processor.py:157} INFO - Started process (PID=1515) to work on /home/airflow/.local/lib/python3.7/site-packages/airflow/example_dags/example_complex.py
[2025-10-21T01:00:50.499+0000] {processor.py:826} INFO - Processing file /home/airflow/.local/lib/python3.7/site-packages/airflow/example_dags/example_complex.py for tasks to queue
[2025-10-21T01:00:50.501+0000] {logging_mixin.py:149} INFO - [2025-10-21T01:00:50.501+0000] {dagbag.py:541} INFO - Filling up the DagBag from /home/airflow/.local/lib/python3.7/site-packages/airflow/example_dags/example_complex.py
[2025-10-21T01:00:50.521+0000] {processor.py:836} INFO - DAG(s) dict_keys(['example_complex']) retrieved from /home/airflow/.local/lib/python3.7/site-packages/airflow/example_dags/example_complex.py
[2025-10-21T01:00:50.579+0000] {logging_mixin.py:149} INFO - [2025-10-21T01:00:50.579+0000] {dag.py:2726} INFO - Sync 1 DAGs
[2025-10-21T01:00:50.621+0000] {logging_mixin.py:149} INFO - [2025-10-21T01:00:50.621+0000] {dag.py:3490} INFO - Setting next_dagrun for example_complex to None, run_after=None
[2025-10-21T01:00:50.655+0000] {processor.py:179} INFO - Processing /home/airflow/.local/lib/python3.7/site-packages/airflow/example_dags/example_complex.py took 0.165 seconds
[2025-10-21T01:01:21.377+0000] {processor.py:157} INFO - Started process (PID=1581) to work on /home/airflow/.local/lib/python3.7/site-packages/airflow/example_dags/example_complex.py
[2025-10-21T01:01:21.380+0000] {processor.py:826} INFO - Processing file /home/airflow/.local/lib/python3.7/site-packages/airflow/example_dags/example_complex.py for tasks to queue
[2025-10-21T01:01:21.382+0000] {logging_mixin.py:149} INFO - [2025-10-21T01:01:21.381+0000] {dagbag.py:541} INFO - Filling up the DagBag from /home/airflow/.local/lib/python3.7/site-packages/airflow/example_dags/example_complex.py
[2025-10-21T01:01:21.406+0000] {processor.py:836} INFO - DAG(s) dict_keys(['example_complex']) retrieved from /home/airflow/.local/lib/python3.7/site-packages/airflow/example_dags/example_complex.py
[2025-10-21T01:01:21.487+0000] {logging_mixin.py:149} INFO - [2025-10-21T01:01:21.487+0000] {dag.py:2726} INFO - Sync 1 DAGs
[2025-10-21T01:01:21.548+0000] {logging_mixin.py:149} INFO - [2025-10-21T01:01:21.548+0000] {dag.py:3490} INFO - Setting next_dagrun for example_complex to None, run_after=None
[2025-10-21T01:01:21.594+0000] {processor.py:179} INFO - Processing /home/airflow/.local/lib/python3.7/site-packages/airflow/example_dags/example_complex.py took 0.225 seconds
[2025-10-21T01:01:52.925+0000] {processor.py:157} INFO - Started process (PID=1647) to work on /home/airflow/.local/lib/python3.7/site-packages/airflow/example_dags/example_complex.py
[2025-10-21T01:01:52.927+0000] {processor.py:826} INFO - Processing file /home/airflow/.local/lib/python3.7/site-packages/airflow/example_dags/example_complex.py for tasks to queue
[2025-10-21T01:01:52.929+0000] {logging_mixin.py:149} INFO - [2025-10-21T01:01:52.929+0000] {dagbag.py:541} INFO - Filling up the DagBag from /home/airflow/.local/lib/python3.7/site-packages/airflow/example_dags/example_complex.py
[2025-10-21T01:01:52.952+0000] {processor.py:836} INFO - DAG(s) dict_keys(['example_complex']) retrieved from /home/airflow/.local/lib/python3.7/site-packages/airflow/example_dags/example_complex.py
[2025-10-21T01:01:53.031+0000] {logging_mixin.py:149} INFO - [2025-10-21T01:01:53.030+0000] {dag.py:2726} INFO - Sync 1 DAGs
[2025-10-21T01:01:53.086+0000] {logging_mixin.py:149} INFO - [2025-10-21T01:01:53.085+0000] {dag.py:3490} INFO - Setting next_dagrun for example_complex to None, run_after=None
[2025-10-21T01:01:53.131+0000] {processor.py:179} INFO - Processing /home/airflow/.local/lib/python3.7/site-packages/airflow/example_dags/example_complex.py took 0.212 seconds
[2025-10-21T01:02:23.556+0000] {processor.py:157} INFO - Started process (PID=1713) to work on /home/airflow/.local/lib/python3.7/site-packages/airflow/example_dags/example_complex.py
[2025-10-21T01:02:23.558+0000] {processor.py:826} INFO - Processing file /home/airflow/.local/lib/python3.7/site-packages/airflow/example_dags/example_complex.py for tasks to queue
[2025-10-21T01:02:23.560+0000] {logging_mixin.py:149} INFO - [2025-10-21T01:02:23.560+0000] {dagbag.py:541} INFO - Filling up the DagBag from /home/airflow/.local/lib/python3.7/site-packages/airflow/example_dags/example_complex.py
[2025-10-21T01:02:23.581+0000] {processor.py:836} INFO - DAG(s) dict_keys(['example_complex']) retrieved from /home/airflow/.local/lib/python3.7/site-packages/airflow/example_dags/example_complex.py
[2025-10-21T01:02:23.649+0000] {logging_mixin.py:149} INFO - [2025-10-21T01:02:23.649+0000] {dag.py:2726} INFO - Sync 1 DAGs
[2025-10-21T01:02:23.698+0000] {logging_mixin.py:149} INFO - [2025-10-21T01:02:23.698+0000] {dag.py:3490} INFO - Setting next_dagrun for example_complex to None, run_after=None
[2025-10-21T01:02:23.738+0000] {processor.py:179} INFO - Processing /home/airflow/.local/lib/python3.7/site-packages/airflow/example_dags/example_complex.py took 0.188 seconds
[2025-10-21T01:02:54.378+0000] {processor.py:157} INFO - Started process (PID=1779) to work on /home/airflow/.local/lib/python3.7/site-packages/airflow/example_dags/example_complex.py
[2025-10-21T01:02:54.381+0000] {processor.py:826} INFO - Processing file /home/airflow/.local/lib/python3.7/site-packages/airflow/example_dags/example_complex.py for tasks to queue
[2025-10-21T01:02:54.382+0000] {logging_mixin.py:149} INFO - [2025-10-21T01:02:54.382+0000] {dagbag.py:541} INFO - Filling up the DagBag from /home/airflow/.local/lib/python3.7/site-packages/airflow/example_dags/example_complex.py
[2025-10-21T01:02:54.407+0000] {processor.py:836} INFO - DAG(s) dict_keys(['example_complex']) retrieved from /home/airflow/.local/lib/python3.7/site-packages/airflow/example_dags/example_complex.py
[2025-10-21T01:02:54.506+0000] {logging_mixin.py:149} INFO - [2025-10-21T01:02:54.506+0000] {dag.py:2726} INFO - Sync 1 DAGs
[2025-10-21T01:02:54.585+0000] {logging_mixin.py:149} INFO - [2025-10-21T01:02:54.585+0000] {dag.py:3490} INFO - Setting next_dagrun for example_complex to None, run_after=None
[2025-10-21T01:02:54.648+0000] {processor.py:179} INFO - Processing /home/airflow/.local/lib/python3.7/site-packages/airflow/example_dags/example_complex.py took 0.277 seconds
[2025-10-21T01:03:25.169+0000] {processor.py:157} INFO - Started process (PID=1846) to work on /home/airflow/.local/lib/python3.7/site-packages/airflow/example_dags/example_complex.py
[2025-10-21T01:03:25.172+0000] {processor.py:826} INFO - Processing file /home/airflow/.local/lib/python3.7/site-packages/airflow/example_dags/example_complex.py for tasks to queue
[2025-10-21T01:03:25.175+0000] {logging_mixin.py:149} INFO - [2025-10-21T01:03:25.174+0000] {dagbag.py:541} INFO - Filling up the DagBag from /home/airflow/.local/lib/python3.7/site-packages/airflow/example_dags/example_complex.py
[2025-10-21T01:03:25.204+0000] {processor.py:836} INFO - DAG(s) dict_keys(['example_complex']) retrieved from /home/airflow/.local/lib/python3.7/site-packages/airflow/example_dags/example_complex.py
[2025-10-21T01:03:25.280+0000] {logging_mixin.py:149} INFO - [2025-10-21T01:03:25.279+0000] {dag.py:2726} INFO - Sync 1 DAGs
[2025-10-21T01:03:25.328+0000] {logging_mixin.py:149} INFO - [2025-10-21T01:03:25.328+0000] {dag.py:3490} INFO - Setting next_dagrun for example_complex to None, run_after=None
[2025-10-21T01:03:25.370+0000] {processor.py:179} INFO - Processing /home/airflow/.local/lib/python3.7/site-packages/airflow/example_dags/example_complex.py took 0.210 seconds
[2025-10-21T01:03:55.472+0000] {processor.py:157} INFO - Started process (PID=1912) to work on /home/airflow/.local/lib/python3.7/site-packages/airflow/example_dags/example_complex.py
[2025-10-21T01:03:55.474+0000] {processor.py:826} INFO - Processing file /home/airflow/.local/lib/python3.7/site-packages/airflow/example_dags/example_complex.py for tasks to queue
[2025-10-21T01:03:55.476+0000] {logging_mixin.py:149} INFO - [2025-10-21T01:03:55.476+0000] {dagbag.py:541} INFO - Filling up the DagBag from /home/airflow/.local/lib/python3.7/site-packages/airflow/example_dags/example_complex.py
[2025-10-21T01:03:55.498+0000] {processor.py:836} INFO - DAG(s) dict_keys(['example_complex']) retrieved from /home/airflow/.local/lib/python3.7/site-packages/airflow/example_dags/example_complex.py
[2025-10-21T01:03:55.566+0000] {logging_mixin.py:149} INFO - [2025-10-21T01:03:55.566+0000] {dag.py:2726} INFO - Sync 1 DAGs
[2025-10-21T01:03:55.623+0000] {logging_mixin.py:149} INFO - [2025-10-21T01:03:55.623+0000] {dag.py:3490} INFO - Setting next_dagrun for example_complex to None, run_after=None
[2025-10-21T01:03:55.666+0000] {processor.py:179} INFO - Processing /home/airflow/.local/lib/python3.7/site-packages/airflow/example_dags/example_complex.py took 0.203 seconds
[2025-10-21T01:04:26.506+0000] {processor.py:157} INFO - Started process (PID=1978) to work on /home/airflow/.local/lib/python3.7/site-packages/airflow/example_dags/example_complex.py
[2025-10-21T01:04:26.508+0000] {processor.py:826} INFO - Processing file /home/airflow/.local/lib/python3.7/site-packages/airflow/example_dags/example_complex.py for tasks to queue
[2025-10-21T01:04:26.510+0000] {logging_mixin.py:149} INFO - [2025-10-21T01:04:26.509+0000] {dagbag.py:541} INFO - Filling up the DagBag from /home/airflow/.local/lib/python3.7/site-packages/airflow/example_dags/example_complex.py
[2025-10-21T01:04:26.527+0000] {processor.py:836} INFO - DAG(s) dict_keys(['example_complex']) retrieved from /home/airflow/.local/lib/python3.7/site-packages/airflow/example_dags/example_complex.py
[2025-10-21T01:04:26.591+0000] {logging_mixin.py:149} INFO - [2025-10-21T01:04:26.591+0000] {dag.py:2726} INFO - Sync 1 DAGs
[2025-10-21T01:04:26.643+0000] {logging_mixin.py:149} INFO - [2025-10-21T01:04:26.643+0000] {dag.py:3490} INFO - Setting next_dagrun for example_complex to None, run_after=None
[2025-10-21T01:04:26.689+0000] {processor.py:179} INFO - Processing /home/airflow/.local/lib/python3.7/site-packages/airflow/example_dags/example_complex.py took 0.188 seconds
[2025-10-21T01:04:57.378+0000] {processor.py:157} INFO - Started process (PID=2044) to work on /home/airflow/.local/lib/python3.7/site-packages/airflow/example_dags/example_complex.py
[2025-10-21T01:04:57.381+0000] {processor.py:826} INFO - Processing file /home/airflow/.local/lib/python3.7/site-packages/airflow/example_dags/example_complex.py for tasks to queue
[2025-10-21T01:04:57.383+0000] {logging_mixin.py:149} INFO - [2025-10-21T01:04:57.382+0000] {dagbag.py:541} INFO - Filling up the DagBag from /home/airflow/.local/lib/python3.7/site-packages/airflow/example_dags/example_complex.py
[2025-10-21T01:04:57.404+0000] {processor.py:836} INFO - DAG(s) dict_keys(['example_complex']) retrieved from /home/airflow/.local/lib/python3.7/site-packages/airflow/example_dags/example_complex.py
[2025-10-21T01:04:57.474+0000] {logging_mixin.py:149} INFO - [2025-10-21T01:04:57.473+0000] {dag.py:2726} INFO - Sync 1 DAGs
[2025-10-21T01:04:57.537+0000] {logging_mixin.py:149} INFO - [2025-10-21T01:04:57.537+0000] {dag.py:3490} INFO - Setting next_dagrun for example_complex to None, run_after=None
[2025-10-21T01:04:57.594+0000] {processor.py:179} INFO - Processing /home/airflow/.local/lib/python3.7/site-packages/airflow/example_dags/example_complex.py took 0.222 seconds
[2025-10-21T01:05:28.030+0000] {processor.py:157} INFO - Started process (PID=2109) to work on /home/airflow/.local/lib/python3.7/site-packages/airflow/example_dags/example_complex.py
[2025-10-21T01:05:28.032+0000] {processor.py:826} INFO - Processing file /home/airflow/.local/lib/python3.7/site-packages/airflow/example_dags/example_complex.py for tasks to queue
[2025-10-21T01:05:28.034+0000] {logging_mixin.py:149} INFO - [2025-10-21T01:05:28.033+0000] {dagbag.py:541} INFO - Filling up the DagBag from /home/airflow/.local/lib/python3.7/site-packages/airflow/example_dags/example_complex.py
[2025-10-21T01:05:28.053+0000] {processor.py:836} INFO - DAG(s) dict_keys(['example_complex']) retrieved from /home/airflow/.local/lib/python3.7/site-packages/airflow/example_dags/example_complex.py
[2025-10-21T01:05:28.119+0000] {logging_mixin.py:149} INFO - [2025-10-21T01:05:28.119+0000] {dag.py:2726} INFO - Sync 1 DAGs
[2025-10-21T01:05:28.166+0000] {logging_mixin.py:149} INFO - [2025-10-21T01:05:28.165+0000] {dag.py:3490} INFO - Setting next_dagrun for example_complex to None, run_after=None
[2025-10-21T01:05:28.206+0000] {processor.py:179} INFO - Processing /home/airflow/.local/lib/python3.7/site-packages/airflow/example_dags/example_complex.py took 0.183 seconds
[2025-10-21T01:05:59.115+0000] {processor.py:157} INFO - Started process (PID=2176) to work on /home/airflow/.local/lib/python3.7/site-packages/airflow/example_dags/example_complex.py
[2025-10-21T01:05:59.117+0000] {processor.py:826} INFO - Processing file /home/airflow/.local/lib/python3.7/site-packages/airflow/example_dags/example_complex.py for tasks to queue
[2025-10-21T01:05:59.118+0000] {logging_mixin.py:149} INFO - [2025-10-21T01:05:59.118+0000] {dagbag.py:541} INFO - Filling up the DagBag from /home/airflow/.local/lib/python3.7/site-packages/airflow/example_dags/example_complex.py
[2025-10-21T01:05:59.143+0000] {processor.py:836} INFO - DAG(s) dict_keys(['example_complex']) retrieved from /home/airflow/.local/lib/python3.7/site-packages/airflow/example_dags/example_complex.py
[2025-10-21T01:05:59.206+0000] {logging_mixin.py:149} INFO - [2025-10-21T01:05:59.206+0000] {dag.py:2726} INFO - Sync 1 DAGs
[2025-10-21T01:05:59.255+0000] {logging_mixin.py:149} INFO - [2025-10-21T01:05:59.255+0000] {dag.py:3490} INFO - Setting next_dagrun for example_complex to None, run_after=None
[2025-10-21T01:05:59.296+0000] {processor.py:179} INFO - Processing /home/airflow/.local/lib/python3.7/site-packages/airflow/example_dags/example_complex.py took 0.185 seconds
[2025-10-21T01:06:29.480+0000] {processor.py:157} INFO - Started process (PID=2241) to work on /home/airflow/.local/lib/python3.7/site-packages/airflow/example_dags/example_complex.py
[2025-10-21T01:06:29.482+0000] {processor.py:826} INFO - Processing file /home/airflow/.local/lib/python3.7/site-packages/airflow/example_dags/example_complex.py for tasks to queue
[2025-10-21T01:06:29.483+0000] {logging_mixin.py:149} INFO - [2025-10-21T01:06:29.483+0000] {dagbag.py:541} INFO - Filling up the DagBag from /home/airflow/.local/lib/python3.7/site-packages/airflow/example_dags/example_complex.py
[2025-10-21T01:06:29.500+0000] {processor.py:836} INFO - DAG(s) dict_keys(['example_complex']) retrieved from /home/airflow/.local/lib/python3.7/site-packages/airflow/example_dags/example_complex.py
[2025-10-21T01:06:29.564+0000] {logging_mixin.py:149} INFO - [2025-10-21T01:06:29.564+0000] {dag.py:2726} INFO - Sync 1 DAGs
[2025-10-21T01:06:29.610+0000] {logging_mixin.py:149} INFO - [2025-10-21T01:06:29.610+0000] {dag.py:3490} INFO - Setting next_dagrun for example_complex to None, run_after=None
[2025-10-21T01:06:29.650+0000] {processor.py:179} INFO - Processing /home/airflow/.local/lib/python3.7/site-packages/airflow/example_dags/example_complex.py took 0.178 seconds
[2025-10-21T01:07:00.388+0000] {processor.py:157} INFO - Started process (PID=2308) to work on /home/airflow/.local/lib/python3.7/site-packages/airflow/example_dags/example_complex.py
[2025-10-21T01:07:00.391+0000] {processor.py:826} INFO - Processing file /home/airflow/.local/lib/python3.7/site-packages/airflow/example_dags/example_complex.py for tasks to queue
[2025-10-21T01:07:00.393+0000] {logging_mixin.py:149} INFO - [2025-10-21T01:07:00.393+0000] {dagbag.py:541} INFO - Filling up the DagBag from /home/airflow/.local/lib/python3.7/site-packages/airflow/example_dags/example_complex.py
[2025-10-21T01:07:00.418+0000] {processor.py:836} INFO - DAG(s) dict_keys(['example_complex']) retrieved from /home/airflow/.local/lib/python3.7/site-packages/airflow/example_dags/example_complex.py
[2025-10-21T01:07:00.499+0000] {logging_mixin.py:149} INFO - [2025-10-21T01:07:00.499+0000] {dag.py:2726} INFO - Sync 1 DAGs
[2025-10-21T01:07:00.549+0000] {logging_mixin.py:149} INFO - [2025-10-21T01:07:00.549+0000] {dag.py:3490} INFO - Setting next_dagrun for example_complex to None, run_after=None
[2025-10-21T01:07:00.596+0000] {processor.py:179} INFO - Processing /home/airflow/.local/lib/python3.7/site-packages/airflow/example_dags/example_complex.py took 0.216 seconds
[2025-10-21T01:07:31.206+0000] {processor.py:157} INFO - Started process (PID=2375) to work on /home/airflow/.local/lib/python3.7/site-packages/airflow/example_dags/example_complex.py
[2025-10-21T01:07:31.208+0000] {processor.py:826} INFO - Processing file /home/airflow/.local/lib/python3.7/site-packages/airflow/example_dags/example_complex.py for tasks to queue
[2025-10-21T01:07:31.210+0000] {logging_mixin.py:149} INFO - [2025-10-21T01:07:31.209+0000] {dagbag.py:541} INFO - Filling up the DagBag from /home/airflow/.local/lib/python3.7/site-packages/airflow/example_dags/example_complex.py
[2025-10-21T01:07:31.230+0000] {processor.py:836} INFO - DAG(s) dict_keys(['example_complex']) retrieved from /home/airflow/.local/lib/python3.7/site-packages/airflow/example_dags/example_complex.py
[2025-10-21T01:07:31.293+0000] {logging_mixin.py:149} INFO - [2025-10-21T01:07:31.293+0000] {dag.py:2726} INFO - Sync 1 DAGs
[2025-10-21T01:07:31.342+0000] {logging_mixin.py:149} INFO - [2025-10-21T01:07:31.342+0000] {dag.py:3490} INFO - Setting next_dagrun for example_complex to None, run_after=None
[2025-10-21T01:07:31.385+0000] {processor.py:179} INFO - Processing /home/airflow/.local/lib/python3.7/site-packages/airflow/example_dags/example_complex.py took 0.185 seconds
[2025-10-21T01:08:01.536+0000] {processor.py:157} INFO - Started process (PID=2441) to work on /home/airflow/.local/lib/python3.7/site-packages/airflow/example_dags/example_complex.py
[2025-10-21T01:08:01.538+0000] {processor.py:826} INFO - Processing file /home/airflow/.local/lib/python3.7/site-packages/airflow/example_dags/example_complex.py for tasks to queue
[2025-10-21T01:08:01.539+0000] {logging_mixin.py:149} INFO - [2025-10-21T01:08:01.539+0000] {dagbag.py:541} INFO - Filling up the DagBag from /home/airflow/.local/lib/python3.7/site-packages/airflow/example_dags/example_complex.py
[2025-10-21T01:08:01.563+0000] {processor.py:836} INFO - DAG(s) dict_keys(['example_complex']) retrieved from /home/airflow/.local/lib/python3.7/site-packages/airflow/example_dags/example_complex.py
[2025-10-21T01:08:01.629+0000] {logging_mixin.py:149} INFO - [2025-10-21T01:08:01.629+0000] {dag.py:2726} INFO - Sync 1 DAGs
[2025-10-21T01:08:01.693+0000] {logging_mixin.py:149} INFO - [2025-10-21T01:08:01.693+0000] {dag.py:3490} INFO - Setting next_dagrun for example_complex to None, run_after=None
[2025-10-21T01:08:01.737+0000] {processor.py:179} INFO - Processing /home/airflow/.local/lib/python3.7/site-packages/airflow/example_dags/example_complex.py took 0.207 seconds
[2025-10-21T01:08:32.158+0000] {processor.py:157} INFO - Started process (PID=2507) to work on /home/airflow/.local/lib/python3.7/site-packages/airflow/example_dags/example_complex.py
[2025-10-21T01:08:32.160+0000] {processor.py:826} INFO - Processing file /home/airflow/.local/lib/python3.7/site-packages/airflow/example_dags/example_complex.py for tasks to queue
[2025-10-21T01:08:32.162+0000] {logging_mixin.py:149} INFO - [2025-10-21T01:08:32.162+0000] {dagbag.py:541} INFO - Filling up the DagBag from /home/airflow/.local/lib/python3.7/site-packages/airflow/example_dags/example_complex.py
[2025-10-21T01:08:32.182+0000] {processor.py:836} INFO - DAG(s) dict_keys(['example_complex']) retrieved from /home/airflow/.local/lib/python3.7/site-packages/airflow/example_dags/example_complex.py
[2025-10-21T01:08:32.254+0000] {logging_mixin.py:149} INFO - [2025-10-21T01:08:32.254+0000] {dag.py:2726} INFO - Sync 1 DAGs
[2025-10-21T01:08:32.319+0000] {logging_mixin.py:149} INFO - [2025-10-21T01:08:32.319+0000] {dag.py:3490} INFO - Setting next_dagrun for example_complex to None, run_after=None
[2025-10-21T01:08:32.361+0000] {processor.py:179} INFO - Processing /home/airflow/.local/lib/python3.7/site-packages/airflow/example_dags/example_complex.py took 0.209 seconds
[2025-10-21T01:09:03.132+0000] {processor.py:157} INFO - Started process (PID=2573) to work on /home/airflow/.local/lib/python3.7/site-packages/airflow/example_dags/example_complex.py
[2025-10-21T01:09:03.134+0000] {processor.py:826} INFO - Processing file /home/airflow/.local/lib/python3.7/site-packages/airflow/example_dags/example_complex.py for tasks to queue
[2025-10-21T01:09:03.136+0000] {logging_mixin.py:149} INFO - [2025-10-21T01:09:03.136+0000] {dagbag.py:541} INFO - Filling up the DagBag from /home/airflow/.local/lib/python3.7/site-packages/airflow/example_dags/example_complex.py
[2025-10-21T01:09:03.163+0000] {processor.py:836} INFO - DAG(s) dict_keys(['example_complex']) retrieved from /home/airflow/.local/lib/python3.7/site-packages/airflow/example_dags/example_complex.py
[2025-10-21T01:09:03.309+0000] {logging_mixin.py:149} INFO - [2025-10-21T01:09:03.309+0000] {dag.py:2726} INFO - Sync 1 DAGs
[2025-10-21T01:09:03.417+0000] {logging_mixin.py:149} INFO - [2025-10-21T01:09:03.417+0000] {dag.py:3490} INFO - Setting next_dagrun for example_complex to None, run_after=None
[2025-10-21T01:09:03.472+0000] {processor.py:179} INFO - Processing /home/airflow/.local/lib/python3.7/site-packages/airflow/example_dags/example_complex.py took 0.348 seconds
[2025-10-21T01:09:33.689+0000] {processor.py:157} INFO - Started process (PID=2639) to work on /home/airflow/.local/lib/python3.7/site-packages/airflow/example_dags/example_complex.py
[2025-10-21T01:09:33.691+0000] {processor.py:826} INFO - Processing file /home/airflow/.local/lib/python3.7/site-packages/airflow/example_dags/example_complex.py for tasks to queue
[2025-10-21T01:09:33.694+0000] {logging_mixin.py:149} INFO - [2025-10-21T01:09:33.693+0000] {dagbag.py:541} INFO - Filling up the DagBag from /home/airflow/.local/lib/python3.7/site-packages/airflow/example_dags/example_complex.py
[2025-10-21T01:09:33.730+0000] {processor.py:836} INFO - DAG(s) dict_keys(['example_complex']) retrieved from /home/airflow/.local/lib/python3.7/site-packages/airflow/example_dags/example_complex.py
[2025-10-21T01:09:33.818+0000] {logging_mixin.py:149} INFO - [2025-10-21T01:09:33.817+0000] {dag.py:2726} INFO - Sync 1 DAGs
[2025-10-21T01:09:33.886+0000] {logging_mixin.py:149} INFO - [2025-10-21T01:09:33.886+0000] {dag.py:3490} INFO - Setting next_dagrun for example_complex to None, run_after=None
[2025-10-21T01:09:33.935+0000] {processor.py:179} INFO - Processing /home/airflow/.local/lib/python3.7/site-packages/airflow/example_dags/example_complex.py took 0.255 seconds
[2025-10-21T01:10:04.802+0000] {processor.py:157} INFO - Started process (PID=2706) to work on /home/airflow/.local/lib/python3.7/site-packages/airflow/example_dags/example_complex.py
[2025-10-21T01:10:04.806+0000] {processor.py:826} INFO - Processing file /home/airflow/.local/lib/python3.7/site-packages/airflow/example_dags/example_complex.py for tasks to queue
[2025-10-21T01:10:04.808+0000] {logging_mixin.py:149} INFO - [2025-10-21T01:10:04.808+0000] {dagbag.py:541} INFO - Filling up the DagBag from /home/airflow/.local/lib/python3.7/site-packages/airflow/example_dags/example_complex.py
[2025-10-21T01:10:04.848+0000] {processor.py:836} INFO - DAG(s) dict_keys(['example_complex']) retrieved from /home/airflow/.local/lib/python3.7/site-packages/airflow/example_dags/example_complex.py
[2025-10-21T01:10:04.957+0000] {logging_mixin.py:149} INFO - [2025-10-21T01:10:04.957+0000] {dag.py:2726} INFO - Sync 1 DAGs
[2025-10-21T01:10:05.024+0000] {logging_mixin.py:149} INFO - [2025-10-21T01:10:05.023+0000] {dag.py:3490} INFO - Setting next_dagrun for example_complex to None, run_after=None
[2025-10-21T01:10:05.103+0000] {processor.py:179} INFO - Processing /home/airflow/.local/lib/python3.7/site-packages/airflow/example_dags/example_complex.py took 0.311 seconds
[2025-10-21T01:10:35.727+0000] {processor.py:157} INFO - Started process (PID=2773) to work on /home/airflow/.local/lib/python3.7/site-packages/airflow/example_dags/example_complex.py
[2025-10-21T01:10:35.729+0000] {processor.py:826} INFO - Processing file /home/airflow/.local/lib/python3.7/site-packages/airflow/example_dags/example_complex.py for tasks to queue
[2025-10-21T01:10:35.732+0000] {logging_mixin.py:149} INFO - [2025-10-21T01:10:35.731+0000] {dagbag.py:541} INFO - Filling up the DagBag from /home/airflow/.local/lib/python3.7/site-packages/airflow/example_dags/example_complex.py
[2025-10-21T01:10:35.755+0000] {processor.py:836} INFO - DAG(s) dict_keys(['example_complex']) retrieved from /home/airflow/.local/lib/python3.7/site-packages/airflow/example_dags/example_complex.py
[2025-10-21T01:10:35.832+0000] {logging_mixin.py:149} INFO - [2025-10-21T01:10:35.832+0000] {dag.py:2726} INFO - Sync 1 DAGs
[2025-10-21T01:10:35.886+0000] {logging_mixin.py:149} INFO - [2025-10-21T01:10:35.886+0000] {dag.py:3490} INFO - Setting next_dagrun for example_complex to None, run_after=None
[2025-10-21T01:10:35.932+0000] {processor.py:179} INFO - Processing /home/airflow/.local/lib/python3.7/site-packages/airflow/example_dags/example_complex.py took 0.212 seconds
[2025-10-21T01:11:06.419+0000] {processor.py:157} INFO - Started process (PID=2839) to work on /home/airflow/.local/lib/python3.7/site-packages/airflow/example_dags/example_complex.py
[2025-10-21T01:11:06.421+0000] {processor.py:826} INFO - Processing file /home/airflow/.local/lib/python3.7/site-packages/airflow/example_dags/example_complex.py for tasks to queue
[2025-10-21T01:11:06.423+0000] {logging_mixin.py:149} INFO - [2025-10-21T01:11:06.423+0000] {dagbag.py:541} INFO - Filling up the DagBag from /home/airflow/.local/lib/python3.7/site-packages/airflow/example_dags/example_complex.py
[2025-10-21T01:11:06.442+0000] {processor.py:836} INFO - DAG(s) dict_keys(['example_complex']) retrieved from /home/airflow/.local/lib/python3.7/site-packages/airflow/example_dags/example_complex.py
[2025-10-21T01:11:06.512+0000] {logging_mixin.py:149} INFO - [2025-10-21T01:11:06.512+0000] {dag.py:2726} INFO - Sync 1 DAGs
[2025-10-21T01:11:06.580+0000] {logging_mixin.py:149} INFO - [2025-10-21T01:11:06.580+0000] {dag.py:3490} INFO - Setting next_dagrun for example_complex to None, run_after=None
[2025-10-21T01:11:06.630+0000] {processor.py:179} INFO - Processing /home/airflow/.local/lib/python3.7/site-packages/airflow/example_dags/example_complex.py took 0.217 seconds
[2025-10-21T01:11:37.022+0000] {processor.py:157} INFO - Started process (PID=2905) to work on /home/airflow/.local/lib/python3.7/site-packages/airflow/example_dags/example_complex.py
[2025-10-21T01:11:37.032+0000] {processor.py:826} INFO - Processing file /home/airflow/.local/lib/python3.7/site-packages/airflow/example_dags/example_complex.py for tasks to queue
[2025-10-21T01:11:37.034+0000] {logging_mixin.py:149} INFO - [2025-10-21T01:11:37.033+0000] {dagbag.py:541} INFO - Filling up the DagBag from /home/airflow/.local/lib/python3.7/site-packages/airflow/example_dags/example_complex.py
[2025-10-21T01:11:37.063+0000] {processor.py:836} INFO - DAG(s) dict_keys(['example_complex']) retrieved from /home/airflow/.local/lib/python3.7/site-packages/airflow/example_dags/example_complex.py
[2025-10-21T01:11:37.143+0000] {logging_mixin.py:149} INFO - [2025-10-21T01:11:37.142+0000] {dag.py:2726} INFO - Sync 1 DAGs
[2025-10-21T01:11:37.196+0000] {logging_mixin.py:149} INFO - [2025-10-21T01:11:37.196+0000] {dag.py:3490} INFO - Setting next_dagrun for example_complex to None, run_after=None
[2025-10-21T01:11:37.245+0000] {processor.py:179} INFO - Processing /home/airflow/.local/lib/python3.7/site-packages/airflow/example_dags/example_complex.py took 0.236 seconds
[2025-10-21T01:12:07.617+0000] {processor.py:157} INFO - Started process (PID=2971) to work on /home/airflow/.local/lib/python3.7/site-packages/airflow/example_dags/example_complex.py
[2025-10-21T01:12:07.620+0000] {processor.py:826} INFO - Processing file /home/airflow/.local/lib/python3.7/site-packages/airflow/example_dags/example_complex.py for tasks to queue
[2025-10-21T01:12:07.622+0000] {logging_mixin.py:149} INFO - [2025-10-21T01:12:07.622+0000] {dagbag.py:541} INFO - Filling up the DagBag from /home/airflow/.local/lib/python3.7/site-packages/airflow/example_dags/example_complex.py
[2025-10-21T01:12:07.647+0000] {processor.py:836} INFO - DAG(s) dict_keys(['example_complex']) retrieved from /home/airflow/.local/lib/python3.7/site-packages/airflow/example_dags/example_complex.py
[2025-10-21T01:12:07.734+0000] {logging_mixin.py:149} INFO - [2025-10-21T01:12:07.734+0000] {dag.py:2726} INFO - Sync 1 DAGs
[2025-10-21T01:12:07.807+0000] {logging_mixin.py:149} INFO - [2025-10-21T01:12:07.807+0000] {dag.py:3490} INFO - Setting next_dagrun for example_complex to None, run_after=None
[2025-10-21T01:12:07.866+0000] {processor.py:179} INFO - Processing /home/airflow/.local/lib/python3.7/site-packages/airflow/example_dags/example_complex.py took 0.258 seconds
[2025-10-21T01:12:37.989+0000] {processor.py:157} INFO - Started process (PID=3037) to work on /home/airflow/.local/lib/python3.7/site-packages/airflow/example_dags/example_complex.py
[2025-10-21T01:12:37.990+0000] {processor.py:826} INFO - Processing file /home/airflow/.local/lib/python3.7/site-packages/airflow/example_dags/example_complex.py for tasks to queue
[2025-10-21T01:12:37.992+0000] {logging_mixin.py:149} INFO - [2025-10-21T01:12:37.992+0000] {dagbag.py:541} INFO - Filling up the DagBag from /home/airflow/.local/lib/python3.7/site-packages/airflow/example_dags/example_complex.py
[2025-10-21T01:12:38.009+0000] {processor.py:836} INFO - DAG(s) dict_keys(['example_complex']) retrieved from /home/airflow/.local/lib/python3.7/site-packages/airflow/example_dags/example_complex.py
[2025-10-21T01:12:38.074+0000] {logging_mixin.py:149} INFO - [2025-10-21T01:12:38.074+0000] {dag.py:2726} INFO - Sync 1 DAGs
[2025-10-21T01:12:38.129+0000] {logging_mixin.py:149} INFO - [2025-10-21T01:12:38.129+0000] {dag.py:3490} INFO - Setting next_dagrun for example_complex to None, run_after=None
[2025-10-21T01:12:38.173+0000] {processor.py:179} INFO - Processing /home/airflow/.local/lib/python3.7/site-packages/airflow/example_dags/example_complex.py took 0.192 seconds
[2025-10-21T01:13:08.307+0000] {processor.py:157} INFO - Started process (PID=3103) to work on /home/airflow/.local/lib/python3.7/site-packages/airflow/example_dags/example_complex.py
[2025-10-21T01:13:08.309+0000] {processor.py:826} INFO - Processing file /home/airflow/.local/lib/python3.7/site-packages/airflow/example_dags/example_complex.py for tasks to queue
[2025-10-21T01:13:08.310+0000] {logging_mixin.py:149} INFO - [2025-10-21T01:13:08.310+0000] {dagbag.py:541} INFO - Filling up the DagBag from /home/airflow/.local/lib/python3.7/site-packages/airflow/example_dags/example_complex.py
[2025-10-21T01:13:08.336+0000] {processor.py:836} INFO - DAG(s) dict_keys(['example_complex']) retrieved from /home/airflow/.local/lib/python3.7/site-packages/airflow/example_dags/example_complex.py
[2025-10-21T01:13:08.406+0000] {logging_mixin.py:149} INFO - [2025-10-21T01:13:08.406+0000] {dag.py:2726} INFO - Sync 1 DAGs
[2025-10-21T01:13:08.456+0000] {logging_mixin.py:149} INFO - [2025-10-21T01:13:08.455+0000] {dag.py:3490} INFO - Setting next_dagrun for example_complex to None, run_after=None
[2025-10-21T01:13:08.496+0000] {processor.py:179} INFO - Processing /home/airflow/.local/lib/python3.7/site-packages/airflow/example_dags/example_complex.py took 0.196 seconds
[2025-10-21T01:13:39.722+0000] {processor.py:157} INFO - Started process (PID=3169) to work on /home/airflow/.local/lib/python3.7/site-packages/airflow/example_dags/example_complex.py
[2025-10-21T01:13:39.724+0000] {processor.py:826} INFO - Processing file /home/airflow/.local/lib/python3.7/site-packages/airflow/example_dags/example_complex.py for tasks to queue
[2025-10-21T01:13:39.725+0000] {logging_mixin.py:149} INFO - [2025-10-21T01:13:39.725+0000] {dagbag.py:541} INFO - Filling up the DagBag from /home/airflow/.local/lib/python3.7/site-packages/airflow/example_dags/example_complex.py
[2025-10-21T01:13:39.745+0000] {processor.py:836} INFO - DAG(s) dict_keys(['example_complex']) retrieved from /home/airflow/.local/lib/python3.7/site-packages/airflow/example_dags/example_complex.py
[2025-10-21T01:13:39.813+0000] {logging_mixin.py:149} INFO - [2025-10-21T01:13:39.813+0000] {dag.py:2726} INFO - Sync 1 DAGs
[2025-10-21T01:13:39.862+0000] {logging_mixin.py:149} INFO - [2025-10-21T01:13:39.862+0000] {dag.py:3490} INFO - Setting next_dagrun for example_complex to None, run_after=None
[2025-10-21T01:13:39.905+0000] {processor.py:179} INFO - Processing /home/airflow/.local/lib/python3.7/site-packages/airflow/example_dags/example_complex.py took 0.190 seconds
[2025-10-21T01:14:10.373+0000] {processor.py:157} INFO - Started process (PID=3234) to work on /home/airflow/.local/lib/python3.7/site-packages/airflow/example_dags/example_complex.py
[2025-10-21T01:14:10.375+0000] {processor.py:826} INFO - Processing file /home/airflow/.local/lib/python3.7/site-packages/airflow/example_dags/example_complex.py for tasks to queue
[2025-10-21T01:14:10.377+0000] {logging_mixin.py:149} INFO - [2025-10-21T01:14:10.376+0000] {dagbag.py:541} INFO - Filling up the DagBag from /home/airflow/.local/lib/python3.7/site-packages/airflow/example_dags/example_complex.py
[2025-10-21T01:14:10.397+0000] {processor.py:836} INFO - DAG(s) dict_keys(['example_complex']) retrieved from /home/airflow/.local/lib/python3.7/site-packages/airflow/example_dags/example_complex.py
[2025-10-21T01:14:10.470+0000] {logging_mixin.py:149} INFO - [2025-10-21T01:14:10.470+0000] {dag.py:2726} INFO - Sync 1 DAGs
[2025-10-21T01:14:10.528+0000] {logging_mixin.py:149} INFO - [2025-10-21T01:14:10.528+0000] {dag.py:3490} INFO - Setting next_dagrun for example_complex to None, run_after=None
[2025-10-21T01:14:10.578+0000] {processor.py:179} INFO - Processing /home/airflow/.local/lib/python3.7/site-packages/airflow/example_dags/example_complex.py took 0.213 seconds
[2025-10-21T01:14:40.789+0000] {processor.py:157} INFO - Started process (PID=3292) to work on /home/airflow/.local/lib/python3.7/site-packages/airflow/example_dags/example_complex.py
[2025-10-21T01:14:40.791+0000] {processor.py:826} INFO - Processing file /home/airflow/.local/lib/python3.7/site-packages/airflow/example_dags/example_complex.py for tasks to queue
[2025-10-21T01:14:40.794+0000] {logging_mixin.py:149} INFO - [2025-10-21T01:14:40.793+0000] {dagbag.py:541} INFO - Filling up the DagBag from /home/airflow/.local/lib/python3.7/site-packages/airflow/example_dags/example_complex.py
[2025-10-21T01:14:40.816+0000] {processor.py:836} INFO - DAG(s) dict_keys(['example_complex']) retrieved from /home/airflow/.local/lib/python3.7/site-packages/airflow/example_dags/example_complex.py
[2025-10-21T01:14:40.880+0000] {logging_mixin.py:149} INFO - [2025-10-21T01:14:40.879+0000] {dag.py:2726} INFO - Sync 1 DAGs
[2025-10-21T01:14:40.921+0000] {logging_mixin.py:149} INFO - [2025-10-21T01:14:40.921+0000] {dag.py:3490} INFO - Setting next_dagrun for example_complex to None, run_after=None
[2025-10-21T01:14:40.958+0000] {processor.py:179} INFO - Processing /home/airflow/.local/lib/python3.7/site-packages/airflow/example_dags/example_complex.py took 0.178 seconds
[2025-10-21T01:15:11.180+0000] {processor.py:157} INFO - Started process (PID=3358) to work on /home/airflow/.local/lib/python3.7/site-packages/airflow/example_dags/example_complex.py
[2025-10-21T01:15:11.182+0000] {processor.py:826} INFO - Processing file /home/airflow/.local/lib/python3.7/site-packages/airflow/example_dags/example_complex.py for tasks to queue
[2025-10-21T01:15:11.185+0000] {logging_mixin.py:149} INFO - [2025-10-21T01:15:11.184+0000] {dagbag.py:541} INFO - Filling up the DagBag from /home/airflow/.local/lib/python3.7/site-packages/airflow/example_dags/example_complex.py
[2025-10-21T01:15:11.213+0000] {processor.py:836} INFO - DAG(s) dict_keys(['example_complex']) retrieved from /home/airflow/.local/lib/python3.7/site-packages/airflow/example_dags/example_complex.py
[2025-10-21T01:15:11.292+0000] {logging_mixin.py:149} INFO - [2025-10-21T01:15:11.292+0000] {dag.py:2726} INFO - Sync 1 DAGs
[2025-10-21T01:15:11.341+0000] {logging_mixin.py:149} INFO - [2025-10-21T01:15:11.341+0000] {dag.py:3490} INFO - Setting next_dagrun for example_complex to None, run_after=None
[2025-10-21T01:15:11.383+0000] {processor.py:179} INFO - Processing /home/airflow/.local/lib/python3.7/site-packages/airflow/example_dags/example_complex.py took 0.210 seconds
[2025-10-21T01:15:41.808+0000] {processor.py:157} INFO - Started process (PID=3432) to work on /home/airflow/.local/lib/python3.7/site-packages/airflow/example_dags/example_complex.py
[2025-10-21T01:15:41.811+0000] {processor.py:826} INFO - Processing file /home/airflow/.local/lib/python3.7/site-packages/airflow/example_dags/example_complex.py for tasks to queue
[2025-10-21T01:15:41.814+0000] {logging_mixin.py:149} INFO - [2025-10-21T01:15:41.813+0000] {dagbag.py:541} INFO - Filling up the DagBag from /home/airflow/.local/lib/python3.7/site-packages/airflow/example_dags/example_complex.py
[2025-10-21T01:15:41.838+0000] {processor.py:836} INFO - DAG(s) dict_keys(['example_complex']) retrieved from /home/airflow/.local/lib/python3.7/site-packages/airflow/example_dags/example_complex.py
[2025-10-21T01:15:41.913+0000] {logging_mixin.py:149} INFO - [2025-10-21T01:15:41.912+0000] {dag.py:2726} INFO - Sync 1 DAGs
[2025-10-21T01:15:41.958+0000] {logging_mixin.py:149} INFO - [2025-10-21T01:15:41.958+0000] {dag.py:3490} INFO - Setting next_dagrun for example_complex to None, run_after=None
[2025-10-21T01:15:42.001+0000] {processor.py:179} INFO - Processing /home/airflow/.local/lib/python3.7/site-packages/airflow/example_dags/example_complex.py took 0.203 seconds
[2025-10-21T01:16:12.666+0000] {processor.py:157} INFO - Started process (PID=3498) to work on /home/airflow/.local/lib/python3.7/site-packages/airflow/example_dags/example_complex.py
[2025-10-21T01:16:12.668+0000] {processor.py:826} INFO - Processing file /home/airflow/.local/lib/python3.7/site-packages/airflow/example_dags/example_complex.py for tasks to queue
[2025-10-21T01:16:12.669+0000] {logging_mixin.py:149} INFO - [2025-10-21T01:16:12.669+0000] {dagbag.py:541} INFO - Filling up the DagBag from /home/airflow/.local/lib/python3.7/site-packages/airflow/example_dags/example_complex.py
[2025-10-21T01:16:12.696+0000] {processor.py:836} INFO - DAG(s) dict_keys(['example_complex']) retrieved from /home/airflow/.local/lib/python3.7/site-packages/airflow/example_dags/example_complex.py
[2025-10-21T01:16:12.770+0000] {logging_mixin.py:149} INFO - [2025-10-21T01:16:12.770+0000] {dag.py:2726} INFO - Sync 1 DAGs
[2025-10-21T01:16:12.817+0000] {logging_mixin.py:149} INFO - [2025-10-21T01:16:12.817+0000] {dag.py:3490} INFO - Setting next_dagrun for example_complex to None, run_after=None
[2025-10-21T01:16:12.858+0000] {processor.py:179} INFO - Processing /home/airflow/.local/lib/python3.7/site-packages/airflow/example_dags/example_complex.py took 0.199 seconds
[2025-10-21T01:16:42.976+0000] {processor.py:157} INFO - Started process (PID=3564) to work on /home/airflow/.local/lib/python3.7/site-packages/airflow/example_dags/example_complex.py
[2025-10-21T01:16:42.979+0000] {processor.py:826} INFO - Processing file /home/airflow/.local/lib/python3.7/site-packages/airflow/example_dags/example_complex.py for tasks to queue
[2025-10-21T01:16:42.989+0000] {logging_mixin.py:149} INFO - [2025-10-21T01:16:42.989+0000] {dagbag.py:541} INFO - Filling up the DagBag from /home/airflow/.local/lib/python3.7/site-packages/airflow/example_dags/example_complex.py
[2025-10-21T01:16:43.024+0000] {processor.py:836} INFO - DAG(s) dict_keys(['example_complex']) retrieved from /home/airflow/.local/lib/python3.7/site-packages/airflow/example_dags/example_complex.py
[2025-10-21T01:16:43.094+0000] {logging_mixin.py:149} INFO - [2025-10-21T01:16:43.093+0000] {dag.py:2726} INFO - Sync 1 DAGs
[2025-10-21T01:16:43.146+0000] {logging_mixin.py:149} INFO - [2025-10-21T01:16:43.146+0000] {dag.py:3490} INFO - Setting next_dagrun for example_complex to None, run_after=None
[2025-10-21T01:16:43.191+0000] {processor.py:179} INFO - Processing /home/airflow/.local/lib/python3.7/site-packages/airflow/example_dags/example_complex.py took 0.231 seconds
[2025-10-21T01:17:13.718+0000] {processor.py:157} INFO - Started process (PID=3630) to work on /home/airflow/.local/lib/python3.7/site-packages/airflow/example_dags/example_complex.py
[2025-10-21T01:17:13.719+0000] {processor.py:826} INFO - Processing file /home/airflow/.local/lib/python3.7/site-packages/airflow/example_dags/example_complex.py for tasks to queue
[2025-10-21T01:17:13.721+0000] {logging_mixin.py:149} INFO - [2025-10-21T01:17:13.721+0000] {dagbag.py:541} INFO - Filling up the DagBag from /home/airflow/.local/lib/python3.7/site-packages/airflow/example_dags/example_complex.py
[2025-10-21T01:17:13.743+0000] {processor.py:836} INFO - DAG(s) dict_keys(['example_complex']) retrieved from /home/airflow/.local/lib/python3.7/site-packages/airflow/example_dags/example_complex.py
[2025-10-21T01:17:13.814+0000] {logging_mixin.py:149} INFO - [2025-10-21T01:17:13.814+0000] {dag.py:2726} INFO - Sync 1 DAGs
[2025-10-21T01:17:13.868+0000] {logging_mixin.py:149} INFO - [2025-10-21T01:17:13.868+0000] {dag.py:3490} INFO - Setting next_dagrun for example_complex to None, run_after=None
[2025-10-21T01:17:13.912+0000] {processor.py:179} INFO - Processing /home/airflow/.local/lib/python3.7/site-packages/airflow/example_dags/example_complex.py took 0.200 seconds
