[2025-10-21T00:49:58.922+0000] {processor.py:157} INFO - Started process (PID=98) to work on /home/airflow/.local/lib/python3.7/site-packages/airflow/example_dags/example_dag_decorator.py
[2025-10-21T00:49:58.925+0000] {processor.py:826} INFO - Processing file /home/airflow/.local/lib/python3.7/site-packages/airflow/example_dags/example_dag_decorator.py for tasks to queue
[2025-10-21T00:49:58.928+0000] {logging_mixin.py:149} INFO - [2025-10-21T00:49:58.927+0000] {dagbag.py:541} INFO - Filling up the DagBag from /home/airflow/.local/lib/python3.7/site-packages/airflow/example_dags/example_dag_decorator.py
[2025-10-21T00:49:58.977+0000] {processor.py:836} INFO - DAG(s) dict_keys(['example_dag_decorator']) retrieved from /home/airflow/.local/lib/python3.7/site-packages/airflow/example_dags/example_dag_decorator.py
[2025-10-21T00:49:59.584+0000] {logging_mixin.py:149} INFO - [2025-10-21T00:49:59.583+0000] {dag.py:2726} INFO - Sync 1 DAGs
[2025-10-21T00:49:59.645+0000] {logging_mixin.py:149} INFO - [2025-10-21T00:49:59.644+0000] {dag.py:3490} INFO - Setting next_dagrun for example_dag_decorator to None, run_after=None
[2025-10-21T00:49:59.716+0000] {processor.py:179} INFO - Processing /home/airflow/.local/lib/python3.7/site-packages/airflow/example_dags/example_dag_decorator.py took 0.803 seconds
[2025-10-21T00:50:30.514+0000] {processor.py:157} INFO - Started process (PID=164) to work on /home/airflow/.local/lib/python3.7/site-packages/airflow/example_dags/example_dag_decorator.py
[2025-10-21T00:50:30.517+0000] {processor.py:826} INFO - Processing file /home/airflow/.local/lib/python3.7/site-packages/airflow/example_dags/example_dag_decorator.py for tasks to queue
[2025-10-21T00:50:30.519+0000] {logging_mixin.py:149} INFO - [2025-10-21T00:50:30.519+0000] {dagbag.py:541} INFO - Filling up the DagBag from /home/airflow/.local/lib/python3.7/site-packages/airflow/example_dags/example_dag_decorator.py
[2025-10-21T00:50:30.567+0000] {processor.py:836} INFO - DAG(s) dict_keys(['example_dag_decorator']) retrieved from /home/airflow/.local/lib/python3.7/site-packages/airflow/example_dags/example_dag_decorator.py
[2025-10-21T00:50:30.854+0000] {logging_mixin.py:149} INFO - [2025-10-21T00:50:30.854+0000] {dag.py:2726} INFO - Sync 1 DAGs
[2025-10-21T00:50:30.926+0000] {logging_mixin.py:149} INFO - [2025-10-21T00:50:30.926+0000] {dag.py:3490} INFO - Setting next_dagrun for example_dag_decorator to None, run_after=None
[2025-10-21T00:50:30.980+0000] {processor.py:179} INFO - Processing /home/airflow/.local/lib/python3.7/site-packages/airflow/example_dags/example_dag_decorator.py took 0.480 seconds
[2025-10-21T00:51:01.169+0000] {processor.py:157} INFO - Started process (PID=230) to work on /home/airflow/.local/lib/python3.7/site-packages/airflow/example_dags/example_dag_decorator.py
[2025-10-21T00:51:01.172+0000] {processor.py:826} INFO - Processing file /home/airflow/.local/lib/python3.7/site-packages/airflow/example_dags/example_dag_decorator.py for tasks to queue
[2025-10-21T00:51:01.174+0000] {logging_mixin.py:149} INFO - [2025-10-21T00:51:01.174+0000] {dagbag.py:541} INFO - Filling up the DagBag from /home/airflow/.local/lib/python3.7/site-packages/airflow/example_dags/example_dag_decorator.py
[2025-10-21T00:51:01.210+0000] {processor.py:836} INFO - DAG(s) dict_keys(['example_dag_decorator']) retrieved from /home/airflow/.local/lib/python3.7/site-packages/airflow/example_dags/example_dag_decorator.py
[2025-10-21T00:51:01.555+0000] {logging_mixin.py:149} INFO - [2025-10-21T00:51:01.554+0000] {dag.py:2726} INFO - Sync 1 DAGs
[2025-10-21T00:51:01.609+0000] {logging_mixin.py:149} INFO - [2025-10-21T00:51:01.608+0000] {dag.py:3490} INFO - Setting next_dagrun for example_dag_decorator to None, run_after=None
[2025-10-21T00:51:01.655+0000] {processor.py:179} INFO - Processing /home/airflow/.local/lib/python3.7/site-packages/airflow/example_dags/example_dag_decorator.py took 0.495 seconds
[2025-10-21T00:51:32.214+0000] {processor.py:157} INFO - Started process (PID=296) to work on /home/airflow/.local/lib/python3.7/site-packages/airflow/example_dags/example_dag_decorator.py
[2025-10-21T00:51:32.216+0000] {processor.py:826} INFO - Processing file /home/airflow/.local/lib/python3.7/site-packages/airflow/example_dags/example_dag_decorator.py for tasks to queue
[2025-10-21T00:51:32.218+0000] {logging_mixin.py:149} INFO - [2025-10-21T00:51:32.218+0000] {dagbag.py:541} INFO - Filling up the DagBag from /home/airflow/.local/lib/python3.7/site-packages/airflow/example_dags/example_dag_decorator.py
[2025-10-21T00:51:32.253+0000] {processor.py:836} INFO - DAG(s) dict_keys(['example_dag_decorator']) retrieved from /home/airflow/.local/lib/python3.7/site-packages/airflow/example_dags/example_dag_decorator.py
[2025-10-21T00:51:32.573+0000] {logging_mixin.py:149} INFO - [2025-10-21T00:51:32.572+0000] {dag.py:2726} INFO - Sync 1 DAGs
[2025-10-21T00:51:32.626+0000] {logging_mixin.py:149} INFO - [2025-10-21T00:51:32.626+0000] {dag.py:3490} INFO - Setting next_dagrun for example_dag_decorator to None, run_after=None
[2025-10-21T00:51:32.672+0000] {processor.py:179} INFO - Processing /home/airflow/.local/lib/python3.7/site-packages/airflow/example_dags/example_dag_decorator.py took 0.467 seconds
[2025-10-21T00:52:03.618+0000] {processor.py:157} INFO - Started process (PID=363) to work on /home/airflow/.local/lib/python3.7/site-packages/airflow/example_dags/example_dag_decorator.py
[2025-10-21T00:52:03.623+0000] {processor.py:826} INFO - Processing file /home/airflow/.local/lib/python3.7/site-packages/airflow/example_dags/example_dag_decorator.py for tasks to queue
[2025-10-21T00:52:03.627+0000] {logging_mixin.py:149} INFO - [2025-10-21T00:52:03.627+0000] {dagbag.py:541} INFO - Filling up the DagBag from /home/airflow/.local/lib/python3.7/site-packages/airflow/example_dags/example_dag_decorator.py
[2025-10-21T00:52:03.681+0000] {processor.py:836} INFO - DAG(s) dict_keys(['example_dag_decorator']) retrieved from /home/airflow/.local/lib/python3.7/site-packages/airflow/example_dags/example_dag_decorator.py
[2025-10-21T00:52:04.280+0000] {logging_mixin.py:149} INFO - [2025-10-21T00:52:04.279+0000] {dag.py:2726} INFO - Sync 1 DAGs
[2025-10-21T00:52:04.592+0000] {logging_mixin.py:149} INFO - [2025-10-21T00:52:04.591+0000] {dag.py:3490} INFO - Setting next_dagrun for example_dag_decorator to None, run_after=None
[2025-10-21T00:52:04.786+0000] {processor.py:179} INFO - Processing /home/airflow/.local/lib/python3.7/site-packages/airflow/example_dags/example_dag_decorator.py took 1.182 seconds
[2025-10-21T00:52:34.944+0000] {processor.py:157} INFO - Started process (PID=436) to work on /home/airflow/.local/lib/python3.7/site-packages/airflow/example_dags/example_dag_decorator.py
[2025-10-21T00:52:34.946+0000] {processor.py:826} INFO - Processing file /home/airflow/.local/lib/python3.7/site-packages/airflow/example_dags/example_dag_decorator.py for tasks to queue
[2025-10-21T00:52:34.948+0000] {logging_mixin.py:149} INFO - [2025-10-21T00:52:34.948+0000] {dagbag.py:541} INFO - Filling up the DagBag from /home/airflow/.local/lib/python3.7/site-packages/airflow/example_dags/example_dag_decorator.py
[2025-10-21T00:52:34.974+0000] {processor.py:836} INFO - DAG(s) dict_keys(['example_dag_decorator']) retrieved from /home/airflow/.local/lib/python3.7/site-packages/airflow/example_dags/example_dag_decorator.py
[2025-10-21T00:52:35.225+0000] {logging_mixin.py:149} INFO - [2025-10-21T00:52:35.225+0000] {dag.py:2726} INFO - Sync 1 DAGs
[2025-10-21T00:52:35.276+0000] {logging_mixin.py:149} INFO - [2025-10-21T00:52:35.276+0000] {dag.py:3490} INFO - Setting next_dagrun for example_dag_decorator to None, run_after=None
[2025-10-21T00:52:35.324+0000] {processor.py:179} INFO - Processing /home/airflow/.local/lib/python3.7/site-packages/airflow/example_dags/example_dag_decorator.py took 0.390 seconds
[2025-10-21T00:53:06.005+0000] {processor.py:157} INFO - Started process (PID=503) to work on /home/airflow/.local/lib/python3.7/site-packages/airflow/example_dags/example_dag_decorator.py
[2025-10-21T00:53:06.007+0000] {processor.py:826} INFO - Processing file /home/airflow/.local/lib/python3.7/site-packages/airflow/example_dags/example_dag_decorator.py for tasks to queue
[2025-10-21T00:53:06.009+0000] {logging_mixin.py:149} INFO - [2025-10-21T00:53:06.009+0000] {dagbag.py:541} INFO - Filling up the DagBag from /home/airflow/.local/lib/python3.7/site-packages/airflow/example_dags/example_dag_decorator.py
[2025-10-21T00:53:06.039+0000] {processor.py:836} INFO - DAG(s) dict_keys(['example_dag_decorator']) retrieved from /home/airflow/.local/lib/python3.7/site-packages/airflow/example_dags/example_dag_decorator.py
[2025-10-21T00:53:06.296+0000] {logging_mixin.py:149} INFO - [2025-10-21T00:53:06.295+0000] {dag.py:2726} INFO - Sync 1 DAGs
[2025-10-21T00:53:06.358+0000] {logging_mixin.py:149} INFO - [2025-10-21T00:53:06.358+0000] {dag.py:3490} INFO - Setting next_dagrun for example_dag_decorator to None, run_after=None
[2025-10-21T00:53:06.431+0000] {processor.py:179} INFO - Processing /home/airflow/.local/lib/python3.7/site-packages/airflow/example_dags/example_dag_decorator.py took 0.433 seconds
[2025-10-21T00:53:37.305+0000] {processor.py:157} INFO - Started process (PID=570) to work on /home/airflow/.local/lib/python3.7/site-packages/airflow/example_dags/example_dag_decorator.py
[2025-10-21T00:53:37.307+0000] {processor.py:826} INFO - Processing file /home/airflow/.local/lib/python3.7/site-packages/airflow/example_dags/example_dag_decorator.py for tasks to queue
[2025-10-21T00:53:37.309+0000] {logging_mixin.py:149} INFO - [2025-10-21T00:53:37.309+0000] {dagbag.py:541} INFO - Filling up the DagBag from /home/airflow/.local/lib/python3.7/site-packages/airflow/example_dags/example_dag_decorator.py
[2025-10-21T00:53:37.341+0000] {processor.py:836} INFO - DAG(s) dict_keys(['example_dag_decorator']) retrieved from /home/airflow/.local/lib/python3.7/site-packages/airflow/example_dags/example_dag_decorator.py
[2025-10-21T00:53:37.583+0000] {logging_mixin.py:149} INFO - [2025-10-21T00:53:37.583+0000] {dag.py:2726} INFO - Sync 1 DAGs
[2025-10-21T00:53:37.629+0000] {logging_mixin.py:149} INFO - [2025-10-21T00:53:37.629+0000] {dag.py:3490} INFO - Setting next_dagrun for example_dag_decorator to None, run_after=None
[2025-10-21T00:53:37.682+0000] {processor.py:179} INFO - Processing /home/airflow/.local/lib/python3.7/site-packages/airflow/example_dags/example_dag_decorator.py took 0.385 seconds
[2025-10-21T00:54:07.803+0000] {processor.py:157} INFO - Started process (PID=635) to work on /home/airflow/.local/lib/python3.7/site-packages/airflow/example_dags/example_dag_decorator.py
[2025-10-21T00:54:07.805+0000] {processor.py:826} INFO - Processing file /home/airflow/.local/lib/python3.7/site-packages/airflow/example_dags/example_dag_decorator.py for tasks to queue
[2025-10-21T00:54:07.806+0000] {logging_mixin.py:149} INFO - [2025-10-21T00:54:07.806+0000] {dagbag.py:541} INFO - Filling up the DagBag from /home/airflow/.local/lib/python3.7/site-packages/airflow/example_dags/example_dag_decorator.py
[2025-10-21T00:54:07.828+0000] {processor.py:836} INFO - DAG(s) dict_keys(['example_dag_decorator']) retrieved from /home/airflow/.local/lib/python3.7/site-packages/airflow/example_dags/example_dag_decorator.py
[2025-10-21T00:54:08.030+0000] {logging_mixin.py:149} INFO - [2025-10-21T00:54:08.030+0000] {dag.py:2726} INFO - Sync 1 DAGs
[2025-10-21T00:54:08.074+0000] {logging_mixin.py:149} INFO - [2025-10-21T00:54:08.074+0000] {dag.py:3490} INFO - Setting next_dagrun for example_dag_decorator to None, run_after=None
[2025-10-21T00:54:08.114+0000] {processor.py:179} INFO - Processing /home/airflow/.local/lib/python3.7/site-packages/airflow/example_dags/example_dag_decorator.py took 0.317 seconds
[2025-10-21T00:54:39.098+0000] {processor.py:157} INFO - Started process (PID=702) to work on /home/airflow/.local/lib/python3.7/site-packages/airflow/example_dags/example_dag_decorator.py
[2025-10-21T00:54:39.102+0000] {processor.py:826} INFO - Processing file /home/airflow/.local/lib/python3.7/site-packages/airflow/example_dags/example_dag_decorator.py for tasks to queue
[2025-10-21T00:54:39.106+0000] {logging_mixin.py:149} INFO - [2025-10-21T00:54:39.106+0000] {dagbag.py:541} INFO - Filling up the DagBag from /home/airflow/.local/lib/python3.7/site-packages/airflow/example_dags/example_dag_decorator.py
[2025-10-21T00:54:39.133+0000] {processor.py:836} INFO - DAG(s) dict_keys(['example_dag_decorator']) retrieved from /home/airflow/.local/lib/python3.7/site-packages/airflow/example_dags/example_dag_decorator.py
[2025-10-21T00:54:39.363+0000] {logging_mixin.py:149} INFO - [2025-10-21T00:54:39.362+0000] {dag.py:2726} INFO - Sync 1 DAGs
[2025-10-21T00:54:39.408+0000] {logging_mixin.py:149} INFO - [2025-10-21T00:54:39.407+0000] {dag.py:3490} INFO - Setting next_dagrun for example_dag_decorator to None, run_after=None
[2025-10-21T00:54:39.451+0000] {processor.py:179} INFO - Processing /home/airflow/.local/lib/python3.7/site-packages/airflow/example_dags/example_dag_decorator.py took 0.361 seconds
[2025-10-21T00:55:09.804+0000] {processor.py:157} INFO - Started process (PID=768) to work on /home/airflow/.local/lib/python3.7/site-packages/airflow/example_dags/example_dag_decorator.py
[2025-10-21T00:55:09.806+0000] {processor.py:826} INFO - Processing file /home/airflow/.local/lib/python3.7/site-packages/airflow/example_dags/example_dag_decorator.py for tasks to queue
[2025-10-21T00:55:09.808+0000] {logging_mixin.py:149} INFO - [2025-10-21T00:55:09.808+0000] {dagbag.py:541} INFO - Filling up the DagBag from /home/airflow/.local/lib/python3.7/site-packages/airflow/example_dags/example_dag_decorator.py
[2025-10-21T00:55:09.841+0000] {processor.py:836} INFO - DAG(s) dict_keys(['example_dag_decorator']) retrieved from /home/airflow/.local/lib/python3.7/site-packages/airflow/example_dags/example_dag_decorator.py
[2025-10-21T00:55:10.166+0000] {logging_mixin.py:149} INFO - [2025-10-21T00:55:10.166+0000] {dag.py:2726} INFO - Sync 1 DAGs
[2025-10-21T00:55:10.234+0000] {logging_mixin.py:149} INFO - [2025-10-21T00:55:10.233+0000] {dag.py:3490} INFO - Setting next_dagrun for example_dag_decorator to None, run_after=None
[2025-10-21T00:55:10.292+0000] {processor.py:179} INFO - Processing /home/airflow/.local/lib/python3.7/site-packages/airflow/example_dags/example_dag_decorator.py took 0.494 seconds
[2025-10-21T00:55:40.475+0000] {processor.py:157} INFO - Started process (PID=833) to work on /home/airflow/.local/lib/python3.7/site-packages/airflow/example_dags/example_dag_decorator.py
[2025-10-21T00:55:40.478+0000] {processor.py:826} INFO - Processing file /home/airflow/.local/lib/python3.7/site-packages/airflow/example_dags/example_dag_decorator.py for tasks to queue
[2025-10-21T00:55:40.481+0000] {logging_mixin.py:149} INFO - [2025-10-21T00:55:40.480+0000] {dagbag.py:541} INFO - Filling up the DagBag from /home/airflow/.local/lib/python3.7/site-packages/airflow/example_dags/example_dag_decorator.py
[2025-10-21T00:55:40.513+0000] {processor.py:836} INFO - DAG(s) dict_keys(['example_dag_decorator']) retrieved from /home/airflow/.local/lib/python3.7/site-packages/airflow/example_dags/example_dag_decorator.py
[2025-10-21T00:55:40.829+0000] {logging_mixin.py:149} INFO - [2025-10-21T00:55:40.829+0000] {dag.py:2726} INFO - Sync 1 DAGs
[2025-10-21T00:55:40.899+0000] {logging_mixin.py:149} INFO - [2025-10-21T00:55:40.899+0000] {dag.py:3490} INFO - Setting next_dagrun for example_dag_decorator to None, run_after=None
[2025-10-21T00:55:40.952+0000] {processor.py:179} INFO - Processing /home/airflow/.local/lib/python3.7/site-packages/airflow/example_dags/example_dag_decorator.py took 0.486 seconds
[2025-10-21T00:56:11.189+0000] {processor.py:157} INFO - Started process (PID=899) to work on /home/airflow/.local/lib/python3.7/site-packages/airflow/example_dags/example_dag_decorator.py
[2025-10-21T00:56:11.192+0000] {processor.py:826} INFO - Processing file /home/airflow/.local/lib/python3.7/site-packages/airflow/example_dags/example_dag_decorator.py for tasks to queue
[2025-10-21T00:56:11.194+0000] {logging_mixin.py:149} INFO - [2025-10-21T00:56:11.194+0000] {dagbag.py:541} INFO - Filling up the DagBag from /home/airflow/.local/lib/python3.7/site-packages/airflow/example_dags/example_dag_decorator.py
[2025-10-21T00:56:11.222+0000] {processor.py:836} INFO - DAG(s) dict_keys(['example_dag_decorator']) retrieved from /home/airflow/.local/lib/python3.7/site-packages/airflow/example_dags/example_dag_decorator.py
[2025-10-21T00:56:11.426+0000] {logging_mixin.py:149} INFO - [2025-10-21T00:56:11.426+0000] {dag.py:2726} INFO - Sync 1 DAGs
[2025-10-21T00:56:11.471+0000] {logging_mixin.py:149} INFO - [2025-10-21T00:56:11.470+0000] {dag.py:3490} INFO - Setting next_dagrun for example_dag_decorator to None, run_after=None
[2025-10-21T00:56:11.511+0000] {processor.py:179} INFO - Processing /home/airflow/.local/lib/python3.7/site-packages/airflow/example_dags/example_dag_decorator.py took 0.329 seconds
[2025-10-21T00:56:42.189+0000] {processor.py:157} INFO - Started process (PID=966) to work on /home/airflow/.local/lib/python3.7/site-packages/airflow/example_dags/example_dag_decorator.py
[2025-10-21T00:56:42.191+0000] {processor.py:826} INFO - Processing file /home/airflow/.local/lib/python3.7/site-packages/airflow/example_dags/example_dag_decorator.py for tasks to queue
[2025-10-21T00:56:42.194+0000] {logging_mixin.py:149} INFO - [2025-10-21T00:56:42.193+0000] {dagbag.py:541} INFO - Filling up the DagBag from /home/airflow/.local/lib/python3.7/site-packages/airflow/example_dags/example_dag_decorator.py
[2025-10-21T00:56:42.229+0000] {processor.py:836} INFO - DAG(s) dict_keys(['example_dag_decorator']) retrieved from /home/airflow/.local/lib/python3.7/site-packages/airflow/example_dags/example_dag_decorator.py
[2025-10-21T00:56:42.541+0000] {logging_mixin.py:149} INFO - [2025-10-21T00:56:42.541+0000] {dag.py:2726} INFO - Sync 1 DAGs
[2025-10-21T00:56:42.591+0000] {logging_mixin.py:149} INFO - [2025-10-21T00:56:42.590+0000] {dag.py:3490} INFO - Setting next_dagrun for example_dag_decorator to None, run_after=None
[2025-10-21T00:56:42.640+0000] {processor.py:179} INFO - Processing /home/airflow/.local/lib/python3.7/site-packages/airflow/example_dags/example_dag_decorator.py took 0.457 seconds
[2025-10-21T00:57:12.799+0000] {processor.py:157} INFO - Started process (PID=1033) to work on /home/airflow/.local/lib/python3.7/site-packages/airflow/example_dags/example_dag_decorator.py
[2025-10-21T00:57:12.809+0000] {processor.py:826} INFO - Processing file /home/airflow/.local/lib/python3.7/site-packages/airflow/example_dags/example_dag_decorator.py for tasks to queue
[2025-10-21T00:57:12.813+0000] {logging_mixin.py:149} INFO - [2025-10-21T00:57:12.812+0000] {dagbag.py:541} INFO - Filling up the DagBag from /home/airflow/.local/lib/python3.7/site-packages/airflow/example_dags/example_dag_decorator.py
[2025-10-21T00:57:12.855+0000] {processor.py:836} INFO - DAG(s) dict_keys(['example_dag_decorator']) retrieved from /home/airflow/.local/lib/python3.7/site-packages/airflow/example_dags/example_dag_decorator.py
[2025-10-21T00:57:13.159+0000] {logging_mixin.py:149} INFO - [2025-10-21T00:57:13.159+0000] {dag.py:2726} INFO - Sync 1 DAGs
[2025-10-21T00:57:13.235+0000] {logging_mixin.py:149} INFO - [2025-10-21T00:57:13.234+0000] {dag.py:3490} INFO - Setting next_dagrun for example_dag_decorator to None, run_after=None
[2025-10-21T00:57:13.291+0000] {processor.py:179} INFO - Processing /home/airflow/.local/lib/python3.7/site-packages/airflow/example_dags/example_dag_decorator.py took 0.500 seconds
[2025-10-21T00:57:43.614+0000] {processor.py:157} INFO - Started process (PID=1098) to work on /home/airflow/.local/lib/python3.7/site-packages/airflow/example_dags/example_dag_decorator.py
[2025-10-21T00:57:43.616+0000] {processor.py:826} INFO - Processing file /home/airflow/.local/lib/python3.7/site-packages/airflow/example_dags/example_dag_decorator.py for tasks to queue
[2025-10-21T00:57:43.618+0000] {logging_mixin.py:149} INFO - [2025-10-21T00:57:43.618+0000] {dagbag.py:541} INFO - Filling up the DagBag from /home/airflow/.local/lib/python3.7/site-packages/airflow/example_dags/example_dag_decorator.py
[2025-10-21T00:57:43.641+0000] {processor.py:836} INFO - DAG(s) dict_keys(['example_dag_decorator']) retrieved from /home/airflow/.local/lib/python3.7/site-packages/airflow/example_dags/example_dag_decorator.py
[2025-10-21T00:57:43.880+0000] {logging_mixin.py:149} INFO - [2025-10-21T00:57:43.880+0000] {dag.py:2726} INFO - Sync 1 DAGs
[2025-10-21T00:57:43.923+0000] {logging_mixin.py:149} INFO - [2025-10-21T00:57:43.923+0000] {dag.py:3490} INFO - Setting next_dagrun for example_dag_decorator to None, run_after=None
[2025-10-21T00:57:43.967+0000] {processor.py:179} INFO - Processing /home/airflow/.local/lib/python3.7/site-packages/airflow/example_dags/example_dag_decorator.py took 0.358 seconds
[2025-10-21T00:58:14.087+0000] {processor.py:157} INFO - Started process (PID=1165) to work on /home/airflow/.local/lib/python3.7/site-packages/airflow/example_dags/example_dag_decorator.py
[2025-10-21T00:58:14.089+0000] {processor.py:826} INFO - Processing file /home/airflow/.local/lib/python3.7/site-packages/airflow/example_dags/example_dag_decorator.py for tasks to queue
[2025-10-21T00:58:14.091+0000] {logging_mixin.py:149} INFO - [2025-10-21T00:58:14.091+0000] {dagbag.py:541} INFO - Filling up the DagBag from /home/airflow/.local/lib/python3.7/site-packages/airflow/example_dags/example_dag_decorator.py
[2025-10-21T00:58:14.123+0000] {processor.py:836} INFO - DAG(s) dict_keys(['example_dag_decorator']) retrieved from /home/airflow/.local/lib/python3.7/site-packages/airflow/example_dags/example_dag_decorator.py
[2025-10-21T00:58:14.369+0000] {logging_mixin.py:149} INFO - [2025-10-21T00:58:14.369+0000] {dag.py:2726} INFO - Sync 1 DAGs
[2025-10-21T00:58:14.435+0000] {logging_mixin.py:149} INFO - [2025-10-21T00:58:14.435+0000] {dag.py:3490} INFO - Setting next_dagrun for example_dag_decorator to None, run_after=None
[2025-10-21T00:58:14.500+0000] {processor.py:179} INFO - Processing /home/airflow/.local/lib/python3.7/site-packages/airflow/example_dags/example_dag_decorator.py took 0.419 seconds
[2025-10-21T00:58:44.869+0000] {processor.py:157} INFO - Started process (PID=1233) to work on /home/airflow/.local/lib/python3.7/site-packages/airflow/example_dags/example_dag_decorator.py
[2025-10-21T00:58:44.872+0000] {processor.py:826} INFO - Processing file /home/airflow/.local/lib/python3.7/site-packages/airflow/example_dags/example_dag_decorator.py for tasks to queue
[2025-10-21T00:58:44.875+0000] {logging_mixin.py:149} INFO - [2025-10-21T00:58:44.874+0000] {dagbag.py:541} INFO - Filling up the DagBag from /home/airflow/.local/lib/python3.7/site-packages/airflow/example_dags/example_dag_decorator.py
[2025-10-21T00:58:44.916+0000] {processor.py:836} INFO - DAG(s) dict_keys(['example_dag_decorator']) retrieved from /home/airflow/.local/lib/python3.7/site-packages/airflow/example_dags/example_dag_decorator.py
[2025-10-21T00:58:45.146+0000] {logging_mixin.py:149} INFO - [2025-10-21T00:58:45.146+0000] {dag.py:2726} INFO - Sync 1 DAGs
[2025-10-21T00:58:45.192+0000] {logging_mixin.py:149} INFO - [2025-10-21T00:58:45.192+0000] {dag.py:3490} INFO - Setting next_dagrun for example_dag_decorator to None, run_after=None
[2025-10-21T00:58:45.232+0000] {processor.py:179} INFO - Processing /home/airflow/.local/lib/python3.7/site-packages/airflow/example_dags/example_dag_decorator.py took 0.376 seconds
[2025-10-21T00:59:16.039+0000] {processor.py:157} INFO - Started process (PID=1300) to work on /home/airflow/.local/lib/python3.7/site-packages/airflow/example_dags/example_dag_decorator.py
[2025-10-21T00:59:16.041+0000] {processor.py:826} INFO - Processing file /home/airflow/.local/lib/python3.7/site-packages/airflow/example_dags/example_dag_decorator.py for tasks to queue
[2025-10-21T00:59:16.043+0000] {logging_mixin.py:149} INFO - [2025-10-21T00:59:16.042+0000] {dagbag.py:541} INFO - Filling up the DagBag from /home/airflow/.local/lib/python3.7/site-packages/airflow/example_dags/example_dag_decorator.py
[2025-10-21T00:59:16.068+0000] {processor.py:836} INFO - DAG(s) dict_keys(['example_dag_decorator']) retrieved from /home/airflow/.local/lib/python3.7/site-packages/airflow/example_dags/example_dag_decorator.py
[2025-10-21T00:59:16.344+0000] {logging_mixin.py:149} INFO - [2025-10-21T00:59:16.344+0000] {dag.py:2726} INFO - Sync 1 DAGs
[2025-10-21T00:59:16.388+0000] {logging_mixin.py:149} INFO - [2025-10-21T00:59:16.388+0000] {dag.py:3490} INFO - Setting next_dagrun for example_dag_decorator to None, run_after=None
[2025-10-21T00:59:16.433+0000] {processor.py:179} INFO - Processing /home/airflow/.local/lib/python3.7/site-packages/airflow/example_dags/example_dag_decorator.py took 0.401 seconds
[2025-10-21T00:59:46.567+0000] {processor.py:157} INFO - Started process (PID=1366) to work on /home/airflow/.local/lib/python3.7/site-packages/airflow/example_dags/example_dag_decorator.py
[2025-10-21T00:59:46.569+0000] {processor.py:826} INFO - Processing file /home/airflow/.local/lib/python3.7/site-packages/airflow/example_dags/example_dag_decorator.py for tasks to queue
[2025-10-21T00:59:46.571+0000] {logging_mixin.py:149} INFO - [2025-10-21T00:59:46.571+0000] {dagbag.py:541} INFO - Filling up the DagBag from /home/airflow/.local/lib/python3.7/site-packages/airflow/example_dags/example_dag_decorator.py
[2025-10-21T00:59:46.602+0000] {processor.py:836} INFO - DAG(s) dict_keys(['example_dag_decorator']) retrieved from /home/airflow/.local/lib/python3.7/site-packages/airflow/example_dags/example_dag_decorator.py
[2025-10-21T00:59:46.864+0000] {logging_mixin.py:149} INFO - [2025-10-21T00:59:46.863+0000] {dag.py:2726} INFO - Sync 1 DAGs
[2025-10-21T00:59:46.906+0000] {logging_mixin.py:149} INFO - [2025-10-21T00:59:46.906+0000] {dag.py:3490} INFO - Setting next_dagrun for example_dag_decorator to None, run_after=None
[2025-10-21T00:59:46.949+0000] {processor.py:179} INFO - Processing /home/airflow/.local/lib/python3.7/site-packages/airflow/example_dags/example_dag_decorator.py took 0.388 seconds
[2025-10-21T01:00:17.247+0000] {processor.py:157} INFO - Started process (PID=1432) to work on /home/airflow/.local/lib/python3.7/site-packages/airflow/example_dags/example_dag_decorator.py
[2025-10-21T01:00:17.250+0000] {processor.py:826} INFO - Processing file /home/airflow/.local/lib/python3.7/site-packages/airflow/example_dags/example_dag_decorator.py for tasks to queue
[2025-10-21T01:00:17.252+0000] {logging_mixin.py:149} INFO - [2025-10-21T01:00:17.251+0000] {dagbag.py:541} INFO - Filling up the DagBag from /home/airflow/.local/lib/python3.7/site-packages/airflow/example_dags/example_dag_decorator.py
[2025-10-21T01:00:17.282+0000] {processor.py:836} INFO - DAG(s) dict_keys(['example_dag_decorator']) retrieved from /home/airflow/.local/lib/python3.7/site-packages/airflow/example_dags/example_dag_decorator.py
[2025-10-21T01:00:17.576+0000] {logging_mixin.py:149} INFO - [2025-10-21T01:00:17.575+0000] {dag.py:2726} INFO - Sync 1 DAGs
[2025-10-21T01:00:17.630+0000] {logging_mixin.py:149} INFO - [2025-10-21T01:00:17.630+0000] {dag.py:3490} INFO - Setting next_dagrun for example_dag_decorator to None, run_after=None
[2025-10-21T01:00:17.682+0000] {processor.py:179} INFO - Processing /home/airflow/.local/lib/python3.7/site-packages/airflow/example_dags/example_dag_decorator.py took 0.441 seconds
[2025-10-21T01:00:47.883+0000] {processor.py:157} INFO - Started process (PID=1498) to work on /home/airflow/.local/lib/python3.7/site-packages/airflow/example_dags/example_dag_decorator.py
[2025-10-21T01:00:47.885+0000] {processor.py:826} INFO - Processing file /home/airflow/.local/lib/python3.7/site-packages/airflow/example_dags/example_dag_decorator.py for tasks to queue
[2025-10-21T01:00:47.887+0000] {logging_mixin.py:149} INFO - [2025-10-21T01:00:47.887+0000] {dagbag.py:541} INFO - Filling up the DagBag from /home/airflow/.local/lib/python3.7/site-packages/airflow/example_dags/example_dag_decorator.py
[2025-10-21T01:00:47.912+0000] {processor.py:836} INFO - DAG(s) dict_keys(['example_dag_decorator']) retrieved from /home/airflow/.local/lib/python3.7/site-packages/airflow/example_dags/example_dag_decorator.py
[2025-10-21T01:00:48.128+0000] {logging_mixin.py:149} INFO - [2025-10-21T01:00:48.128+0000] {dag.py:2726} INFO - Sync 1 DAGs
[2025-10-21T01:00:48.172+0000] {logging_mixin.py:149} INFO - [2025-10-21T01:00:48.171+0000] {dag.py:3490} INFO - Setting next_dagrun for example_dag_decorator to None, run_after=None
[2025-10-21T01:00:48.214+0000] {processor.py:179} INFO - Processing /home/airflow/.local/lib/python3.7/site-packages/airflow/example_dags/example_dag_decorator.py took 0.338 seconds
[2025-10-21T01:01:18.703+0000] {processor.py:157} INFO - Started process (PID=1564) to work on /home/airflow/.local/lib/python3.7/site-packages/airflow/example_dags/example_dag_decorator.py
[2025-10-21T01:01:18.706+0000] {processor.py:826} INFO - Processing file /home/airflow/.local/lib/python3.7/site-packages/airflow/example_dags/example_dag_decorator.py for tasks to queue
[2025-10-21T01:01:18.708+0000] {logging_mixin.py:149} INFO - [2025-10-21T01:01:18.708+0000] {dagbag.py:541} INFO - Filling up the DagBag from /home/airflow/.local/lib/python3.7/site-packages/airflow/example_dags/example_dag_decorator.py
[2025-10-21T01:01:18.740+0000] {processor.py:836} INFO - DAG(s) dict_keys(['example_dag_decorator']) retrieved from /home/airflow/.local/lib/python3.7/site-packages/airflow/example_dags/example_dag_decorator.py
[2025-10-21T01:01:19.022+0000] {logging_mixin.py:149} INFO - [2025-10-21T01:01:19.022+0000] {dag.py:2726} INFO - Sync 1 DAGs
[2025-10-21T01:01:19.069+0000] {logging_mixin.py:149} INFO - [2025-10-21T01:01:19.069+0000] {dag.py:3490} INFO - Setting next_dagrun for example_dag_decorator to None, run_after=None
[2025-10-21T01:01:19.114+0000] {processor.py:179} INFO - Processing /home/airflow/.local/lib/python3.7/site-packages/airflow/example_dags/example_dag_decorator.py took 0.419 seconds
[2025-10-21T01:01:49.851+0000] {processor.py:157} INFO - Started process (PID=1630) to work on /home/airflow/.local/lib/python3.7/site-packages/airflow/example_dags/example_dag_decorator.py
[2025-10-21T01:01:49.853+0000] {processor.py:826} INFO - Processing file /home/airflow/.local/lib/python3.7/site-packages/airflow/example_dags/example_dag_decorator.py for tasks to queue
[2025-10-21T01:01:49.855+0000] {logging_mixin.py:149} INFO - [2025-10-21T01:01:49.855+0000] {dagbag.py:541} INFO - Filling up the DagBag from /home/airflow/.local/lib/python3.7/site-packages/airflow/example_dags/example_dag_decorator.py
[2025-10-21T01:01:49.882+0000] {processor.py:836} INFO - DAG(s) dict_keys(['example_dag_decorator']) retrieved from /home/airflow/.local/lib/python3.7/site-packages/airflow/example_dags/example_dag_decorator.py
[2025-10-21T01:01:50.161+0000] {logging_mixin.py:149} INFO - [2025-10-21T01:01:50.161+0000] {dag.py:2726} INFO - Sync 1 DAGs
[2025-10-21T01:01:50.212+0000] {logging_mixin.py:149} INFO - [2025-10-21T01:01:50.211+0000] {dag.py:3490} INFO - Setting next_dagrun for example_dag_decorator to None, run_after=None
[2025-10-21T01:01:50.258+0000] {processor.py:179} INFO - Processing /home/airflow/.local/lib/python3.7/site-packages/airflow/example_dags/example_dag_decorator.py took 0.415 seconds
[2025-10-21T01:02:20.493+0000] {processor.py:157} INFO - Started process (PID=1697) to work on /home/airflow/.local/lib/python3.7/site-packages/airflow/example_dags/example_dag_decorator.py
[2025-10-21T01:02:20.495+0000] {processor.py:826} INFO - Processing file /home/airflow/.local/lib/python3.7/site-packages/airflow/example_dags/example_dag_decorator.py for tasks to queue
[2025-10-21T01:02:20.498+0000] {logging_mixin.py:149} INFO - [2025-10-21T01:02:20.498+0000] {dagbag.py:541} INFO - Filling up the DagBag from /home/airflow/.local/lib/python3.7/site-packages/airflow/example_dags/example_dag_decorator.py
[2025-10-21T01:02:20.536+0000] {processor.py:836} INFO - DAG(s) dict_keys(['example_dag_decorator']) retrieved from /home/airflow/.local/lib/python3.7/site-packages/airflow/example_dags/example_dag_decorator.py
[2025-10-21T01:02:20.799+0000] {logging_mixin.py:149} INFO - [2025-10-21T01:02:20.799+0000] {dag.py:2726} INFO - Sync 1 DAGs
[2025-10-21T01:02:20.853+0000] {logging_mixin.py:149} INFO - [2025-10-21T01:02:20.853+0000] {dag.py:3490} INFO - Setting next_dagrun for example_dag_decorator to None, run_after=None
[2025-10-21T01:02:20.906+0000] {processor.py:179} INFO - Processing /home/airflow/.local/lib/python3.7/site-packages/airflow/example_dags/example_dag_decorator.py took 0.425 seconds
[2025-10-21T01:02:51.130+0000] {processor.py:157} INFO - Started process (PID=1764) to work on /home/airflow/.local/lib/python3.7/site-packages/airflow/example_dags/example_dag_decorator.py
[2025-10-21T01:02:51.133+0000] {processor.py:826} INFO - Processing file /home/airflow/.local/lib/python3.7/site-packages/airflow/example_dags/example_dag_decorator.py for tasks to queue
[2025-10-21T01:02:51.135+0000] {logging_mixin.py:149} INFO - [2025-10-21T01:02:51.134+0000] {dagbag.py:541} INFO - Filling up the DagBag from /home/airflow/.local/lib/python3.7/site-packages/airflow/example_dags/example_dag_decorator.py
[2025-10-21T01:02:51.162+0000] {processor.py:836} INFO - DAG(s) dict_keys(['example_dag_decorator']) retrieved from /home/airflow/.local/lib/python3.7/site-packages/airflow/example_dags/example_dag_decorator.py
[2025-10-21T01:02:51.448+0000] {logging_mixin.py:149} INFO - [2025-10-21T01:02:51.448+0000] {dag.py:2726} INFO - Sync 1 DAGs
[2025-10-21T01:02:51.498+0000] {logging_mixin.py:149} INFO - [2025-10-21T01:02:51.497+0000] {dag.py:3490} INFO - Setting next_dagrun for example_dag_decorator to None, run_after=None
[2025-10-21T01:02:51.542+0000] {processor.py:179} INFO - Processing /home/airflow/.local/lib/python3.7/site-packages/airflow/example_dags/example_dag_decorator.py took 0.417 seconds
[2025-10-21T01:03:21.629+0000] {processor.py:157} INFO - Started process (PID=1832) to work on /home/airflow/.local/lib/python3.7/site-packages/airflow/example_dags/example_dag_decorator.py
[2025-10-21T01:03:21.631+0000] {processor.py:826} INFO - Processing file /home/airflow/.local/lib/python3.7/site-packages/airflow/example_dags/example_dag_decorator.py for tasks to queue
[2025-10-21T01:03:21.633+0000] {logging_mixin.py:149} INFO - [2025-10-21T01:03:21.633+0000] {dagbag.py:541} INFO - Filling up the DagBag from /home/airflow/.local/lib/python3.7/site-packages/airflow/example_dags/example_dag_decorator.py
[2025-10-21T01:03:21.655+0000] {processor.py:836} INFO - DAG(s) dict_keys(['example_dag_decorator']) retrieved from /home/airflow/.local/lib/python3.7/site-packages/airflow/example_dags/example_dag_decorator.py
[2025-10-21T01:03:21.872+0000] {logging_mixin.py:149} INFO - [2025-10-21T01:03:21.872+0000] {dag.py:2726} INFO - Sync 1 DAGs
[2025-10-21T01:03:21.914+0000] {logging_mixin.py:149} INFO - [2025-10-21T01:03:21.913+0000] {dag.py:3490} INFO - Setting next_dagrun for example_dag_decorator to None, run_after=None
[2025-10-21T01:03:21.957+0000] {processor.py:179} INFO - Processing /home/airflow/.local/lib/python3.7/site-packages/airflow/example_dags/example_dag_decorator.py took 0.334 seconds
[2025-10-21T01:03:52.062+0000] {processor.py:157} INFO - Started process (PID=1898) to work on /home/airflow/.local/lib/python3.7/site-packages/airflow/example_dags/example_dag_decorator.py
[2025-10-21T01:03:52.064+0000] {processor.py:826} INFO - Processing file /home/airflow/.local/lib/python3.7/site-packages/airflow/example_dags/example_dag_decorator.py for tasks to queue
[2025-10-21T01:03:52.066+0000] {logging_mixin.py:149} INFO - [2025-10-21T01:03:52.066+0000] {dagbag.py:541} INFO - Filling up the DagBag from /home/airflow/.local/lib/python3.7/site-packages/airflow/example_dags/example_dag_decorator.py
[2025-10-21T01:03:52.096+0000] {processor.py:836} INFO - DAG(s) dict_keys(['example_dag_decorator']) retrieved from /home/airflow/.local/lib/python3.7/site-packages/airflow/example_dags/example_dag_decorator.py
[2025-10-21T01:03:52.328+0000] {logging_mixin.py:149} INFO - [2025-10-21T01:03:52.327+0000] {dag.py:2726} INFO - Sync 1 DAGs
[2025-10-21T01:03:52.379+0000] {logging_mixin.py:149} INFO - [2025-10-21T01:03:52.379+0000] {dag.py:3490} INFO - Setting next_dagrun for example_dag_decorator to None, run_after=None
[2025-10-21T01:03:52.416+0000] {processor.py:179} INFO - Processing /home/airflow/.local/lib/python3.7/site-packages/airflow/example_dags/example_dag_decorator.py took 0.361 seconds
[2025-10-21T01:04:22.603+0000] {processor.py:157} INFO - Started process (PID=1964) to work on /home/airflow/.local/lib/python3.7/site-packages/airflow/example_dags/example_dag_decorator.py
[2025-10-21T01:04:22.606+0000] {processor.py:826} INFO - Processing file /home/airflow/.local/lib/python3.7/site-packages/airflow/example_dags/example_dag_decorator.py for tasks to queue
[2025-10-21T01:04:22.608+0000] {logging_mixin.py:149} INFO - [2025-10-21T01:04:22.608+0000] {dagbag.py:541} INFO - Filling up the DagBag from /home/airflow/.local/lib/python3.7/site-packages/airflow/example_dags/example_dag_decorator.py
[2025-10-21T01:04:22.632+0000] {processor.py:836} INFO - DAG(s) dict_keys(['example_dag_decorator']) retrieved from /home/airflow/.local/lib/python3.7/site-packages/airflow/example_dags/example_dag_decorator.py
[2025-10-21T01:04:22.858+0000] {logging_mixin.py:149} INFO - [2025-10-21T01:04:22.857+0000] {dag.py:2726} INFO - Sync 1 DAGs
[2025-10-21T01:04:22.901+0000] {logging_mixin.py:149} INFO - [2025-10-21T01:04:22.901+0000] {dag.py:3490} INFO - Setting next_dagrun for example_dag_decorator to None, run_after=None
[2025-10-21T01:04:22.943+0000] {processor.py:179} INFO - Processing /home/airflow/.local/lib/python3.7/site-packages/airflow/example_dags/example_dag_decorator.py took 0.345 seconds
[2025-10-21T01:04:53.378+0000] {processor.py:157} INFO - Started process (PID=2030) to work on /home/airflow/.local/lib/python3.7/site-packages/airflow/example_dags/example_dag_decorator.py
[2025-10-21T01:04:53.380+0000] {processor.py:826} INFO - Processing file /home/airflow/.local/lib/python3.7/site-packages/airflow/example_dags/example_dag_decorator.py for tasks to queue
[2025-10-21T01:04:53.382+0000] {logging_mixin.py:149} INFO - [2025-10-21T01:04:53.382+0000] {dagbag.py:541} INFO - Filling up the DagBag from /home/airflow/.local/lib/python3.7/site-packages/airflow/example_dags/example_dag_decorator.py
[2025-10-21T01:04:53.427+0000] {processor.py:836} INFO - DAG(s) dict_keys(['example_dag_decorator']) retrieved from /home/airflow/.local/lib/python3.7/site-packages/airflow/example_dags/example_dag_decorator.py
[2025-10-21T01:04:53.744+0000] {logging_mixin.py:149} INFO - [2025-10-21T01:04:53.744+0000] {dag.py:2726} INFO - Sync 1 DAGs
[2025-10-21T01:04:53.801+0000] {logging_mixin.py:149} INFO - [2025-10-21T01:04:53.801+0000] {dag.py:3490} INFO - Setting next_dagrun for example_dag_decorator to None, run_after=None
[2025-10-21T01:04:53.852+0000] {processor.py:179} INFO - Processing /home/airflow/.local/lib/python3.7/site-packages/airflow/example_dags/example_dag_decorator.py took 0.482 seconds
[2025-10-21T01:05:24.112+0000] {processor.py:157} INFO - Started process (PID=2096) to work on /home/airflow/.local/lib/python3.7/site-packages/airflow/example_dags/example_dag_decorator.py
[2025-10-21T01:05:24.115+0000] {processor.py:826} INFO - Processing file /home/airflow/.local/lib/python3.7/site-packages/airflow/example_dags/example_dag_decorator.py for tasks to queue
[2025-10-21T01:05:24.117+0000] {logging_mixin.py:149} INFO - [2025-10-21T01:05:24.117+0000] {dagbag.py:541} INFO - Filling up the DagBag from /home/airflow/.local/lib/python3.7/site-packages/airflow/example_dags/example_dag_decorator.py
[2025-10-21T01:05:24.144+0000] {processor.py:836} INFO - DAG(s) dict_keys(['example_dag_decorator']) retrieved from /home/airflow/.local/lib/python3.7/site-packages/airflow/example_dags/example_dag_decorator.py
[2025-10-21T01:05:24.450+0000] {logging_mixin.py:149} INFO - [2025-10-21T01:05:24.450+0000] {dag.py:2726} INFO - Sync 1 DAGs
[2025-10-21T01:05:24.502+0000] {logging_mixin.py:149} INFO - [2025-10-21T01:05:24.502+0000] {dag.py:3490} INFO - Setting next_dagrun for example_dag_decorator to None, run_after=None
[2025-10-21T01:05:24.552+0000] {processor.py:179} INFO - Processing /home/airflow/.local/lib/python3.7/site-packages/airflow/example_dags/example_dag_decorator.py took 0.451 seconds
[2025-10-21T01:05:55.310+0000] {processor.py:157} INFO - Started process (PID=2162) to work on /home/airflow/.local/lib/python3.7/site-packages/airflow/example_dags/example_dag_decorator.py
[2025-10-21T01:05:55.312+0000] {processor.py:826} INFO - Processing file /home/airflow/.local/lib/python3.7/site-packages/airflow/example_dags/example_dag_decorator.py for tasks to queue
[2025-10-21T01:05:55.314+0000] {logging_mixin.py:149} INFO - [2025-10-21T01:05:55.314+0000] {dagbag.py:541} INFO - Filling up the DagBag from /home/airflow/.local/lib/python3.7/site-packages/airflow/example_dags/example_dag_decorator.py
[2025-10-21T01:05:55.342+0000] {processor.py:836} INFO - DAG(s) dict_keys(['example_dag_decorator']) retrieved from /home/airflow/.local/lib/python3.7/site-packages/airflow/example_dags/example_dag_decorator.py
[2025-10-21T01:05:55.629+0000] {logging_mixin.py:149} INFO - [2025-10-21T01:05:55.629+0000] {dag.py:2726} INFO - Sync 1 DAGs
[2025-10-21T01:05:55.679+0000] {logging_mixin.py:149} INFO - [2025-10-21T01:05:55.679+0000] {dag.py:3490} INFO - Setting next_dagrun for example_dag_decorator to None, run_after=None
[2025-10-21T01:05:55.719+0000] {processor.py:179} INFO - Processing /home/airflow/.local/lib/python3.7/site-packages/airflow/example_dags/example_dag_decorator.py took 0.416 seconds
[2025-10-21T01:06:26.286+0000] {processor.py:157} INFO - Started process (PID=2227) to work on /home/airflow/.local/lib/python3.7/site-packages/airflow/example_dags/example_dag_decorator.py
[2025-10-21T01:06:26.288+0000] {processor.py:826} INFO - Processing file /home/airflow/.local/lib/python3.7/site-packages/airflow/example_dags/example_dag_decorator.py for tasks to queue
[2025-10-21T01:06:26.290+0000] {logging_mixin.py:149} INFO - [2025-10-21T01:06:26.290+0000] {dagbag.py:541} INFO - Filling up the DagBag from /home/airflow/.local/lib/python3.7/site-packages/airflow/example_dags/example_dag_decorator.py
[2025-10-21T01:06:26.318+0000] {processor.py:836} INFO - DAG(s) dict_keys(['example_dag_decorator']) retrieved from /home/airflow/.local/lib/python3.7/site-packages/airflow/example_dags/example_dag_decorator.py
[2025-10-21T01:06:26.607+0000] {logging_mixin.py:149} INFO - [2025-10-21T01:06:26.607+0000] {dag.py:2726} INFO - Sync 1 DAGs
[2025-10-21T01:06:26.668+0000] {logging_mixin.py:149} INFO - [2025-10-21T01:06:26.667+0000] {dag.py:3490} INFO - Setting next_dagrun for example_dag_decorator to None, run_after=None
[2025-10-21T01:06:26.720+0000] {processor.py:179} INFO - Processing /home/airflow/.local/lib/python3.7/site-packages/airflow/example_dags/example_dag_decorator.py took 0.441 seconds
[2025-10-21T01:06:57.306+0000] {processor.py:157} INFO - Started process (PID=2294) to work on /home/airflow/.local/lib/python3.7/site-packages/airflow/example_dags/example_dag_decorator.py
[2025-10-21T01:06:57.308+0000] {processor.py:826} INFO - Processing file /home/airflow/.local/lib/python3.7/site-packages/airflow/example_dags/example_dag_decorator.py for tasks to queue
[2025-10-21T01:06:57.309+0000] {logging_mixin.py:149} INFO - [2025-10-21T01:06:57.309+0000] {dagbag.py:541} INFO - Filling up the DagBag from /home/airflow/.local/lib/python3.7/site-packages/airflow/example_dags/example_dag_decorator.py
[2025-10-21T01:06:57.346+0000] {processor.py:836} INFO - DAG(s) dict_keys(['example_dag_decorator']) retrieved from /home/airflow/.local/lib/python3.7/site-packages/airflow/example_dags/example_dag_decorator.py
[2025-10-21T01:06:57.657+0000] {logging_mixin.py:149} INFO - [2025-10-21T01:06:57.657+0000] {dag.py:2726} INFO - Sync 1 DAGs
[2025-10-21T01:06:57.712+0000] {logging_mixin.py:149} INFO - [2025-10-21T01:06:57.712+0000] {dag.py:3490} INFO - Setting next_dagrun for example_dag_decorator to None, run_after=None
[2025-10-21T01:06:57.763+0000] {processor.py:179} INFO - Processing /home/airflow/.local/lib/python3.7/site-packages/airflow/example_dags/example_dag_decorator.py took 0.463 seconds
[2025-10-21T01:07:28.150+0000] {processor.py:157} INFO - Started process (PID=2361) to work on /home/airflow/.local/lib/python3.7/site-packages/airflow/example_dags/example_dag_decorator.py
[2025-10-21T01:07:28.152+0000] {processor.py:826} INFO - Processing file /home/airflow/.local/lib/python3.7/site-packages/airflow/example_dags/example_dag_decorator.py for tasks to queue
[2025-10-21T01:07:28.154+0000] {logging_mixin.py:149} INFO - [2025-10-21T01:07:28.154+0000] {dagbag.py:541} INFO - Filling up the DagBag from /home/airflow/.local/lib/python3.7/site-packages/airflow/example_dags/example_dag_decorator.py
[2025-10-21T01:07:28.185+0000] {processor.py:836} INFO - DAG(s) dict_keys(['example_dag_decorator']) retrieved from /home/airflow/.local/lib/python3.7/site-packages/airflow/example_dags/example_dag_decorator.py
[2025-10-21T01:07:28.469+0000] {logging_mixin.py:149} INFO - [2025-10-21T01:07:28.468+0000] {dag.py:2726} INFO - Sync 1 DAGs
[2025-10-21T01:07:28.512+0000] {logging_mixin.py:149} INFO - [2025-10-21T01:07:28.512+0000] {dag.py:3490} INFO - Setting next_dagrun for example_dag_decorator to None, run_after=None
[2025-10-21T01:07:28.558+0000] {processor.py:179} INFO - Processing /home/airflow/.local/lib/python3.7/site-packages/airflow/example_dags/example_dag_decorator.py took 0.415 seconds
[2025-10-21T01:07:58.768+0000] {processor.py:157} INFO - Started process (PID=2428) to work on /home/airflow/.local/lib/python3.7/site-packages/airflow/example_dags/example_dag_decorator.py
[2025-10-21T01:07:58.770+0000] {processor.py:826} INFO - Processing file /home/airflow/.local/lib/python3.7/site-packages/airflow/example_dags/example_dag_decorator.py for tasks to queue
[2025-10-21T01:07:58.772+0000] {logging_mixin.py:149} INFO - [2025-10-21T01:07:58.771+0000] {dagbag.py:541} INFO - Filling up the DagBag from /home/airflow/.local/lib/python3.7/site-packages/airflow/example_dags/example_dag_decorator.py
[2025-10-21T01:07:58.801+0000] {processor.py:836} INFO - DAG(s) dict_keys(['example_dag_decorator']) retrieved from /home/airflow/.local/lib/python3.7/site-packages/airflow/example_dags/example_dag_decorator.py
[2025-10-21T01:07:59.036+0000] {logging_mixin.py:149} INFO - [2025-10-21T01:07:59.036+0000] {dag.py:2726} INFO - Sync 1 DAGs
[2025-10-21T01:07:59.085+0000] {logging_mixin.py:149} INFO - [2025-10-21T01:07:59.084+0000] {dag.py:3490} INFO - Setting next_dagrun for example_dag_decorator to None, run_after=None
[2025-10-21T01:07:59.132+0000] {processor.py:179} INFO - Processing /home/airflow/.local/lib/python3.7/site-packages/airflow/example_dags/example_dag_decorator.py took 0.372 seconds
[2025-10-21T01:08:29.291+0000] {processor.py:157} INFO - Started process (PID=2495) to work on /home/airflow/.local/lib/python3.7/site-packages/airflow/example_dags/example_dag_decorator.py
[2025-10-21T01:08:29.294+0000] {processor.py:826} INFO - Processing file /home/airflow/.local/lib/python3.7/site-packages/airflow/example_dags/example_dag_decorator.py for tasks to queue
[2025-10-21T01:08:29.296+0000] {logging_mixin.py:149} INFO - [2025-10-21T01:08:29.295+0000] {dagbag.py:541} INFO - Filling up the DagBag from /home/airflow/.local/lib/python3.7/site-packages/airflow/example_dags/example_dag_decorator.py
[2025-10-21T01:08:29.322+0000] {processor.py:836} INFO - DAG(s) dict_keys(['example_dag_decorator']) retrieved from /home/airflow/.local/lib/python3.7/site-packages/airflow/example_dags/example_dag_decorator.py
[2025-10-21T01:08:29.535+0000] {logging_mixin.py:149} INFO - [2025-10-21T01:08:29.535+0000] {dag.py:2726} INFO - Sync 1 DAGs
[2025-10-21T01:08:29.579+0000] {logging_mixin.py:149} INFO - [2025-10-21T01:08:29.579+0000] {dag.py:3490} INFO - Setting next_dagrun for example_dag_decorator to None, run_after=None
[2025-10-21T01:08:29.621+0000] {processor.py:179} INFO - Processing /home/airflow/.local/lib/python3.7/site-packages/airflow/example_dags/example_dag_decorator.py took 0.336 seconds
[2025-10-21T01:08:59.800+0000] {processor.py:157} INFO - Started process (PID=2559) to work on /home/airflow/.local/lib/python3.7/site-packages/airflow/example_dags/example_dag_decorator.py
[2025-10-21T01:08:59.802+0000] {processor.py:826} INFO - Processing file /home/airflow/.local/lib/python3.7/site-packages/airflow/example_dags/example_dag_decorator.py for tasks to queue
[2025-10-21T01:08:59.804+0000] {logging_mixin.py:149} INFO - [2025-10-21T01:08:59.804+0000] {dagbag.py:541} INFO - Filling up the DagBag from /home/airflow/.local/lib/python3.7/site-packages/airflow/example_dags/example_dag_decorator.py
[2025-10-21T01:08:59.834+0000] {processor.py:836} INFO - DAG(s) dict_keys(['example_dag_decorator']) retrieved from /home/airflow/.local/lib/python3.7/site-packages/airflow/example_dags/example_dag_decorator.py
[2025-10-21T01:09:00.162+0000] {logging_mixin.py:149} INFO - [2025-10-21T01:09:00.162+0000] {dag.py:2726} INFO - Sync 1 DAGs
[2025-10-21T01:09:00.219+0000] {logging_mixin.py:149} INFO - [2025-10-21T01:09:00.219+0000] {dag.py:3490} INFO - Setting next_dagrun for example_dag_decorator to None, run_after=None
[2025-10-21T01:09:00.281+0000] {processor.py:179} INFO - Processing /home/airflow/.local/lib/python3.7/site-packages/airflow/example_dags/example_dag_decorator.py took 0.490 seconds
[2025-10-21T01:09:30.617+0000] {processor.py:157} INFO - Started process (PID=2625) to work on /home/airflow/.local/lib/python3.7/site-packages/airflow/example_dags/example_dag_decorator.py
[2025-10-21T01:09:30.619+0000] {processor.py:826} INFO - Processing file /home/airflow/.local/lib/python3.7/site-packages/airflow/example_dags/example_dag_decorator.py for tasks to queue
[2025-10-21T01:09:30.621+0000] {logging_mixin.py:149} INFO - [2025-10-21T01:09:30.621+0000] {dagbag.py:541} INFO - Filling up the DagBag from /home/airflow/.local/lib/python3.7/site-packages/airflow/example_dags/example_dag_decorator.py
[2025-10-21T01:09:30.653+0000] {processor.py:836} INFO - DAG(s) dict_keys(['example_dag_decorator']) retrieved from /home/airflow/.local/lib/python3.7/site-packages/airflow/example_dags/example_dag_decorator.py
[2025-10-21T01:09:30.897+0000] {logging_mixin.py:149} INFO - [2025-10-21T01:09:30.897+0000] {dag.py:2726} INFO - Sync 1 DAGs
[2025-10-21T01:09:30.939+0000] {logging_mixin.py:149} INFO - [2025-10-21T01:09:30.939+0000] {dag.py:3490} INFO - Setting next_dagrun for example_dag_decorator to None, run_after=None
[2025-10-21T01:09:30.984+0000] {processor.py:179} INFO - Processing /home/airflow/.local/lib/python3.7/site-packages/airflow/example_dags/example_dag_decorator.py took 0.375 seconds
[2025-10-21T01:10:01.321+0000] {processor.py:157} INFO - Started process (PID=2692) to work on /home/airflow/.local/lib/python3.7/site-packages/airflow/example_dags/example_dag_decorator.py
[2025-10-21T01:10:01.323+0000] {processor.py:826} INFO - Processing file /home/airflow/.local/lib/python3.7/site-packages/airflow/example_dags/example_dag_decorator.py for tasks to queue
[2025-10-21T01:10:01.326+0000] {logging_mixin.py:149} INFO - [2025-10-21T01:10:01.325+0000] {dagbag.py:541} INFO - Filling up the DagBag from /home/airflow/.local/lib/python3.7/site-packages/airflow/example_dags/example_dag_decorator.py
[2025-10-21T01:10:01.361+0000] {processor.py:836} INFO - DAG(s) dict_keys(['example_dag_decorator']) retrieved from /home/airflow/.local/lib/python3.7/site-packages/airflow/example_dags/example_dag_decorator.py
[2025-10-21T01:10:01.735+0000] {logging_mixin.py:149} INFO - [2025-10-21T01:10:01.735+0000] {dag.py:2726} INFO - Sync 1 DAGs
[2025-10-21T01:10:01.796+0000] {logging_mixin.py:149} INFO - [2025-10-21T01:10:01.796+0000] {dag.py:3490} INFO - Setting next_dagrun for example_dag_decorator to None, run_after=None
[2025-10-21T01:10:01.852+0000] {processor.py:179} INFO - Processing /home/airflow/.local/lib/python3.7/site-packages/airflow/example_dags/example_dag_decorator.py took 0.542 seconds
[2025-10-21T01:10:32.051+0000] {processor.py:157} INFO - Started process (PID=2760) to work on /home/airflow/.local/lib/python3.7/site-packages/airflow/example_dags/example_dag_decorator.py
[2025-10-21T01:10:32.053+0000] {processor.py:826} INFO - Processing file /home/airflow/.local/lib/python3.7/site-packages/airflow/example_dags/example_dag_decorator.py for tasks to queue
[2025-10-21T01:10:32.055+0000] {logging_mixin.py:149} INFO - [2025-10-21T01:10:32.055+0000] {dagbag.py:541} INFO - Filling up the DagBag from /home/airflow/.local/lib/python3.7/site-packages/airflow/example_dags/example_dag_decorator.py
[2025-10-21T01:10:32.090+0000] {processor.py:836} INFO - DAG(s) dict_keys(['example_dag_decorator']) retrieved from /home/airflow/.local/lib/python3.7/site-packages/airflow/example_dags/example_dag_decorator.py
[2025-10-21T01:10:32.338+0000] {logging_mixin.py:149} INFO - [2025-10-21T01:10:32.338+0000] {dag.py:2726} INFO - Sync 1 DAGs
[2025-10-21T01:10:32.384+0000] {logging_mixin.py:149} INFO - [2025-10-21T01:10:32.383+0000] {dag.py:3490} INFO - Setting next_dagrun for example_dag_decorator to None, run_after=None
[2025-10-21T01:10:32.435+0000] {processor.py:179} INFO - Processing /home/airflow/.local/lib/python3.7/site-packages/airflow/example_dags/example_dag_decorator.py took 0.392 seconds
[2025-10-21T01:11:02.686+0000] {processor.py:157} INFO - Started process (PID=2827) to work on /home/airflow/.local/lib/python3.7/site-packages/airflow/example_dags/example_dag_decorator.py
[2025-10-21T01:11:02.689+0000] {processor.py:826} INFO - Processing file /home/airflow/.local/lib/python3.7/site-packages/airflow/example_dags/example_dag_decorator.py for tasks to queue
[2025-10-21T01:11:02.692+0000] {logging_mixin.py:149} INFO - [2025-10-21T01:11:02.691+0000] {dagbag.py:541} INFO - Filling up the DagBag from /home/airflow/.local/lib/python3.7/site-packages/airflow/example_dags/example_dag_decorator.py
[2025-10-21T01:11:02.733+0000] {processor.py:836} INFO - DAG(s) dict_keys(['example_dag_decorator']) retrieved from /home/airflow/.local/lib/python3.7/site-packages/airflow/example_dags/example_dag_decorator.py
[2025-10-21T01:11:03.064+0000] {logging_mixin.py:149} INFO - [2025-10-21T01:11:03.063+0000] {dag.py:2726} INFO - Sync 1 DAGs
[2025-10-21T01:11:03.104+0000] {logging_mixin.py:149} INFO - [2025-10-21T01:11:03.104+0000] {dag.py:3490} INFO - Setting next_dagrun for example_dag_decorator to None, run_after=None
[2025-10-21T01:11:03.145+0000] {processor.py:179} INFO - Processing /home/airflow/.local/lib/python3.7/site-packages/airflow/example_dags/example_dag_decorator.py took 0.468 seconds
[2025-10-21T01:11:33.502+0000] {processor.py:157} INFO - Started process (PID=2894) to work on /home/airflow/.local/lib/python3.7/site-packages/airflow/example_dags/example_dag_decorator.py
[2025-10-21T01:11:33.504+0000] {processor.py:826} INFO - Processing file /home/airflow/.local/lib/python3.7/site-packages/airflow/example_dags/example_dag_decorator.py for tasks to queue
[2025-10-21T01:11:33.506+0000] {logging_mixin.py:149} INFO - [2025-10-21T01:11:33.505+0000] {dagbag.py:541} INFO - Filling up the DagBag from /home/airflow/.local/lib/python3.7/site-packages/airflow/example_dags/example_dag_decorator.py
[2025-10-21T01:11:33.540+0000] {processor.py:836} INFO - DAG(s) dict_keys(['example_dag_decorator']) retrieved from /home/airflow/.local/lib/python3.7/site-packages/airflow/example_dags/example_dag_decorator.py
[2025-10-21T01:11:33.831+0000] {logging_mixin.py:149} INFO - [2025-10-21T01:11:33.831+0000] {dag.py:2726} INFO - Sync 1 DAGs
[2025-10-21T01:11:33.882+0000] {logging_mixin.py:149} INFO - [2025-10-21T01:11:33.882+0000] {dag.py:3490} INFO - Setting next_dagrun for example_dag_decorator to None, run_after=None
[2025-10-21T01:11:33.926+0000] {processor.py:179} INFO - Processing /home/airflow/.local/lib/python3.7/site-packages/airflow/example_dags/example_dag_decorator.py took 0.432 seconds
[2025-10-21T01:12:04.037+0000] {processor.py:157} INFO - Started process (PID=2960) to work on /home/airflow/.local/lib/python3.7/site-packages/airflow/example_dags/example_dag_decorator.py
[2025-10-21T01:12:04.040+0000] {processor.py:826} INFO - Processing file /home/airflow/.local/lib/python3.7/site-packages/airflow/example_dags/example_dag_decorator.py for tasks to queue
[2025-10-21T01:12:04.042+0000] {logging_mixin.py:149} INFO - [2025-10-21T01:12:04.041+0000] {dagbag.py:541} INFO - Filling up the DagBag from /home/airflow/.local/lib/python3.7/site-packages/airflow/example_dags/example_dag_decorator.py
[2025-10-21T01:12:04.064+0000] {processor.py:836} INFO - DAG(s) dict_keys(['example_dag_decorator']) retrieved from /home/airflow/.local/lib/python3.7/site-packages/airflow/example_dags/example_dag_decorator.py
[2025-10-21T01:12:04.392+0000] {logging_mixin.py:149} INFO - [2025-10-21T01:12:04.392+0000] {dag.py:2726} INFO - Sync 1 DAGs
[2025-10-21T01:12:04.440+0000] {logging_mixin.py:149} INFO - [2025-10-21T01:12:04.440+0000] {dag.py:3490} INFO - Setting next_dagrun for example_dag_decorator to None, run_after=None
[2025-10-21T01:12:04.484+0000] {processor.py:179} INFO - Processing /home/airflow/.local/lib/python3.7/site-packages/airflow/example_dags/example_dag_decorator.py took 0.454 seconds
[2025-10-21T01:12:35.376+0000] {processor.py:157} INFO - Started process (PID=3026) to work on /home/airflow/.local/lib/python3.7/site-packages/airflow/example_dags/example_dag_decorator.py
[2025-10-21T01:12:35.379+0000] {processor.py:826} INFO - Processing file /home/airflow/.local/lib/python3.7/site-packages/airflow/example_dags/example_dag_decorator.py for tasks to queue
[2025-10-21T01:12:35.382+0000] {logging_mixin.py:149} INFO - [2025-10-21T01:12:35.382+0000] {dagbag.py:541} INFO - Filling up the DagBag from /home/airflow/.local/lib/python3.7/site-packages/airflow/example_dags/example_dag_decorator.py
[2025-10-21T01:12:35.437+0000] {processor.py:836} INFO - DAG(s) dict_keys(['example_dag_decorator']) retrieved from /home/airflow/.local/lib/python3.7/site-packages/airflow/example_dags/example_dag_decorator.py
[2025-10-21T01:12:35.755+0000] {logging_mixin.py:149} INFO - [2025-10-21T01:12:35.755+0000] {dag.py:2726} INFO - Sync 1 DAGs
[2025-10-21T01:12:35.800+0000] {logging_mixin.py:149} INFO - [2025-10-21T01:12:35.800+0000] {dag.py:3490} INFO - Setting next_dagrun for example_dag_decorator to None, run_after=None
[2025-10-21T01:12:35.845+0000] {processor.py:179} INFO - Processing /home/airflow/.local/lib/python3.7/site-packages/airflow/example_dags/example_dag_decorator.py took 0.480 seconds
[2025-10-21T01:13:06.345+0000] {processor.py:157} INFO - Started process (PID=3083) to work on /home/airflow/.local/lib/python3.7/site-packages/airflow/example_dags/example_dag_decorator.py
[2025-10-21T01:13:06.347+0000] {processor.py:826} INFO - Processing file /home/airflow/.local/lib/python3.7/site-packages/airflow/example_dags/example_dag_decorator.py for tasks to queue
[2025-10-21T01:13:06.349+0000] {logging_mixin.py:149} INFO - [2025-10-21T01:13:06.348+0000] {dagbag.py:541} INFO - Filling up the DagBag from /home/airflow/.local/lib/python3.7/site-packages/airflow/example_dags/example_dag_decorator.py
[2025-10-21T01:13:06.375+0000] {processor.py:836} INFO - DAG(s) dict_keys(['example_dag_decorator']) retrieved from /home/airflow/.local/lib/python3.7/site-packages/airflow/example_dags/example_dag_decorator.py
[2025-10-21T01:13:06.610+0000] {logging_mixin.py:149} INFO - [2025-10-21T01:13:06.609+0000] {dag.py:2726} INFO - Sync 1 DAGs
[2025-10-21T01:13:06.653+0000] {logging_mixin.py:149} INFO - [2025-10-21T01:13:06.653+0000] {dag.py:3490} INFO - Setting next_dagrun for example_dag_decorator to None, run_after=None
[2025-10-21T01:13:06.693+0000] {processor.py:179} INFO - Processing /home/airflow/.local/lib/python3.7/site-packages/airflow/example_dags/example_dag_decorator.py took 0.354 seconds
[2025-10-21T01:13:36.947+0000] {processor.py:157} INFO - Started process (PID=3149) to work on /home/airflow/.local/lib/python3.7/site-packages/airflow/example_dags/example_dag_decorator.py
[2025-10-21T01:13:36.949+0000] {processor.py:826} INFO - Processing file /home/airflow/.local/lib/python3.7/site-packages/airflow/example_dags/example_dag_decorator.py for tasks to queue
[2025-10-21T01:13:36.951+0000] {logging_mixin.py:149} INFO - [2025-10-21T01:13:36.951+0000] {dagbag.py:541} INFO - Filling up the DagBag from /home/airflow/.local/lib/python3.7/site-packages/airflow/example_dags/example_dag_decorator.py
[2025-10-21T01:13:36.973+0000] {processor.py:836} INFO - DAG(s) dict_keys(['example_dag_decorator']) retrieved from /home/airflow/.local/lib/python3.7/site-packages/airflow/example_dags/example_dag_decorator.py
[2025-10-21T01:13:37.270+0000] {logging_mixin.py:149} INFO - [2025-10-21T01:13:37.270+0000] {dag.py:2726} INFO - Sync 1 DAGs
[2025-10-21T01:13:37.311+0000] {logging_mixin.py:149} INFO - [2025-10-21T01:13:37.311+0000] {dag.py:3490} INFO - Setting next_dagrun for example_dag_decorator to None, run_after=None
[2025-10-21T01:13:37.355+0000] {processor.py:179} INFO - Processing /home/airflow/.local/lib/python3.7/site-packages/airflow/example_dags/example_dag_decorator.py took 0.413 seconds
[2025-10-21T01:14:07.471+0000] {processor.py:157} INFO - Started process (PID=3215) to work on /home/airflow/.local/lib/python3.7/site-packages/airflow/example_dags/example_dag_decorator.py
[2025-10-21T01:14:07.473+0000] {processor.py:826} INFO - Processing file /home/airflow/.local/lib/python3.7/site-packages/airflow/example_dags/example_dag_decorator.py for tasks to queue
[2025-10-21T01:14:07.475+0000] {logging_mixin.py:149} INFO - [2025-10-21T01:14:07.475+0000] {dagbag.py:541} INFO - Filling up the DagBag from /home/airflow/.local/lib/python3.7/site-packages/airflow/example_dags/example_dag_decorator.py
[2025-10-21T01:14:07.500+0000] {processor.py:836} INFO - DAG(s) dict_keys(['example_dag_decorator']) retrieved from /home/airflow/.local/lib/python3.7/site-packages/airflow/example_dags/example_dag_decorator.py
[2025-10-21T01:14:07.791+0000] {logging_mixin.py:149} INFO - [2025-10-21T01:14:07.790+0000] {dag.py:2726} INFO - Sync 1 DAGs
[2025-10-21T01:14:07.842+0000] {logging_mixin.py:149} INFO - [2025-10-21T01:14:07.842+0000] {dag.py:3490} INFO - Setting next_dagrun for example_dag_decorator to None, run_after=None
[2025-10-21T01:14:07.896+0000] {processor.py:179} INFO - Processing /home/airflow/.local/lib/python3.7/site-packages/airflow/example_dags/example_dag_decorator.py took 0.431 seconds
[2025-10-21T01:14:38.088+0000] {processor.py:157} INFO - Started process (PID=3282) to work on /home/airflow/.local/lib/python3.7/site-packages/airflow/example_dags/example_dag_decorator.py
[2025-10-21T01:14:38.090+0000] {processor.py:826} INFO - Processing file /home/airflow/.local/lib/python3.7/site-packages/airflow/example_dags/example_dag_decorator.py for tasks to queue
[2025-10-21T01:14:38.091+0000] {logging_mixin.py:149} INFO - [2025-10-21T01:14:38.091+0000] {dagbag.py:541} INFO - Filling up the DagBag from /home/airflow/.local/lib/python3.7/site-packages/airflow/example_dags/example_dag_decorator.py
[2025-10-21T01:14:38.116+0000] {processor.py:836} INFO - DAG(s) dict_keys(['example_dag_decorator']) retrieved from /home/airflow/.local/lib/python3.7/site-packages/airflow/example_dags/example_dag_decorator.py
[2025-10-21T01:14:38.327+0000] {logging_mixin.py:149} INFO - [2025-10-21T01:14:38.326+0000] {dag.py:2726} INFO - Sync 1 DAGs
[2025-10-21T01:14:38.363+0000] {logging_mixin.py:149} INFO - [2025-10-21T01:14:38.363+0000] {dag.py:3490} INFO - Setting next_dagrun for example_dag_decorator to None, run_after=None
[2025-10-21T01:14:38.399+0000] {processor.py:179} INFO - Processing /home/airflow/.local/lib/python3.7/site-packages/airflow/example_dags/example_dag_decorator.py took 0.316 seconds
[2025-10-21T01:15:08.657+0000] {processor.py:157} INFO - Started process (PID=3348) to work on /home/airflow/.local/lib/python3.7/site-packages/airflow/example_dags/example_dag_decorator.py
[2025-10-21T01:15:08.659+0000] {processor.py:826} INFO - Processing file /home/airflow/.local/lib/python3.7/site-packages/airflow/example_dags/example_dag_decorator.py for tasks to queue
[2025-10-21T01:15:08.661+0000] {logging_mixin.py:149} INFO - [2025-10-21T01:15:08.660+0000] {dagbag.py:541} INFO - Filling up the DagBag from /home/airflow/.local/lib/python3.7/site-packages/airflow/example_dags/example_dag_decorator.py
[2025-10-21T01:15:08.685+0000] {processor.py:836} INFO - DAG(s) dict_keys(['example_dag_decorator']) retrieved from /home/airflow/.local/lib/python3.7/site-packages/airflow/example_dags/example_dag_decorator.py
[2025-10-21T01:15:08.912+0000] {logging_mixin.py:149} INFO - [2025-10-21T01:15:08.912+0000] {dag.py:2726} INFO - Sync 1 DAGs
[2025-10-21T01:15:08.952+0000] {logging_mixin.py:149} INFO - [2025-10-21T01:15:08.952+0000] {dag.py:3490} INFO - Setting next_dagrun for example_dag_decorator to None, run_after=None
[2025-10-21T01:15:08.990+0000] {processor.py:179} INFO - Processing /home/airflow/.local/lib/python3.7/site-packages/airflow/example_dags/example_dag_decorator.py took 0.340 seconds
[2025-10-21T01:15:39.255+0000] {processor.py:157} INFO - Started process (PID=3414) to work on /home/airflow/.local/lib/python3.7/site-packages/airflow/example_dags/example_dag_decorator.py
[2025-10-21T01:15:39.256+0000] {processor.py:826} INFO - Processing file /home/airflow/.local/lib/python3.7/site-packages/airflow/example_dags/example_dag_decorator.py for tasks to queue
[2025-10-21T01:15:39.258+0000] {logging_mixin.py:149} INFO - [2025-10-21T01:15:39.258+0000] {dagbag.py:541} INFO - Filling up the DagBag from /home/airflow/.local/lib/python3.7/site-packages/airflow/example_dags/example_dag_decorator.py
[2025-10-21T01:15:39.282+0000] {processor.py:836} INFO - DAG(s) dict_keys(['example_dag_decorator']) retrieved from /home/airflow/.local/lib/python3.7/site-packages/airflow/example_dags/example_dag_decorator.py
[2025-10-21T01:15:39.529+0000] {logging_mixin.py:149} INFO - [2025-10-21T01:15:39.529+0000] {dag.py:2726} INFO - Sync 1 DAGs
[2025-10-21T01:15:39.566+0000] {logging_mixin.py:149} INFO - [2025-10-21T01:15:39.566+0000] {dag.py:3490} INFO - Setting next_dagrun for example_dag_decorator to None, run_after=None
[2025-10-21T01:15:39.602+0000] {processor.py:179} INFO - Processing /home/airflow/.local/lib/python3.7/site-packages/airflow/example_dags/example_dag_decorator.py took 0.354 seconds
[2025-10-21T01:16:09.896+0000] {processor.py:157} INFO - Started process (PID=3481) to work on /home/airflow/.local/lib/python3.7/site-packages/airflow/example_dags/example_dag_decorator.py
[2025-10-21T01:16:09.898+0000] {processor.py:826} INFO - Processing file /home/airflow/.local/lib/python3.7/site-packages/airflow/example_dags/example_dag_decorator.py for tasks to queue
[2025-10-21T01:16:09.900+0000] {logging_mixin.py:149} INFO - [2025-10-21T01:16:09.899+0000] {dagbag.py:541} INFO - Filling up the DagBag from /home/airflow/.local/lib/python3.7/site-packages/airflow/example_dags/example_dag_decorator.py
[2025-10-21T01:16:09.930+0000] {processor.py:836} INFO - DAG(s) dict_keys(['example_dag_decorator']) retrieved from /home/airflow/.local/lib/python3.7/site-packages/airflow/example_dags/example_dag_decorator.py
[2025-10-21T01:16:10.194+0000] {logging_mixin.py:149} INFO - [2025-10-21T01:16:10.193+0000] {dag.py:2726} INFO - Sync 1 DAGs
[2025-10-21T01:16:10.251+0000] {logging_mixin.py:149} INFO - [2025-10-21T01:16:10.251+0000] {dag.py:3490} INFO - Setting next_dagrun for example_dag_decorator to None, run_after=None
[2025-10-21T01:16:10.300+0000] {processor.py:179} INFO - Processing /home/airflow/.local/lib/python3.7/site-packages/airflow/example_dags/example_dag_decorator.py took 0.410 seconds
[2025-10-21T01:16:40.413+0000] {processor.py:157} INFO - Started process (PID=3547) to work on /home/airflow/.local/lib/python3.7/site-packages/airflow/example_dags/example_dag_decorator.py
[2025-10-21T01:16:40.422+0000] {processor.py:826} INFO - Processing file /home/airflow/.local/lib/python3.7/site-packages/airflow/example_dags/example_dag_decorator.py for tasks to queue
[2025-10-21T01:16:40.425+0000] {logging_mixin.py:149} INFO - [2025-10-21T01:16:40.424+0000] {dagbag.py:541} INFO - Filling up the DagBag from /home/airflow/.local/lib/python3.7/site-packages/airflow/example_dags/example_dag_decorator.py
[2025-10-21T01:16:40.453+0000] {processor.py:836} INFO - DAG(s) dict_keys(['example_dag_decorator']) retrieved from /home/airflow/.local/lib/python3.7/site-packages/airflow/example_dags/example_dag_decorator.py
[2025-10-21T01:16:40.657+0000] {logging_mixin.py:149} INFO - [2025-10-21T01:16:40.657+0000] {dag.py:2726} INFO - Sync 1 DAGs
[2025-10-21T01:16:40.696+0000] {logging_mixin.py:149} INFO - [2025-10-21T01:16:40.696+0000] {dag.py:3490} INFO - Setting next_dagrun for example_dag_decorator to None, run_after=None
[2025-10-21T01:16:40.735+0000] {processor.py:179} INFO - Processing /home/airflow/.local/lib/python3.7/site-packages/airflow/example_dags/example_dag_decorator.py took 0.328 seconds
[2025-10-21T01:17:10.942+0000] {processor.py:157} INFO - Started process (PID=3613) to work on /home/airflow/.local/lib/python3.7/site-packages/airflow/example_dags/example_dag_decorator.py
[2025-10-21T01:17:10.944+0000] {processor.py:826} INFO - Processing file /home/airflow/.local/lib/python3.7/site-packages/airflow/example_dags/example_dag_decorator.py for tasks to queue
[2025-10-21T01:17:10.946+0000] {logging_mixin.py:149} INFO - [2025-10-21T01:17:10.946+0000] {dagbag.py:541} INFO - Filling up the DagBag from /home/airflow/.local/lib/python3.7/site-packages/airflow/example_dags/example_dag_decorator.py
[2025-10-21T01:17:10.977+0000] {processor.py:836} INFO - DAG(s) dict_keys(['example_dag_decorator']) retrieved from /home/airflow/.local/lib/python3.7/site-packages/airflow/example_dags/example_dag_decorator.py
[2025-10-21T01:17:11.229+0000] {logging_mixin.py:149} INFO - [2025-10-21T01:17:11.229+0000] {dag.py:2726} INFO - Sync 1 DAGs
[2025-10-21T01:17:11.279+0000] {logging_mixin.py:149} INFO - [2025-10-21T01:17:11.278+0000] {dag.py:3490} INFO - Setting next_dagrun for example_dag_decorator to None, run_after=None
[2025-10-21T01:17:11.328+0000] {processor.py:179} INFO - Processing /home/airflow/.local/lib/python3.7/site-packages/airflow/example_dags/example_dag_decorator.py took 0.394 seconds
