[2025-10-21T00:50:06.922+0000] {processor.py:157} INFO - Started process (PID=132) to work on /home/airflow/.local/lib/python3.7/site-packages/airflow/example_dags/example_short_circuit_operator.py
[2025-10-21T00:50:06.925+0000] {processor.py:826} INFO - Processing file /home/airflow/.local/lib/python3.7/site-packages/airflow/example_dags/example_short_circuit_operator.py for tasks to queue
[2025-10-21T00:50:06.928+0000] {logging_mixin.py:149} INFO - [2025-10-21T00:50:06.928+0000] {dagbag.py:541} INFO - Filling up the DagBag from /home/airflow/.local/lib/python3.7/site-packages/airflow/example_dags/example_short_circuit_operator.py
[2025-10-21T00:50:06.962+0000] {processor.py:836} INFO - DAG(s) dict_keys(['example_short_circuit_operator']) retrieved from /home/airflow/.local/lib/python3.7/site-packages/airflow/example_dags/example_short_circuit_operator.py
[2025-10-21T00:50:07.034+0000] {logging_mixin.py:149} INFO - [2025-10-21T00:50:07.032+0000] {dag.py:2726} INFO - Sync 1 DAGs
[2025-10-21T00:50:07.116+0000] {logging_mixin.py:149} INFO - [2025-10-21T00:50:07.116+0000] {dag.py:3490} INFO - Setting next_dagrun for example_short_circuit_operator to 2025-10-20T00:50:07.115671+00:00, run_after=2025-10-21T00:50:07.115671+00:00
[2025-10-21T00:50:07.191+0000] {processor.py:179} INFO - Processing /home/airflow/.local/lib/python3.7/site-packages/airflow/example_dags/example_short_circuit_operator.py took 0.279 seconds
[2025-10-21T00:50:38.018+0000] {processor.py:157} INFO - Started process (PID=198) to work on /home/airflow/.local/lib/python3.7/site-packages/airflow/example_dags/example_short_circuit_operator.py
[2025-10-21T00:50:38.022+0000] {processor.py:826} INFO - Processing file /home/airflow/.local/lib/python3.7/site-packages/airflow/example_dags/example_short_circuit_operator.py for tasks to queue
[2025-10-21T00:50:38.025+0000] {logging_mixin.py:149} INFO - [2025-10-21T00:50:38.024+0000] {dagbag.py:541} INFO - Filling up the DagBag from /home/airflow/.local/lib/python3.7/site-packages/airflow/example_dags/example_short_circuit_operator.py
[2025-10-21T00:50:38.049+0000] {processor.py:836} INFO - DAG(s) dict_keys(['example_short_circuit_operator']) retrieved from /home/airflow/.local/lib/python3.7/site-packages/airflow/example_dags/example_short_circuit_operator.py
[2025-10-21T00:50:38.123+0000] {logging_mixin.py:149} INFO - [2025-10-21T00:50:38.123+0000] {dag.py:2726} INFO - Sync 1 DAGs
[2025-10-21T00:50:38.199+0000] {logging_mixin.py:149} INFO - [2025-10-21T00:50:38.198+0000] {dag.py:3490} INFO - Setting next_dagrun for example_short_circuit_operator to 2025-10-20T00:50:38.198154+00:00, run_after=2025-10-21T00:50:38.198154+00:00
[2025-10-21T00:50:38.283+0000] {processor.py:179} INFO - Processing /home/airflow/.local/lib/python3.7/site-packages/airflow/example_dags/example_short_circuit_operator.py took 0.277 seconds
[2025-10-21T00:51:08.973+0000] {processor.py:157} INFO - Started process (PID=264) to work on /home/airflow/.local/lib/python3.7/site-packages/airflow/example_dags/example_short_circuit_operator.py
[2025-10-21T00:51:08.975+0000] {processor.py:826} INFO - Processing file /home/airflow/.local/lib/python3.7/site-packages/airflow/example_dags/example_short_circuit_operator.py for tasks to queue
[2025-10-21T00:51:08.976+0000] {logging_mixin.py:149} INFO - [2025-10-21T00:51:08.976+0000] {dagbag.py:541} INFO - Filling up the DagBag from /home/airflow/.local/lib/python3.7/site-packages/airflow/example_dags/example_short_circuit_operator.py
[2025-10-21T00:51:08.991+0000] {processor.py:836} INFO - DAG(s) dict_keys(['example_short_circuit_operator']) retrieved from /home/airflow/.local/lib/python3.7/site-packages/airflow/example_dags/example_short_circuit_operator.py
[2025-10-21T00:51:09.057+0000] {logging_mixin.py:149} INFO - [2025-10-21T00:51:09.057+0000] {dag.py:2726} INFO - Sync 1 DAGs
[2025-10-21T00:51:09.118+0000] {logging_mixin.py:149} INFO - [2025-10-21T00:51:09.118+0000] {dag.py:3490} INFO - Setting next_dagrun for example_short_circuit_operator to 2025-10-20T00:51:09.117653+00:00, run_after=2025-10-21T00:51:09.117653+00:00
[2025-10-21T00:51:09.163+0000] {processor.py:179} INFO - Processing /home/airflow/.local/lib/python3.7/site-packages/airflow/example_dags/example_short_circuit_operator.py took 0.196 seconds
[2025-10-21T00:51:40.068+0000] {processor.py:157} INFO - Started process (PID=330) to work on /home/airflow/.local/lib/python3.7/site-packages/airflow/example_dags/example_short_circuit_operator.py
[2025-10-21T00:51:40.071+0000] {processor.py:826} INFO - Processing file /home/airflow/.local/lib/python3.7/site-packages/airflow/example_dags/example_short_circuit_operator.py for tasks to queue
[2025-10-21T00:51:40.074+0000] {logging_mixin.py:149} INFO - [2025-10-21T00:51:40.074+0000] {dagbag.py:541} INFO - Filling up the DagBag from /home/airflow/.local/lib/python3.7/site-packages/airflow/example_dags/example_short_circuit_operator.py
[2025-10-21T00:51:40.130+0000] {processor.py:836} INFO - DAG(s) dict_keys(['example_short_circuit_operator']) retrieved from /home/airflow/.local/lib/python3.7/site-packages/airflow/example_dags/example_short_circuit_operator.py
[2025-10-21T00:51:40.302+0000] {logging_mixin.py:149} INFO - [2025-10-21T00:51:40.302+0000] {dag.py:2726} INFO - Sync 1 DAGs
[2025-10-21T00:51:40.432+0000] {logging_mixin.py:149} INFO - [2025-10-21T00:51:40.431+0000] {dag.py:3490} INFO - Setting next_dagrun for example_short_circuit_operator to 2025-10-20T00:51:40.429344+00:00, run_after=2025-10-21T00:51:40.429344+00:00
[2025-10-21T00:51:40.511+0000] {processor.py:179} INFO - Processing /home/airflow/.local/lib/python3.7/site-packages/airflow/example_dags/example_short_circuit_operator.py took 0.462 seconds
[2025-10-21T00:52:11.134+0000] {processor.py:157} INFO - Started process (PID=395) to work on /home/airflow/.local/lib/python3.7/site-packages/airflow/example_dags/example_short_circuit_operator.py
[2025-10-21T00:52:11.138+0000] {processor.py:826} INFO - Processing file /home/airflow/.local/lib/python3.7/site-packages/airflow/example_dags/example_short_circuit_operator.py for tasks to queue
[2025-10-21T00:52:11.140+0000] {logging_mixin.py:149} INFO - [2025-10-21T00:52:11.140+0000] {dagbag.py:541} INFO - Filling up the DagBag from /home/airflow/.local/lib/python3.7/site-packages/airflow/example_dags/example_short_circuit_operator.py
[2025-10-21T00:52:11.175+0000] {processor.py:836} INFO - DAG(s) dict_keys(['example_short_circuit_operator']) retrieved from /home/airflow/.local/lib/python3.7/site-packages/airflow/example_dags/example_short_circuit_operator.py
[2025-10-21T00:52:11.278+0000] {logging_mixin.py:149} INFO - [2025-10-21T00:52:11.277+0000] {dag.py:2726} INFO - Sync 1 DAGs
[2025-10-21T00:52:11.408+0000] {logging_mixin.py:149} INFO - [2025-10-21T00:52:11.407+0000] {dag.py:3490} INFO - Setting next_dagrun for example_short_circuit_operator to 2025-10-20T00:52:11.406947+00:00, run_after=2025-10-21T00:52:11.406947+00:00
[2025-10-21T00:52:11.514+0000] {processor.py:179} INFO - Processing /home/airflow/.local/lib/python3.7/site-packages/airflow/example_dags/example_short_circuit_operator.py took 0.391 seconds
[2025-10-21T00:52:42.025+0000] {processor.py:157} INFO - Started process (PID=461) to work on /home/airflow/.local/lib/python3.7/site-packages/airflow/example_dags/example_short_circuit_operator.py
[2025-10-21T00:52:42.028+0000] {processor.py:826} INFO - Processing file /home/airflow/.local/lib/python3.7/site-packages/airflow/example_dags/example_short_circuit_operator.py for tasks to queue
[2025-10-21T00:52:42.030+0000] {logging_mixin.py:149} INFO - [2025-10-21T00:52:42.029+0000] {dagbag.py:541} INFO - Filling up the DagBag from /home/airflow/.local/lib/python3.7/site-packages/airflow/example_dags/example_short_circuit_operator.py
[2025-10-21T00:52:42.051+0000] {processor.py:836} INFO - DAG(s) dict_keys(['example_short_circuit_operator']) retrieved from /home/airflow/.local/lib/python3.7/site-packages/airflow/example_dags/example_short_circuit_operator.py
[2025-10-21T00:52:42.130+0000] {logging_mixin.py:149} INFO - [2025-10-21T00:52:42.130+0000] {dag.py:2726} INFO - Sync 1 DAGs
[2025-10-21T00:52:42.198+0000] {logging_mixin.py:149} INFO - [2025-10-21T00:52:42.198+0000] {dag.py:3490} INFO - Setting next_dagrun for example_short_circuit_operator to 2025-10-20T00:52:42.197447+00:00, run_after=2025-10-21T00:52:42.197447+00:00
[2025-10-21T00:52:42.248+0000] {processor.py:179} INFO - Processing /home/airflow/.local/lib/python3.7/site-packages/airflow/example_dags/example_short_circuit_operator.py took 0.234 seconds
[2025-10-21T00:53:12.775+0000] {processor.py:157} INFO - Started process (PID=529) to work on /home/airflow/.local/lib/python3.7/site-packages/airflow/example_dags/example_short_circuit_operator.py
[2025-10-21T00:53:12.777+0000] {processor.py:826} INFO - Processing file /home/airflow/.local/lib/python3.7/site-packages/airflow/example_dags/example_short_circuit_operator.py for tasks to queue
[2025-10-21T00:53:12.779+0000] {logging_mixin.py:149} INFO - [2025-10-21T00:53:12.779+0000] {dagbag.py:541} INFO - Filling up the DagBag from /home/airflow/.local/lib/python3.7/site-packages/airflow/example_dags/example_short_circuit_operator.py
[2025-10-21T00:53:12.794+0000] {processor.py:836} INFO - DAG(s) dict_keys(['example_short_circuit_operator']) retrieved from /home/airflow/.local/lib/python3.7/site-packages/airflow/example_dags/example_short_circuit_operator.py
[2025-10-21T00:53:12.846+0000] {logging_mixin.py:149} INFO - [2025-10-21T00:53:12.846+0000] {dag.py:2726} INFO - Sync 1 DAGs
[2025-10-21T00:53:12.895+0000] {logging_mixin.py:149} INFO - [2025-10-21T00:53:12.895+0000] {dag.py:3490} INFO - Setting next_dagrun for example_short_circuit_operator to 2025-10-20T00:53:12.894688+00:00, run_after=2025-10-21T00:53:12.894688+00:00
[2025-10-21T00:53:12.938+0000] {processor.py:179} INFO - Processing /home/airflow/.local/lib/python3.7/site-packages/airflow/example_dags/example_short_circuit_operator.py took 0.169 seconds
[2025-10-21T00:53:43.287+0000] {processor.py:157} INFO - Started process (PID=596) to work on /home/airflow/.local/lib/python3.7/site-packages/airflow/example_dags/example_short_circuit_operator.py
[2025-10-21T00:53:43.290+0000] {processor.py:826} INFO - Processing file /home/airflow/.local/lib/python3.7/site-packages/airflow/example_dags/example_short_circuit_operator.py for tasks to queue
[2025-10-21T00:53:43.291+0000] {logging_mixin.py:149} INFO - [2025-10-21T00:53:43.291+0000] {dagbag.py:541} INFO - Filling up the DagBag from /home/airflow/.local/lib/python3.7/site-packages/airflow/example_dags/example_short_circuit_operator.py
[2025-10-21T00:53:43.307+0000] {processor.py:836} INFO - DAG(s) dict_keys(['example_short_circuit_operator']) retrieved from /home/airflow/.local/lib/python3.7/site-packages/airflow/example_dags/example_short_circuit_operator.py
[2025-10-21T00:53:43.371+0000] {logging_mixin.py:149} INFO - [2025-10-21T00:53:43.371+0000] {dag.py:2726} INFO - Sync 1 DAGs
[2025-10-21T00:53:43.428+0000] {logging_mixin.py:149} INFO - [2025-10-21T00:53:43.428+0000] {dag.py:3490} INFO - Setting next_dagrun for example_short_circuit_operator to 2025-10-20T00:53:43.427969+00:00, run_after=2025-10-21T00:53:43.427969+00:00
[2025-10-21T00:53:43.470+0000] {processor.py:179} INFO - Processing /home/airflow/.local/lib/python3.7/site-packages/airflow/example_dags/example_short_circuit_operator.py took 0.190 seconds
[2025-10-21T00:54:13.903+0000] {processor.py:157} INFO - Started process (PID=661) to work on /home/airflow/.local/lib/python3.7/site-packages/airflow/example_dags/example_short_circuit_operator.py
[2025-10-21T00:54:13.905+0000] {processor.py:826} INFO - Processing file /home/airflow/.local/lib/python3.7/site-packages/airflow/example_dags/example_short_circuit_operator.py for tasks to queue
[2025-10-21T00:54:13.907+0000] {logging_mixin.py:149} INFO - [2025-10-21T00:54:13.907+0000] {dagbag.py:541} INFO - Filling up the DagBag from /home/airflow/.local/lib/python3.7/site-packages/airflow/example_dags/example_short_circuit_operator.py
[2025-10-21T00:54:13.921+0000] {processor.py:836} INFO - DAG(s) dict_keys(['example_short_circuit_operator']) retrieved from /home/airflow/.local/lib/python3.7/site-packages/airflow/example_dags/example_short_circuit_operator.py
[2025-10-21T00:54:13.975+0000] {logging_mixin.py:149} INFO - [2025-10-21T00:54:13.975+0000] {dag.py:2726} INFO - Sync 1 DAGs
[2025-10-21T00:54:14.021+0000] {logging_mixin.py:149} INFO - [2025-10-21T00:54:14.020+0000] {dag.py:3490} INFO - Setting next_dagrun for example_short_circuit_operator to 2025-10-20T00:54:14.020057+00:00, run_after=2025-10-21T00:54:14.020057+00:00
[2025-10-21T00:54:14.066+0000] {processor.py:179} INFO - Processing /home/airflow/.local/lib/python3.7/site-packages/airflow/example_dags/example_short_circuit_operator.py took 0.169 seconds
[2025-10-21T00:54:44.606+0000] {processor.py:157} INFO - Started process (PID=727) to work on /home/airflow/.local/lib/python3.7/site-packages/airflow/example_dags/example_short_circuit_operator.py
[2025-10-21T00:54:44.609+0000] {processor.py:826} INFO - Processing file /home/airflow/.local/lib/python3.7/site-packages/airflow/example_dags/example_short_circuit_operator.py for tasks to queue
[2025-10-21T00:54:44.611+0000] {logging_mixin.py:149} INFO - [2025-10-21T00:54:44.611+0000] {dagbag.py:541} INFO - Filling up the DagBag from /home/airflow/.local/lib/python3.7/site-packages/airflow/example_dags/example_short_circuit_operator.py
[2025-10-21T00:54:44.639+0000] {processor.py:836} INFO - DAG(s) dict_keys(['example_short_circuit_operator']) retrieved from /home/airflow/.local/lib/python3.7/site-packages/airflow/example_dags/example_short_circuit_operator.py
[2025-10-21T00:54:44.746+0000] {logging_mixin.py:149} INFO - [2025-10-21T00:54:44.746+0000] {dag.py:2726} INFO - Sync 1 DAGs
[2025-10-21T00:54:44.826+0000] {logging_mixin.py:149} INFO - [2025-10-21T00:54:44.825+0000] {dag.py:3490} INFO - Setting next_dagrun for example_short_circuit_operator to 2025-10-20T00:54:44.824928+00:00, run_after=2025-10-21T00:54:44.824928+00:00
[2025-10-21T00:54:44.886+0000] {processor.py:179} INFO - Processing /home/airflow/.local/lib/python3.7/site-packages/airflow/example_dags/example_short_circuit_operator.py took 0.291 seconds
[2025-10-21T00:55:15.483+0000] {processor.py:157} INFO - Started process (PID=793) to work on /home/airflow/.local/lib/python3.7/site-packages/airflow/example_dags/example_short_circuit_operator.py
[2025-10-21T00:55:15.486+0000] {processor.py:826} INFO - Processing file /home/airflow/.local/lib/python3.7/site-packages/airflow/example_dags/example_short_circuit_operator.py for tasks to queue
[2025-10-21T00:55:15.487+0000] {logging_mixin.py:149} INFO - [2025-10-21T00:55:15.487+0000] {dagbag.py:541} INFO - Filling up the DagBag from /home/airflow/.local/lib/python3.7/site-packages/airflow/example_dags/example_short_circuit_operator.py
[2025-10-21T00:55:15.501+0000] {processor.py:836} INFO - DAG(s) dict_keys(['example_short_circuit_operator']) retrieved from /home/airflow/.local/lib/python3.7/site-packages/airflow/example_dags/example_short_circuit_operator.py
[2025-10-21T00:55:15.556+0000] {logging_mixin.py:149} INFO - [2025-10-21T00:55:15.556+0000] {dag.py:2726} INFO - Sync 1 DAGs
[2025-10-21T00:55:15.614+0000] {logging_mixin.py:149} INFO - [2025-10-21T00:55:15.614+0000] {dag.py:3490} INFO - Setting next_dagrun for example_short_circuit_operator to 2025-10-20T00:55:15.613985+00:00, run_after=2025-10-21T00:55:15.613985+00:00
[2025-10-21T00:55:15.660+0000] {processor.py:179} INFO - Processing /home/airflow/.local/lib/python3.7/site-packages/airflow/example_dags/example_short_circuit_operator.py took 0.185 seconds
[2025-10-21T00:55:46.039+0000] {processor.py:157} INFO - Started process (PID=859) to work on /home/airflow/.local/lib/python3.7/site-packages/airflow/example_dags/example_short_circuit_operator.py
[2025-10-21T00:55:46.041+0000] {processor.py:826} INFO - Processing file /home/airflow/.local/lib/python3.7/site-packages/airflow/example_dags/example_short_circuit_operator.py for tasks to queue
[2025-10-21T00:55:46.043+0000] {logging_mixin.py:149} INFO - [2025-10-21T00:55:46.043+0000] {dagbag.py:541} INFO - Filling up the DagBag from /home/airflow/.local/lib/python3.7/site-packages/airflow/example_dags/example_short_circuit_operator.py
[2025-10-21T00:55:46.058+0000] {processor.py:836} INFO - DAG(s) dict_keys(['example_short_circuit_operator']) retrieved from /home/airflow/.local/lib/python3.7/site-packages/airflow/example_dags/example_short_circuit_operator.py
[2025-10-21T00:55:46.111+0000] {logging_mixin.py:149} INFO - [2025-10-21T00:55:46.111+0000] {dag.py:2726} INFO - Sync 1 DAGs
[2025-10-21T00:55:46.161+0000] {logging_mixin.py:149} INFO - [2025-10-21T00:55:46.160+0000] {dag.py:3490} INFO - Setting next_dagrun for example_short_circuit_operator to 2025-10-20T00:55:46.160400+00:00, run_after=2025-10-21T00:55:46.160400+00:00
[2025-10-21T00:55:46.203+0000] {processor.py:179} INFO - Processing /home/airflow/.local/lib/python3.7/site-packages/airflow/example_dags/example_short_circuit_operator.py took 0.172 seconds
[2025-10-21T00:56:16.703+0000] {processor.py:157} INFO - Started process (PID=925) to work on /home/airflow/.local/lib/python3.7/site-packages/airflow/example_dags/example_short_circuit_operator.py
[2025-10-21T00:56:16.705+0000] {processor.py:826} INFO - Processing file /home/airflow/.local/lib/python3.7/site-packages/airflow/example_dags/example_short_circuit_operator.py for tasks to queue
[2025-10-21T00:56:16.708+0000] {logging_mixin.py:149} INFO - [2025-10-21T00:56:16.707+0000] {dagbag.py:541} INFO - Filling up the DagBag from /home/airflow/.local/lib/python3.7/site-packages/airflow/example_dags/example_short_circuit_operator.py
[2025-10-21T00:56:16.730+0000] {processor.py:836} INFO - DAG(s) dict_keys(['example_short_circuit_operator']) retrieved from /home/airflow/.local/lib/python3.7/site-packages/airflow/example_dags/example_short_circuit_operator.py
[2025-10-21T00:56:16.790+0000] {logging_mixin.py:149} INFO - [2025-10-21T00:56:16.790+0000] {dag.py:2726} INFO - Sync 1 DAGs
[2025-10-21T00:56:16.841+0000] {logging_mixin.py:149} INFO - [2025-10-21T00:56:16.840+0000] {dag.py:3490} INFO - Setting next_dagrun for example_short_circuit_operator to 2025-10-20T00:56:16.840217+00:00, run_after=2025-10-21T00:56:16.840217+00:00
[2025-10-21T00:56:16.885+0000] {processor.py:179} INFO - Processing /home/airflow/.local/lib/python3.7/site-packages/airflow/example_dags/example_short_circuit_operator.py took 0.190 seconds
[2025-10-21T00:56:47.416+0000] {processor.py:157} INFO - Started process (PID=992) to work on /home/airflow/.local/lib/python3.7/site-packages/airflow/example_dags/example_short_circuit_operator.py
[2025-10-21T00:56:47.418+0000] {processor.py:826} INFO - Processing file /home/airflow/.local/lib/python3.7/site-packages/airflow/example_dags/example_short_circuit_operator.py for tasks to queue
[2025-10-21T00:56:47.420+0000] {logging_mixin.py:149} INFO - [2025-10-21T00:56:47.420+0000] {dagbag.py:541} INFO - Filling up the DagBag from /home/airflow/.local/lib/python3.7/site-packages/airflow/example_dags/example_short_circuit_operator.py
[2025-10-21T00:56:47.435+0000] {processor.py:836} INFO - DAG(s) dict_keys(['example_short_circuit_operator']) retrieved from /home/airflow/.local/lib/python3.7/site-packages/airflow/example_dags/example_short_circuit_operator.py
[2025-10-21T00:56:47.497+0000] {logging_mixin.py:149} INFO - [2025-10-21T00:56:47.497+0000] {dag.py:2726} INFO - Sync 1 DAGs
[2025-10-21T00:56:47.549+0000] {logging_mixin.py:149} INFO - [2025-10-21T00:56:47.549+0000] {dag.py:3490} INFO - Setting next_dagrun for example_short_circuit_operator to 2025-10-20T00:56:47.549169+00:00, run_after=2025-10-21T00:56:47.549169+00:00
[2025-10-21T00:56:47.594+0000] {processor.py:179} INFO - Processing /home/airflow/.local/lib/python3.7/site-packages/airflow/example_dags/example_short_circuit_operator.py took 0.184 seconds
[2025-10-21T00:57:18.233+0000] {processor.py:157} INFO - Started process (PID=1058) to work on /home/airflow/.local/lib/python3.7/site-packages/airflow/example_dags/example_short_circuit_operator.py
[2025-10-21T00:57:18.236+0000] {processor.py:826} INFO - Processing file /home/airflow/.local/lib/python3.7/site-packages/airflow/example_dags/example_short_circuit_operator.py for tasks to queue
[2025-10-21T00:57:18.239+0000] {logging_mixin.py:149} INFO - [2025-10-21T00:57:18.239+0000] {dagbag.py:541} INFO - Filling up the DagBag from /home/airflow/.local/lib/python3.7/site-packages/airflow/example_dags/example_short_circuit_operator.py
[2025-10-21T00:57:18.264+0000] {processor.py:836} INFO - DAG(s) dict_keys(['example_short_circuit_operator']) retrieved from /home/airflow/.local/lib/python3.7/site-packages/airflow/example_dags/example_short_circuit_operator.py
[2025-10-21T00:57:18.385+0000] {logging_mixin.py:149} INFO - [2025-10-21T00:57:18.385+0000] {dag.py:2726} INFO - Sync 1 DAGs
[2025-10-21T00:57:18.483+0000] {logging_mixin.py:149} INFO - [2025-10-21T00:57:18.482+0000] {dag.py:3490} INFO - Setting next_dagrun for example_short_circuit_operator to 2025-10-20T00:57:18.482005+00:00, run_after=2025-10-21T00:57:18.482005+00:00
[2025-10-21T00:57:18.534+0000] {processor.py:179} INFO - Processing /home/airflow/.local/lib/python3.7/site-packages/airflow/example_dags/example_short_circuit_operator.py took 0.311 seconds
[2025-10-21T00:57:48.742+0000] {processor.py:157} INFO - Started process (PID=1123) to work on /home/airflow/.local/lib/python3.7/site-packages/airflow/example_dags/example_short_circuit_operator.py
[2025-10-21T00:57:48.744+0000] {processor.py:826} INFO - Processing file /home/airflow/.local/lib/python3.7/site-packages/airflow/example_dags/example_short_circuit_operator.py for tasks to queue
[2025-10-21T00:57:48.746+0000] {logging_mixin.py:149} INFO - [2025-10-21T00:57:48.746+0000] {dagbag.py:541} INFO - Filling up the DagBag from /home/airflow/.local/lib/python3.7/site-packages/airflow/example_dags/example_short_circuit_operator.py
[2025-10-21T00:57:48.766+0000] {processor.py:836} INFO - DAG(s) dict_keys(['example_short_circuit_operator']) retrieved from /home/airflow/.local/lib/python3.7/site-packages/airflow/example_dags/example_short_circuit_operator.py
[2025-10-21T00:57:48.819+0000] {logging_mixin.py:149} INFO - [2025-10-21T00:57:48.818+0000] {dag.py:2726} INFO - Sync 1 DAGs
[2025-10-21T00:57:48.871+0000] {logging_mixin.py:149} INFO - [2025-10-21T00:57:48.871+0000] {dag.py:3490} INFO - Setting next_dagrun for example_short_circuit_operator to 2025-10-20T00:57:48.870755+00:00, run_after=2025-10-21T00:57:48.870755+00:00
[2025-10-21T00:57:48.920+0000] {processor.py:179} INFO - Processing /home/airflow/.local/lib/python3.7/site-packages/airflow/example_dags/example_short_circuit_operator.py took 0.186 seconds
[2025-10-21T00:58:19.064+0000] {processor.py:157} INFO - Started process (PID=1190) to work on /home/airflow/.local/lib/python3.7/site-packages/airflow/example_dags/example_short_circuit_operator.py
[2025-10-21T00:58:19.066+0000] {processor.py:826} INFO - Processing file /home/airflow/.local/lib/python3.7/site-packages/airflow/example_dags/example_short_circuit_operator.py for tasks to queue
[2025-10-21T00:58:19.068+0000] {logging_mixin.py:149} INFO - [2025-10-21T00:58:19.067+0000] {dagbag.py:541} INFO - Filling up the DagBag from /home/airflow/.local/lib/python3.7/site-packages/airflow/example_dags/example_short_circuit_operator.py
[2025-10-21T00:58:19.083+0000] {processor.py:836} INFO - DAG(s) dict_keys(['example_short_circuit_operator']) retrieved from /home/airflow/.local/lib/python3.7/site-packages/airflow/example_dags/example_short_circuit_operator.py
[2025-10-21T00:58:19.148+0000] {logging_mixin.py:149} INFO - [2025-10-21T00:58:19.148+0000] {dag.py:2726} INFO - Sync 1 DAGs
[2025-10-21T00:58:19.200+0000] {logging_mixin.py:149} INFO - [2025-10-21T00:58:19.200+0000] {dag.py:3490} INFO - Setting next_dagrun for example_short_circuit_operator to 2025-10-20T00:58:19.199875+00:00, run_after=2025-10-21T00:58:19.199875+00:00
[2025-10-21T00:58:19.246+0000] {processor.py:179} INFO - Processing /home/airflow/.local/lib/python3.7/site-packages/airflow/example_dags/example_short_circuit_operator.py took 0.191 seconds
[2025-10-21T00:58:49.355+0000] {processor.py:157} INFO - Started process (PID=1257) to work on /home/airflow/.local/lib/python3.7/site-packages/airflow/example_dags/example_short_circuit_operator.py
[2025-10-21T00:58:49.357+0000] {processor.py:826} INFO - Processing file /home/airflow/.local/lib/python3.7/site-packages/airflow/example_dags/example_short_circuit_operator.py for tasks to queue
[2025-10-21T00:58:49.359+0000] {logging_mixin.py:149} INFO - [2025-10-21T00:58:49.359+0000] {dagbag.py:541} INFO - Filling up the DagBag from /home/airflow/.local/lib/python3.7/site-packages/airflow/example_dags/example_short_circuit_operator.py
[2025-10-21T00:58:49.376+0000] {processor.py:836} INFO - DAG(s) dict_keys(['example_short_circuit_operator']) retrieved from /home/airflow/.local/lib/python3.7/site-packages/airflow/example_dags/example_short_circuit_operator.py
[2025-10-21T00:58:49.435+0000] {logging_mixin.py:149} INFO - [2025-10-21T00:58:49.435+0000] {dag.py:2726} INFO - Sync 1 DAGs
[2025-10-21T00:58:49.483+0000] {logging_mixin.py:149} INFO - [2025-10-21T00:58:49.482+0000] {dag.py:3490} INFO - Setting next_dagrun for example_short_circuit_operator to 2025-10-20T00:58:49.482390+00:00, run_after=2025-10-21T00:58:49.482390+00:00
[2025-10-21T00:58:49.527+0000] {processor.py:179} INFO - Processing /home/airflow/.local/lib/python3.7/site-packages/airflow/example_dags/example_short_circuit_operator.py took 0.178 seconds
[2025-10-21T00:59:19.695+0000] {processor.py:157} INFO - Started process (PID=1324) to work on /home/airflow/.local/lib/python3.7/site-packages/airflow/example_dags/example_short_circuit_operator.py
[2025-10-21T00:59:19.698+0000] {processor.py:826} INFO - Processing file /home/airflow/.local/lib/python3.7/site-packages/airflow/example_dags/example_short_circuit_operator.py for tasks to queue
[2025-10-21T00:59:19.699+0000] {logging_mixin.py:149} INFO - [2025-10-21T00:59:19.699+0000] {dagbag.py:541} INFO - Filling up the DagBag from /home/airflow/.local/lib/python3.7/site-packages/airflow/example_dags/example_short_circuit_operator.py
[2025-10-21T00:59:19.712+0000] {processor.py:836} INFO - DAG(s) dict_keys(['example_short_circuit_operator']) retrieved from /home/airflow/.local/lib/python3.7/site-packages/airflow/example_dags/example_short_circuit_operator.py
[2025-10-21T00:59:19.762+0000] {logging_mixin.py:149} INFO - [2025-10-21T00:59:19.762+0000] {dag.py:2726} INFO - Sync 1 DAGs
[2025-10-21T00:59:19.805+0000] {logging_mixin.py:149} INFO - [2025-10-21T00:59:19.804+0000] {dag.py:3490} INFO - Setting next_dagrun for example_short_circuit_operator to 2025-10-20T00:59:19.804571+00:00, run_after=2025-10-21T00:59:19.804571+00:00
[2025-10-21T00:59:19.839+0000] {processor.py:179} INFO - Processing /home/airflow/.local/lib/python3.7/site-packages/airflow/example_dags/example_short_circuit_operator.py took 0.151 seconds
[2025-10-21T00:59:50.489+0000] {processor.py:157} INFO - Started process (PID=1390) to work on /home/airflow/.local/lib/python3.7/site-packages/airflow/example_dags/example_short_circuit_operator.py
[2025-10-21T00:59:50.491+0000] {processor.py:826} INFO - Processing file /home/airflow/.local/lib/python3.7/site-packages/airflow/example_dags/example_short_circuit_operator.py for tasks to queue
[2025-10-21T00:59:50.493+0000] {logging_mixin.py:149} INFO - [2025-10-21T00:59:50.492+0000] {dagbag.py:541} INFO - Filling up the DagBag from /home/airflow/.local/lib/python3.7/site-packages/airflow/example_dags/example_short_circuit_operator.py
[2025-10-21T00:59:50.509+0000] {processor.py:836} INFO - DAG(s) dict_keys(['example_short_circuit_operator']) retrieved from /home/airflow/.local/lib/python3.7/site-packages/airflow/example_dags/example_short_circuit_operator.py
[2025-10-21T00:59:50.558+0000] {logging_mixin.py:149} INFO - [2025-10-21T00:59:50.558+0000] {dag.py:2726} INFO - Sync 1 DAGs
[2025-10-21T00:59:50.605+0000] {logging_mixin.py:149} INFO - [2025-10-21T00:59:50.605+0000] {dag.py:3490} INFO - Setting next_dagrun for example_short_circuit_operator to 2025-10-20T00:59:50.604770+00:00, run_after=2025-10-21T00:59:50.604770+00:00
[2025-10-21T00:59:50.649+0000] {processor.py:179} INFO - Processing /home/airflow/.local/lib/python3.7/site-packages/airflow/example_dags/example_short_circuit_operator.py took 0.166 seconds
[2025-10-21T01:00:21.584+0000] {processor.py:157} INFO - Started process (PID=1456) to work on /home/airflow/.local/lib/python3.7/site-packages/airflow/example_dags/example_short_circuit_operator.py
[2025-10-21T01:00:21.586+0000] {processor.py:826} INFO - Processing file /home/airflow/.local/lib/python3.7/site-packages/airflow/example_dags/example_short_circuit_operator.py for tasks to queue
[2025-10-21T01:00:21.588+0000] {logging_mixin.py:149} INFO - [2025-10-21T01:00:21.588+0000] {dagbag.py:541} INFO - Filling up the DagBag from /home/airflow/.local/lib/python3.7/site-packages/airflow/example_dags/example_short_circuit_operator.py
[2025-10-21T01:00:21.603+0000] {processor.py:836} INFO - DAG(s) dict_keys(['example_short_circuit_operator']) retrieved from /home/airflow/.local/lib/python3.7/site-packages/airflow/example_dags/example_short_circuit_operator.py
[2025-10-21T01:00:21.657+0000] {logging_mixin.py:149} INFO - [2025-10-21T01:00:21.657+0000] {dag.py:2726} INFO - Sync 1 DAGs
[2025-10-21T01:00:21.707+0000] {logging_mixin.py:149} INFO - [2025-10-21T01:00:21.707+0000] {dag.py:3490} INFO - Setting next_dagrun for example_short_circuit_operator to 2025-10-20T01:00:21.707100+00:00, run_after=2025-10-21T01:00:21.707100+00:00
[2025-10-21T01:00:21.752+0000] {processor.py:179} INFO - Processing /home/airflow/.local/lib/python3.7/site-packages/airflow/example_dags/example_short_circuit_operator.py took 0.175 seconds
[2025-10-21T01:00:52.258+0000] {processor.py:157} INFO - Started process (PID=1522) to work on /home/airflow/.local/lib/python3.7/site-packages/airflow/example_dags/example_short_circuit_operator.py
[2025-10-21T01:00:52.260+0000] {processor.py:826} INFO - Processing file /home/airflow/.local/lib/python3.7/site-packages/airflow/example_dags/example_short_circuit_operator.py for tasks to queue
[2025-10-21T01:00:52.261+0000] {logging_mixin.py:149} INFO - [2025-10-21T01:00:52.261+0000] {dagbag.py:541} INFO - Filling up the DagBag from /home/airflow/.local/lib/python3.7/site-packages/airflow/example_dags/example_short_circuit_operator.py
[2025-10-21T01:00:52.283+0000] {processor.py:836} INFO - DAG(s) dict_keys(['example_short_circuit_operator']) retrieved from /home/airflow/.local/lib/python3.7/site-packages/airflow/example_dags/example_short_circuit_operator.py
[2025-10-21T01:00:52.336+0000] {logging_mixin.py:149} INFO - [2025-10-21T01:00:52.336+0000] {dag.py:2726} INFO - Sync 1 DAGs
[2025-10-21T01:00:52.386+0000] {logging_mixin.py:149} INFO - [2025-10-21T01:00:52.385+0000] {dag.py:3490} INFO - Setting next_dagrun for example_short_circuit_operator to 2025-10-20T01:00:52.385535+00:00, run_after=2025-10-21T01:00:52.385535+00:00
[2025-10-21T01:00:52.427+0000] {processor.py:179} INFO - Processing /home/airflow/.local/lib/python3.7/site-packages/airflow/example_dags/example_short_circuit_operator.py took 0.174 seconds
[2025-10-21T01:01:23.111+0000] {processor.py:157} INFO - Started process (PID=1588) to work on /home/airflow/.local/lib/python3.7/site-packages/airflow/example_dags/example_short_circuit_operator.py
[2025-10-21T01:01:23.112+0000] {processor.py:826} INFO - Processing file /home/airflow/.local/lib/python3.7/site-packages/airflow/example_dags/example_short_circuit_operator.py for tasks to queue
[2025-10-21T01:01:23.114+0000] {logging_mixin.py:149} INFO - [2025-10-21T01:01:23.114+0000] {dagbag.py:541} INFO - Filling up the DagBag from /home/airflow/.local/lib/python3.7/site-packages/airflow/example_dags/example_short_circuit_operator.py
[2025-10-21T01:01:23.128+0000] {processor.py:836} INFO - DAG(s) dict_keys(['example_short_circuit_operator']) retrieved from /home/airflow/.local/lib/python3.7/site-packages/airflow/example_dags/example_short_circuit_operator.py
[2025-10-21T01:01:23.175+0000] {logging_mixin.py:149} INFO - [2025-10-21T01:01:23.174+0000] {dag.py:2726} INFO - Sync 1 DAGs
[2025-10-21T01:01:23.223+0000] {logging_mixin.py:149} INFO - [2025-10-21T01:01:23.223+0000] {dag.py:3490} INFO - Setting next_dagrun for example_short_circuit_operator to 2025-10-20T01:01:23.223132+00:00, run_after=2025-10-21T01:01:23.223132+00:00
[2025-10-21T01:01:23.263+0000] {processor.py:179} INFO - Processing /home/airflow/.local/lib/python3.7/site-packages/airflow/example_dags/example_short_circuit_operator.py took 0.159 seconds
[2025-10-21T01:01:53.736+0000] {processor.py:157} INFO - Started process (PID=1654) to work on /home/airflow/.local/lib/python3.7/site-packages/airflow/example_dags/example_short_circuit_operator.py
[2025-10-21T01:01:53.738+0000] {processor.py:826} INFO - Processing file /home/airflow/.local/lib/python3.7/site-packages/airflow/example_dags/example_short_circuit_operator.py for tasks to queue
[2025-10-21T01:01:53.741+0000] {logging_mixin.py:149} INFO - [2025-10-21T01:01:53.740+0000] {dagbag.py:541} INFO - Filling up the DagBag from /home/airflow/.local/lib/python3.7/site-packages/airflow/example_dags/example_short_circuit_operator.py
[2025-10-21T01:01:53.757+0000] {processor.py:836} INFO - DAG(s) dict_keys(['example_short_circuit_operator']) retrieved from /home/airflow/.local/lib/python3.7/site-packages/airflow/example_dags/example_short_circuit_operator.py
[2025-10-21T01:01:53.817+0000] {logging_mixin.py:149} INFO - [2025-10-21T01:01:53.817+0000] {dag.py:2726} INFO - Sync 1 DAGs
[2025-10-21T01:01:53.872+0000] {logging_mixin.py:149} INFO - [2025-10-21T01:01:53.871+0000] {dag.py:3490} INFO - Setting next_dagrun for example_short_circuit_operator to 2025-10-20T01:01:53.871066+00:00, run_after=2025-10-21T01:01:53.871066+00:00
[2025-10-21T01:01:53.925+0000] {processor.py:179} INFO - Processing /home/airflow/.local/lib/python3.7/site-packages/airflow/example_dags/example_short_circuit_operator.py took 0.196 seconds
[2025-10-21T01:02:24.489+0000] {processor.py:157} INFO - Started process (PID=1720) to work on /home/airflow/.local/lib/python3.7/site-packages/airflow/example_dags/example_short_circuit_operator.py
[2025-10-21T01:02:24.491+0000] {processor.py:826} INFO - Processing file /home/airflow/.local/lib/python3.7/site-packages/airflow/example_dags/example_short_circuit_operator.py for tasks to queue
[2025-10-21T01:02:24.494+0000] {logging_mixin.py:149} INFO - [2025-10-21T01:02:24.493+0000] {dagbag.py:541} INFO - Filling up the DagBag from /home/airflow/.local/lib/python3.7/site-packages/airflow/example_dags/example_short_circuit_operator.py
[2025-10-21T01:02:24.521+0000] {processor.py:836} INFO - DAG(s) dict_keys(['example_short_circuit_operator']) retrieved from /home/airflow/.local/lib/python3.7/site-packages/airflow/example_dags/example_short_circuit_operator.py
[2025-10-21T01:02:24.608+0000] {logging_mixin.py:149} INFO - [2025-10-21T01:02:24.607+0000] {dag.py:2726} INFO - Sync 1 DAGs
[2025-10-21T01:02:24.704+0000] {logging_mixin.py:149} INFO - [2025-10-21T01:02:24.703+0000] {dag.py:3490} INFO - Setting next_dagrun for example_short_circuit_operator to 2025-10-20T01:02:24.703084+00:00, run_after=2025-10-21T01:02:24.703084+00:00
[2025-10-21T01:02:24.756+0000] {processor.py:179} INFO - Processing /home/airflow/.local/lib/python3.7/site-packages/airflow/example_dags/example_short_circuit_operator.py took 0.275 seconds
[2025-10-21T01:02:55.522+0000] {processor.py:157} INFO - Started process (PID=1786) to work on /home/airflow/.local/lib/python3.7/site-packages/airflow/example_dags/example_short_circuit_operator.py
[2025-10-21T01:02:55.525+0000] {processor.py:826} INFO - Processing file /home/airflow/.local/lib/python3.7/site-packages/airflow/example_dags/example_short_circuit_operator.py for tasks to queue
[2025-10-21T01:02:55.527+0000] {logging_mixin.py:149} INFO - [2025-10-21T01:02:55.527+0000] {dagbag.py:541} INFO - Filling up the DagBag from /home/airflow/.local/lib/python3.7/site-packages/airflow/example_dags/example_short_circuit_operator.py
[2025-10-21T01:02:55.546+0000] {processor.py:836} INFO - DAG(s) dict_keys(['example_short_circuit_operator']) retrieved from /home/airflow/.local/lib/python3.7/site-packages/airflow/example_dags/example_short_circuit_operator.py
[2025-10-21T01:02:55.598+0000] {logging_mixin.py:149} INFO - [2025-10-21T01:02:55.598+0000] {dag.py:2726} INFO - Sync 1 DAGs
[2025-10-21T01:02:55.656+0000] {logging_mixin.py:149} INFO - [2025-10-21T01:02:55.655+0000] {dag.py:3490} INFO - Setting next_dagrun for example_short_circuit_operator to 2025-10-20T01:02:55.654908+00:00, run_after=2025-10-21T01:02:55.654908+00:00
[2025-10-21T01:02:55.707+0000] {processor.py:179} INFO - Processing /home/airflow/.local/lib/python3.7/site-packages/airflow/example_dags/example_short_circuit_operator.py took 0.193 seconds
[2025-10-21T01:03:26.228+0000] {processor.py:157} INFO - Started process (PID=1853) to work on /home/airflow/.local/lib/python3.7/site-packages/airflow/example_dags/example_short_circuit_operator.py
[2025-10-21T01:03:26.230+0000] {processor.py:826} INFO - Processing file /home/airflow/.local/lib/python3.7/site-packages/airflow/example_dags/example_short_circuit_operator.py for tasks to queue
[2025-10-21T01:03:26.232+0000] {logging_mixin.py:149} INFO - [2025-10-21T01:03:26.232+0000] {dagbag.py:541} INFO - Filling up the DagBag from /home/airflow/.local/lib/python3.7/site-packages/airflow/example_dags/example_short_circuit_operator.py
[2025-10-21T01:03:26.253+0000] {processor.py:836} INFO - DAG(s) dict_keys(['example_short_circuit_operator']) retrieved from /home/airflow/.local/lib/python3.7/site-packages/airflow/example_dags/example_short_circuit_operator.py
[2025-10-21T01:03:26.311+0000] {logging_mixin.py:149} INFO - [2025-10-21T01:03:26.311+0000] {dag.py:2726} INFO - Sync 1 DAGs
[2025-10-21T01:03:26.370+0000] {logging_mixin.py:149} INFO - [2025-10-21T01:03:26.370+0000] {dag.py:3490} INFO - Setting next_dagrun for example_short_circuit_operator to 2025-10-20T01:03:26.370046+00:00, run_after=2025-10-21T01:03:26.370046+00:00
[2025-10-21T01:03:26.416+0000] {processor.py:179} INFO - Processing /home/airflow/.local/lib/python3.7/site-packages/airflow/example_dags/example_short_circuit_operator.py took 0.196 seconds
[2025-10-21T01:03:56.730+0000] {processor.py:157} INFO - Started process (PID=1919) to work on /home/airflow/.local/lib/python3.7/site-packages/airflow/example_dags/example_short_circuit_operator.py
[2025-10-21T01:03:56.732+0000] {processor.py:826} INFO - Processing file /home/airflow/.local/lib/python3.7/site-packages/airflow/example_dags/example_short_circuit_operator.py for tasks to queue
[2025-10-21T01:03:56.734+0000] {logging_mixin.py:149} INFO - [2025-10-21T01:03:56.734+0000] {dagbag.py:541} INFO - Filling up the DagBag from /home/airflow/.local/lib/python3.7/site-packages/airflow/example_dags/example_short_circuit_operator.py
[2025-10-21T01:03:56.751+0000] {processor.py:836} INFO - DAG(s) dict_keys(['example_short_circuit_operator']) retrieved from /home/airflow/.local/lib/python3.7/site-packages/airflow/example_dags/example_short_circuit_operator.py
[2025-10-21T01:03:56.800+0000] {logging_mixin.py:149} INFO - [2025-10-21T01:03:56.800+0000] {dag.py:2726} INFO - Sync 1 DAGs
[2025-10-21T01:03:56.865+0000] {logging_mixin.py:149} INFO - [2025-10-21T01:03:56.865+0000] {dag.py:3490} INFO - Setting next_dagrun for example_short_circuit_operator to 2025-10-20T01:03:56.864460+00:00, run_after=2025-10-21T01:03:56.864460+00:00
[2025-10-21T01:03:56.908+0000] {processor.py:179} INFO - Processing /home/airflow/.local/lib/python3.7/site-packages/airflow/example_dags/example_short_circuit_operator.py took 0.183 seconds
[2025-10-21T01:04:27.598+0000] {processor.py:157} INFO - Started process (PID=1985) to work on /home/airflow/.local/lib/python3.7/site-packages/airflow/example_dags/example_short_circuit_operator.py
[2025-10-21T01:04:27.601+0000] {processor.py:826} INFO - Processing file /home/airflow/.local/lib/python3.7/site-packages/airflow/example_dags/example_short_circuit_operator.py for tasks to queue
[2025-10-21T01:04:27.603+0000] {logging_mixin.py:149} INFO - [2025-10-21T01:04:27.603+0000] {dagbag.py:541} INFO - Filling up the DagBag from /home/airflow/.local/lib/python3.7/site-packages/airflow/example_dags/example_short_circuit_operator.py
[2025-10-21T01:04:27.621+0000] {processor.py:836} INFO - DAG(s) dict_keys(['example_short_circuit_operator']) retrieved from /home/airflow/.local/lib/python3.7/site-packages/airflow/example_dags/example_short_circuit_operator.py
[2025-10-21T01:04:27.672+0000] {logging_mixin.py:149} INFO - [2025-10-21T01:04:27.672+0000] {dag.py:2726} INFO - Sync 1 DAGs
[2025-10-21T01:04:27.725+0000] {logging_mixin.py:149} INFO - [2025-10-21T01:04:27.725+0000] {dag.py:3490} INFO - Setting next_dagrun for example_short_circuit_operator to 2025-10-20T01:04:27.724849+00:00, run_after=2025-10-21T01:04:27.724849+00:00
[2025-10-21T01:04:27.764+0000] {processor.py:179} INFO - Processing /home/airflow/.local/lib/python3.7/site-packages/airflow/example_dags/example_short_circuit_operator.py took 0.173 seconds
[2025-10-21T01:04:58.636+0000] {processor.py:157} INFO - Started process (PID=2051) to work on /home/airflow/.local/lib/python3.7/site-packages/airflow/example_dags/example_short_circuit_operator.py
[2025-10-21T01:04:58.638+0000] {processor.py:826} INFO - Processing file /home/airflow/.local/lib/python3.7/site-packages/airflow/example_dags/example_short_circuit_operator.py for tasks to queue
[2025-10-21T01:04:58.640+0000] {logging_mixin.py:149} INFO - [2025-10-21T01:04:58.640+0000] {dagbag.py:541} INFO - Filling up the DagBag from /home/airflow/.local/lib/python3.7/site-packages/airflow/example_dags/example_short_circuit_operator.py
[2025-10-21T01:04:58.655+0000] {processor.py:836} INFO - DAG(s) dict_keys(['example_short_circuit_operator']) retrieved from /home/airflow/.local/lib/python3.7/site-packages/airflow/example_dags/example_short_circuit_operator.py
[2025-10-21T01:04:58.710+0000] {logging_mixin.py:149} INFO - [2025-10-21T01:04:58.710+0000] {dag.py:2726} INFO - Sync 1 DAGs
[2025-10-21T01:04:58.763+0000] {logging_mixin.py:149} INFO - [2025-10-21T01:04:58.762+0000] {dag.py:3490} INFO - Setting next_dagrun for example_short_circuit_operator to 2025-10-20T01:04:58.762275+00:00, run_after=2025-10-21T01:04:58.762275+00:00
[2025-10-21T01:04:58.798+0000] {processor.py:179} INFO - Processing /home/airflow/.local/lib/python3.7/site-packages/airflow/example_dags/example_short_circuit_operator.py took 0.169 seconds
[2025-10-21T01:05:29.414+0000] {processor.py:157} INFO - Started process (PID=2117) to work on /home/airflow/.local/lib/python3.7/site-packages/airflow/example_dags/example_short_circuit_operator.py
[2025-10-21T01:05:29.416+0000] {processor.py:826} INFO - Processing file /home/airflow/.local/lib/python3.7/site-packages/airflow/example_dags/example_short_circuit_operator.py for tasks to queue
[2025-10-21T01:05:29.418+0000] {logging_mixin.py:149} INFO - [2025-10-21T01:05:29.418+0000] {dagbag.py:541} INFO - Filling up the DagBag from /home/airflow/.local/lib/python3.7/site-packages/airflow/example_dags/example_short_circuit_operator.py
[2025-10-21T01:05:29.450+0000] {processor.py:836} INFO - DAG(s) dict_keys(['example_short_circuit_operator']) retrieved from /home/airflow/.local/lib/python3.7/site-packages/airflow/example_dags/example_short_circuit_operator.py
[2025-10-21T01:05:29.548+0000] {logging_mixin.py:149} INFO - [2025-10-21T01:05:29.548+0000] {dag.py:2726} INFO - Sync 1 DAGs
[2025-10-21T01:05:29.680+0000] {logging_mixin.py:149} INFO - [2025-10-21T01:05:29.670+0000] {dag.py:3490} INFO - Setting next_dagrun for example_short_circuit_operator to 2025-10-20T01:05:29.669514+00:00, run_after=2025-10-21T01:05:29.669514+00:00
[2025-10-21T01:05:29.787+0000] {processor.py:179} INFO - Processing /home/airflow/.local/lib/python3.7/site-packages/airflow/example_dags/example_short_circuit_operator.py took 0.380 seconds
[2025-10-21T01:06:00.282+0000] {processor.py:157} INFO - Started process (PID=2183) to work on /home/airflow/.local/lib/python3.7/site-packages/airflow/example_dags/example_short_circuit_operator.py
[2025-10-21T01:06:00.284+0000] {processor.py:826} INFO - Processing file /home/airflow/.local/lib/python3.7/site-packages/airflow/example_dags/example_short_circuit_operator.py for tasks to queue
[2025-10-21T01:06:00.286+0000] {logging_mixin.py:149} INFO - [2025-10-21T01:06:00.286+0000] {dagbag.py:541} INFO - Filling up the DagBag from /home/airflow/.local/lib/python3.7/site-packages/airflow/example_dags/example_short_circuit_operator.py
[2025-10-21T01:06:00.303+0000] {processor.py:836} INFO - DAG(s) dict_keys(['example_short_circuit_operator']) retrieved from /home/airflow/.local/lib/python3.7/site-packages/airflow/example_dags/example_short_circuit_operator.py
[2025-10-21T01:06:00.355+0000] {logging_mixin.py:149} INFO - [2025-10-21T01:06:00.355+0000] {dag.py:2726} INFO - Sync 1 DAGs
[2025-10-21T01:06:00.408+0000] {logging_mixin.py:149} INFO - [2025-10-21T01:06:00.408+0000] {dag.py:3490} INFO - Setting next_dagrun for example_short_circuit_operator to 2025-10-20T01:06:00.407987+00:00, run_after=2025-10-21T01:06:00.407987+00:00
[2025-10-21T01:06:00.449+0000] {processor.py:179} INFO - Processing /home/airflow/.local/lib/python3.7/site-packages/airflow/example_dags/example_short_circuit_operator.py took 0.173 seconds
[2025-10-21T01:06:30.857+0000] {processor.py:157} INFO - Started process (PID=2249) to work on /home/airflow/.local/lib/python3.7/site-packages/airflow/example_dags/example_short_circuit_operator.py
[2025-10-21T01:06:30.860+0000] {processor.py:826} INFO - Processing file /home/airflow/.local/lib/python3.7/site-packages/airflow/example_dags/example_short_circuit_operator.py for tasks to queue
[2025-10-21T01:06:30.862+0000] {logging_mixin.py:149} INFO - [2025-10-21T01:06:30.861+0000] {dagbag.py:541} INFO - Filling up the DagBag from /home/airflow/.local/lib/python3.7/site-packages/airflow/example_dags/example_short_circuit_operator.py
[2025-10-21T01:06:30.877+0000] {processor.py:836} INFO - DAG(s) dict_keys(['example_short_circuit_operator']) retrieved from /home/airflow/.local/lib/python3.7/site-packages/airflow/example_dags/example_short_circuit_operator.py
[2025-10-21T01:06:30.927+0000] {logging_mixin.py:149} INFO - [2025-10-21T01:06:30.927+0000] {dag.py:2726} INFO - Sync 1 DAGs
[2025-10-21T01:06:30.973+0000] {logging_mixin.py:149} INFO - [2025-10-21T01:06:30.972+0000] {dag.py:3490} INFO - Setting next_dagrun for example_short_circuit_operator to 2025-10-20T01:06:30.972270+00:00, run_after=2025-10-21T01:06:30.972270+00:00
[2025-10-21T01:06:31.019+0000] {processor.py:179} INFO - Processing /home/airflow/.local/lib/python3.7/site-packages/airflow/example_dags/example_short_circuit_operator.py took 0.170 seconds
[2025-10-21T01:07:01.707+0000] {processor.py:157} INFO - Started process (PID=2316) to work on /home/airflow/.local/lib/python3.7/site-packages/airflow/example_dags/example_short_circuit_operator.py
[2025-10-21T01:07:01.710+0000] {processor.py:826} INFO - Processing file /home/airflow/.local/lib/python3.7/site-packages/airflow/example_dags/example_short_circuit_operator.py for tasks to queue
[2025-10-21T01:07:01.712+0000] {logging_mixin.py:149} INFO - [2025-10-21T01:07:01.711+0000] {dagbag.py:541} INFO - Filling up the DagBag from /home/airflow/.local/lib/python3.7/site-packages/airflow/example_dags/example_short_circuit_operator.py
[2025-10-21T01:07:01.731+0000] {processor.py:836} INFO - DAG(s) dict_keys(['example_short_circuit_operator']) retrieved from /home/airflow/.local/lib/python3.7/site-packages/airflow/example_dags/example_short_circuit_operator.py
[2025-10-21T01:07:01.787+0000] {logging_mixin.py:149} INFO - [2025-10-21T01:07:01.787+0000] {dag.py:2726} INFO - Sync 1 DAGs
[2025-10-21T01:07:01.845+0000] {logging_mixin.py:149} INFO - [2025-10-21T01:07:01.845+0000] {dag.py:3490} INFO - Setting next_dagrun for example_short_circuit_operator to 2025-10-20T01:07:01.845281+00:00, run_after=2025-10-21T01:07:01.845281+00:00
[2025-10-21T01:07:01.889+0000] {processor.py:179} INFO - Processing /home/airflow/.local/lib/python3.7/site-packages/airflow/example_dags/example_short_circuit_operator.py took 0.191 seconds
[2025-10-21T01:07:32.398+0000] {processor.py:157} INFO - Started process (PID=2383) to work on /home/airflow/.local/lib/python3.7/site-packages/airflow/example_dags/example_short_circuit_operator.py
[2025-10-21T01:07:32.400+0000] {processor.py:826} INFO - Processing file /home/airflow/.local/lib/python3.7/site-packages/airflow/example_dags/example_short_circuit_operator.py for tasks to queue
[2025-10-21T01:07:32.402+0000] {logging_mixin.py:149} INFO - [2025-10-21T01:07:32.402+0000] {dagbag.py:541} INFO - Filling up the DagBag from /home/airflow/.local/lib/python3.7/site-packages/airflow/example_dags/example_short_circuit_operator.py
[2025-10-21T01:07:32.420+0000] {processor.py:836} INFO - DAG(s) dict_keys(['example_short_circuit_operator']) retrieved from /home/airflow/.local/lib/python3.7/site-packages/airflow/example_dags/example_short_circuit_operator.py
[2025-10-21T01:07:32.482+0000] {logging_mixin.py:149} INFO - [2025-10-21T01:07:32.482+0000] {dag.py:2726} INFO - Sync 1 DAGs
[2025-10-21T01:07:32.530+0000] {logging_mixin.py:149} INFO - [2025-10-21T01:07:32.530+0000] {dag.py:3490} INFO - Setting next_dagrun for example_short_circuit_operator to 2025-10-20T01:07:32.529777+00:00, run_after=2025-10-21T01:07:32.529777+00:00
[2025-10-21T01:07:32.574+0000] {processor.py:179} INFO - Processing /home/airflow/.local/lib/python3.7/site-packages/airflow/example_dags/example_short_circuit_operator.py took 0.182 seconds
[2025-10-21T01:08:02.921+0000] {processor.py:157} INFO - Started process (PID=2449) to work on /home/airflow/.local/lib/python3.7/site-packages/airflow/example_dags/example_short_circuit_operator.py
[2025-10-21T01:08:02.923+0000] {processor.py:826} INFO - Processing file /home/airflow/.local/lib/python3.7/site-packages/airflow/example_dags/example_short_circuit_operator.py for tasks to queue
[2025-10-21T01:08:02.927+0000] {logging_mixin.py:149} INFO - [2025-10-21T01:08:02.926+0000] {dagbag.py:541} INFO - Filling up the DagBag from /home/airflow/.local/lib/python3.7/site-packages/airflow/example_dags/example_short_circuit_operator.py
[2025-10-21T01:08:02.950+0000] {processor.py:836} INFO - DAG(s) dict_keys(['example_short_circuit_operator']) retrieved from /home/airflow/.local/lib/python3.7/site-packages/airflow/example_dags/example_short_circuit_operator.py
[2025-10-21T01:08:03.021+0000] {logging_mixin.py:149} INFO - [2025-10-21T01:08:03.020+0000] {dag.py:2726} INFO - Sync 1 DAGs
[2025-10-21T01:08:03.077+0000] {logging_mixin.py:149} INFO - [2025-10-21T01:08:03.077+0000] {dag.py:3490} INFO - Setting next_dagrun for example_short_circuit_operator to 2025-10-20T01:08:03.076891+00:00, run_after=2025-10-21T01:08:03.076891+00:00
[2025-10-21T01:08:03.120+0000] {processor.py:179} INFO - Processing /home/airflow/.local/lib/python3.7/site-packages/airflow/example_dags/example_short_circuit_operator.py took 0.209 seconds
[2025-10-21T01:08:34.068+0000] {processor.py:157} INFO - Started process (PID=2515) to work on /home/airflow/.local/lib/python3.7/site-packages/airflow/example_dags/example_short_circuit_operator.py
[2025-10-21T01:08:34.070+0000] {processor.py:826} INFO - Processing file /home/airflow/.local/lib/python3.7/site-packages/airflow/example_dags/example_short_circuit_operator.py for tasks to queue
[2025-10-21T01:08:34.073+0000] {logging_mixin.py:149} INFO - [2025-10-21T01:08:34.072+0000] {dagbag.py:541} INFO - Filling up the DagBag from /home/airflow/.local/lib/python3.7/site-packages/airflow/example_dags/example_short_circuit_operator.py
[2025-10-21T01:08:34.095+0000] {processor.py:836} INFO - DAG(s) dict_keys(['example_short_circuit_operator']) retrieved from /home/airflow/.local/lib/python3.7/site-packages/airflow/example_dags/example_short_circuit_operator.py
[2025-10-21T01:08:34.160+0000] {logging_mixin.py:149} INFO - [2025-10-21T01:08:34.160+0000] {dag.py:2726} INFO - Sync 1 DAGs
[2025-10-21T01:08:34.213+0000] {logging_mixin.py:149} INFO - [2025-10-21T01:08:34.213+0000] {dag.py:3490} INFO - Setting next_dagrun for example_short_circuit_operator to 2025-10-20T01:08:34.213103+00:00, run_after=2025-10-21T01:08:34.213103+00:00
[2025-10-21T01:08:34.263+0000] {processor.py:179} INFO - Processing /home/airflow/.local/lib/python3.7/site-packages/airflow/example_dags/example_short_circuit_operator.py took 0.203 seconds
[2025-10-21T01:09:04.828+0000] {processor.py:157} INFO - Started process (PID=2581) to work on /home/airflow/.local/lib/python3.7/site-packages/airflow/example_dags/example_short_circuit_operator.py
[2025-10-21T01:09:04.832+0000] {processor.py:826} INFO - Processing file /home/airflow/.local/lib/python3.7/site-packages/airflow/example_dags/example_short_circuit_operator.py for tasks to queue
[2025-10-21T01:09:04.835+0000] {logging_mixin.py:149} INFO - [2025-10-21T01:09:04.834+0000] {dagbag.py:541} INFO - Filling up the DagBag from /home/airflow/.local/lib/python3.7/site-packages/airflow/example_dags/example_short_circuit_operator.py
[2025-10-21T01:09:04.889+0000] {processor.py:836} INFO - DAG(s) dict_keys(['example_short_circuit_operator']) retrieved from /home/airflow/.local/lib/python3.7/site-packages/airflow/example_dags/example_short_circuit_operator.py
[2025-10-21T01:09:05.061+0000] {logging_mixin.py:149} INFO - [2025-10-21T01:09:05.060+0000] {dag.py:2726} INFO - Sync 1 DAGs
[2025-10-21T01:09:05.258+0000] {logging_mixin.py:149} INFO - [2025-10-21T01:09:05.258+0000] {dag.py:3490} INFO - Setting next_dagrun for example_short_circuit_operator to 2025-10-20T01:09:05.257483+00:00, run_after=2025-10-21T01:09:05.257483+00:00
[2025-10-21T01:09:05.438+0000] {processor.py:179} INFO - Processing /home/airflow/.local/lib/python3.7/site-packages/airflow/example_dags/example_short_circuit_operator.py took 0.631 seconds
[2025-10-21T01:09:35.705+0000] {processor.py:157} INFO - Started process (PID=2646) to work on /home/airflow/.local/lib/python3.7/site-packages/airflow/example_dags/example_short_circuit_operator.py
[2025-10-21T01:09:35.707+0000] {processor.py:826} INFO - Processing file /home/airflow/.local/lib/python3.7/site-packages/airflow/example_dags/example_short_circuit_operator.py for tasks to queue
[2025-10-21T01:09:35.708+0000] {logging_mixin.py:149} INFO - [2025-10-21T01:09:35.708+0000] {dagbag.py:541} INFO - Filling up the DagBag from /home/airflow/.local/lib/python3.7/site-packages/airflow/example_dags/example_short_circuit_operator.py
[2025-10-21T01:09:35.726+0000] {processor.py:836} INFO - DAG(s) dict_keys(['example_short_circuit_operator']) retrieved from /home/airflow/.local/lib/python3.7/site-packages/airflow/example_dags/example_short_circuit_operator.py
[2025-10-21T01:09:35.773+0000] {logging_mixin.py:149} INFO - [2025-10-21T01:09:35.773+0000] {dag.py:2726} INFO - Sync 1 DAGs
[2025-10-21T01:09:35.818+0000] {logging_mixin.py:149} INFO - [2025-10-21T01:09:35.818+0000] {dag.py:3490} INFO - Setting next_dagrun for example_short_circuit_operator to 2025-10-20T01:09:35.818152+00:00, run_after=2025-10-21T01:09:35.818152+00:00
[2025-10-21T01:09:35.859+0000] {processor.py:179} INFO - Processing /home/airflow/.local/lib/python3.7/site-packages/airflow/example_dags/example_short_circuit_operator.py took 0.160 seconds
[2025-10-21T01:10:05.935+0000] {processor.py:157} INFO - Started process (PID=2713) to work on /home/airflow/.local/lib/python3.7/site-packages/airflow/example_dags/example_short_circuit_operator.py
[2025-10-21T01:10:05.938+0000] {processor.py:826} INFO - Processing file /home/airflow/.local/lib/python3.7/site-packages/airflow/example_dags/example_short_circuit_operator.py for tasks to queue
[2025-10-21T01:10:05.941+0000] {logging_mixin.py:149} INFO - [2025-10-21T01:10:05.940+0000] {dagbag.py:541} INFO - Filling up the DagBag from /home/airflow/.local/lib/python3.7/site-packages/airflow/example_dags/example_short_circuit_operator.py
[2025-10-21T01:10:05.967+0000] {processor.py:836} INFO - DAG(s) dict_keys(['example_short_circuit_operator']) retrieved from /home/airflow/.local/lib/python3.7/site-packages/airflow/example_dags/example_short_circuit_operator.py
[2025-10-21T01:10:06.021+0000] {logging_mixin.py:149} INFO - [2025-10-21T01:10:06.020+0000] {dag.py:2726} INFO - Sync 1 DAGs
[2025-10-21T01:10:06.076+0000] {logging_mixin.py:149} INFO - [2025-10-21T01:10:06.076+0000] {dag.py:3490} INFO - Setting next_dagrun for example_short_circuit_operator to 2025-10-20T01:10:06.076004+00:00, run_after=2025-10-21T01:10:06.076004+00:00
[2025-10-21T01:10:06.119+0000] {processor.py:179} INFO - Processing /home/airflow/.local/lib/python3.7/site-packages/airflow/example_dags/example_short_circuit_operator.py took 0.194 seconds
[2025-10-21T01:10:36.899+0000] {processor.py:157} INFO - Started process (PID=2780) to work on /home/airflow/.local/lib/python3.7/site-packages/airflow/example_dags/example_short_circuit_operator.py
[2025-10-21T01:10:36.901+0000] {processor.py:826} INFO - Processing file /home/airflow/.local/lib/python3.7/site-packages/airflow/example_dags/example_short_circuit_operator.py for tasks to queue
[2025-10-21T01:10:36.903+0000] {logging_mixin.py:149} INFO - [2025-10-21T01:10:36.903+0000] {dagbag.py:541} INFO - Filling up the DagBag from /home/airflow/.local/lib/python3.7/site-packages/airflow/example_dags/example_short_circuit_operator.py
[2025-10-21T01:10:36.923+0000] {processor.py:836} INFO - DAG(s) dict_keys(['example_short_circuit_operator']) retrieved from /home/airflow/.local/lib/python3.7/site-packages/airflow/example_dags/example_short_circuit_operator.py
[2025-10-21T01:10:36.980+0000] {logging_mixin.py:149} INFO - [2025-10-21T01:10:36.980+0000] {dag.py:2726} INFO - Sync 1 DAGs
[2025-10-21T01:10:37.055+0000] {logging_mixin.py:149} INFO - [2025-10-21T01:10:37.055+0000] {dag.py:3490} INFO - Setting next_dagrun for example_short_circuit_operator to 2025-10-20T01:10:37.054437+00:00, run_after=2025-10-21T01:10:37.054437+00:00
[2025-10-21T01:10:37.104+0000] {processor.py:179} INFO - Processing /home/airflow/.local/lib/python3.7/site-packages/airflow/example_dags/example_short_circuit_operator.py took 0.213 seconds
[2025-10-21T01:11:07.633+0000] {processor.py:157} INFO - Started process (PID=2846) to work on /home/airflow/.local/lib/python3.7/site-packages/airflow/example_dags/example_short_circuit_operator.py
[2025-10-21T01:11:07.635+0000] {processor.py:826} INFO - Processing file /home/airflow/.local/lib/python3.7/site-packages/airflow/example_dags/example_short_circuit_operator.py for tasks to queue
[2025-10-21T01:11:07.637+0000] {logging_mixin.py:149} INFO - [2025-10-21T01:11:07.637+0000] {dagbag.py:541} INFO - Filling up the DagBag from /home/airflow/.local/lib/python3.7/site-packages/airflow/example_dags/example_short_circuit_operator.py
[2025-10-21T01:11:07.664+0000] {processor.py:836} INFO - DAG(s) dict_keys(['example_short_circuit_operator']) retrieved from /home/airflow/.local/lib/python3.7/site-packages/airflow/example_dags/example_short_circuit_operator.py
[2025-10-21T01:11:07.723+0000] {logging_mixin.py:149} INFO - [2025-10-21T01:11:07.723+0000] {dag.py:2726} INFO - Sync 1 DAGs
[2025-10-21T01:11:07.779+0000] {logging_mixin.py:149} INFO - [2025-10-21T01:11:07.779+0000] {dag.py:3490} INFO - Setting next_dagrun for example_short_circuit_operator to 2025-10-20T01:11:07.778979+00:00, run_after=2025-10-21T01:11:07.778979+00:00
[2025-10-21T01:11:07.822+0000] {processor.py:179} INFO - Processing /home/airflow/.local/lib/python3.7/site-packages/airflow/example_dags/example_short_circuit_operator.py took 0.196 seconds
[2025-10-21T01:11:38.140+0000] {processor.py:157} INFO - Started process (PID=2912) to work on /home/airflow/.local/lib/python3.7/site-packages/airflow/example_dags/example_short_circuit_operator.py
[2025-10-21T01:11:38.143+0000] {processor.py:826} INFO - Processing file /home/airflow/.local/lib/python3.7/site-packages/airflow/example_dags/example_short_circuit_operator.py for tasks to queue
[2025-10-21T01:11:38.145+0000] {logging_mixin.py:149} INFO - [2025-10-21T01:11:38.145+0000] {dagbag.py:541} INFO - Filling up the DagBag from /home/airflow/.local/lib/python3.7/site-packages/airflow/example_dags/example_short_circuit_operator.py
[2025-10-21T01:11:38.171+0000] {processor.py:836} INFO - DAG(s) dict_keys(['example_short_circuit_operator']) retrieved from /home/airflow/.local/lib/python3.7/site-packages/airflow/example_dags/example_short_circuit_operator.py
[2025-10-21T01:11:38.246+0000] {logging_mixin.py:149} INFO - [2025-10-21T01:11:38.246+0000] {dag.py:2726} INFO - Sync 1 DAGs
[2025-10-21T01:11:38.315+0000] {logging_mixin.py:149} INFO - [2025-10-21T01:11:38.315+0000] {dag.py:3490} INFO - Setting next_dagrun for example_short_circuit_operator to 2025-10-20T01:11:38.314795+00:00, run_after=2025-10-21T01:11:38.314795+00:00
[2025-10-21T01:11:38.365+0000] {processor.py:179} INFO - Processing /home/airflow/.local/lib/python3.7/site-packages/airflow/example_dags/example_short_circuit_operator.py took 0.236 seconds
[2025-10-21T01:12:08.621+0000] {processor.py:157} INFO - Started process (PID=2978) to work on /home/airflow/.local/lib/python3.7/site-packages/airflow/example_dags/example_short_circuit_operator.py
[2025-10-21T01:12:08.624+0000] {processor.py:826} INFO - Processing file /home/airflow/.local/lib/python3.7/site-packages/airflow/example_dags/example_short_circuit_operator.py for tasks to queue
[2025-10-21T01:12:08.625+0000] {logging_mixin.py:149} INFO - [2025-10-21T01:12:08.625+0000] {dagbag.py:541} INFO - Filling up the DagBag from /home/airflow/.local/lib/python3.7/site-packages/airflow/example_dags/example_short_circuit_operator.py
[2025-10-21T01:12:08.645+0000] {processor.py:836} INFO - DAG(s) dict_keys(['example_short_circuit_operator']) retrieved from /home/airflow/.local/lib/python3.7/site-packages/airflow/example_dags/example_short_circuit_operator.py
[2025-10-21T01:12:08.703+0000] {logging_mixin.py:149} INFO - [2025-10-21T01:12:08.703+0000] {dag.py:2726} INFO - Sync 1 DAGs
[2025-10-21T01:12:08.762+0000] {logging_mixin.py:149} INFO - [2025-10-21T01:12:08.762+0000] {dag.py:3490} INFO - Setting next_dagrun for example_short_circuit_operator to 2025-10-20T01:12:08.761466+00:00, run_after=2025-10-21T01:12:08.761466+00:00
[2025-10-21T01:12:08.805+0000] {processor.py:179} INFO - Processing /home/airflow/.local/lib/python3.7/site-packages/airflow/example_dags/example_short_circuit_operator.py took 0.191 seconds
[2025-10-21T01:12:39.116+0000] {processor.py:157} INFO - Started process (PID=3044) to work on /home/airflow/.local/lib/python3.7/site-packages/airflow/example_dags/example_short_circuit_operator.py
[2025-10-21T01:12:39.118+0000] {processor.py:826} INFO - Processing file /home/airflow/.local/lib/python3.7/site-packages/airflow/example_dags/example_short_circuit_operator.py for tasks to queue
[2025-10-21T01:12:39.120+0000] {logging_mixin.py:149} INFO - [2025-10-21T01:12:39.120+0000] {dagbag.py:541} INFO - Filling up the DagBag from /home/airflow/.local/lib/python3.7/site-packages/airflow/example_dags/example_short_circuit_operator.py
[2025-10-21T01:12:39.134+0000] {processor.py:836} INFO - DAG(s) dict_keys(['example_short_circuit_operator']) retrieved from /home/airflow/.local/lib/python3.7/site-packages/airflow/example_dags/example_short_circuit_operator.py
[2025-10-21T01:12:39.186+0000] {logging_mixin.py:149} INFO - [2025-10-21T01:12:39.186+0000] {dag.py:2726} INFO - Sync 1 DAGs
[2025-10-21T01:12:39.236+0000] {logging_mixin.py:149} INFO - [2025-10-21T01:12:39.236+0000] {dag.py:3490} INFO - Setting next_dagrun for example_short_circuit_operator to 2025-10-20T01:12:39.236121+00:00, run_after=2025-10-21T01:12:39.236121+00:00
[2025-10-21T01:12:39.273+0000] {processor.py:179} INFO - Processing /home/airflow/.local/lib/python3.7/site-packages/airflow/example_dags/example_short_circuit_operator.py took 0.164 seconds
[2025-10-21T01:13:09.376+0000] {processor.py:157} INFO - Started process (PID=3110) to work on /home/airflow/.local/lib/python3.7/site-packages/airflow/example_dags/example_short_circuit_operator.py
[2025-10-21T01:13:09.378+0000] {processor.py:826} INFO - Processing file /home/airflow/.local/lib/python3.7/site-packages/airflow/example_dags/example_short_circuit_operator.py for tasks to queue
[2025-10-21T01:13:09.380+0000] {logging_mixin.py:149} INFO - [2025-10-21T01:13:09.380+0000] {dagbag.py:541} INFO - Filling up the DagBag from /home/airflow/.local/lib/python3.7/site-packages/airflow/example_dags/example_short_circuit_operator.py
[2025-10-21T01:13:09.396+0000] {processor.py:836} INFO - DAG(s) dict_keys(['example_short_circuit_operator']) retrieved from /home/airflow/.local/lib/python3.7/site-packages/airflow/example_dags/example_short_circuit_operator.py
[2025-10-21T01:13:09.453+0000] {logging_mixin.py:149} INFO - [2025-10-21T01:13:09.453+0000] {dag.py:2726} INFO - Sync 1 DAGs
[2025-10-21T01:13:09.499+0000] {logging_mixin.py:149} INFO - [2025-10-21T01:13:09.499+0000] {dag.py:3490} INFO - Setting next_dagrun for example_short_circuit_operator to 2025-10-20T01:13:09.499170+00:00, run_after=2025-10-21T01:13:09.499170+00:00
[2025-10-21T01:13:09.541+0000] {processor.py:179} INFO - Processing /home/airflow/.local/lib/python3.7/site-packages/airflow/example_dags/example_short_circuit_operator.py took 0.170 seconds
[2025-10-21T01:13:40.541+0000] {processor.py:157} INFO - Started process (PID=3176) to work on /home/airflow/.local/lib/python3.7/site-packages/airflow/example_dags/example_short_circuit_operator.py
[2025-10-21T01:13:40.544+0000] {processor.py:826} INFO - Processing file /home/airflow/.local/lib/python3.7/site-packages/airflow/example_dags/example_short_circuit_operator.py for tasks to queue
[2025-10-21T01:13:40.546+0000] {logging_mixin.py:149} INFO - [2025-10-21T01:13:40.546+0000] {dagbag.py:541} INFO - Filling up the DagBag from /home/airflow/.local/lib/python3.7/site-packages/airflow/example_dags/example_short_circuit_operator.py
[2025-10-21T01:13:40.560+0000] {processor.py:836} INFO - DAG(s) dict_keys(['example_short_circuit_operator']) retrieved from /home/airflow/.local/lib/python3.7/site-packages/airflow/example_dags/example_short_circuit_operator.py
[2025-10-21T01:13:40.613+0000] {logging_mixin.py:149} INFO - [2025-10-21T01:13:40.613+0000] {dag.py:2726} INFO - Sync 1 DAGs
[2025-10-21T01:13:40.666+0000] {logging_mixin.py:149} INFO - [2025-10-21T01:13:40.665+0000] {dag.py:3490} INFO - Setting next_dagrun for example_short_circuit_operator to 2025-10-20T01:13:40.665460+00:00, run_after=2025-10-21T01:13:40.665460+00:00
[2025-10-21T01:13:40.712+0000] {processor.py:179} INFO - Processing /home/airflow/.local/lib/python3.7/site-packages/airflow/example_dags/example_short_circuit_operator.py took 0.176 seconds
[2025-10-21T01:14:11.533+0000] {processor.py:157} INFO - Started process (PID=3249) to work on /home/airflow/.local/lib/python3.7/site-packages/airflow/example_dags/example_short_circuit_operator.py
[2025-10-21T01:14:11.536+0000] {processor.py:826} INFO - Processing file /home/airflow/.local/lib/python3.7/site-packages/airflow/example_dags/example_short_circuit_operator.py for tasks to queue
[2025-10-21T01:14:11.538+0000] {logging_mixin.py:149} INFO - [2025-10-21T01:14:11.538+0000] {dagbag.py:541} INFO - Filling up the DagBag from /home/airflow/.local/lib/python3.7/site-packages/airflow/example_dags/example_short_circuit_operator.py
[2025-10-21T01:14:11.552+0000] {processor.py:836} INFO - DAG(s) dict_keys(['example_short_circuit_operator']) retrieved from /home/airflow/.local/lib/python3.7/site-packages/airflow/example_dags/example_short_circuit_operator.py
[2025-10-21T01:14:11.607+0000] {logging_mixin.py:149} INFO - [2025-10-21T01:14:11.606+0000] {dag.py:2726} INFO - Sync 1 DAGs
[2025-10-21T01:14:11.652+0000] {logging_mixin.py:149} INFO - [2025-10-21T01:14:11.651+0000] {dag.py:3490} INFO - Setting next_dagrun for example_short_circuit_operator to 2025-10-20T01:14:11.651318+00:00, run_after=2025-10-21T01:14:11.651318+00:00
[2025-10-21T01:14:11.696+0000] {processor.py:179} INFO - Processing /home/airflow/.local/lib/python3.7/site-packages/airflow/example_dags/example_short_circuit_operator.py took 0.169 seconds
[2025-10-21T01:14:42.298+0000] {processor.py:157} INFO - Started process (PID=3315) to work on /home/airflow/.local/lib/python3.7/site-packages/airflow/example_dags/example_short_circuit_operator.py
[2025-10-21T01:14:42.300+0000] {processor.py:826} INFO - Processing file /home/airflow/.local/lib/python3.7/site-packages/airflow/example_dags/example_short_circuit_operator.py for tasks to queue
[2025-10-21T01:14:42.301+0000] {logging_mixin.py:149} INFO - [2025-10-21T01:14:42.301+0000] {dagbag.py:541} INFO - Filling up the DagBag from /home/airflow/.local/lib/python3.7/site-packages/airflow/example_dags/example_short_circuit_operator.py
[2025-10-21T01:14:42.316+0000] {processor.py:836} INFO - DAG(s) dict_keys(['example_short_circuit_operator']) retrieved from /home/airflow/.local/lib/python3.7/site-packages/airflow/example_dags/example_short_circuit_operator.py
[2025-10-21T01:14:42.371+0000] {logging_mixin.py:149} INFO - [2025-10-21T01:14:42.371+0000] {dag.py:2726} INFO - Sync 1 DAGs
[2025-10-21T01:14:42.416+0000] {logging_mixin.py:149} INFO - [2025-10-21T01:14:42.416+0000] {dag.py:3490} INFO - Setting next_dagrun for example_short_circuit_operator to 2025-10-20T01:14:42.416036+00:00, run_after=2025-10-21T01:14:42.416036+00:00
[2025-10-21T01:14:42.461+0000] {processor.py:179} INFO - Processing /home/airflow/.local/lib/python3.7/site-packages/airflow/example_dags/example_short_circuit_operator.py took 0.169 seconds
[2025-10-21T01:15:12.579+0000] {processor.py:157} INFO - Started process (PID=3372) to work on /home/airflow/.local/lib/python3.7/site-packages/airflow/example_dags/example_short_circuit_operator.py
[2025-10-21T01:15:12.581+0000] {processor.py:826} INFO - Processing file /home/airflow/.local/lib/python3.7/site-packages/airflow/example_dags/example_short_circuit_operator.py for tasks to queue
[2025-10-21T01:15:12.583+0000] {logging_mixin.py:149} INFO - [2025-10-21T01:15:12.583+0000] {dagbag.py:541} INFO - Filling up the DagBag from /home/airflow/.local/lib/python3.7/site-packages/airflow/example_dags/example_short_circuit_operator.py
[2025-10-21T01:15:12.596+0000] {processor.py:836} INFO - DAG(s) dict_keys(['example_short_circuit_operator']) retrieved from /home/airflow/.local/lib/python3.7/site-packages/airflow/example_dags/example_short_circuit_operator.py
[2025-10-21T01:15:12.654+0000] {logging_mixin.py:149} INFO - [2025-10-21T01:15:12.653+0000] {dag.py:2726} INFO - Sync 1 DAGs
[2025-10-21T01:15:12.709+0000] {logging_mixin.py:149} INFO - [2025-10-21T01:15:12.709+0000] {dag.py:3490} INFO - Setting next_dagrun for example_short_circuit_operator to 2025-10-20T01:15:12.708809+00:00, run_after=2025-10-21T01:15:12.708809+00:00
[2025-10-21T01:15:12.752+0000] {processor.py:179} INFO - Processing /home/airflow/.local/lib/python3.7/site-packages/airflow/example_dags/example_short_circuit_operator.py took 0.178 seconds
[2025-10-21T01:15:42.854+0000] {processor.py:157} INFO - Started process (PID=3439) to work on /home/airflow/.local/lib/python3.7/site-packages/airflow/example_dags/example_short_circuit_operator.py
[2025-10-21T01:15:42.856+0000] {processor.py:826} INFO - Processing file /home/airflow/.local/lib/python3.7/site-packages/airflow/example_dags/example_short_circuit_operator.py for tasks to queue
[2025-10-21T01:15:42.858+0000] {logging_mixin.py:149} INFO - [2025-10-21T01:15:42.858+0000] {dagbag.py:541} INFO - Filling up the DagBag from /home/airflow/.local/lib/python3.7/site-packages/airflow/example_dags/example_short_circuit_operator.py
[2025-10-21T01:15:42.871+0000] {processor.py:836} INFO - DAG(s) dict_keys(['example_short_circuit_operator']) retrieved from /home/airflow/.local/lib/python3.7/site-packages/airflow/example_dags/example_short_circuit_operator.py
[2025-10-21T01:15:42.917+0000] {logging_mixin.py:149} INFO - [2025-10-21T01:15:42.917+0000] {dag.py:2726} INFO - Sync 1 DAGs
[2025-10-21T01:15:42.959+0000] {logging_mixin.py:149} INFO - [2025-10-21T01:15:42.959+0000] {dag.py:3490} INFO - Setting next_dagrun for example_short_circuit_operator to 2025-10-20T01:15:42.958759+00:00, run_after=2025-10-21T01:15:42.958759+00:00
[2025-10-21T01:15:42.995+0000] {processor.py:179} INFO - Processing /home/airflow/.local/lib/python3.7/site-packages/airflow/example_dags/example_short_circuit_operator.py took 0.147 seconds
[2025-10-21T01:16:13.484+0000] {processor.py:157} INFO - Started process (PID=3505) to work on /home/airflow/.local/lib/python3.7/site-packages/airflow/example_dags/example_short_circuit_operator.py
[2025-10-21T01:16:13.486+0000] {processor.py:826} INFO - Processing file /home/airflow/.local/lib/python3.7/site-packages/airflow/example_dags/example_short_circuit_operator.py for tasks to queue
[2025-10-21T01:16:13.488+0000] {logging_mixin.py:149} INFO - [2025-10-21T01:16:13.488+0000] {dagbag.py:541} INFO - Filling up the DagBag from /home/airflow/.local/lib/python3.7/site-packages/airflow/example_dags/example_short_circuit_operator.py
[2025-10-21T01:16:13.504+0000] {processor.py:836} INFO - DAG(s) dict_keys(['example_short_circuit_operator']) retrieved from /home/airflow/.local/lib/python3.7/site-packages/airflow/example_dags/example_short_circuit_operator.py
[2025-10-21T01:16:13.557+0000] {logging_mixin.py:149} INFO - [2025-10-21T01:16:13.557+0000] {dag.py:2726} INFO - Sync 1 DAGs
[2025-10-21T01:16:13.605+0000] {logging_mixin.py:149} INFO - [2025-10-21T01:16:13.604+0000] {dag.py:3490} INFO - Setting next_dagrun for example_short_circuit_operator to 2025-10-20T01:16:13.604372+00:00, run_after=2025-10-21T01:16:13.604372+00:00
[2025-10-21T01:16:13.646+0000] {processor.py:179} INFO - Processing /home/airflow/.local/lib/python3.7/site-packages/airflow/example_dags/example_short_circuit_operator.py took 0.169 seconds
[2025-10-21T01:16:44.056+0000] {processor.py:157} INFO - Started process (PID=3571) to work on /home/airflow/.local/lib/python3.7/site-packages/airflow/example_dags/example_short_circuit_operator.py
[2025-10-21T01:16:44.059+0000] {processor.py:826} INFO - Processing file /home/airflow/.local/lib/python3.7/site-packages/airflow/example_dags/example_short_circuit_operator.py for tasks to queue
[2025-10-21T01:16:44.061+0000] {logging_mixin.py:149} INFO - [2025-10-21T01:16:44.061+0000] {dagbag.py:541} INFO - Filling up the DagBag from /home/airflow/.local/lib/python3.7/site-packages/airflow/example_dags/example_short_circuit_operator.py
[2025-10-21T01:16:44.078+0000] {processor.py:836} INFO - DAG(s) dict_keys(['example_short_circuit_operator']) retrieved from /home/airflow/.local/lib/python3.7/site-packages/airflow/example_dags/example_short_circuit_operator.py
[2025-10-21T01:16:44.138+0000] {logging_mixin.py:149} INFO - [2025-10-21T01:16:44.137+0000] {dag.py:2726} INFO - Sync 1 DAGs
[2025-10-21T01:16:44.193+0000] {logging_mixin.py:149} INFO - [2025-10-21T01:16:44.193+0000] {dag.py:3490} INFO - Setting next_dagrun for example_short_circuit_operator to 2025-10-20T01:16:44.193074+00:00, run_after=2025-10-21T01:16:44.193074+00:00
[2025-10-21T01:16:44.242+0000] {processor.py:179} INFO - Processing /home/airflow/.local/lib/python3.7/site-packages/airflow/example_dags/example_short_circuit_operator.py took 0.193 seconds
[2025-10-21T01:17:14.834+0000] {processor.py:157} INFO - Started process (PID=3637) to work on /home/airflow/.local/lib/python3.7/site-packages/airflow/example_dags/example_short_circuit_operator.py
[2025-10-21T01:17:14.837+0000] {processor.py:826} INFO - Processing file /home/airflow/.local/lib/python3.7/site-packages/airflow/example_dags/example_short_circuit_operator.py for tasks to queue
[2025-10-21T01:17:14.842+0000] {logging_mixin.py:149} INFO - [2025-10-21T01:17:14.841+0000] {dagbag.py:541} INFO - Filling up the DagBag from /home/airflow/.local/lib/python3.7/site-packages/airflow/example_dags/example_short_circuit_operator.py
[2025-10-21T01:17:14.859+0000] {processor.py:836} INFO - DAG(s) dict_keys(['example_short_circuit_operator']) retrieved from /home/airflow/.local/lib/python3.7/site-packages/airflow/example_dags/example_short_circuit_operator.py
[2025-10-21T01:17:14.928+0000] {logging_mixin.py:149} INFO - [2025-10-21T01:17:14.928+0000] {dag.py:2726} INFO - Sync 1 DAGs
[2025-10-21T01:17:15.060+0000] {logging_mixin.py:149} INFO - [2025-10-21T01:17:15.060+0000] {dag.py:3490} INFO - Setting next_dagrun for example_short_circuit_operator to 2025-10-20T01:17:15.059456+00:00, run_after=2025-10-21T01:17:15.059456+00:00
[2025-10-21T01:17:15.131+0000] {processor.py:179} INFO - Processing /home/airflow/.local/lib/python3.7/site-packages/airflow/example_dags/example_short_circuit_operator.py took 0.304 seconds
