[2025-10-21T00:49:53.432+0000] {processor.py:157} INFO - Started process (PID=87) to work on /home/airflow/.local/lib/python3.7/site-packages/airflow/example_dags/example_python_operator.py
[2025-10-21T00:49:53.436+0000] {processor.py:826} INFO - Processing file /home/airflow/.local/lib/python3.7/site-packages/airflow/example_dags/example_python_operator.py for tasks to queue
[2025-10-21T00:49:53.438+0000] {logging_mixin.py:149} INFO - [2025-10-21T00:49:53.438+0000] {dagbag.py:541} INFO - Filling up the DagBag from /home/airflow/.local/lib/python3.7/site-packages/airflow/example_dags/example_python_operator.py
[2025-10-21T00:49:53.473+0000] {processor.py:836} INFO - DAG(s) dict_keys(['example_python_operator']) retrieved from /home/airflow/.local/lib/python3.7/site-packages/airflow/example_dags/example_python_operator.py
[2025-10-21T00:49:54.136+0000] {logging_mixin.py:149} INFO - [2025-10-21T00:49:54.136+0000] {dag.py:2726} INFO - Sync 1 DAGs
[2025-10-21T00:49:54.246+0000] {logging_mixin.py:149} INFO - [2025-10-21T00:49:54.245+0000] {dag.py:3490} INFO - Setting next_dagrun for example_python_operator to None, run_after=None
[2025-10-21T00:49:54.408+0000] {processor.py:179} INFO - Processing /home/airflow/.local/lib/python3.7/site-packages/airflow/example_dags/example_python_operator.py took 0.989 seconds
[2025-10-21T00:50:24.872+0000] {processor.py:157} INFO - Started process (PID=153) to work on /home/airflow/.local/lib/python3.7/site-packages/airflow/example_dags/example_python_operator.py
[2025-10-21T00:50:24.875+0000] {processor.py:826} INFO - Processing file /home/airflow/.local/lib/python3.7/site-packages/airflow/example_dags/example_python_operator.py for tasks to queue
[2025-10-21T00:50:24.878+0000] {logging_mixin.py:149} INFO - [2025-10-21T00:50:24.877+0000] {dagbag.py:541} INFO - Filling up the DagBag from /home/airflow/.local/lib/python3.7/site-packages/airflow/example_dags/example_python_operator.py
[2025-10-21T00:50:24.909+0000] {processor.py:836} INFO - DAG(s) dict_keys(['example_python_operator']) retrieved from /home/airflow/.local/lib/python3.7/site-packages/airflow/example_dags/example_python_operator.py
[2025-10-21T00:50:24.980+0000] {logging_mixin.py:149} INFO - [2025-10-21T00:50:24.979+0000] {dag.py:2726} INFO - Sync 1 DAGs
[2025-10-21T00:50:25.064+0000] {logging_mixin.py:149} INFO - [2025-10-21T00:50:25.064+0000] {dag.py:3490} INFO - Setting next_dagrun for example_python_operator to None, run_after=None
[2025-10-21T00:50:25.152+0000] {processor.py:179} INFO - Processing /home/airflow/.local/lib/python3.7/site-packages/airflow/example_dags/example_python_operator.py took 0.288 seconds
[2025-10-21T00:50:55.604+0000] {processor.py:157} INFO - Started process (PID=219) to work on /home/airflow/.local/lib/python3.7/site-packages/airflow/example_dags/example_python_operator.py
[2025-10-21T00:50:55.607+0000] {processor.py:826} INFO - Processing file /home/airflow/.local/lib/python3.7/site-packages/airflow/example_dags/example_python_operator.py for tasks to queue
[2025-10-21T00:50:55.610+0000] {logging_mixin.py:149} INFO - [2025-10-21T00:50:55.610+0000] {dagbag.py:541} INFO - Filling up the DagBag from /home/airflow/.local/lib/python3.7/site-packages/airflow/example_dags/example_python_operator.py
[2025-10-21T00:50:55.657+0000] {processor.py:836} INFO - DAG(s) dict_keys(['example_python_operator']) retrieved from /home/airflow/.local/lib/python3.7/site-packages/airflow/example_dags/example_python_operator.py
[2025-10-21T00:50:55.746+0000] {logging_mixin.py:149} INFO - [2025-10-21T00:50:55.746+0000] {dag.py:2726} INFO - Sync 1 DAGs
[2025-10-21T00:50:55.853+0000] {logging_mixin.py:149} INFO - [2025-10-21T00:50:55.852+0000] {dag.py:3490} INFO - Setting next_dagrun for example_python_operator to None, run_after=None
[2025-10-21T00:50:55.927+0000] {processor.py:179} INFO - Processing /home/airflow/.local/lib/python3.7/site-packages/airflow/example_dags/example_python_operator.py took 0.336 seconds
[2025-10-21T00:51:26.545+0000] {processor.py:157} INFO - Started process (PID=285) to work on /home/airflow/.local/lib/python3.7/site-packages/airflow/example_dags/example_python_operator.py
[2025-10-21T00:51:26.549+0000] {processor.py:826} INFO - Processing file /home/airflow/.local/lib/python3.7/site-packages/airflow/example_dags/example_python_operator.py for tasks to queue
[2025-10-21T00:51:26.552+0000] {logging_mixin.py:149} INFO - [2025-10-21T00:51:26.551+0000] {dagbag.py:541} INFO - Filling up the DagBag from /home/airflow/.local/lib/python3.7/site-packages/airflow/example_dags/example_python_operator.py
[2025-10-21T00:51:26.594+0000] {processor.py:836} INFO - DAG(s) dict_keys(['example_python_operator']) retrieved from /home/airflow/.local/lib/python3.7/site-packages/airflow/example_dags/example_python_operator.py
[2025-10-21T00:51:26.716+0000] {logging_mixin.py:149} INFO - [2025-10-21T00:51:26.716+0000] {dag.py:2726} INFO - Sync 1 DAGs
[2025-10-21T00:51:26.825+0000] {logging_mixin.py:149} INFO - [2025-10-21T00:51:26.824+0000] {dag.py:3490} INFO - Setting next_dagrun for example_python_operator to None, run_after=None
[2025-10-21T00:51:26.917+0000] {processor.py:179} INFO - Processing /home/airflow/.local/lib/python3.7/site-packages/airflow/example_dags/example_python_operator.py took 0.385 seconds
[2025-10-21T00:51:57.464+0000] {processor.py:157} INFO - Started process (PID=351) to work on /home/airflow/.local/lib/python3.7/site-packages/airflow/example_dags/example_python_operator.py
[2025-10-21T00:51:57.468+0000] {processor.py:826} INFO - Processing file /home/airflow/.local/lib/python3.7/site-packages/airflow/example_dags/example_python_operator.py for tasks to queue
[2025-10-21T00:51:57.473+0000] {logging_mixin.py:149} INFO - [2025-10-21T00:51:57.473+0000] {dagbag.py:541} INFO - Filling up the DagBag from /home/airflow/.local/lib/python3.7/site-packages/airflow/example_dags/example_python_operator.py
[2025-10-21T00:51:57.520+0000] {processor.py:836} INFO - DAG(s) dict_keys(['example_python_operator']) retrieved from /home/airflow/.local/lib/python3.7/site-packages/airflow/example_dags/example_python_operator.py
[2025-10-21T00:51:57.641+0000] {logging_mixin.py:149} INFO - [2025-10-21T00:51:57.641+0000] {dag.py:2726} INFO - Sync 1 DAGs
[2025-10-21T00:51:57.758+0000] {logging_mixin.py:149} INFO - [2025-10-21T00:51:57.757+0000] {dag.py:3490} INFO - Setting next_dagrun for example_python_operator to None, run_after=None
[2025-10-21T00:51:57.838+0000] {processor.py:179} INFO - Processing /home/airflow/.local/lib/python3.7/site-packages/airflow/example_dags/example_python_operator.py took 0.387 seconds
[2025-10-21T00:52:28.519+0000] {processor.py:157} INFO - Started process (PID=416) to work on /home/airflow/.local/lib/python3.7/site-packages/airflow/example_dags/example_python_operator.py
[2025-10-21T00:52:28.522+0000] {processor.py:826} INFO - Processing file /home/airflow/.local/lib/python3.7/site-packages/airflow/example_dags/example_python_operator.py for tasks to queue
[2025-10-21T00:52:28.523+0000] {logging_mixin.py:149} INFO - [2025-10-21T00:52:28.523+0000] {dagbag.py:541} INFO - Filling up the DagBag from /home/airflow/.local/lib/python3.7/site-packages/airflow/example_dags/example_python_operator.py
[2025-10-21T00:52:28.544+0000] {processor.py:836} INFO - DAG(s) dict_keys(['example_python_operator']) retrieved from /home/airflow/.local/lib/python3.7/site-packages/airflow/example_dags/example_python_operator.py
[2025-10-21T00:52:28.607+0000] {logging_mixin.py:149} INFO - [2025-10-21T00:52:28.607+0000] {dag.py:2726} INFO - Sync 1 DAGs
[2025-10-21T00:52:28.658+0000] {logging_mixin.py:149} INFO - [2025-10-21T00:52:28.658+0000] {dag.py:3490} INFO - Setting next_dagrun for example_python_operator to None, run_after=None
[2025-10-21T00:52:28.701+0000] {processor.py:179} INFO - Processing /home/airflow/.local/lib/python3.7/site-packages/airflow/example_dags/example_python_operator.py took 0.189 seconds
[2025-10-21T00:52:58.981+0000] {processor.py:157} INFO - Started process (PID=482) to work on /home/airflow/.local/lib/python3.7/site-packages/airflow/example_dags/example_python_operator.py
[2025-10-21T00:52:58.985+0000] {processor.py:826} INFO - Processing file /home/airflow/.local/lib/python3.7/site-packages/airflow/example_dags/example_python_operator.py for tasks to queue
[2025-10-21T00:52:58.987+0000] {logging_mixin.py:149} INFO - [2025-10-21T00:52:58.987+0000] {dagbag.py:541} INFO - Filling up the DagBag from /home/airflow/.local/lib/python3.7/site-packages/airflow/example_dags/example_python_operator.py
[2025-10-21T00:52:59.021+0000] {processor.py:836} INFO - DAG(s) dict_keys(['example_python_operator']) retrieved from /home/airflow/.local/lib/python3.7/site-packages/airflow/example_dags/example_python_operator.py
[2025-10-21T00:52:59.089+0000] {logging_mixin.py:149} INFO - [2025-10-21T00:52:59.089+0000] {dag.py:2726} INFO - Sync 1 DAGs
[2025-10-21T00:52:59.150+0000] {logging_mixin.py:149} INFO - [2025-10-21T00:52:59.150+0000] {dag.py:3490} INFO - Setting next_dagrun for example_python_operator to None, run_after=None
[2025-10-21T00:52:59.195+0000] {processor.py:179} INFO - Processing /home/airflow/.local/lib/python3.7/site-packages/airflow/example_dags/example_python_operator.py took 0.223 seconds
[2025-10-21T00:53:29.329+0000] {processor.py:157} INFO - Started process (PID=549) to work on /home/airflow/.local/lib/python3.7/site-packages/airflow/example_dags/example_python_operator.py
[2025-10-21T00:53:29.332+0000] {processor.py:826} INFO - Processing file /home/airflow/.local/lib/python3.7/site-packages/airflow/example_dags/example_python_operator.py for tasks to queue
[2025-10-21T00:53:29.333+0000] {logging_mixin.py:149} INFO - [2025-10-21T00:53:29.333+0000] {dagbag.py:541} INFO - Filling up the DagBag from /home/airflow/.local/lib/python3.7/site-packages/airflow/example_dags/example_python_operator.py
[2025-10-21T00:53:29.355+0000] {processor.py:836} INFO - DAG(s) dict_keys(['example_python_operator']) retrieved from /home/airflow/.local/lib/python3.7/site-packages/airflow/example_dags/example_python_operator.py
[2025-10-21T00:53:29.414+0000] {logging_mixin.py:149} INFO - [2025-10-21T00:53:29.414+0000] {dag.py:2726} INFO - Sync 1 DAGs
[2025-10-21T00:53:29.469+0000] {logging_mixin.py:149} INFO - [2025-10-21T00:53:29.469+0000] {dag.py:3490} INFO - Setting next_dagrun for example_python_operator to None, run_after=None
[2025-10-21T00:53:29.517+0000] {processor.py:179} INFO - Processing /home/airflow/.local/lib/python3.7/site-packages/airflow/example_dags/example_python_operator.py took 0.194 seconds
[2025-10-21T00:53:59.806+0000] {processor.py:157} INFO - Started process (PID=616) to work on /home/airflow/.local/lib/python3.7/site-packages/airflow/example_dags/example_python_operator.py
[2025-10-21T00:53:59.808+0000] {processor.py:826} INFO - Processing file /home/airflow/.local/lib/python3.7/site-packages/airflow/example_dags/example_python_operator.py for tasks to queue
[2025-10-21T00:53:59.810+0000] {logging_mixin.py:149} INFO - [2025-10-21T00:53:59.809+0000] {dagbag.py:541} INFO - Filling up the DagBag from /home/airflow/.local/lib/python3.7/site-packages/airflow/example_dags/example_python_operator.py
[2025-10-21T00:53:59.826+0000] {processor.py:836} INFO - DAG(s) dict_keys(['example_python_operator']) retrieved from /home/airflow/.local/lib/python3.7/site-packages/airflow/example_dags/example_python_operator.py
[2025-10-21T00:53:59.878+0000] {logging_mixin.py:149} INFO - [2025-10-21T00:53:59.878+0000] {dag.py:2726} INFO - Sync 1 DAGs
[2025-10-21T00:53:59.925+0000] {logging_mixin.py:149} INFO - [2025-10-21T00:53:59.925+0000] {dag.py:3490} INFO - Setting next_dagrun for example_python_operator to None, run_after=None
[2025-10-21T00:53:59.963+0000] {processor.py:179} INFO - Processing /home/airflow/.local/lib/python3.7/site-packages/airflow/example_dags/example_python_operator.py took 0.162 seconds
[2025-10-21T00:54:30.233+0000] {processor.py:157} INFO - Started process (PID=682) to work on /home/airflow/.local/lib/python3.7/site-packages/airflow/example_dags/example_python_operator.py
[2025-10-21T00:54:30.235+0000] {processor.py:826} INFO - Processing file /home/airflow/.local/lib/python3.7/site-packages/airflow/example_dags/example_python_operator.py for tasks to queue
[2025-10-21T00:54:30.237+0000] {logging_mixin.py:149} INFO - [2025-10-21T00:54:30.237+0000] {dagbag.py:541} INFO - Filling up the DagBag from /home/airflow/.local/lib/python3.7/site-packages/airflow/example_dags/example_python_operator.py
[2025-10-21T00:54:30.256+0000] {processor.py:836} INFO - DAG(s) dict_keys(['example_python_operator']) retrieved from /home/airflow/.local/lib/python3.7/site-packages/airflow/example_dags/example_python_operator.py
[2025-10-21T00:54:30.310+0000] {logging_mixin.py:149} INFO - [2025-10-21T00:54:30.310+0000] {dag.py:2726} INFO - Sync 1 DAGs
[2025-10-21T00:54:30.359+0000] {logging_mixin.py:149} INFO - [2025-10-21T00:54:30.359+0000] {dag.py:3490} INFO - Setting next_dagrun for example_python_operator to None, run_after=None
[2025-10-21T00:54:30.401+0000] {processor.py:179} INFO - Processing /home/airflow/.local/lib/python3.7/site-packages/airflow/example_dags/example_python_operator.py took 0.174 seconds
[2025-10-21T00:55:00.836+0000] {processor.py:157} INFO - Started process (PID=748) to work on /home/airflow/.local/lib/python3.7/site-packages/airflow/example_dags/example_python_operator.py
[2025-10-21T00:55:00.841+0000] {processor.py:826} INFO - Processing file /home/airflow/.local/lib/python3.7/site-packages/airflow/example_dags/example_python_operator.py for tasks to queue
[2025-10-21T00:55:00.844+0000] {logging_mixin.py:149} INFO - [2025-10-21T00:55:00.843+0000] {dagbag.py:541} INFO - Filling up the DagBag from /home/airflow/.local/lib/python3.7/site-packages/airflow/example_dags/example_python_operator.py
[2025-10-21T00:55:00.872+0000] {processor.py:836} INFO - DAG(s) dict_keys(['example_python_operator']) retrieved from /home/airflow/.local/lib/python3.7/site-packages/airflow/example_dags/example_python_operator.py
[2025-10-21T00:55:00.946+0000] {logging_mixin.py:149} INFO - [2025-10-21T00:55:00.946+0000] {dag.py:2726} INFO - Sync 1 DAGs
[2025-10-21T00:55:01.018+0000] {logging_mixin.py:149} INFO - [2025-10-21T00:55:01.018+0000] {dag.py:3490} INFO - Setting next_dagrun for example_python_operator to None, run_after=None
[2025-10-21T00:55:01.068+0000] {processor.py:179} INFO - Processing /home/airflow/.local/lib/python3.7/site-packages/airflow/example_dags/example_python_operator.py took 0.239 seconds
[2025-10-21T00:55:31.784+0000] {processor.py:157} INFO - Started process (PID=814) to work on /home/airflow/.local/lib/python3.7/site-packages/airflow/example_dags/example_python_operator.py
[2025-10-21T00:55:31.787+0000] {processor.py:826} INFO - Processing file /home/airflow/.local/lib/python3.7/site-packages/airflow/example_dags/example_python_operator.py for tasks to queue
[2025-10-21T00:55:31.789+0000] {logging_mixin.py:149} INFO - [2025-10-21T00:55:31.789+0000] {dagbag.py:541} INFO - Filling up the DagBag from /home/airflow/.local/lib/python3.7/site-packages/airflow/example_dags/example_python_operator.py
[2025-10-21T00:55:31.815+0000] {processor.py:836} INFO - DAG(s) dict_keys(['example_python_operator']) retrieved from /home/airflow/.local/lib/python3.7/site-packages/airflow/example_dags/example_python_operator.py
[2025-10-21T00:55:31.893+0000] {logging_mixin.py:149} INFO - [2025-10-21T00:55:31.893+0000] {dag.py:2726} INFO - Sync 1 DAGs
[2025-10-21T00:55:31.964+0000] {logging_mixin.py:149} INFO - [2025-10-21T00:55:31.964+0000] {dag.py:3490} INFO - Setting next_dagrun for example_python_operator to None, run_after=None
[2025-10-21T00:55:32.041+0000] {processor.py:179} INFO - Processing /home/airflow/.local/lib/python3.7/site-packages/airflow/example_dags/example_python_operator.py took 0.263 seconds
[2025-10-21T00:56:02.748+0000] {processor.py:157} INFO - Started process (PID=880) to work on /home/airflow/.local/lib/python3.7/site-packages/airflow/example_dags/example_python_operator.py
[2025-10-21T00:56:02.751+0000] {processor.py:826} INFO - Processing file /home/airflow/.local/lib/python3.7/site-packages/airflow/example_dags/example_python_operator.py for tasks to queue
[2025-10-21T00:56:02.753+0000] {logging_mixin.py:149} INFO - [2025-10-21T00:56:02.753+0000] {dagbag.py:541} INFO - Filling up the DagBag from /home/airflow/.local/lib/python3.7/site-packages/airflow/example_dags/example_python_operator.py
[2025-10-21T00:56:02.783+0000] {processor.py:836} INFO - DAG(s) dict_keys(['example_python_operator']) retrieved from /home/airflow/.local/lib/python3.7/site-packages/airflow/example_dags/example_python_operator.py
[2025-10-21T00:56:02.867+0000] {logging_mixin.py:149} INFO - [2025-10-21T00:56:02.866+0000] {dag.py:2726} INFO - Sync 1 DAGs
[2025-10-21T00:56:02.919+0000] {logging_mixin.py:149} INFO - [2025-10-21T00:56:02.919+0000] {dag.py:3490} INFO - Setting next_dagrun for example_python_operator to None, run_after=None
[2025-10-21T00:56:02.960+0000] {processor.py:179} INFO - Processing /home/airflow/.local/lib/python3.7/site-packages/airflow/example_dags/example_python_operator.py took 0.220 seconds
[2025-10-21T00:56:33.358+0000] {processor.py:157} INFO - Started process (PID=946) to work on /home/airflow/.local/lib/python3.7/site-packages/airflow/example_dags/example_python_operator.py
[2025-10-21T00:56:33.360+0000] {processor.py:826} INFO - Processing file /home/airflow/.local/lib/python3.7/site-packages/airflow/example_dags/example_python_operator.py for tasks to queue
[2025-10-21T00:56:33.362+0000] {logging_mixin.py:149} INFO - [2025-10-21T00:56:33.361+0000] {dagbag.py:541} INFO - Filling up the DagBag from /home/airflow/.local/lib/python3.7/site-packages/airflow/example_dags/example_python_operator.py
[2025-10-21T00:56:33.378+0000] {processor.py:836} INFO - DAG(s) dict_keys(['example_python_operator']) retrieved from /home/airflow/.local/lib/python3.7/site-packages/airflow/example_dags/example_python_operator.py
[2025-10-21T00:56:33.429+0000] {logging_mixin.py:149} INFO - [2025-10-21T00:56:33.428+0000] {dag.py:2726} INFO - Sync 1 DAGs
[2025-10-21T00:56:33.472+0000] {logging_mixin.py:149} INFO - [2025-10-21T00:56:33.471+0000] {dag.py:3490} INFO - Setting next_dagrun for example_python_operator to None, run_after=None
[2025-10-21T00:56:33.512+0000] {processor.py:179} INFO - Processing /home/airflow/.local/lib/python3.7/site-packages/airflow/example_dags/example_python_operator.py took 0.161 seconds
[2025-10-21T00:57:03.890+0000] {processor.py:157} INFO - Started process (PID=1013) to work on /home/airflow/.local/lib/python3.7/site-packages/airflow/example_dags/example_python_operator.py
[2025-10-21T00:57:03.892+0000] {processor.py:826} INFO - Processing file /home/airflow/.local/lib/python3.7/site-packages/airflow/example_dags/example_python_operator.py for tasks to queue
[2025-10-21T00:57:03.894+0000] {logging_mixin.py:149} INFO - [2025-10-21T00:57:03.894+0000] {dagbag.py:541} INFO - Filling up the DagBag from /home/airflow/.local/lib/python3.7/site-packages/airflow/example_dags/example_python_operator.py
[2025-10-21T00:57:03.914+0000] {processor.py:836} INFO - DAG(s) dict_keys(['example_python_operator']) retrieved from /home/airflow/.local/lib/python3.7/site-packages/airflow/example_dags/example_python_operator.py
[2025-10-21T00:57:03.969+0000] {logging_mixin.py:149} INFO - [2025-10-21T00:57:03.969+0000] {dag.py:2726} INFO - Sync 1 DAGs
[2025-10-21T00:57:04.027+0000] {logging_mixin.py:149} INFO - [2025-10-21T00:57:04.026+0000] {dag.py:3490} INFO - Setting next_dagrun for example_python_operator to None, run_after=None
[2025-10-21T00:57:04.070+0000] {processor.py:179} INFO - Processing /home/airflow/.local/lib/python3.7/site-packages/airflow/example_dags/example_python_operator.py took 0.186 seconds
[2025-10-21T00:57:34.818+0000] {processor.py:157} INFO - Started process (PID=1079) to work on /home/airflow/.local/lib/python3.7/site-packages/airflow/example_dags/example_python_operator.py
[2025-10-21T00:57:34.821+0000] {processor.py:826} INFO - Processing file /home/airflow/.local/lib/python3.7/site-packages/airflow/example_dags/example_python_operator.py for tasks to queue
[2025-10-21T00:57:34.823+0000] {logging_mixin.py:149} INFO - [2025-10-21T00:57:34.822+0000] {dagbag.py:541} INFO - Filling up the DagBag from /home/airflow/.local/lib/python3.7/site-packages/airflow/example_dags/example_python_operator.py
[2025-10-21T00:57:34.859+0000] {processor.py:836} INFO - DAG(s) dict_keys(['example_python_operator']) retrieved from /home/airflow/.local/lib/python3.7/site-packages/airflow/example_dags/example_python_operator.py
[2025-10-21T00:57:34.961+0000] {logging_mixin.py:149} INFO - [2025-10-21T00:57:34.961+0000] {dag.py:2726} INFO - Sync 1 DAGs
[2025-10-21T00:57:35.013+0000] {logging_mixin.py:149} INFO - [2025-10-21T00:57:35.013+0000] {dag.py:3490} INFO - Setting next_dagrun for example_python_operator to None, run_after=None
[2025-10-21T00:57:35.057+0000] {processor.py:179} INFO - Processing /home/airflow/.local/lib/python3.7/site-packages/airflow/example_dags/example_python_operator.py took 0.251 seconds
[2025-10-21T00:58:05.157+0000] {processor.py:157} INFO - Started process (PID=1145) to work on /home/airflow/.local/lib/python3.7/site-packages/airflow/example_dags/example_python_operator.py
[2025-10-21T00:58:05.159+0000] {processor.py:826} INFO - Processing file /home/airflow/.local/lib/python3.7/site-packages/airflow/example_dags/example_python_operator.py for tasks to queue
[2025-10-21T00:58:05.162+0000] {logging_mixin.py:149} INFO - [2025-10-21T00:58:05.161+0000] {dagbag.py:541} INFO - Filling up the DagBag from /home/airflow/.local/lib/python3.7/site-packages/airflow/example_dags/example_python_operator.py
[2025-10-21T00:58:05.182+0000] {processor.py:836} INFO - DAG(s) dict_keys(['example_python_operator']) retrieved from /home/airflow/.local/lib/python3.7/site-packages/airflow/example_dags/example_python_operator.py
[2025-10-21T00:58:05.240+0000] {logging_mixin.py:149} INFO - [2025-10-21T00:58:05.239+0000] {dag.py:2726} INFO - Sync 1 DAGs
[2025-10-21T00:58:05.297+0000] {logging_mixin.py:149} INFO - [2025-10-21T00:58:05.297+0000] {dag.py:3490} INFO - Setting next_dagrun for example_python_operator to None, run_after=None
[2025-10-21T00:58:05.346+0000] {processor.py:179} INFO - Processing /home/airflow/.local/lib/python3.7/site-packages/airflow/example_dags/example_python_operator.py took 0.196 seconds
[2025-10-21T00:58:36.432+0000] {processor.py:157} INFO - Started process (PID=1212) to work on /home/airflow/.local/lib/python3.7/site-packages/airflow/example_dags/example_python_operator.py
[2025-10-21T00:58:36.434+0000] {processor.py:826} INFO - Processing file /home/airflow/.local/lib/python3.7/site-packages/airflow/example_dags/example_python_operator.py for tasks to queue
[2025-10-21T00:58:36.436+0000] {logging_mixin.py:149} INFO - [2025-10-21T00:58:36.436+0000] {dagbag.py:541} INFO - Filling up the DagBag from /home/airflow/.local/lib/python3.7/site-packages/airflow/example_dags/example_python_operator.py
[2025-10-21T00:58:36.463+0000] {processor.py:836} INFO - DAG(s) dict_keys(['example_python_operator']) retrieved from /home/airflow/.local/lib/python3.7/site-packages/airflow/example_dags/example_python_operator.py
[2025-10-21T00:58:36.523+0000] {logging_mixin.py:149} INFO - [2025-10-21T00:58:36.522+0000] {dag.py:2726} INFO - Sync 1 DAGs
[2025-10-21T00:58:36.603+0000] {logging_mixin.py:149} INFO - [2025-10-21T00:58:36.602+0000] {dag.py:3490} INFO - Setting next_dagrun for example_python_operator to None, run_after=None
[2025-10-21T00:58:36.665+0000] {processor.py:179} INFO - Processing /home/airflow/.local/lib/python3.7/site-packages/airflow/example_dags/example_python_operator.py took 0.241 seconds
[2025-10-21T00:59:07.414+0000] {processor.py:157} INFO - Started process (PID=1287) to work on /home/airflow/.local/lib/python3.7/site-packages/airflow/example_dags/example_python_operator.py
[2025-10-21T00:59:07.417+0000] {processor.py:826} INFO - Processing file /home/airflow/.local/lib/python3.7/site-packages/airflow/example_dags/example_python_operator.py for tasks to queue
[2025-10-21T00:59:07.420+0000] {logging_mixin.py:149} INFO - [2025-10-21T00:59:07.420+0000] {dagbag.py:541} INFO - Filling up the DagBag from /home/airflow/.local/lib/python3.7/site-packages/airflow/example_dags/example_python_operator.py
[2025-10-21T00:59:07.452+0000] {processor.py:836} INFO - DAG(s) dict_keys(['example_python_operator']) retrieved from /home/airflow/.local/lib/python3.7/site-packages/airflow/example_dags/example_python_operator.py
[2025-10-21T00:59:07.529+0000] {logging_mixin.py:149} INFO - [2025-10-21T00:59:07.528+0000] {dag.py:2726} INFO - Sync 1 DAGs
[2025-10-21T00:59:07.608+0000] {logging_mixin.py:149} INFO - [2025-10-21T00:59:07.608+0000] {dag.py:3490} INFO - Setting next_dagrun for example_python_operator to None, run_after=None
[2025-10-21T00:59:07.666+0000] {processor.py:179} INFO - Processing /home/airflow/.local/lib/python3.7/site-packages/airflow/example_dags/example_python_operator.py took 0.272 seconds
[2025-10-21T00:59:37.977+0000] {processor.py:157} INFO - Started process (PID=1353) to work on /home/airflow/.local/lib/python3.7/site-packages/airflow/example_dags/example_python_operator.py
[2025-10-21T00:59:37.980+0000] {processor.py:826} INFO - Processing file /home/airflow/.local/lib/python3.7/site-packages/airflow/example_dags/example_python_operator.py for tasks to queue
[2025-10-21T00:59:37.982+0000] {logging_mixin.py:149} INFO - [2025-10-21T00:59:37.982+0000] {dagbag.py:541} INFO - Filling up the DagBag from /home/airflow/.local/lib/python3.7/site-packages/airflow/example_dags/example_python_operator.py
[2025-10-21T00:59:38.007+0000] {processor.py:836} INFO - DAG(s) dict_keys(['example_python_operator']) retrieved from /home/airflow/.local/lib/python3.7/site-packages/airflow/example_dags/example_python_operator.py
[2025-10-21T00:59:38.055+0000] {logging_mixin.py:149} INFO - [2025-10-21T00:59:38.054+0000] {dag.py:2726} INFO - Sync 1 DAGs
[2025-10-21T00:59:38.099+0000] {logging_mixin.py:149} INFO - [2025-10-21T00:59:38.099+0000] {dag.py:3490} INFO - Setting next_dagrun for example_python_operator to None, run_after=None
[2025-10-21T00:59:38.138+0000] {processor.py:179} INFO - Processing /home/airflow/.local/lib/python3.7/site-packages/airflow/example_dags/example_python_operator.py took 0.170 seconds
[2025-10-21T01:00:08.968+0000] {processor.py:157} INFO - Started process (PID=1419) to work on /home/airflow/.local/lib/python3.7/site-packages/airflow/example_dags/example_python_operator.py
[2025-10-21T01:00:08.970+0000] {processor.py:826} INFO - Processing file /home/airflow/.local/lib/python3.7/site-packages/airflow/example_dags/example_python_operator.py for tasks to queue
[2025-10-21T01:00:08.972+0000] {logging_mixin.py:149} INFO - [2025-10-21T01:00:08.972+0000] {dagbag.py:541} INFO - Filling up the DagBag from /home/airflow/.local/lib/python3.7/site-packages/airflow/example_dags/example_python_operator.py
[2025-10-21T01:00:08.999+0000] {processor.py:836} INFO - DAG(s) dict_keys(['example_python_operator']) retrieved from /home/airflow/.local/lib/python3.7/site-packages/airflow/example_dags/example_python_operator.py
[2025-10-21T01:00:09.066+0000] {logging_mixin.py:149} INFO - [2025-10-21T01:00:09.066+0000] {dag.py:2726} INFO - Sync 1 DAGs
[2025-10-21T01:00:09.122+0000] {logging_mixin.py:149} INFO - [2025-10-21T01:00:09.121+0000] {dag.py:3490} INFO - Setting next_dagrun for example_python_operator to None, run_after=None
[2025-10-21T01:00:09.169+0000] {processor.py:179} INFO - Processing /home/airflow/.local/lib/python3.7/site-packages/airflow/example_dags/example_python_operator.py took 0.209 seconds
[2025-10-21T01:00:39.458+0000] {processor.py:157} INFO - Started process (PID=1485) to work on /home/airflow/.local/lib/python3.7/site-packages/airflow/example_dags/example_python_operator.py
[2025-10-21T01:00:39.460+0000] {processor.py:826} INFO - Processing file /home/airflow/.local/lib/python3.7/site-packages/airflow/example_dags/example_python_operator.py for tasks to queue
[2025-10-21T01:00:39.462+0000] {logging_mixin.py:149} INFO - [2025-10-21T01:00:39.462+0000] {dagbag.py:541} INFO - Filling up the DagBag from /home/airflow/.local/lib/python3.7/site-packages/airflow/example_dags/example_python_operator.py
[2025-10-21T01:00:39.485+0000] {processor.py:836} INFO - DAG(s) dict_keys(['example_python_operator']) retrieved from /home/airflow/.local/lib/python3.7/site-packages/airflow/example_dags/example_python_operator.py
[2025-10-21T01:00:39.541+0000] {logging_mixin.py:149} INFO - [2025-10-21T01:00:39.541+0000] {dag.py:2726} INFO - Sync 1 DAGs
[2025-10-21T01:00:39.590+0000] {logging_mixin.py:149} INFO - [2025-10-21T01:00:39.589+0000] {dag.py:3490} INFO - Setting next_dagrun for example_python_operator to None, run_after=None
[2025-10-21T01:00:39.631+0000] {processor.py:179} INFO - Processing /home/airflow/.local/lib/python3.7/site-packages/airflow/example_dags/example_python_operator.py took 0.181 seconds
[2025-10-21T01:01:10.205+0000] {processor.py:157} INFO - Started process (PID=1551) to work on /home/airflow/.local/lib/python3.7/site-packages/airflow/example_dags/example_python_operator.py
[2025-10-21T01:01:10.207+0000] {processor.py:826} INFO - Processing file /home/airflow/.local/lib/python3.7/site-packages/airflow/example_dags/example_python_operator.py for tasks to queue
[2025-10-21T01:01:10.208+0000] {logging_mixin.py:149} INFO - [2025-10-21T01:01:10.208+0000] {dagbag.py:541} INFO - Filling up the DagBag from /home/airflow/.local/lib/python3.7/site-packages/airflow/example_dags/example_python_operator.py
[2025-10-21T01:01:10.226+0000] {processor.py:836} INFO - DAG(s) dict_keys(['example_python_operator']) retrieved from /home/airflow/.local/lib/python3.7/site-packages/airflow/example_dags/example_python_operator.py
[2025-10-21T01:01:10.284+0000] {logging_mixin.py:149} INFO - [2025-10-21T01:01:10.284+0000] {dag.py:2726} INFO - Sync 1 DAGs
[2025-10-21T01:01:10.332+0000] {logging_mixin.py:149} INFO - [2025-10-21T01:01:10.332+0000] {dag.py:3490} INFO - Setting next_dagrun for example_python_operator to None, run_after=None
[2025-10-21T01:01:10.368+0000] {processor.py:179} INFO - Processing /home/airflow/.local/lib/python3.7/site-packages/airflow/example_dags/example_python_operator.py took 0.170 seconds
[2025-10-21T01:01:41.189+0000] {processor.py:157} INFO - Started process (PID=1617) to work on /home/airflow/.local/lib/python3.7/site-packages/airflow/example_dags/example_python_operator.py
[2025-10-21T01:01:41.191+0000] {processor.py:826} INFO - Processing file /home/airflow/.local/lib/python3.7/site-packages/airflow/example_dags/example_python_operator.py for tasks to queue
[2025-10-21T01:01:41.193+0000] {logging_mixin.py:149} INFO - [2025-10-21T01:01:41.193+0000] {dagbag.py:541} INFO - Filling up the DagBag from /home/airflow/.local/lib/python3.7/site-packages/airflow/example_dags/example_python_operator.py
[2025-10-21T01:01:41.215+0000] {processor.py:836} INFO - DAG(s) dict_keys(['example_python_operator']) retrieved from /home/airflow/.local/lib/python3.7/site-packages/airflow/example_dags/example_python_operator.py
[2025-10-21T01:01:41.273+0000] {logging_mixin.py:149} INFO - [2025-10-21T01:01:41.273+0000] {dag.py:2726} INFO - Sync 1 DAGs
[2025-10-21T01:01:41.329+0000] {logging_mixin.py:149} INFO - [2025-10-21T01:01:41.329+0000] {dag.py:3490} INFO - Setting next_dagrun for example_python_operator to None, run_after=None
[2025-10-21T01:01:41.365+0000] {processor.py:179} INFO - Processing /home/airflow/.local/lib/python3.7/site-packages/airflow/example_dags/example_python_operator.py took 0.183 seconds
[2025-10-21T01:02:11.671+0000] {processor.py:157} INFO - Started process (PID=1683) to work on /home/airflow/.local/lib/python3.7/site-packages/airflow/example_dags/example_python_operator.py
[2025-10-21T01:02:11.674+0000] {processor.py:826} INFO - Processing file /home/airflow/.local/lib/python3.7/site-packages/airflow/example_dags/example_python_operator.py for tasks to queue
[2025-10-21T01:02:11.677+0000] {logging_mixin.py:149} INFO - [2025-10-21T01:02:11.676+0000] {dagbag.py:541} INFO - Filling up the DagBag from /home/airflow/.local/lib/python3.7/site-packages/airflow/example_dags/example_python_operator.py
[2025-10-21T01:02:11.698+0000] {processor.py:836} INFO - DAG(s) dict_keys(['example_python_operator']) retrieved from /home/airflow/.local/lib/python3.7/site-packages/airflow/example_dags/example_python_operator.py
[2025-10-21T01:02:11.753+0000] {logging_mixin.py:149} INFO - [2025-10-21T01:02:11.753+0000] {dag.py:2726} INFO - Sync 1 DAGs
[2025-10-21T01:02:11.793+0000] {logging_mixin.py:149} INFO - [2025-10-21T01:02:11.793+0000] {dag.py:3490} INFO - Setting next_dagrun for example_python_operator to None, run_after=None
[2025-10-21T01:02:11.828+0000] {processor.py:179} INFO - Processing /home/airflow/.local/lib/python3.7/site-packages/airflow/example_dags/example_python_operator.py took 0.168 seconds
[2025-10-21T01:02:42.243+0000] {processor.py:157} INFO - Started process (PID=1749) to work on /home/airflow/.local/lib/python3.7/site-packages/airflow/example_dags/example_python_operator.py
[2025-10-21T01:02:42.245+0000] {processor.py:826} INFO - Processing file /home/airflow/.local/lib/python3.7/site-packages/airflow/example_dags/example_python_operator.py for tasks to queue
[2025-10-21T01:02:42.248+0000] {logging_mixin.py:149} INFO - [2025-10-21T01:02:42.247+0000] {dagbag.py:541} INFO - Filling up the DagBag from /home/airflow/.local/lib/python3.7/site-packages/airflow/example_dags/example_python_operator.py
[2025-10-21T01:02:42.270+0000] {processor.py:836} INFO - DAG(s) dict_keys(['example_python_operator']) retrieved from /home/airflow/.local/lib/python3.7/site-packages/airflow/example_dags/example_python_operator.py
[2025-10-21T01:02:42.325+0000] {logging_mixin.py:149} INFO - [2025-10-21T01:02:42.324+0000] {dag.py:2726} INFO - Sync 1 DAGs
[2025-10-21T01:02:42.366+0000] {logging_mixin.py:149} INFO - [2025-10-21T01:02:42.366+0000] {dag.py:3490} INFO - Setting next_dagrun for example_python_operator to None, run_after=None
[2025-10-21T01:02:42.404+0000] {processor.py:179} INFO - Processing /home/airflow/.local/lib/python3.7/site-packages/airflow/example_dags/example_python_operator.py took 0.168 seconds
[2025-10-21T01:03:12.865+0000] {processor.py:157} INFO - Started process (PID=1816) to work on /home/airflow/.local/lib/python3.7/site-packages/airflow/example_dags/example_python_operator.py
[2025-10-21T01:03:12.867+0000] {processor.py:826} INFO - Processing file /home/airflow/.local/lib/python3.7/site-packages/airflow/example_dags/example_python_operator.py for tasks to queue
[2025-10-21T01:03:12.868+0000] {logging_mixin.py:149} INFO - [2025-10-21T01:03:12.868+0000] {dagbag.py:541} INFO - Filling up the DagBag from /home/airflow/.local/lib/python3.7/site-packages/airflow/example_dags/example_python_operator.py
[2025-10-21T01:03:12.884+0000] {processor.py:836} INFO - DAG(s) dict_keys(['example_python_operator']) retrieved from /home/airflow/.local/lib/python3.7/site-packages/airflow/example_dags/example_python_operator.py
[2025-10-21T01:03:12.931+0000] {logging_mixin.py:149} INFO - [2025-10-21T01:03:12.931+0000] {dag.py:2726} INFO - Sync 1 DAGs
[2025-10-21T01:03:12.972+0000] {logging_mixin.py:149} INFO - [2025-10-21T01:03:12.972+0000] {dag.py:3490} INFO - Setting next_dagrun for example_python_operator to None, run_after=None
[2025-10-21T01:03:13.012+0000] {processor.py:179} INFO - Processing /home/airflow/.local/lib/python3.7/site-packages/airflow/example_dags/example_python_operator.py took 0.153 seconds
[2025-10-21T01:03:43.637+0000] {processor.py:157} INFO - Started process (PID=1882) to work on /home/airflow/.local/lib/python3.7/site-packages/airflow/example_dags/example_python_operator.py
[2025-10-21T01:03:43.639+0000] {processor.py:826} INFO - Processing file /home/airflow/.local/lib/python3.7/site-packages/airflow/example_dags/example_python_operator.py for tasks to queue
[2025-10-21T01:03:43.641+0000] {logging_mixin.py:149} INFO - [2025-10-21T01:03:43.641+0000] {dagbag.py:541} INFO - Filling up the DagBag from /home/airflow/.local/lib/python3.7/site-packages/airflow/example_dags/example_python_operator.py
[2025-10-21T01:03:43.660+0000] {processor.py:836} INFO - DAG(s) dict_keys(['example_python_operator']) retrieved from /home/airflow/.local/lib/python3.7/site-packages/airflow/example_dags/example_python_operator.py
[2025-10-21T01:03:43.708+0000] {logging_mixin.py:149} INFO - [2025-10-21T01:03:43.708+0000] {dag.py:2726} INFO - Sync 1 DAGs
[2025-10-21T01:03:43.747+0000] {logging_mixin.py:149} INFO - [2025-10-21T01:03:43.747+0000] {dag.py:3490} INFO - Setting next_dagrun for example_python_operator to None, run_after=None
[2025-10-21T01:03:43.790+0000] {processor.py:179} INFO - Processing /home/airflow/.local/lib/python3.7/site-packages/airflow/example_dags/example_python_operator.py took 0.160 seconds
[2025-10-21T01:04:14.214+0000] {processor.py:157} INFO - Started process (PID=1948) to work on /home/airflow/.local/lib/python3.7/site-packages/airflow/example_dags/example_python_operator.py
[2025-10-21T01:04:14.216+0000] {processor.py:826} INFO - Processing file /home/airflow/.local/lib/python3.7/site-packages/airflow/example_dags/example_python_operator.py for tasks to queue
[2025-10-21T01:04:14.218+0000] {logging_mixin.py:149} INFO - [2025-10-21T01:04:14.218+0000] {dagbag.py:541} INFO - Filling up the DagBag from /home/airflow/.local/lib/python3.7/site-packages/airflow/example_dags/example_python_operator.py
[2025-10-21T01:04:14.236+0000] {processor.py:836} INFO - DAG(s) dict_keys(['example_python_operator']) retrieved from /home/airflow/.local/lib/python3.7/site-packages/airflow/example_dags/example_python_operator.py
[2025-10-21T01:04:14.289+0000] {logging_mixin.py:149} INFO - [2025-10-21T01:04:14.289+0000] {dag.py:2726} INFO - Sync 1 DAGs
[2025-10-21T01:04:14.335+0000] {logging_mixin.py:149} INFO - [2025-10-21T01:04:14.334+0000] {dag.py:3490} INFO - Setting next_dagrun for example_python_operator to None, run_after=None
[2025-10-21T01:04:14.370+0000] {processor.py:179} INFO - Processing /home/airflow/.local/lib/python3.7/site-packages/airflow/example_dags/example_python_operator.py took 0.161 seconds
[2025-10-21T01:04:45.278+0000] {processor.py:157} INFO - Started process (PID=2014) to work on /home/airflow/.local/lib/python3.7/site-packages/airflow/example_dags/example_python_operator.py
[2025-10-21T01:04:45.280+0000] {processor.py:826} INFO - Processing file /home/airflow/.local/lib/python3.7/site-packages/airflow/example_dags/example_python_operator.py for tasks to queue
[2025-10-21T01:04:45.282+0000] {logging_mixin.py:149} INFO - [2025-10-21T01:04:45.282+0000] {dagbag.py:541} INFO - Filling up the DagBag from /home/airflow/.local/lib/python3.7/site-packages/airflow/example_dags/example_python_operator.py
[2025-10-21T01:04:45.305+0000] {processor.py:836} INFO - DAG(s) dict_keys(['example_python_operator']) retrieved from /home/airflow/.local/lib/python3.7/site-packages/airflow/example_dags/example_python_operator.py
[2025-10-21T01:04:45.363+0000] {logging_mixin.py:149} INFO - [2025-10-21T01:04:45.363+0000] {dag.py:2726} INFO - Sync 1 DAGs
[2025-10-21T01:04:45.417+0000] {logging_mixin.py:149} INFO - [2025-10-21T01:04:45.417+0000] {dag.py:3490} INFO - Setting next_dagrun for example_python_operator to None, run_after=None
[2025-10-21T01:04:45.460+0000] {processor.py:179} INFO - Processing /home/airflow/.local/lib/python3.7/site-packages/airflow/example_dags/example_python_operator.py took 0.192 seconds
[2025-10-21T01:05:15.934+0000] {processor.py:157} INFO - Started process (PID=2080) to work on /home/airflow/.local/lib/python3.7/site-packages/airflow/example_dags/example_python_operator.py
[2025-10-21T01:05:15.935+0000] {processor.py:826} INFO - Processing file /home/airflow/.local/lib/python3.7/site-packages/airflow/example_dags/example_python_operator.py for tasks to queue
[2025-10-21T01:05:15.943+0000] {logging_mixin.py:149} INFO - [2025-10-21T01:05:15.943+0000] {dagbag.py:541} INFO - Filling up the DagBag from /home/airflow/.local/lib/python3.7/site-packages/airflow/example_dags/example_python_operator.py
[2025-10-21T01:05:15.962+0000] {processor.py:836} INFO - DAG(s) dict_keys(['example_python_operator']) retrieved from /home/airflow/.local/lib/python3.7/site-packages/airflow/example_dags/example_python_operator.py
[2025-10-21T01:05:16.013+0000] {logging_mixin.py:149} INFO - [2025-10-21T01:05:16.013+0000] {dag.py:2726} INFO - Sync 1 DAGs
[2025-10-21T01:05:16.065+0000] {logging_mixin.py:149} INFO - [2025-10-21T01:05:16.064+0000] {dag.py:3490} INFO - Setting next_dagrun for example_python_operator to None, run_after=None
[2025-10-21T01:05:16.111+0000] {processor.py:179} INFO - Processing /home/airflow/.local/lib/python3.7/site-packages/airflow/example_dags/example_python_operator.py took 0.182 seconds
[2025-10-21T01:05:46.705+0000] {processor.py:157} INFO - Started process (PID=2137) to work on /home/airflow/.local/lib/python3.7/site-packages/airflow/example_dags/example_python_operator.py
[2025-10-21T01:05:46.708+0000] {processor.py:826} INFO - Processing file /home/airflow/.local/lib/python3.7/site-packages/airflow/example_dags/example_python_operator.py for tasks to queue
[2025-10-21T01:05:46.710+0000] {logging_mixin.py:149} INFO - [2025-10-21T01:05:46.710+0000] {dagbag.py:541} INFO - Filling up the DagBag from /home/airflow/.local/lib/python3.7/site-packages/airflow/example_dags/example_python_operator.py
[2025-10-21T01:05:46.731+0000] {processor.py:836} INFO - DAG(s) dict_keys(['example_python_operator']) retrieved from /home/airflow/.local/lib/python3.7/site-packages/airflow/example_dags/example_python_operator.py
[2025-10-21T01:05:46.785+0000] {logging_mixin.py:149} INFO - [2025-10-21T01:05:46.785+0000] {dag.py:2726} INFO - Sync 1 DAGs
[2025-10-21T01:05:46.854+0000] {logging_mixin.py:149} INFO - [2025-10-21T01:05:46.853+0000] {dag.py:3490} INFO - Setting next_dagrun for example_python_operator to None, run_after=None
[2025-10-21T01:05:46.899+0000] {processor.py:179} INFO - Processing /home/airflow/.local/lib/python3.7/site-packages/airflow/example_dags/example_python_operator.py took 0.201 seconds
[2025-10-21T01:06:17.068+0000] {processor.py:157} INFO - Started process (PID=2203) to work on /home/airflow/.local/lib/python3.7/site-packages/airflow/example_dags/example_python_operator.py
[2025-10-21T01:06:17.070+0000] {processor.py:826} INFO - Processing file /home/airflow/.local/lib/python3.7/site-packages/airflow/example_dags/example_python_operator.py for tasks to queue
[2025-10-21T01:06:17.072+0000] {logging_mixin.py:149} INFO - [2025-10-21T01:06:17.071+0000] {dagbag.py:541} INFO - Filling up the DagBag from /home/airflow/.local/lib/python3.7/site-packages/airflow/example_dags/example_python_operator.py
[2025-10-21T01:06:17.093+0000] {processor.py:836} INFO - DAG(s) dict_keys(['example_python_operator']) retrieved from /home/airflow/.local/lib/python3.7/site-packages/airflow/example_dags/example_python_operator.py
[2025-10-21T01:06:17.141+0000] {logging_mixin.py:149} INFO - [2025-10-21T01:06:17.141+0000] {dag.py:2726} INFO - Sync 1 DAGs
[2025-10-21T01:06:17.189+0000] {logging_mixin.py:149} INFO - [2025-10-21T01:06:17.188+0000] {dag.py:3490} INFO - Setting next_dagrun for example_python_operator to None, run_after=None
[2025-10-21T01:06:17.223+0000] {processor.py:179} INFO - Processing /home/airflow/.local/lib/python3.7/site-packages/airflow/example_dags/example_python_operator.py took 0.161 seconds
[2025-10-21T01:06:47.406+0000] {processor.py:157} INFO - Started process (PID=2270) to work on /home/airflow/.local/lib/python3.7/site-packages/airflow/example_dags/example_python_operator.py
[2025-10-21T01:06:47.408+0000] {processor.py:826} INFO - Processing file /home/airflow/.local/lib/python3.7/site-packages/airflow/example_dags/example_python_operator.py for tasks to queue
[2025-10-21T01:06:47.410+0000] {logging_mixin.py:149} INFO - [2025-10-21T01:06:47.410+0000] {dagbag.py:541} INFO - Filling up the DagBag from /home/airflow/.local/lib/python3.7/site-packages/airflow/example_dags/example_python_operator.py
[2025-10-21T01:06:47.434+0000] {processor.py:836} INFO - DAG(s) dict_keys(['example_python_operator']) retrieved from /home/airflow/.local/lib/python3.7/site-packages/airflow/example_dags/example_python_operator.py
[2025-10-21T01:06:47.491+0000] {logging_mixin.py:149} INFO - [2025-10-21T01:06:47.491+0000] {dag.py:2726} INFO - Sync 1 DAGs
[2025-10-21T01:06:47.541+0000] {logging_mixin.py:149} INFO - [2025-10-21T01:06:47.541+0000] {dag.py:3490} INFO - Setting next_dagrun for example_python_operator to None, run_after=None
[2025-10-21T01:06:47.583+0000] {processor.py:179} INFO - Processing /home/airflow/.local/lib/python3.7/site-packages/airflow/example_dags/example_python_operator.py took 0.183 seconds
[2025-10-21T01:07:17.913+0000] {processor.py:157} INFO - Started process (PID=2337) to work on /home/airflow/.local/lib/python3.7/site-packages/airflow/example_dags/example_python_operator.py
[2025-10-21T01:07:17.915+0000] {processor.py:826} INFO - Processing file /home/airflow/.local/lib/python3.7/site-packages/airflow/example_dags/example_python_operator.py for tasks to queue
[2025-10-21T01:07:17.917+0000] {logging_mixin.py:149} INFO - [2025-10-21T01:07:17.917+0000] {dagbag.py:541} INFO - Filling up the DagBag from /home/airflow/.local/lib/python3.7/site-packages/airflow/example_dags/example_python_operator.py
[2025-10-21T01:07:17.942+0000] {processor.py:836} INFO - DAG(s) dict_keys(['example_python_operator']) retrieved from /home/airflow/.local/lib/python3.7/site-packages/airflow/example_dags/example_python_operator.py
[2025-10-21T01:07:18.003+0000] {logging_mixin.py:149} INFO - [2025-10-21T01:07:18.002+0000] {dag.py:2726} INFO - Sync 1 DAGs
[2025-10-21T01:07:18.052+0000] {logging_mixin.py:149} INFO - [2025-10-21T01:07:18.052+0000] {dag.py:3490} INFO - Setting next_dagrun for example_python_operator to None, run_after=None
[2025-10-21T01:07:18.092+0000] {processor.py:179} INFO - Processing /home/airflow/.local/lib/python3.7/site-packages/airflow/example_dags/example_python_operator.py took 0.188 seconds
[2025-10-21T01:07:48.268+0000] {processor.py:157} INFO - Started process (PID=2403) to work on /home/airflow/.local/lib/python3.7/site-packages/airflow/example_dags/example_python_operator.py
[2025-10-21T01:07:48.271+0000] {processor.py:826} INFO - Processing file /home/airflow/.local/lib/python3.7/site-packages/airflow/example_dags/example_python_operator.py for tasks to queue
[2025-10-21T01:07:48.273+0000] {logging_mixin.py:149} INFO - [2025-10-21T01:07:48.273+0000] {dagbag.py:541} INFO - Filling up the DagBag from /home/airflow/.local/lib/python3.7/site-packages/airflow/example_dags/example_python_operator.py
[2025-10-21T01:07:48.294+0000] {processor.py:836} INFO - DAG(s) dict_keys(['example_python_operator']) retrieved from /home/airflow/.local/lib/python3.7/site-packages/airflow/example_dags/example_python_operator.py
[2025-10-21T01:07:48.347+0000] {logging_mixin.py:149} INFO - [2025-10-21T01:07:48.347+0000] {dag.py:2726} INFO - Sync 1 DAGs
[2025-10-21T01:07:48.391+0000] {logging_mixin.py:149} INFO - [2025-10-21T01:07:48.391+0000] {dag.py:3490} INFO - Setting next_dagrun for example_python_operator to None, run_after=None
[2025-10-21T01:07:48.435+0000] {processor.py:179} INFO - Processing /home/airflow/.local/lib/python3.7/site-packages/airflow/example_dags/example_python_operator.py took 0.173 seconds
[2025-10-21T01:08:19.202+0000] {processor.py:157} INFO - Started process (PID=2469) to work on /home/airflow/.local/lib/python3.7/site-packages/airflow/example_dags/example_python_operator.py
[2025-10-21T01:08:19.205+0000] {processor.py:826} INFO - Processing file /home/airflow/.local/lib/python3.7/site-packages/airflow/example_dags/example_python_operator.py for tasks to queue
[2025-10-21T01:08:19.207+0000] {logging_mixin.py:149} INFO - [2025-10-21T01:08:19.206+0000] {dagbag.py:541} INFO - Filling up the DagBag from /home/airflow/.local/lib/python3.7/site-packages/airflow/example_dags/example_python_operator.py
[2025-10-21T01:08:19.224+0000] {processor.py:836} INFO - DAG(s) dict_keys(['example_python_operator']) retrieved from /home/airflow/.local/lib/python3.7/site-packages/airflow/example_dags/example_python_operator.py
[2025-10-21T01:08:19.277+0000] {logging_mixin.py:149} INFO - [2025-10-21T01:08:19.276+0000] {dag.py:2726} INFO - Sync 1 DAGs
[2025-10-21T01:08:19.329+0000] {logging_mixin.py:149} INFO - [2025-10-21T01:08:19.329+0000] {dag.py:3490} INFO - Setting next_dagrun for example_python_operator to None, run_after=None
[2025-10-21T01:08:19.372+0000] {processor.py:179} INFO - Processing /home/airflow/.local/lib/python3.7/site-packages/airflow/example_dags/example_python_operator.py took 0.174 seconds
[2025-10-21T01:08:49.844+0000] {processor.py:157} INFO - Started process (PID=2535) to work on /home/airflow/.local/lib/python3.7/site-packages/airflow/example_dags/example_python_operator.py
[2025-10-21T01:08:49.846+0000] {processor.py:826} INFO - Processing file /home/airflow/.local/lib/python3.7/site-packages/airflow/example_dags/example_python_operator.py for tasks to queue
[2025-10-21T01:08:49.848+0000] {logging_mixin.py:149} INFO - [2025-10-21T01:08:49.848+0000] {dagbag.py:541} INFO - Filling up the DagBag from /home/airflow/.local/lib/python3.7/site-packages/airflow/example_dags/example_python_operator.py
[2025-10-21T01:08:49.870+0000] {processor.py:836} INFO - DAG(s) dict_keys(['example_python_operator']) retrieved from /home/airflow/.local/lib/python3.7/site-packages/airflow/example_dags/example_python_operator.py
[2025-10-21T01:08:49.928+0000] {logging_mixin.py:149} INFO - [2025-10-21T01:08:49.927+0000] {dag.py:2726} INFO - Sync 1 DAGs
[2025-10-21T01:08:49.979+0000] {logging_mixin.py:149} INFO - [2025-10-21T01:08:49.979+0000] {dag.py:3490} INFO - Setting next_dagrun for example_python_operator to None, run_after=None
[2025-10-21T01:08:50.013+0000] {processor.py:179} INFO - Processing /home/airflow/.local/lib/python3.7/site-packages/airflow/example_dags/example_python_operator.py took 0.177 seconds
[2025-10-21T01:09:20.593+0000] {processor.py:157} INFO - Started process (PID=2601) to work on /home/airflow/.local/lib/python3.7/site-packages/airflow/example_dags/example_python_operator.py
[2025-10-21T01:09:20.596+0000] {processor.py:826} INFO - Processing file /home/airflow/.local/lib/python3.7/site-packages/airflow/example_dags/example_python_operator.py for tasks to queue
[2025-10-21T01:09:20.598+0000] {logging_mixin.py:149} INFO - [2025-10-21T01:09:20.597+0000] {dagbag.py:541} INFO - Filling up the DagBag from /home/airflow/.local/lib/python3.7/site-packages/airflow/example_dags/example_python_operator.py
[2025-10-21T01:09:20.619+0000] {processor.py:836} INFO - DAG(s) dict_keys(['example_python_operator']) retrieved from /home/airflow/.local/lib/python3.7/site-packages/airflow/example_dags/example_python_operator.py
[2025-10-21T01:09:20.676+0000] {logging_mixin.py:149} INFO - [2025-10-21T01:09:20.676+0000] {dag.py:2726} INFO - Sync 1 DAGs
[2025-10-21T01:09:20.719+0000] {logging_mixin.py:149} INFO - [2025-10-21T01:09:20.718+0000] {dag.py:3490} INFO - Setting next_dagrun for example_python_operator to None, run_after=None
[2025-10-21T01:09:20.754+0000] {processor.py:179} INFO - Processing /home/airflow/.local/lib/python3.7/site-packages/airflow/example_dags/example_python_operator.py took 0.168 seconds
[2025-10-21T01:09:51.365+0000] {processor.py:157} INFO - Started process (PID=2668) to work on /home/airflow/.local/lib/python3.7/site-packages/airflow/example_dags/example_python_operator.py
[2025-10-21T01:09:51.368+0000] {processor.py:826} INFO - Processing file /home/airflow/.local/lib/python3.7/site-packages/airflow/example_dags/example_python_operator.py for tasks to queue
[2025-10-21T01:09:51.370+0000] {logging_mixin.py:149} INFO - [2025-10-21T01:09:51.370+0000] {dagbag.py:541} INFO - Filling up the DagBag from /home/airflow/.local/lib/python3.7/site-packages/airflow/example_dags/example_python_operator.py
[2025-10-21T01:09:51.402+0000] {processor.py:836} INFO - DAG(s) dict_keys(['example_python_operator']) retrieved from /home/airflow/.local/lib/python3.7/site-packages/airflow/example_dags/example_python_operator.py
[2025-10-21T01:09:51.470+0000] {logging_mixin.py:149} INFO - [2025-10-21T01:09:51.469+0000] {dag.py:2726} INFO - Sync 1 DAGs
[2025-10-21T01:09:51.531+0000] {logging_mixin.py:149} INFO - [2025-10-21T01:09:51.530+0000] {dag.py:3490} INFO - Setting next_dagrun for example_python_operator to None, run_after=None
[2025-10-21T01:09:51.587+0000] {processor.py:179} INFO - Processing /home/airflow/.local/lib/python3.7/site-packages/airflow/example_dags/example_python_operator.py took 0.230 seconds
[2025-10-21T01:10:22.120+0000] {processor.py:157} INFO - Started process (PID=2735) to work on /home/airflow/.local/lib/python3.7/site-packages/airflow/example_dags/example_python_operator.py
[2025-10-21T01:10:22.122+0000] {processor.py:826} INFO - Processing file /home/airflow/.local/lib/python3.7/site-packages/airflow/example_dags/example_python_operator.py for tasks to queue
[2025-10-21T01:10:22.124+0000] {logging_mixin.py:149} INFO - [2025-10-21T01:10:22.123+0000] {dagbag.py:541} INFO - Filling up the DagBag from /home/airflow/.local/lib/python3.7/site-packages/airflow/example_dags/example_python_operator.py
[2025-10-21T01:10:22.146+0000] {processor.py:836} INFO - DAG(s) dict_keys(['example_python_operator']) retrieved from /home/airflow/.local/lib/python3.7/site-packages/airflow/example_dags/example_python_operator.py
[2025-10-21T01:10:22.197+0000] {logging_mixin.py:149} INFO - [2025-10-21T01:10:22.197+0000] {dag.py:2726} INFO - Sync 1 DAGs
[2025-10-21T01:10:22.248+0000] {logging_mixin.py:149} INFO - [2025-10-21T01:10:22.248+0000] {dag.py:3490} INFO - Setting next_dagrun for example_python_operator to None, run_after=None
[2025-10-21T01:10:22.285+0000] {processor.py:179} INFO - Processing /home/airflow/.local/lib/python3.7/site-packages/airflow/example_dags/example_python_operator.py took 0.173 seconds
[2025-10-21T01:10:52.779+0000] {processor.py:157} INFO - Started process (PID=2801) to work on /home/airflow/.local/lib/python3.7/site-packages/airflow/example_dags/example_python_operator.py
[2025-10-21T01:10:52.781+0000] {processor.py:826} INFO - Processing file /home/airflow/.local/lib/python3.7/site-packages/airflow/example_dags/example_python_operator.py for tasks to queue
[2025-10-21T01:10:52.783+0000] {logging_mixin.py:149} INFO - [2025-10-21T01:10:52.783+0000] {dagbag.py:541} INFO - Filling up the DagBag from /home/airflow/.local/lib/python3.7/site-packages/airflow/example_dags/example_python_operator.py
[2025-10-21T01:10:52.802+0000] {processor.py:836} INFO - DAG(s) dict_keys(['example_python_operator']) retrieved from /home/airflow/.local/lib/python3.7/site-packages/airflow/example_dags/example_python_operator.py
[2025-10-21T01:10:52.855+0000] {logging_mixin.py:149} INFO - [2025-10-21T01:10:52.855+0000] {dag.py:2726} INFO - Sync 1 DAGs
[2025-10-21T01:10:52.905+0000] {logging_mixin.py:149} INFO - [2025-10-21T01:10:52.905+0000] {dag.py:3490} INFO - Setting next_dagrun for example_python_operator to None, run_after=None
[2025-10-21T01:10:52.943+0000] {processor.py:179} INFO - Processing /home/airflow/.local/lib/python3.7/site-packages/airflow/example_dags/example_python_operator.py took 0.170 seconds
[2025-10-21T01:11:23.175+0000] {processor.py:157} INFO - Started process (PID=2867) to work on /home/airflow/.local/lib/python3.7/site-packages/airflow/example_dags/example_python_operator.py
[2025-10-21T01:11:23.177+0000] {processor.py:826} INFO - Processing file /home/airflow/.local/lib/python3.7/site-packages/airflow/example_dags/example_python_operator.py for tasks to queue
[2025-10-21T01:11:23.179+0000] {logging_mixin.py:149} INFO - [2025-10-21T01:11:23.178+0000] {dagbag.py:541} INFO - Filling up the DagBag from /home/airflow/.local/lib/python3.7/site-packages/airflow/example_dags/example_python_operator.py
[2025-10-21T01:11:23.194+0000] {processor.py:836} INFO - DAG(s) dict_keys(['example_python_operator']) retrieved from /home/airflow/.local/lib/python3.7/site-packages/airflow/example_dags/example_python_operator.py
[2025-10-21T01:11:23.252+0000] {logging_mixin.py:149} INFO - [2025-10-21T01:11:23.252+0000] {dag.py:2726} INFO - Sync 1 DAGs
[2025-10-21T01:11:23.299+0000] {logging_mixin.py:149} INFO - [2025-10-21T01:11:23.299+0000] {dag.py:3490} INFO - Setting next_dagrun for example_python_operator to None, run_after=None
[2025-10-21T01:11:23.336+0000] {processor.py:179} INFO - Processing /home/airflow/.local/lib/python3.7/site-packages/airflow/example_dags/example_python_operator.py took 0.168 seconds
[2025-10-21T01:11:53.923+0000] {processor.py:157} INFO - Started process (PID=2933) to work on /home/airflow/.local/lib/python3.7/site-packages/airflow/example_dags/example_python_operator.py
[2025-10-21T01:11:53.925+0000] {processor.py:826} INFO - Processing file /home/airflow/.local/lib/python3.7/site-packages/airflow/example_dags/example_python_operator.py for tasks to queue
[2025-10-21T01:11:53.926+0000] {logging_mixin.py:149} INFO - [2025-10-21T01:11:53.926+0000] {dagbag.py:541} INFO - Filling up the DagBag from /home/airflow/.local/lib/python3.7/site-packages/airflow/example_dags/example_python_operator.py
[2025-10-21T01:11:53.943+0000] {processor.py:836} INFO - DAG(s) dict_keys(['example_python_operator']) retrieved from /home/airflow/.local/lib/python3.7/site-packages/airflow/example_dags/example_python_operator.py
[2025-10-21T01:11:53.990+0000] {logging_mixin.py:149} INFO - [2025-10-21T01:11:53.990+0000] {dag.py:2726} INFO - Sync 1 DAGs
[2025-10-21T01:11:54.029+0000] {logging_mixin.py:149} INFO - [2025-10-21T01:11:54.028+0000] {dag.py:3490} INFO - Setting next_dagrun for example_python_operator to None, run_after=None
[2025-10-21T01:11:54.063+0000] {processor.py:179} INFO - Processing /home/airflow/.local/lib/python3.7/site-packages/airflow/example_dags/example_python_operator.py took 0.146 seconds
[2025-10-21T01:12:24.414+0000] {processor.py:157} INFO - Started process (PID=2999) to work on /home/airflow/.local/lib/python3.7/site-packages/airflow/example_dags/example_python_operator.py
[2025-10-21T01:12:24.416+0000] {processor.py:826} INFO - Processing file /home/airflow/.local/lib/python3.7/site-packages/airflow/example_dags/example_python_operator.py for tasks to queue
[2025-10-21T01:12:24.418+0000] {logging_mixin.py:149} INFO - [2025-10-21T01:12:24.417+0000] {dagbag.py:541} INFO - Filling up the DagBag from /home/airflow/.local/lib/python3.7/site-packages/airflow/example_dags/example_python_operator.py
[2025-10-21T01:12:24.437+0000] {processor.py:836} INFO - DAG(s) dict_keys(['example_python_operator']) retrieved from /home/airflow/.local/lib/python3.7/site-packages/airflow/example_dags/example_python_operator.py
[2025-10-21T01:12:24.486+0000] {logging_mixin.py:149} INFO - [2025-10-21T01:12:24.486+0000] {dag.py:2726} INFO - Sync 1 DAGs
[2025-10-21T01:12:24.525+0000] {logging_mixin.py:149} INFO - [2025-10-21T01:12:24.525+0000] {dag.py:3490} INFO - Setting next_dagrun for example_python_operator to None, run_after=None
[2025-10-21T01:12:24.562+0000] {processor.py:179} INFO - Processing /home/airflow/.local/lib/python3.7/site-packages/airflow/example_dags/example_python_operator.py took 0.154 seconds
[2025-10-21T01:12:54.844+0000] {processor.py:157} INFO - Started process (PID=3065) to work on /home/airflow/.local/lib/python3.7/site-packages/airflow/example_dags/example_python_operator.py
[2025-10-21T01:12:54.846+0000] {processor.py:826} INFO - Processing file /home/airflow/.local/lib/python3.7/site-packages/airflow/example_dags/example_python_operator.py for tasks to queue
[2025-10-21T01:12:54.849+0000] {logging_mixin.py:149} INFO - [2025-10-21T01:12:54.848+0000] {dagbag.py:541} INFO - Filling up the DagBag from /home/airflow/.local/lib/python3.7/site-packages/airflow/example_dags/example_python_operator.py
[2025-10-21T01:12:54.885+0000] {processor.py:836} INFO - DAG(s) dict_keys(['example_python_operator']) retrieved from /home/airflow/.local/lib/python3.7/site-packages/airflow/example_dags/example_python_operator.py
[2025-10-21T01:12:54.962+0000] {logging_mixin.py:149} INFO - [2025-10-21T01:12:54.962+0000] {dag.py:2726} INFO - Sync 1 DAGs
[2025-10-21T01:12:55.046+0000] {logging_mixin.py:149} INFO - [2025-10-21T01:12:55.046+0000] {dag.py:3490} INFO - Setting next_dagrun for example_python_operator to None, run_after=None
[2025-10-21T01:12:55.097+0000] {processor.py:179} INFO - Processing /home/airflow/.local/lib/python3.7/site-packages/airflow/example_dags/example_python_operator.py took 0.261 seconds
[2025-10-21T01:13:25.904+0000] {processor.py:157} INFO - Started process (PID=3131) to work on /home/airflow/.local/lib/python3.7/site-packages/airflow/example_dags/example_python_operator.py
[2025-10-21T01:13:25.906+0000] {processor.py:826} INFO - Processing file /home/airflow/.local/lib/python3.7/site-packages/airflow/example_dags/example_python_operator.py for tasks to queue
[2025-10-21T01:13:25.908+0000] {logging_mixin.py:149} INFO - [2025-10-21T01:13:25.908+0000] {dagbag.py:541} INFO - Filling up the DagBag from /home/airflow/.local/lib/python3.7/site-packages/airflow/example_dags/example_python_operator.py
[2025-10-21T01:13:25.936+0000] {processor.py:836} INFO - DAG(s) dict_keys(['example_python_operator']) retrieved from /home/airflow/.local/lib/python3.7/site-packages/airflow/example_dags/example_python_operator.py
[2025-10-21T01:13:25.988+0000] {logging_mixin.py:149} INFO - [2025-10-21T01:13:25.988+0000] {dag.py:2726} INFO - Sync 1 DAGs
[2025-10-21T01:13:26.041+0000] {logging_mixin.py:149} INFO - [2025-10-21T01:13:26.041+0000] {dag.py:3490} INFO - Setting next_dagrun for example_python_operator to None, run_after=None
[2025-10-21T01:13:26.085+0000] {processor.py:179} INFO - Processing /home/airflow/.local/lib/python3.7/site-packages/airflow/example_dags/example_python_operator.py took 0.190 seconds
[2025-10-21T01:13:57.108+0000] {processor.py:157} INFO - Started process (PID=3197) to work on /home/airflow/.local/lib/python3.7/site-packages/airflow/example_dags/example_python_operator.py
[2025-10-21T01:13:57.110+0000] {processor.py:826} INFO - Processing file /home/airflow/.local/lib/python3.7/site-packages/airflow/example_dags/example_python_operator.py for tasks to queue
[2025-10-21T01:13:57.112+0000] {logging_mixin.py:149} INFO - [2025-10-21T01:13:57.112+0000] {dagbag.py:541} INFO - Filling up the DagBag from /home/airflow/.local/lib/python3.7/site-packages/airflow/example_dags/example_python_operator.py
[2025-10-21T01:13:57.131+0000] {processor.py:836} INFO - DAG(s) dict_keys(['example_python_operator']) retrieved from /home/airflow/.local/lib/python3.7/site-packages/airflow/example_dags/example_python_operator.py
[2025-10-21T01:13:57.184+0000] {logging_mixin.py:149} INFO - [2025-10-21T01:13:57.183+0000] {dag.py:2726} INFO - Sync 1 DAGs
[2025-10-21T01:13:57.230+0000] {logging_mixin.py:149} INFO - [2025-10-21T01:13:57.230+0000] {dag.py:3490} INFO - Setting next_dagrun for example_python_operator to None, run_after=None
[2025-10-21T01:13:57.270+0000] {processor.py:179} INFO - Processing /home/airflow/.local/lib/python3.7/site-packages/airflow/example_dags/example_python_operator.py took 0.175 seconds
[2025-10-21T01:14:27.660+0000] {processor.py:157} INFO - Started process (PID=3263) to work on /home/airflow/.local/lib/python3.7/site-packages/airflow/example_dags/example_python_operator.py
[2025-10-21T01:14:27.662+0000] {processor.py:826} INFO - Processing file /home/airflow/.local/lib/python3.7/site-packages/airflow/example_dags/example_python_operator.py for tasks to queue
[2025-10-21T01:14:27.667+0000] {logging_mixin.py:149} INFO - [2025-10-21T01:14:27.666+0000] {dagbag.py:541} INFO - Filling up the DagBag from /home/airflow/.local/lib/python3.7/site-packages/airflow/example_dags/example_python_operator.py
[2025-10-21T01:14:27.704+0000] {processor.py:836} INFO - DAG(s) dict_keys(['example_python_operator']) retrieved from /home/airflow/.local/lib/python3.7/site-packages/airflow/example_dags/example_python_operator.py
[2025-10-21T01:14:27.771+0000] {logging_mixin.py:149} INFO - [2025-10-21T01:14:27.771+0000] {dag.py:2726} INFO - Sync 1 DAGs
[2025-10-21T01:14:27.822+0000] {logging_mixin.py:149} INFO - [2025-10-21T01:14:27.822+0000] {dag.py:3490} INFO - Setting next_dagrun for example_python_operator to None, run_after=None
[2025-10-21T01:14:27.866+0000] {processor.py:179} INFO - Processing /home/airflow/.local/lib/python3.7/site-packages/airflow/example_dags/example_python_operator.py took 0.217 seconds
[2025-10-21T01:14:58.846+0000] {processor.py:157} INFO - Started process (PID=3329) to work on /home/airflow/.local/lib/python3.7/site-packages/airflow/example_dags/example_python_operator.py
[2025-10-21T01:14:58.848+0000] {processor.py:826} INFO - Processing file /home/airflow/.local/lib/python3.7/site-packages/airflow/example_dags/example_python_operator.py for tasks to queue
[2025-10-21T01:14:58.850+0000] {logging_mixin.py:149} INFO - [2025-10-21T01:14:58.850+0000] {dagbag.py:541} INFO - Filling up the DagBag from /home/airflow/.local/lib/python3.7/site-packages/airflow/example_dags/example_python_operator.py
[2025-10-21T01:14:58.869+0000] {processor.py:836} INFO - DAG(s) dict_keys(['example_python_operator']) retrieved from /home/airflow/.local/lib/python3.7/site-packages/airflow/example_dags/example_python_operator.py
[2025-10-21T01:14:58.922+0000] {logging_mixin.py:149} INFO - [2025-10-21T01:14:58.922+0000] {dag.py:2726} INFO - Sync 1 DAGs
[2025-10-21T01:14:58.971+0000] {logging_mixin.py:149} INFO - [2025-10-21T01:14:58.971+0000] {dag.py:3490} INFO - Setting next_dagrun for example_python_operator to None, run_after=None
[2025-10-21T01:14:59.011+0000] {processor.py:179} INFO - Processing /home/airflow/.local/lib/python3.7/site-packages/airflow/example_dags/example_python_operator.py took 0.172 seconds
[2025-10-21T01:15:30.102+0000] {processor.py:157} INFO - Started process (PID=3395) to work on /home/airflow/.local/lib/python3.7/site-packages/airflow/example_dags/example_python_operator.py
[2025-10-21T01:15:30.107+0000] {processor.py:826} INFO - Processing file /home/airflow/.local/lib/python3.7/site-packages/airflow/example_dags/example_python_operator.py for tasks to queue
[2025-10-21T01:15:30.110+0000] {logging_mixin.py:149} INFO - [2025-10-21T01:15:30.110+0000] {dagbag.py:541} INFO - Filling up the DagBag from /home/airflow/.local/lib/python3.7/site-packages/airflow/example_dags/example_python_operator.py
[2025-10-21T01:15:30.139+0000] {processor.py:836} INFO - DAG(s) dict_keys(['example_python_operator']) retrieved from /home/airflow/.local/lib/python3.7/site-packages/airflow/example_dags/example_python_operator.py
[2025-10-21T01:15:30.205+0000] {logging_mixin.py:149} INFO - [2025-10-21T01:15:30.205+0000] {dag.py:2726} INFO - Sync 1 DAGs
[2025-10-21T01:15:30.280+0000] {logging_mixin.py:149} INFO - [2025-10-21T01:15:30.280+0000] {dag.py:3490} INFO - Setting next_dagrun for example_python_operator to None, run_after=None
[2025-10-21T01:15:30.347+0000] {processor.py:179} INFO - Processing /home/airflow/.local/lib/python3.7/site-packages/airflow/example_dags/example_python_operator.py took 0.262 seconds
[2025-10-21T01:16:01.041+0000] {processor.py:157} INFO - Started process (PID=3462) to work on /home/airflow/.local/lib/python3.7/site-packages/airflow/example_dags/example_python_operator.py
[2025-10-21T01:16:01.043+0000] {processor.py:826} INFO - Processing file /home/airflow/.local/lib/python3.7/site-packages/airflow/example_dags/example_python_operator.py for tasks to queue
[2025-10-21T01:16:01.045+0000] {logging_mixin.py:149} INFO - [2025-10-21T01:16:01.045+0000] {dagbag.py:541} INFO - Filling up the DagBag from /home/airflow/.local/lib/python3.7/site-packages/airflow/example_dags/example_python_operator.py
[2025-10-21T01:16:01.066+0000] {processor.py:836} INFO - DAG(s) dict_keys(['example_python_operator']) retrieved from /home/airflow/.local/lib/python3.7/site-packages/airflow/example_dags/example_python_operator.py
[2025-10-21T01:16:01.133+0000] {logging_mixin.py:149} INFO - [2025-10-21T01:16:01.133+0000] {dag.py:2726} INFO - Sync 1 DAGs
[2025-10-21T01:16:01.188+0000] {logging_mixin.py:149} INFO - [2025-10-21T01:16:01.188+0000] {dag.py:3490} INFO - Setting next_dagrun for example_python_operator to None, run_after=None
[2025-10-21T01:16:01.238+0000] {processor.py:179} INFO - Processing /home/airflow/.local/lib/python3.7/site-packages/airflow/example_dags/example_python_operator.py took 0.204 seconds
[2025-10-21T01:16:31.487+0000] {processor.py:157} INFO - Started process (PID=3528) to work on /home/airflow/.local/lib/python3.7/site-packages/airflow/example_dags/example_python_operator.py
[2025-10-21T01:16:31.490+0000] {processor.py:826} INFO - Processing file /home/airflow/.local/lib/python3.7/site-packages/airflow/example_dags/example_python_operator.py for tasks to queue
[2025-10-21T01:16:31.492+0000] {logging_mixin.py:149} INFO - [2025-10-21T01:16:31.492+0000] {dagbag.py:541} INFO - Filling up the DagBag from /home/airflow/.local/lib/python3.7/site-packages/airflow/example_dags/example_python_operator.py
[2025-10-21T01:16:31.517+0000] {processor.py:836} INFO - DAG(s) dict_keys(['example_python_operator']) retrieved from /home/airflow/.local/lib/python3.7/site-packages/airflow/example_dags/example_python_operator.py
[2025-10-21T01:16:31.575+0000] {logging_mixin.py:149} INFO - [2025-10-21T01:16:31.575+0000] {dag.py:2726} INFO - Sync 1 DAGs
[2025-10-21T01:16:31.620+0000] {logging_mixin.py:149} INFO - [2025-10-21T01:16:31.620+0000] {dag.py:3490} INFO - Setting next_dagrun for example_python_operator to None, run_after=None
[2025-10-21T01:16:31.662+0000] {processor.py:179} INFO - Processing /home/airflow/.local/lib/python3.7/site-packages/airflow/example_dags/example_python_operator.py took 0.185 seconds
[2025-10-21T01:17:02.070+0000] {processor.py:157} INFO - Started process (PID=3594) to work on /home/airflow/.local/lib/python3.7/site-packages/airflow/example_dags/example_python_operator.py
[2025-10-21T01:17:02.073+0000] {processor.py:826} INFO - Processing file /home/airflow/.local/lib/python3.7/site-packages/airflow/example_dags/example_python_operator.py for tasks to queue
[2025-10-21T01:17:02.075+0000] {logging_mixin.py:149} INFO - [2025-10-21T01:17:02.075+0000] {dagbag.py:541} INFO - Filling up the DagBag from /home/airflow/.local/lib/python3.7/site-packages/airflow/example_dags/example_python_operator.py
[2025-10-21T01:17:02.097+0000] {processor.py:836} INFO - DAG(s) dict_keys(['example_python_operator']) retrieved from /home/airflow/.local/lib/python3.7/site-packages/airflow/example_dags/example_python_operator.py
[2025-10-21T01:17:02.153+0000] {logging_mixin.py:149} INFO - [2025-10-21T01:17:02.152+0000] {dag.py:2726} INFO - Sync 1 DAGs
[2025-10-21T01:17:02.206+0000] {logging_mixin.py:149} INFO - [2025-10-21T01:17:02.205+0000] {dag.py:3490} INFO - Setting next_dagrun for example_python_operator to None, run_after=None
[2025-10-21T01:17:02.251+0000] {processor.py:179} INFO - Processing /home/airflow/.local/lib/python3.7/site-packages/airflow/example_dags/example_python_operator.py took 0.187 seconds
