[2025-10-21T00:49:57.969+0000] {processor.py:157} INFO - Started process (PID=97) to work on /home/airflow/.local/lib/python3.7/site-packages/airflow/example_dags/example_external_task_marker_dag.py
[2025-10-21T00:49:57.972+0000] {processor.py:826} INFO - Processing file /home/airflow/.local/lib/python3.7/site-packages/airflow/example_dags/example_external_task_marker_dag.py for tasks to queue
[2025-10-21T00:49:57.974+0000] {logging_mixin.py:149} INFO - [2025-10-21T00:49:57.974+0000] {dagbag.py:541} INFO - Filling up the DagBag from /home/airflow/.local/lib/python3.7/site-packages/airflow/example_dags/example_external_task_marker_dag.py
[2025-10-21T00:49:57.998+0000] {processor.py:836} INFO - DAG(s) dict_keys(['example_external_task_marker_parent', 'example_external_task_marker_child']) retrieved from /home/airflow/.local/lib/python3.7/site-packages/airflow/example_dags/example_external_task_marker_dag.py
[2025-10-21T00:49:58.709+0000] {logging_mixin.py:149} INFO - [2025-10-21T00:49:58.708+0000] {dag.py:2726} INFO - Sync 2 DAGs
[2025-10-21T00:49:58.765+0000] {logging_mixin.py:149} INFO - [2025-10-21T00:49:58.765+0000] {dag.py:3490} INFO - Setting next_dagrun for example_external_task_marker_child to None, run_after=None
[2025-10-21T00:49:58.772+0000] {logging_mixin.py:149} INFO - [2025-10-21T00:49:58.772+0000] {dag.py:3490} INFO - Setting next_dagrun for example_external_task_marker_parent to None, run_after=None
[2025-10-21T00:49:58.822+0000] {processor.py:179} INFO - Processing /home/airflow/.local/lib/python3.7/site-packages/airflow/example_dags/example_external_task_marker_dag.py took 0.864 seconds
[2025-10-21T00:50:29.206+0000] {processor.py:157} INFO - Started process (PID=163) to work on /home/airflow/.local/lib/python3.7/site-packages/airflow/example_dags/example_external_task_marker_dag.py
[2025-10-21T00:50:29.208+0000] {processor.py:826} INFO - Processing file /home/airflow/.local/lib/python3.7/site-packages/airflow/example_dags/example_external_task_marker_dag.py for tasks to queue
[2025-10-21T00:50:29.210+0000] {logging_mixin.py:149} INFO - [2025-10-21T00:50:29.210+0000] {dagbag.py:541} INFO - Filling up the DagBag from /home/airflow/.local/lib/python3.7/site-packages/airflow/example_dags/example_external_task_marker_dag.py
[2025-10-21T00:50:29.224+0000] {processor.py:836} INFO - DAG(s) dict_keys(['example_external_task_marker_parent', 'example_external_task_marker_child']) retrieved from /home/airflow/.local/lib/python3.7/site-packages/airflow/example_dags/example_external_task_marker_dag.py
[2025-10-21T00:50:29.288+0000] {logging_mixin.py:149} INFO - [2025-10-21T00:50:29.288+0000] {dag.py:2726} INFO - Sync 2 DAGs
[2025-10-21T00:50:29.337+0000] {logging_mixin.py:149} INFO - [2025-10-21T00:50:29.337+0000] {dag.py:3490} INFO - Setting next_dagrun for example_external_task_marker_child to None, run_after=None
[2025-10-21T00:50:29.346+0000] {logging_mixin.py:149} INFO - [2025-10-21T00:50:29.345+0000] {dag.py:3490} INFO - Setting next_dagrun for example_external_task_marker_parent to None, run_after=None
[2025-10-21T00:50:29.398+0000] {processor.py:179} INFO - Processing /home/airflow/.local/lib/python3.7/site-packages/airflow/example_dags/example_external_task_marker_dag.py took 0.199 seconds
[2025-10-21T00:50:59.486+0000] {processor.py:157} INFO - Started process (PID=228) to work on /home/airflow/.local/lib/python3.7/site-packages/airflow/example_dags/example_external_task_marker_dag.py
[2025-10-21T00:50:59.490+0000] {processor.py:826} INFO - Processing file /home/airflow/.local/lib/python3.7/site-packages/airflow/example_dags/example_external_task_marker_dag.py for tasks to queue
[2025-10-21T00:50:59.494+0000] {logging_mixin.py:149} INFO - [2025-10-21T00:50:59.493+0000] {dagbag.py:541} INFO - Filling up the DagBag from /home/airflow/.local/lib/python3.7/site-packages/airflow/example_dags/example_external_task_marker_dag.py
[2025-10-21T00:50:59.515+0000] {processor.py:836} INFO - DAG(s) dict_keys(['example_external_task_marker_child', 'example_external_task_marker_parent']) retrieved from /home/airflow/.local/lib/python3.7/site-packages/airflow/example_dags/example_external_task_marker_dag.py
[2025-10-21T00:50:59.594+0000] {logging_mixin.py:149} INFO - [2025-10-21T00:50:59.594+0000] {dag.py:2726} INFO - Sync 2 DAGs
[2025-10-21T00:50:59.662+0000] {logging_mixin.py:149} INFO - [2025-10-21T00:50:59.662+0000] {dag.py:3490} INFO - Setting next_dagrun for example_external_task_marker_child to None, run_after=None
[2025-10-21T00:50:59.671+0000] {logging_mixin.py:149} INFO - [2025-10-21T00:50:59.670+0000] {dag.py:3490} INFO - Setting next_dagrun for example_external_task_marker_parent to None, run_after=None
[2025-10-21T00:50:59.730+0000] {processor.py:179} INFO - Processing /home/airflow/.local/lib/python3.7/site-packages/airflow/example_dags/example_external_task_marker_dag.py took 0.251 seconds
[2025-10-21T00:51:29.897+0000] {processor.py:157} INFO - Started process (PID=293) to work on /home/airflow/.local/lib/python3.7/site-packages/airflow/example_dags/example_external_task_marker_dag.py
[2025-10-21T00:51:29.899+0000] {processor.py:826} INFO - Processing file /home/airflow/.local/lib/python3.7/site-packages/airflow/example_dags/example_external_task_marker_dag.py for tasks to queue
[2025-10-21T00:51:29.901+0000] {logging_mixin.py:149} INFO - [2025-10-21T00:51:29.901+0000] {dagbag.py:541} INFO - Filling up the DagBag from /home/airflow/.local/lib/python3.7/site-packages/airflow/example_dags/example_external_task_marker_dag.py
[2025-10-21T00:51:29.917+0000] {processor.py:836} INFO - DAG(s) dict_keys(['example_external_task_marker_parent', 'example_external_task_marker_child']) retrieved from /home/airflow/.local/lib/python3.7/site-packages/airflow/example_dags/example_external_task_marker_dag.py
[2025-10-21T00:51:30.010+0000] {logging_mixin.py:149} INFO - [2025-10-21T00:51:30.010+0000] {dag.py:2726} INFO - Sync 2 DAGs
[2025-10-21T00:51:30.076+0000] {logging_mixin.py:149} INFO - [2025-10-21T00:51:30.075+0000] {dag.py:3490} INFO - Setting next_dagrun for example_external_task_marker_child to None, run_after=None
[2025-10-21T00:51:30.085+0000] {logging_mixin.py:149} INFO - [2025-10-21T00:51:30.085+0000] {dag.py:3490} INFO - Setting next_dagrun for example_external_task_marker_parent to None, run_after=None
[2025-10-21T00:51:30.133+0000] {processor.py:179} INFO - Processing /home/airflow/.local/lib/python3.7/site-packages/airflow/example_dags/example_external_task_marker_dag.py took 0.243 seconds
[2025-10-21T00:52:00.226+0000] {processor.py:157} INFO - Started process (PID=359) to work on /home/airflow/.local/lib/python3.7/site-packages/airflow/example_dags/example_external_task_marker_dag.py
[2025-10-21T00:52:00.228+0000] {processor.py:826} INFO - Processing file /home/airflow/.local/lib/python3.7/site-packages/airflow/example_dags/example_external_task_marker_dag.py for tasks to queue
[2025-10-21T00:52:00.231+0000] {logging_mixin.py:149} INFO - [2025-10-21T00:52:00.230+0000] {dagbag.py:541} INFO - Filling up the DagBag from /home/airflow/.local/lib/python3.7/site-packages/airflow/example_dags/example_external_task_marker_dag.py
[2025-10-21T00:52:00.245+0000] {processor.py:836} INFO - DAG(s) dict_keys(['example_external_task_marker_parent', 'example_external_task_marker_child']) retrieved from /home/airflow/.local/lib/python3.7/site-packages/airflow/example_dags/example_external_task_marker_dag.py
[2025-10-21T00:52:00.308+0000] {logging_mixin.py:149} INFO - [2025-10-21T00:52:00.308+0000] {dag.py:2726} INFO - Sync 2 DAGs
[2025-10-21T00:52:00.380+0000] {logging_mixin.py:149} INFO - [2025-10-21T00:52:00.379+0000] {dag.py:3490} INFO - Setting next_dagrun for example_external_task_marker_child to None, run_after=None
[2025-10-21T00:52:00.389+0000] {logging_mixin.py:149} INFO - [2025-10-21T00:52:00.389+0000] {dag.py:3490} INFO - Setting next_dagrun for example_external_task_marker_parent to None, run_after=None
[2025-10-21T00:52:00.434+0000] {processor.py:179} INFO - Processing /home/airflow/.local/lib/python3.7/site-packages/airflow/example_dags/example_external_task_marker_dag.py took 0.215 seconds
[2025-10-21T00:52:30.837+0000] {processor.py:157} INFO - Started process (PID=424) to work on /home/airflow/.local/lib/python3.7/site-packages/airflow/example_dags/example_external_task_marker_dag.py
[2025-10-21T00:52:30.840+0000] {processor.py:826} INFO - Processing file /home/airflow/.local/lib/python3.7/site-packages/airflow/example_dags/example_external_task_marker_dag.py for tasks to queue
[2025-10-21T00:52:30.841+0000] {logging_mixin.py:149} INFO - [2025-10-21T00:52:30.841+0000] {dagbag.py:541} INFO - Filling up the DagBag from /home/airflow/.local/lib/python3.7/site-packages/airflow/example_dags/example_external_task_marker_dag.py
[2025-10-21T00:52:30.852+0000] {processor.py:836} INFO - DAG(s) dict_keys(['example_external_task_marker_parent', 'example_external_task_marker_child']) retrieved from /home/airflow/.local/lib/python3.7/site-packages/airflow/example_dags/example_external_task_marker_dag.py
[2025-10-21T00:52:30.907+0000] {logging_mixin.py:149} INFO - [2025-10-21T00:52:30.907+0000] {dag.py:2726} INFO - Sync 2 DAGs
[2025-10-21T00:52:30.962+0000] {logging_mixin.py:149} INFO - [2025-10-21T00:52:30.962+0000] {dag.py:3490} INFO - Setting next_dagrun for example_external_task_marker_child to None, run_after=None
[2025-10-21T00:52:30.971+0000] {logging_mixin.py:149} INFO - [2025-10-21T00:52:30.971+0000] {dag.py:3490} INFO - Setting next_dagrun for example_external_task_marker_parent to None, run_after=None
[2025-10-21T00:52:31.009+0000] {processor.py:179} INFO - Processing /home/airflow/.local/lib/python3.7/site-packages/airflow/example_dags/example_external_task_marker_dag.py took 0.179 seconds
[2025-10-21T00:53:01.104+0000] {processor.py:157} INFO - Started process (PID=490) to work on /home/airflow/.local/lib/python3.7/site-packages/airflow/example_dags/example_external_task_marker_dag.py
[2025-10-21T00:53:01.106+0000] {processor.py:826} INFO - Processing file /home/airflow/.local/lib/python3.7/site-packages/airflow/example_dags/example_external_task_marker_dag.py for tasks to queue
[2025-10-21T00:53:01.108+0000] {logging_mixin.py:149} INFO - [2025-10-21T00:53:01.108+0000] {dagbag.py:541} INFO - Filling up the DagBag from /home/airflow/.local/lib/python3.7/site-packages/airflow/example_dags/example_external_task_marker_dag.py
[2025-10-21T00:53:01.119+0000] {processor.py:836} INFO - DAG(s) dict_keys(['example_external_task_marker_child', 'example_external_task_marker_parent']) retrieved from /home/airflow/.local/lib/python3.7/site-packages/airflow/example_dags/example_external_task_marker_dag.py
[2025-10-21T00:53:01.180+0000] {logging_mixin.py:149} INFO - [2025-10-21T00:53:01.180+0000] {dag.py:2726} INFO - Sync 2 DAGs
[2025-10-21T00:53:01.229+0000] {logging_mixin.py:149} INFO - [2025-10-21T00:53:01.228+0000] {dag.py:3490} INFO - Setting next_dagrun for example_external_task_marker_child to None, run_after=None
[2025-10-21T00:53:01.237+0000] {logging_mixin.py:149} INFO - [2025-10-21T00:53:01.236+0000] {dag.py:3490} INFO - Setting next_dagrun for example_external_task_marker_parent to None, run_after=None
[2025-10-21T00:53:01.271+0000] {processor.py:179} INFO - Processing /home/airflow/.local/lib/python3.7/site-packages/airflow/example_dags/example_external_task_marker_dag.py took 0.174 seconds
[2025-10-21T00:53:31.638+0000] {processor.py:157} INFO - Started process (PID=557) to work on /home/airflow/.local/lib/python3.7/site-packages/airflow/example_dags/example_external_task_marker_dag.py
[2025-10-21T00:53:31.641+0000] {processor.py:826} INFO - Processing file /home/airflow/.local/lib/python3.7/site-packages/airflow/example_dags/example_external_task_marker_dag.py for tasks to queue
[2025-10-21T00:53:31.642+0000] {logging_mixin.py:149} INFO - [2025-10-21T00:53:31.642+0000] {dagbag.py:541} INFO - Filling up the DagBag from /home/airflow/.local/lib/python3.7/site-packages/airflow/example_dags/example_external_task_marker_dag.py
[2025-10-21T00:53:31.657+0000] {processor.py:836} INFO - DAG(s) dict_keys(['example_external_task_marker_child', 'example_external_task_marker_parent']) retrieved from /home/airflow/.local/lib/python3.7/site-packages/airflow/example_dags/example_external_task_marker_dag.py
[2025-10-21T00:53:31.728+0000] {logging_mixin.py:149} INFO - [2025-10-21T00:53:31.728+0000] {dag.py:2726} INFO - Sync 2 DAGs
[2025-10-21T00:53:31.790+0000] {logging_mixin.py:149} INFO - [2025-10-21T00:53:31.790+0000] {dag.py:3490} INFO - Setting next_dagrun for example_external_task_marker_child to None, run_after=None
[2025-10-21T00:53:31.798+0000] {logging_mixin.py:149} INFO - [2025-10-21T00:53:31.798+0000] {dag.py:3490} INFO - Setting next_dagrun for example_external_task_marker_parent to None, run_after=None
[2025-10-21T00:53:31.837+0000] {processor.py:179} INFO - Processing /home/airflow/.local/lib/python3.7/site-packages/airflow/example_dags/example_external_task_marker_dag.py took 0.206 seconds
[2025-10-21T00:54:01.914+0000] {processor.py:157} INFO - Started process (PID=624) to work on /home/airflow/.local/lib/python3.7/site-packages/airflow/example_dags/example_external_task_marker_dag.py
[2025-10-21T00:54:01.916+0000] {processor.py:826} INFO - Processing file /home/airflow/.local/lib/python3.7/site-packages/airflow/example_dags/example_external_task_marker_dag.py for tasks to queue
[2025-10-21T00:54:01.918+0000] {logging_mixin.py:149} INFO - [2025-10-21T00:54:01.918+0000] {dagbag.py:541} INFO - Filling up the DagBag from /home/airflow/.local/lib/python3.7/site-packages/airflow/example_dags/example_external_task_marker_dag.py
[2025-10-21T00:54:01.929+0000] {processor.py:836} INFO - DAG(s) dict_keys(['example_external_task_marker_child', 'example_external_task_marker_parent']) retrieved from /home/airflow/.local/lib/python3.7/site-packages/airflow/example_dags/example_external_task_marker_dag.py
[2025-10-21T00:54:01.991+0000] {logging_mixin.py:149} INFO - [2025-10-21T00:54:01.991+0000] {dag.py:2726} INFO - Sync 2 DAGs
[2025-10-21T00:54:02.041+0000] {logging_mixin.py:149} INFO - [2025-10-21T00:54:02.041+0000] {dag.py:3490} INFO - Setting next_dagrun for example_external_task_marker_child to None, run_after=None
[2025-10-21T00:54:02.049+0000] {logging_mixin.py:149} INFO - [2025-10-21T00:54:02.049+0000] {dag.py:3490} INFO - Setting next_dagrun for example_external_task_marker_parent to None, run_after=None
[2025-10-21T00:54:02.092+0000] {processor.py:179} INFO - Processing /home/airflow/.local/lib/python3.7/site-packages/airflow/example_dags/example_external_task_marker_dag.py took 0.185 seconds
[2025-10-21T00:54:32.181+0000] {processor.py:157} INFO - Started process (PID=689) to work on /home/airflow/.local/lib/python3.7/site-packages/airflow/example_dags/example_external_task_marker_dag.py
[2025-10-21T00:54:32.183+0000] {processor.py:826} INFO - Processing file /home/airflow/.local/lib/python3.7/site-packages/airflow/example_dags/example_external_task_marker_dag.py for tasks to queue
[2025-10-21T00:54:32.184+0000] {logging_mixin.py:149} INFO - [2025-10-21T00:54:32.184+0000] {dagbag.py:541} INFO - Filling up the DagBag from /home/airflow/.local/lib/python3.7/site-packages/airflow/example_dags/example_external_task_marker_dag.py
[2025-10-21T00:54:32.194+0000] {processor.py:836} INFO - DAG(s) dict_keys(['example_external_task_marker_child', 'example_external_task_marker_parent']) retrieved from /home/airflow/.local/lib/python3.7/site-packages/airflow/example_dags/example_external_task_marker_dag.py
[2025-10-21T00:54:32.244+0000] {logging_mixin.py:149} INFO - [2025-10-21T00:54:32.243+0000] {dag.py:2726} INFO - Sync 2 DAGs
[2025-10-21T00:54:32.289+0000] {logging_mixin.py:149} INFO - [2025-10-21T00:54:32.289+0000] {dag.py:3490} INFO - Setting next_dagrun for example_external_task_marker_child to None, run_after=None
[2025-10-21T00:54:32.295+0000] {logging_mixin.py:149} INFO - [2025-10-21T00:54:32.295+0000] {dag.py:3490} INFO - Setting next_dagrun for example_external_task_marker_parent to None, run_after=None
[2025-10-21T00:54:32.329+0000] {processor.py:179} INFO - Processing /home/airflow/.local/lib/python3.7/site-packages/airflow/example_dags/example_external_task_marker_dag.py took 0.155 seconds
[2025-10-21T00:55:02.898+0000] {processor.py:157} INFO - Started process (PID=755) to work on /home/airflow/.local/lib/python3.7/site-packages/airflow/example_dags/example_external_task_marker_dag.py
[2025-10-21T00:55:02.901+0000] {processor.py:826} INFO - Processing file /home/airflow/.local/lib/python3.7/site-packages/airflow/example_dags/example_external_task_marker_dag.py for tasks to queue
[2025-10-21T00:55:02.905+0000] {logging_mixin.py:149} INFO - [2025-10-21T00:55:02.905+0000] {dagbag.py:541} INFO - Filling up the DagBag from /home/airflow/.local/lib/python3.7/site-packages/airflow/example_dags/example_external_task_marker_dag.py
[2025-10-21T00:55:02.925+0000] {processor.py:836} INFO - DAG(s) dict_keys(['example_external_task_marker_child', 'example_external_task_marker_parent']) retrieved from /home/airflow/.local/lib/python3.7/site-packages/airflow/example_dags/example_external_task_marker_dag.py
[2025-10-21T00:55:03.008+0000] {logging_mixin.py:149} INFO - [2025-10-21T00:55:03.008+0000] {dag.py:2726} INFO - Sync 2 DAGs
[2025-10-21T00:55:03.079+0000] {logging_mixin.py:149} INFO - [2025-10-21T00:55:03.078+0000] {dag.py:3490} INFO - Setting next_dagrun for example_external_task_marker_child to None, run_after=None
[2025-10-21T00:55:03.090+0000] {logging_mixin.py:149} INFO - [2025-10-21T00:55:03.090+0000] {dag.py:3490} INFO - Setting next_dagrun for example_external_task_marker_parent to None, run_after=None
[2025-10-21T00:55:03.143+0000] {processor.py:179} INFO - Processing /home/airflow/.local/lib/python3.7/site-packages/airflow/example_dags/example_external_task_marker_dag.py took 0.255 seconds
[2025-10-21T00:55:33.674+0000] {processor.py:157} INFO - Started process (PID=821) to work on /home/airflow/.local/lib/python3.7/site-packages/airflow/example_dags/example_external_task_marker_dag.py
[2025-10-21T00:55:33.677+0000] {processor.py:826} INFO - Processing file /home/airflow/.local/lib/python3.7/site-packages/airflow/example_dags/example_external_task_marker_dag.py for tasks to queue
[2025-10-21T00:55:33.679+0000] {logging_mixin.py:149} INFO - [2025-10-21T00:55:33.678+0000] {dagbag.py:541} INFO - Filling up the DagBag from /home/airflow/.local/lib/python3.7/site-packages/airflow/example_dags/example_external_task_marker_dag.py
[2025-10-21T00:55:33.691+0000] {processor.py:836} INFO - DAG(s) dict_keys(['example_external_task_marker_child', 'example_external_task_marker_parent']) retrieved from /home/airflow/.local/lib/python3.7/site-packages/airflow/example_dags/example_external_task_marker_dag.py
[2025-10-21T00:55:33.748+0000] {logging_mixin.py:149} INFO - [2025-10-21T00:55:33.747+0000] {dag.py:2726} INFO - Sync 2 DAGs
[2025-10-21T00:55:33.816+0000] {logging_mixin.py:149} INFO - [2025-10-21T00:55:33.816+0000] {dag.py:3490} INFO - Setting next_dagrun for example_external_task_marker_child to None, run_after=None
[2025-10-21T00:55:33.825+0000] {logging_mixin.py:149} INFO - [2025-10-21T00:55:33.825+0000] {dag.py:3490} INFO - Setting next_dagrun for example_external_task_marker_parent to None, run_after=None
[2025-10-21T00:55:33.888+0000] {processor.py:179} INFO - Processing /home/airflow/.local/lib/python3.7/site-packages/airflow/example_dags/example_external_task_marker_dag.py took 0.221 seconds
[2025-10-21T00:56:04.993+0000] {processor.py:157} INFO - Started process (PID=887) to work on /home/airflow/.local/lib/python3.7/site-packages/airflow/example_dags/example_external_task_marker_dag.py
[2025-10-21T00:56:04.995+0000] {processor.py:826} INFO - Processing file /home/airflow/.local/lib/python3.7/site-packages/airflow/example_dags/example_external_task_marker_dag.py for tasks to queue
[2025-10-21T00:56:04.997+0000] {logging_mixin.py:149} INFO - [2025-10-21T00:56:04.997+0000] {dagbag.py:541} INFO - Filling up the DagBag from /home/airflow/.local/lib/python3.7/site-packages/airflow/example_dags/example_external_task_marker_dag.py
[2025-10-21T00:56:05.011+0000] {processor.py:836} INFO - DAG(s) dict_keys(['example_external_task_marker_child', 'example_external_task_marker_parent']) retrieved from /home/airflow/.local/lib/python3.7/site-packages/airflow/example_dags/example_external_task_marker_dag.py
[2025-10-21T00:56:05.066+0000] {logging_mixin.py:149} INFO - [2025-10-21T00:56:05.066+0000] {dag.py:2726} INFO - Sync 2 DAGs
[2025-10-21T00:56:05.120+0000] {logging_mixin.py:149} INFO - [2025-10-21T00:56:05.120+0000] {dag.py:3490} INFO - Setting next_dagrun for example_external_task_marker_child to None, run_after=None
[2025-10-21T00:56:05.128+0000] {logging_mixin.py:149} INFO - [2025-10-21T00:56:05.128+0000] {dag.py:3490} INFO - Setting next_dagrun for example_external_task_marker_parent to None, run_after=None
[2025-10-21T00:56:05.167+0000] {processor.py:179} INFO - Processing /home/airflow/.local/lib/python3.7/site-packages/airflow/example_dags/example_external_task_marker_dag.py took 0.181 seconds
[2025-10-21T00:56:35.322+0000] {processor.py:157} INFO - Started process (PID=953) to work on /home/airflow/.local/lib/python3.7/site-packages/airflow/example_dags/example_external_task_marker_dag.py
[2025-10-21T00:56:35.324+0000] {processor.py:826} INFO - Processing file /home/airflow/.local/lib/python3.7/site-packages/airflow/example_dags/example_external_task_marker_dag.py for tasks to queue
[2025-10-21T00:56:35.326+0000] {logging_mixin.py:149} INFO - [2025-10-21T00:56:35.326+0000] {dagbag.py:541} INFO - Filling up the DagBag from /home/airflow/.local/lib/python3.7/site-packages/airflow/example_dags/example_external_task_marker_dag.py
[2025-10-21T00:56:35.338+0000] {processor.py:836} INFO - DAG(s) dict_keys(['example_external_task_marker_parent', 'example_external_task_marker_child']) retrieved from /home/airflow/.local/lib/python3.7/site-packages/airflow/example_dags/example_external_task_marker_dag.py
[2025-10-21T00:56:35.392+0000] {logging_mixin.py:149} INFO - [2025-10-21T00:56:35.392+0000] {dag.py:2726} INFO - Sync 2 DAGs
[2025-10-21T00:56:35.443+0000] {logging_mixin.py:149} INFO - [2025-10-21T00:56:35.442+0000] {dag.py:3490} INFO - Setting next_dagrun for example_external_task_marker_child to None, run_after=None
[2025-10-21T00:56:35.449+0000] {logging_mixin.py:149} INFO - [2025-10-21T00:56:35.449+0000] {dag.py:3490} INFO - Setting next_dagrun for example_external_task_marker_parent to None, run_after=None
[2025-10-21T00:56:35.498+0000] {processor.py:179} INFO - Processing /home/airflow/.local/lib/python3.7/site-packages/airflow/example_dags/example_external_task_marker_dag.py took 0.183 seconds
[2025-10-21T00:57:05.642+0000] {processor.py:157} INFO - Started process (PID=1020) to work on /home/airflow/.local/lib/python3.7/site-packages/airflow/example_dags/example_external_task_marker_dag.py
[2025-10-21T00:57:05.644+0000] {processor.py:826} INFO - Processing file /home/airflow/.local/lib/python3.7/site-packages/airflow/example_dags/example_external_task_marker_dag.py for tasks to queue
[2025-10-21T00:57:05.646+0000] {logging_mixin.py:149} INFO - [2025-10-21T00:57:05.646+0000] {dagbag.py:541} INFO - Filling up the DagBag from /home/airflow/.local/lib/python3.7/site-packages/airflow/example_dags/example_external_task_marker_dag.py
[2025-10-21T00:57:05.659+0000] {processor.py:836} INFO - DAG(s) dict_keys(['example_external_task_marker_parent', 'example_external_task_marker_child']) retrieved from /home/airflow/.local/lib/python3.7/site-packages/airflow/example_dags/example_external_task_marker_dag.py
[2025-10-21T00:57:05.711+0000] {logging_mixin.py:149} INFO - [2025-10-21T00:57:05.711+0000] {dag.py:2726} INFO - Sync 2 DAGs
[2025-10-21T00:57:05.752+0000] {logging_mixin.py:149} INFO - [2025-10-21T00:57:05.752+0000] {dag.py:3490} INFO - Setting next_dagrun for example_external_task_marker_child to None, run_after=None
[2025-10-21T00:57:05.758+0000] {logging_mixin.py:149} INFO - [2025-10-21T00:57:05.758+0000] {dag.py:3490} INFO - Setting next_dagrun for example_external_task_marker_parent to None, run_after=None
[2025-10-21T00:57:05.790+0000] {processor.py:179} INFO - Processing /home/airflow/.local/lib/python3.7/site-packages/airflow/example_dags/example_external_task_marker_dag.py took 0.156 seconds
[2025-10-21T00:57:36.897+0000] {processor.py:157} INFO - Started process (PID=1093) to work on /home/airflow/.local/lib/python3.7/site-packages/airflow/example_dags/example_external_task_marker_dag.py
[2025-10-21T00:57:36.899+0000] {processor.py:826} INFO - Processing file /home/airflow/.local/lib/python3.7/site-packages/airflow/example_dags/example_external_task_marker_dag.py for tasks to queue
[2025-10-21T00:57:36.901+0000] {logging_mixin.py:149} INFO - [2025-10-21T00:57:36.901+0000] {dagbag.py:541} INFO - Filling up the DagBag from /home/airflow/.local/lib/python3.7/site-packages/airflow/example_dags/example_external_task_marker_dag.py
[2025-10-21T00:57:36.913+0000] {processor.py:836} INFO - DAG(s) dict_keys(['example_external_task_marker_parent', 'example_external_task_marker_child']) retrieved from /home/airflow/.local/lib/python3.7/site-packages/airflow/example_dags/example_external_task_marker_dag.py
[2025-10-21T00:57:36.972+0000] {logging_mixin.py:149} INFO - [2025-10-21T00:57:36.971+0000] {dag.py:2726} INFO - Sync 2 DAGs
[2025-10-21T00:57:37.041+0000] {logging_mixin.py:149} INFO - [2025-10-21T00:57:37.040+0000] {dag.py:3490} INFO - Setting next_dagrun for example_external_task_marker_child to None, run_after=None
[2025-10-21T00:57:37.052+0000] {logging_mixin.py:149} INFO - [2025-10-21T00:57:37.052+0000] {dag.py:3490} INFO - Setting next_dagrun for example_external_task_marker_parent to None, run_after=None
[2025-10-21T00:57:37.129+0000] {processor.py:179} INFO - Processing /home/airflow/.local/lib/python3.7/site-packages/airflow/example_dags/example_external_task_marker_dag.py took 0.240 seconds
[2025-10-21T00:58:07.224+0000] {processor.py:157} INFO - Started process (PID=1160) to work on /home/airflow/.local/lib/python3.7/site-packages/airflow/example_dags/example_external_task_marker_dag.py
[2025-10-21T00:58:07.227+0000] {processor.py:826} INFO - Processing file /home/airflow/.local/lib/python3.7/site-packages/airflow/example_dags/example_external_task_marker_dag.py for tasks to queue
[2025-10-21T00:58:07.229+0000] {logging_mixin.py:149} INFO - [2025-10-21T00:58:07.229+0000] {dagbag.py:541} INFO - Filling up the DagBag from /home/airflow/.local/lib/python3.7/site-packages/airflow/example_dags/example_external_task_marker_dag.py
[2025-10-21T00:58:07.242+0000] {processor.py:836} INFO - DAG(s) dict_keys(['example_external_task_marker_child', 'example_external_task_marker_parent']) retrieved from /home/airflow/.local/lib/python3.7/site-packages/airflow/example_dags/example_external_task_marker_dag.py
[2025-10-21T00:58:07.300+0000] {logging_mixin.py:149} INFO - [2025-10-21T00:58:07.300+0000] {dag.py:2726} INFO - Sync 2 DAGs
[2025-10-21T00:58:07.353+0000] {logging_mixin.py:149} INFO - [2025-10-21T00:58:07.353+0000] {dag.py:3490} INFO - Setting next_dagrun for example_external_task_marker_child to None, run_after=None
[2025-10-21T00:58:07.361+0000] {logging_mixin.py:149} INFO - [2025-10-21T00:58:07.361+0000] {dag.py:3490} INFO - Setting next_dagrun for example_external_task_marker_parent to None, run_after=None
[2025-10-21T00:58:07.400+0000] {processor.py:179} INFO - Processing /home/airflow/.local/lib/python3.7/site-packages/airflow/example_dags/example_external_task_marker_dag.py took 0.183 seconds
[2025-10-21T00:58:38.387+0000] {processor.py:157} INFO - Started process (PID=1227) to work on /home/airflow/.local/lib/python3.7/site-packages/airflow/example_dags/example_external_task_marker_dag.py
[2025-10-21T00:58:38.393+0000] {processor.py:826} INFO - Processing file /home/airflow/.local/lib/python3.7/site-packages/airflow/example_dags/example_external_task_marker_dag.py for tasks to queue
[2025-10-21T00:58:38.398+0000] {logging_mixin.py:149} INFO - [2025-10-21T00:58:38.398+0000] {dagbag.py:541} INFO - Filling up the DagBag from /home/airflow/.local/lib/python3.7/site-packages/airflow/example_dags/example_external_task_marker_dag.py
[2025-10-21T00:58:38.425+0000] {processor.py:836} INFO - DAG(s) dict_keys(['example_external_task_marker_child', 'example_external_task_marker_parent']) retrieved from /home/airflow/.local/lib/python3.7/site-packages/airflow/example_dags/example_external_task_marker_dag.py
[2025-10-21T00:58:38.526+0000] {logging_mixin.py:149} INFO - [2025-10-21T00:58:38.525+0000] {dag.py:2726} INFO - Sync 2 DAGs
[2025-10-21T00:58:38.599+0000] {logging_mixin.py:149} INFO - [2025-10-21T00:58:38.598+0000] {dag.py:3490} INFO - Setting next_dagrun for example_external_task_marker_child to None, run_after=None
[2025-10-21T00:58:38.608+0000] {logging_mixin.py:149} INFO - [2025-10-21T00:58:38.608+0000] {dag.py:3490} INFO - Setting next_dagrun for example_external_task_marker_parent to None, run_after=None
[2025-10-21T00:58:38.675+0000] {processor.py:179} INFO - Processing /home/airflow/.local/lib/python3.7/site-packages/airflow/example_dags/example_external_task_marker_dag.py took 0.301 seconds
[2025-10-21T00:59:08.920+0000] {processor.py:157} INFO - Started process (PID=1294) to work on /home/airflow/.local/lib/python3.7/site-packages/airflow/example_dags/example_external_task_marker_dag.py
[2025-10-21T00:59:08.924+0000] {processor.py:826} INFO - Processing file /home/airflow/.local/lib/python3.7/site-packages/airflow/example_dags/example_external_task_marker_dag.py for tasks to queue
[2025-10-21T00:59:08.929+0000] {logging_mixin.py:149} INFO - [2025-10-21T00:59:08.929+0000] {dagbag.py:541} INFO - Filling up the DagBag from /home/airflow/.local/lib/python3.7/site-packages/airflow/example_dags/example_external_task_marker_dag.py
[2025-10-21T00:59:08.956+0000] {processor.py:836} INFO - DAG(s) dict_keys(['example_external_task_marker_child', 'example_external_task_marker_parent']) retrieved from /home/airflow/.local/lib/python3.7/site-packages/airflow/example_dags/example_external_task_marker_dag.py
[2025-10-21T00:59:09.035+0000] {logging_mixin.py:149} INFO - [2025-10-21T00:59:09.034+0000] {dag.py:2726} INFO - Sync 2 DAGs
[2025-10-21T00:59:09.112+0000] {logging_mixin.py:149} INFO - [2025-10-21T00:59:09.111+0000] {dag.py:3490} INFO - Setting next_dagrun for example_external_task_marker_child to None, run_after=None
[2025-10-21T00:59:09.125+0000] {logging_mixin.py:149} INFO - [2025-10-21T00:59:09.125+0000] {dag.py:3490} INFO - Setting next_dagrun for example_external_task_marker_parent to None, run_after=None
[2025-10-21T00:59:09.188+0000] {processor.py:179} INFO - Processing /home/airflow/.local/lib/python3.7/site-packages/airflow/example_dags/example_external_task_marker_dag.py took 0.285 seconds
[2025-10-21T00:59:39.743+0000] {processor.py:157} INFO - Started process (PID=1360) to work on /home/airflow/.local/lib/python3.7/site-packages/airflow/example_dags/example_external_task_marker_dag.py
[2025-10-21T00:59:39.746+0000] {processor.py:826} INFO - Processing file /home/airflow/.local/lib/python3.7/site-packages/airflow/example_dags/example_external_task_marker_dag.py for tasks to queue
[2025-10-21T00:59:39.748+0000] {logging_mixin.py:149} INFO - [2025-10-21T00:59:39.747+0000] {dagbag.py:541} INFO - Filling up the DagBag from /home/airflow/.local/lib/python3.7/site-packages/airflow/example_dags/example_external_task_marker_dag.py
[2025-10-21T00:59:39.761+0000] {processor.py:836} INFO - DAG(s) dict_keys(['example_external_task_marker_parent', 'example_external_task_marker_child']) retrieved from /home/airflow/.local/lib/python3.7/site-packages/airflow/example_dags/example_external_task_marker_dag.py
[2025-10-21T00:59:39.817+0000] {logging_mixin.py:149} INFO - [2025-10-21T00:59:39.817+0000] {dag.py:2726} INFO - Sync 2 DAGs
[2025-10-21T00:59:39.863+0000] {logging_mixin.py:149} INFO - [2025-10-21T00:59:39.863+0000] {dag.py:3490} INFO - Setting next_dagrun for example_external_task_marker_child to None, run_after=None
[2025-10-21T00:59:39.873+0000] {logging_mixin.py:149} INFO - [2025-10-21T00:59:39.872+0000] {dag.py:3490} INFO - Setting next_dagrun for example_external_task_marker_parent to None, run_after=None
[2025-10-21T00:59:39.913+0000] {processor.py:179} INFO - Processing /home/airflow/.local/lib/python3.7/site-packages/airflow/example_dags/example_external_task_marker_dag.py took 0.179 seconds
[2025-10-21T01:00:10.553+0000] {processor.py:157} INFO - Started process (PID=1426) to work on /home/airflow/.local/lib/python3.7/site-packages/airflow/example_dags/example_external_task_marker_dag.py
[2025-10-21T01:00:10.556+0000] {processor.py:826} INFO - Processing file /home/airflow/.local/lib/python3.7/site-packages/airflow/example_dags/example_external_task_marker_dag.py for tasks to queue
[2025-10-21T01:00:10.558+0000] {logging_mixin.py:149} INFO - [2025-10-21T01:00:10.557+0000] {dagbag.py:541} INFO - Filling up the DagBag from /home/airflow/.local/lib/python3.7/site-packages/airflow/example_dags/example_external_task_marker_dag.py
[2025-10-21T01:00:10.571+0000] {processor.py:836} INFO - DAG(s) dict_keys(['example_external_task_marker_child', 'example_external_task_marker_parent']) retrieved from /home/airflow/.local/lib/python3.7/site-packages/airflow/example_dags/example_external_task_marker_dag.py
[2025-10-21T01:00:10.644+0000] {logging_mixin.py:149} INFO - [2025-10-21T01:00:10.644+0000] {dag.py:2726} INFO - Sync 2 DAGs
[2025-10-21T01:00:10.703+0000] {logging_mixin.py:149} INFO - [2025-10-21T01:00:10.703+0000] {dag.py:3490} INFO - Setting next_dagrun for example_external_task_marker_child to None, run_after=None
[2025-10-21T01:00:10.711+0000] {logging_mixin.py:149} INFO - [2025-10-21T01:00:10.711+0000] {dag.py:3490} INFO - Setting next_dagrun for example_external_task_marker_parent to None, run_after=None
[2025-10-21T01:00:10.755+0000] {processor.py:179} INFO - Processing /home/airflow/.local/lib/python3.7/site-packages/airflow/example_dags/example_external_task_marker_dag.py took 0.210 seconds
[2025-10-21T01:00:42.246+0000] {processor.py:157} INFO - Started process (PID=1492) to work on /home/airflow/.local/lib/python3.7/site-packages/airflow/example_dags/example_external_task_marker_dag.py
[2025-10-21T01:00:42.249+0000] {processor.py:826} INFO - Processing file /home/airflow/.local/lib/python3.7/site-packages/airflow/example_dags/example_external_task_marker_dag.py for tasks to queue
[2025-10-21T01:00:42.251+0000] {logging_mixin.py:149} INFO - [2025-10-21T01:00:42.250+0000] {dagbag.py:541} INFO - Filling up the DagBag from /home/airflow/.local/lib/python3.7/site-packages/airflow/example_dags/example_external_task_marker_dag.py
[2025-10-21T01:00:42.262+0000] {processor.py:836} INFO - DAG(s) dict_keys(['example_external_task_marker_child', 'example_external_task_marker_parent']) retrieved from /home/airflow/.local/lib/python3.7/site-packages/airflow/example_dags/example_external_task_marker_dag.py
[2025-10-21T01:00:42.324+0000] {logging_mixin.py:149} INFO - [2025-10-21T01:00:42.324+0000] {dag.py:2726} INFO - Sync 2 DAGs
[2025-10-21T01:00:42.379+0000] {logging_mixin.py:149} INFO - [2025-10-21T01:00:42.378+0000] {dag.py:3490} INFO - Setting next_dagrun for example_external_task_marker_child to None, run_after=None
[2025-10-21T01:00:42.387+0000] {logging_mixin.py:149} INFO - [2025-10-21T01:00:42.387+0000] {dag.py:3490} INFO - Setting next_dagrun for example_external_task_marker_parent to None, run_after=None
[2025-10-21T01:00:42.432+0000] {processor.py:179} INFO - Processing /home/airflow/.local/lib/python3.7/site-packages/airflow/example_dags/example_external_task_marker_dag.py took 0.193 seconds
[2025-10-21T01:01:13.173+0000] {processor.py:157} INFO - Started process (PID=1559) to work on /home/airflow/.local/lib/python3.7/site-packages/airflow/example_dags/example_external_task_marker_dag.py
[2025-10-21T01:01:13.175+0000] {processor.py:826} INFO - Processing file /home/airflow/.local/lib/python3.7/site-packages/airflow/example_dags/example_external_task_marker_dag.py for tasks to queue
[2025-10-21T01:01:13.177+0000] {logging_mixin.py:149} INFO - [2025-10-21T01:01:13.176+0000] {dagbag.py:541} INFO - Filling up the DagBag from /home/airflow/.local/lib/python3.7/site-packages/airflow/example_dags/example_external_task_marker_dag.py
[2025-10-21T01:01:13.188+0000] {processor.py:836} INFO - DAG(s) dict_keys(['example_external_task_marker_child', 'example_external_task_marker_parent']) retrieved from /home/airflow/.local/lib/python3.7/site-packages/airflow/example_dags/example_external_task_marker_dag.py
[2025-10-21T01:01:13.257+0000] {logging_mixin.py:149} INFO - [2025-10-21T01:01:13.256+0000] {dag.py:2726} INFO - Sync 2 DAGs
[2025-10-21T01:01:13.318+0000] {logging_mixin.py:149} INFO - [2025-10-21T01:01:13.318+0000] {dag.py:3490} INFO - Setting next_dagrun for example_external_task_marker_child to None, run_after=None
[2025-10-21T01:01:13.327+0000] {logging_mixin.py:149} INFO - [2025-10-21T01:01:13.327+0000] {dag.py:3490} INFO - Setting next_dagrun for example_external_task_marker_parent to None, run_after=None
[2025-10-21T01:01:13.373+0000] {processor.py:179} INFO - Processing /home/airflow/.local/lib/python3.7/site-packages/airflow/example_dags/example_external_task_marker_dag.py took 0.207 seconds
[2025-10-21T01:01:44.129+0000] {processor.py:157} INFO - Started process (PID=1625) to work on /home/airflow/.local/lib/python3.7/site-packages/airflow/example_dags/example_external_task_marker_dag.py
[2025-10-21T01:01:44.131+0000] {processor.py:826} INFO - Processing file /home/airflow/.local/lib/python3.7/site-packages/airflow/example_dags/example_external_task_marker_dag.py for tasks to queue
[2025-10-21T01:01:44.133+0000] {logging_mixin.py:149} INFO - [2025-10-21T01:01:44.132+0000] {dagbag.py:541} INFO - Filling up the DagBag from /home/airflow/.local/lib/python3.7/site-packages/airflow/example_dags/example_external_task_marker_dag.py
[2025-10-21T01:01:44.145+0000] {processor.py:836} INFO - DAG(s) dict_keys(['example_external_task_marker_child', 'example_external_task_marker_parent']) retrieved from /home/airflow/.local/lib/python3.7/site-packages/airflow/example_dags/example_external_task_marker_dag.py
[2025-10-21T01:01:44.203+0000] {logging_mixin.py:149} INFO - [2025-10-21T01:01:44.202+0000] {dag.py:2726} INFO - Sync 2 DAGs
[2025-10-21T01:01:44.248+0000] {logging_mixin.py:149} INFO - [2025-10-21T01:01:44.247+0000] {dag.py:3490} INFO - Setting next_dagrun for example_external_task_marker_child to None, run_after=None
[2025-10-21T01:01:44.254+0000] {logging_mixin.py:149} INFO - [2025-10-21T01:01:44.254+0000] {dag.py:3490} INFO - Setting next_dagrun for example_external_task_marker_parent to None, run_after=None
[2025-10-21T01:01:44.292+0000] {processor.py:179} INFO - Processing /home/airflow/.local/lib/python3.7/site-packages/airflow/example_dags/example_external_task_marker_dag.py took 0.169 seconds
[2025-10-21T01:02:14.611+0000] {processor.py:157} INFO - Started process (PID=1691) to work on /home/airflow/.local/lib/python3.7/site-packages/airflow/example_dags/example_external_task_marker_dag.py
[2025-10-21T01:02:14.617+0000] {processor.py:826} INFO - Processing file /home/airflow/.local/lib/python3.7/site-packages/airflow/example_dags/example_external_task_marker_dag.py for tasks to queue
[2025-10-21T01:02:14.619+0000] {logging_mixin.py:149} INFO - [2025-10-21T01:02:14.619+0000] {dagbag.py:541} INFO - Filling up the DagBag from /home/airflow/.local/lib/python3.7/site-packages/airflow/example_dags/example_external_task_marker_dag.py
[2025-10-21T01:02:14.632+0000] {processor.py:836} INFO - DAG(s) dict_keys(['example_external_task_marker_child', 'example_external_task_marker_parent']) retrieved from /home/airflow/.local/lib/python3.7/site-packages/airflow/example_dags/example_external_task_marker_dag.py
[2025-10-21T01:02:14.699+0000] {logging_mixin.py:149} INFO - [2025-10-21T01:02:14.699+0000] {dag.py:2726} INFO - Sync 2 DAGs
[2025-10-21T01:02:14.756+0000] {logging_mixin.py:149} INFO - [2025-10-21T01:02:14.755+0000] {dag.py:3490} INFO - Setting next_dagrun for example_external_task_marker_child to None, run_after=None
[2025-10-21T01:02:14.766+0000] {logging_mixin.py:149} INFO - [2025-10-21T01:02:14.766+0000] {dag.py:3490} INFO - Setting next_dagrun for example_external_task_marker_parent to None, run_after=None
[2025-10-21T01:02:14.827+0000] {processor.py:179} INFO - Processing /home/airflow/.local/lib/python3.7/site-packages/airflow/example_dags/example_external_task_marker_dag.py took 0.225 seconds
[2025-10-21T01:02:45.055+0000] {processor.py:157} INFO - Started process (PID=1756) to work on /home/airflow/.local/lib/python3.7/site-packages/airflow/example_dags/example_external_task_marker_dag.py
[2025-10-21T01:02:45.058+0000] {processor.py:826} INFO - Processing file /home/airflow/.local/lib/python3.7/site-packages/airflow/example_dags/example_external_task_marker_dag.py for tasks to queue
[2025-10-21T01:02:45.061+0000] {logging_mixin.py:149} INFO - [2025-10-21T01:02:45.060+0000] {dagbag.py:541} INFO - Filling up the DagBag from /home/airflow/.local/lib/python3.7/site-packages/airflow/example_dags/example_external_task_marker_dag.py
[2025-10-21T01:02:45.077+0000] {processor.py:836} INFO - DAG(s) dict_keys(['example_external_task_marker_child', 'example_external_task_marker_parent']) retrieved from /home/airflow/.local/lib/python3.7/site-packages/airflow/example_dags/example_external_task_marker_dag.py
[2025-10-21T01:02:45.149+0000] {logging_mixin.py:149} INFO - [2025-10-21T01:02:45.149+0000] {dag.py:2726} INFO - Sync 2 DAGs
[2025-10-21T01:02:45.200+0000] {logging_mixin.py:149} INFO - [2025-10-21T01:02:45.200+0000] {dag.py:3490} INFO - Setting next_dagrun for example_external_task_marker_child to None, run_after=None
[2025-10-21T01:02:45.208+0000] {logging_mixin.py:149} INFO - [2025-10-21T01:02:45.208+0000] {dag.py:3490} INFO - Setting next_dagrun for example_external_task_marker_parent to None, run_after=None
[2025-10-21T01:02:45.249+0000] {processor.py:179} INFO - Processing /home/airflow/.local/lib/python3.7/site-packages/airflow/example_dags/example_external_task_marker_dag.py took 0.203 seconds
[2025-10-21T01:03:16.003+0000] {processor.py:157} INFO - Started process (PID=1824) to work on /home/airflow/.local/lib/python3.7/site-packages/airflow/example_dags/example_external_task_marker_dag.py
[2025-10-21T01:03:16.005+0000] {processor.py:826} INFO - Processing file /home/airflow/.local/lib/python3.7/site-packages/airflow/example_dags/example_external_task_marker_dag.py for tasks to queue
[2025-10-21T01:03:16.007+0000] {logging_mixin.py:149} INFO - [2025-10-21T01:03:16.007+0000] {dagbag.py:541} INFO - Filling up the DagBag from /home/airflow/.local/lib/python3.7/site-packages/airflow/example_dags/example_external_task_marker_dag.py
[2025-10-21T01:03:16.016+0000] {processor.py:836} INFO - DAG(s) dict_keys(['example_external_task_marker_parent', 'example_external_task_marker_child']) retrieved from /home/airflow/.local/lib/python3.7/site-packages/airflow/example_dags/example_external_task_marker_dag.py
[2025-10-21T01:03:16.068+0000] {logging_mixin.py:149} INFO - [2025-10-21T01:03:16.068+0000] {dag.py:2726} INFO - Sync 2 DAGs
[2025-10-21T01:03:16.117+0000] {logging_mixin.py:149} INFO - [2025-10-21T01:03:16.117+0000] {dag.py:3490} INFO - Setting next_dagrun for example_external_task_marker_child to None, run_after=None
[2025-10-21T01:03:16.125+0000] {logging_mixin.py:149} INFO - [2025-10-21T01:03:16.125+0000] {dag.py:3490} INFO - Setting next_dagrun for example_external_task_marker_parent to None, run_after=None
[2025-10-21T01:03:16.163+0000] {processor.py:179} INFO - Processing /home/airflow/.local/lib/python3.7/site-packages/airflow/example_dags/example_external_task_marker_dag.py took 0.167 seconds
[2025-10-21T01:03:46.448+0000] {processor.py:157} INFO - Started process (PID=1890) to work on /home/airflow/.local/lib/python3.7/site-packages/airflow/example_dags/example_external_task_marker_dag.py
[2025-10-21T01:03:46.450+0000] {processor.py:826} INFO - Processing file /home/airflow/.local/lib/python3.7/site-packages/airflow/example_dags/example_external_task_marker_dag.py for tasks to queue
[2025-10-21T01:03:46.453+0000] {logging_mixin.py:149} INFO - [2025-10-21T01:03:46.452+0000] {dagbag.py:541} INFO - Filling up the DagBag from /home/airflow/.local/lib/python3.7/site-packages/airflow/example_dags/example_external_task_marker_dag.py
[2025-10-21T01:03:46.462+0000] {processor.py:836} INFO - DAG(s) dict_keys(['example_external_task_marker_parent', 'example_external_task_marker_child']) retrieved from /home/airflow/.local/lib/python3.7/site-packages/airflow/example_dags/example_external_task_marker_dag.py
[2025-10-21T01:03:46.516+0000] {logging_mixin.py:149} INFO - [2025-10-21T01:03:46.515+0000] {dag.py:2726} INFO - Sync 2 DAGs
[2025-10-21T01:03:46.564+0000] {logging_mixin.py:149} INFO - [2025-10-21T01:03:46.563+0000] {dag.py:3490} INFO - Setting next_dagrun for example_external_task_marker_child to None, run_after=None
[2025-10-21T01:03:46.572+0000] {logging_mixin.py:149} INFO - [2025-10-21T01:03:46.572+0000] {dag.py:3490} INFO - Setting next_dagrun for example_external_task_marker_parent to None, run_after=None
[2025-10-21T01:03:46.614+0000] {processor.py:179} INFO - Processing /home/airflow/.local/lib/python3.7/site-packages/airflow/example_dags/example_external_task_marker_dag.py took 0.172 seconds
[2025-10-21T01:04:17.255+0000] {processor.py:157} INFO - Started process (PID=1956) to work on /home/airflow/.local/lib/python3.7/site-packages/airflow/example_dags/example_external_task_marker_dag.py
[2025-10-21T01:04:17.257+0000] {processor.py:826} INFO - Processing file /home/airflow/.local/lib/python3.7/site-packages/airflow/example_dags/example_external_task_marker_dag.py for tasks to queue
[2025-10-21T01:04:17.260+0000] {logging_mixin.py:149} INFO - [2025-10-21T01:04:17.259+0000] {dagbag.py:541} INFO - Filling up the DagBag from /home/airflow/.local/lib/python3.7/site-packages/airflow/example_dags/example_external_task_marker_dag.py
[2025-10-21T01:04:17.272+0000] {processor.py:836} INFO - DAG(s) dict_keys(['example_external_task_marker_child', 'example_external_task_marker_parent']) retrieved from /home/airflow/.local/lib/python3.7/site-packages/airflow/example_dags/example_external_task_marker_dag.py
[2025-10-21T01:04:17.337+0000] {logging_mixin.py:149} INFO - [2025-10-21T01:04:17.337+0000] {dag.py:2726} INFO - Sync 2 DAGs
[2025-10-21T01:04:17.420+0000] {logging_mixin.py:149} INFO - [2025-10-21T01:04:17.419+0000] {dag.py:3490} INFO - Setting next_dagrun for example_external_task_marker_child to None, run_after=None
[2025-10-21T01:04:17.430+0000] {logging_mixin.py:149} INFO - [2025-10-21T01:04:17.430+0000] {dag.py:3490} INFO - Setting next_dagrun for example_external_task_marker_parent to None, run_after=None
[2025-10-21T01:04:17.477+0000] {processor.py:179} INFO - Processing /home/airflow/.local/lib/python3.7/site-packages/airflow/example_dags/example_external_task_marker_dag.py took 0.228 seconds
[2025-10-21T01:04:48.134+0000] {processor.py:157} INFO - Started process (PID=2022) to work on /home/airflow/.local/lib/python3.7/site-packages/airflow/example_dags/example_external_task_marker_dag.py
[2025-10-21T01:04:48.135+0000] {processor.py:826} INFO - Processing file /home/airflow/.local/lib/python3.7/site-packages/airflow/example_dags/example_external_task_marker_dag.py for tasks to queue
[2025-10-21T01:04:48.137+0000] {logging_mixin.py:149} INFO - [2025-10-21T01:04:48.137+0000] {dagbag.py:541} INFO - Filling up the DagBag from /home/airflow/.local/lib/python3.7/site-packages/airflow/example_dags/example_external_task_marker_dag.py
[2025-10-21T01:04:48.148+0000] {processor.py:836} INFO - DAG(s) dict_keys(['example_external_task_marker_parent', 'example_external_task_marker_child']) retrieved from /home/airflow/.local/lib/python3.7/site-packages/airflow/example_dags/example_external_task_marker_dag.py
[2025-10-21T01:04:48.205+0000] {logging_mixin.py:149} INFO - [2025-10-21T01:04:48.205+0000] {dag.py:2726} INFO - Sync 2 DAGs
[2025-10-21T01:04:48.255+0000] {logging_mixin.py:149} INFO - [2025-10-21T01:04:48.255+0000] {dag.py:3490} INFO - Setting next_dagrun for example_external_task_marker_child to None, run_after=None
[2025-10-21T01:04:48.264+0000] {logging_mixin.py:149} INFO - [2025-10-21T01:04:48.263+0000] {dag.py:3490} INFO - Setting next_dagrun for example_external_task_marker_parent to None, run_after=None
[2025-10-21T01:04:48.310+0000] {processor.py:179} INFO - Processing /home/airflow/.local/lib/python3.7/site-packages/airflow/example_dags/example_external_task_marker_dag.py took 0.182 seconds
[2025-10-21T01:05:18.803+0000] {processor.py:157} INFO - Started process (PID=2088) to work on /home/airflow/.local/lib/python3.7/site-packages/airflow/example_dags/example_external_task_marker_dag.py
[2025-10-21T01:05:18.806+0000] {processor.py:826} INFO - Processing file /home/airflow/.local/lib/python3.7/site-packages/airflow/example_dags/example_external_task_marker_dag.py for tasks to queue
[2025-10-21T01:05:18.808+0000] {logging_mixin.py:149} INFO - [2025-10-21T01:05:18.808+0000] {dagbag.py:541} INFO - Filling up the DagBag from /home/airflow/.local/lib/python3.7/site-packages/airflow/example_dags/example_external_task_marker_dag.py
[2025-10-21T01:05:18.821+0000] {processor.py:836} INFO - DAG(s) dict_keys(['example_external_task_marker_parent', 'example_external_task_marker_child']) retrieved from /home/airflow/.local/lib/python3.7/site-packages/airflow/example_dags/example_external_task_marker_dag.py
[2025-10-21T01:05:18.879+0000] {logging_mixin.py:149} INFO - [2025-10-21T01:05:18.879+0000] {dag.py:2726} INFO - Sync 2 DAGs
[2025-10-21T01:05:18.932+0000] {logging_mixin.py:149} INFO - [2025-10-21T01:05:18.932+0000] {dag.py:3490} INFO - Setting next_dagrun for example_external_task_marker_child to None, run_after=None
[2025-10-21T01:05:18.939+0000] {logging_mixin.py:149} INFO - [2025-10-21T01:05:18.938+0000] {dag.py:3490} INFO - Setting next_dagrun for example_external_task_marker_parent to None, run_after=None
[2025-10-21T01:05:18.980+0000] {processor.py:179} INFO - Processing /home/airflow/.local/lib/python3.7/site-packages/airflow/example_dags/example_external_task_marker_dag.py took 0.186 seconds
[2025-10-21T01:05:49.436+0000] {processor.py:157} INFO - Started process (PID=2154) to work on /home/airflow/.local/lib/python3.7/site-packages/airflow/example_dags/example_external_task_marker_dag.py
[2025-10-21T01:05:49.439+0000] {processor.py:826} INFO - Processing file /home/airflow/.local/lib/python3.7/site-packages/airflow/example_dags/example_external_task_marker_dag.py for tasks to queue
[2025-10-21T01:05:49.441+0000] {logging_mixin.py:149} INFO - [2025-10-21T01:05:49.441+0000] {dagbag.py:541} INFO - Filling up the DagBag from /home/airflow/.local/lib/python3.7/site-packages/airflow/example_dags/example_external_task_marker_dag.py
[2025-10-21T01:05:49.451+0000] {processor.py:836} INFO - DAG(s) dict_keys(['example_external_task_marker_child', 'example_external_task_marker_parent']) retrieved from /home/airflow/.local/lib/python3.7/site-packages/airflow/example_dags/example_external_task_marker_dag.py
[2025-10-21T01:05:49.510+0000] {logging_mixin.py:149} INFO - [2025-10-21T01:05:49.510+0000] {dag.py:2726} INFO - Sync 2 DAGs
[2025-10-21T01:05:49.561+0000] {logging_mixin.py:149} INFO - [2025-10-21T01:05:49.560+0000] {dag.py:3490} INFO - Setting next_dagrun for example_external_task_marker_child to None, run_after=None
[2025-10-21T01:05:49.569+0000] {logging_mixin.py:149} INFO - [2025-10-21T01:05:49.569+0000] {dag.py:3490} INFO - Setting next_dagrun for example_external_task_marker_parent to None, run_after=None
[2025-10-21T01:05:49.610+0000] {processor.py:179} INFO - Processing /home/airflow/.local/lib/python3.7/site-packages/airflow/example_dags/example_external_task_marker_dag.py took 0.179 seconds
[2025-10-21T01:06:20.139+0000] {processor.py:157} INFO - Started process (PID=2220) to work on /home/airflow/.local/lib/python3.7/site-packages/airflow/example_dags/example_external_task_marker_dag.py
[2025-10-21T01:06:20.142+0000] {processor.py:826} INFO - Processing file /home/airflow/.local/lib/python3.7/site-packages/airflow/example_dags/example_external_task_marker_dag.py for tasks to queue
[2025-10-21T01:06:20.144+0000] {logging_mixin.py:149} INFO - [2025-10-21T01:06:20.143+0000] {dagbag.py:541} INFO - Filling up the DagBag from /home/airflow/.local/lib/python3.7/site-packages/airflow/example_dags/example_external_task_marker_dag.py
[2025-10-21T01:06:20.156+0000] {processor.py:836} INFO - DAG(s) dict_keys(['example_external_task_marker_parent', 'example_external_task_marker_child']) retrieved from /home/airflow/.local/lib/python3.7/site-packages/airflow/example_dags/example_external_task_marker_dag.py
[2025-10-21T01:06:20.218+0000] {logging_mixin.py:149} INFO - [2025-10-21T01:06:20.218+0000] {dag.py:2726} INFO - Sync 2 DAGs
[2025-10-21T01:06:20.273+0000] {logging_mixin.py:149} INFO - [2025-10-21T01:06:20.273+0000] {dag.py:3490} INFO - Setting next_dagrun for example_external_task_marker_child to None, run_after=None
[2025-10-21T01:06:20.282+0000] {logging_mixin.py:149} INFO - [2025-10-21T01:06:20.282+0000] {dag.py:3490} INFO - Setting next_dagrun for example_external_task_marker_parent to None, run_after=None
[2025-10-21T01:06:20.329+0000] {processor.py:179} INFO - Processing /home/airflow/.local/lib/python3.7/site-packages/airflow/example_dags/example_external_task_marker_dag.py took 0.197 seconds
[2025-10-21T01:06:50.451+0000] {processor.py:157} INFO - Started process (PID=2286) to work on /home/airflow/.local/lib/python3.7/site-packages/airflow/example_dags/example_external_task_marker_dag.py
[2025-10-21T01:06:50.453+0000] {processor.py:826} INFO - Processing file /home/airflow/.local/lib/python3.7/site-packages/airflow/example_dags/example_external_task_marker_dag.py for tasks to queue
[2025-10-21T01:06:50.455+0000] {logging_mixin.py:149} INFO - [2025-10-21T01:06:50.455+0000] {dagbag.py:541} INFO - Filling up the DagBag from /home/airflow/.local/lib/python3.7/site-packages/airflow/example_dags/example_external_task_marker_dag.py
[2025-10-21T01:06:50.466+0000] {processor.py:836} INFO - DAG(s) dict_keys(['example_external_task_marker_child', 'example_external_task_marker_parent']) retrieved from /home/airflow/.local/lib/python3.7/site-packages/airflow/example_dags/example_external_task_marker_dag.py
[2025-10-21T01:06:50.532+0000] {logging_mixin.py:149} INFO - [2025-10-21T01:06:50.531+0000] {dag.py:2726} INFO - Sync 2 DAGs
[2025-10-21T01:06:50.596+0000] {logging_mixin.py:149} INFO - [2025-10-21T01:06:50.596+0000] {dag.py:3490} INFO - Setting next_dagrun for example_external_task_marker_child to None, run_after=None
[2025-10-21T01:06:50.605+0000] {logging_mixin.py:149} INFO - [2025-10-21T01:06:50.605+0000] {dag.py:3490} INFO - Setting next_dagrun for example_external_task_marker_parent to None, run_after=None
[2025-10-21T01:06:50.638+0000] {processor.py:179} INFO - Processing /home/airflow/.local/lib/python3.7/site-packages/airflow/example_dags/example_external_task_marker_dag.py took 0.194 seconds
[2025-10-21T01:07:20.703+0000] {processor.py:157} INFO - Started process (PID=2345) to work on /home/airflow/.local/lib/python3.7/site-packages/airflow/example_dags/example_external_task_marker_dag.py
[2025-10-21T01:07:20.706+0000] {processor.py:826} INFO - Processing file /home/airflow/.local/lib/python3.7/site-packages/airflow/example_dags/example_external_task_marker_dag.py for tasks to queue
[2025-10-21T01:07:20.708+0000] {logging_mixin.py:149} INFO - [2025-10-21T01:07:20.707+0000] {dagbag.py:541} INFO - Filling up the DagBag from /home/airflow/.local/lib/python3.7/site-packages/airflow/example_dags/example_external_task_marker_dag.py
[2025-10-21T01:07:20.722+0000] {processor.py:836} INFO - DAG(s) dict_keys(['example_external_task_marker_child', 'example_external_task_marker_parent']) retrieved from /home/airflow/.local/lib/python3.7/site-packages/airflow/example_dags/example_external_task_marker_dag.py
[2025-10-21T01:07:20.805+0000] {logging_mixin.py:149} INFO - [2025-10-21T01:07:20.805+0000] {dag.py:2726} INFO - Sync 2 DAGs
[2025-10-21T01:07:20.865+0000] {logging_mixin.py:149} INFO - [2025-10-21T01:07:20.865+0000] {dag.py:3490} INFO - Setting next_dagrun for example_external_task_marker_child to None, run_after=None
[2025-10-21T01:07:20.873+0000] {logging_mixin.py:149} INFO - [2025-10-21T01:07:20.873+0000] {dag.py:3490} INFO - Setting next_dagrun for example_external_task_marker_parent to None, run_after=None
[2025-10-21T01:07:20.914+0000] {processor.py:179} INFO - Processing /home/airflow/.local/lib/python3.7/site-packages/airflow/example_dags/example_external_task_marker_dag.py took 0.219 seconds
[2025-10-21T01:07:51.317+0000] {processor.py:157} INFO - Started process (PID=2410) to work on /home/airflow/.local/lib/python3.7/site-packages/airflow/example_dags/example_external_task_marker_dag.py
[2025-10-21T01:07:51.319+0000] {processor.py:826} INFO - Processing file /home/airflow/.local/lib/python3.7/site-packages/airflow/example_dags/example_external_task_marker_dag.py for tasks to queue
[2025-10-21T01:07:51.320+0000] {logging_mixin.py:149} INFO - [2025-10-21T01:07:51.320+0000] {dagbag.py:541} INFO - Filling up the DagBag from /home/airflow/.local/lib/python3.7/site-packages/airflow/example_dags/example_external_task_marker_dag.py
[2025-10-21T01:07:51.331+0000] {processor.py:836} INFO - DAG(s) dict_keys(['example_external_task_marker_parent', 'example_external_task_marker_child']) retrieved from /home/airflow/.local/lib/python3.7/site-packages/airflow/example_dags/example_external_task_marker_dag.py
[2025-10-21T01:07:51.389+0000] {logging_mixin.py:149} INFO - [2025-10-21T01:07:51.389+0000] {dag.py:2726} INFO - Sync 2 DAGs
[2025-10-21T01:07:51.434+0000] {logging_mixin.py:149} INFO - [2025-10-21T01:07:51.433+0000] {dag.py:3490} INFO - Setting next_dagrun for example_external_task_marker_child to None, run_after=None
[2025-10-21T01:07:51.440+0000] {logging_mixin.py:149} INFO - [2025-10-21T01:07:51.439+0000] {dag.py:3490} INFO - Setting next_dagrun for example_external_task_marker_parent to None, run_after=None
[2025-10-21T01:07:51.476+0000] {processor.py:179} INFO - Processing /home/airflow/.local/lib/python3.7/site-packages/airflow/example_dags/example_external_task_marker_dag.py took 0.166 seconds
[2025-10-21T01:08:22.056+0000] {processor.py:157} INFO - Started process (PID=2476) to work on /home/airflow/.local/lib/python3.7/site-packages/airflow/example_dags/example_external_task_marker_dag.py
[2025-10-21T01:08:22.058+0000] {processor.py:826} INFO - Processing file /home/airflow/.local/lib/python3.7/site-packages/airflow/example_dags/example_external_task_marker_dag.py for tasks to queue
[2025-10-21T01:08:22.060+0000] {logging_mixin.py:149} INFO - [2025-10-21T01:08:22.060+0000] {dagbag.py:541} INFO - Filling up the DagBag from /home/airflow/.local/lib/python3.7/site-packages/airflow/example_dags/example_external_task_marker_dag.py
[2025-10-21T01:08:22.075+0000] {processor.py:836} INFO - DAG(s) dict_keys(['example_external_task_marker_parent', 'example_external_task_marker_child']) retrieved from /home/airflow/.local/lib/python3.7/site-packages/airflow/example_dags/example_external_task_marker_dag.py
[2025-10-21T01:08:22.140+0000] {logging_mixin.py:149} INFO - [2025-10-21T01:08:22.140+0000] {dag.py:2726} INFO - Sync 2 DAGs
[2025-10-21T01:08:22.194+0000] {logging_mixin.py:149} INFO - [2025-10-21T01:08:22.194+0000] {dag.py:3490} INFO - Setting next_dagrun for example_external_task_marker_child to None, run_after=None
[2025-10-21T01:08:22.202+0000] {logging_mixin.py:149} INFO - [2025-10-21T01:08:22.202+0000] {dag.py:3490} INFO - Setting next_dagrun for example_external_task_marker_parent to None, run_after=None
[2025-10-21T01:08:22.246+0000] {processor.py:179} INFO - Processing /home/airflow/.local/lib/python3.7/site-packages/airflow/example_dags/example_external_task_marker_dag.py took 0.196 seconds
[2025-10-21T01:08:52.782+0000] {processor.py:157} INFO - Started process (PID=2542) to work on /home/airflow/.local/lib/python3.7/site-packages/airflow/example_dags/example_external_task_marker_dag.py
[2025-10-21T01:08:52.784+0000] {processor.py:826} INFO - Processing file /home/airflow/.local/lib/python3.7/site-packages/airflow/example_dags/example_external_task_marker_dag.py for tasks to queue
[2025-10-21T01:08:52.786+0000] {logging_mixin.py:149} INFO - [2025-10-21T01:08:52.786+0000] {dagbag.py:541} INFO - Filling up the DagBag from /home/airflow/.local/lib/python3.7/site-packages/airflow/example_dags/example_external_task_marker_dag.py
[2025-10-21T01:08:52.799+0000] {processor.py:836} INFO - DAG(s) dict_keys(['example_external_task_marker_parent', 'example_external_task_marker_child']) retrieved from /home/airflow/.local/lib/python3.7/site-packages/airflow/example_dags/example_external_task_marker_dag.py
[2025-10-21T01:08:52.853+0000] {logging_mixin.py:149} INFO - [2025-10-21T01:08:52.853+0000] {dag.py:2726} INFO - Sync 2 DAGs
[2025-10-21T01:08:52.909+0000] {logging_mixin.py:149} INFO - [2025-10-21T01:08:52.909+0000] {dag.py:3490} INFO - Setting next_dagrun for example_external_task_marker_child to None, run_after=None
[2025-10-21T01:08:52.916+0000] {logging_mixin.py:149} INFO - [2025-10-21T01:08:52.915+0000] {dag.py:3490} INFO - Setting next_dagrun for example_external_task_marker_parent to None, run_after=None
[2025-10-21T01:08:52.958+0000] {processor.py:179} INFO - Processing /home/airflow/.local/lib/python3.7/site-packages/airflow/example_dags/example_external_task_marker_dag.py took 0.181 seconds
[2025-10-21T01:09:23.649+0000] {processor.py:157} INFO - Started process (PID=2608) to work on /home/airflow/.local/lib/python3.7/site-packages/airflow/example_dags/example_external_task_marker_dag.py
[2025-10-21T01:09:23.652+0000] {processor.py:826} INFO - Processing file /home/airflow/.local/lib/python3.7/site-packages/airflow/example_dags/example_external_task_marker_dag.py for tasks to queue
[2025-10-21T01:09:23.655+0000] {logging_mixin.py:149} INFO - [2025-10-21T01:09:23.655+0000] {dagbag.py:541} INFO - Filling up the DagBag from /home/airflow/.local/lib/python3.7/site-packages/airflow/example_dags/example_external_task_marker_dag.py
[2025-10-21T01:09:23.667+0000] {processor.py:836} INFO - DAG(s) dict_keys(['example_external_task_marker_parent', 'example_external_task_marker_child']) retrieved from /home/airflow/.local/lib/python3.7/site-packages/airflow/example_dags/example_external_task_marker_dag.py
[2025-10-21T01:09:23.727+0000] {logging_mixin.py:149} INFO - [2025-10-21T01:09:23.727+0000] {dag.py:2726} INFO - Sync 2 DAGs
[2025-10-21T01:09:23.777+0000] {logging_mixin.py:149} INFO - [2025-10-21T01:09:23.777+0000] {dag.py:3490} INFO - Setting next_dagrun for example_external_task_marker_child to None, run_after=None
[2025-10-21T01:09:23.785+0000] {logging_mixin.py:149} INFO - [2025-10-21T01:09:23.784+0000] {dag.py:3490} INFO - Setting next_dagrun for example_external_task_marker_parent to None, run_after=None
[2025-10-21T01:09:23.819+0000] {processor.py:179} INFO - Processing /home/airflow/.local/lib/python3.7/site-packages/airflow/example_dags/example_external_task_marker_dag.py took 0.176 seconds
[2025-10-21T01:09:54.325+0000] {processor.py:157} INFO - Started process (PID=2675) to work on /home/airflow/.local/lib/python3.7/site-packages/airflow/example_dags/example_external_task_marker_dag.py
[2025-10-21T01:09:54.327+0000] {processor.py:826} INFO - Processing file /home/airflow/.local/lib/python3.7/site-packages/airflow/example_dags/example_external_task_marker_dag.py for tasks to queue
[2025-10-21T01:09:54.328+0000] {logging_mixin.py:149} INFO - [2025-10-21T01:09:54.328+0000] {dagbag.py:541} INFO - Filling up the DagBag from /home/airflow/.local/lib/python3.7/site-packages/airflow/example_dags/example_external_task_marker_dag.py
[2025-10-21T01:09:54.338+0000] {processor.py:836} INFO - DAG(s) dict_keys(['example_external_task_marker_child', 'example_external_task_marker_parent']) retrieved from /home/airflow/.local/lib/python3.7/site-packages/airflow/example_dags/example_external_task_marker_dag.py
[2025-10-21T01:09:54.391+0000] {logging_mixin.py:149} INFO - [2025-10-21T01:09:54.391+0000] {dag.py:2726} INFO - Sync 2 DAGs
[2025-10-21T01:09:54.433+0000] {logging_mixin.py:149} INFO - [2025-10-21T01:09:54.433+0000] {dag.py:3490} INFO - Setting next_dagrun for example_external_task_marker_child to None, run_after=None
[2025-10-21T01:09:54.438+0000] {logging_mixin.py:149} INFO - [2025-10-21T01:09:54.438+0000] {dag.py:3490} INFO - Setting next_dagrun for example_external_task_marker_parent to None, run_after=None
[2025-10-21T01:09:54.470+0000] {processor.py:179} INFO - Processing /home/airflow/.local/lib/python3.7/site-packages/airflow/example_dags/example_external_task_marker_dag.py took 0.153 seconds
[2025-10-21T01:10:24.931+0000] {processor.py:157} INFO - Started process (PID=2742) to work on /home/airflow/.local/lib/python3.7/site-packages/airflow/example_dags/example_external_task_marker_dag.py
[2025-10-21T01:10:24.934+0000] {processor.py:826} INFO - Processing file /home/airflow/.local/lib/python3.7/site-packages/airflow/example_dags/example_external_task_marker_dag.py for tasks to queue
[2025-10-21T01:10:24.938+0000] {logging_mixin.py:149} INFO - [2025-10-21T01:10:24.937+0000] {dagbag.py:541} INFO - Filling up the DagBag from /home/airflow/.local/lib/python3.7/site-packages/airflow/example_dags/example_external_task_marker_dag.py
[2025-10-21T01:10:24.959+0000] {processor.py:836} INFO - DAG(s) dict_keys(['example_external_task_marker_child', 'example_external_task_marker_parent']) retrieved from /home/airflow/.local/lib/python3.7/site-packages/airflow/example_dags/example_external_task_marker_dag.py
[2025-10-21T01:10:25.026+0000] {logging_mixin.py:149} INFO - [2025-10-21T01:10:25.026+0000] {dag.py:2726} INFO - Sync 2 DAGs
[2025-10-21T01:10:25.117+0000] {logging_mixin.py:149} INFO - [2025-10-21T01:10:25.116+0000] {dag.py:3490} INFO - Setting next_dagrun for example_external_task_marker_child to None, run_after=None
[2025-10-21T01:10:25.128+0000] {logging_mixin.py:149} INFO - [2025-10-21T01:10:25.128+0000] {dag.py:3490} INFO - Setting next_dagrun for example_external_task_marker_parent to None, run_after=None
[2025-10-21T01:10:25.188+0000] {processor.py:179} INFO - Processing /home/airflow/.local/lib/python3.7/site-packages/airflow/example_dags/example_external_task_marker_dag.py took 0.266 seconds
[2025-10-21T01:10:55.550+0000] {processor.py:157} INFO - Started process (PID=2808) to work on /home/airflow/.local/lib/python3.7/site-packages/airflow/example_dags/example_external_task_marker_dag.py
[2025-10-21T01:10:55.552+0000] {processor.py:826} INFO - Processing file /home/airflow/.local/lib/python3.7/site-packages/airflow/example_dags/example_external_task_marker_dag.py for tasks to queue
[2025-10-21T01:10:55.554+0000] {logging_mixin.py:149} INFO - [2025-10-21T01:10:55.554+0000] {dagbag.py:541} INFO - Filling up the DagBag from /home/airflow/.local/lib/python3.7/site-packages/airflow/example_dags/example_external_task_marker_dag.py
[2025-10-21T01:10:55.568+0000] {processor.py:836} INFO - DAG(s) dict_keys(['example_external_task_marker_child', 'example_external_task_marker_parent']) retrieved from /home/airflow/.local/lib/python3.7/site-packages/airflow/example_dags/example_external_task_marker_dag.py
[2025-10-21T01:10:55.625+0000] {logging_mixin.py:149} INFO - [2025-10-21T01:10:55.625+0000] {dag.py:2726} INFO - Sync 2 DAGs
[2025-10-21T01:10:55.673+0000] {logging_mixin.py:149} INFO - [2025-10-21T01:10:55.673+0000] {dag.py:3490} INFO - Setting next_dagrun for example_external_task_marker_child to None, run_after=None
[2025-10-21T01:10:55.681+0000] {logging_mixin.py:149} INFO - [2025-10-21T01:10:55.681+0000] {dag.py:3490} INFO - Setting next_dagrun for example_external_task_marker_parent to None, run_after=None
[2025-10-21T01:10:55.722+0000] {processor.py:179} INFO - Processing /home/airflow/.local/lib/python3.7/site-packages/airflow/example_dags/example_external_task_marker_dag.py took 0.179 seconds
[2025-10-21T01:11:26.298+0000] {processor.py:157} INFO - Started process (PID=2874) to work on /home/airflow/.local/lib/python3.7/site-packages/airflow/example_dags/example_external_task_marker_dag.py
[2025-10-21T01:11:26.301+0000] {processor.py:826} INFO - Processing file /home/airflow/.local/lib/python3.7/site-packages/airflow/example_dags/example_external_task_marker_dag.py for tasks to queue
[2025-10-21T01:11:26.302+0000] {logging_mixin.py:149} INFO - [2025-10-21T01:11:26.302+0000] {dagbag.py:541} INFO - Filling up the DagBag from /home/airflow/.local/lib/python3.7/site-packages/airflow/example_dags/example_external_task_marker_dag.py
[2025-10-21T01:11:26.316+0000] {processor.py:836} INFO - DAG(s) dict_keys(['example_external_task_marker_child', 'example_external_task_marker_parent']) retrieved from /home/airflow/.local/lib/python3.7/site-packages/airflow/example_dags/example_external_task_marker_dag.py
[2025-10-21T01:11:26.386+0000] {logging_mixin.py:149} INFO - [2025-10-21T01:11:26.386+0000] {dag.py:2726} INFO - Sync 2 DAGs
[2025-10-21T01:11:26.437+0000] {logging_mixin.py:149} INFO - [2025-10-21T01:11:26.436+0000] {dag.py:3490} INFO - Setting next_dagrun for example_external_task_marker_child to None, run_after=None
[2025-10-21T01:11:26.450+0000] {logging_mixin.py:149} INFO - [2025-10-21T01:11:26.449+0000] {dag.py:3490} INFO - Setting next_dagrun for example_external_task_marker_parent to None, run_after=None
[2025-10-21T01:11:26.491+0000] {processor.py:179} INFO - Processing /home/airflow/.local/lib/python3.7/site-packages/airflow/example_dags/example_external_task_marker_dag.py took 0.201 seconds
[2025-10-21T01:11:56.811+0000] {processor.py:157} INFO - Started process (PID=2940) to work on /home/airflow/.local/lib/python3.7/site-packages/airflow/example_dags/example_external_task_marker_dag.py
[2025-10-21T01:11:56.813+0000] {processor.py:826} INFO - Processing file /home/airflow/.local/lib/python3.7/site-packages/airflow/example_dags/example_external_task_marker_dag.py for tasks to queue
[2025-10-21T01:11:56.815+0000] {logging_mixin.py:149} INFO - [2025-10-21T01:11:56.814+0000] {dagbag.py:541} INFO - Filling up the DagBag from /home/airflow/.local/lib/python3.7/site-packages/airflow/example_dags/example_external_task_marker_dag.py
[2025-10-21T01:11:56.826+0000] {processor.py:836} INFO - DAG(s) dict_keys(['example_external_task_marker_child', 'example_external_task_marker_parent']) retrieved from /home/airflow/.local/lib/python3.7/site-packages/airflow/example_dags/example_external_task_marker_dag.py
[2025-10-21T01:11:56.877+0000] {logging_mixin.py:149} INFO - [2025-10-21T01:11:56.876+0000] {dag.py:2726} INFO - Sync 2 DAGs
[2025-10-21T01:11:56.922+0000] {logging_mixin.py:149} INFO - [2025-10-21T01:11:56.922+0000] {dag.py:3490} INFO - Setting next_dagrun for example_external_task_marker_child to None, run_after=None
[2025-10-21T01:11:56.929+0000] {logging_mixin.py:149} INFO - [2025-10-21T01:11:56.929+0000] {dag.py:3490} INFO - Setting next_dagrun for example_external_task_marker_parent to None, run_after=None
[2025-10-21T01:11:56.970+0000] {processor.py:179} INFO - Processing /home/airflow/.local/lib/python3.7/site-packages/airflow/example_dags/example_external_task_marker_dag.py took 0.165 seconds
[2025-10-21T01:12:27.115+0000] {processor.py:157} INFO - Started process (PID=3006) to work on /home/airflow/.local/lib/python3.7/site-packages/airflow/example_dags/example_external_task_marker_dag.py
[2025-10-21T01:12:27.117+0000] {processor.py:826} INFO - Processing file /home/airflow/.local/lib/python3.7/site-packages/airflow/example_dags/example_external_task_marker_dag.py for tasks to queue
[2025-10-21T01:12:27.119+0000] {logging_mixin.py:149} INFO - [2025-10-21T01:12:27.118+0000] {dagbag.py:541} INFO - Filling up the DagBag from /home/airflow/.local/lib/python3.7/site-packages/airflow/example_dags/example_external_task_marker_dag.py
[2025-10-21T01:12:27.129+0000] {processor.py:836} INFO - DAG(s) dict_keys(['example_external_task_marker_child', 'example_external_task_marker_parent']) retrieved from /home/airflow/.local/lib/python3.7/site-packages/airflow/example_dags/example_external_task_marker_dag.py
[2025-10-21T01:12:27.185+0000] {logging_mixin.py:149} INFO - [2025-10-21T01:12:27.185+0000] {dag.py:2726} INFO - Sync 2 DAGs
[2025-10-21T01:12:27.232+0000] {logging_mixin.py:149} INFO - [2025-10-21T01:12:27.231+0000] {dag.py:3490} INFO - Setting next_dagrun for example_external_task_marker_child to None, run_after=None
[2025-10-21T01:12:27.238+0000] {logging_mixin.py:149} INFO - [2025-10-21T01:12:27.238+0000] {dag.py:3490} INFO - Setting next_dagrun for example_external_task_marker_parent to None, run_after=None
[2025-10-21T01:12:27.277+0000] {processor.py:179} INFO - Processing /home/airflow/.local/lib/python3.7/site-packages/airflow/example_dags/example_external_task_marker_dag.py took 0.168 seconds
[2025-10-21T01:12:57.735+0000] {processor.py:157} INFO - Started process (PID=3072) to work on /home/airflow/.local/lib/python3.7/site-packages/airflow/example_dags/example_external_task_marker_dag.py
[2025-10-21T01:12:57.738+0000] {processor.py:826} INFO - Processing file /home/airflow/.local/lib/python3.7/site-packages/airflow/example_dags/example_external_task_marker_dag.py for tasks to queue
[2025-10-21T01:12:57.741+0000] {logging_mixin.py:149} INFO - [2025-10-21T01:12:57.740+0000] {dagbag.py:541} INFO - Filling up the DagBag from /home/airflow/.local/lib/python3.7/site-packages/airflow/example_dags/example_external_task_marker_dag.py
[2025-10-21T01:12:57.755+0000] {processor.py:836} INFO - DAG(s) dict_keys(['example_external_task_marker_child', 'example_external_task_marker_parent']) retrieved from /home/airflow/.local/lib/python3.7/site-packages/airflow/example_dags/example_external_task_marker_dag.py
[2025-10-21T01:12:57.813+0000] {logging_mixin.py:149} INFO - [2025-10-21T01:12:57.812+0000] {dag.py:2726} INFO - Sync 2 DAGs
[2025-10-21T01:12:57.878+0000] {logging_mixin.py:149} INFO - [2025-10-21T01:12:57.878+0000] {dag.py:3490} INFO - Setting next_dagrun for example_external_task_marker_child to None, run_after=None
[2025-10-21T01:12:57.887+0000] {logging_mixin.py:149} INFO - [2025-10-21T01:12:57.887+0000] {dag.py:3490} INFO - Setting next_dagrun for example_external_task_marker_parent to None, run_after=None
[2025-10-21T01:12:57.925+0000] {processor.py:179} INFO - Processing /home/airflow/.local/lib/python3.7/site-packages/airflow/example_dags/example_external_task_marker_dag.py took 0.197 seconds
[2025-10-21T01:13:28.674+0000] {processor.py:157} INFO - Started process (PID=3138) to work on /home/airflow/.local/lib/python3.7/site-packages/airflow/example_dags/example_external_task_marker_dag.py
[2025-10-21T01:13:28.676+0000] {processor.py:826} INFO - Processing file /home/airflow/.local/lib/python3.7/site-packages/airflow/example_dags/example_external_task_marker_dag.py for tasks to queue
[2025-10-21T01:13:28.678+0000] {logging_mixin.py:149} INFO - [2025-10-21T01:13:28.677+0000] {dagbag.py:541} INFO - Filling up the DagBag from /home/airflow/.local/lib/python3.7/site-packages/airflow/example_dags/example_external_task_marker_dag.py
[2025-10-21T01:13:28.688+0000] {processor.py:836} INFO - DAG(s) dict_keys(['example_external_task_marker_child', 'example_external_task_marker_parent']) retrieved from /home/airflow/.local/lib/python3.7/site-packages/airflow/example_dags/example_external_task_marker_dag.py
[2025-10-21T01:13:28.738+0000] {logging_mixin.py:149} INFO - [2025-10-21T01:13:28.738+0000] {dag.py:2726} INFO - Sync 2 DAGs
[2025-10-21T01:13:28.778+0000] {logging_mixin.py:149} INFO - [2025-10-21T01:13:28.777+0000] {dag.py:3490} INFO - Setting next_dagrun for example_external_task_marker_child to None, run_after=None
[2025-10-21T01:13:28.784+0000] {logging_mixin.py:149} INFO - [2025-10-21T01:13:28.783+0000] {dag.py:3490} INFO - Setting next_dagrun for example_external_task_marker_parent to None, run_after=None
[2025-10-21T01:13:28.816+0000] {processor.py:179} INFO - Processing /home/airflow/.local/lib/python3.7/site-packages/airflow/example_dags/example_external_task_marker_dag.py took 0.147 seconds
[2025-10-21T01:13:59.186+0000] {processor.py:157} INFO - Started process (PID=3204) to work on /home/airflow/.local/lib/python3.7/site-packages/airflow/example_dags/example_external_task_marker_dag.py
[2025-10-21T01:13:59.189+0000] {processor.py:826} INFO - Processing file /home/airflow/.local/lib/python3.7/site-packages/airflow/example_dags/example_external_task_marker_dag.py for tasks to queue
[2025-10-21T01:13:59.191+0000] {logging_mixin.py:149} INFO - [2025-10-21T01:13:59.191+0000] {dagbag.py:541} INFO - Filling up the DagBag from /home/airflow/.local/lib/python3.7/site-packages/airflow/example_dags/example_external_task_marker_dag.py
[2025-10-21T01:13:59.204+0000] {processor.py:836} INFO - DAG(s) dict_keys(['example_external_task_marker_child', 'example_external_task_marker_parent']) retrieved from /home/airflow/.local/lib/python3.7/site-packages/airflow/example_dags/example_external_task_marker_dag.py
[2025-10-21T01:13:59.263+0000] {logging_mixin.py:149} INFO - [2025-10-21T01:13:59.263+0000] {dag.py:2726} INFO - Sync 2 DAGs
[2025-10-21T01:13:59.314+0000] {logging_mixin.py:149} INFO - [2025-10-21T01:13:59.313+0000] {dag.py:3490} INFO - Setting next_dagrun for example_external_task_marker_child to None, run_after=None
[2025-10-21T01:13:59.323+0000] {logging_mixin.py:149} INFO - [2025-10-21T01:13:59.322+0000] {dag.py:3490} INFO - Setting next_dagrun for example_external_task_marker_parent to None, run_after=None
[2025-10-21T01:13:59.366+0000] {processor.py:179} INFO - Processing /home/airflow/.local/lib/python3.7/site-packages/airflow/example_dags/example_external_task_marker_dag.py took 0.189 seconds
[2025-10-21T01:14:29.769+0000] {processor.py:157} INFO - Started process (PID=3270) to work on /home/airflow/.local/lib/python3.7/site-packages/airflow/example_dags/example_external_task_marker_dag.py
[2025-10-21T01:14:29.771+0000] {processor.py:826} INFO - Processing file /home/airflow/.local/lib/python3.7/site-packages/airflow/example_dags/example_external_task_marker_dag.py for tasks to queue
[2025-10-21T01:14:29.773+0000] {logging_mixin.py:149} INFO - [2025-10-21T01:14:29.772+0000] {dagbag.py:541} INFO - Filling up the DagBag from /home/airflow/.local/lib/python3.7/site-packages/airflow/example_dags/example_external_task_marker_dag.py
[2025-10-21T01:14:29.783+0000] {processor.py:836} INFO - DAG(s) dict_keys(['example_external_task_marker_parent', 'example_external_task_marker_child']) retrieved from /home/airflow/.local/lib/python3.7/site-packages/airflow/example_dags/example_external_task_marker_dag.py
[2025-10-21T01:14:29.838+0000] {logging_mixin.py:149} INFO - [2025-10-21T01:14:29.838+0000] {dag.py:2726} INFO - Sync 2 DAGs
[2025-10-21T01:14:29.882+0000] {logging_mixin.py:149} INFO - [2025-10-21T01:14:29.881+0000] {dag.py:3490} INFO - Setting next_dagrun for example_external_task_marker_child to None, run_after=None
[2025-10-21T01:14:29.888+0000] {logging_mixin.py:149} INFO - [2025-10-21T01:14:29.888+0000] {dag.py:3490} INFO - Setting next_dagrun for example_external_task_marker_parent to None, run_after=None
[2025-10-21T01:14:29.924+0000] {processor.py:179} INFO - Processing /home/airflow/.local/lib/python3.7/site-packages/airflow/example_dags/example_external_task_marker_dag.py took 0.161 seconds
[2025-10-21T01:15:00.106+0000] {processor.py:157} INFO - Started process (PID=3336) to work on /home/airflow/.local/lib/python3.7/site-packages/airflow/example_dags/example_external_task_marker_dag.py
[2025-10-21T01:15:00.109+0000] {processor.py:826} INFO - Processing file /home/airflow/.local/lib/python3.7/site-packages/airflow/example_dags/example_external_task_marker_dag.py for tasks to queue
[2025-10-21T01:15:00.111+0000] {logging_mixin.py:149} INFO - [2025-10-21T01:15:00.110+0000] {dagbag.py:541} INFO - Filling up the DagBag from /home/airflow/.local/lib/python3.7/site-packages/airflow/example_dags/example_external_task_marker_dag.py
[2025-10-21T01:15:00.124+0000] {processor.py:836} INFO - DAG(s) dict_keys(['example_external_task_marker_child', 'example_external_task_marker_parent']) retrieved from /home/airflow/.local/lib/python3.7/site-packages/airflow/example_dags/example_external_task_marker_dag.py
[2025-10-21T01:15:00.193+0000] {logging_mixin.py:149} INFO - [2025-10-21T01:15:00.193+0000] {dag.py:2726} INFO - Sync 2 DAGs
[2025-10-21T01:15:00.258+0000] {logging_mixin.py:149} INFO - [2025-10-21T01:15:00.257+0000] {dag.py:3490} INFO - Setting next_dagrun for example_external_task_marker_child to None, run_after=None
[2025-10-21T01:15:00.266+0000] {logging_mixin.py:149} INFO - [2025-10-21T01:15:00.266+0000] {dag.py:3490} INFO - Setting next_dagrun for example_external_task_marker_parent to None, run_after=None
[2025-10-21T01:15:00.313+0000] {processor.py:179} INFO - Processing /home/airflow/.local/lib/python3.7/site-packages/airflow/example_dags/example_external_task_marker_dag.py took 0.217 seconds
[2025-10-21T01:15:31.328+0000] {processor.py:157} INFO - Started process (PID=3402) to work on /home/airflow/.local/lib/python3.7/site-packages/airflow/example_dags/example_external_task_marker_dag.py
[2025-10-21T01:15:31.331+0000] {processor.py:826} INFO - Processing file /home/airflow/.local/lib/python3.7/site-packages/airflow/example_dags/example_external_task_marker_dag.py for tasks to queue
[2025-10-21T01:15:31.333+0000] {logging_mixin.py:149} INFO - [2025-10-21T01:15:31.332+0000] {dagbag.py:541} INFO - Filling up the DagBag from /home/airflow/.local/lib/python3.7/site-packages/airflow/example_dags/example_external_task_marker_dag.py
[2025-10-21T01:15:31.344+0000] {processor.py:836} INFO - DAG(s) dict_keys(['example_external_task_marker_parent', 'example_external_task_marker_child']) retrieved from /home/airflow/.local/lib/python3.7/site-packages/airflow/example_dags/example_external_task_marker_dag.py
[2025-10-21T01:15:31.411+0000] {logging_mixin.py:149} INFO - [2025-10-21T01:15:31.411+0000] {dag.py:2726} INFO - Sync 2 DAGs
[2025-10-21T01:15:31.473+0000] {logging_mixin.py:149} INFO - [2025-10-21T01:15:31.472+0000] {dag.py:3490} INFO - Setting next_dagrun for example_external_task_marker_child to None, run_after=None
[2025-10-21T01:15:31.480+0000] {logging_mixin.py:149} INFO - [2025-10-21T01:15:31.479+0000] {dag.py:3490} INFO - Setting next_dagrun for example_external_task_marker_parent to None, run_after=None
[2025-10-21T01:15:31.525+0000] {processor.py:179} INFO - Processing /home/airflow/.local/lib/python3.7/site-packages/airflow/example_dags/example_external_task_marker_dag.py took 0.206 seconds
[2025-10-21T01:16:02.474+0000] {processor.py:157} INFO - Started process (PID=3470) to work on /home/airflow/.local/lib/python3.7/site-packages/airflow/example_dags/example_external_task_marker_dag.py
[2025-10-21T01:16:02.476+0000] {processor.py:826} INFO - Processing file /home/airflow/.local/lib/python3.7/site-packages/airflow/example_dags/example_external_task_marker_dag.py for tasks to queue
[2025-10-21T01:16:02.478+0000] {logging_mixin.py:149} INFO - [2025-10-21T01:16:02.477+0000] {dagbag.py:541} INFO - Filling up the DagBag from /home/airflow/.local/lib/python3.7/site-packages/airflow/example_dags/example_external_task_marker_dag.py
[2025-10-21T01:16:02.489+0000] {processor.py:836} INFO - DAG(s) dict_keys(['example_external_task_marker_parent', 'example_external_task_marker_child']) retrieved from /home/airflow/.local/lib/python3.7/site-packages/airflow/example_dags/example_external_task_marker_dag.py
[2025-10-21T01:16:02.566+0000] {logging_mixin.py:149} INFO - [2025-10-21T01:16:02.566+0000] {dag.py:2726} INFO - Sync 2 DAGs
[2025-10-21T01:16:02.631+0000] {logging_mixin.py:149} INFO - [2025-10-21T01:16:02.631+0000] {dag.py:3490} INFO - Setting next_dagrun for example_external_task_marker_child to None, run_after=None
[2025-10-21T01:16:02.640+0000] {logging_mixin.py:149} INFO - [2025-10-21T01:16:02.639+0000] {dag.py:3490} INFO - Setting next_dagrun for example_external_task_marker_parent to None, run_after=None
[2025-10-21T01:16:02.714+0000] {processor.py:179} INFO - Processing /home/airflow/.local/lib/python3.7/site-packages/airflow/example_dags/example_external_task_marker_dag.py took 0.247 seconds
[2025-10-21T01:16:32.893+0000] {processor.py:157} INFO - Started process (PID=3536) to work on /home/airflow/.local/lib/python3.7/site-packages/airflow/example_dags/example_external_task_marker_dag.py
[2025-10-21T01:16:32.895+0000] {processor.py:826} INFO - Processing file /home/airflow/.local/lib/python3.7/site-packages/airflow/example_dags/example_external_task_marker_dag.py for tasks to queue
[2025-10-21T01:16:32.897+0000] {logging_mixin.py:149} INFO - [2025-10-21T01:16:32.896+0000] {dagbag.py:541} INFO - Filling up the DagBag from /home/airflow/.local/lib/python3.7/site-packages/airflow/example_dags/example_external_task_marker_dag.py
[2025-10-21T01:16:32.909+0000] {processor.py:836} INFO - DAG(s) dict_keys(['example_external_task_marker_child', 'example_external_task_marker_parent']) retrieved from /home/airflow/.local/lib/python3.7/site-packages/airflow/example_dags/example_external_task_marker_dag.py
[2025-10-21T01:16:32.970+0000] {logging_mixin.py:149} INFO - [2025-10-21T01:16:32.970+0000] {dag.py:2726} INFO - Sync 2 DAGs
[2025-10-21T01:16:33.019+0000] {logging_mixin.py:149} INFO - [2025-10-21T01:16:33.019+0000] {dag.py:3490} INFO - Setting next_dagrun for example_external_task_marker_child to None, run_after=None
[2025-10-21T01:16:33.028+0000] {logging_mixin.py:149} INFO - [2025-10-21T01:16:33.028+0000] {dag.py:3490} INFO - Setting next_dagrun for example_external_task_marker_parent to None, run_after=None
[2025-10-21T01:16:33.066+0000] {processor.py:179} INFO - Processing /home/airflow/.local/lib/python3.7/site-packages/airflow/example_dags/example_external_task_marker_dag.py took 0.179 seconds
[2025-10-21T01:17:03.671+0000] {processor.py:157} INFO - Started process (PID=3602) to work on /home/airflow/.local/lib/python3.7/site-packages/airflow/example_dags/example_external_task_marker_dag.py
[2025-10-21T01:17:03.674+0000] {processor.py:826} INFO - Processing file /home/airflow/.local/lib/python3.7/site-packages/airflow/example_dags/example_external_task_marker_dag.py for tasks to queue
[2025-10-21T01:17:03.676+0000] {logging_mixin.py:149} INFO - [2025-10-21T01:17:03.676+0000] {dagbag.py:541} INFO - Filling up the DagBag from /home/airflow/.local/lib/python3.7/site-packages/airflow/example_dags/example_external_task_marker_dag.py
[2025-10-21T01:17:03.690+0000] {processor.py:836} INFO - DAG(s) dict_keys(['example_external_task_marker_parent', 'example_external_task_marker_child']) retrieved from /home/airflow/.local/lib/python3.7/site-packages/airflow/example_dags/example_external_task_marker_dag.py
[2025-10-21T01:17:03.775+0000] {logging_mixin.py:149} INFO - [2025-10-21T01:17:03.774+0000] {dag.py:2726} INFO - Sync 2 DAGs
[2025-10-21T01:17:03.859+0000] {logging_mixin.py:149} INFO - [2025-10-21T01:17:03.859+0000] {dag.py:3490} INFO - Setting next_dagrun for example_external_task_marker_child to None, run_after=None
[2025-10-21T01:17:03.870+0000] {logging_mixin.py:149} INFO - [2025-10-21T01:17:03.869+0000] {dag.py:3490} INFO - Setting next_dagrun for example_external_task_marker_parent to None, run_after=None
[2025-10-21T01:17:03.936+0000] {processor.py:179} INFO - Processing /home/airflow/.local/lib/python3.7/site-packages/airflow/example_dags/example_external_task_marker_dag.py took 0.271 seconds
