[2025-10-21T00:50:06.554+0000] {processor.py:157} INFO - Started process (PID=131) to work on /home/airflow/.local/lib/python3.7/site-packages/airflow/example_dags/example_sla_dag.py
[2025-10-21T00:50:06.557+0000] {processor.py:826} INFO - Processing file /home/airflow/.local/lib/python3.7/site-packages/airflow/example_dags/example_sla_dag.py for tasks to queue
[2025-10-21T00:50:06.559+0000] {logging_mixin.py:149} INFO - [2025-10-21T00:50:06.559+0000] {dagbag.py:541} INFO - Filling up the DagBag from /home/airflow/.local/lib/python3.7/site-packages/airflow/example_dags/example_sla_dag.py
[2025-10-21T00:50:06.586+0000] {processor.py:836} INFO - DAG(s) dict_keys(['example_sla_dag']) retrieved from /home/airflow/.local/lib/python3.7/site-packages/airflow/example_dags/example_sla_dag.py
[2025-10-21T00:50:06.654+0000] {logging_mixin.py:149} INFO - [2025-10-21T00:50:06.653+0000] {dag.py:2726} INFO - Sync 1 DAGs
[2025-10-21T00:50:06.729+0000] {logging_mixin.py:149} INFO - [2025-10-21T00:50:06.729+0000] {dag.py:3490} INFO - Setting next_dagrun for example_sla_dag to 2025-10-21T00:48:00+00:00, run_after=2025-10-21T00:50:00+00:00
[2025-10-21T00:50:06.795+0000] {processor.py:179} INFO - Processing /home/airflow/.local/lib/python3.7/site-packages/airflow/example_dags/example_sla_dag.py took 0.252 seconds
[2025-10-21T00:50:37.745+0000] {processor.py:157} INFO - Started process (PID=197) to work on /home/airflow/.local/lib/python3.7/site-packages/airflow/example_dags/example_sla_dag.py
[2025-10-21T00:50:37.747+0000] {processor.py:826} INFO - Processing file /home/airflow/.local/lib/python3.7/site-packages/airflow/example_dags/example_sla_dag.py for tasks to queue
[2025-10-21T00:50:37.749+0000] {logging_mixin.py:149} INFO - [2025-10-21T00:50:37.749+0000] {dagbag.py:541} INFO - Filling up the DagBag from /home/airflow/.local/lib/python3.7/site-packages/airflow/example_dags/example_sla_dag.py
[2025-10-21T00:50:37.771+0000] {processor.py:836} INFO - DAG(s) dict_keys(['example_sla_dag']) retrieved from /home/airflow/.local/lib/python3.7/site-packages/airflow/example_dags/example_sla_dag.py
[2025-10-21T00:50:37.826+0000] {logging_mixin.py:149} INFO - [2025-10-21T00:50:37.826+0000] {dag.py:2726} INFO - Sync 1 DAGs
[2025-10-21T00:50:37.885+0000] {logging_mixin.py:149} INFO - [2025-10-21T00:50:37.885+0000] {dag.py:3490} INFO - Setting next_dagrun for example_sla_dag to 2025-10-21T00:48:00+00:00, run_after=2025-10-21T00:50:00+00:00
[2025-10-21T00:50:37.944+0000] {processor.py:179} INFO - Processing /home/airflow/.local/lib/python3.7/site-packages/airflow/example_dags/example_sla_dag.py took 0.208 seconds
[2025-10-21T00:51:08.471+0000] {processor.py:157} INFO - Started process (PID=263) to work on /home/airflow/.local/lib/python3.7/site-packages/airflow/example_dags/example_sla_dag.py
[2025-10-21T00:51:08.473+0000] {processor.py:826} INFO - Processing file /home/airflow/.local/lib/python3.7/site-packages/airflow/example_dags/example_sla_dag.py for tasks to queue
[2025-10-21T00:51:08.475+0000] {logging_mixin.py:149} INFO - [2025-10-21T00:51:08.474+0000] {dagbag.py:541} INFO - Filling up the DagBag from /home/airflow/.local/lib/python3.7/site-packages/airflow/example_dags/example_sla_dag.py
[2025-10-21T00:51:08.490+0000] {processor.py:836} INFO - DAG(s) dict_keys(['example_sla_dag']) retrieved from /home/airflow/.local/lib/python3.7/site-packages/airflow/example_dags/example_sla_dag.py
[2025-10-21T00:51:08.565+0000] {logging_mixin.py:149} INFO - [2025-10-21T00:51:08.564+0000] {dag.py:2726} INFO - Sync 1 DAGs
[2025-10-21T00:51:08.676+0000] {logging_mixin.py:149} INFO - [2025-10-21T00:51:08.675+0000] {dag.py:3490} INFO - Setting next_dagrun for example_sla_dag to 2025-10-21T00:48:00+00:00, run_after=2025-10-21T00:50:00+00:00
[2025-10-21T00:51:08.735+0000] {processor.py:179} INFO - Processing /home/airflow/.local/lib/python3.7/site-packages/airflow/example_dags/example_sla_dag.py took 0.271 seconds
[2025-10-21T00:51:40.059+0000] {processor.py:157} INFO - Started process (PID=329) to work on /home/airflow/.local/lib/python3.7/site-packages/airflow/example_dags/example_sla_dag.py
[2025-10-21T00:51:40.064+0000] {processor.py:826} INFO - Processing file /home/airflow/.local/lib/python3.7/site-packages/airflow/example_dags/example_sla_dag.py for tasks to queue
[2025-10-21T00:51:40.067+0000] {logging_mixin.py:149} INFO - [2025-10-21T00:51:40.067+0000] {dagbag.py:541} INFO - Filling up the DagBag from /home/airflow/.local/lib/python3.7/site-packages/airflow/example_dags/example_sla_dag.py
[2025-10-21T00:51:40.110+0000] {processor.py:836} INFO - DAG(s) dict_keys(['example_sla_dag']) retrieved from /home/airflow/.local/lib/python3.7/site-packages/airflow/example_dags/example_sla_dag.py
[2025-10-21T00:51:40.257+0000] {logging_mixin.py:149} INFO - [2025-10-21T00:51:40.257+0000] {dag.py:2726} INFO - Sync 1 DAGs
[2025-10-21T00:51:40.406+0000] {logging_mixin.py:149} INFO - [2025-10-21T00:51:40.405+0000] {dag.py:3490} INFO - Setting next_dagrun for example_sla_dag to 2025-10-21T00:48:00+00:00, run_after=2025-10-21T00:50:00+00:00
[2025-10-21T00:51:40.492+0000] {processor.py:179} INFO - Processing /home/airflow/.local/lib/python3.7/site-packages/airflow/example_dags/example_sla_dag.py took 0.451 seconds
[2025-10-21T00:52:10.614+0000] {processor.py:157} INFO - Started process (PID=394) to work on /home/airflow/.local/lib/python3.7/site-packages/airflow/example_dags/example_sla_dag.py
[2025-10-21T00:52:10.618+0000] {processor.py:826} INFO - Processing file /home/airflow/.local/lib/python3.7/site-packages/airflow/example_dags/example_sla_dag.py for tasks to queue
[2025-10-21T00:52:10.622+0000] {logging_mixin.py:149} INFO - [2025-10-21T00:52:10.622+0000] {dagbag.py:541} INFO - Filling up the DagBag from /home/airflow/.local/lib/python3.7/site-packages/airflow/example_dags/example_sla_dag.py
[2025-10-21T00:52:10.664+0000] {processor.py:836} INFO - DAG(s) dict_keys(['example_sla_dag']) retrieved from /home/airflow/.local/lib/python3.7/site-packages/airflow/example_dags/example_sla_dag.py
[2025-10-21T00:52:10.812+0000] {logging_mixin.py:149} INFO - [2025-10-21T00:52:10.811+0000] {dag.py:2726} INFO - Sync 1 DAGs
[2025-10-21T00:52:10.937+0000] {logging_mixin.py:149} INFO - [2025-10-21T00:52:10.937+0000] {dag.py:3490} INFO - Setting next_dagrun for example_sla_dag to 2025-10-21T00:50:00+00:00, run_after=2025-10-21T00:52:00+00:00
[2025-10-21T00:52:11.012+0000] {processor.py:179} INFO - Processing /home/airflow/.local/lib/python3.7/site-packages/airflow/example_dags/example_sla_dag.py took 0.415 seconds
[2025-10-21T00:52:41.763+0000] {processor.py:157} INFO - Started process (PID=460) to work on /home/airflow/.local/lib/python3.7/site-packages/airflow/example_dags/example_sla_dag.py
[2025-10-21T00:52:41.766+0000] {processor.py:826} INFO - Processing file /home/airflow/.local/lib/python3.7/site-packages/airflow/example_dags/example_sla_dag.py for tasks to queue
[2025-10-21T00:52:41.769+0000] {logging_mixin.py:149} INFO - [2025-10-21T00:52:41.768+0000] {dagbag.py:541} INFO - Filling up the DagBag from /home/airflow/.local/lib/python3.7/site-packages/airflow/example_dags/example_sla_dag.py
[2025-10-21T00:52:41.790+0000] {processor.py:836} INFO - DAG(s) dict_keys(['example_sla_dag']) retrieved from /home/airflow/.local/lib/python3.7/site-packages/airflow/example_dags/example_sla_dag.py
[2025-10-21T00:52:41.855+0000] {logging_mixin.py:149} INFO - [2025-10-21T00:52:41.855+0000] {dag.py:2726} INFO - Sync 1 DAGs
[2025-10-21T00:52:41.916+0000] {logging_mixin.py:149} INFO - [2025-10-21T00:52:41.916+0000] {dag.py:3490} INFO - Setting next_dagrun for example_sla_dag to 2025-10-21T00:50:00+00:00, run_after=2025-10-21T00:52:00+00:00
[2025-10-21T00:52:41.961+0000] {processor.py:179} INFO - Processing /home/airflow/.local/lib/python3.7/site-packages/airflow/example_dags/example_sla_dag.py took 0.208 seconds
[2025-10-21T00:53:12.066+0000] {processor.py:157} INFO - Started process (PID=526) to work on /home/airflow/.local/lib/python3.7/site-packages/airflow/example_dags/example_sla_dag.py
[2025-10-21T00:53:12.068+0000] {processor.py:826} INFO - Processing file /home/airflow/.local/lib/python3.7/site-packages/airflow/example_dags/example_sla_dag.py for tasks to queue
[2025-10-21T00:53:12.071+0000] {logging_mixin.py:149} INFO - [2025-10-21T00:53:12.071+0000] {dagbag.py:541} INFO - Filling up the DagBag from /home/airflow/.local/lib/python3.7/site-packages/airflow/example_dags/example_sla_dag.py
[2025-10-21T00:53:12.085+0000] {processor.py:836} INFO - DAG(s) dict_keys(['example_sla_dag']) retrieved from /home/airflow/.local/lib/python3.7/site-packages/airflow/example_dags/example_sla_dag.py
[2025-10-21T00:53:12.135+0000] {logging_mixin.py:149} INFO - [2025-10-21T00:53:12.135+0000] {dag.py:2726} INFO - Sync 1 DAGs
[2025-10-21T00:53:12.184+0000] {logging_mixin.py:149} INFO - [2025-10-21T00:53:12.183+0000] {dag.py:3490} INFO - Setting next_dagrun for example_sla_dag to 2025-10-21T00:50:00+00:00, run_after=2025-10-21T00:52:00+00:00
[2025-10-21T00:53:12.219+0000] {processor.py:179} INFO - Processing /home/airflow/.local/lib/python3.7/site-packages/airflow/example_dags/example_sla_dag.py took 0.158 seconds
[2025-10-21T00:53:42.558+0000] {processor.py:157} INFO - Started process (PID=593) to work on /home/airflow/.local/lib/python3.7/site-packages/airflow/example_dags/example_sla_dag.py
[2025-10-21T00:53:42.560+0000] {processor.py:826} INFO - Processing file /home/airflow/.local/lib/python3.7/site-packages/airflow/example_dags/example_sla_dag.py for tasks to queue
[2025-10-21T00:53:42.562+0000] {logging_mixin.py:149} INFO - [2025-10-21T00:53:42.562+0000] {dagbag.py:541} INFO - Filling up the DagBag from /home/airflow/.local/lib/python3.7/site-packages/airflow/example_dags/example_sla_dag.py
[2025-10-21T00:53:42.578+0000] {processor.py:836} INFO - DAG(s) dict_keys(['example_sla_dag']) retrieved from /home/airflow/.local/lib/python3.7/site-packages/airflow/example_dags/example_sla_dag.py
[2025-10-21T00:53:42.623+0000] {logging_mixin.py:149} INFO - [2025-10-21T00:53:42.623+0000] {dag.py:2726} INFO - Sync 1 DAGs
[2025-10-21T00:53:42.670+0000] {logging_mixin.py:149} INFO - [2025-10-21T00:53:42.669+0000] {dag.py:3490} INFO - Setting next_dagrun for example_sla_dag to 2025-10-21T00:50:00+00:00, run_after=2025-10-21T00:52:00+00:00
[2025-10-21T00:53:42.709+0000] {processor.py:179} INFO - Processing /home/airflow/.local/lib/python3.7/site-packages/airflow/example_dags/example_sla_dag.py took 0.159 seconds
[2025-10-21T00:54:12.874+0000] {processor.py:157} INFO - Started process (PID=659) to work on /home/airflow/.local/lib/python3.7/site-packages/airflow/example_dags/example_sla_dag.py
[2025-10-21T00:54:12.876+0000] {processor.py:826} INFO - Processing file /home/airflow/.local/lib/python3.7/site-packages/airflow/example_dags/example_sla_dag.py for tasks to queue
[2025-10-21T00:54:12.877+0000] {logging_mixin.py:149} INFO - [2025-10-21T00:54:12.877+0000] {dagbag.py:541} INFO - Filling up the DagBag from /home/airflow/.local/lib/python3.7/site-packages/airflow/example_dags/example_sla_dag.py
[2025-10-21T00:54:12.890+0000] {processor.py:836} INFO - DAG(s) dict_keys(['example_sla_dag']) retrieved from /home/airflow/.local/lib/python3.7/site-packages/airflow/example_dags/example_sla_dag.py
[2025-10-21T00:54:12.934+0000] {logging_mixin.py:149} INFO - [2025-10-21T00:54:12.934+0000] {dag.py:2726} INFO - Sync 1 DAGs
[2025-10-21T00:54:12.980+0000] {logging_mixin.py:149} INFO - [2025-10-21T00:54:12.980+0000] {dag.py:3490} INFO - Setting next_dagrun for example_sla_dag to 2025-10-21T00:52:00+00:00, run_after=2025-10-21T00:54:00+00:00
[2025-10-21T00:54:13.015+0000] {processor.py:179} INFO - Processing /home/airflow/.local/lib/python3.7/site-packages/airflow/example_dags/example_sla_dag.py took 0.147 seconds
[2025-10-21T00:54:43.539+0000] {processor.py:157} INFO - Started process (PID=725) to work on /home/airflow/.local/lib/python3.7/site-packages/airflow/example_dags/example_sla_dag.py
[2025-10-21T00:54:43.541+0000] {processor.py:826} INFO - Processing file /home/airflow/.local/lib/python3.7/site-packages/airflow/example_dags/example_sla_dag.py for tasks to queue
[2025-10-21T00:54:43.543+0000] {logging_mixin.py:149} INFO - [2025-10-21T00:54:43.543+0000] {dagbag.py:541} INFO - Filling up the DagBag from /home/airflow/.local/lib/python3.7/site-packages/airflow/example_dags/example_sla_dag.py
[2025-10-21T00:54:43.556+0000] {processor.py:836} INFO - DAG(s) dict_keys(['example_sla_dag']) retrieved from /home/airflow/.local/lib/python3.7/site-packages/airflow/example_dags/example_sla_dag.py
[2025-10-21T00:54:43.597+0000] {logging_mixin.py:149} INFO - [2025-10-21T00:54:43.597+0000] {dag.py:2726} INFO - Sync 1 DAGs
[2025-10-21T00:54:43.641+0000] {logging_mixin.py:149} INFO - [2025-10-21T00:54:43.641+0000] {dag.py:3490} INFO - Setting next_dagrun for example_sla_dag to 2025-10-21T00:52:00+00:00, run_after=2025-10-21T00:54:00+00:00
[2025-10-21T00:54:43.673+0000] {processor.py:179} INFO - Processing /home/airflow/.local/lib/python3.7/site-packages/airflow/example_dags/example_sla_dag.py took 0.140 seconds
[2025-10-21T00:55:14.358+0000] {processor.py:157} INFO - Started process (PID=791) to work on /home/airflow/.local/lib/python3.7/site-packages/airflow/example_dags/example_sla_dag.py
[2025-10-21T00:55:14.361+0000] {processor.py:826} INFO - Processing file /home/airflow/.local/lib/python3.7/site-packages/airflow/example_dags/example_sla_dag.py for tasks to queue
[2025-10-21T00:55:14.363+0000] {logging_mixin.py:149} INFO - [2025-10-21T00:55:14.363+0000] {dagbag.py:541} INFO - Filling up the DagBag from /home/airflow/.local/lib/python3.7/site-packages/airflow/example_dags/example_sla_dag.py
[2025-10-21T00:55:14.398+0000] {processor.py:836} INFO - DAG(s) dict_keys(['example_sla_dag']) retrieved from /home/airflow/.local/lib/python3.7/site-packages/airflow/example_dags/example_sla_dag.py
[2025-10-21T00:55:14.511+0000] {logging_mixin.py:149} INFO - [2025-10-21T00:55:14.511+0000] {dag.py:2726} INFO - Sync 1 DAGs
[2025-10-21T00:55:14.624+0000] {logging_mixin.py:149} INFO - [2025-10-21T00:55:14.623+0000] {dag.py:3490} INFO - Setting next_dagrun for example_sla_dag to 2025-10-21T00:52:00+00:00, run_after=2025-10-21T00:54:00+00:00
[2025-10-21T00:55:14.690+0000] {processor.py:179} INFO - Processing /home/airflow/.local/lib/python3.7/site-packages/airflow/example_dags/example_sla_dag.py took 0.342 seconds
[2025-10-21T00:55:44.912+0000] {processor.py:157} INFO - Started process (PID=857) to work on /home/airflow/.local/lib/python3.7/site-packages/airflow/example_dags/example_sla_dag.py
[2025-10-21T00:55:44.914+0000] {processor.py:826} INFO - Processing file /home/airflow/.local/lib/python3.7/site-packages/airflow/example_dags/example_sla_dag.py for tasks to queue
[2025-10-21T00:55:44.916+0000] {logging_mixin.py:149} INFO - [2025-10-21T00:55:44.916+0000] {dagbag.py:541} INFO - Filling up the DagBag from /home/airflow/.local/lib/python3.7/site-packages/airflow/example_dags/example_sla_dag.py
[2025-10-21T00:55:44.939+0000] {processor.py:836} INFO - DAG(s) dict_keys(['example_sla_dag']) retrieved from /home/airflow/.local/lib/python3.7/site-packages/airflow/example_dags/example_sla_dag.py
[2025-10-21T00:55:44.992+0000] {logging_mixin.py:149} INFO - [2025-10-21T00:55:44.992+0000] {dag.py:2726} INFO - Sync 1 DAGs
[2025-10-21T00:55:45.061+0000] {logging_mixin.py:149} INFO - [2025-10-21T00:55:45.061+0000] {dag.py:3490} INFO - Setting next_dagrun for example_sla_dag to 2025-10-21T00:52:00+00:00, run_after=2025-10-21T00:54:00+00:00
[2025-10-21T00:55:45.102+0000] {processor.py:179} INFO - Processing /home/airflow/.local/lib/python3.7/site-packages/airflow/example_dags/example_sla_dag.py took 0.198 seconds
[2025-10-21T00:56:15.659+0000] {processor.py:157} INFO - Started process (PID=923) to work on /home/airflow/.local/lib/python3.7/site-packages/airflow/example_dags/example_sla_dag.py
[2025-10-21T00:56:15.662+0000] {processor.py:826} INFO - Processing file /home/airflow/.local/lib/python3.7/site-packages/airflow/example_dags/example_sla_dag.py for tasks to queue
[2025-10-21T00:56:15.665+0000] {logging_mixin.py:149} INFO - [2025-10-21T00:56:15.664+0000] {dagbag.py:541} INFO - Filling up the DagBag from /home/airflow/.local/lib/python3.7/site-packages/airflow/example_dags/example_sla_dag.py
[2025-10-21T00:56:15.687+0000] {processor.py:836} INFO - DAG(s) dict_keys(['example_sla_dag']) retrieved from /home/airflow/.local/lib/python3.7/site-packages/airflow/example_dags/example_sla_dag.py
[2025-10-21T00:56:15.755+0000] {logging_mixin.py:149} INFO - [2025-10-21T00:56:15.755+0000] {dag.py:2726} INFO - Sync 1 DAGs
[2025-10-21T00:56:15.822+0000] {logging_mixin.py:149} INFO - [2025-10-21T00:56:15.822+0000] {dag.py:3490} INFO - Setting next_dagrun for example_sla_dag to 2025-10-21T00:54:00+00:00, run_after=2025-10-21T00:56:00+00:00
[2025-10-21T00:56:15.870+0000] {processor.py:179} INFO - Processing /home/airflow/.local/lib/python3.7/site-packages/airflow/example_dags/example_sla_dag.py took 0.221 seconds
[2025-10-21T00:56:46.243+0000] {processor.py:157} INFO - Started process (PID=990) to work on /home/airflow/.local/lib/python3.7/site-packages/airflow/example_dags/example_sla_dag.py
[2025-10-21T00:56:46.246+0000] {processor.py:826} INFO - Processing file /home/airflow/.local/lib/python3.7/site-packages/airflow/example_dags/example_sla_dag.py for tasks to queue
[2025-10-21T00:56:46.248+0000] {logging_mixin.py:149} INFO - [2025-10-21T00:56:46.248+0000] {dagbag.py:541} INFO - Filling up the DagBag from /home/airflow/.local/lib/python3.7/site-packages/airflow/example_dags/example_sla_dag.py
[2025-10-21T00:56:46.271+0000] {processor.py:836} INFO - DAG(s) dict_keys(['example_sla_dag']) retrieved from /home/airflow/.local/lib/python3.7/site-packages/airflow/example_dags/example_sla_dag.py
[2025-10-21T00:56:46.327+0000] {logging_mixin.py:149} INFO - [2025-10-21T00:56:46.326+0000] {dag.py:2726} INFO - Sync 1 DAGs
[2025-10-21T00:56:46.386+0000] {logging_mixin.py:149} INFO - [2025-10-21T00:56:46.385+0000] {dag.py:3490} INFO - Setting next_dagrun for example_sla_dag to 2025-10-21T00:54:00+00:00, run_after=2025-10-21T00:56:00+00:00
[2025-10-21T00:56:46.433+0000] {processor.py:179} INFO - Processing /home/airflow/.local/lib/python3.7/site-packages/airflow/example_dags/example_sla_dag.py took 0.197 seconds
[2025-10-21T00:57:16.951+0000] {processor.py:157} INFO - Started process (PID=1056) to work on /home/airflow/.local/lib/python3.7/site-packages/airflow/example_dags/example_sla_dag.py
[2025-10-21T00:57:16.954+0000] {processor.py:826} INFO - Processing file /home/airflow/.local/lib/python3.7/site-packages/airflow/example_dags/example_sla_dag.py for tasks to queue
[2025-10-21T00:57:16.957+0000] {logging_mixin.py:149} INFO - [2025-10-21T00:57:16.956+0000] {dagbag.py:541} INFO - Filling up the DagBag from /home/airflow/.local/lib/python3.7/site-packages/airflow/example_dags/example_sla_dag.py
[2025-10-21T00:57:16.976+0000] {processor.py:836} INFO - DAG(s) dict_keys(['example_sla_dag']) retrieved from /home/airflow/.local/lib/python3.7/site-packages/airflow/example_dags/example_sla_dag.py
[2025-10-21T00:57:17.031+0000] {logging_mixin.py:149} INFO - [2025-10-21T00:57:17.031+0000] {dag.py:2726} INFO - Sync 1 DAGs
[2025-10-21T00:57:17.138+0000] {logging_mixin.py:149} INFO - [2025-10-21T00:57:17.137+0000] {dag.py:3490} INFO - Setting next_dagrun for example_sla_dag to 2025-10-21T00:54:00+00:00, run_after=2025-10-21T00:56:00+00:00
[2025-10-21T00:57:17.193+0000] {processor.py:179} INFO - Processing /home/airflow/.local/lib/python3.7/site-packages/airflow/example_dags/example_sla_dag.py took 0.249 seconds
[2025-10-21T00:57:47.471+0000] {processor.py:157} INFO - Started process (PID=1122) to work on /home/airflow/.local/lib/python3.7/site-packages/airflow/example_dags/example_sla_dag.py
[2025-10-21T00:57:47.474+0000] {processor.py:826} INFO - Processing file /home/airflow/.local/lib/python3.7/site-packages/airflow/example_dags/example_sla_dag.py for tasks to queue
[2025-10-21T00:57:47.475+0000] {logging_mixin.py:149} INFO - [2025-10-21T00:57:47.475+0000] {dagbag.py:541} INFO - Filling up the DagBag from /home/airflow/.local/lib/python3.7/site-packages/airflow/example_dags/example_sla_dag.py
[2025-10-21T00:57:47.493+0000] {processor.py:836} INFO - DAG(s) dict_keys(['example_sla_dag']) retrieved from /home/airflow/.local/lib/python3.7/site-packages/airflow/example_dags/example_sla_dag.py
[2025-10-21T00:57:47.548+0000] {logging_mixin.py:149} INFO - [2025-10-21T00:57:47.548+0000] {dag.py:2726} INFO - Sync 1 DAGs
[2025-10-21T00:57:47.599+0000] {logging_mixin.py:149} INFO - [2025-10-21T00:57:47.599+0000] {dag.py:3490} INFO - Setting next_dagrun for example_sla_dag to 2025-10-21T00:54:00+00:00, run_after=2025-10-21T00:56:00+00:00
[2025-10-21T00:57:47.647+0000] {processor.py:179} INFO - Processing /home/airflow/.local/lib/python3.7/site-packages/airflow/example_dags/example_sla_dag.py took 0.184 seconds
[2025-10-21T00:58:17.799+0000] {processor.py:157} INFO - Started process (PID=1189) to work on /home/airflow/.local/lib/python3.7/site-packages/airflow/example_dags/example_sla_dag.py
[2025-10-21T00:58:17.802+0000] {processor.py:826} INFO - Processing file /home/airflow/.local/lib/python3.7/site-packages/airflow/example_dags/example_sla_dag.py for tasks to queue
[2025-10-21T00:58:17.804+0000] {logging_mixin.py:149} INFO - [2025-10-21T00:58:17.804+0000] {dagbag.py:541} INFO - Filling up the DagBag from /home/airflow/.local/lib/python3.7/site-packages/airflow/example_dags/example_sla_dag.py
[2025-10-21T00:58:17.825+0000] {processor.py:836} INFO - DAG(s) dict_keys(['example_sla_dag']) retrieved from /home/airflow/.local/lib/python3.7/site-packages/airflow/example_dags/example_sla_dag.py
[2025-10-21T00:58:17.881+0000] {logging_mixin.py:149} INFO - [2025-10-21T00:58:17.880+0000] {dag.py:2726} INFO - Sync 1 DAGs
[2025-10-21T00:58:17.941+0000] {logging_mixin.py:149} INFO - [2025-10-21T00:58:17.941+0000] {dag.py:3490} INFO - Setting next_dagrun for example_sla_dag to 2025-10-21T00:56:00+00:00, run_after=2025-10-21T00:58:00+00:00
[2025-10-21T00:58:17.980+0000] {processor.py:179} INFO - Processing /home/airflow/.local/lib/python3.7/site-packages/airflow/example_dags/example_sla_dag.py took 0.189 seconds
[2025-10-21T00:58:48.268+0000] {processor.py:157} INFO - Started process (PID=1256) to work on /home/airflow/.local/lib/python3.7/site-packages/airflow/example_dags/example_sla_dag.py
[2025-10-21T00:58:48.270+0000] {processor.py:826} INFO - Processing file /home/airflow/.local/lib/python3.7/site-packages/airflow/example_dags/example_sla_dag.py for tasks to queue
[2025-10-21T00:58:48.272+0000] {logging_mixin.py:149} INFO - [2025-10-21T00:58:48.271+0000] {dagbag.py:541} INFO - Filling up the DagBag from /home/airflow/.local/lib/python3.7/site-packages/airflow/example_dags/example_sla_dag.py
[2025-10-21T00:58:48.289+0000] {processor.py:836} INFO - DAG(s) dict_keys(['example_sla_dag']) retrieved from /home/airflow/.local/lib/python3.7/site-packages/airflow/example_dags/example_sla_dag.py
[2025-10-21T00:58:48.349+0000] {logging_mixin.py:149} INFO - [2025-10-21T00:58:48.349+0000] {dag.py:2726} INFO - Sync 1 DAGs
[2025-10-21T00:58:48.407+0000] {logging_mixin.py:149} INFO - [2025-10-21T00:58:48.407+0000] {dag.py:3490} INFO - Setting next_dagrun for example_sla_dag to 2025-10-21T00:56:00+00:00, run_after=2025-10-21T00:58:00+00:00
[2025-10-21T00:58:48.451+0000] {processor.py:179} INFO - Processing /home/airflow/.local/lib/python3.7/site-packages/airflow/example_dags/example_sla_dag.py took 0.191 seconds
[2025-10-21T00:59:19.450+0000] {processor.py:157} INFO - Started process (PID=1323) to work on /home/airflow/.local/lib/python3.7/site-packages/airflow/example_dags/example_sla_dag.py
[2025-10-21T00:59:19.456+0000] {processor.py:826} INFO - Processing file /home/airflow/.local/lib/python3.7/site-packages/airflow/example_dags/example_sla_dag.py for tasks to queue
[2025-10-21T00:59:19.459+0000] {logging_mixin.py:149} INFO - [2025-10-21T00:59:19.458+0000] {dagbag.py:541} INFO - Filling up the DagBag from /home/airflow/.local/lib/python3.7/site-packages/airflow/example_dags/example_sla_dag.py
[2025-10-21T00:59:19.477+0000] {processor.py:836} INFO - DAG(s) dict_keys(['example_sla_dag']) retrieved from /home/airflow/.local/lib/python3.7/site-packages/airflow/example_dags/example_sla_dag.py
[2025-10-21T00:59:19.527+0000] {logging_mixin.py:149} INFO - [2025-10-21T00:59:19.527+0000] {dag.py:2726} INFO - Sync 1 DAGs
[2025-10-21T00:59:19.577+0000] {logging_mixin.py:149} INFO - [2025-10-21T00:59:19.576+0000] {dag.py:3490} INFO - Setting next_dagrun for example_sla_dag to 2025-10-21T00:56:00+00:00, run_after=2025-10-21T00:58:00+00:00
[2025-10-21T00:59:19.622+0000] {processor.py:179} INFO - Processing /home/airflow/.local/lib/python3.7/site-packages/airflow/example_dags/example_sla_dag.py took 0.182 seconds
[2025-10-21T00:59:50.487+0000] {processor.py:157} INFO - Started process (PID=1389) to work on /home/airflow/.local/lib/python3.7/site-packages/airflow/example_dags/example_sla_dag.py
[2025-10-21T00:59:50.489+0000] {processor.py:826} INFO - Processing file /home/airflow/.local/lib/python3.7/site-packages/airflow/example_dags/example_sla_dag.py for tasks to queue
[2025-10-21T00:59:50.491+0000] {logging_mixin.py:149} INFO - [2025-10-21T00:59:50.491+0000] {dagbag.py:541} INFO - Filling up the DagBag from /home/airflow/.local/lib/python3.7/site-packages/airflow/example_dags/example_sla_dag.py
[2025-10-21T00:59:50.507+0000] {processor.py:836} INFO - DAG(s) dict_keys(['example_sla_dag']) retrieved from /home/airflow/.local/lib/python3.7/site-packages/airflow/example_dags/example_sla_dag.py
[2025-10-21T00:59:50.553+0000] {logging_mixin.py:149} INFO - [2025-10-21T00:59:50.553+0000] {dag.py:2726} INFO - Sync 1 DAGs
[2025-10-21T00:59:50.610+0000] {logging_mixin.py:149} INFO - [2025-10-21T00:59:50.610+0000] {dag.py:3490} INFO - Setting next_dagrun for example_sla_dag to 2025-10-21T00:56:00+00:00, run_after=2025-10-21T00:58:00+00:00
[2025-10-21T00:59:50.652+0000] {processor.py:179} INFO - Processing /home/airflow/.local/lib/python3.7/site-packages/airflow/example_dags/example_sla_dag.py took 0.171 seconds
[2025-10-21T01:00:21.583+0000] {processor.py:157} INFO - Started process (PID=1455) to work on /home/airflow/.local/lib/python3.7/site-packages/airflow/example_dags/example_sla_dag.py
[2025-10-21T01:00:21.586+0000] {processor.py:826} INFO - Processing file /home/airflow/.local/lib/python3.7/site-packages/airflow/example_dags/example_sla_dag.py for tasks to queue
[2025-10-21T01:00:21.588+0000] {logging_mixin.py:149} INFO - [2025-10-21T01:00:21.587+0000] {dagbag.py:541} INFO - Filling up the DagBag from /home/airflow/.local/lib/python3.7/site-packages/airflow/example_dags/example_sla_dag.py
[2025-10-21T01:00:21.608+0000] {processor.py:836} INFO - DAG(s) dict_keys(['example_sla_dag']) retrieved from /home/airflow/.local/lib/python3.7/site-packages/airflow/example_dags/example_sla_dag.py
[2025-10-21T01:00:21.654+0000] {logging_mixin.py:149} INFO - [2025-10-21T01:00:21.654+0000] {dag.py:2726} INFO - Sync 1 DAGs
[2025-10-21T01:00:21.708+0000] {logging_mixin.py:149} INFO - [2025-10-21T01:00:21.708+0000] {dag.py:3490} INFO - Setting next_dagrun for example_sla_dag to 2025-10-21T00:58:00+00:00, run_after=2025-10-21T01:00:00+00:00
[2025-10-21T01:00:21.750+0000] {processor.py:179} INFO - Processing /home/airflow/.local/lib/python3.7/site-packages/airflow/example_dags/example_sla_dag.py took 0.174 seconds
[2025-10-21T01:00:52.257+0000] {processor.py:157} INFO - Started process (PID=1521) to work on /home/airflow/.local/lib/python3.7/site-packages/airflow/example_dags/example_sla_dag.py
[2025-10-21T01:00:52.259+0000] {processor.py:826} INFO - Processing file /home/airflow/.local/lib/python3.7/site-packages/airflow/example_dags/example_sla_dag.py for tasks to queue
[2025-10-21T01:00:52.261+0000] {logging_mixin.py:149} INFO - [2025-10-21T01:00:52.261+0000] {dagbag.py:541} INFO - Filling up the DagBag from /home/airflow/.local/lib/python3.7/site-packages/airflow/example_dags/example_sla_dag.py
[2025-10-21T01:00:52.280+0000] {processor.py:836} INFO - DAG(s) dict_keys(['example_sla_dag']) retrieved from /home/airflow/.local/lib/python3.7/site-packages/airflow/example_dags/example_sla_dag.py
[2025-10-21T01:00:52.331+0000] {logging_mixin.py:149} INFO - [2025-10-21T01:00:52.330+0000] {dag.py:2726} INFO - Sync 1 DAGs
[2025-10-21T01:00:52.384+0000] {logging_mixin.py:149} INFO - [2025-10-21T01:00:52.384+0000] {dag.py:3490} INFO - Setting next_dagrun for example_sla_dag to 2025-10-21T00:58:00+00:00, run_after=2025-10-21T01:00:00+00:00
[2025-10-21T01:00:52.422+0000] {processor.py:179} INFO - Processing /home/airflow/.local/lib/python3.7/site-packages/airflow/example_dags/example_sla_dag.py took 0.171 seconds
[2025-10-21T01:01:23.109+0000] {processor.py:157} INFO - Started process (PID=1587) to work on /home/airflow/.local/lib/python3.7/site-packages/airflow/example_dags/example_sla_dag.py
[2025-10-21T01:01:23.111+0000] {processor.py:826} INFO - Processing file /home/airflow/.local/lib/python3.7/site-packages/airflow/example_dags/example_sla_dag.py for tasks to queue
[2025-10-21T01:01:23.113+0000] {logging_mixin.py:149} INFO - [2025-10-21T01:01:23.112+0000] {dagbag.py:541} INFO - Filling up the DagBag from /home/airflow/.local/lib/python3.7/site-packages/airflow/example_dags/example_sla_dag.py
[2025-10-21T01:01:23.128+0000] {processor.py:836} INFO - DAG(s) dict_keys(['example_sla_dag']) retrieved from /home/airflow/.local/lib/python3.7/site-packages/airflow/example_dags/example_sla_dag.py
[2025-10-21T01:01:23.170+0000] {logging_mixin.py:149} INFO - [2025-10-21T01:01:23.170+0000] {dag.py:2726} INFO - Sync 1 DAGs
[2025-10-21T01:01:23.220+0000] {logging_mixin.py:149} INFO - [2025-10-21T01:01:23.220+0000] {dag.py:3490} INFO - Setting next_dagrun for example_sla_dag to 2025-10-21T00:58:00+00:00, run_after=2025-10-21T01:00:00+00:00
[2025-10-21T01:01:23.261+0000] {processor.py:179} INFO - Processing /home/airflow/.local/lib/python3.7/site-packages/airflow/example_dags/example_sla_dag.py took 0.158 seconds
[2025-10-21T01:01:53.722+0000] {processor.py:157} INFO - Started process (PID=1653) to work on /home/airflow/.local/lib/python3.7/site-packages/airflow/example_dags/example_sla_dag.py
[2025-10-21T01:01:53.723+0000] {processor.py:826} INFO - Processing file /home/airflow/.local/lib/python3.7/site-packages/airflow/example_dags/example_sla_dag.py for tasks to queue
[2025-10-21T01:01:53.725+0000] {logging_mixin.py:149} INFO - [2025-10-21T01:01:53.725+0000] {dagbag.py:541} INFO - Filling up the DagBag from /home/airflow/.local/lib/python3.7/site-packages/airflow/example_dags/example_sla_dag.py
[2025-10-21T01:01:53.740+0000] {processor.py:836} INFO - DAG(s) dict_keys(['example_sla_dag']) retrieved from /home/airflow/.local/lib/python3.7/site-packages/airflow/example_dags/example_sla_dag.py
[2025-10-21T01:01:53.785+0000] {logging_mixin.py:149} INFO - [2025-10-21T01:01:53.784+0000] {dag.py:2726} INFO - Sync 1 DAGs
[2025-10-21T01:01:53.843+0000] {logging_mixin.py:149} INFO - [2025-10-21T01:01:53.843+0000] {dag.py:3490} INFO - Setting next_dagrun for example_sla_dag to 2025-10-21T00:58:00+00:00, run_after=2025-10-21T01:00:00+00:00
[2025-10-21T01:01:53.893+0000] {processor.py:179} INFO - Processing /home/airflow/.local/lib/python3.7/site-packages/airflow/example_dags/example_sla_dag.py took 0.177 seconds
[2025-10-21T01:02:24.362+0000] {processor.py:157} INFO - Started process (PID=1719) to work on /home/airflow/.local/lib/python3.7/site-packages/airflow/example_dags/example_sla_dag.py
[2025-10-21T01:02:24.364+0000] {processor.py:826} INFO - Processing file /home/airflow/.local/lib/python3.7/site-packages/airflow/example_dags/example_sla_dag.py for tasks to queue
[2025-10-21T01:02:24.367+0000] {logging_mixin.py:149} INFO - [2025-10-21T01:02:24.366+0000] {dagbag.py:541} INFO - Filling up the DagBag from /home/airflow/.local/lib/python3.7/site-packages/airflow/example_dags/example_sla_dag.py
[2025-10-21T01:02:24.382+0000] {processor.py:836} INFO - DAG(s) dict_keys(['example_sla_dag']) retrieved from /home/airflow/.local/lib/python3.7/site-packages/airflow/example_dags/example_sla_dag.py
[2025-10-21T01:02:24.440+0000] {logging_mixin.py:149} INFO - [2025-10-21T01:02:24.440+0000] {dag.py:2726} INFO - Sync 1 DAGs
[2025-10-21T01:02:24.524+0000] {logging_mixin.py:149} INFO - [2025-10-21T01:02:24.524+0000] {dag.py:3490} INFO - Setting next_dagrun for example_sla_dag to 2025-10-21T01:00:00+00:00, run_after=2025-10-21T01:02:00+00:00
[2025-10-21T01:02:24.597+0000] {processor.py:179} INFO - Processing /home/airflow/.local/lib/python3.7/site-packages/airflow/example_dags/example_sla_dag.py took 0.243 seconds
[2025-10-21T01:02:55.337+0000] {processor.py:157} INFO - Started process (PID=1785) to work on /home/airflow/.local/lib/python3.7/site-packages/airflow/example_dags/example_sla_dag.py
[2025-10-21T01:02:55.339+0000] {processor.py:826} INFO - Processing file /home/airflow/.local/lib/python3.7/site-packages/airflow/example_dags/example_sla_dag.py for tasks to queue
[2025-10-21T01:02:55.341+0000] {logging_mixin.py:149} INFO - [2025-10-21T01:02:55.341+0000] {dagbag.py:541} INFO - Filling up the DagBag from /home/airflow/.local/lib/python3.7/site-packages/airflow/example_dags/example_sla_dag.py
[2025-10-21T01:02:55.363+0000] {processor.py:836} INFO - DAG(s) dict_keys(['example_sla_dag']) retrieved from /home/airflow/.local/lib/python3.7/site-packages/airflow/example_dags/example_sla_dag.py
[2025-10-21T01:02:55.416+0000] {logging_mixin.py:149} INFO - [2025-10-21T01:02:55.415+0000] {dag.py:2726} INFO - Sync 1 DAGs
[2025-10-21T01:02:55.478+0000] {logging_mixin.py:149} INFO - [2025-10-21T01:02:55.477+0000] {dag.py:3490} INFO - Setting next_dagrun for example_sla_dag to 2025-10-21T01:00:00+00:00, run_after=2025-10-21T01:02:00+00:00
[2025-10-21T01:02:55.522+0000] {processor.py:179} INFO - Processing /home/airflow/.local/lib/python3.7/site-packages/airflow/example_dags/example_sla_dag.py took 0.193 seconds
[2025-10-21T01:03:25.954+0000] {processor.py:157} INFO - Started process (PID=1852) to work on /home/airflow/.local/lib/python3.7/site-packages/airflow/example_dags/example_sla_dag.py
[2025-10-21T01:03:25.957+0000] {processor.py:826} INFO - Processing file /home/airflow/.local/lib/python3.7/site-packages/airflow/example_dags/example_sla_dag.py for tasks to queue
[2025-10-21T01:03:25.959+0000] {logging_mixin.py:149} INFO - [2025-10-21T01:03:25.959+0000] {dagbag.py:541} INFO - Filling up the DagBag from /home/airflow/.local/lib/python3.7/site-packages/airflow/example_dags/example_sla_dag.py
[2025-10-21T01:03:25.982+0000] {processor.py:836} INFO - DAG(s) dict_keys(['example_sla_dag']) retrieved from /home/airflow/.local/lib/python3.7/site-packages/airflow/example_dags/example_sla_dag.py
[2025-10-21T01:03:26.046+0000] {logging_mixin.py:149} INFO - [2025-10-21T01:03:26.046+0000] {dag.py:2726} INFO - Sync 1 DAGs
[2025-10-21T01:03:26.113+0000] {logging_mixin.py:149} INFO - [2025-10-21T01:03:26.113+0000] {dag.py:3490} INFO - Setting next_dagrun for example_sla_dag to 2025-10-21T01:00:00+00:00, run_after=2025-10-21T01:02:00+00:00
[2025-10-21T01:03:26.164+0000] {processor.py:179} INFO - Processing /home/airflow/.local/lib/python3.7/site-packages/airflow/example_dags/example_sla_dag.py took 0.222 seconds
[2025-10-21T01:03:56.509+0000] {processor.py:157} INFO - Started process (PID=1918) to work on /home/airflow/.local/lib/python3.7/site-packages/airflow/example_dags/example_sla_dag.py
[2025-10-21T01:03:56.511+0000] {processor.py:826} INFO - Processing file /home/airflow/.local/lib/python3.7/site-packages/airflow/example_dags/example_sla_dag.py for tasks to queue
[2025-10-21T01:03:56.513+0000] {logging_mixin.py:149} INFO - [2025-10-21T01:03:56.513+0000] {dagbag.py:541} INFO - Filling up the DagBag from /home/airflow/.local/lib/python3.7/site-packages/airflow/example_dags/example_sla_dag.py
[2025-10-21T01:03:56.527+0000] {processor.py:836} INFO - DAG(s) dict_keys(['example_sla_dag']) retrieved from /home/airflow/.local/lib/python3.7/site-packages/airflow/example_dags/example_sla_dag.py
[2025-10-21T01:03:56.573+0000] {logging_mixin.py:149} INFO - [2025-10-21T01:03:56.572+0000] {dag.py:2726} INFO - Sync 1 DAGs
[2025-10-21T01:03:56.623+0000] {logging_mixin.py:149} INFO - [2025-10-21T01:03:56.622+0000] {dag.py:3490} INFO - Setting next_dagrun for example_sla_dag to 2025-10-21T01:00:00+00:00, run_after=2025-10-21T01:02:00+00:00
[2025-10-21T01:03:56.664+0000] {processor.py:179} INFO - Processing /home/airflow/.local/lib/python3.7/site-packages/airflow/example_dags/example_sla_dag.py took 0.163 seconds
[2025-10-21T01:04:27.575+0000] {processor.py:157} INFO - Started process (PID=1984) to work on /home/airflow/.local/lib/python3.7/site-packages/airflow/example_dags/example_sla_dag.py
[2025-10-21T01:04:27.582+0000] {processor.py:826} INFO - Processing file /home/airflow/.local/lib/python3.7/site-packages/airflow/example_dags/example_sla_dag.py for tasks to queue
[2025-10-21T01:04:27.584+0000] {logging_mixin.py:149} INFO - [2025-10-21T01:04:27.584+0000] {dagbag.py:541} INFO - Filling up the DagBag from /home/airflow/.local/lib/python3.7/site-packages/airflow/example_dags/example_sla_dag.py
[2025-10-21T01:04:27.602+0000] {processor.py:836} INFO - DAG(s) dict_keys(['example_sla_dag']) retrieved from /home/airflow/.local/lib/python3.7/site-packages/airflow/example_dags/example_sla_dag.py
[2025-10-21T01:04:27.650+0000] {logging_mixin.py:149} INFO - [2025-10-21T01:04:27.649+0000] {dag.py:2726} INFO - Sync 1 DAGs
[2025-10-21T01:04:27.706+0000] {logging_mixin.py:149} INFO - [2025-10-21T01:04:27.706+0000] {dag.py:3490} INFO - Setting next_dagrun for example_sla_dag to 2025-10-21T01:02:00+00:00, run_after=2025-10-21T01:04:00+00:00
[2025-10-21T01:04:27.749+0000] {processor.py:179} INFO - Processing /home/airflow/.local/lib/python3.7/site-packages/airflow/example_dags/example_sla_dag.py took 0.181 seconds
[2025-10-21T01:04:58.401+0000] {processor.py:157} INFO - Started process (PID=2050) to work on /home/airflow/.local/lib/python3.7/site-packages/airflow/example_dags/example_sla_dag.py
[2025-10-21T01:04:58.405+0000] {processor.py:826} INFO - Processing file /home/airflow/.local/lib/python3.7/site-packages/airflow/example_dags/example_sla_dag.py for tasks to queue
[2025-10-21T01:04:58.407+0000] {logging_mixin.py:149} INFO - [2025-10-21T01:04:58.407+0000] {dagbag.py:541} INFO - Filling up the DagBag from /home/airflow/.local/lib/python3.7/site-packages/airflow/example_dags/example_sla_dag.py
[2025-10-21T01:04:58.428+0000] {processor.py:836} INFO - DAG(s) dict_keys(['example_sla_dag']) retrieved from /home/airflow/.local/lib/python3.7/site-packages/airflow/example_dags/example_sla_dag.py
[2025-10-21T01:04:58.484+0000] {logging_mixin.py:149} INFO - [2025-10-21T01:04:58.484+0000] {dag.py:2726} INFO - Sync 1 DAGs
[2025-10-21T01:04:58.540+0000] {logging_mixin.py:149} INFO - [2025-10-21T01:04:58.540+0000] {dag.py:3490} INFO - Setting next_dagrun for example_sla_dag to 2025-10-21T01:02:00+00:00, run_after=2025-10-21T01:04:00+00:00
[2025-10-21T01:04:58.578+0000] {processor.py:179} INFO - Processing /home/airflow/.local/lib/python3.7/site-packages/airflow/example_dags/example_sla_dag.py took 0.186 seconds
[2025-10-21T01:05:29.296+0000] {processor.py:157} INFO - Started process (PID=2116) to work on /home/airflow/.local/lib/python3.7/site-packages/airflow/example_dags/example_sla_dag.py
[2025-10-21T01:05:29.298+0000] {processor.py:826} INFO - Processing file /home/airflow/.local/lib/python3.7/site-packages/airflow/example_dags/example_sla_dag.py for tasks to queue
[2025-10-21T01:05:29.301+0000] {logging_mixin.py:149} INFO - [2025-10-21T01:05:29.300+0000] {dagbag.py:541} INFO - Filling up the DagBag from /home/airflow/.local/lib/python3.7/site-packages/airflow/example_dags/example_sla_dag.py
[2025-10-21T01:05:29.318+0000] {processor.py:836} INFO - DAG(s) dict_keys(['example_sla_dag']) retrieved from /home/airflow/.local/lib/python3.7/site-packages/airflow/example_dags/example_sla_dag.py
[2025-10-21T01:05:29.372+0000] {logging_mixin.py:149} INFO - [2025-10-21T01:05:29.372+0000] {dag.py:2726} INFO - Sync 1 DAGs
[2025-10-21T01:05:29.448+0000] {logging_mixin.py:149} INFO - [2025-10-21T01:05:29.447+0000] {dag.py:3490} INFO - Setting next_dagrun for example_sla_dag to 2025-10-21T01:02:00+00:00, run_after=2025-10-21T01:04:00+00:00
[2025-10-21T01:05:29.535+0000] {processor.py:179} INFO - Processing /home/airflow/.local/lib/python3.7/site-packages/airflow/example_dags/example_sla_dag.py took 0.245 seconds
[2025-10-21T01:06:00.090+0000] {processor.py:157} INFO - Started process (PID=2182) to work on /home/airflow/.local/lib/python3.7/site-packages/airflow/example_dags/example_sla_dag.py
[2025-10-21T01:06:00.092+0000] {processor.py:826} INFO - Processing file /home/airflow/.local/lib/python3.7/site-packages/airflow/example_dags/example_sla_dag.py for tasks to queue
[2025-10-21T01:06:00.094+0000] {logging_mixin.py:149} INFO - [2025-10-21T01:06:00.094+0000] {dagbag.py:541} INFO - Filling up the DagBag from /home/airflow/.local/lib/python3.7/site-packages/airflow/example_dags/example_sla_dag.py
[2025-10-21T01:06:00.110+0000] {processor.py:836} INFO - DAG(s) dict_keys(['example_sla_dag']) retrieved from /home/airflow/.local/lib/python3.7/site-packages/airflow/example_dags/example_sla_dag.py
[2025-10-21T01:06:00.163+0000] {logging_mixin.py:149} INFO - [2025-10-21T01:06:00.163+0000] {dag.py:2726} INFO - Sync 1 DAGs
[2025-10-21T01:06:00.225+0000] {logging_mixin.py:149} INFO - [2025-10-21T01:06:00.225+0000] {dag.py:3490} INFO - Setting next_dagrun for example_sla_dag to 2025-10-21T01:04:00+00:00, run_after=2025-10-21T01:06:00+00:00
[2025-10-21T01:06:00.275+0000] {processor.py:179} INFO - Processing /home/airflow/.local/lib/python3.7/site-packages/airflow/example_dags/example_sla_dag.py took 0.192 seconds
[2025-10-21T01:06:30.854+0000] {processor.py:157} INFO - Started process (PID=2248) to work on /home/airflow/.local/lib/python3.7/site-packages/airflow/example_dags/example_sla_dag.py
[2025-10-21T01:06:30.856+0000] {processor.py:826} INFO - Processing file /home/airflow/.local/lib/python3.7/site-packages/airflow/example_dags/example_sla_dag.py for tasks to queue
[2025-10-21T01:06:30.858+0000] {logging_mixin.py:149} INFO - [2025-10-21T01:06:30.858+0000] {dagbag.py:541} INFO - Filling up the DagBag from /home/airflow/.local/lib/python3.7/site-packages/airflow/example_dags/example_sla_dag.py
[2025-10-21T01:06:30.872+0000] {processor.py:836} INFO - DAG(s) dict_keys(['example_sla_dag']) retrieved from /home/airflow/.local/lib/python3.7/site-packages/airflow/example_dags/example_sla_dag.py
[2025-10-21T01:06:30.920+0000] {logging_mixin.py:149} INFO - [2025-10-21T01:06:30.920+0000] {dag.py:2726} INFO - Sync 1 DAGs
[2025-10-21T01:06:30.974+0000] {logging_mixin.py:149} INFO - [2025-10-21T01:06:30.974+0000] {dag.py:3490} INFO - Setting next_dagrun for example_sla_dag to 2025-10-21T01:04:00+00:00, run_after=2025-10-21T01:06:00+00:00
[2025-10-21T01:06:31.014+0000] {processor.py:179} INFO - Processing /home/airflow/.local/lib/python3.7/site-packages/airflow/example_dags/example_sla_dag.py took 0.166 seconds
[2025-10-21T01:07:01.520+0000] {processor.py:157} INFO - Started process (PID=2315) to work on /home/airflow/.local/lib/python3.7/site-packages/airflow/example_dags/example_sla_dag.py
[2025-10-21T01:07:01.523+0000] {processor.py:826} INFO - Processing file /home/airflow/.local/lib/python3.7/site-packages/airflow/example_dags/example_sla_dag.py for tasks to queue
[2025-10-21T01:07:01.525+0000] {logging_mixin.py:149} INFO - [2025-10-21T01:07:01.524+0000] {dagbag.py:541} INFO - Filling up the DagBag from /home/airflow/.local/lib/python3.7/site-packages/airflow/example_dags/example_sla_dag.py
[2025-10-21T01:07:01.545+0000] {processor.py:836} INFO - DAG(s) dict_keys(['example_sla_dag']) retrieved from /home/airflow/.local/lib/python3.7/site-packages/airflow/example_dags/example_sla_dag.py
[2025-10-21T01:07:01.600+0000] {logging_mixin.py:149} INFO - [2025-10-21T01:07:01.600+0000] {dag.py:2726} INFO - Sync 1 DAGs
[2025-10-21T01:07:01.668+0000] {logging_mixin.py:149} INFO - [2025-10-21T01:07:01.667+0000] {dag.py:3490} INFO - Setting next_dagrun for example_sla_dag to 2025-10-21T01:04:00+00:00, run_after=2025-10-21T01:06:00+00:00
[2025-10-21T01:07:01.712+0000] {processor.py:179} INFO - Processing /home/airflow/.local/lib/python3.7/site-packages/airflow/example_dags/example_sla_dag.py took 0.198 seconds
[2025-10-21T01:07:32.227+0000] {processor.py:157} INFO - Started process (PID=2382) to work on /home/airflow/.local/lib/python3.7/site-packages/airflow/example_dags/example_sla_dag.py
[2025-10-21T01:07:32.229+0000] {processor.py:826} INFO - Processing file /home/airflow/.local/lib/python3.7/site-packages/airflow/example_dags/example_sla_dag.py for tasks to queue
[2025-10-21T01:07:32.231+0000] {logging_mixin.py:149} INFO - [2025-10-21T01:07:32.231+0000] {dagbag.py:541} INFO - Filling up the DagBag from /home/airflow/.local/lib/python3.7/site-packages/airflow/example_dags/example_sla_dag.py
[2025-10-21T01:07:32.245+0000] {processor.py:836} INFO - DAG(s) dict_keys(['example_sla_dag']) retrieved from /home/airflow/.local/lib/python3.7/site-packages/airflow/example_dags/example_sla_dag.py
[2025-10-21T01:07:32.297+0000] {logging_mixin.py:149} INFO - [2025-10-21T01:07:32.296+0000] {dag.py:2726} INFO - Sync 1 DAGs
[2025-10-21T01:07:32.351+0000] {logging_mixin.py:149} INFO - [2025-10-21T01:07:32.351+0000] {dag.py:3490} INFO - Setting next_dagrun for example_sla_dag to 2025-10-21T01:04:00+00:00, run_after=2025-10-21T01:06:00+00:00
[2025-10-21T01:07:32.392+0000] {processor.py:179} INFO - Processing /home/airflow/.local/lib/python3.7/site-packages/airflow/example_dags/example_sla_dag.py took 0.173 seconds
[2025-10-21T01:08:02.580+0000] {processor.py:157} INFO - Started process (PID=2448) to work on /home/airflow/.local/lib/python3.7/site-packages/airflow/example_dags/example_sla_dag.py
[2025-10-21T01:08:02.582+0000] {processor.py:826} INFO - Processing file /home/airflow/.local/lib/python3.7/site-packages/airflow/example_dags/example_sla_dag.py for tasks to queue
[2025-10-21T01:08:02.584+0000] {logging_mixin.py:149} INFO - [2025-10-21T01:08:02.583+0000] {dagbag.py:541} INFO - Filling up the DagBag from /home/airflow/.local/lib/python3.7/site-packages/airflow/example_dags/example_sla_dag.py
[2025-10-21T01:08:02.598+0000] {processor.py:836} INFO - DAG(s) dict_keys(['example_sla_dag']) retrieved from /home/airflow/.local/lib/python3.7/site-packages/airflow/example_dags/example_sla_dag.py
[2025-10-21T01:08:02.646+0000] {logging_mixin.py:149} INFO - [2025-10-21T01:08:02.645+0000] {dag.py:2726} INFO - Sync 1 DAGs
[2025-10-21T01:08:02.766+0000] {logging_mixin.py:149} INFO - [2025-10-21T01:08:02.765+0000] {dag.py:3490} INFO - Setting next_dagrun for example_sla_dag to 2025-10-21T01:06:00+00:00, run_after=2025-10-21T01:08:00+00:00
[2025-10-21T01:08:02.827+0000] {processor.py:179} INFO - Processing /home/airflow/.local/lib/python3.7/site-packages/airflow/example_dags/example_sla_dag.py took 0.253 seconds
[2025-10-21T01:08:33.838+0000] {processor.py:157} INFO - Started process (PID=2514) to work on /home/airflow/.local/lib/python3.7/site-packages/airflow/example_dags/example_sla_dag.py
[2025-10-21T01:08:33.840+0000] {processor.py:826} INFO - Processing file /home/airflow/.local/lib/python3.7/site-packages/airflow/example_dags/example_sla_dag.py for tasks to queue
[2025-10-21T01:08:33.842+0000] {logging_mixin.py:149} INFO - [2025-10-21T01:08:33.842+0000] {dagbag.py:541} INFO - Filling up the DagBag from /home/airflow/.local/lib/python3.7/site-packages/airflow/example_dags/example_sla_dag.py
[2025-10-21T01:08:33.856+0000] {processor.py:836} INFO - DAG(s) dict_keys(['example_sla_dag']) retrieved from /home/airflow/.local/lib/python3.7/site-packages/airflow/example_dags/example_sla_dag.py
[2025-10-21T01:08:33.903+0000] {logging_mixin.py:149} INFO - [2025-10-21T01:08:33.903+0000] {dag.py:2726} INFO - Sync 1 DAGs
[2025-10-21T01:08:33.963+0000] {logging_mixin.py:149} INFO - [2025-10-21T01:08:33.963+0000] {dag.py:3490} INFO - Setting next_dagrun for example_sla_dag to 2025-10-21T01:06:00+00:00, run_after=2025-10-21T01:08:00+00:00
[2025-10-21T01:08:34.007+0000] {processor.py:179} INFO - Processing /home/airflow/.local/lib/python3.7/site-packages/airflow/example_dags/example_sla_dag.py took 0.175 seconds
[2025-10-21T01:09:04.320+0000] {processor.py:157} INFO - Started process (PID=2579) to work on /home/airflow/.local/lib/python3.7/site-packages/airflow/example_dags/example_sla_dag.py
[2025-10-21T01:09:04.326+0000] {processor.py:826} INFO - Processing file /home/airflow/.local/lib/python3.7/site-packages/airflow/example_dags/example_sla_dag.py for tasks to queue
[2025-10-21T01:09:04.331+0000] {logging_mixin.py:149} INFO - [2025-10-21T01:09:04.330+0000] {dagbag.py:541} INFO - Filling up the DagBag from /home/airflow/.local/lib/python3.7/site-packages/airflow/example_dags/example_sla_dag.py
[2025-10-21T01:09:04.372+0000] {processor.py:836} INFO - DAG(s) dict_keys(['example_sla_dag']) retrieved from /home/airflow/.local/lib/python3.7/site-packages/airflow/example_dags/example_sla_dag.py
[2025-10-21T01:09:04.453+0000] {logging_mixin.py:149} INFO - [2025-10-21T01:09:04.452+0000] {dag.py:2726} INFO - Sync 1 DAGs
[2025-10-21T01:09:04.527+0000] {logging_mixin.py:149} INFO - [2025-10-21T01:09:04.526+0000] {dag.py:3490} INFO - Setting next_dagrun for example_sla_dag to 2025-10-21T01:06:00+00:00, run_after=2025-10-21T01:08:00+00:00
[2025-10-21T01:09:04.603+0000] {processor.py:179} INFO - Processing /home/airflow/.local/lib/python3.7/site-packages/airflow/example_dags/example_sla_dag.py took 0.298 seconds
[2025-10-21T01:09:35.444+0000] {processor.py:157} INFO - Started process (PID=2645) to work on /home/airflow/.local/lib/python3.7/site-packages/airflow/example_dags/example_sla_dag.py
[2025-10-21T01:09:35.446+0000] {processor.py:826} INFO - Processing file /home/airflow/.local/lib/python3.7/site-packages/airflow/example_dags/example_sla_dag.py for tasks to queue
[2025-10-21T01:09:35.448+0000] {logging_mixin.py:149} INFO - [2025-10-21T01:09:35.448+0000] {dagbag.py:541} INFO - Filling up the DagBag from /home/airflow/.local/lib/python3.7/site-packages/airflow/example_dags/example_sla_dag.py
[2025-10-21T01:09:35.467+0000] {processor.py:836} INFO - DAG(s) dict_keys(['example_sla_dag']) retrieved from /home/airflow/.local/lib/python3.7/site-packages/airflow/example_dags/example_sla_dag.py
[2025-10-21T01:09:35.515+0000] {logging_mixin.py:149} INFO - [2025-10-21T01:09:35.514+0000] {dag.py:2726} INFO - Sync 1 DAGs
[2025-10-21T01:09:35.568+0000] {logging_mixin.py:149} INFO - [2025-10-21T01:09:35.568+0000] {dag.py:3490} INFO - Setting next_dagrun for example_sla_dag to 2025-10-21T01:06:00+00:00, run_after=2025-10-21T01:08:00+00:00
[2025-10-21T01:09:35.611+0000] {processor.py:179} INFO - Processing /home/airflow/.local/lib/python3.7/site-packages/airflow/example_dags/example_sla_dag.py took 0.175 seconds
[2025-10-21T01:10:05.830+0000] {processor.py:157} INFO - Started process (PID=2712) to work on /home/airflow/.local/lib/python3.7/site-packages/airflow/example_dags/example_sla_dag.py
[2025-10-21T01:10:05.832+0000] {processor.py:826} INFO - Processing file /home/airflow/.local/lib/python3.7/site-packages/airflow/example_dags/example_sla_dag.py for tasks to queue
[2025-10-21T01:10:05.834+0000] {logging_mixin.py:149} INFO - [2025-10-21T01:10:05.834+0000] {dagbag.py:541} INFO - Filling up the DagBag from /home/airflow/.local/lib/python3.7/site-packages/airflow/example_dags/example_sla_dag.py
[2025-10-21T01:10:05.854+0000] {processor.py:836} INFO - DAG(s) dict_keys(['example_sla_dag']) retrieved from /home/airflow/.local/lib/python3.7/site-packages/airflow/example_dags/example_sla_dag.py
[2025-10-21T01:10:05.905+0000] {logging_mixin.py:149} INFO - [2025-10-21T01:10:05.905+0000] {dag.py:2726} INFO - Sync 1 DAGs
[2025-10-21T01:10:05.979+0000] {logging_mixin.py:149} INFO - [2025-10-21T01:10:05.978+0000] {dag.py:3490} INFO - Setting next_dagrun for example_sla_dag to 2025-10-21T01:08:00+00:00, run_after=2025-10-21T01:10:00+00:00
[2025-10-21T01:10:06.026+0000] {processor.py:179} INFO - Processing /home/airflow/.local/lib/python3.7/site-packages/airflow/example_dags/example_sla_dag.py took 0.202 seconds
[2025-10-21T01:10:36.647+0000] {processor.py:157} INFO - Started process (PID=2779) to work on /home/airflow/.local/lib/python3.7/site-packages/airflow/example_dags/example_sla_dag.py
[2025-10-21T01:10:36.650+0000] {processor.py:826} INFO - Processing file /home/airflow/.local/lib/python3.7/site-packages/airflow/example_dags/example_sla_dag.py for tasks to queue
[2025-10-21T01:10:36.652+0000] {logging_mixin.py:149} INFO - [2025-10-21T01:10:36.652+0000] {dagbag.py:541} INFO - Filling up the DagBag from /home/airflow/.local/lib/python3.7/site-packages/airflow/example_dags/example_sla_dag.py
[2025-10-21T01:10:36.671+0000] {processor.py:836} INFO - DAG(s) dict_keys(['example_sla_dag']) retrieved from /home/airflow/.local/lib/python3.7/site-packages/airflow/example_dags/example_sla_dag.py
[2025-10-21T01:10:36.724+0000] {logging_mixin.py:149} INFO - [2025-10-21T01:10:36.724+0000] {dag.py:2726} INFO - Sync 1 DAGs
[2025-10-21T01:10:36.778+0000] {logging_mixin.py:149} INFO - [2025-10-21T01:10:36.778+0000] {dag.py:3490} INFO - Setting next_dagrun for example_sla_dag to 2025-10-21T01:08:00+00:00, run_after=2025-10-21T01:10:00+00:00
[2025-10-21T01:10:36.821+0000] {processor.py:179} INFO - Processing /home/airflow/.local/lib/python3.7/site-packages/airflow/example_dags/example_sla_dag.py took 0.183 seconds
[2025-10-21T01:11:07.361+0000] {processor.py:157} INFO - Started process (PID=2845) to work on /home/airflow/.local/lib/python3.7/site-packages/airflow/example_dags/example_sla_dag.py
[2025-10-21T01:11:07.363+0000] {processor.py:826} INFO - Processing file /home/airflow/.local/lib/python3.7/site-packages/airflow/example_dags/example_sla_dag.py for tasks to queue
[2025-10-21T01:11:07.365+0000] {logging_mixin.py:149} INFO - [2025-10-21T01:11:07.364+0000] {dagbag.py:541} INFO - Filling up the DagBag from /home/airflow/.local/lib/python3.7/site-packages/airflow/example_dags/example_sla_dag.py
[2025-10-21T01:11:07.380+0000] {processor.py:836} INFO - DAG(s) dict_keys(['example_sla_dag']) retrieved from /home/airflow/.local/lib/python3.7/site-packages/airflow/example_dags/example_sla_dag.py
[2025-10-21T01:11:07.431+0000] {logging_mixin.py:149} INFO - [2025-10-21T01:11:07.431+0000] {dag.py:2726} INFO - Sync 1 DAGs
[2025-10-21T01:11:07.496+0000] {logging_mixin.py:149} INFO - [2025-10-21T01:11:07.495+0000] {dag.py:3490} INFO - Setting next_dagrun for example_sla_dag to 2025-10-21T01:08:00+00:00, run_after=2025-10-21T01:10:00+00:00
[2025-10-21T01:11:07.550+0000] {processor.py:179} INFO - Processing /home/airflow/.local/lib/python3.7/site-packages/airflow/example_dags/example_sla_dag.py took 0.196 seconds
[2025-10-21T01:11:38.027+0000] {processor.py:157} INFO - Started process (PID=2911) to work on /home/airflow/.local/lib/python3.7/site-packages/airflow/example_dags/example_sla_dag.py
[2025-10-21T01:11:38.030+0000] {processor.py:826} INFO - Processing file /home/airflow/.local/lib/python3.7/site-packages/airflow/example_dags/example_sla_dag.py for tasks to queue
[2025-10-21T01:11:38.033+0000] {logging_mixin.py:149} INFO - [2025-10-21T01:11:38.032+0000] {dagbag.py:541} INFO - Filling up the DagBag from /home/airflow/.local/lib/python3.7/site-packages/airflow/example_dags/example_sla_dag.py
[2025-10-21T01:11:38.057+0000] {processor.py:836} INFO - DAG(s) dict_keys(['example_sla_dag']) retrieved from /home/airflow/.local/lib/python3.7/site-packages/airflow/example_dags/example_sla_dag.py
[2025-10-21T01:11:38.123+0000] {logging_mixin.py:149} INFO - [2025-10-21T01:11:38.123+0000] {dag.py:2726} INFO - Sync 1 DAGs
[2025-10-21T01:11:38.202+0000] {logging_mixin.py:149} INFO - [2025-10-21T01:11:38.202+0000] {dag.py:3490} INFO - Setting next_dagrun for example_sla_dag to 2025-10-21T01:08:00+00:00, run_after=2025-10-21T01:10:00+00:00
[2025-10-21T01:11:38.260+0000] {processor.py:179} INFO - Processing /home/airflow/.local/lib/python3.7/site-packages/airflow/example_dags/example_sla_dag.py took 0.242 seconds
[2025-10-21T01:12:08.534+0000] {processor.py:157} INFO - Started process (PID=2977) to work on /home/airflow/.local/lib/python3.7/site-packages/airflow/example_dags/example_sla_dag.py
[2025-10-21T01:12:08.536+0000] {processor.py:826} INFO - Processing file /home/airflow/.local/lib/python3.7/site-packages/airflow/example_dags/example_sla_dag.py for tasks to queue
[2025-10-21T01:12:08.538+0000] {logging_mixin.py:149} INFO - [2025-10-21T01:12:08.538+0000] {dagbag.py:541} INFO - Filling up the DagBag from /home/airflow/.local/lib/python3.7/site-packages/airflow/example_dags/example_sla_dag.py
[2025-10-21T01:12:08.558+0000] {processor.py:836} INFO - DAG(s) dict_keys(['example_sla_dag']) retrieved from /home/airflow/.local/lib/python3.7/site-packages/airflow/example_dags/example_sla_dag.py
[2025-10-21T01:12:08.614+0000] {logging_mixin.py:149} INFO - [2025-10-21T01:12:08.613+0000] {dag.py:2726} INFO - Sync 1 DAGs
[2025-10-21T01:12:08.685+0000] {logging_mixin.py:149} INFO - [2025-10-21T01:12:08.685+0000] {dag.py:3490} INFO - Setting next_dagrun for example_sla_dag to 2025-10-21T01:10:00+00:00, run_after=2025-10-21T01:12:00+00:00
[2025-10-21T01:12:08.728+0000] {processor.py:179} INFO - Processing /home/airflow/.local/lib/python3.7/site-packages/airflow/example_dags/example_sla_dag.py took 0.201 seconds
[2025-10-21T01:12:38.866+0000] {processor.py:157} INFO - Started process (PID=3043) to work on /home/airflow/.local/lib/python3.7/site-packages/airflow/example_dags/example_sla_dag.py
[2025-10-21T01:12:38.869+0000] {processor.py:826} INFO - Processing file /home/airflow/.local/lib/python3.7/site-packages/airflow/example_dags/example_sla_dag.py for tasks to queue
[2025-10-21T01:12:38.871+0000] {logging_mixin.py:149} INFO - [2025-10-21T01:12:38.870+0000] {dagbag.py:541} INFO - Filling up the DagBag from /home/airflow/.local/lib/python3.7/site-packages/airflow/example_dags/example_sla_dag.py
[2025-10-21T01:12:38.886+0000] {processor.py:836} INFO - DAG(s) dict_keys(['example_sla_dag']) retrieved from /home/airflow/.local/lib/python3.7/site-packages/airflow/example_dags/example_sla_dag.py
[2025-10-21T01:12:38.936+0000] {logging_mixin.py:149} INFO - [2025-10-21T01:12:38.935+0000] {dag.py:2726} INFO - Sync 1 DAGs
[2025-10-21T01:12:38.993+0000] {logging_mixin.py:149} INFO - [2025-10-21T01:12:38.993+0000] {dag.py:3490} INFO - Setting next_dagrun for example_sla_dag to 2025-10-21T01:10:00+00:00, run_after=2025-10-21T01:12:00+00:00
[2025-10-21T01:12:39.032+0000] {processor.py:179} INFO - Processing /home/airflow/.local/lib/python3.7/site-packages/airflow/example_dags/example_sla_dag.py took 0.174 seconds
[2025-10-21T01:13:09.147+0000] {processor.py:157} INFO - Started process (PID=3109) to work on /home/airflow/.local/lib/python3.7/site-packages/airflow/example_dags/example_sla_dag.py
[2025-10-21T01:13:09.149+0000] {processor.py:826} INFO - Processing file /home/airflow/.local/lib/python3.7/site-packages/airflow/example_dags/example_sla_dag.py for tasks to queue
[2025-10-21T01:13:09.151+0000] {logging_mixin.py:149} INFO - [2025-10-21T01:13:09.151+0000] {dagbag.py:541} INFO - Filling up the DagBag from /home/airflow/.local/lib/python3.7/site-packages/airflow/example_dags/example_sla_dag.py
[2025-10-21T01:13:09.165+0000] {processor.py:836} INFO - DAG(s) dict_keys(['example_sla_dag']) retrieved from /home/airflow/.local/lib/python3.7/site-packages/airflow/example_dags/example_sla_dag.py
[2025-10-21T01:13:09.212+0000] {logging_mixin.py:149} INFO - [2025-10-21T01:13:09.212+0000] {dag.py:2726} INFO - Sync 1 DAGs
[2025-10-21T01:13:09.261+0000] {logging_mixin.py:149} INFO - [2025-10-21T01:13:09.261+0000] {dag.py:3490} INFO - Setting next_dagrun for example_sla_dag to 2025-10-21T01:10:00+00:00, run_after=2025-10-21T01:12:00+00:00
[2025-10-21T01:13:09.305+0000] {processor.py:179} INFO - Processing /home/airflow/.local/lib/python3.7/site-packages/airflow/example_dags/example_sla_dag.py took 0.164 seconds
[2025-10-21T01:13:40.451+0000] {processor.py:157} INFO - Started process (PID=3175) to work on /home/airflow/.local/lib/python3.7/site-packages/airflow/example_dags/example_sla_dag.py
[2025-10-21T01:13:40.453+0000] {processor.py:826} INFO - Processing file /home/airflow/.local/lib/python3.7/site-packages/airflow/example_dags/example_sla_dag.py for tasks to queue
[2025-10-21T01:13:40.455+0000] {logging_mixin.py:149} INFO - [2025-10-21T01:13:40.454+0000] {dagbag.py:541} INFO - Filling up the DagBag from /home/airflow/.local/lib/python3.7/site-packages/airflow/example_dags/example_sla_dag.py
[2025-10-21T01:13:40.470+0000] {processor.py:836} INFO - DAG(s) dict_keys(['example_sla_dag']) retrieved from /home/airflow/.local/lib/python3.7/site-packages/airflow/example_dags/example_sla_dag.py
[2025-10-21T01:13:40.523+0000] {logging_mixin.py:149} INFO - [2025-10-21T01:13:40.523+0000] {dag.py:2726} INFO - Sync 1 DAGs
[2025-10-21T01:13:40.579+0000] {logging_mixin.py:149} INFO - [2025-10-21T01:13:40.579+0000] {dag.py:3490} INFO - Setting next_dagrun for example_sla_dag to 2025-10-21T01:10:00+00:00, run_after=2025-10-21T01:12:00+00:00
[2025-10-21T01:13:40.620+0000] {processor.py:179} INFO - Processing /home/airflow/.local/lib/python3.7/site-packages/airflow/example_dags/example_sla_dag.py took 0.177 seconds
[2025-10-21T01:14:11.492+0000] {processor.py:157} INFO - Started process (PID=3248) to work on /home/airflow/.local/lib/python3.7/site-packages/airflow/example_dags/example_sla_dag.py
[2025-10-21T01:14:11.494+0000] {processor.py:826} INFO - Processing file /home/airflow/.local/lib/python3.7/site-packages/airflow/example_dags/example_sla_dag.py for tasks to queue
[2025-10-21T01:14:11.496+0000] {logging_mixin.py:149} INFO - [2025-10-21T01:14:11.496+0000] {dagbag.py:541} INFO - Filling up the DagBag from /home/airflow/.local/lib/python3.7/site-packages/airflow/example_dags/example_sla_dag.py
[2025-10-21T01:14:11.513+0000] {processor.py:836} INFO - DAG(s) dict_keys(['example_sla_dag']) retrieved from /home/airflow/.local/lib/python3.7/site-packages/airflow/example_dags/example_sla_dag.py
[2025-10-21T01:14:11.557+0000] {logging_mixin.py:149} INFO - [2025-10-21T01:14:11.556+0000] {dag.py:2726} INFO - Sync 1 DAGs
[2025-10-21T01:14:11.615+0000] {logging_mixin.py:149} INFO - [2025-10-21T01:14:11.615+0000] {dag.py:3490} INFO - Setting next_dagrun for example_sla_dag to 2025-10-21T01:12:00+00:00, run_after=2025-10-21T01:14:00+00:00
[2025-10-21T01:14:11.656+0000] {processor.py:179} INFO - Processing /home/airflow/.local/lib/python3.7/site-packages/airflow/example_dags/example_sla_dag.py took 0.172 seconds
[2025-10-21T01:14:42.066+0000] {processor.py:157} INFO - Started process (PID=3314) to work on /home/airflow/.local/lib/python3.7/site-packages/airflow/example_dags/example_sla_dag.py
[2025-10-21T01:14:42.068+0000] {processor.py:826} INFO - Processing file /home/airflow/.local/lib/python3.7/site-packages/airflow/example_dags/example_sla_dag.py for tasks to queue
[2025-10-21T01:14:42.071+0000] {logging_mixin.py:149} INFO - [2025-10-21T01:14:42.070+0000] {dagbag.py:541} INFO - Filling up the DagBag from /home/airflow/.local/lib/python3.7/site-packages/airflow/example_dags/example_sla_dag.py
[2025-10-21T01:14:42.087+0000] {processor.py:836} INFO - DAG(s) dict_keys(['example_sla_dag']) retrieved from /home/airflow/.local/lib/python3.7/site-packages/airflow/example_dags/example_sla_dag.py
[2025-10-21T01:14:42.143+0000] {logging_mixin.py:149} INFO - [2025-10-21T01:14:42.143+0000] {dag.py:2726} INFO - Sync 1 DAGs
[2025-10-21T01:14:42.200+0000] {logging_mixin.py:149} INFO - [2025-10-21T01:14:42.200+0000] {dag.py:3490} INFO - Setting next_dagrun for example_sla_dag to 2025-10-21T01:12:00+00:00, run_after=2025-10-21T01:14:00+00:00
[2025-10-21T01:14:42.244+0000] {processor.py:179} INFO - Processing /home/airflow/.local/lib/python3.7/site-packages/airflow/example_dags/example_sla_dag.py took 0.184 seconds
[2025-10-21T01:15:12.347+0000] {processor.py:157} INFO - Started process (PID=3371) to work on /home/airflow/.local/lib/python3.7/site-packages/airflow/example_dags/example_sla_dag.py
[2025-10-21T01:15:12.349+0000] {processor.py:826} INFO - Processing file /home/airflow/.local/lib/python3.7/site-packages/airflow/example_dags/example_sla_dag.py for tasks to queue
[2025-10-21T01:15:12.351+0000] {logging_mixin.py:149} INFO - [2025-10-21T01:15:12.351+0000] {dagbag.py:541} INFO - Filling up the DagBag from /home/airflow/.local/lib/python3.7/site-packages/airflow/example_dags/example_sla_dag.py
[2025-10-21T01:15:12.365+0000] {processor.py:836} INFO - DAG(s) dict_keys(['example_sla_dag']) retrieved from /home/airflow/.local/lib/python3.7/site-packages/airflow/example_dags/example_sla_dag.py
[2025-10-21T01:15:12.414+0000] {logging_mixin.py:149} INFO - [2025-10-21T01:15:12.414+0000] {dag.py:2726} INFO - Sync 1 DAGs
[2025-10-21T01:15:12.466+0000] {logging_mixin.py:149} INFO - [2025-10-21T01:15:12.466+0000] {dag.py:3490} INFO - Setting next_dagrun for example_sla_dag to 2025-10-21T01:12:00+00:00, run_after=2025-10-21T01:14:00+00:00
[2025-10-21T01:15:12.501+0000] {processor.py:179} INFO - Processing /home/airflow/.local/lib/python3.7/site-packages/airflow/example_dags/example_sla_dag.py took 0.160 seconds
[2025-10-21T01:15:42.642+0000] {processor.py:157} INFO - Started process (PID=3438) to work on /home/airflow/.local/lib/python3.7/site-packages/airflow/example_dags/example_sla_dag.py
[2025-10-21T01:15:42.644+0000] {processor.py:826} INFO - Processing file /home/airflow/.local/lib/python3.7/site-packages/airflow/example_dags/example_sla_dag.py for tasks to queue
[2025-10-21T01:15:42.646+0000] {logging_mixin.py:149} INFO - [2025-10-21T01:15:42.645+0000] {dagbag.py:541} INFO - Filling up the DagBag from /home/airflow/.local/lib/python3.7/site-packages/airflow/example_dags/example_sla_dag.py
[2025-10-21T01:15:42.660+0000] {processor.py:836} INFO - DAG(s) dict_keys(['example_sla_dag']) retrieved from /home/airflow/.local/lib/python3.7/site-packages/airflow/example_dags/example_sla_dag.py
[2025-10-21T01:15:42.703+0000] {logging_mixin.py:149} INFO - [2025-10-21T01:15:42.702+0000] {dag.py:2726} INFO - Sync 1 DAGs
[2025-10-21T01:15:42.747+0000] {logging_mixin.py:149} INFO - [2025-10-21T01:15:42.747+0000] {dag.py:3490} INFO - Setting next_dagrun for example_sla_dag to 2025-10-21T01:12:00+00:00, run_after=2025-10-21T01:14:00+00:00
[2025-10-21T01:15:42.784+0000] {processor.py:179} INFO - Processing /home/airflow/.local/lib/python3.7/site-packages/airflow/example_dags/example_sla_dag.py took 0.149 seconds
[2025-10-21T01:16:13.434+0000] {processor.py:157} INFO - Started process (PID=3504) to work on /home/airflow/.local/lib/python3.7/site-packages/airflow/example_dags/example_sla_dag.py
[2025-10-21T01:16:13.436+0000] {processor.py:826} INFO - Processing file /home/airflow/.local/lib/python3.7/site-packages/airflow/example_dags/example_sla_dag.py for tasks to queue
[2025-10-21T01:16:13.438+0000] {logging_mixin.py:149} INFO - [2025-10-21T01:16:13.438+0000] {dagbag.py:541} INFO - Filling up the DagBag from /home/airflow/.local/lib/python3.7/site-packages/airflow/example_dags/example_sla_dag.py
[2025-10-21T01:16:13.456+0000] {processor.py:836} INFO - DAG(s) dict_keys(['example_sla_dag']) retrieved from /home/airflow/.local/lib/python3.7/site-packages/airflow/example_dags/example_sla_dag.py
[2025-10-21T01:16:13.502+0000] {logging_mixin.py:149} INFO - [2025-10-21T01:16:13.502+0000] {dag.py:2726} INFO - Sync 1 DAGs
[2025-10-21T01:16:13.558+0000] {logging_mixin.py:149} INFO - [2025-10-21T01:16:13.558+0000] {dag.py:3490} INFO - Setting next_dagrun for example_sla_dag to 2025-10-21T01:14:00+00:00, run_after=2025-10-21T01:16:00+00:00
[2025-10-21T01:16:13.599+0000] {processor.py:179} INFO - Processing /home/airflow/.local/lib/python3.7/site-packages/airflow/example_dags/example_sla_dag.py took 0.171 seconds
[2025-10-21T01:16:43.810+0000] {processor.py:157} INFO - Started process (PID=3570) to work on /home/airflow/.local/lib/python3.7/site-packages/airflow/example_dags/example_sla_dag.py
[2025-10-21T01:16:43.812+0000] {processor.py:826} INFO - Processing file /home/airflow/.local/lib/python3.7/site-packages/airflow/example_dags/example_sla_dag.py for tasks to queue
[2025-10-21T01:16:43.814+0000] {logging_mixin.py:149} INFO - [2025-10-21T01:16:43.814+0000] {dagbag.py:541} INFO - Filling up the DagBag from /home/airflow/.local/lib/python3.7/site-packages/airflow/example_dags/example_sla_dag.py
[2025-10-21T01:16:43.830+0000] {processor.py:836} INFO - DAG(s) dict_keys(['example_sla_dag']) retrieved from /home/airflow/.local/lib/python3.7/site-packages/airflow/example_dags/example_sla_dag.py
[2025-10-21T01:16:43.888+0000] {logging_mixin.py:149} INFO - [2025-10-21T01:16:43.887+0000] {dag.py:2726} INFO - Sync 1 DAGs
[2025-10-21T01:16:43.954+0000] {logging_mixin.py:149} INFO - [2025-10-21T01:16:43.954+0000] {dag.py:3490} INFO - Setting next_dagrun for example_sla_dag to 2025-10-21T01:14:00+00:00, run_after=2025-10-21T01:16:00+00:00
[2025-10-21T01:16:43.999+0000] {processor.py:179} INFO - Processing /home/airflow/.local/lib/python3.7/site-packages/airflow/example_dags/example_sla_dag.py took 0.196 seconds
[2025-10-21T01:17:14.726+0000] {processor.py:157} INFO - Started process (PID=3636) to work on /home/airflow/.local/lib/python3.7/site-packages/airflow/example_dags/example_sla_dag.py
[2025-10-21T01:17:14.729+0000] {processor.py:826} INFO - Processing file /home/airflow/.local/lib/python3.7/site-packages/airflow/example_dags/example_sla_dag.py for tasks to queue
[2025-10-21T01:17:14.731+0000] {logging_mixin.py:149} INFO - [2025-10-21T01:17:14.731+0000] {dagbag.py:541} INFO - Filling up the DagBag from /home/airflow/.local/lib/python3.7/site-packages/airflow/example_dags/example_sla_dag.py
[2025-10-21T01:17:14.752+0000] {processor.py:836} INFO - DAG(s) dict_keys(['example_sla_dag']) retrieved from /home/airflow/.local/lib/python3.7/site-packages/airflow/example_dags/example_sla_dag.py
[2025-10-21T01:17:14.822+0000] {logging_mixin.py:149} INFO - [2025-10-21T01:17:14.822+0000] {dag.py:2726} INFO - Sync 1 DAGs
[2025-10-21T01:17:14.891+0000] {logging_mixin.py:149} INFO - [2025-10-21T01:17:14.891+0000] {dag.py:3490} INFO - Setting next_dagrun for example_sla_dag to 2025-10-21T01:14:00+00:00, run_after=2025-10-21T01:16:00+00:00
[2025-10-21T01:17:14.954+0000] {processor.py:179} INFO - Processing /home/airflow/.local/lib/python3.7/site-packages/airflow/example_dags/example_sla_dag.py took 0.238 seconds
