[2025-10-21T00:50:05.026+0000] {processor.py:157} INFO - Started process (PID=123) to work on /home/airflow/.local/lib/python3.7/site-packages/airflow/example_dags/example_sensors.py
[2025-10-21T00:50:05.028+0000] {processor.py:826} INFO - Processing file /home/airflow/.local/lib/python3.7/site-packages/airflow/example_dags/example_sensors.py for tasks to queue
[2025-10-21T00:50:05.032+0000] {logging_mixin.py:149} INFO - [2025-10-21T00:50:05.032+0000] {dagbag.py:541} INFO - Filling up the DagBag from /home/airflow/.local/lib/python3.7/site-packages/airflow/example_dags/example_sensors.py
[2025-10-21T00:50:05.284+0000] {processor.py:836} INFO - DAG(s) dict_keys(['example_sensors']) retrieved from /home/airflow/.local/lib/python3.7/site-packages/airflow/example_dags/example_sensors.py
[2025-10-21T00:50:05.336+0000] {logging_mixin.py:149} INFO - [2025-10-21T00:50:05.336+0000] {dag.py:2726} INFO - Sync 1 DAGs
[2025-10-21T00:50:05.387+0000] {logging_mixin.py:149} INFO - [2025-10-21T00:50:05.387+0000] {dag.py:3490} INFO - Setting next_dagrun for example_sensors to None, run_after=None
[2025-10-21T00:50:05.448+0000] {processor.py:179} INFO - Processing /home/airflow/.local/lib/python3.7/site-packages/airflow/example_dags/example_sensors.py took 0.427 seconds
[2025-10-21T00:50:35.762+0000] {processor.py:157} INFO - Started process (PID=189) to work on /home/airflow/.local/lib/python3.7/site-packages/airflow/example_dags/example_sensors.py
[2025-10-21T00:50:35.764+0000] {processor.py:826} INFO - Processing file /home/airflow/.local/lib/python3.7/site-packages/airflow/example_dags/example_sensors.py for tasks to queue
[2025-10-21T00:50:35.765+0000] {logging_mixin.py:149} INFO - [2025-10-21T00:50:35.765+0000] {dagbag.py:541} INFO - Filling up the DagBag from /home/airflow/.local/lib/python3.7/site-packages/airflow/example_dags/example_sensors.py
[2025-10-21T00:50:35.800+0000] {processor.py:836} INFO - DAG(s) dict_keys(['example_sensors']) retrieved from /home/airflow/.local/lib/python3.7/site-packages/airflow/example_dags/example_sensors.py
[2025-10-21T00:50:35.869+0000] {logging_mixin.py:149} INFO - [2025-10-21T00:50:35.869+0000] {dag.py:2726} INFO - Sync 1 DAGs
[2025-10-21T00:50:35.916+0000] {logging_mixin.py:149} INFO - [2025-10-21T00:50:35.915+0000] {dag.py:3490} INFO - Setting next_dagrun for example_sensors to None, run_after=None
[2025-10-21T00:50:35.975+0000] {processor.py:179} INFO - Processing /home/airflow/.local/lib/python3.7/site-packages/airflow/example_dags/example_sensors.py took 0.221 seconds
[2025-10-21T00:51:06.141+0000] {processor.py:157} INFO - Started process (PID=255) to work on /home/airflow/.local/lib/python3.7/site-packages/airflow/example_dags/example_sensors.py
[2025-10-21T00:51:06.144+0000] {processor.py:826} INFO - Processing file /home/airflow/.local/lib/python3.7/site-packages/airflow/example_dags/example_sensors.py for tasks to queue
[2025-10-21T00:51:06.146+0000] {logging_mixin.py:149} INFO - [2025-10-21T00:51:06.146+0000] {dagbag.py:541} INFO - Filling up the DagBag from /home/airflow/.local/lib/python3.7/site-packages/airflow/example_dags/example_sensors.py
[2025-10-21T00:51:06.178+0000] {processor.py:836} INFO - DAG(s) dict_keys(['example_sensors']) retrieved from /home/airflow/.local/lib/python3.7/site-packages/airflow/example_dags/example_sensors.py
[2025-10-21T00:51:06.270+0000] {logging_mixin.py:149} INFO - [2025-10-21T00:51:06.270+0000] {dag.py:2726} INFO - Sync 1 DAGs
[2025-10-21T00:51:06.348+0000] {logging_mixin.py:149} INFO - [2025-10-21T00:51:06.347+0000] {dag.py:3490} INFO - Setting next_dagrun for example_sensors to None, run_after=None
[2025-10-21T00:51:06.424+0000] {processor.py:179} INFO - Processing /home/airflow/.local/lib/python3.7/site-packages/airflow/example_dags/example_sensors.py took 0.295 seconds
[2025-10-21T00:51:37.986+0000] {processor.py:157} INFO - Started process (PID=321) to work on /home/airflow/.local/lib/python3.7/site-packages/airflow/example_dags/example_sensors.py
[2025-10-21T00:51:37.989+0000] {processor.py:826} INFO - Processing file /home/airflow/.local/lib/python3.7/site-packages/airflow/example_dags/example_sensors.py for tasks to queue
[2025-10-21T00:51:37.992+0000] {logging_mixin.py:149} INFO - [2025-10-21T00:51:37.992+0000] {dagbag.py:541} INFO - Filling up the DagBag from /home/airflow/.local/lib/python3.7/site-packages/airflow/example_dags/example_sensors.py
[2025-10-21T00:51:38.037+0000] {processor.py:836} INFO - DAG(s) dict_keys(['example_sensors']) retrieved from /home/airflow/.local/lib/python3.7/site-packages/airflow/example_dags/example_sensors.py
[2025-10-21T00:51:38.172+0000] {logging_mixin.py:149} INFO - [2025-10-21T00:51:38.171+0000] {dag.py:2726} INFO - Sync 1 DAGs
[2025-10-21T00:51:38.275+0000] {logging_mixin.py:149} INFO - [2025-10-21T00:51:38.275+0000] {dag.py:3490} INFO - Setting next_dagrun for example_sensors to None, run_after=None
[2025-10-21T00:51:38.344+0000] {processor.py:179} INFO - Processing /home/airflow/.local/lib/python3.7/site-packages/airflow/example_dags/example_sensors.py took 0.372 seconds
[2025-10-21T00:52:08.706+0000] {processor.py:157} INFO - Started process (PID=386) to work on /home/airflow/.local/lib/python3.7/site-packages/airflow/example_dags/example_sensors.py
[2025-10-21T00:52:08.709+0000] {processor.py:826} INFO - Processing file /home/airflow/.local/lib/python3.7/site-packages/airflow/example_dags/example_sensors.py for tasks to queue
[2025-10-21T00:52:08.711+0000] {logging_mixin.py:149} INFO - [2025-10-21T00:52:08.711+0000] {dagbag.py:541} INFO - Filling up the DagBag from /home/airflow/.local/lib/python3.7/site-packages/airflow/example_dags/example_sensors.py
[2025-10-21T00:52:08.748+0000] {processor.py:836} INFO - DAG(s) dict_keys(['example_sensors']) retrieved from /home/airflow/.local/lib/python3.7/site-packages/airflow/example_dags/example_sensors.py
[2025-10-21T00:52:08.853+0000] {logging_mixin.py:149} INFO - [2025-10-21T00:52:08.853+0000] {dag.py:2726} INFO - Sync 1 DAGs
[2025-10-21T00:52:08.942+0000] {logging_mixin.py:149} INFO - [2025-10-21T00:52:08.942+0000] {dag.py:3490} INFO - Setting next_dagrun for example_sensors to None, run_after=None
[2025-10-21T00:52:09.001+0000] {processor.py:179} INFO - Processing /home/airflow/.local/lib/python3.7/site-packages/airflow/example_dags/example_sensors.py took 0.305 seconds
[2025-10-21T00:52:39.701+0000] {processor.py:157} INFO - Started process (PID=452) to work on /home/airflow/.local/lib/python3.7/site-packages/airflow/example_dags/example_sensors.py
[2025-10-21T00:52:39.703+0000] {processor.py:826} INFO - Processing file /home/airflow/.local/lib/python3.7/site-packages/airflow/example_dags/example_sensors.py for tasks to queue
[2025-10-21T00:52:39.705+0000] {logging_mixin.py:149} INFO - [2025-10-21T00:52:39.705+0000] {dagbag.py:541} INFO - Filling up the DagBag from /home/airflow/.local/lib/python3.7/site-packages/airflow/example_dags/example_sensors.py
[2025-10-21T00:52:39.727+0000] {processor.py:836} INFO - DAG(s) dict_keys(['example_sensors']) retrieved from /home/airflow/.local/lib/python3.7/site-packages/airflow/example_dags/example_sensors.py
[2025-10-21T00:52:39.790+0000] {logging_mixin.py:149} INFO - [2025-10-21T00:52:39.789+0000] {dag.py:2726} INFO - Sync 1 DAGs
[2025-10-21T00:52:39.848+0000] {logging_mixin.py:149} INFO - [2025-10-21T00:52:39.847+0000] {dag.py:3490} INFO - Setting next_dagrun for example_sensors to None, run_after=None
[2025-10-21T00:52:39.897+0000] {processor.py:179} INFO - Processing /home/airflow/.local/lib/python3.7/site-packages/airflow/example_dags/example_sensors.py took 0.203 seconds
[2025-10-21T00:53:10.174+0000] {processor.py:157} INFO - Started process (PID=519) to work on /home/airflow/.local/lib/python3.7/site-packages/airflow/example_dags/example_sensors.py
[2025-10-21T00:53:10.176+0000] {processor.py:826} INFO - Processing file /home/airflow/.local/lib/python3.7/site-packages/airflow/example_dags/example_sensors.py for tasks to queue
[2025-10-21T00:53:10.178+0000] {logging_mixin.py:149} INFO - [2025-10-21T00:53:10.177+0000] {dagbag.py:541} INFO - Filling up the DagBag from /home/airflow/.local/lib/python3.7/site-packages/airflow/example_dags/example_sensors.py
[2025-10-21T00:53:10.196+0000] {processor.py:836} INFO - DAG(s) dict_keys(['example_sensors']) retrieved from /home/airflow/.local/lib/python3.7/site-packages/airflow/example_dags/example_sensors.py
[2025-10-21T00:53:10.262+0000] {logging_mixin.py:149} INFO - [2025-10-21T00:53:10.261+0000] {dag.py:2726} INFO - Sync 1 DAGs
[2025-10-21T00:53:10.343+0000] {logging_mixin.py:149} INFO - [2025-10-21T00:53:10.343+0000] {dag.py:3490} INFO - Setting next_dagrun for example_sensors to None, run_after=None
[2025-10-21T00:53:10.393+0000] {processor.py:179} INFO - Processing /home/airflow/.local/lib/python3.7/site-packages/airflow/example_dags/example_sensors.py took 0.226 seconds
[2025-10-21T00:53:40.651+0000] {processor.py:157} INFO - Started process (PID=586) to work on /home/airflow/.local/lib/python3.7/site-packages/airflow/example_dags/example_sensors.py
[2025-10-21T00:53:40.654+0000] {processor.py:826} INFO - Processing file /home/airflow/.local/lib/python3.7/site-packages/airflow/example_dags/example_sensors.py for tasks to queue
[2025-10-21T00:53:40.656+0000] {logging_mixin.py:149} INFO - [2025-10-21T00:53:40.656+0000] {dagbag.py:541} INFO - Filling up the DagBag from /home/airflow/.local/lib/python3.7/site-packages/airflow/example_dags/example_sensors.py
[2025-10-21T00:53:40.675+0000] {processor.py:836} INFO - DAG(s) dict_keys(['example_sensors']) retrieved from /home/airflow/.local/lib/python3.7/site-packages/airflow/example_dags/example_sensors.py
[2025-10-21T00:53:40.738+0000] {logging_mixin.py:149} INFO - [2025-10-21T00:53:40.738+0000] {dag.py:2726} INFO - Sync 1 DAGs
[2025-10-21T00:53:40.801+0000] {logging_mixin.py:149} INFO - [2025-10-21T00:53:40.800+0000] {dag.py:3490} INFO - Setting next_dagrun for example_sensors to None, run_after=None
[2025-10-21T00:53:40.848+0000] {processor.py:179} INFO - Processing /home/airflow/.local/lib/python3.7/site-packages/airflow/example_dags/example_sensors.py took 0.204 seconds
[2025-10-21T00:54:11.111+0000] {processor.py:157} INFO - Started process (PID=652) to work on /home/airflow/.local/lib/python3.7/site-packages/airflow/example_dags/example_sensors.py
[2025-10-21T00:54:11.114+0000] {processor.py:826} INFO - Processing file /home/airflow/.local/lib/python3.7/site-packages/airflow/example_dags/example_sensors.py for tasks to queue
[2025-10-21T00:54:11.116+0000] {logging_mixin.py:149} INFO - [2025-10-21T00:54:11.116+0000] {dagbag.py:541} INFO - Filling up the DagBag from /home/airflow/.local/lib/python3.7/site-packages/airflow/example_dags/example_sensors.py
[2025-10-21T00:54:11.136+0000] {processor.py:836} INFO - DAG(s) dict_keys(['example_sensors']) retrieved from /home/airflow/.local/lib/python3.7/site-packages/airflow/example_dags/example_sensors.py
[2025-10-21T00:54:11.190+0000] {logging_mixin.py:149} INFO - [2025-10-21T00:54:11.190+0000] {dag.py:2726} INFO - Sync 1 DAGs
[2025-10-21T00:54:11.232+0000] {logging_mixin.py:149} INFO - [2025-10-21T00:54:11.232+0000] {dag.py:3490} INFO - Setting next_dagrun for example_sensors to None, run_after=None
[2025-10-21T00:54:11.273+0000] {processor.py:179} INFO - Processing /home/airflow/.local/lib/python3.7/site-packages/airflow/example_dags/example_sensors.py took 0.168 seconds
[2025-10-21T00:54:41.618+0000] {processor.py:157} INFO - Started process (PID=718) to work on /home/airflow/.local/lib/python3.7/site-packages/airflow/example_dags/example_sensors.py
[2025-10-21T00:54:41.620+0000] {processor.py:826} INFO - Processing file /home/airflow/.local/lib/python3.7/site-packages/airflow/example_dags/example_sensors.py for tasks to queue
[2025-10-21T00:54:41.624+0000] {logging_mixin.py:149} INFO - [2025-10-21T00:54:41.624+0000] {dagbag.py:541} INFO - Filling up the DagBag from /home/airflow/.local/lib/python3.7/site-packages/airflow/example_dags/example_sensors.py
[2025-10-21T00:54:41.644+0000] {processor.py:836} INFO - DAG(s) dict_keys(['example_sensors']) retrieved from /home/airflow/.local/lib/python3.7/site-packages/airflow/example_dags/example_sensors.py
[2025-10-21T00:54:41.702+0000] {logging_mixin.py:149} INFO - [2025-10-21T00:54:41.702+0000] {dag.py:2726} INFO - Sync 1 DAGs
[2025-10-21T00:54:41.750+0000] {logging_mixin.py:149} INFO - [2025-10-21T00:54:41.750+0000] {dag.py:3490} INFO - Setting next_dagrun for example_sensors to None, run_after=None
[2025-10-21T00:54:41.792+0000] {processor.py:179} INFO - Processing /home/airflow/.local/lib/python3.7/site-packages/airflow/example_dags/example_sensors.py took 0.181 seconds
[2025-10-21T00:55:12.517+0000] {processor.py:157} INFO - Started process (PID=784) to work on /home/airflow/.local/lib/python3.7/site-packages/airflow/example_dags/example_sensors.py
[2025-10-21T00:55:12.519+0000] {processor.py:826} INFO - Processing file /home/airflow/.local/lib/python3.7/site-packages/airflow/example_dags/example_sensors.py for tasks to queue
[2025-10-21T00:55:12.520+0000] {logging_mixin.py:149} INFO - [2025-10-21T00:55:12.520+0000] {dagbag.py:541} INFO - Filling up the DagBag from /home/airflow/.local/lib/python3.7/site-packages/airflow/example_dags/example_sensors.py
[2025-10-21T00:55:12.542+0000] {processor.py:836} INFO - DAG(s) dict_keys(['example_sensors']) retrieved from /home/airflow/.local/lib/python3.7/site-packages/airflow/example_dags/example_sensors.py
[2025-10-21T00:55:12.597+0000] {logging_mixin.py:149} INFO - [2025-10-21T00:55:12.597+0000] {dag.py:2726} INFO - Sync 1 DAGs
[2025-10-21T00:55:12.655+0000] {logging_mixin.py:149} INFO - [2025-10-21T00:55:12.655+0000] {dag.py:3490} INFO - Setting next_dagrun for example_sensors to None, run_after=None
[2025-10-21T00:55:12.693+0000] {processor.py:179} INFO - Processing /home/airflow/.local/lib/python3.7/site-packages/airflow/example_dags/example_sensors.py took 0.183 seconds
[2025-10-21T00:55:43.784+0000] {processor.py:157} INFO - Started process (PID=850) to work on /home/airflow/.local/lib/python3.7/site-packages/airflow/example_dags/example_sensors.py
[2025-10-21T00:55:43.787+0000] {processor.py:826} INFO - Processing file /home/airflow/.local/lib/python3.7/site-packages/airflow/example_dags/example_sensors.py for tasks to queue
[2025-10-21T00:55:43.789+0000] {logging_mixin.py:149} INFO - [2025-10-21T00:55:43.788+0000] {dagbag.py:541} INFO - Filling up the DagBag from /home/airflow/.local/lib/python3.7/site-packages/airflow/example_dags/example_sensors.py
[2025-10-21T00:55:43.809+0000] {processor.py:836} INFO - DAG(s) dict_keys(['example_sensors']) retrieved from /home/airflow/.local/lib/python3.7/site-packages/airflow/example_dags/example_sensors.py
[2025-10-21T00:55:43.872+0000] {logging_mixin.py:149} INFO - [2025-10-21T00:55:43.872+0000] {dag.py:2726} INFO - Sync 1 DAGs
[2025-10-21T00:55:43.919+0000] {logging_mixin.py:149} INFO - [2025-10-21T00:55:43.918+0000] {dag.py:3490} INFO - Setting next_dagrun for example_sensors to None, run_after=None
[2025-10-21T00:55:43.964+0000] {processor.py:179} INFO - Processing /home/airflow/.local/lib/python3.7/site-packages/airflow/example_dags/example_sensors.py took 0.188 seconds
[2025-10-21T00:56:14.508+0000] {processor.py:157} INFO - Started process (PID=916) to work on /home/airflow/.local/lib/python3.7/site-packages/airflow/example_dags/example_sensors.py
[2025-10-21T00:56:14.512+0000] {processor.py:826} INFO - Processing file /home/airflow/.local/lib/python3.7/site-packages/airflow/example_dags/example_sensors.py for tasks to queue
[2025-10-21T00:56:14.515+0000] {logging_mixin.py:149} INFO - [2025-10-21T00:56:14.515+0000] {dagbag.py:541} INFO - Filling up the DagBag from /home/airflow/.local/lib/python3.7/site-packages/airflow/example_dags/example_sensors.py
[2025-10-21T00:56:14.572+0000] {processor.py:836} INFO - DAG(s) dict_keys(['example_sensors']) retrieved from /home/airflow/.local/lib/python3.7/site-packages/airflow/example_dags/example_sensors.py
[2025-10-21T00:56:14.675+0000] {logging_mixin.py:149} INFO - [2025-10-21T00:56:14.674+0000] {dag.py:2726} INFO - Sync 1 DAGs
[2025-10-21T00:56:14.773+0000] {logging_mixin.py:149} INFO - [2025-10-21T00:56:14.773+0000] {dag.py:3490} INFO - Setting next_dagrun for example_sensors to None, run_after=None
[2025-10-21T00:56:14.843+0000] {processor.py:179} INFO - Processing /home/airflow/.local/lib/python3.7/site-packages/airflow/example_dags/example_sensors.py took 0.346 seconds
[2025-10-21T00:56:45.300+0000] {processor.py:157} INFO - Started process (PID=983) to work on /home/airflow/.local/lib/python3.7/site-packages/airflow/example_dags/example_sensors.py
[2025-10-21T00:56:45.303+0000] {processor.py:826} INFO - Processing file /home/airflow/.local/lib/python3.7/site-packages/airflow/example_dags/example_sensors.py for tasks to queue
[2025-10-21T00:56:45.306+0000] {logging_mixin.py:149} INFO - [2025-10-21T00:56:45.305+0000] {dagbag.py:541} INFO - Filling up the DagBag from /home/airflow/.local/lib/python3.7/site-packages/airflow/example_dags/example_sensors.py
[2025-10-21T00:56:45.327+0000] {processor.py:836} INFO - DAG(s) dict_keys(['example_sensors']) retrieved from /home/airflow/.local/lib/python3.7/site-packages/airflow/example_dags/example_sensors.py
[2025-10-21T00:56:45.399+0000] {logging_mixin.py:149} INFO - [2025-10-21T00:56:45.399+0000] {dag.py:2726} INFO - Sync 1 DAGs
[2025-10-21T00:56:45.459+0000] {logging_mixin.py:149} INFO - [2025-10-21T00:56:45.459+0000] {dag.py:3490} INFO - Setting next_dagrun for example_sensors to None, run_after=None
[2025-10-21T00:56:45.503+0000] {processor.py:179} INFO - Processing /home/airflow/.local/lib/python3.7/site-packages/airflow/example_dags/example_sensors.py took 0.212 seconds
[2025-10-21T00:57:15.706+0000] {processor.py:157} INFO - Started process (PID=1049) to work on /home/airflow/.local/lib/python3.7/site-packages/airflow/example_dags/example_sensors.py
[2025-10-21T00:57:15.710+0000] {processor.py:826} INFO - Processing file /home/airflow/.local/lib/python3.7/site-packages/airflow/example_dags/example_sensors.py for tasks to queue
[2025-10-21T00:57:15.712+0000] {logging_mixin.py:149} INFO - [2025-10-21T00:57:15.712+0000] {dagbag.py:541} INFO - Filling up the DagBag from /home/airflow/.local/lib/python3.7/site-packages/airflow/example_dags/example_sensors.py
[2025-10-21T00:57:15.739+0000] {processor.py:836} INFO - DAG(s) dict_keys(['example_sensors']) retrieved from /home/airflow/.local/lib/python3.7/site-packages/airflow/example_dags/example_sensors.py
[2025-10-21T00:57:15.872+0000] {logging_mixin.py:149} INFO - [2025-10-21T00:57:15.871+0000] {dag.py:2726} INFO - Sync 1 DAGs
[2025-10-21T00:57:15.965+0000] {logging_mixin.py:149} INFO - [2025-10-21T00:57:15.964+0000] {dag.py:3490} INFO - Setting next_dagrun for example_sensors to None, run_after=None
[2025-10-21T00:57:16.013+0000] {processor.py:179} INFO - Processing /home/airflow/.local/lib/python3.7/site-packages/airflow/example_dags/example_sensors.py took 0.317 seconds
[2025-10-21T00:57:46.160+0000] {processor.py:157} INFO - Started process (PID=1115) to work on /home/airflow/.local/lib/python3.7/site-packages/airflow/example_dags/example_sensors.py
[2025-10-21T00:57:46.162+0000] {processor.py:826} INFO - Processing file /home/airflow/.local/lib/python3.7/site-packages/airflow/example_dags/example_sensors.py for tasks to queue
[2025-10-21T00:57:46.164+0000] {logging_mixin.py:149} INFO - [2025-10-21T00:57:46.163+0000] {dagbag.py:541} INFO - Filling up the DagBag from /home/airflow/.local/lib/python3.7/site-packages/airflow/example_dags/example_sensors.py
[2025-10-21T00:57:46.180+0000] {processor.py:836} INFO - DAG(s) dict_keys(['example_sensors']) retrieved from /home/airflow/.local/lib/python3.7/site-packages/airflow/example_dags/example_sensors.py
[2025-10-21T00:57:46.233+0000] {logging_mixin.py:149} INFO - [2025-10-21T00:57:46.233+0000] {dag.py:2726} INFO - Sync 1 DAGs
[2025-10-21T00:57:46.276+0000] {logging_mixin.py:149} INFO - [2025-10-21T00:57:46.276+0000] {dag.py:3490} INFO - Setting next_dagrun for example_sensors to None, run_after=None
[2025-10-21T00:57:46.323+0000] {processor.py:179} INFO - Processing /home/airflow/.local/lib/python3.7/site-packages/airflow/example_dags/example_sensors.py took 0.169 seconds
[2025-10-21T00:58:16.727+0000] {processor.py:157} INFO - Started process (PID=1182) to work on /home/airflow/.local/lib/python3.7/site-packages/airflow/example_dags/example_sensors.py
[2025-10-21T00:58:16.729+0000] {processor.py:826} INFO - Processing file /home/airflow/.local/lib/python3.7/site-packages/airflow/example_dags/example_sensors.py for tasks to queue
[2025-10-21T00:58:16.731+0000] {logging_mixin.py:149} INFO - [2025-10-21T00:58:16.731+0000] {dagbag.py:541} INFO - Filling up the DagBag from /home/airflow/.local/lib/python3.7/site-packages/airflow/example_dags/example_sensors.py
[2025-10-21T00:58:16.750+0000] {processor.py:836} INFO - DAG(s) dict_keys(['example_sensors']) retrieved from /home/airflow/.local/lib/python3.7/site-packages/airflow/example_dags/example_sensors.py
[2025-10-21T00:58:16.805+0000] {logging_mixin.py:149} INFO - [2025-10-21T00:58:16.805+0000] {dag.py:2726} INFO - Sync 1 DAGs
[2025-10-21T00:58:16.848+0000] {logging_mixin.py:149} INFO - [2025-10-21T00:58:16.847+0000] {dag.py:3490} INFO - Setting next_dagrun for example_sensors to None, run_after=None
[2025-10-21T00:58:16.886+0000] {processor.py:179} INFO - Processing /home/airflow/.local/lib/python3.7/site-packages/airflow/example_dags/example_sensors.py took 0.165 seconds
[2025-10-21T00:58:47.401+0000] {processor.py:157} INFO - Started process (PID=1249) to work on /home/airflow/.local/lib/python3.7/site-packages/airflow/example_dags/example_sensors.py
[2025-10-21T00:58:47.403+0000] {processor.py:826} INFO - Processing file /home/airflow/.local/lib/python3.7/site-packages/airflow/example_dags/example_sensors.py for tasks to queue
[2025-10-21T00:58:47.405+0000] {logging_mixin.py:149} INFO - [2025-10-21T00:58:47.405+0000] {dagbag.py:541} INFO - Filling up the DagBag from /home/airflow/.local/lib/python3.7/site-packages/airflow/example_dags/example_sensors.py
[2025-10-21T00:58:47.425+0000] {processor.py:836} INFO - DAG(s) dict_keys(['example_sensors']) retrieved from /home/airflow/.local/lib/python3.7/site-packages/airflow/example_dags/example_sensors.py
[2025-10-21T00:58:47.480+0000] {logging_mixin.py:149} INFO - [2025-10-21T00:58:47.479+0000] {dag.py:2726} INFO - Sync 1 DAGs
[2025-10-21T00:58:47.536+0000] {logging_mixin.py:149} INFO - [2025-10-21T00:58:47.535+0000] {dag.py:3490} INFO - Setting next_dagrun for example_sensors to None, run_after=None
[2025-10-21T00:58:47.578+0000] {processor.py:179} INFO - Processing /home/airflow/.local/lib/python3.7/site-packages/airflow/example_dags/example_sensors.py took 0.185 seconds
[2025-10-21T00:59:18.452+0000] {processor.py:157} INFO - Started process (PID=1316) to work on /home/airflow/.local/lib/python3.7/site-packages/airflow/example_dags/example_sensors.py
[2025-10-21T00:59:18.454+0000] {processor.py:826} INFO - Processing file /home/airflow/.local/lib/python3.7/site-packages/airflow/example_dags/example_sensors.py for tasks to queue
[2025-10-21T00:59:18.456+0000] {logging_mixin.py:149} INFO - [2025-10-21T00:59:18.455+0000] {dagbag.py:541} INFO - Filling up the DagBag from /home/airflow/.local/lib/python3.7/site-packages/airflow/example_dags/example_sensors.py
[2025-10-21T00:59:18.478+0000] {processor.py:836} INFO - DAG(s) dict_keys(['example_sensors']) retrieved from /home/airflow/.local/lib/python3.7/site-packages/airflow/example_dags/example_sensors.py
[2025-10-21T00:59:18.532+0000] {logging_mixin.py:149} INFO - [2025-10-21T00:59:18.532+0000] {dag.py:2726} INFO - Sync 1 DAGs
[2025-10-21T00:59:18.583+0000] {logging_mixin.py:149} INFO - [2025-10-21T00:59:18.583+0000] {dag.py:3490} INFO - Setting next_dagrun for example_sensors to None, run_after=None
[2025-10-21T00:59:18.625+0000] {processor.py:179} INFO - Processing /home/airflow/.local/lib/python3.7/site-packages/airflow/example_dags/example_sensors.py took 0.179 seconds
[2025-10-21T00:59:49.199+0000] {processor.py:157} INFO - Started process (PID=1382) to work on /home/airflow/.local/lib/python3.7/site-packages/airflow/example_dags/example_sensors.py
[2025-10-21T00:59:49.202+0000] {processor.py:826} INFO - Processing file /home/airflow/.local/lib/python3.7/site-packages/airflow/example_dags/example_sensors.py for tasks to queue
[2025-10-21T00:59:49.204+0000] {logging_mixin.py:149} INFO - [2025-10-21T00:59:49.204+0000] {dagbag.py:541} INFO - Filling up the DagBag from /home/airflow/.local/lib/python3.7/site-packages/airflow/example_dags/example_sensors.py
[2025-10-21T00:59:49.224+0000] {processor.py:836} INFO - DAG(s) dict_keys(['example_sensors']) retrieved from /home/airflow/.local/lib/python3.7/site-packages/airflow/example_dags/example_sensors.py
[2025-10-21T00:59:49.287+0000] {logging_mixin.py:149} INFO - [2025-10-21T00:59:49.287+0000] {dag.py:2726} INFO - Sync 1 DAGs
[2025-10-21T00:59:49.350+0000] {logging_mixin.py:149} INFO - [2025-10-21T00:59:49.350+0000] {dag.py:3490} INFO - Setting next_dagrun for example_sensors to None, run_after=None
[2025-10-21T00:59:49.394+0000] {processor.py:179} INFO - Processing /home/airflow/.local/lib/python3.7/site-packages/airflow/example_dags/example_sensors.py took 0.203 seconds
[2025-10-21T01:00:19.669+0000] {processor.py:157} INFO - Started process (PID=1448) to work on /home/airflow/.local/lib/python3.7/site-packages/airflow/example_dags/example_sensors.py
[2025-10-21T01:00:19.671+0000] {processor.py:826} INFO - Processing file /home/airflow/.local/lib/python3.7/site-packages/airflow/example_dags/example_sensors.py for tasks to queue
[2025-10-21T01:00:19.673+0000] {logging_mixin.py:149} INFO - [2025-10-21T01:00:19.673+0000] {dagbag.py:541} INFO - Filling up the DagBag from /home/airflow/.local/lib/python3.7/site-packages/airflow/example_dags/example_sensors.py
[2025-10-21T01:00:19.694+0000] {processor.py:836} INFO - DAG(s) dict_keys(['example_sensors']) retrieved from /home/airflow/.local/lib/python3.7/site-packages/airflow/example_dags/example_sensors.py
[2025-10-21T01:00:19.750+0000] {logging_mixin.py:149} INFO - [2025-10-21T01:00:19.750+0000] {dag.py:2726} INFO - Sync 1 DAGs
[2025-10-21T01:00:19.795+0000] {logging_mixin.py:149} INFO - [2025-10-21T01:00:19.795+0000] {dag.py:3490} INFO - Setting next_dagrun for example_sensors to None, run_after=None
[2025-10-21T01:00:19.845+0000] {processor.py:179} INFO - Processing /home/airflow/.local/lib/python3.7/site-packages/airflow/example_dags/example_sensors.py took 0.185 seconds
[2025-10-21T01:00:50.223+0000] {processor.py:157} INFO - Started process (PID=1514) to work on /home/airflow/.local/lib/python3.7/site-packages/airflow/example_dags/example_sensors.py
[2025-10-21T01:00:50.225+0000] {processor.py:826} INFO - Processing file /home/airflow/.local/lib/python3.7/site-packages/airflow/example_dags/example_sensors.py for tasks to queue
[2025-10-21T01:00:50.227+0000] {logging_mixin.py:149} INFO - [2025-10-21T01:00:50.227+0000] {dagbag.py:541} INFO - Filling up the DagBag from /home/airflow/.local/lib/python3.7/site-packages/airflow/example_dags/example_sensors.py
[2025-10-21T01:00:50.250+0000] {processor.py:836} INFO - DAG(s) dict_keys(['example_sensors']) retrieved from /home/airflow/.local/lib/python3.7/site-packages/airflow/example_dags/example_sensors.py
[2025-10-21T01:00:50.305+0000] {logging_mixin.py:149} INFO - [2025-10-21T01:00:50.305+0000] {dag.py:2726} INFO - Sync 1 DAGs
[2025-10-21T01:00:50.370+0000] {logging_mixin.py:149} INFO - [2025-10-21T01:00:50.370+0000] {dag.py:3490} INFO - Setting next_dagrun for example_sensors to None, run_after=None
[2025-10-21T01:00:50.426+0000] {processor.py:179} INFO - Processing /home/airflow/.local/lib/python3.7/site-packages/airflow/example_dags/example_sensors.py took 0.209 seconds
[2025-10-21T01:01:21.199+0000] {processor.py:157} INFO - Started process (PID=1580) to work on /home/airflow/.local/lib/python3.7/site-packages/airflow/example_dags/example_sensors.py
[2025-10-21T01:01:21.202+0000] {processor.py:826} INFO - Processing file /home/airflow/.local/lib/python3.7/site-packages/airflow/example_dags/example_sensors.py for tasks to queue
[2025-10-21T01:01:21.204+0000] {logging_mixin.py:149} INFO - [2025-10-21T01:01:21.203+0000] {dagbag.py:541} INFO - Filling up the DagBag from /home/airflow/.local/lib/python3.7/site-packages/airflow/example_dags/example_sensors.py
[2025-10-21T01:01:21.222+0000] {processor.py:836} INFO - DAG(s) dict_keys(['example_sensors']) retrieved from /home/airflow/.local/lib/python3.7/site-packages/airflow/example_dags/example_sensors.py
[2025-10-21T01:01:21.280+0000] {logging_mixin.py:149} INFO - [2025-10-21T01:01:21.280+0000] {dag.py:2726} INFO - Sync 1 DAGs
[2025-10-21T01:01:21.341+0000] {logging_mixin.py:149} INFO - [2025-10-21T01:01:21.341+0000] {dag.py:3490} INFO - Setting next_dagrun for example_sensors to None, run_after=None
[2025-10-21T01:01:21.389+0000] {processor.py:179} INFO - Processing /home/airflow/.local/lib/python3.7/site-packages/airflow/example_dags/example_sensors.py took 0.197 seconds
[2025-10-21T01:01:52.837+0000] {processor.py:157} INFO - Started process (PID=1646) to work on /home/airflow/.local/lib/python3.7/site-packages/airflow/example_dags/example_sensors.py
[2025-10-21T01:01:52.839+0000] {processor.py:826} INFO - Processing file /home/airflow/.local/lib/python3.7/site-packages/airflow/example_dags/example_sensors.py for tasks to queue
[2025-10-21T01:01:52.842+0000] {logging_mixin.py:149} INFO - [2025-10-21T01:01:52.842+0000] {dagbag.py:541} INFO - Filling up the DagBag from /home/airflow/.local/lib/python3.7/site-packages/airflow/example_dags/example_sensors.py
[2025-10-21T01:01:52.861+0000] {processor.py:836} INFO - DAG(s) dict_keys(['example_sensors']) retrieved from /home/airflow/.local/lib/python3.7/site-packages/airflow/example_dags/example_sensors.py
[2025-10-21T01:01:52.931+0000] {logging_mixin.py:149} INFO - [2025-10-21T01:01:52.931+0000] {dag.py:2726} INFO - Sync 1 DAGs
[2025-10-21T01:01:52.991+0000] {logging_mixin.py:149} INFO - [2025-10-21T01:01:52.991+0000] {dag.py:3490} INFO - Setting next_dagrun for example_sensors to None, run_after=None
[2025-10-21T01:01:53.036+0000] {processor.py:179} INFO - Processing /home/airflow/.local/lib/python3.7/site-packages/airflow/example_dags/example_sensors.py took 0.207 seconds
[2025-10-21T01:02:23.552+0000] {processor.py:157} INFO - Started process (PID=1712) to work on /home/airflow/.local/lib/python3.7/site-packages/airflow/example_dags/example_sensors.py
[2025-10-21T01:02:23.556+0000] {processor.py:826} INFO - Processing file /home/airflow/.local/lib/python3.7/site-packages/airflow/example_dags/example_sensors.py for tasks to queue
[2025-10-21T01:02:23.558+0000] {logging_mixin.py:149} INFO - [2025-10-21T01:02:23.558+0000] {dagbag.py:541} INFO - Filling up the DagBag from /home/airflow/.local/lib/python3.7/site-packages/airflow/example_dags/example_sensors.py
[2025-10-21T01:02:23.576+0000] {processor.py:836} INFO - DAG(s) dict_keys(['example_sensors']) retrieved from /home/airflow/.local/lib/python3.7/site-packages/airflow/example_dags/example_sensors.py
[2025-10-21T01:02:23.636+0000] {logging_mixin.py:149} INFO - [2025-10-21T01:02:23.636+0000] {dag.py:2726} INFO - Sync 1 DAGs
[2025-10-21T01:02:23.683+0000] {logging_mixin.py:149} INFO - [2025-10-21T01:02:23.682+0000] {dag.py:3490} INFO - Setting next_dagrun for example_sensors to None, run_after=None
[2025-10-21T01:02:23.724+0000] {processor.py:179} INFO - Processing /home/airflow/.local/lib/python3.7/site-packages/airflow/example_dags/example_sensors.py took 0.180 seconds
[2025-10-21T01:02:54.267+0000] {processor.py:157} INFO - Started process (PID=1778) to work on /home/airflow/.local/lib/python3.7/site-packages/airflow/example_dags/example_sensors.py
[2025-10-21T01:02:54.270+0000] {processor.py:826} INFO - Processing file /home/airflow/.local/lib/python3.7/site-packages/airflow/example_dags/example_sensors.py for tasks to queue
[2025-10-21T01:02:54.272+0000] {logging_mixin.py:149} INFO - [2025-10-21T01:02:54.272+0000] {dagbag.py:541} INFO - Filling up the DagBag from /home/airflow/.local/lib/python3.7/site-packages/airflow/example_dags/example_sensors.py
[2025-10-21T01:02:54.296+0000] {processor.py:836} INFO - DAG(s) dict_keys(['example_sensors']) retrieved from /home/airflow/.local/lib/python3.7/site-packages/airflow/example_dags/example_sensors.py
[2025-10-21T01:02:54.365+0000] {logging_mixin.py:149} INFO - [2025-10-21T01:02:54.364+0000] {dag.py:2726} INFO - Sync 1 DAGs
[2025-10-21T01:02:54.424+0000] {logging_mixin.py:149} INFO - [2025-10-21T01:02:54.424+0000] {dag.py:3490} INFO - Setting next_dagrun for example_sensors to None, run_after=None
[2025-10-21T01:02:54.477+0000] {processor.py:179} INFO - Processing /home/airflow/.local/lib/python3.7/site-packages/airflow/example_dags/example_sensors.py took 0.219 seconds
[2025-10-21T01:03:24.759+0000] {processor.py:157} INFO - Started process (PID=1845) to work on /home/airflow/.local/lib/python3.7/site-packages/airflow/example_dags/example_sensors.py
[2025-10-21T01:03:24.761+0000] {processor.py:826} INFO - Processing file /home/airflow/.local/lib/python3.7/site-packages/airflow/example_dags/example_sensors.py for tasks to queue
[2025-10-21T01:03:24.763+0000] {logging_mixin.py:149} INFO - [2025-10-21T01:03:24.763+0000] {dagbag.py:541} INFO - Filling up the DagBag from /home/airflow/.local/lib/python3.7/site-packages/airflow/example_dags/example_sensors.py
[2025-10-21T01:03:24.783+0000] {processor.py:836} INFO - DAG(s) dict_keys(['example_sensors']) retrieved from /home/airflow/.local/lib/python3.7/site-packages/airflow/example_dags/example_sensors.py
[2025-10-21T01:03:24.877+0000] {logging_mixin.py:149} INFO - [2025-10-21T01:03:24.876+0000] {dag.py:2726} INFO - Sync 1 DAGs
[2025-10-21T01:03:25.007+0000] {logging_mixin.py:149} INFO - [2025-10-21T01:03:25.006+0000] {dag.py:3490} INFO - Setting next_dagrun for example_sensors to None, run_after=None
[2025-10-21T01:03:25.083+0000] {processor.py:179} INFO - Processing /home/airflow/.local/lib/python3.7/site-packages/airflow/example_dags/example_sensors.py took 0.331 seconds
[2025-10-21T01:03:55.218+0000] {processor.py:157} INFO - Started process (PID=1910) to work on /home/airflow/.local/lib/python3.7/site-packages/airflow/example_dags/example_sensors.py
[2025-10-21T01:03:55.221+0000] {processor.py:826} INFO - Processing file /home/airflow/.local/lib/python3.7/site-packages/airflow/example_dags/example_sensors.py for tasks to queue
[2025-10-21T01:03:55.222+0000] {logging_mixin.py:149} INFO - [2025-10-21T01:03:55.222+0000] {dagbag.py:541} INFO - Filling up the DagBag from /home/airflow/.local/lib/python3.7/site-packages/airflow/example_dags/example_sensors.py
[2025-10-21T01:03:55.244+0000] {processor.py:836} INFO - DAG(s) dict_keys(['example_sensors']) retrieved from /home/airflow/.local/lib/python3.7/site-packages/airflow/example_dags/example_sensors.py
[2025-10-21T01:03:55.304+0000] {logging_mixin.py:149} INFO - [2025-10-21T01:03:55.304+0000] {dag.py:2726} INFO - Sync 1 DAGs
[2025-10-21T01:03:55.346+0000] {logging_mixin.py:149} INFO - [2025-10-21T01:03:55.345+0000] {dag.py:3490} INFO - Setting next_dagrun for example_sensors to None, run_after=None
[2025-10-21T01:03:55.383+0000] {processor.py:179} INFO - Processing /home/airflow/.local/lib/python3.7/site-packages/airflow/example_dags/example_sensors.py took 0.171 seconds
[2025-10-21T01:04:25.481+0000] {processor.py:157} INFO - Started process (PID=1976) to work on /home/airflow/.local/lib/python3.7/site-packages/airflow/example_dags/example_sensors.py
[2025-10-21T01:04:25.483+0000] {processor.py:826} INFO - Processing file /home/airflow/.local/lib/python3.7/site-packages/airflow/example_dags/example_sensors.py for tasks to queue
[2025-10-21T01:04:25.485+0000] {logging_mixin.py:149} INFO - [2025-10-21T01:04:25.484+0000] {dagbag.py:541} INFO - Filling up the DagBag from /home/airflow/.local/lib/python3.7/site-packages/airflow/example_dags/example_sensors.py
[2025-10-21T01:04:25.502+0000] {processor.py:836} INFO - DAG(s) dict_keys(['example_sensors']) retrieved from /home/airflow/.local/lib/python3.7/site-packages/airflow/example_dags/example_sensors.py
[2025-10-21T01:04:25.556+0000] {logging_mixin.py:149} INFO - [2025-10-21T01:04:25.555+0000] {dag.py:2726} INFO - Sync 1 DAGs
[2025-10-21T01:04:25.605+0000] {logging_mixin.py:149} INFO - [2025-10-21T01:04:25.605+0000] {dag.py:3490} INFO - Setting next_dagrun for example_sensors to None, run_after=None
[2025-10-21T01:04:25.642+0000] {processor.py:179} INFO - Processing /home/airflow/.local/lib/python3.7/site-packages/airflow/example_dags/example_sensors.py took 0.166 seconds
[2025-10-21T01:04:56.180+0000] {processor.py:157} INFO - Started process (PID=2042) to work on /home/airflow/.local/lib/python3.7/site-packages/airflow/example_dags/example_sensors.py
[2025-10-21T01:04:56.182+0000] {processor.py:826} INFO - Processing file /home/airflow/.local/lib/python3.7/site-packages/airflow/example_dags/example_sensors.py for tasks to queue
[2025-10-21T01:04:56.184+0000] {logging_mixin.py:149} INFO - [2025-10-21T01:04:56.184+0000] {dagbag.py:541} INFO - Filling up the DagBag from /home/airflow/.local/lib/python3.7/site-packages/airflow/example_dags/example_sensors.py
[2025-10-21T01:04:56.200+0000] {processor.py:836} INFO - DAG(s) dict_keys(['example_sensors']) retrieved from /home/airflow/.local/lib/python3.7/site-packages/airflow/example_dags/example_sensors.py
[2025-10-21T01:04:56.254+0000] {logging_mixin.py:149} INFO - [2025-10-21T01:04:56.254+0000] {dag.py:2726} INFO - Sync 1 DAGs
[2025-10-21T01:04:56.307+0000] {logging_mixin.py:149} INFO - [2025-10-21T01:04:56.307+0000] {dag.py:3490} INFO - Setting next_dagrun for example_sensors to None, run_after=None
[2025-10-21T01:04:56.347+0000] {processor.py:179} INFO - Processing /home/airflow/.local/lib/python3.7/site-packages/airflow/example_dags/example_sensors.py took 0.173 seconds
[2025-10-21T01:05:26.817+0000] {processor.py:157} INFO - Started process (PID=2108) to work on /home/airflow/.local/lib/python3.7/site-packages/airflow/example_dags/example_sensors.py
[2025-10-21T01:05:26.819+0000] {processor.py:826} INFO - Processing file /home/airflow/.local/lib/python3.7/site-packages/airflow/example_dags/example_sensors.py for tasks to queue
[2025-10-21T01:05:26.822+0000] {logging_mixin.py:149} INFO - [2025-10-21T01:05:26.821+0000] {dagbag.py:541} INFO - Filling up the DagBag from /home/airflow/.local/lib/python3.7/site-packages/airflow/example_dags/example_sensors.py
[2025-10-21T01:05:26.841+0000] {processor.py:836} INFO - DAG(s) dict_keys(['example_sensors']) retrieved from /home/airflow/.local/lib/python3.7/site-packages/airflow/example_dags/example_sensors.py
[2025-10-21T01:05:26.918+0000] {logging_mixin.py:149} INFO - [2025-10-21T01:05:26.918+0000] {dag.py:2726} INFO - Sync 1 DAGs
[2025-10-21T01:05:26.973+0000] {logging_mixin.py:149} INFO - [2025-10-21T01:05:26.973+0000] {dag.py:3490} INFO - Setting next_dagrun for example_sensors to None, run_after=None
[2025-10-21T01:05:27.013+0000] {processor.py:179} INFO - Processing /home/airflow/.local/lib/python3.7/site-packages/airflow/example_dags/example_sensors.py took 0.203 seconds
[2025-10-21T01:05:57.854+0000] {processor.py:157} INFO - Started process (PID=2174) to work on /home/airflow/.local/lib/python3.7/site-packages/airflow/example_dags/example_sensors.py
[2025-10-21T01:05:57.857+0000] {processor.py:826} INFO - Processing file /home/airflow/.local/lib/python3.7/site-packages/airflow/example_dags/example_sensors.py for tasks to queue
[2025-10-21T01:05:57.859+0000] {logging_mixin.py:149} INFO - [2025-10-21T01:05:57.858+0000] {dagbag.py:541} INFO - Filling up the DagBag from /home/airflow/.local/lib/python3.7/site-packages/airflow/example_dags/example_sensors.py
[2025-10-21T01:05:57.885+0000] {processor.py:836} INFO - DAG(s) dict_keys(['example_sensors']) retrieved from /home/airflow/.local/lib/python3.7/site-packages/airflow/example_dags/example_sensors.py
[2025-10-21T01:05:57.946+0000] {logging_mixin.py:149} INFO - [2025-10-21T01:05:57.946+0000] {dag.py:2726} INFO - Sync 1 DAGs
[2025-10-21T01:05:57.997+0000] {logging_mixin.py:149} INFO - [2025-10-21T01:05:57.997+0000] {dag.py:3490} INFO - Setting next_dagrun for example_sensors to None, run_after=None
[2025-10-21T01:05:58.040+0000] {processor.py:179} INFO - Processing /home/airflow/.local/lib/python3.7/site-packages/airflow/example_dags/example_sensors.py took 0.195 seconds
[2025-10-21T01:06:28.293+0000] {processor.py:157} INFO - Started process (PID=2240) to work on /home/airflow/.local/lib/python3.7/site-packages/airflow/example_dags/example_sensors.py
[2025-10-21T01:06:28.295+0000] {processor.py:826} INFO - Processing file /home/airflow/.local/lib/python3.7/site-packages/airflow/example_dags/example_sensors.py for tasks to queue
[2025-10-21T01:06:28.298+0000] {logging_mixin.py:149} INFO - [2025-10-21T01:06:28.297+0000] {dagbag.py:541} INFO - Filling up the DagBag from /home/airflow/.local/lib/python3.7/site-packages/airflow/example_dags/example_sensors.py
[2025-10-21T01:06:28.321+0000] {processor.py:836} INFO - DAG(s) dict_keys(['example_sensors']) retrieved from /home/airflow/.local/lib/python3.7/site-packages/airflow/example_dags/example_sensors.py
[2025-10-21T01:06:28.389+0000] {logging_mixin.py:149} INFO - [2025-10-21T01:06:28.388+0000] {dag.py:2726} INFO - Sync 1 DAGs
[2025-10-21T01:06:28.450+0000] {logging_mixin.py:149} INFO - [2025-10-21T01:06:28.450+0000] {dag.py:3490} INFO - Setting next_dagrun for example_sensors to None, run_after=None
[2025-10-21T01:06:28.494+0000] {processor.py:179} INFO - Processing /home/airflow/.local/lib/python3.7/site-packages/airflow/example_dags/example_sensors.py took 0.209 seconds
[2025-10-21T01:06:59.135+0000] {processor.py:157} INFO - Started process (PID=2307) to work on /home/airflow/.local/lib/python3.7/site-packages/airflow/example_dags/example_sensors.py
[2025-10-21T01:06:59.138+0000] {processor.py:826} INFO - Processing file /home/airflow/.local/lib/python3.7/site-packages/airflow/example_dags/example_sensors.py for tasks to queue
[2025-10-21T01:06:59.140+0000] {logging_mixin.py:149} INFO - [2025-10-21T01:06:59.140+0000] {dagbag.py:541} INFO - Filling up the DagBag from /home/airflow/.local/lib/python3.7/site-packages/airflow/example_dags/example_sensors.py
[2025-10-21T01:06:59.163+0000] {processor.py:836} INFO - DAG(s) dict_keys(['example_sensors']) retrieved from /home/airflow/.local/lib/python3.7/site-packages/airflow/example_dags/example_sensors.py
[2025-10-21T01:06:59.233+0000] {logging_mixin.py:149} INFO - [2025-10-21T01:06:59.232+0000] {dag.py:2726} INFO - Sync 1 DAGs
[2025-10-21T01:06:59.298+0000] {logging_mixin.py:149} INFO - [2025-10-21T01:06:59.298+0000] {dag.py:3490} INFO - Setting next_dagrun for example_sensors to None, run_after=None
[2025-10-21T01:06:59.356+0000] {processor.py:179} INFO - Processing /home/airflow/.local/lib/python3.7/site-packages/airflow/example_dags/example_sensors.py took 0.228 seconds
[2025-10-21T01:07:29.965+0000] {processor.py:157} INFO - Started process (PID=2374) to work on /home/airflow/.local/lib/python3.7/site-packages/airflow/example_dags/example_sensors.py
[2025-10-21T01:07:29.969+0000] {processor.py:826} INFO - Processing file /home/airflow/.local/lib/python3.7/site-packages/airflow/example_dags/example_sensors.py for tasks to queue
[2025-10-21T01:07:29.973+0000] {logging_mixin.py:149} INFO - [2025-10-21T01:07:29.973+0000] {dagbag.py:541} INFO - Filling up the DagBag from /home/airflow/.local/lib/python3.7/site-packages/airflow/example_dags/example_sensors.py
[2025-10-21T01:07:30.000+0000] {processor.py:836} INFO - DAG(s) dict_keys(['example_sensors']) retrieved from /home/airflow/.local/lib/python3.7/site-packages/airflow/example_dags/example_sensors.py
[2025-10-21T01:07:30.074+0000] {logging_mixin.py:149} INFO - [2025-10-21T01:07:30.074+0000] {dag.py:2726} INFO - Sync 1 DAGs
[2025-10-21T01:07:30.133+0000] {logging_mixin.py:149} INFO - [2025-10-21T01:07:30.132+0000] {dag.py:3490} INFO - Setting next_dagrun for example_sensors to None, run_after=None
[2025-10-21T01:07:30.171+0000] {processor.py:179} INFO - Processing /home/airflow/.local/lib/python3.7/site-packages/airflow/example_dags/example_sensors.py took 0.212 seconds
[2025-10-21T01:08:00.292+0000] {processor.py:157} INFO - Started process (PID=2440) to work on /home/airflow/.local/lib/python3.7/site-packages/airflow/example_dags/example_sensors.py
[2025-10-21T01:08:00.295+0000] {processor.py:826} INFO - Processing file /home/airflow/.local/lib/python3.7/site-packages/airflow/example_dags/example_sensors.py for tasks to queue
[2025-10-21T01:08:00.297+0000] {logging_mixin.py:149} INFO - [2025-10-21T01:08:00.297+0000] {dagbag.py:541} INFO - Filling up the DagBag from /home/airflow/.local/lib/python3.7/site-packages/airflow/example_dags/example_sensors.py
[2025-10-21T01:08:00.317+0000] {processor.py:836} INFO - DAG(s) dict_keys(['example_sensors']) retrieved from /home/airflow/.local/lib/python3.7/site-packages/airflow/example_dags/example_sensors.py
[2025-10-21T01:08:00.401+0000] {logging_mixin.py:149} INFO - [2025-10-21T01:08:00.401+0000] {dag.py:2726} INFO - Sync 1 DAGs
[2025-10-21T01:08:00.458+0000] {logging_mixin.py:149} INFO - [2025-10-21T01:08:00.458+0000] {dag.py:3490} INFO - Setting next_dagrun for example_sensors to None, run_after=None
[2025-10-21T01:08:00.504+0000] {processor.py:179} INFO - Processing /home/airflow/.local/lib/python3.7/site-packages/airflow/example_dags/example_sensors.py took 0.221 seconds
[2025-10-21T01:08:31.052+0000] {processor.py:157} INFO - Started process (PID=2506) to work on /home/airflow/.local/lib/python3.7/site-packages/airflow/example_dags/example_sensors.py
[2025-10-21T01:08:31.054+0000] {processor.py:826} INFO - Processing file /home/airflow/.local/lib/python3.7/site-packages/airflow/example_dags/example_sensors.py for tasks to queue
[2025-10-21T01:08:31.056+0000] {logging_mixin.py:149} INFO - [2025-10-21T01:08:31.056+0000] {dagbag.py:541} INFO - Filling up the DagBag from /home/airflow/.local/lib/python3.7/site-packages/airflow/example_dags/example_sensors.py
[2025-10-21T01:08:31.078+0000] {processor.py:836} INFO - DAG(s) dict_keys(['example_sensors']) retrieved from /home/airflow/.local/lib/python3.7/site-packages/airflow/example_dags/example_sensors.py
[2025-10-21T01:08:31.149+0000] {logging_mixin.py:149} INFO - [2025-10-21T01:08:31.149+0000] {dag.py:2726} INFO - Sync 1 DAGs
[2025-10-21T01:08:31.203+0000] {logging_mixin.py:149} INFO - [2025-10-21T01:08:31.203+0000] {dag.py:3490} INFO - Setting next_dagrun for example_sensors to None, run_after=None
[2025-10-21T01:08:31.254+0000] {processor.py:179} INFO - Processing /home/airflow/.local/lib/python3.7/site-packages/airflow/example_dags/example_sensors.py took 0.210 seconds
[2025-10-21T01:09:01.830+0000] {processor.py:157} INFO - Started process (PID=2572) to work on /home/airflow/.local/lib/python3.7/site-packages/airflow/example_dags/example_sensors.py
[2025-10-21T01:09:01.832+0000] {processor.py:826} INFO - Processing file /home/airflow/.local/lib/python3.7/site-packages/airflow/example_dags/example_sensors.py for tasks to queue
[2025-10-21T01:09:01.835+0000] {logging_mixin.py:149} INFO - [2025-10-21T01:09:01.834+0000] {dagbag.py:541} INFO - Filling up the DagBag from /home/airflow/.local/lib/python3.7/site-packages/airflow/example_dags/example_sensors.py
[2025-10-21T01:09:01.860+0000] {processor.py:836} INFO - DAG(s) dict_keys(['example_sensors']) retrieved from /home/airflow/.local/lib/python3.7/site-packages/airflow/example_dags/example_sensors.py
[2025-10-21T01:09:01.923+0000] {logging_mixin.py:149} INFO - [2025-10-21T01:09:01.922+0000] {dag.py:2726} INFO - Sync 1 DAGs
[2025-10-21T01:09:01.986+0000] {logging_mixin.py:149} INFO - [2025-10-21T01:09:01.986+0000] {dag.py:3490} INFO - Setting next_dagrun for example_sensors to None, run_after=None
[2025-10-21T01:09:02.039+0000] {processor.py:179} INFO - Processing /home/airflow/.local/lib/python3.7/site-packages/airflow/example_dags/example_sensors.py took 0.218 seconds
[2025-10-21T01:09:32.600+0000] {processor.py:157} INFO - Started process (PID=2638) to work on /home/airflow/.local/lib/python3.7/site-packages/airflow/example_dags/example_sensors.py
[2025-10-21T01:09:32.602+0000] {processor.py:826} INFO - Processing file /home/airflow/.local/lib/python3.7/site-packages/airflow/example_dags/example_sensors.py for tasks to queue
[2025-10-21T01:09:32.604+0000] {logging_mixin.py:149} INFO - [2025-10-21T01:09:32.604+0000] {dagbag.py:541} INFO - Filling up the DagBag from /home/airflow/.local/lib/python3.7/site-packages/airflow/example_dags/example_sensors.py
[2025-10-21T01:09:32.628+0000] {processor.py:836} INFO - DAG(s) dict_keys(['example_sensors']) retrieved from /home/airflow/.local/lib/python3.7/site-packages/airflow/example_dags/example_sensors.py
[2025-10-21T01:09:32.691+0000] {logging_mixin.py:149} INFO - [2025-10-21T01:09:32.691+0000] {dag.py:2726} INFO - Sync 1 DAGs
[2025-10-21T01:09:32.746+0000] {logging_mixin.py:149} INFO - [2025-10-21T01:09:32.746+0000] {dag.py:3490} INFO - Setting next_dagrun for example_sensors to None, run_after=None
[2025-10-21T01:09:32.791+0000] {processor.py:179} INFO - Processing /home/airflow/.local/lib/python3.7/site-packages/airflow/example_dags/example_sensors.py took 0.199 seconds
[2025-10-21T01:10:03.489+0000] {processor.py:157} INFO - Started process (PID=2705) to work on /home/airflow/.local/lib/python3.7/site-packages/airflow/example_dags/example_sensors.py
[2025-10-21T01:10:03.492+0000] {processor.py:826} INFO - Processing file /home/airflow/.local/lib/python3.7/site-packages/airflow/example_dags/example_sensors.py for tasks to queue
[2025-10-21T01:10:03.494+0000] {logging_mixin.py:149} INFO - [2025-10-21T01:10:03.493+0000] {dagbag.py:541} INFO - Filling up the DagBag from /home/airflow/.local/lib/python3.7/site-packages/airflow/example_dags/example_sensors.py
[2025-10-21T01:10:03.521+0000] {processor.py:836} INFO - DAG(s) dict_keys(['example_sensors']) retrieved from /home/airflow/.local/lib/python3.7/site-packages/airflow/example_dags/example_sensors.py
[2025-10-21T01:10:03.596+0000] {logging_mixin.py:149} INFO - [2025-10-21T01:10:03.596+0000] {dag.py:2726} INFO - Sync 1 DAGs
[2025-10-21T01:10:03.653+0000] {logging_mixin.py:149} INFO - [2025-10-21T01:10:03.652+0000] {dag.py:3490} INFO - Setting next_dagrun for example_sensors to None, run_after=None
[2025-10-21T01:10:03.708+0000] {processor.py:179} INFO - Processing /home/airflow/.local/lib/python3.7/site-packages/airflow/example_dags/example_sensors.py took 0.228 seconds
[2025-10-21T01:10:34.697+0000] {processor.py:157} INFO - Started process (PID=2772) to work on /home/airflow/.local/lib/python3.7/site-packages/airflow/example_dags/example_sensors.py
[2025-10-21T01:10:34.700+0000] {processor.py:826} INFO - Processing file /home/airflow/.local/lib/python3.7/site-packages/airflow/example_dags/example_sensors.py for tasks to queue
[2025-10-21T01:10:34.703+0000] {logging_mixin.py:149} INFO - [2025-10-21T01:10:34.702+0000] {dagbag.py:541} INFO - Filling up the DagBag from /home/airflow/.local/lib/python3.7/site-packages/airflow/example_dags/example_sensors.py
[2025-10-21T01:10:34.726+0000] {processor.py:836} INFO - DAG(s) dict_keys(['example_sensors']) retrieved from /home/airflow/.local/lib/python3.7/site-packages/airflow/example_dags/example_sensors.py
[2025-10-21T01:10:34.829+0000] {logging_mixin.py:149} INFO - [2025-10-21T01:10:34.828+0000] {dag.py:2726} INFO - Sync 1 DAGs
[2025-10-21T01:10:34.934+0000] {logging_mixin.py:149} INFO - [2025-10-21T01:10:34.933+0000] {dag.py:3490} INFO - Setting next_dagrun for example_sensors to None, run_after=None
[2025-10-21T01:10:35.028+0000] {processor.py:179} INFO - Processing /home/airflow/.local/lib/python3.7/site-packages/airflow/example_dags/example_sensors.py took 0.341 seconds
[2025-10-21T01:11:05.338+0000] {processor.py:157} INFO - Started process (PID=2838) to work on /home/airflow/.local/lib/python3.7/site-packages/airflow/example_dags/example_sensors.py
[2025-10-21T01:11:05.341+0000] {processor.py:826} INFO - Processing file /home/airflow/.local/lib/python3.7/site-packages/airflow/example_dags/example_sensors.py for tasks to queue
[2025-10-21T01:11:05.345+0000] {logging_mixin.py:149} INFO - [2025-10-21T01:11:05.344+0000] {dagbag.py:541} INFO - Filling up the DagBag from /home/airflow/.local/lib/python3.7/site-packages/airflow/example_dags/example_sensors.py
[2025-10-21T01:11:05.376+0000] {processor.py:836} INFO - DAG(s) dict_keys(['example_sensors']) retrieved from /home/airflow/.local/lib/python3.7/site-packages/airflow/example_dags/example_sensors.py
[2025-10-21T01:11:05.468+0000] {logging_mixin.py:149} INFO - [2025-10-21T01:11:05.468+0000] {dag.py:2726} INFO - Sync 1 DAGs
[2025-10-21T01:11:05.552+0000] {logging_mixin.py:149} INFO - [2025-10-21T01:11:05.552+0000] {dag.py:3490} INFO - Setting next_dagrun for example_sensors to None, run_after=None
[2025-10-21T01:11:05.597+0000] {processor.py:179} INFO - Processing /home/airflow/.local/lib/python3.7/site-packages/airflow/example_dags/example_sensors.py took 0.271 seconds
[2025-10-21T01:11:35.998+0000] {processor.py:157} INFO - Started process (PID=2904) to work on /home/airflow/.local/lib/python3.7/site-packages/airflow/example_dags/example_sensors.py
[2025-10-21T01:11:36.001+0000] {processor.py:826} INFO - Processing file /home/airflow/.local/lib/python3.7/site-packages/airflow/example_dags/example_sensors.py for tasks to queue
[2025-10-21T01:11:36.003+0000] {logging_mixin.py:149} INFO - [2025-10-21T01:11:36.003+0000] {dagbag.py:541} INFO - Filling up the DagBag from /home/airflow/.local/lib/python3.7/site-packages/airflow/example_dags/example_sensors.py
[2025-10-21T01:11:36.025+0000] {processor.py:836} INFO - DAG(s) dict_keys(['example_sensors']) retrieved from /home/airflow/.local/lib/python3.7/site-packages/airflow/example_dags/example_sensors.py
[2025-10-21T01:11:36.097+0000] {logging_mixin.py:149} INFO - [2025-10-21T01:11:36.096+0000] {dag.py:2726} INFO - Sync 1 DAGs
[2025-10-21T01:11:36.152+0000] {logging_mixin.py:149} INFO - [2025-10-21T01:11:36.152+0000] {dag.py:3490} INFO - Setting next_dagrun for example_sensors to None, run_after=None
[2025-10-21T01:11:36.192+0000] {processor.py:179} INFO - Processing /home/airflow/.local/lib/python3.7/site-packages/airflow/example_dags/example_sensors.py took 0.201 seconds
[2025-10-21T01:12:06.518+0000] {processor.py:157} INFO - Started process (PID=2970) to work on /home/airflow/.local/lib/python3.7/site-packages/airflow/example_dags/example_sensors.py
[2025-10-21T01:12:06.520+0000] {processor.py:826} INFO - Processing file /home/airflow/.local/lib/python3.7/site-packages/airflow/example_dags/example_sensors.py for tasks to queue
[2025-10-21T01:12:06.522+0000] {logging_mixin.py:149} INFO - [2025-10-21T01:12:06.522+0000] {dagbag.py:541} INFO - Filling up the DagBag from /home/airflow/.local/lib/python3.7/site-packages/airflow/example_dags/example_sensors.py
[2025-10-21T01:12:06.543+0000] {processor.py:836} INFO - DAG(s) dict_keys(['example_sensors']) retrieved from /home/airflow/.local/lib/python3.7/site-packages/airflow/example_dags/example_sensors.py
[2025-10-21T01:12:06.596+0000] {logging_mixin.py:149} INFO - [2025-10-21T01:12:06.596+0000] {dag.py:2726} INFO - Sync 1 DAGs
[2025-10-21T01:12:06.642+0000] {logging_mixin.py:149} INFO - [2025-10-21T01:12:06.642+0000] {dag.py:3490} INFO - Setting next_dagrun for example_sensors to None, run_after=None
[2025-10-21T01:12:06.681+0000] {processor.py:179} INFO - Processing /home/airflow/.local/lib/python3.7/site-packages/airflow/example_dags/example_sensors.py took 0.170 seconds
[2025-10-21T01:12:36.955+0000] {processor.py:157} INFO - Started process (PID=3036) to work on /home/airflow/.local/lib/python3.7/site-packages/airflow/example_dags/example_sensors.py
[2025-10-21T01:12:36.957+0000] {processor.py:826} INFO - Processing file /home/airflow/.local/lib/python3.7/site-packages/airflow/example_dags/example_sensors.py for tasks to queue
[2025-10-21T01:12:36.959+0000] {logging_mixin.py:149} INFO - [2025-10-21T01:12:36.958+0000] {dagbag.py:541} INFO - Filling up the DagBag from /home/airflow/.local/lib/python3.7/site-packages/airflow/example_dags/example_sensors.py
[2025-10-21T01:12:36.974+0000] {processor.py:836} INFO - DAG(s) dict_keys(['example_sensors']) retrieved from /home/airflow/.local/lib/python3.7/site-packages/airflow/example_dags/example_sensors.py
[2025-10-21T01:12:37.030+0000] {logging_mixin.py:149} INFO - [2025-10-21T01:12:37.029+0000] {dag.py:2726} INFO - Sync 1 DAGs
[2025-10-21T01:12:37.091+0000] {logging_mixin.py:149} INFO - [2025-10-21T01:12:37.091+0000] {dag.py:3490} INFO - Setting next_dagrun for example_sensors to None, run_after=None
[2025-10-21T01:12:37.131+0000] {processor.py:179} INFO - Processing /home/airflow/.local/lib/python3.7/site-packages/airflow/example_dags/example_sensors.py took 0.182 seconds
[2025-10-21T01:13:08.061+0000] {processor.py:157} INFO - Started process (PID=3102) to work on /home/airflow/.local/lib/python3.7/site-packages/airflow/example_dags/example_sensors.py
[2025-10-21T01:13:08.063+0000] {processor.py:826} INFO - Processing file /home/airflow/.local/lib/python3.7/site-packages/airflow/example_dags/example_sensors.py for tasks to queue
[2025-10-21T01:13:08.065+0000] {logging_mixin.py:149} INFO - [2025-10-21T01:13:08.064+0000] {dagbag.py:541} INFO - Filling up the DagBag from /home/airflow/.local/lib/python3.7/site-packages/airflow/example_dags/example_sensors.py
[2025-10-21T01:13:08.084+0000] {processor.py:836} INFO - DAG(s) dict_keys(['example_sensors']) retrieved from /home/airflow/.local/lib/python3.7/site-packages/airflow/example_dags/example_sensors.py
[2025-10-21T01:13:08.146+0000] {logging_mixin.py:149} INFO - [2025-10-21T01:13:08.145+0000] {dag.py:2726} INFO - Sync 1 DAGs
[2025-10-21T01:13:08.190+0000] {logging_mixin.py:149} INFO - [2025-10-21T01:13:08.190+0000] {dag.py:3490} INFO - Setting next_dagrun for example_sensors to None, run_after=None
[2025-10-21T01:13:08.229+0000] {processor.py:179} INFO - Processing /home/airflow/.local/lib/python3.7/site-packages/airflow/example_dags/example_sensors.py took 0.175 seconds
[2025-10-21T01:13:39.502+0000] {processor.py:157} INFO - Started process (PID=3168) to work on /home/airflow/.local/lib/python3.7/site-packages/airflow/example_dags/example_sensors.py
[2025-10-21T01:13:39.505+0000] {processor.py:826} INFO - Processing file /home/airflow/.local/lib/python3.7/site-packages/airflow/example_dags/example_sensors.py for tasks to queue
[2025-10-21T01:13:39.507+0000] {logging_mixin.py:149} INFO - [2025-10-21T01:13:39.507+0000] {dagbag.py:541} INFO - Filling up the DagBag from /home/airflow/.local/lib/python3.7/site-packages/airflow/example_dags/example_sensors.py
[2025-10-21T01:13:39.524+0000] {processor.py:836} INFO - DAG(s) dict_keys(['example_sensors']) retrieved from /home/airflow/.local/lib/python3.7/site-packages/airflow/example_dags/example_sensors.py
[2025-10-21T01:13:39.574+0000] {logging_mixin.py:149} INFO - [2025-10-21T01:13:39.573+0000] {dag.py:2726} INFO - Sync 1 DAGs
[2025-10-21T01:13:39.621+0000] {logging_mixin.py:149} INFO - [2025-10-21T01:13:39.621+0000] {dag.py:3490} INFO - Setting next_dagrun for example_sensors to None, run_after=None
[2025-10-21T01:13:39.657+0000] {processor.py:179} INFO - Processing /home/airflow/.local/lib/python3.7/site-packages/airflow/example_dags/example_sensors.py took 0.161 seconds
[2025-10-21T01:14:10.033+0000] {processor.py:157} INFO - Started process (PID=3225) to work on /home/airflow/.local/lib/python3.7/site-packages/airflow/example_dags/example_sensors.py
[2025-10-21T01:14:10.035+0000] {processor.py:826} INFO - Processing file /home/airflow/.local/lib/python3.7/site-packages/airflow/example_dags/example_sensors.py for tasks to queue
[2025-10-21T01:14:10.037+0000] {logging_mixin.py:149} INFO - [2025-10-21T01:14:10.037+0000] {dagbag.py:541} INFO - Filling up the DagBag from /home/airflow/.local/lib/python3.7/site-packages/airflow/example_dags/example_sensors.py
[2025-10-21T01:14:10.058+0000] {processor.py:836} INFO - DAG(s) dict_keys(['example_sensors']) retrieved from /home/airflow/.local/lib/python3.7/site-packages/airflow/example_dags/example_sensors.py
[2025-10-21T01:14:10.125+0000] {logging_mixin.py:149} INFO - [2025-10-21T01:14:10.125+0000] {dag.py:2726} INFO - Sync 1 DAGs
[2025-10-21T01:14:10.242+0000] {logging_mixin.py:149} INFO - [2025-10-21T01:14:10.241+0000] {dag.py:3490} INFO - Setting next_dagrun for example_sensors to None, run_after=None
[2025-10-21T01:14:10.295+0000] {processor.py:179} INFO - Processing /home/airflow/.local/lib/python3.7/site-packages/airflow/example_dags/example_sensors.py took 0.269 seconds
[2025-10-21T01:14:40.550+0000] {processor.py:157} INFO - Started process (PID=3291) to work on /home/airflow/.local/lib/python3.7/site-packages/airflow/example_dags/example_sensors.py
[2025-10-21T01:14:40.552+0000] {processor.py:826} INFO - Processing file /home/airflow/.local/lib/python3.7/site-packages/airflow/example_dags/example_sensors.py for tasks to queue
[2025-10-21T01:14:40.555+0000] {logging_mixin.py:149} INFO - [2025-10-21T01:14:40.554+0000] {dagbag.py:541} INFO - Filling up the DagBag from /home/airflow/.local/lib/python3.7/site-packages/airflow/example_dags/example_sensors.py
[2025-10-21T01:14:40.575+0000] {processor.py:836} INFO - DAG(s) dict_keys(['example_sensors']) retrieved from /home/airflow/.local/lib/python3.7/site-packages/airflow/example_dags/example_sensors.py
[2025-10-21T01:14:40.629+0000] {logging_mixin.py:149} INFO - [2025-10-21T01:14:40.629+0000] {dag.py:2726} INFO - Sync 1 DAGs
[2025-10-21T01:14:40.674+0000] {logging_mixin.py:149} INFO - [2025-10-21T01:14:40.674+0000] {dag.py:3490} INFO - Setting next_dagrun for example_sensors to None, run_after=None
[2025-10-21T01:14:40.713+0000] {processor.py:179} INFO - Processing /home/airflow/.local/lib/python3.7/site-packages/airflow/example_dags/example_sensors.py took 0.170 seconds
[2025-10-21T01:15:11.125+0000] {processor.py:157} INFO - Started process (PID=3357) to work on /home/airflow/.local/lib/python3.7/site-packages/airflow/example_dags/example_sensors.py
[2025-10-21T01:15:11.128+0000] {processor.py:826} INFO - Processing file /home/airflow/.local/lib/python3.7/site-packages/airflow/example_dags/example_sensors.py for tasks to queue
[2025-10-21T01:15:11.130+0000] {logging_mixin.py:149} INFO - [2025-10-21T01:15:11.130+0000] {dagbag.py:541} INFO - Filling up the DagBag from /home/airflow/.local/lib/python3.7/site-packages/airflow/example_dags/example_sensors.py
[2025-10-21T01:15:11.157+0000] {processor.py:836} INFO - DAG(s) dict_keys(['example_sensors']) retrieved from /home/airflow/.local/lib/python3.7/site-packages/airflow/example_dags/example_sensors.py
[2025-10-21T01:15:11.224+0000] {logging_mixin.py:149} INFO - [2025-10-21T01:15:11.223+0000] {dag.py:2726} INFO - Sync 1 DAGs
[2025-10-21T01:15:11.287+0000] {logging_mixin.py:149} INFO - [2025-10-21T01:15:11.287+0000] {dag.py:3490} INFO - Setting next_dagrun for example_sensors to None, run_after=None
[2025-10-21T01:15:11.333+0000] {processor.py:179} INFO - Processing /home/airflow/.local/lib/python3.7/site-packages/airflow/example_dags/example_sensors.py took 0.218 seconds
[2025-10-21T01:15:41.782+0000] {processor.py:157} INFO - Started process (PID=3431) to work on /home/airflow/.local/lib/python3.7/site-packages/airflow/example_dags/example_sensors.py
[2025-10-21T01:15:41.783+0000] {processor.py:826} INFO - Processing file /home/airflow/.local/lib/python3.7/site-packages/airflow/example_dags/example_sensors.py for tasks to queue
[2025-10-21T01:15:41.790+0000] {logging_mixin.py:149} INFO - [2025-10-21T01:15:41.790+0000] {dagbag.py:541} INFO - Filling up the DagBag from /home/airflow/.local/lib/python3.7/site-packages/airflow/example_dags/example_sensors.py
[2025-10-21T01:15:41.811+0000] {processor.py:836} INFO - DAG(s) dict_keys(['example_sensors']) retrieved from /home/airflow/.local/lib/python3.7/site-packages/airflow/example_dags/example_sensors.py
[2025-10-21T01:15:41.865+0000] {logging_mixin.py:149} INFO - [2025-10-21T01:15:41.865+0000] {dag.py:2726} INFO - Sync 1 DAGs
[2025-10-21T01:15:41.926+0000] {logging_mixin.py:149} INFO - [2025-10-21T01:15:41.925+0000] {dag.py:3490} INFO - Setting next_dagrun for example_sensors to None, run_after=None
[2025-10-21T01:15:41.967+0000] {processor.py:179} INFO - Processing /home/airflow/.local/lib/python3.7/site-packages/airflow/example_dags/example_sensors.py took 0.192 seconds
[2025-10-21T01:16:12.416+0000] {processor.py:157} INFO - Started process (PID=3497) to work on /home/airflow/.local/lib/python3.7/site-packages/airflow/example_dags/example_sensors.py
[2025-10-21T01:16:12.419+0000] {processor.py:826} INFO - Processing file /home/airflow/.local/lib/python3.7/site-packages/airflow/example_dags/example_sensors.py for tasks to queue
[2025-10-21T01:16:12.420+0000] {logging_mixin.py:149} INFO - [2025-10-21T01:16:12.420+0000] {dagbag.py:541} INFO - Filling up the DagBag from /home/airflow/.local/lib/python3.7/site-packages/airflow/example_dags/example_sensors.py
[2025-10-21T01:16:12.438+0000] {processor.py:836} INFO - DAG(s) dict_keys(['example_sensors']) retrieved from /home/airflow/.local/lib/python3.7/site-packages/airflow/example_dags/example_sensors.py
[2025-10-21T01:16:12.501+0000] {logging_mixin.py:149} INFO - [2025-10-21T01:16:12.500+0000] {dag.py:2726} INFO - Sync 1 DAGs
[2025-10-21T01:16:12.546+0000] {logging_mixin.py:149} INFO - [2025-10-21T01:16:12.545+0000] {dag.py:3490} INFO - Setting next_dagrun for example_sensors to None, run_after=None
[2025-10-21T01:16:12.585+0000] {processor.py:179} INFO - Processing /home/airflow/.local/lib/python3.7/site-packages/airflow/example_dags/example_sensors.py took 0.176 seconds
[2025-10-21T01:16:42.895+0000] {processor.py:157} INFO - Started process (PID=3563) to work on /home/airflow/.local/lib/python3.7/site-packages/airflow/example_dags/example_sensors.py
[2025-10-21T01:16:42.897+0000] {processor.py:826} INFO - Processing file /home/airflow/.local/lib/python3.7/site-packages/airflow/example_dags/example_sensors.py for tasks to queue
[2025-10-21T01:16:42.899+0000] {logging_mixin.py:149} INFO - [2025-10-21T01:16:42.898+0000] {dagbag.py:541} INFO - Filling up the DagBag from /home/airflow/.local/lib/python3.7/site-packages/airflow/example_dags/example_sensors.py
[2025-10-21T01:16:42.931+0000] {processor.py:836} INFO - DAG(s) dict_keys(['example_sensors']) retrieved from /home/airflow/.local/lib/python3.7/site-packages/airflow/example_dags/example_sensors.py
[2025-10-21T01:16:43.027+0000] {logging_mixin.py:149} INFO - [2025-10-21T01:16:43.027+0000] {dag.py:2726} INFO - Sync 1 DAGs
[2025-10-21T01:16:43.088+0000] {logging_mixin.py:149} INFO - [2025-10-21T01:16:43.087+0000] {dag.py:3490} INFO - Setting next_dagrun for example_sensors to None, run_after=None
[2025-10-21T01:16:43.132+0000] {processor.py:179} INFO - Processing /home/airflow/.local/lib/python3.7/site-packages/airflow/example_dags/example_sensors.py took 0.245 seconds
[2025-10-21T01:17:13.464+0000] {processor.py:157} INFO - Started process (PID=3629) to work on /home/airflow/.local/lib/python3.7/site-packages/airflow/example_dags/example_sensors.py
[2025-10-21T01:17:13.466+0000] {processor.py:826} INFO - Processing file /home/airflow/.local/lib/python3.7/site-packages/airflow/example_dags/example_sensors.py for tasks to queue
[2025-10-21T01:17:13.468+0000] {logging_mixin.py:149} INFO - [2025-10-21T01:17:13.468+0000] {dagbag.py:541} INFO - Filling up the DagBag from /home/airflow/.local/lib/python3.7/site-packages/airflow/example_dags/example_sensors.py
[2025-10-21T01:17:13.492+0000] {processor.py:836} INFO - DAG(s) dict_keys(['example_sensors']) retrieved from /home/airflow/.local/lib/python3.7/site-packages/airflow/example_dags/example_sensors.py
[2025-10-21T01:17:13.553+0000] {logging_mixin.py:149} INFO - [2025-10-21T01:17:13.552+0000] {dag.py:2726} INFO - Sync 1 DAGs
[2025-10-21T01:17:13.605+0000] {logging_mixin.py:149} INFO - [2025-10-21T01:17:13.604+0000] {dag.py:3490} INFO - Setting next_dagrun for example_sensors to None, run_after=None
[2025-10-21T01:17:13.643+0000] {processor.py:179} INFO - Processing /home/airflow/.local/lib/python3.7/site-packages/airflow/example_dags/example_sensors.py took 0.186 seconds
