[2025-10-21T00:49:54.589+0000] {processor.py:157} INFO - Started process (PID=90) to work on /home/airflow/.local/lib/python3.7/site-packages/airflow/example_dags/example_task_group_decorator.py
[2025-10-21T00:49:54.592+0000] {processor.py:826} INFO - Processing file /home/airflow/.local/lib/python3.7/site-packages/airflow/example_dags/example_task_group_decorator.py for tasks to queue
[2025-10-21T00:49:54.594+0000] {logging_mixin.py:149} INFO - [2025-10-21T00:49:54.594+0000] {dagbag.py:541} INFO - Filling up the DagBag from /home/airflow/.local/lib/python3.7/site-packages/airflow/example_dags/example_task_group_decorator.py
[2025-10-21T00:49:54.690+0000] {processor.py:836} INFO - DAG(s) dict_keys(['example_task_group_decorator']) retrieved from /home/airflow/.local/lib/python3.7/site-packages/airflow/example_dags/example_task_group_decorator.py
[2025-10-21T00:49:54.858+0000] {logging_mixin.py:149} INFO - [2025-10-21T00:49:54.858+0000] {dag.py:2726} INFO - Sync 1 DAGs
[2025-10-21T00:49:55.168+0000] {logging_mixin.py:149} INFO - [2025-10-21T00:49:55.167+0000] {dag.py:3490} INFO - Setting next_dagrun for example_task_group_decorator to 2025-10-20T00:49:55.167471+00:00, run_after=2025-10-21T00:49:55.167471+00:00
[2025-10-21T00:49:55.214+0000] {processor.py:179} INFO - Processing /home/airflow/.local/lib/python3.7/site-packages/airflow/example_dags/example_task_group_decorator.py took 0.640 seconds
[2025-10-21T00:50:25.639+0000] {processor.py:157} INFO - Started process (PID=156) to work on /home/airflow/.local/lib/python3.7/site-packages/airflow/example_dags/example_task_group_decorator.py
[2025-10-21T00:50:25.643+0000] {processor.py:826} INFO - Processing file /home/airflow/.local/lib/python3.7/site-packages/airflow/example_dags/example_task_group_decorator.py for tasks to queue
[2025-10-21T00:50:25.645+0000] {logging_mixin.py:149} INFO - [2025-10-21T00:50:25.645+0000] {dagbag.py:541} INFO - Filling up the DagBag from /home/airflow/.local/lib/python3.7/site-packages/airflow/example_dags/example_task_group_decorator.py
[2025-10-21T00:50:25.681+0000] {processor.py:836} INFO - DAG(s) dict_keys(['example_task_group_decorator']) retrieved from /home/airflow/.local/lib/python3.7/site-packages/airflow/example_dags/example_task_group_decorator.py
[2025-10-21T00:50:25.752+0000] {logging_mixin.py:149} INFO - [2025-10-21T00:50:25.752+0000] {dag.py:2726} INFO - Sync 1 DAGs
[2025-10-21T00:50:25.817+0000] {logging_mixin.py:149} INFO - [2025-10-21T00:50:25.817+0000] {dag.py:3490} INFO - Setting next_dagrun for example_task_group_decorator to 2025-10-20T00:50:25.816541+00:00, run_after=2025-10-21T00:50:25.816541+00:00
[2025-10-21T00:50:25.881+0000] {processor.py:179} INFO - Processing /home/airflow/.local/lib/python3.7/site-packages/airflow/example_dags/example_task_group_decorator.py took 0.251 seconds
[2025-10-21T00:50:56.314+0000] {processor.py:157} INFO - Started process (PID=222) to work on /home/airflow/.local/lib/python3.7/site-packages/airflow/example_dags/example_task_group_decorator.py
[2025-10-21T00:50:56.321+0000] {processor.py:826} INFO - Processing file /home/airflow/.local/lib/python3.7/site-packages/airflow/example_dags/example_task_group_decorator.py for tasks to queue
[2025-10-21T00:50:56.323+0000] {logging_mixin.py:149} INFO - [2025-10-21T00:50:56.323+0000] {dagbag.py:541} INFO - Filling up the DagBag from /home/airflow/.local/lib/python3.7/site-packages/airflow/example_dags/example_task_group_decorator.py
[2025-10-21T00:50:56.377+0000] {processor.py:836} INFO - DAG(s) dict_keys(['example_task_group_decorator']) retrieved from /home/airflow/.local/lib/python3.7/site-packages/airflow/example_dags/example_task_group_decorator.py
[2025-10-21T00:50:56.473+0000] {logging_mixin.py:149} INFO - [2025-10-21T00:50:56.473+0000] {dag.py:2726} INFO - Sync 1 DAGs
[2025-10-21T00:50:56.549+0000] {logging_mixin.py:149} INFO - [2025-10-21T00:50:56.549+0000] {dag.py:3490} INFO - Setting next_dagrun for example_task_group_decorator to 2025-10-20T00:50:56.548737+00:00, run_after=2025-10-21T00:50:56.548737+00:00
[2025-10-21T00:50:56.621+0000] {processor.py:179} INFO - Processing /home/airflow/.local/lib/python3.7/site-packages/airflow/example_dags/example_task_group_decorator.py took 0.317 seconds
[2025-10-21T00:51:27.346+0000] {processor.py:157} INFO - Started process (PID=288) to work on /home/airflow/.local/lib/python3.7/site-packages/airflow/example_dags/example_task_group_decorator.py
[2025-10-21T00:51:27.349+0000] {processor.py:826} INFO - Processing file /home/airflow/.local/lib/python3.7/site-packages/airflow/example_dags/example_task_group_decorator.py for tasks to queue
[2025-10-21T00:51:27.352+0000] {logging_mixin.py:149} INFO - [2025-10-21T00:51:27.352+0000] {dagbag.py:541} INFO - Filling up the DagBag from /home/airflow/.local/lib/python3.7/site-packages/airflow/example_dags/example_task_group_decorator.py
[2025-10-21T00:51:27.412+0000] {processor.py:836} INFO - DAG(s) dict_keys(['example_task_group_decorator']) retrieved from /home/airflow/.local/lib/python3.7/site-packages/airflow/example_dags/example_task_group_decorator.py
[2025-10-21T00:51:27.562+0000] {logging_mixin.py:149} INFO - [2025-10-21T00:51:27.562+0000] {dag.py:2726} INFO - Sync 1 DAGs
[2025-10-21T00:51:27.689+0000] {logging_mixin.py:149} INFO - [2025-10-21T00:51:27.689+0000] {dag.py:3490} INFO - Setting next_dagrun for example_task_group_decorator to 2025-10-20T00:51:27.688131+00:00, run_after=2025-10-21T00:51:27.688131+00:00
[2025-10-21T00:51:27.777+0000] {processor.py:179} INFO - Processing /home/airflow/.local/lib/python3.7/site-packages/airflow/example_dags/example_task_group_decorator.py took 0.440 seconds
[2025-10-21T00:51:58.238+0000] {processor.py:157} INFO - Started process (PID=354) to work on /home/airflow/.local/lib/python3.7/site-packages/airflow/example_dags/example_task_group_decorator.py
[2025-10-21T00:51:58.240+0000] {processor.py:826} INFO - Processing file /home/airflow/.local/lib/python3.7/site-packages/airflow/example_dags/example_task_group_decorator.py for tasks to queue
[2025-10-21T00:51:58.242+0000] {logging_mixin.py:149} INFO - [2025-10-21T00:51:58.242+0000] {dagbag.py:541} INFO - Filling up the DagBag from /home/airflow/.local/lib/python3.7/site-packages/airflow/example_dags/example_task_group_decorator.py
[2025-10-21T00:51:58.280+0000] {processor.py:836} INFO - DAG(s) dict_keys(['example_task_group_decorator']) retrieved from /home/airflow/.local/lib/python3.7/site-packages/airflow/example_dags/example_task_group_decorator.py
[2025-10-21T00:51:58.344+0000] {logging_mixin.py:149} INFO - [2025-10-21T00:51:58.344+0000] {dag.py:2726} INFO - Sync 1 DAGs
[2025-10-21T00:51:58.425+0000] {logging_mixin.py:149} INFO - [2025-10-21T00:51:58.425+0000] {dag.py:3490} INFO - Setting next_dagrun for example_task_group_decorator to 2025-10-20T00:51:58.424532+00:00, run_after=2025-10-21T00:51:58.424532+00:00
[2025-10-21T00:51:58.477+0000] {processor.py:179} INFO - Processing /home/airflow/.local/lib/python3.7/site-packages/airflow/example_dags/example_task_group_decorator.py took 0.247 seconds
[2025-10-21T00:52:29.219+0000] {processor.py:157} INFO - Started process (PID=420) to work on /home/airflow/.local/lib/python3.7/site-packages/airflow/example_dags/example_task_group_decorator.py
[2025-10-21T00:52:29.221+0000] {processor.py:826} INFO - Processing file /home/airflow/.local/lib/python3.7/site-packages/airflow/example_dags/example_task_group_decorator.py for tasks to queue
[2025-10-21T00:52:29.223+0000] {logging_mixin.py:149} INFO - [2025-10-21T00:52:29.223+0000] {dagbag.py:541} INFO - Filling up the DagBag from /home/airflow/.local/lib/python3.7/site-packages/airflow/example_dags/example_task_group_decorator.py
[2025-10-21T00:52:29.247+0000] {processor.py:836} INFO - DAG(s) dict_keys(['example_task_group_decorator']) retrieved from /home/airflow/.local/lib/python3.7/site-packages/airflow/example_dags/example_task_group_decorator.py
[2025-10-21T00:52:29.302+0000] {logging_mixin.py:149} INFO - [2025-10-21T00:52:29.302+0000] {dag.py:2726} INFO - Sync 1 DAGs
[2025-10-21T00:52:29.355+0000] {logging_mixin.py:149} INFO - [2025-10-21T00:52:29.354+0000] {dag.py:3490} INFO - Setting next_dagrun for example_task_group_decorator to 2025-10-20T00:52:29.354527+00:00, run_after=2025-10-21T00:52:29.354527+00:00
[2025-10-21T00:52:29.392+0000] {processor.py:179} INFO - Processing /home/airflow/.local/lib/python3.7/site-packages/airflow/example_dags/example_task_group_decorator.py took 0.179 seconds
[2025-10-21T00:52:59.712+0000] {processor.py:157} INFO - Started process (PID=486) to work on /home/airflow/.local/lib/python3.7/site-packages/airflow/example_dags/example_task_group_decorator.py
[2025-10-21T00:52:59.714+0000] {processor.py:826} INFO - Processing file /home/airflow/.local/lib/python3.7/site-packages/airflow/example_dags/example_task_group_decorator.py for tasks to queue
[2025-10-21T00:52:59.715+0000] {logging_mixin.py:149} INFO - [2025-10-21T00:52:59.715+0000] {dagbag.py:541} INFO - Filling up the DagBag from /home/airflow/.local/lib/python3.7/site-packages/airflow/example_dags/example_task_group_decorator.py
[2025-10-21T00:52:59.738+0000] {processor.py:836} INFO - DAG(s) dict_keys(['example_task_group_decorator']) retrieved from /home/airflow/.local/lib/python3.7/site-packages/airflow/example_dags/example_task_group_decorator.py
[2025-10-21T00:52:59.794+0000] {logging_mixin.py:149} INFO - [2025-10-21T00:52:59.793+0000] {dag.py:2726} INFO - Sync 1 DAGs
[2025-10-21T00:52:59.837+0000] {logging_mixin.py:149} INFO - [2025-10-21T00:52:59.837+0000] {dag.py:3490} INFO - Setting next_dagrun for example_task_group_decorator to 2025-10-20T00:52:59.836922+00:00, run_after=2025-10-21T00:52:59.836922+00:00
[2025-10-21T00:52:59.875+0000] {processor.py:179} INFO - Processing /home/airflow/.local/lib/python3.7/site-packages/airflow/example_dags/example_task_group_decorator.py took 0.169 seconds
[2025-10-21T00:53:30.066+0000] {processor.py:157} INFO - Started process (PID=553) to work on /home/airflow/.local/lib/python3.7/site-packages/airflow/example_dags/example_task_group_decorator.py
[2025-10-21T00:53:30.070+0000] {processor.py:826} INFO - Processing file /home/airflow/.local/lib/python3.7/site-packages/airflow/example_dags/example_task_group_decorator.py for tasks to queue
[2025-10-21T00:53:30.073+0000] {logging_mixin.py:149} INFO - [2025-10-21T00:53:30.072+0000] {dagbag.py:541} INFO - Filling up the DagBag from /home/airflow/.local/lib/python3.7/site-packages/airflow/example_dags/example_task_group_decorator.py
[2025-10-21T00:53:30.109+0000] {processor.py:836} INFO - DAG(s) dict_keys(['example_task_group_decorator']) retrieved from /home/airflow/.local/lib/python3.7/site-packages/airflow/example_dags/example_task_group_decorator.py
[2025-10-21T00:53:30.171+0000] {logging_mixin.py:149} INFO - [2025-10-21T00:53:30.171+0000] {dag.py:2726} INFO - Sync 1 DAGs
[2025-10-21T00:53:30.227+0000] {logging_mixin.py:149} INFO - [2025-10-21T00:53:30.227+0000] {dag.py:3490} INFO - Setting next_dagrun for example_task_group_decorator to 2025-10-20T00:53:30.226763+00:00, run_after=2025-10-21T00:53:30.226763+00:00
[2025-10-21T00:53:30.329+0000] {processor.py:179} INFO - Processing /home/airflow/.local/lib/python3.7/site-packages/airflow/example_dags/example_task_group_decorator.py took 0.272 seconds
[2025-10-21T00:54:00.467+0000] {processor.py:157} INFO - Started process (PID=620) to work on /home/airflow/.local/lib/python3.7/site-packages/airflow/example_dags/example_task_group_decorator.py
[2025-10-21T00:54:00.469+0000] {processor.py:826} INFO - Processing file /home/airflow/.local/lib/python3.7/site-packages/airflow/example_dags/example_task_group_decorator.py for tasks to queue
[2025-10-21T00:54:00.471+0000] {logging_mixin.py:149} INFO - [2025-10-21T00:54:00.470+0000] {dagbag.py:541} INFO - Filling up the DagBag from /home/airflow/.local/lib/python3.7/site-packages/airflow/example_dags/example_task_group_decorator.py
[2025-10-21T00:54:00.493+0000] {processor.py:836} INFO - DAG(s) dict_keys(['example_task_group_decorator']) retrieved from /home/airflow/.local/lib/python3.7/site-packages/airflow/example_dags/example_task_group_decorator.py
[2025-10-21T00:54:00.543+0000] {logging_mixin.py:149} INFO - [2025-10-21T00:54:00.543+0000] {dag.py:2726} INFO - Sync 1 DAGs
[2025-10-21T00:54:00.588+0000] {logging_mixin.py:149} INFO - [2025-10-21T00:54:00.588+0000] {dag.py:3490} INFO - Setting next_dagrun for example_task_group_decorator to 2025-10-20T00:54:00.588016+00:00, run_after=2025-10-21T00:54:00.588016+00:00
[2025-10-21T00:54:00.626+0000] {processor.py:179} INFO - Processing /home/airflow/.local/lib/python3.7/site-packages/airflow/example_dags/example_task_group_decorator.py took 0.165 seconds
[2025-10-21T00:54:31.481+0000] {processor.py:157} INFO - Started process (PID=685) to work on /home/airflow/.local/lib/python3.7/site-packages/airflow/example_dags/example_task_group_decorator.py
[2025-10-21T00:54:31.483+0000] {processor.py:826} INFO - Processing file /home/airflow/.local/lib/python3.7/site-packages/airflow/example_dags/example_task_group_decorator.py for tasks to queue
[2025-10-21T00:54:31.484+0000] {logging_mixin.py:149} INFO - [2025-10-21T00:54:31.484+0000] {dagbag.py:541} INFO - Filling up the DagBag from /home/airflow/.local/lib/python3.7/site-packages/airflow/example_dags/example_task_group_decorator.py
[2025-10-21T00:54:31.511+0000] {processor.py:836} INFO - DAG(s) dict_keys(['example_task_group_decorator']) retrieved from /home/airflow/.local/lib/python3.7/site-packages/airflow/example_dags/example_task_group_decorator.py
[2025-10-21T00:54:31.566+0000] {logging_mixin.py:149} INFO - [2025-10-21T00:54:31.565+0000] {dag.py:2726} INFO - Sync 1 DAGs
[2025-10-21T00:54:31.618+0000] {logging_mixin.py:149} INFO - [2025-10-21T00:54:31.618+0000] {dag.py:3490} INFO - Setting next_dagrun for example_task_group_decorator to 2025-10-20T00:54:31.617996+00:00, run_after=2025-10-21T00:54:31.617996+00:00
[2025-10-21T00:54:31.656+0000] {processor.py:179} INFO - Processing /home/airflow/.local/lib/python3.7/site-packages/airflow/example_dags/example_task_group_decorator.py took 0.181 seconds
[2025-10-21T00:55:02.163+0000] {processor.py:157} INFO - Started process (PID=751) to work on /home/airflow/.local/lib/python3.7/site-packages/airflow/example_dags/example_task_group_decorator.py
[2025-10-21T00:55:02.165+0000] {processor.py:826} INFO - Processing file /home/airflow/.local/lib/python3.7/site-packages/airflow/example_dags/example_task_group_decorator.py for tasks to queue
[2025-10-21T00:55:02.168+0000] {logging_mixin.py:149} INFO - [2025-10-21T00:55:02.167+0000] {dagbag.py:541} INFO - Filling up the DagBag from /home/airflow/.local/lib/python3.7/site-packages/airflow/example_dags/example_task_group_decorator.py
[2025-10-21T00:55:02.205+0000] {processor.py:836} INFO - DAG(s) dict_keys(['example_task_group_decorator']) retrieved from /home/airflow/.local/lib/python3.7/site-packages/airflow/example_dags/example_task_group_decorator.py
[2025-10-21T00:55:02.280+0000] {logging_mixin.py:149} INFO - [2025-10-21T00:55:02.280+0000] {dag.py:2726} INFO - Sync 1 DAGs
[2025-10-21T00:55:02.347+0000] {logging_mixin.py:149} INFO - [2025-10-21T00:55:02.346+0000] {dag.py:3490} INFO - Setting next_dagrun for example_task_group_decorator to 2025-10-20T00:55:02.346079+00:00, run_after=2025-10-21T00:55:02.346079+00:00
[2025-10-21T00:55:02.399+0000] {processor.py:179} INFO - Processing /home/airflow/.local/lib/python3.7/site-packages/airflow/example_dags/example_task_group_decorator.py took 0.242 seconds
[2025-10-21T00:55:33.114+0000] {processor.py:157} INFO - Started process (PID=817) to work on /home/airflow/.local/lib/python3.7/site-packages/airflow/example_dags/example_task_group_decorator.py
[2025-10-21T00:55:33.117+0000] {processor.py:826} INFO - Processing file /home/airflow/.local/lib/python3.7/site-packages/airflow/example_dags/example_task_group_decorator.py for tasks to queue
[2025-10-21T00:55:33.119+0000] {logging_mixin.py:149} INFO - [2025-10-21T00:55:33.119+0000] {dagbag.py:541} INFO - Filling up the DagBag from /home/airflow/.local/lib/python3.7/site-packages/airflow/example_dags/example_task_group_decorator.py
[2025-10-21T00:55:33.163+0000] {processor.py:836} INFO - DAG(s) dict_keys(['example_task_group_decorator']) retrieved from /home/airflow/.local/lib/python3.7/site-packages/airflow/example_dags/example_task_group_decorator.py
[2025-10-21T00:55:33.229+0000] {logging_mixin.py:149} INFO - [2025-10-21T00:55:33.229+0000] {dag.py:2726} INFO - Sync 1 DAGs
[2025-10-21T00:55:33.298+0000] {logging_mixin.py:149} INFO - [2025-10-21T00:55:33.298+0000] {dag.py:3490} INFO - Setting next_dagrun for example_task_group_decorator to 2025-10-20T00:55:33.297199+00:00, run_after=2025-10-21T00:55:33.297199+00:00
[2025-10-21T00:55:33.361+0000] {processor.py:179} INFO - Processing /home/airflow/.local/lib/python3.7/site-packages/airflow/example_dags/example_task_group_decorator.py took 0.254 seconds
[2025-10-21T00:56:04.041+0000] {processor.py:157} INFO - Started process (PID=883) to work on /home/airflow/.local/lib/python3.7/site-packages/airflow/example_dags/example_task_group_decorator.py
[2025-10-21T00:56:04.043+0000] {processor.py:826} INFO - Processing file /home/airflow/.local/lib/python3.7/site-packages/airflow/example_dags/example_task_group_decorator.py for tasks to queue
[2025-10-21T00:56:04.045+0000] {logging_mixin.py:149} INFO - [2025-10-21T00:56:04.045+0000] {dagbag.py:541} INFO - Filling up the DagBag from /home/airflow/.local/lib/python3.7/site-packages/airflow/example_dags/example_task_group_decorator.py
[2025-10-21T00:56:04.073+0000] {processor.py:836} INFO - DAG(s) dict_keys(['example_task_group_decorator']) retrieved from /home/airflow/.local/lib/python3.7/site-packages/airflow/example_dags/example_task_group_decorator.py
[2025-10-21T00:56:04.124+0000] {logging_mixin.py:149} INFO - [2025-10-21T00:56:04.123+0000] {dag.py:2726} INFO - Sync 1 DAGs
[2025-10-21T00:56:04.169+0000] {logging_mixin.py:149} INFO - [2025-10-21T00:56:04.169+0000] {dag.py:3490} INFO - Setting next_dagrun for example_task_group_decorator to 2025-10-20T00:56:04.168743+00:00, run_after=2025-10-21T00:56:04.168743+00:00
[2025-10-21T00:56:04.222+0000] {processor.py:179} INFO - Processing /home/airflow/.local/lib/python3.7/site-packages/airflow/example_dags/example_task_group_decorator.py took 0.187 seconds
[2025-10-21T00:56:34.438+0000] {processor.py:157} INFO - Started process (PID=949) to work on /home/airflow/.local/lib/python3.7/site-packages/airflow/example_dags/example_task_group_decorator.py
[2025-10-21T00:56:34.441+0000] {processor.py:826} INFO - Processing file /home/airflow/.local/lib/python3.7/site-packages/airflow/example_dags/example_task_group_decorator.py for tasks to queue
[2025-10-21T00:56:34.444+0000] {logging_mixin.py:149} INFO - [2025-10-21T00:56:34.443+0000] {dagbag.py:541} INFO - Filling up the DagBag from /home/airflow/.local/lib/python3.7/site-packages/airflow/example_dags/example_task_group_decorator.py
[2025-10-21T00:56:34.503+0000] {processor.py:836} INFO - DAG(s) dict_keys(['example_task_group_decorator']) retrieved from /home/airflow/.local/lib/python3.7/site-packages/airflow/example_dags/example_task_group_decorator.py
[2025-10-21T00:56:34.591+0000] {logging_mixin.py:149} INFO - [2025-10-21T00:56:34.590+0000] {dag.py:2726} INFO - Sync 1 DAGs
[2025-10-21T00:56:34.680+0000] {logging_mixin.py:149} INFO - [2025-10-21T00:56:34.680+0000] {dag.py:3490} INFO - Setting next_dagrun for example_task_group_decorator to 2025-10-20T00:56:34.679729+00:00, run_after=2025-10-21T00:56:34.679729+00:00
[2025-10-21T00:56:34.753+0000] {processor.py:179} INFO - Processing /home/airflow/.local/lib/python3.7/site-packages/airflow/example_dags/example_task_group_decorator.py took 0.325 seconds
[2025-10-21T00:57:04.931+0000] {processor.py:157} INFO - Started process (PID=1016) to work on /home/airflow/.local/lib/python3.7/site-packages/airflow/example_dags/example_task_group_decorator.py
[2025-10-21T00:57:04.934+0000] {processor.py:826} INFO - Processing file /home/airflow/.local/lib/python3.7/site-packages/airflow/example_dags/example_task_group_decorator.py for tasks to queue
[2025-10-21T00:57:04.941+0000] {logging_mixin.py:149} INFO - [2025-10-21T00:57:04.941+0000] {dagbag.py:541} INFO - Filling up the DagBag from /home/airflow/.local/lib/python3.7/site-packages/airflow/example_dags/example_task_group_decorator.py
[2025-10-21T00:57:04.970+0000] {processor.py:836} INFO - DAG(s) dict_keys(['example_task_group_decorator']) retrieved from /home/airflow/.local/lib/python3.7/site-packages/airflow/example_dags/example_task_group_decorator.py
[2025-10-21T00:57:05.024+0000] {logging_mixin.py:149} INFO - [2025-10-21T00:57:05.024+0000] {dag.py:2726} INFO - Sync 1 DAGs
[2025-10-21T00:57:05.067+0000] {logging_mixin.py:149} INFO - [2025-10-21T00:57:05.067+0000] {dag.py:3490} INFO - Setting next_dagrun for example_task_group_decorator to 2025-10-20T00:57:05.067190+00:00, run_after=2025-10-21T00:57:05.067190+00:00
[2025-10-21T00:57:05.106+0000] {processor.py:179} INFO - Processing /home/airflow/.local/lib/python3.7/site-packages/airflow/example_dags/example_task_group_decorator.py took 0.182 seconds
[2025-10-21T00:57:36.135+0000] {processor.py:157} INFO - Started process (PID=1082) to work on /home/airflow/.local/lib/python3.7/site-packages/airflow/example_dags/example_task_group_decorator.py
[2025-10-21T00:57:36.137+0000] {processor.py:826} INFO - Processing file /home/airflow/.local/lib/python3.7/site-packages/airflow/example_dags/example_task_group_decorator.py for tasks to queue
[2025-10-21T00:57:36.138+0000] {logging_mixin.py:149} INFO - [2025-10-21T00:57:36.138+0000] {dagbag.py:541} INFO - Filling up the DagBag from /home/airflow/.local/lib/python3.7/site-packages/airflow/example_dags/example_task_group_decorator.py
[2025-10-21T00:57:36.164+0000] {processor.py:836} INFO - DAG(s) dict_keys(['example_task_group_decorator']) retrieved from /home/airflow/.local/lib/python3.7/site-packages/airflow/example_dags/example_task_group_decorator.py
[2025-10-21T00:57:36.213+0000] {logging_mixin.py:149} INFO - [2025-10-21T00:57:36.213+0000] {dag.py:2726} INFO - Sync 1 DAGs
[2025-10-21T00:57:36.293+0000] {logging_mixin.py:149} INFO - [2025-10-21T00:57:36.293+0000] {dag.py:3490} INFO - Setting next_dagrun for example_task_group_decorator to 2025-10-20T00:57:36.293289+00:00, run_after=2025-10-21T00:57:36.293289+00:00
[2025-10-21T00:57:36.351+0000] {processor.py:179} INFO - Processing /home/airflow/.local/lib/python3.7/site-packages/airflow/example_dags/example_task_group_decorator.py took 0.222 seconds
[2025-10-21T00:58:06.495+0000] {processor.py:157} INFO - Started process (PID=1155) to work on /home/airflow/.local/lib/python3.7/site-packages/airflow/example_dags/example_task_group_decorator.py
[2025-10-21T00:58:06.498+0000] {processor.py:826} INFO - Processing file /home/airflow/.local/lib/python3.7/site-packages/airflow/example_dags/example_task_group_decorator.py for tasks to queue
[2025-10-21T00:58:06.501+0000] {logging_mixin.py:149} INFO - [2025-10-21T00:58:06.500+0000] {dagbag.py:541} INFO - Filling up the DagBag from /home/airflow/.local/lib/python3.7/site-packages/airflow/example_dags/example_task_group_decorator.py
[2025-10-21T00:58:06.554+0000] {processor.py:836} INFO - DAG(s) dict_keys(['example_task_group_decorator']) retrieved from /home/airflow/.local/lib/python3.7/site-packages/airflow/example_dags/example_task_group_decorator.py
[2025-10-21T00:58:06.638+0000] {logging_mixin.py:149} INFO - [2025-10-21T00:58:06.638+0000] {dag.py:2726} INFO - Sync 1 DAGs
[2025-10-21T00:58:06.689+0000] {logging_mixin.py:149} INFO - [2025-10-21T00:58:06.689+0000] {dag.py:3490} INFO - Setting next_dagrun for example_task_group_decorator to 2025-10-20T00:58:06.689176+00:00, run_after=2025-10-21T00:58:06.689176+00:00
[2025-10-21T00:58:06.732+0000] {processor.py:179} INFO - Processing /home/airflow/.local/lib/python3.7/site-packages/airflow/example_dags/example_task_group_decorator.py took 0.247 seconds
[2025-10-21T00:58:37.095+0000] {processor.py:157} INFO - Started process (PID=1223) to work on /home/airflow/.local/lib/python3.7/site-packages/airflow/example_dags/example_task_group_decorator.py
[2025-10-21T00:58:37.099+0000] {processor.py:826} INFO - Processing file /home/airflow/.local/lib/python3.7/site-packages/airflow/example_dags/example_task_group_decorator.py for tasks to queue
[2025-10-21T00:58:37.101+0000] {logging_mixin.py:149} INFO - [2025-10-21T00:58:37.101+0000] {dagbag.py:541} INFO - Filling up the DagBag from /home/airflow/.local/lib/python3.7/site-packages/airflow/example_dags/example_task_group_decorator.py
[2025-10-21T00:58:37.170+0000] {processor.py:836} INFO - DAG(s) dict_keys(['example_task_group_decorator']) retrieved from /home/airflow/.local/lib/python3.7/site-packages/airflow/example_dags/example_task_group_decorator.py
[2025-10-21T00:58:37.300+0000] {logging_mixin.py:149} INFO - [2025-10-21T00:58:37.300+0000] {dag.py:2726} INFO - Sync 1 DAGs
[2025-10-21T00:58:37.379+0000] {logging_mixin.py:149} INFO - [2025-10-21T00:58:37.379+0000] {dag.py:3490} INFO - Setting next_dagrun for example_task_group_decorator to 2025-10-20T00:58:37.378886+00:00, run_after=2025-10-21T00:58:37.378886+00:00
[2025-10-21T00:58:37.441+0000] {processor.py:179} INFO - Processing /home/airflow/.local/lib/python3.7/site-packages/airflow/example_dags/example_task_group_decorator.py took 0.357 seconds
[2025-10-21T00:59:08.149+0000] {processor.py:157} INFO - Started process (PID=1290) to work on /home/airflow/.local/lib/python3.7/site-packages/airflow/example_dags/example_task_group_decorator.py
[2025-10-21T00:59:08.152+0000] {processor.py:826} INFO - Processing file /home/airflow/.local/lib/python3.7/site-packages/airflow/example_dags/example_task_group_decorator.py for tasks to queue
[2025-10-21T00:59:08.154+0000] {logging_mixin.py:149} INFO - [2025-10-21T00:59:08.154+0000] {dagbag.py:541} INFO - Filling up the DagBag from /home/airflow/.local/lib/python3.7/site-packages/airflow/example_dags/example_task_group_decorator.py
[2025-10-21T00:59:08.212+0000] {processor.py:836} INFO - DAG(s) dict_keys(['example_task_group_decorator']) retrieved from /home/airflow/.local/lib/python3.7/site-packages/airflow/example_dags/example_task_group_decorator.py
[2025-10-21T00:59:08.291+0000] {logging_mixin.py:149} INFO - [2025-10-21T00:59:08.291+0000] {dag.py:2726} INFO - Sync 1 DAGs
[2025-10-21T00:59:08.368+0000] {logging_mixin.py:149} INFO - [2025-10-21T00:59:08.367+0000] {dag.py:3490} INFO - Setting next_dagrun for example_task_group_decorator to 2025-10-20T00:59:08.366973+00:00, run_after=2025-10-21T00:59:08.366973+00:00
[2025-10-21T00:59:08.427+0000] {processor.py:179} INFO - Processing /home/airflow/.local/lib/python3.7/site-packages/airflow/example_dags/example_task_group_decorator.py took 0.288 seconds
[2025-10-21T00:59:39.258+0000] {processor.py:157} INFO - Started process (PID=1356) to work on /home/airflow/.local/lib/python3.7/site-packages/airflow/example_dags/example_task_group_decorator.py
[2025-10-21T00:59:39.260+0000] {processor.py:826} INFO - Processing file /home/airflow/.local/lib/python3.7/site-packages/airflow/example_dags/example_task_group_decorator.py for tasks to queue
[2025-10-21T00:59:39.262+0000] {logging_mixin.py:149} INFO - [2025-10-21T00:59:39.262+0000] {dagbag.py:541} INFO - Filling up the DagBag from /home/airflow/.local/lib/python3.7/site-packages/airflow/example_dags/example_task_group_decorator.py
[2025-10-21T00:59:39.287+0000] {processor.py:836} INFO - DAG(s) dict_keys(['example_task_group_decorator']) retrieved from /home/airflow/.local/lib/python3.7/site-packages/airflow/example_dags/example_task_group_decorator.py
[2025-10-21T00:59:39.348+0000] {logging_mixin.py:149} INFO - [2025-10-21T00:59:39.347+0000] {dag.py:2726} INFO - Sync 1 DAGs
[2025-10-21T00:59:39.400+0000] {logging_mixin.py:149} INFO - [2025-10-21T00:59:39.400+0000] {dag.py:3490} INFO - Setting next_dagrun for example_task_group_decorator to 2025-10-20T00:59:39.399543+00:00, run_after=2025-10-21T00:59:39.399543+00:00
[2025-10-21T00:59:39.445+0000] {processor.py:179} INFO - Processing /home/airflow/.local/lib/python3.7/site-packages/airflow/example_dags/example_task_group_decorator.py took 0.194 seconds
[2025-10-21T01:00:09.558+0000] {processor.py:157} INFO - Started process (PID=1422) to work on /home/airflow/.local/lib/python3.7/site-packages/airflow/example_dags/example_task_group_decorator.py
[2025-10-21T01:00:09.561+0000] {processor.py:826} INFO - Processing file /home/airflow/.local/lib/python3.7/site-packages/airflow/example_dags/example_task_group_decorator.py for tasks to queue
[2025-10-21T01:00:09.563+0000] {logging_mixin.py:149} INFO - [2025-10-21T01:00:09.563+0000] {dagbag.py:541} INFO - Filling up the DagBag from /home/airflow/.local/lib/python3.7/site-packages/airflow/example_dags/example_task_group_decorator.py
[2025-10-21T01:00:09.601+0000] {processor.py:836} INFO - DAG(s) dict_keys(['example_task_group_decorator']) retrieved from /home/airflow/.local/lib/python3.7/site-packages/airflow/example_dags/example_task_group_decorator.py
[2025-10-21T01:00:09.682+0000] {logging_mixin.py:149} INFO - [2025-10-21T01:00:09.682+0000] {dag.py:2726} INFO - Sync 1 DAGs
[2025-10-21T01:00:09.754+0000] {logging_mixin.py:149} INFO - [2025-10-21T01:00:09.754+0000] {dag.py:3490} INFO - Setting next_dagrun for example_task_group_decorator to 2025-10-20T01:00:09.753804+00:00, run_after=2025-10-21T01:00:09.753804+00:00
[2025-10-21T01:00:09.812+0000] {processor.py:179} INFO - Processing /home/airflow/.local/lib/python3.7/site-packages/airflow/example_dags/example_task_group_decorator.py took 0.262 seconds
[2025-10-21T01:00:39.942+0000] {processor.py:157} INFO - Started process (PID=1488) to work on /home/airflow/.local/lib/python3.7/site-packages/airflow/example_dags/example_task_group_decorator.py
[2025-10-21T01:00:39.945+0000] {processor.py:826} INFO - Processing file /home/airflow/.local/lib/python3.7/site-packages/airflow/example_dags/example_task_group_decorator.py for tasks to queue
[2025-10-21T01:00:39.948+0000] {logging_mixin.py:149} INFO - [2025-10-21T01:00:39.947+0000] {dagbag.py:541} INFO - Filling up the DagBag from /home/airflow/.local/lib/python3.7/site-packages/airflow/example_dags/example_task_group_decorator.py
[2025-10-21T01:00:39.972+0000] {processor.py:836} INFO - DAG(s) dict_keys(['example_task_group_decorator']) retrieved from /home/airflow/.local/lib/python3.7/site-packages/airflow/example_dags/example_task_group_decorator.py
[2025-10-21T01:00:40.029+0000] {logging_mixin.py:149} INFO - [2025-10-21T01:00:40.029+0000] {dag.py:2726} INFO - Sync 1 DAGs
[2025-10-21T01:00:40.075+0000] {logging_mixin.py:149} INFO - [2025-10-21T01:00:40.075+0000] {dag.py:3490} INFO - Setting next_dagrun for example_task_group_decorator to 2025-10-20T01:00:40.075045+00:00, run_after=2025-10-21T01:00:40.075045+00:00
[2025-10-21T01:00:40.115+0000] {processor.py:179} INFO - Processing /home/airflow/.local/lib/python3.7/site-packages/airflow/example_dags/example_task_group_decorator.py took 0.179 seconds
[2025-10-21T01:01:10.671+0000] {processor.py:157} INFO - Started process (PID=1554) to work on /home/airflow/.local/lib/python3.7/site-packages/airflow/example_dags/example_task_group_decorator.py
[2025-10-21T01:01:10.673+0000] {processor.py:826} INFO - Processing file /home/airflow/.local/lib/python3.7/site-packages/airflow/example_dags/example_task_group_decorator.py for tasks to queue
[2025-10-21T01:01:10.675+0000] {logging_mixin.py:149} INFO - [2025-10-21T01:01:10.675+0000] {dagbag.py:541} INFO - Filling up the DagBag from /home/airflow/.local/lib/python3.7/site-packages/airflow/example_dags/example_task_group_decorator.py
[2025-10-21T01:01:10.699+0000] {processor.py:836} INFO - DAG(s) dict_keys(['example_task_group_decorator']) retrieved from /home/airflow/.local/lib/python3.7/site-packages/airflow/example_dags/example_task_group_decorator.py
[2025-10-21T01:01:10.755+0000] {logging_mixin.py:149} INFO - [2025-10-21T01:01:10.755+0000] {dag.py:2726} INFO - Sync 1 DAGs
[2025-10-21T01:01:10.809+0000] {logging_mixin.py:149} INFO - [2025-10-21T01:01:10.808+0000] {dag.py:3490} INFO - Setting next_dagrun for example_task_group_decorator to 2025-10-20T01:01:10.808391+00:00, run_after=2025-10-21T01:01:10.808391+00:00
[2025-10-21T01:01:10.855+0000] {processor.py:179} INFO - Processing /home/airflow/.local/lib/python3.7/site-packages/airflow/example_dags/example_task_group_decorator.py took 0.192 seconds
[2025-10-21T01:01:41.677+0000] {processor.py:157} INFO - Started process (PID=1620) to work on /home/airflow/.local/lib/python3.7/site-packages/airflow/example_dags/example_task_group_decorator.py
[2025-10-21T01:01:41.679+0000] {processor.py:826} INFO - Processing file /home/airflow/.local/lib/python3.7/site-packages/airflow/example_dags/example_task_group_decorator.py for tasks to queue
[2025-10-21T01:01:41.681+0000] {logging_mixin.py:149} INFO - [2025-10-21T01:01:41.681+0000] {dagbag.py:541} INFO - Filling up the DagBag from /home/airflow/.local/lib/python3.7/site-packages/airflow/example_dags/example_task_group_decorator.py
[2025-10-21T01:01:41.710+0000] {processor.py:836} INFO - DAG(s) dict_keys(['example_task_group_decorator']) retrieved from /home/airflow/.local/lib/python3.7/site-packages/airflow/example_dags/example_task_group_decorator.py
[2025-10-21T01:01:41.760+0000] {logging_mixin.py:149} INFO - [2025-10-21T01:01:41.760+0000] {dag.py:2726} INFO - Sync 1 DAGs
[2025-10-21T01:01:41.801+0000] {logging_mixin.py:149} INFO - [2025-10-21T01:01:41.801+0000] {dag.py:3490} INFO - Setting next_dagrun for example_task_group_decorator to 2025-10-20T01:01:41.801384+00:00, run_after=2025-10-21T01:01:41.801384+00:00
[2025-10-21T01:01:41.836+0000] {processor.py:179} INFO - Processing /home/airflow/.local/lib/python3.7/site-packages/airflow/example_dags/example_task_group_decorator.py took 0.166 seconds
[2025-10-21T01:02:12.120+0000] {processor.py:157} INFO - Started process (PID=1686) to work on /home/airflow/.local/lib/python3.7/site-packages/airflow/example_dags/example_task_group_decorator.py
[2025-10-21T01:02:12.122+0000] {processor.py:826} INFO - Processing file /home/airflow/.local/lib/python3.7/site-packages/airflow/example_dags/example_task_group_decorator.py for tasks to queue
[2025-10-21T01:02:12.123+0000] {logging_mixin.py:149} INFO - [2025-10-21T01:02:12.123+0000] {dagbag.py:541} INFO - Filling up the DagBag from /home/airflow/.local/lib/python3.7/site-packages/airflow/example_dags/example_task_group_decorator.py
[2025-10-21T01:02:12.146+0000] {processor.py:836} INFO - DAG(s) dict_keys(['example_task_group_decorator']) retrieved from /home/airflow/.local/lib/python3.7/site-packages/airflow/example_dags/example_task_group_decorator.py
[2025-10-21T01:02:12.195+0000] {logging_mixin.py:149} INFO - [2025-10-21T01:02:12.195+0000] {dag.py:2726} INFO - Sync 1 DAGs
[2025-10-21T01:02:12.238+0000] {logging_mixin.py:149} INFO - [2025-10-21T01:02:12.238+0000] {dag.py:3490} INFO - Setting next_dagrun for example_task_group_decorator to 2025-10-20T01:02:12.238117+00:00, run_after=2025-10-21T01:02:12.238117+00:00
[2025-10-21T01:02:12.272+0000] {processor.py:179} INFO - Processing /home/airflow/.local/lib/python3.7/site-packages/airflow/example_dags/example_task_group_decorator.py took 0.158 seconds
[2025-10-21T01:02:42.708+0000] {processor.py:157} INFO - Started process (PID=1752) to work on /home/airflow/.local/lib/python3.7/site-packages/airflow/example_dags/example_task_group_decorator.py
[2025-10-21T01:02:42.710+0000] {processor.py:826} INFO - Processing file /home/airflow/.local/lib/python3.7/site-packages/airflow/example_dags/example_task_group_decorator.py for tasks to queue
[2025-10-21T01:02:42.712+0000] {logging_mixin.py:149} INFO - [2025-10-21T01:02:42.712+0000] {dagbag.py:541} INFO - Filling up the DagBag from /home/airflow/.local/lib/python3.7/site-packages/airflow/example_dags/example_task_group_decorator.py
[2025-10-21T01:02:42.735+0000] {processor.py:836} INFO - DAG(s) dict_keys(['example_task_group_decorator']) retrieved from /home/airflow/.local/lib/python3.7/site-packages/airflow/example_dags/example_task_group_decorator.py
[2025-10-21T01:02:42.787+0000] {logging_mixin.py:149} INFO - [2025-10-21T01:02:42.787+0000] {dag.py:2726} INFO - Sync 1 DAGs
[2025-10-21T01:02:42.841+0000] {logging_mixin.py:149} INFO - [2025-10-21T01:02:42.841+0000] {dag.py:3490} INFO - Setting next_dagrun for example_task_group_decorator to 2025-10-20T01:02:42.840741+00:00, run_after=2025-10-21T01:02:42.840741+00:00
[2025-10-21T01:02:42.882+0000] {processor.py:179} INFO - Processing /home/airflow/.local/lib/python3.7/site-packages/airflow/example_dags/example_task_group_decorator.py took 0.183 seconds
[2025-10-21T01:03:13.324+0000] {processor.py:157} INFO - Started process (PID=1819) to work on /home/airflow/.local/lib/python3.7/site-packages/airflow/example_dags/example_task_group_decorator.py
[2025-10-21T01:03:13.326+0000] {processor.py:826} INFO - Processing file /home/airflow/.local/lib/python3.7/site-packages/airflow/example_dags/example_task_group_decorator.py for tasks to queue
[2025-10-21T01:03:13.328+0000] {logging_mixin.py:149} INFO - [2025-10-21T01:03:13.327+0000] {dagbag.py:541} INFO - Filling up the DagBag from /home/airflow/.local/lib/python3.7/site-packages/airflow/example_dags/example_task_group_decorator.py
[2025-10-21T01:03:13.348+0000] {processor.py:836} INFO - DAG(s) dict_keys(['example_task_group_decorator']) retrieved from /home/airflow/.local/lib/python3.7/site-packages/airflow/example_dags/example_task_group_decorator.py
[2025-10-21T01:03:13.401+0000] {logging_mixin.py:149} INFO - [2025-10-21T01:03:13.401+0000] {dag.py:2726} INFO - Sync 1 DAGs
[2025-10-21T01:03:13.442+0000] {logging_mixin.py:149} INFO - [2025-10-21T01:03:13.442+0000] {dag.py:3490} INFO - Setting next_dagrun for example_task_group_decorator to 2025-10-20T01:03:13.442069+00:00, run_after=2025-10-21T01:03:13.442069+00:00
[2025-10-21T01:03:13.481+0000] {processor.py:179} INFO - Processing /home/airflow/.local/lib/python3.7/site-packages/airflow/example_dags/example_task_group_decorator.py took 0.163 seconds
[2025-10-21T01:03:44.109+0000] {processor.py:157} INFO - Started process (PID=1885) to work on /home/airflow/.local/lib/python3.7/site-packages/airflow/example_dags/example_task_group_decorator.py
[2025-10-21T01:03:44.111+0000] {processor.py:826} INFO - Processing file /home/airflow/.local/lib/python3.7/site-packages/airflow/example_dags/example_task_group_decorator.py for tasks to queue
[2025-10-21T01:03:44.113+0000] {logging_mixin.py:149} INFO - [2025-10-21T01:03:44.112+0000] {dagbag.py:541} INFO - Filling up the DagBag from /home/airflow/.local/lib/python3.7/site-packages/airflow/example_dags/example_task_group_decorator.py
[2025-10-21T01:03:44.143+0000] {processor.py:836} INFO - DAG(s) dict_keys(['example_task_group_decorator']) retrieved from /home/airflow/.local/lib/python3.7/site-packages/airflow/example_dags/example_task_group_decorator.py
[2025-10-21T01:03:44.201+0000] {logging_mixin.py:149} INFO - [2025-10-21T01:03:44.200+0000] {dag.py:2726} INFO - Sync 1 DAGs
[2025-10-21T01:03:44.258+0000] {logging_mixin.py:149} INFO - [2025-10-21T01:03:44.258+0000] {dag.py:3490} INFO - Setting next_dagrun for example_task_group_decorator to 2025-10-20T01:03:44.257636+00:00, run_after=2025-10-21T01:03:44.257636+00:00
[2025-10-21T01:03:44.303+0000] {processor.py:179} INFO - Processing /home/airflow/.local/lib/python3.7/site-packages/airflow/example_dags/example_task_group_decorator.py took 0.202 seconds
[2025-10-21T01:04:14.768+0000] {processor.py:157} INFO - Started process (PID=1951) to work on /home/airflow/.local/lib/python3.7/site-packages/airflow/example_dags/example_task_group_decorator.py
[2025-10-21T01:04:14.771+0000] {processor.py:826} INFO - Processing file /home/airflow/.local/lib/python3.7/site-packages/airflow/example_dags/example_task_group_decorator.py for tasks to queue
[2025-10-21T01:04:14.774+0000] {logging_mixin.py:149} INFO - [2025-10-21T01:04:14.773+0000] {dagbag.py:541} INFO - Filling up the DagBag from /home/airflow/.local/lib/python3.7/site-packages/airflow/example_dags/example_task_group_decorator.py
[2025-10-21T01:04:14.817+0000] {processor.py:836} INFO - DAG(s) dict_keys(['example_task_group_decorator']) retrieved from /home/airflow/.local/lib/python3.7/site-packages/airflow/example_dags/example_task_group_decorator.py
[2025-10-21T01:04:14.897+0000] {logging_mixin.py:149} INFO - [2025-10-21T01:04:14.897+0000] {dag.py:2726} INFO - Sync 1 DAGs
[2025-10-21T01:04:15.018+0000] {logging_mixin.py:149} INFO - [2025-10-21T01:04:15.018+0000] {dag.py:3490} INFO - Setting next_dagrun for example_task_group_decorator to 2025-10-20T01:04:15.017301+00:00, run_after=2025-10-21T01:04:15.017301+00:00
[2025-10-21T01:04:15.098+0000] {processor.py:179} INFO - Processing /home/airflow/.local/lib/python3.7/site-packages/airflow/example_dags/example_task_group_decorator.py took 0.342 seconds
[2025-10-21T01:04:45.784+0000] {processor.py:157} INFO - Started process (PID=2017) to work on /home/airflow/.local/lib/python3.7/site-packages/airflow/example_dags/example_task_group_decorator.py
[2025-10-21T01:04:45.787+0000] {processor.py:826} INFO - Processing file /home/airflow/.local/lib/python3.7/site-packages/airflow/example_dags/example_task_group_decorator.py for tasks to queue
[2025-10-21T01:04:45.789+0000] {logging_mixin.py:149} INFO - [2025-10-21T01:04:45.788+0000] {dagbag.py:541} INFO - Filling up the DagBag from /home/airflow/.local/lib/python3.7/site-packages/airflow/example_dags/example_task_group_decorator.py
[2025-10-21T01:04:45.821+0000] {processor.py:836} INFO - DAG(s) dict_keys(['example_task_group_decorator']) retrieved from /home/airflow/.local/lib/python3.7/site-packages/airflow/example_dags/example_task_group_decorator.py
[2025-10-21T01:04:45.897+0000] {logging_mixin.py:149} INFO - [2025-10-21T01:04:45.897+0000] {dag.py:2726} INFO - Sync 1 DAGs
[2025-10-21T01:04:45.954+0000] {logging_mixin.py:149} INFO - [2025-10-21T01:04:45.953+0000] {dag.py:3490} INFO - Setting next_dagrun for example_task_group_decorator to 2025-10-20T01:04:45.952577+00:00, run_after=2025-10-21T01:04:45.952577+00:00
[2025-10-21T01:04:45.999+0000] {processor.py:179} INFO - Processing /home/airflow/.local/lib/python3.7/site-packages/airflow/example_dags/example_task_group_decorator.py took 0.222 seconds
[2025-10-21T01:05:16.415+0000] {processor.py:157} INFO - Started process (PID=2083) to work on /home/airflow/.local/lib/python3.7/site-packages/airflow/example_dags/example_task_group_decorator.py
[2025-10-21T01:05:16.417+0000] {processor.py:826} INFO - Processing file /home/airflow/.local/lib/python3.7/site-packages/airflow/example_dags/example_task_group_decorator.py for tasks to queue
[2025-10-21T01:05:16.419+0000] {logging_mixin.py:149} INFO - [2025-10-21T01:05:16.418+0000] {dagbag.py:541} INFO - Filling up the DagBag from /home/airflow/.local/lib/python3.7/site-packages/airflow/example_dags/example_task_group_decorator.py
[2025-10-21T01:05:16.449+0000] {processor.py:836} INFO - DAG(s) dict_keys(['example_task_group_decorator']) retrieved from /home/airflow/.local/lib/python3.7/site-packages/airflow/example_dags/example_task_group_decorator.py
[2025-10-21T01:05:16.533+0000] {logging_mixin.py:149} INFO - [2025-10-21T01:05:16.533+0000] {dag.py:2726} INFO - Sync 1 DAGs
[2025-10-21T01:05:16.601+0000] {logging_mixin.py:149} INFO - [2025-10-21T01:05:16.601+0000] {dag.py:3490} INFO - Setting next_dagrun for example_task_group_decorator to 2025-10-20T01:05:16.600804+00:00, run_after=2025-10-21T01:05:16.600804+00:00
[2025-10-21T01:05:16.649+0000] {processor.py:179} INFO - Processing /home/airflow/.local/lib/python3.7/site-packages/airflow/example_dags/example_task_group_decorator.py took 0.242 seconds
[2025-10-21T01:05:47.979+0000] {processor.py:157} INFO - Started process (PID=2149) to work on /home/airflow/.local/lib/python3.7/site-packages/airflow/example_dags/example_task_group_decorator.py
[2025-10-21T01:05:47.982+0000] {processor.py:826} INFO - Processing file /home/airflow/.local/lib/python3.7/site-packages/airflow/example_dags/example_task_group_decorator.py for tasks to queue
[2025-10-21T01:05:47.983+0000] {logging_mixin.py:149} INFO - [2025-10-21T01:05:47.983+0000] {dagbag.py:541} INFO - Filling up the DagBag from /home/airflow/.local/lib/python3.7/site-packages/airflow/example_dags/example_task_group_decorator.py
[2025-10-21T01:05:48.009+0000] {processor.py:836} INFO - DAG(s) dict_keys(['example_task_group_decorator']) retrieved from /home/airflow/.local/lib/python3.7/site-packages/airflow/example_dags/example_task_group_decorator.py
[2025-10-21T01:05:48.060+0000] {logging_mixin.py:149} INFO - [2025-10-21T01:05:48.059+0000] {dag.py:2726} INFO - Sync 1 DAGs
[2025-10-21T01:05:48.113+0000] {logging_mixin.py:149} INFO - [2025-10-21T01:05:48.112+0000] {dag.py:3490} INFO - Setting next_dagrun for example_task_group_decorator to 2025-10-20T01:05:48.112317+00:00, run_after=2025-10-21T01:05:48.112317+00:00
[2025-10-21T01:05:48.157+0000] {processor.py:179} INFO - Processing /home/airflow/.local/lib/python3.7/site-packages/airflow/example_dags/example_task_group_decorator.py took 0.183 seconds
[2025-10-21T01:06:18.350+0000] {processor.py:157} INFO - Started process (PID=2206) to work on /home/airflow/.local/lib/python3.7/site-packages/airflow/example_dags/example_task_group_decorator.py
[2025-10-21T01:06:18.351+0000] {processor.py:826} INFO - Processing file /home/airflow/.local/lib/python3.7/site-packages/airflow/example_dags/example_task_group_decorator.py for tasks to queue
[2025-10-21T01:06:18.353+0000] {logging_mixin.py:149} INFO - [2025-10-21T01:06:18.353+0000] {dagbag.py:541} INFO - Filling up the DagBag from /home/airflow/.local/lib/python3.7/site-packages/airflow/example_dags/example_task_group_decorator.py
[2025-10-21T01:06:18.379+0000] {processor.py:836} INFO - DAG(s) dict_keys(['example_task_group_decorator']) retrieved from /home/airflow/.local/lib/python3.7/site-packages/airflow/example_dags/example_task_group_decorator.py
[2025-10-21T01:06:18.432+0000] {logging_mixin.py:149} INFO - [2025-10-21T01:06:18.432+0000] {dag.py:2726} INFO - Sync 1 DAGs
[2025-10-21T01:06:18.480+0000] {logging_mixin.py:149} INFO - [2025-10-21T01:06:18.480+0000] {dag.py:3490} INFO - Setting next_dagrun for example_task_group_decorator to 2025-10-20T01:06:18.479833+00:00, run_after=2025-10-21T01:06:18.479833+00:00
[2025-10-21T01:06:18.524+0000] {processor.py:179} INFO - Processing /home/airflow/.local/lib/python3.7/site-packages/airflow/example_dags/example_task_group_decorator.py took 0.181 seconds
[2025-10-21T01:06:48.712+0000] {processor.py:157} INFO - Started process (PID=2273) to work on /home/airflow/.local/lib/python3.7/site-packages/airflow/example_dags/example_task_group_decorator.py
[2025-10-21T01:06:48.714+0000] {processor.py:826} INFO - Processing file /home/airflow/.local/lib/python3.7/site-packages/airflow/example_dags/example_task_group_decorator.py for tasks to queue
[2025-10-21T01:06:48.716+0000] {logging_mixin.py:149} INFO - [2025-10-21T01:06:48.715+0000] {dagbag.py:541} INFO - Filling up the DagBag from /home/airflow/.local/lib/python3.7/site-packages/airflow/example_dags/example_task_group_decorator.py
[2025-10-21T01:06:48.737+0000] {processor.py:836} INFO - DAG(s) dict_keys(['example_task_group_decorator']) retrieved from /home/airflow/.local/lib/python3.7/site-packages/airflow/example_dags/example_task_group_decorator.py
[2025-10-21T01:06:48.786+0000] {logging_mixin.py:149} INFO - [2025-10-21T01:06:48.786+0000] {dag.py:2726} INFO - Sync 1 DAGs
[2025-10-21T01:06:48.838+0000] {logging_mixin.py:149} INFO - [2025-10-21T01:06:48.838+0000] {dag.py:3490} INFO - Setting next_dagrun for example_task_group_decorator to 2025-10-20T01:06:48.838290+00:00, run_after=2025-10-21T01:06:48.838290+00:00
[2025-10-21T01:06:48.877+0000] {processor.py:179} INFO - Processing /home/airflow/.local/lib/python3.7/site-packages/airflow/example_dags/example_task_group_decorator.py took 0.171 seconds
[2025-10-21T01:07:19.202+0000] {processor.py:157} INFO - Started process (PID=2340) to work on /home/airflow/.local/lib/python3.7/site-packages/airflow/example_dags/example_task_group_decorator.py
[2025-10-21T01:07:19.203+0000] {processor.py:826} INFO - Processing file /home/airflow/.local/lib/python3.7/site-packages/airflow/example_dags/example_task_group_decorator.py for tasks to queue
[2025-10-21T01:07:19.206+0000] {logging_mixin.py:149} INFO - [2025-10-21T01:07:19.206+0000] {dagbag.py:541} INFO - Filling up the DagBag from /home/airflow/.local/lib/python3.7/site-packages/airflow/example_dags/example_task_group_decorator.py
[2025-10-21T01:07:19.232+0000] {processor.py:836} INFO - DAG(s) dict_keys(['example_task_group_decorator']) retrieved from /home/airflow/.local/lib/python3.7/site-packages/airflow/example_dags/example_task_group_decorator.py
[2025-10-21T01:07:19.284+0000] {logging_mixin.py:149} INFO - [2025-10-21T01:07:19.284+0000] {dag.py:2726} INFO - Sync 1 DAGs
[2025-10-21T01:07:19.331+0000] {logging_mixin.py:149} INFO - [2025-10-21T01:07:19.331+0000] {dag.py:3490} INFO - Setting next_dagrun for example_task_group_decorator to 2025-10-20T01:07:19.331276+00:00, run_after=2025-10-21T01:07:19.331276+00:00
[2025-10-21T01:07:19.372+0000] {processor.py:179} INFO - Processing /home/airflow/.local/lib/python3.7/site-packages/airflow/example_dags/example_task_group_decorator.py took 0.176 seconds
[2025-10-21T01:07:49.817+0000] {processor.py:157} INFO - Started process (PID=2406) to work on /home/airflow/.local/lib/python3.7/site-packages/airflow/example_dags/example_task_group_decorator.py
[2025-10-21T01:07:49.820+0000] {processor.py:826} INFO - Processing file /home/airflow/.local/lib/python3.7/site-packages/airflow/example_dags/example_task_group_decorator.py for tasks to queue
[2025-10-21T01:07:49.821+0000] {logging_mixin.py:149} INFO - [2025-10-21T01:07:49.821+0000] {dagbag.py:541} INFO - Filling up the DagBag from /home/airflow/.local/lib/python3.7/site-packages/airflow/example_dags/example_task_group_decorator.py
[2025-10-21T01:07:49.850+0000] {processor.py:836} INFO - DAG(s) dict_keys(['example_task_group_decorator']) retrieved from /home/airflow/.local/lib/python3.7/site-packages/airflow/example_dags/example_task_group_decorator.py
[2025-10-21T01:07:49.901+0000] {logging_mixin.py:149} INFO - [2025-10-21T01:07:49.901+0000] {dag.py:2726} INFO - Sync 1 DAGs
[2025-10-21T01:07:49.960+0000] {logging_mixin.py:149} INFO - [2025-10-21T01:07:49.959+0000] {dag.py:3490} INFO - Setting next_dagrun for example_task_group_decorator to 2025-10-20T01:07:49.958612+00:00, run_after=2025-10-21T01:07:49.958612+00:00
[2025-10-21T01:07:50.002+0000] {processor.py:179} INFO - Processing /home/airflow/.local/lib/python3.7/site-packages/airflow/example_dags/example_task_group_decorator.py took 0.192 seconds
[2025-10-21T01:08:20.478+0000] {processor.py:157} INFO - Started process (PID=2472) to work on /home/airflow/.local/lib/python3.7/site-packages/airflow/example_dags/example_task_group_decorator.py
[2025-10-21T01:08:20.480+0000] {processor.py:826} INFO - Processing file /home/airflow/.local/lib/python3.7/site-packages/airflow/example_dags/example_task_group_decorator.py for tasks to queue
[2025-10-21T01:08:20.482+0000] {logging_mixin.py:149} INFO - [2025-10-21T01:08:20.482+0000] {dagbag.py:541} INFO - Filling up the DagBag from /home/airflow/.local/lib/python3.7/site-packages/airflow/example_dags/example_task_group_decorator.py
[2025-10-21T01:08:20.513+0000] {processor.py:836} INFO - DAG(s) dict_keys(['example_task_group_decorator']) retrieved from /home/airflow/.local/lib/python3.7/site-packages/airflow/example_dags/example_task_group_decorator.py
[2025-10-21T01:08:20.594+0000] {logging_mixin.py:149} INFO - [2025-10-21T01:08:20.594+0000] {dag.py:2726} INFO - Sync 1 DAGs
[2025-10-21T01:08:20.666+0000] {logging_mixin.py:149} INFO - [2025-10-21T01:08:20.665+0000] {dag.py:3490} INFO - Setting next_dagrun for example_task_group_decorator to 2025-10-20T01:08:20.665184+00:00, run_after=2025-10-21T01:08:20.665184+00:00
[2025-10-21T01:08:20.725+0000] {processor.py:179} INFO - Processing /home/airflow/.local/lib/python3.7/site-packages/airflow/example_dags/example_task_group_decorator.py took 0.254 seconds
[2025-10-21T01:08:51.328+0000] {processor.py:157} INFO - Started process (PID=2538) to work on /home/airflow/.local/lib/python3.7/site-packages/airflow/example_dags/example_task_group_decorator.py
[2025-10-21T01:08:51.330+0000] {processor.py:826} INFO - Processing file /home/airflow/.local/lib/python3.7/site-packages/airflow/example_dags/example_task_group_decorator.py for tasks to queue
[2025-10-21T01:08:51.332+0000] {logging_mixin.py:149} INFO - [2025-10-21T01:08:51.331+0000] {dagbag.py:541} INFO - Filling up the DagBag from /home/airflow/.local/lib/python3.7/site-packages/airflow/example_dags/example_task_group_decorator.py
[2025-10-21T01:08:51.353+0000] {processor.py:836} INFO - DAG(s) dict_keys(['example_task_group_decorator']) retrieved from /home/airflow/.local/lib/python3.7/site-packages/airflow/example_dags/example_task_group_decorator.py
[2025-10-21T01:08:51.408+0000] {logging_mixin.py:149} INFO - [2025-10-21T01:08:51.407+0000] {dag.py:2726} INFO - Sync 1 DAGs
[2025-10-21T01:08:51.454+0000] {logging_mixin.py:149} INFO - [2025-10-21T01:08:51.454+0000] {dag.py:3490} INFO - Setting next_dagrun for example_task_group_decorator to 2025-10-20T01:08:51.454340+00:00, run_after=2025-10-21T01:08:51.454340+00:00
[2025-10-21T01:08:51.496+0000] {processor.py:179} INFO - Processing /home/airflow/.local/lib/python3.7/site-packages/airflow/example_dags/example_task_group_decorator.py took 0.175 seconds
[2025-10-21T01:09:22.080+0000] {processor.py:157} INFO - Started process (PID=2604) to work on /home/airflow/.local/lib/python3.7/site-packages/airflow/example_dags/example_task_group_decorator.py
[2025-10-21T01:09:22.082+0000] {processor.py:826} INFO - Processing file /home/airflow/.local/lib/python3.7/site-packages/airflow/example_dags/example_task_group_decorator.py for tasks to queue
[2025-10-21T01:09:22.084+0000] {logging_mixin.py:149} INFO - [2025-10-21T01:09:22.084+0000] {dagbag.py:541} INFO - Filling up the DagBag from /home/airflow/.local/lib/python3.7/site-packages/airflow/example_dags/example_task_group_decorator.py
[2025-10-21T01:09:22.117+0000] {processor.py:836} INFO - DAG(s) dict_keys(['example_task_group_decorator']) retrieved from /home/airflow/.local/lib/python3.7/site-packages/airflow/example_dags/example_task_group_decorator.py
[2025-10-21T01:09:22.183+0000] {logging_mixin.py:149} INFO - [2025-10-21T01:09:22.182+0000] {dag.py:2726} INFO - Sync 1 DAGs
[2025-10-21T01:09:22.246+0000] {logging_mixin.py:149} INFO - [2025-10-21T01:09:22.245+0000] {dag.py:3490} INFO - Setting next_dagrun for example_task_group_decorator to 2025-10-20T01:09:22.244850+00:00, run_after=2025-10-21T01:09:22.244850+00:00
[2025-10-21T01:09:22.304+0000] {processor.py:179} INFO - Processing /home/airflow/.local/lib/python3.7/site-packages/airflow/example_dags/example_task_group_decorator.py took 0.231 seconds
[2025-10-21T01:09:52.752+0000] {processor.py:157} INFO - Started process (PID=2671) to work on /home/airflow/.local/lib/python3.7/site-packages/airflow/example_dags/example_task_group_decorator.py
[2025-10-21T01:09:52.755+0000] {processor.py:826} INFO - Processing file /home/airflow/.local/lib/python3.7/site-packages/airflow/example_dags/example_task_group_decorator.py for tasks to queue
[2025-10-21T01:09:52.758+0000] {logging_mixin.py:149} INFO - [2025-10-21T01:09:52.758+0000] {dagbag.py:541} INFO - Filling up the DagBag from /home/airflow/.local/lib/python3.7/site-packages/airflow/example_dags/example_task_group_decorator.py
[2025-10-21T01:09:52.802+0000] {processor.py:836} INFO - DAG(s) dict_keys(['example_task_group_decorator']) retrieved from /home/airflow/.local/lib/python3.7/site-packages/airflow/example_dags/example_task_group_decorator.py
[2025-10-21T01:09:52.869+0000] {logging_mixin.py:149} INFO - [2025-10-21T01:09:52.868+0000] {dag.py:2726} INFO - Sync 1 DAGs
[2025-10-21T01:09:52.934+0000] {logging_mixin.py:149} INFO - [2025-10-21T01:09:52.934+0000] {dag.py:3490} INFO - Setting next_dagrun for example_task_group_decorator to 2025-10-20T01:09:52.933936+00:00, run_after=2025-10-21T01:09:52.933936+00:00
[2025-10-21T01:09:52.983+0000] {processor.py:179} INFO - Processing /home/airflow/.local/lib/python3.7/site-packages/airflow/example_dags/example_task_group_decorator.py took 0.244 seconds
[2025-10-21T01:10:23.395+0000] {processor.py:157} INFO - Started process (PID=2738) to work on /home/airflow/.local/lib/python3.7/site-packages/airflow/example_dags/example_task_group_decorator.py
[2025-10-21T01:10:23.397+0000] {processor.py:826} INFO - Processing file /home/airflow/.local/lib/python3.7/site-packages/airflow/example_dags/example_task_group_decorator.py for tasks to queue
[2025-10-21T01:10:23.398+0000] {logging_mixin.py:149} INFO - [2025-10-21T01:10:23.398+0000] {dagbag.py:541} INFO - Filling up the DagBag from /home/airflow/.local/lib/python3.7/site-packages/airflow/example_dags/example_task_group_decorator.py
[2025-10-21T01:10:23.428+0000] {processor.py:836} INFO - DAG(s) dict_keys(['example_task_group_decorator']) retrieved from /home/airflow/.local/lib/python3.7/site-packages/airflow/example_dags/example_task_group_decorator.py
[2025-10-21T01:10:23.481+0000] {logging_mixin.py:149} INFO - [2025-10-21T01:10:23.481+0000] {dag.py:2726} INFO - Sync 1 DAGs
[2025-10-21T01:10:23.533+0000] {logging_mixin.py:149} INFO - [2025-10-21T01:10:23.533+0000] {dag.py:3490} INFO - Setting next_dagrun for example_task_group_decorator to 2025-10-20T01:10:23.532682+00:00, run_after=2025-10-21T01:10:23.532682+00:00
[2025-10-21T01:10:23.580+0000] {processor.py:179} INFO - Processing /home/airflow/.local/lib/python3.7/site-packages/airflow/example_dags/example_task_group_decorator.py took 0.190 seconds
[2025-10-21T01:10:54.056+0000] {processor.py:157} INFO - Started process (PID=2804) to work on /home/airflow/.local/lib/python3.7/site-packages/airflow/example_dags/example_task_group_decorator.py
[2025-10-21T01:10:54.058+0000] {processor.py:826} INFO - Processing file /home/airflow/.local/lib/python3.7/site-packages/airflow/example_dags/example_task_group_decorator.py for tasks to queue
[2025-10-21T01:10:54.060+0000] {logging_mixin.py:149} INFO - [2025-10-21T01:10:54.060+0000] {dagbag.py:541} INFO - Filling up the DagBag from /home/airflow/.local/lib/python3.7/site-packages/airflow/example_dags/example_task_group_decorator.py
[2025-10-21T01:10:54.084+0000] {processor.py:836} INFO - DAG(s) dict_keys(['example_task_group_decorator']) retrieved from /home/airflow/.local/lib/python3.7/site-packages/airflow/example_dags/example_task_group_decorator.py
[2025-10-21T01:10:54.141+0000] {logging_mixin.py:149} INFO - [2025-10-21T01:10:54.141+0000] {dag.py:2726} INFO - Sync 1 DAGs
[2025-10-21T01:10:54.190+0000] {logging_mixin.py:149} INFO - [2025-10-21T01:10:54.190+0000] {dag.py:3490} INFO - Setting next_dagrun for example_task_group_decorator to 2025-10-20T01:10:54.190187+00:00, run_after=2025-10-21T01:10:54.190187+00:00
[2025-10-21T01:10:54.237+0000] {processor.py:179} INFO - Processing /home/airflow/.local/lib/python3.7/site-packages/airflow/example_dags/example_task_group_decorator.py took 0.186 seconds
[2025-10-21T01:11:24.653+0000] {processor.py:157} INFO - Started process (PID=2870) to work on /home/airflow/.local/lib/python3.7/site-packages/airflow/example_dags/example_task_group_decorator.py
[2025-10-21T01:11:24.655+0000] {processor.py:826} INFO - Processing file /home/airflow/.local/lib/python3.7/site-packages/airflow/example_dags/example_task_group_decorator.py for tasks to queue
[2025-10-21T01:11:24.656+0000] {logging_mixin.py:149} INFO - [2025-10-21T01:11:24.656+0000] {dagbag.py:541} INFO - Filling up the DagBag from /home/airflow/.local/lib/python3.7/site-packages/airflow/example_dags/example_task_group_decorator.py
[2025-10-21T01:11:24.683+0000] {processor.py:836} INFO - DAG(s) dict_keys(['example_task_group_decorator']) retrieved from /home/airflow/.local/lib/python3.7/site-packages/airflow/example_dags/example_task_group_decorator.py
[2025-10-21T01:11:24.751+0000] {logging_mixin.py:149} INFO - [2025-10-21T01:11:24.751+0000] {dag.py:2726} INFO - Sync 1 DAGs
[2025-10-21T01:11:24.821+0000] {logging_mixin.py:149} INFO - [2025-10-21T01:11:24.821+0000] {dag.py:3490} INFO - Setting next_dagrun for example_task_group_decorator to 2025-10-20T01:11:24.820411+00:00, run_after=2025-10-21T01:11:24.820411+00:00
[2025-10-21T01:11:24.882+0000] {processor.py:179} INFO - Processing /home/airflow/.local/lib/python3.7/site-packages/airflow/example_dags/example_task_group_decorator.py took 0.236 seconds
[2025-10-21T01:11:55.216+0000] {processor.py:157} INFO - Started process (PID=2936) to work on /home/airflow/.local/lib/python3.7/site-packages/airflow/example_dags/example_task_group_decorator.py
[2025-10-21T01:11:55.219+0000] {processor.py:826} INFO - Processing file /home/airflow/.local/lib/python3.7/site-packages/airflow/example_dags/example_task_group_decorator.py for tasks to queue
[2025-10-21T01:11:55.223+0000] {logging_mixin.py:149} INFO - [2025-10-21T01:11:55.221+0000] {dagbag.py:541} INFO - Filling up the DagBag from /home/airflow/.local/lib/python3.7/site-packages/airflow/example_dags/example_task_group_decorator.py
[2025-10-21T01:11:55.295+0000] {processor.py:836} INFO - DAG(s) dict_keys(['example_task_group_decorator']) retrieved from /home/airflow/.local/lib/python3.7/site-packages/airflow/example_dags/example_task_group_decorator.py
[2025-10-21T01:11:55.385+0000] {logging_mixin.py:149} INFO - [2025-10-21T01:11:55.385+0000] {dag.py:2726} INFO - Sync 1 DAGs
[2025-10-21T01:11:55.463+0000] {logging_mixin.py:149} INFO - [2025-10-21T01:11:55.462+0000] {dag.py:3490} INFO - Setting next_dagrun for example_task_group_decorator to 2025-10-20T01:11:55.462132+00:00, run_after=2025-10-21T01:11:55.462132+00:00
[2025-10-21T01:11:55.527+0000] {processor.py:179} INFO - Processing /home/airflow/.local/lib/python3.7/site-packages/airflow/example_dags/example_task_group_decorator.py took 0.321 seconds
[2025-10-21T01:12:25.668+0000] {processor.py:157} INFO - Started process (PID=3002) to work on /home/airflow/.local/lib/python3.7/site-packages/airflow/example_dags/example_task_group_decorator.py
[2025-10-21T01:12:25.670+0000] {processor.py:826} INFO - Processing file /home/airflow/.local/lib/python3.7/site-packages/airflow/example_dags/example_task_group_decorator.py for tasks to queue
[2025-10-21T01:12:25.672+0000] {logging_mixin.py:149} INFO - [2025-10-21T01:12:25.671+0000] {dagbag.py:541} INFO - Filling up the DagBag from /home/airflow/.local/lib/python3.7/site-packages/airflow/example_dags/example_task_group_decorator.py
[2025-10-21T01:12:25.697+0000] {processor.py:836} INFO - DAG(s) dict_keys(['example_task_group_decorator']) retrieved from /home/airflow/.local/lib/python3.7/site-packages/airflow/example_dags/example_task_group_decorator.py
[2025-10-21T01:12:25.748+0000] {logging_mixin.py:149} INFO - [2025-10-21T01:12:25.748+0000] {dag.py:2726} INFO - Sync 1 DAGs
[2025-10-21T01:12:25.795+0000] {logging_mixin.py:149} INFO - [2025-10-21T01:12:25.795+0000] {dag.py:3490} INFO - Setting next_dagrun for example_task_group_decorator to 2025-10-20T01:12:25.795088+00:00, run_after=2025-10-21T01:12:25.795088+00:00
[2025-10-21T01:12:25.839+0000] {processor.py:179} INFO - Processing /home/airflow/.local/lib/python3.7/site-packages/airflow/example_dags/example_task_group_decorator.py took 0.177 seconds
[2025-10-21T01:12:56.232+0000] {processor.py:157} INFO - Started process (PID=3068) to work on /home/airflow/.local/lib/python3.7/site-packages/airflow/example_dags/example_task_group_decorator.py
[2025-10-21T01:12:56.234+0000] {processor.py:826} INFO - Processing file /home/airflow/.local/lib/python3.7/site-packages/airflow/example_dags/example_task_group_decorator.py for tasks to queue
[2025-10-21T01:12:56.236+0000] {logging_mixin.py:149} INFO - [2025-10-21T01:12:56.236+0000] {dagbag.py:541} INFO - Filling up the DagBag from /home/airflow/.local/lib/python3.7/site-packages/airflow/example_dags/example_task_group_decorator.py
[2025-10-21T01:12:56.258+0000] {processor.py:836} INFO - DAG(s) dict_keys(['example_task_group_decorator']) retrieved from /home/airflow/.local/lib/python3.7/site-packages/airflow/example_dags/example_task_group_decorator.py
[2025-10-21T01:12:56.313+0000] {logging_mixin.py:149} INFO - [2025-10-21T01:12:56.313+0000] {dag.py:2726} INFO - Sync 1 DAGs
[2025-10-21T01:12:56.364+0000] {logging_mixin.py:149} INFO - [2025-10-21T01:12:56.363+0000] {dag.py:3490} INFO - Setting next_dagrun for example_task_group_decorator to 2025-10-20T01:12:56.363448+00:00, run_after=2025-10-21T01:12:56.363448+00:00
[2025-10-21T01:12:56.403+0000] {processor.py:179} INFO - Processing /home/airflow/.local/lib/python3.7/site-packages/airflow/example_dags/example_task_group_decorator.py took 0.177 seconds
[2025-10-21T01:13:27.185+0000] {processor.py:157} INFO - Started process (PID=3134) to work on /home/airflow/.local/lib/python3.7/site-packages/airflow/example_dags/example_task_group_decorator.py
[2025-10-21T01:13:27.187+0000] {processor.py:826} INFO - Processing file /home/airflow/.local/lib/python3.7/site-packages/airflow/example_dags/example_task_group_decorator.py for tasks to queue
[2025-10-21T01:13:27.188+0000] {logging_mixin.py:149} INFO - [2025-10-21T01:13:27.188+0000] {dagbag.py:541} INFO - Filling up the DagBag from /home/airflow/.local/lib/python3.7/site-packages/airflow/example_dags/example_task_group_decorator.py
[2025-10-21T01:13:27.211+0000] {processor.py:836} INFO - DAG(s) dict_keys(['example_task_group_decorator']) retrieved from /home/airflow/.local/lib/python3.7/site-packages/airflow/example_dags/example_task_group_decorator.py
[2025-10-21T01:13:27.272+0000] {logging_mixin.py:149} INFO - [2025-10-21T01:13:27.272+0000] {dag.py:2726} INFO - Sync 1 DAGs
[2025-10-21T01:13:27.321+0000] {logging_mixin.py:149} INFO - [2025-10-21T01:13:27.321+0000] {dag.py:3490} INFO - Setting next_dagrun for example_task_group_decorator to 2025-10-20T01:13:27.320767+00:00, run_after=2025-10-21T01:13:27.320767+00:00
[2025-10-21T01:13:27.367+0000] {processor.py:179} INFO - Processing /home/airflow/.local/lib/python3.7/site-packages/airflow/example_dags/example_task_group_decorator.py took 0.188 seconds
[2025-10-21T01:13:57.583+0000] {processor.py:157} INFO - Started process (PID=3200) to work on /home/airflow/.local/lib/python3.7/site-packages/airflow/example_dags/example_task_group_decorator.py
[2025-10-21T01:13:57.585+0000] {processor.py:826} INFO - Processing file /home/airflow/.local/lib/python3.7/site-packages/airflow/example_dags/example_task_group_decorator.py for tasks to queue
[2025-10-21T01:13:57.587+0000] {logging_mixin.py:149} INFO - [2025-10-21T01:13:57.587+0000] {dagbag.py:541} INFO - Filling up the DagBag from /home/airflow/.local/lib/python3.7/site-packages/airflow/example_dags/example_task_group_decorator.py
[2025-10-21T01:13:57.615+0000] {processor.py:836} INFO - DAG(s) dict_keys(['example_task_group_decorator']) retrieved from /home/airflow/.local/lib/python3.7/site-packages/airflow/example_dags/example_task_group_decorator.py
[2025-10-21T01:13:57.688+0000] {logging_mixin.py:149} INFO - [2025-10-21T01:13:57.688+0000] {dag.py:2726} INFO - Sync 1 DAGs
[2025-10-21T01:13:57.745+0000] {logging_mixin.py:149} INFO - [2025-10-21T01:13:57.745+0000] {dag.py:3490} INFO - Setting next_dagrun for example_task_group_decorator to 2025-10-20T01:13:57.744232+00:00, run_after=2025-10-21T01:13:57.744232+00:00
[2025-10-21T01:13:57.795+0000] {processor.py:179} INFO - Processing /home/airflow/.local/lib/python3.7/site-packages/airflow/example_dags/example_task_group_decorator.py took 0.219 seconds
[2025-10-21T01:14:28.253+0000] {processor.py:157} INFO - Started process (PID=3266) to work on /home/airflow/.local/lib/python3.7/site-packages/airflow/example_dags/example_task_group_decorator.py
[2025-10-21T01:14:28.256+0000] {processor.py:826} INFO - Processing file /home/airflow/.local/lib/python3.7/site-packages/airflow/example_dags/example_task_group_decorator.py for tasks to queue
[2025-10-21T01:14:28.258+0000] {logging_mixin.py:149} INFO - [2025-10-21T01:14:28.258+0000] {dagbag.py:541} INFO - Filling up the DagBag from /home/airflow/.local/lib/python3.7/site-packages/airflow/example_dags/example_task_group_decorator.py
[2025-10-21T01:14:28.288+0000] {processor.py:836} INFO - DAG(s) dict_keys(['example_task_group_decorator']) retrieved from /home/airflow/.local/lib/python3.7/site-packages/airflow/example_dags/example_task_group_decorator.py
[2025-10-21T01:14:28.350+0000] {logging_mixin.py:149} INFO - [2025-10-21T01:14:28.349+0000] {dag.py:2726} INFO - Sync 1 DAGs
[2025-10-21T01:14:28.399+0000] {logging_mixin.py:149} INFO - [2025-10-21T01:14:28.399+0000] {dag.py:3490} INFO - Setting next_dagrun for example_task_group_decorator to 2025-10-20T01:14:28.399048+00:00, run_after=2025-10-21T01:14:28.399048+00:00
[2025-10-21T01:14:28.445+0000] {processor.py:179} INFO - Processing /home/airflow/.local/lib/python3.7/site-packages/airflow/example_dags/example_task_group_decorator.py took 0.200 seconds
[2025-10-21T01:14:59.319+0000] {processor.py:157} INFO - Started process (PID=3332) to work on /home/airflow/.local/lib/python3.7/site-packages/airflow/example_dags/example_task_group_decorator.py
[2025-10-21T01:14:59.321+0000] {processor.py:826} INFO - Processing file /home/airflow/.local/lib/python3.7/site-packages/airflow/example_dags/example_task_group_decorator.py for tasks to queue
[2025-10-21T01:14:59.323+0000] {logging_mixin.py:149} INFO - [2025-10-21T01:14:59.323+0000] {dagbag.py:541} INFO - Filling up the DagBag from /home/airflow/.local/lib/python3.7/site-packages/airflow/example_dags/example_task_group_decorator.py
[2025-10-21T01:14:59.349+0000] {processor.py:836} INFO - DAG(s) dict_keys(['example_task_group_decorator']) retrieved from /home/airflow/.local/lib/python3.7/site-packages/airflow/example_dags/example_task_group_decorator.py
[2025-10-21T01:14:59.423+0000] {logging_mixin.py:149} INFO - [2025-10-21T01:14:59.423+0000] {dag.py:2726} INFO - Sync 1 DAGs
[2025-10-21T01:14:59.483+0000] {logging_mixin.py:149} INFO - [2025-10-21T01:14:59.483+0000] {dag.py:3490} INFO - Setting next_dagrun for example_task_group_decorator to 2025-10-20T01:14:59.482963+00:00, run_after=2025-10-21T01:14:59.482963+00:00
[2025-10-21T01:14:59.525+0000] {processor.py:179} INFO - Processing /home/airflow/.local/lib/python3.7/site-packages/airflow/example_dags/example_task_group_decorator.py took 0.213 seconds
[2025-10-21T01:15:30.751+0000] {processor.py:157} INFO - Started process (PID=3398) to work on /home/airflow/.local/lib/python3.7/site-packages/airflow/example_dags/example_task_group_decorator.py
[2025-10-21T01:15:30.754+0000] {processor.py:826} INFO - Processing file /home/airflow/.local/lib/python3.7/site-packages/airflow/example_dags/example_task_group_decorator.py for tasks to queue
[2025-10-21T01:15:30.756+0000] {logging_mixin.py:149} INFO - [2025-10-21T01:15:30.755+0000] {dagbag.py:541} INFO - Filling up the DagBag from /home/airflow/.local/lib/python3.7/site-packages/airflow/example_dags/example_task_group_decorator.py
[2025-10-21T01:15:30.791+0000] {processor.py:836} INFO - DAG(s) dict_keys(['example_task_group_decorator']) retrieved from /home/airflow/.local/lib/python3.7/site-packages/airflow/example_dags/example_task_group_decorator.py
[2025-10-21T01:15:30.859+0000] {logging_mixin.py:149} INFO - [2025-10-21T01:15:30.859+0000] {dag.py:2726} INFO - Sync 1 DAGs
[2025-10-21T01:15:30.917+0000] {logging_mixin.py:149} INFO - [2025-10-21T01:15:30.917+0000] {dag.py:3490} INFO - Setting next_dagrun for example_task_group_decorator to 2025-10-20T01:15:30.916982+00:00, run_after=2025-10-21T01:15:30.916982+00:00
[2025-10-21T01:15:30.966+0000] {processor.py:179} INFO - Processing /home/airflow/.local/lib/python3.7/site-packages/airflow/example_dags/example_task_group_decorator.py took 0.221 seconds
[2025-10-21T01:16:01.598+0000] {processor.py:157} INFO - Started process (PID=3465) to work on /home/airflow/.local/lib/python3.7/site-packages/airflow/example_dags/example_task_group_decorator.py
[2025-10-21T01:16:01.601+0000] {processor.py:826} INFO - Processing file /home/airflow/.local/lib/python3.7/site-packages/airflow/example_dags/example_task_group_decorator.py for tasks to queue
[2025-10-21T01:16:01.604+0000] {logging_mixin.py:149} INFO - [2025-10-21T01:16:01.603+0000] {dagbag.py:541} INFO - Filling up the DagBag from /home/airflow/.local/lib/python3.7/site-packages/airflow/example_dags/example_task_group_decorator.py
[2025-10-21T01:16:01.640+0000] {processor.py:836} INFO - DAG(s) dict_keys(['example_task_group_decorator']) retrieved from /home/airflow/.local/lib/python3.7/site-packages/airflow/example_dags/example_task_group_decorator.py
[2025-10-21T01:16:01.715+0000] {logging_mixin.py:149} INFO - [2025-10-21T01:16:01.715+0000] {dag.py:2726} INFO - Sync 1 DAGs
[2025-10-21T01:16:01.775+0000] {logging_mixin.py:149} INFO - [2025-10-21T01:16:01.774+0000] {dag.py:3490} INFO - Setting next_dagrun for example_task_group_decorator to 2025-10-20T01:16:01.773970+00:00, run_after=2025-10-21T01:16:01.773970+00:00
[2025-10-21T01:16:01.870+0000] {processor.py:179} INFO - Processing /home/airflow/.local/lib/python3.7/site-packages/airflow/example_dags/example_task_group_decorator.py took 0.282 seconds
[2025-10-21T01:16:31.967+0000] {processor.py:157} INFO - Started process (PID=3531) to work on /home/airflow/.local/lib/python3.7/site-packages/airflow/example_dags/example_task_group_decorator.py
[2025-10-21T01:16:31.969+0000] {processor.py:826} INFO - Processing file /home/airflow/.local/lib/python3.7/site-packages/airflow/example_dags/example_task_group_decorator.py for tasks to queue
[2025-10-21T01:16:31.971+0000] {logging_mixin.py:149} INFO - [2025-10-21T01:16:31.970+0000] {dagbag.py:541} INFO - Filling up the DagBag from /home/airflow/.local/lib/python3.7/site-packages/airflow/example_dags/example_task_group_decorator.py
[2025-10-21T01:16:31.998+0000] {processor.py:836} INFO - DAG(s) dict_keys(['example_task_group_decorator']) retrieved from /home/airflow/.local/lib/python3.7/site-packages/airflow/example_dags/example_task_group_decorator.py
[2025-10-21T01:16:32.053+0000] {logging_mixin.py:149} INFO - [2025-10-21T01:16:32.052+0000] {dag.py:2726} INFO - Sync 1 DAGs
[2025-10-21T01:16:32.104+0000] {logging_mixin.py:149} INFO - [2025-10-21T01:16:32.103+0000] {dag.py:3490} INFO - Setting next_dagrun for example_task_group_decorator to 2025-10-20T01:16:32.103178+00:00, run_after=2025-10-21T01:16:32.103178+00:00
[2025-10-21T01:16:32.147+0000] {processor.py:179} INFO - Processing /home/airflow/.local/lib/python3.7/site-packages/airflow/example_dags/example_task_group_decorator.py took 0.187 seconds
[2025-10-21T01:17:02.631+0000] {processor.py:157} INFO - Started process (PID=3597) to work on /home/airflow/.local/lib/python3.7/site-packages/airflow/example_dags/example_task_group_decorator.py
[2025-10-21T01:17:02.633+0000] {processor.py:826} INFO - Processing file /home/airflow/.local/lib/python3.7/site-packages/airflow/example_dags/example_task_group_decorator.py for tasks to queue
[2025-10-21T01:17:02.635+0000] {logging_mixin.py:149} INFO - [2025-10-21T01:17:02.635+0000] {dagbag.py:541} INFO - Filling up the DagBag from /home/airflow/.local/lib/python3.7/site-packages/airflow/example_dags/example_task_group_decorator.py
[2025-10-21T01:17:02.673+0000] {processor.py:836} INFO - DAG(s) dict_keys(['example_task_group_decorator']) retrieved from /home/airflow/.local/lib/python3.7/site-packages/airflow/example_dags/example_task_group_decorator.py
[2025-10-21T01:17:02.795+0000] {logging_mixin.py:149} INFO - [2025-10-21T01:17:02.795+0000] {dag.py:2726} INFO - Sync 1 DAGs
[2025-10-21T01:17:02.891+0000] {logging_mixin.py:149} INFO - [2025-10-21T01:17:02.891+0000] {dag.py:3490} INFO - Setting next_dagrun for example_task_group_decorator to 2025-10-20T01:17:02.890345+00:00, run_after=2025-10-21T01:17:02.890345+00:00
[2025-10-21T01:17:02.957+0000] {processor.py:179} INFO - Processing /home/airflow/.local/lib/python3.7/site-packages/airflow/example_dags/example_task_group_decorator.py took 0.333 seconds
