[2025-10-21T00:50:02.958+0000] {processor.py:157} INFO - Started process (PID=111) to work on /home/airflow/.local/lib/python3.7/site-packages/airflow/example_dags/example_dynamic_task_mapping.py
[2025-10-21T00:50:02.962+0000] {processor.py:826} INFO - Processing file /home/airflow/.local/lib/python3.7/site-packages/airflow/example_dags/example_dynamic_task_mapping.py for tasks to queue
[2025-10-21T00:50:02.965+0000] {logging_mixin.py:149} INFO - [2025-10-21T00:50:02.965+0000] {dagbag.py:541} INFO - Filling up the DagBag from /home/airflow/.local/lib/python3.7/site-packages/airflow/example_dags/example_dynamic_task_mapping.py
[2025-10-21T00:50:03.335+0000] {processor.py:836} INFO - DAG(s) dict_keys(['example_dynamic_task_mapping']) retrieved from /home/airflow/.local/lib/python3.7/site-packages/airflow/example_dags/example_dynamic_task_mapping.py
[2025-10-21T00:50:03.393+0000] {logging_mixin.py:149} INFO - [2025-10-21T00:50:03.393+0000] {dag.py:2726} INFO - Sync 1 DAGs
[2025-10-21T00:50:03.461+0000] {logging_mixin.py:149} INFO - [2025-10-21T00:50:03.461+0000] {dag.py:3490} INFO - Setting next_dagrun for example_dynamic_task_mapping to 2022-03-04T00:00:00+00:00, run_after=2022-03-05T00:00:00+00:00
[2025-10-21T00:50:03.535+0000] {processor.py:179} INFO - Processing /home/airflow/.local/lib/python3.7/site-packages/airflow/example_dags/example_dynamic_task_mapping.py took 0.587 seconds
[2025-10-21T00:50:34.484+0000] {processor.py:157} INFO - Started process (PID=184) to work on /home/airflow/.local/lib/python3.7/site-packages/airflow/example_dags/example_dynamic_task_mapping.py
[2025-10-21T00:50:34.487+0000] {processor.py:826} INFO - Processing file /home/airflow/.local/lib/python3.7/site-packages/airflow/example_dags/example_dynamic_task_mapping.py for tasks to queue
[2025-10-21T00:50:34.490+0000] {logging_mixin.py:149} INFO - [2025-10-21T00:50:34.490+0000] {dagbag.py:541} INFO - Filling up the DagBag from /home/airflow/.local/lib/python3.7/site-packages/airflow/example_dags/example_dynamic_task_mapping.py
[2025-10-21T00:50:34.522+0000] {processor.py:836} INFO - DAG(s) dict_keys(['example_dynamic_task_mapping']) retrieved from /home/airflow/.local/lib/python3.7/site-packages/airflow/example_dags/example_dynamic_task_mapping.py
[2025-10-21T00:50:34.607+0000] {logging_mixin.py:149} INFO - [2025-10-21T00:50:34.606+0000] {dag.py:2726} INFO - Sync 1 DAGs
[2025-10-21T00:50:34.735+0000] {logging_mixin.py:149} INFO - [2025-10-21T00:50:34.735+0000] {dag.py:3490} INFO - Setting next_dagrun for example_dynamic_task_mapping to 2022-03-04T00:00:00+00:00, run_after=2022-03-05T00:00:00+00:00
[2025-10-21T00:50:34.820+0000] {processor.py:179} INFO - Processing /home/airflow/.local/lib/python3.7/site-packages/airflow/example_dags/example_dynamic_task_mapping.py took 0.344 seconds
[2025-10-21T00:51:05.242+0000] {processor.py:157} INFO - Started process (PID=250) to work on /home/airflow/.local/lib/python3.7/site-packages/airflow/example_dags/example_dynamic_task_mapping.py
[2025-10-21T00:51:05.245+0000] {processor.py:826} INFO - Processing file /home/airflow/.local/lib/python3.7/site-packages/airflow/example_dags/example_dynamic_task_mapping.py for tasks to queue
[2025-10-21T00:51:05.247+0000] {logging_mixin.py:149} INFO - [2025-10-21T00:51:05.247+0000] {dagbag.py:541} INFO - Filling up the DagBag from /home/airflow/.local/lib/python3.7/site-packages/airflow/example_dags/example_dynamic_task_mapping.py
[2025-10-21T00:51:05.272+0000] {processor.py:836} INFO - DAG(s) dict_keys(['example_dynamic_task_mapping']) retrieved from /home/airflow/.local/lib/python3.7/site-packages/airflow/example_dags/example_dynamic_task_mapping.py
[2025-10-21T00:51:05.348+0000] {logging_mixin.py:149} INFO - [2025-10-21T00:51:05.348+0000] {dag.py:2726} INFO - Sync 1 DAGs
[2025-10-21T00:51:05.447+0000] {logging_mixin.py:149} INFO - [2025-10-21T00:51:05.447+0000] {dag.py:3490} INFO - Setting next_dagrun for example_dynamic_task_mapping to 2022-03-04T00:00:00+00:00, run_after=2022-03-05T00:00:00+00:00
[2025-10-21T00:51:05.504+0000] {processor.py:179} INFO - Processing /home/airflow/.local/lib/python3.7/site-packages/airflow/example_dags/example_dynamic_task_mapping.py took 0.273 seconds
[2025-10-21T00:51:36.439+0000] {processor.py:157} INFO - Started process (PID=316) to work on /home/airflow/.local/lib/python3.7/site-packages/airflow/example_dags/example_dynamic_task_mapping.py
[2025-10-21T00:51:36.441+0000] {processor.py:826} INFO - Processing file /home/airflow/.local/lib/python3.7/site-packages/airflow/example_dags/example_dynamic_task_mapping.py for tasks to queue
[2025-10-21T00:51:36.443+0000] {logging_mixin.py:149} INFO - [2025-10-21T00:51:36.443+0000] {dagbag.py:541} INFO - Filling up the DagBag from /home/airflow/.local/lib/python3.7/site-packages/airflow/example_dags/example_dynamic_task_mapping.py
[2025-10-21T00:51:36.466+0000] {processor.py:836} INFO - DAG(s) dict_keys(['example_dynamic_task_mapping']) retrieved from /home/airflow/.local/lib/python3.7/site-packages/airflow/example_dags/example_dynamic_task_mapping.py
[2025-10-21T00:51:36.544+0000] {logging_mixin.py:149} INFO - [2025-10-21T00:51:36.544+0000] {dag.py:2726} INFO - Sync 1 DAGs
[2025-10-21T00:51:36.639+0000] {logging_mixin.py:149} INFO - [2025-10-21T00:51:36.639+0000] {dag.py:3490} INFO - Setting next_dagrun for example_dynamic_task_mapping to 2022-03-04T00:00:00+00:00, run_after=2022-03-05T00:00:00+00:00
[2025-10-21T00:51:36.737+0000] {processor.py:179} INFO - Processing /home/airflow/.local/lib/python3.7/site-packages/airflow/example_dags/example_dynamic_task_mapping.py took 0.307 seconds
[2025-10-21T00:52:07.344+0000] {processor.py:157} INFO - Started process (PID=381) to work on /home/airflow/.local/lib/python3.7/site-packages/airflow/example_dags/example_dynamic_task_mapping.py
[2025-10-21T00:52:07.348+0000] {processor.py:826} INFO - Processing file /home/airflow/.local/lib/python3.7/site-packages/airflow/example_dags/example_dynamic_task_mapping.py for tasks to queue
[2025-10-21T00:52:07.352+0000] {logging_mixin.py:149} INFO - [2025-10-21T00:52:07.352+0000] {dagbag.py:541} INFO - Filling up the DagBag from /home/airflow/.local/lib/python3.7/site-packages/airflow/example_dags/example_dynamic_task_mapping.py
[2025-10-21T00:52:07.386+0000] {processor.py:836} INFO - DAG(s) dict_keys(['example_dynamic_task_mapping']) retrieved from /home/airflow/.local/lib/python3.7/site-packages/airflow/example_dags/example_dynamic_task_mapping.py
[2025-10-21T00:52:07.480+0000] {logging_mixin.py:149} INFO - [2025-10-21T00:52:07.479+0000] {dag.py:2726} INFO - Sync 1 DAGs
[2025-10-21T00:52:07.590+0000] {logging_mixin.py:149} INFO - [2025-10-21T00:52:07.590+0000] {dag.py:3490} INFO - Setting next_dagrun for example_dynamic_task_mapping to 2022-03-04T00:00:00+00:00, run_after=2022-03-05T00:00:00+00:00
[2025-10-21T00:52:07.648+0000] {processor.py:179} INFO - Processing /home/airflow/.local/lib/python3.7/site-packages/airflow/example_dags/example_dynamic_task_mapping.py took 0.322 seconds
[2025-10-21T00:52:37.944+0000] {processor.py:157} INFO - Started process (PID=447) to work on /home/airflow/.local/lib/python3.7/site-packages/airflow/example_dags/example_dynamic_task_mapping.py
[2025-10-21T00:52:37.946+0000] {processor.py:826} INFO - Processing file /home/airflow/.local/lib/python3.7/site-packages/airflow/example_dags/example_dynamic_task_mapping.py for tasks to queue
[2025-10-21T00:52:37.948+0000] {logging_mixin.py:149} INFO - [2025-10-21T00:52:37.948+0000] {dagbag.py:541} INFO - Filling up the DagBag from /home/airflow/.local/lib/python3.7/site-packages/airflow/example_dags/example_dynamic_task_mapping.py
[2025-10-21T00:52:37.964+0000] {processor.py:836} INFO - DAG(s) dict_keys(['example_dynamic_task_mapping']) retrieved from /home/airflow/.local/lib/python3.7/site-packages/airflow/example_dags/example_dynamic_task_mapping.py
[2025-10-21T00:52:38.012+0000] {logging_mixin.py:149} INFO - [2025-10-21T00:52:38.012+0000] {dag.py:2726} INFO - Sync 1 DAGs
[2025-10-21T00:52:38.063+0000] {logging_mixin.py:149} INFO - [2025-10-21T00:52:38.063+0000] {dag.py:3490} INFO - Setting next_dagrun for example_dynamic_task_mapping to 2022-03-04T00:00:00+00:00, run_after=2022-03-05T00:00:00+00:00
[2025-10-21T00:52:38.102+0000] {processor.py:179} INFO - Processing /home/airflow/.local/lib/python3.7/site-packages/airflow/example_dags/example_dynamic_task_mapping.py took 0.166 seconds
[2025-10-21T00:53:08.229+0000] {processor.py:157} INFO - Started process (PID=514) to work on /home/airflow/.local/lib/python3.7/site-packages/airflow/example_dags/example_dynamic_task_mapping.py
[2025-10-21T00:53:08.231+0000] {processor.py:826} INFO - Processing file /home/airflow/.local/lib/python3.7/site-packages/airflow/example_dags/example_dynamic_task_mapping.py for tasks to queue
[2025-10-21T00:53:08.233+0000] {logging_mixin.py:149} INFO - [2025-10-21T00:53:08.233+0000] {dagbag.py:541} INFO - Filling up the DagBag from /home/airflow/.local/lib/python3.7/site-packages/airflow/example_dags/example_dynamic_task_mapping.py
[2025-10-21T00:53:08.248+0000] {processor.py:836} INFO - DAG(s) dict_keys(['example_dynamic_task_mapping']) retrieved from /home/airflow/.local/lib/python3.7/site-packages/airflow/example_dags/example_dynamic_task_mapping.py
[2025-10-21T00:53:08.297+0000] {logging_mixin.py:149} INFO - [2025-10-21T00:53:08.297+0000] {dag.py:2726} INFO - Sync 1 DAGs
[2025-10-21T00:53:08.348+0000] {logging_mixin.py:149} INFO - [2025-10-21T00:53:08.348+0000] {dag.py:3490} INFO - Setting next_dagrun for example_dynamic_task_mapping to 2022-03-04T00:00:00+00:00, run_after=2022-03-05T00:00:00+00:00
[2025-10-21T00:53:08.386+0000] {processor.py:179} INFO - Processing /home/airflow/.local/lib/python3.7/site-packages/airflow/example_dags/example_dynamic_task_mapping.py took 0.164 seconds
[2025-10-21T00:53:39.140+0000] {processor.py:157} INFO - Started process (PID=581) to work on /home/airflow/.local/lib/python3.7/site-packages/airflow/example_dags/example_dynamic_task_mapping.py
[2025-10-21T00:53:39.142+0000] {processor.py:826} INFO - Processing file /home/airflow/.local/lib/python3.7/site-packages/airflow/example_dags/example_dynamic_task_mapping.py for tasks to queue
[2025-10-21T00:53:39.145+0000] {logging_mixin.py:149} INFO - [2025-10-21T00:53:39.144+0000] {dagbag.py:541} INFO - Filling up the DagBag from /home/airflow/.local/lib/python3.7/site-packages/airflow/example_dags/example_dynamic_task_mapping.py
[2025-10-21T00:53:39.161+0000] {processor.py:836} INFO - DAG(s) dict_keys(['example_dynamic_task_mapping']) retrieved from /home/airflow/.local/lib/python3.7/site-packages/airflow/example_dags/example_dynamic_task_mapping.py
[2025-10-21T00:53:39.205+0000] {logging_mixin.py:149} INFO - [2025-10-21T00:53:39.205+0000] {dag.py:2726} INFO - Sync 1 DAGs
[2025-10-21T00:53:39.260+0000] {logging_mixin.py:149} INFO - [2025-10-21T00:53:39.260+0000] {dag.py:3490} INFO - Setting next_dagrun for example_dynamic_task_mapping to 2022-03-04T00:00:00+00:00, run_after=2022-03-05T00:00:00+00:00
[2025-10-21T00:53:39.302+0000] {processor.py:179} INFO - Processing /home/airflow/.local/lib/python3.7/site-packages/airflow/example_dags/example_dynamic_task_mapping.py took 0.169 seconds
[2025-10-21T00:54:09.546+0000] {processor.py:157} INFO - Started process (PID=647) to work on /home/airflow/.local/lib/python3.7/site-packages/airflow/example_dags/example_dynamic_task_mapping.py
[2025-10-21T00:54:09.548+0000] {processor.py:826} INFO - Processing file /home/airflow/.local/lib/python3.7/site-packages/airflow/example_dags/example_dynamic_task_mapping.py for tasks to queue
[2025-10-21T00:54:09.550+0000] {logging_mixin.py:149} INFO - [2025-10-21T00:54:09.550+0000] {dagbag.py:541} INFO - Filling up the DagBag from /home/airflow/.local/lib/python3.7/site-packages/airflow/example_dags/example_dynamic_task_mapping.py
[2025-10-21T00:54:09.564+0000] {processor.py:836} INFO - DAG(s) dict_keys(['example_dynamic_task_mapping']) retrieved from /home/airflow/.local/lib/python3.7/site-packages/airflow/example_dags/example_dynamic_task_mapping.py
[2025-10-21T00:54:09.615+0000] {logging_mixin.py:149} INFO - [2025-10-21T00:54:09.614+0000] {dag.py:2726} INFO - Sync 1 DAGs
[2025-10-21T00:54:09.660+0000] {logging_mixin.py:149} INFO - [2025-10-21T00:54:09.660+0000] {dag.py:3490} INFO - Setting next_dagrun for example_dynamic_task_mapping to 2022-03-04T00:00:00+00:00, run_after=2022-03-05T00:00:00+00:00
[2025-10-21T00:54:09.697+0000] {processor.py:179} INFO - Processing /home/airflow/.local/lib/python3.7/site-packages/airflow/example_dags/example_dynamic_task_mapping.py took 0.158 seconds
[2025-10-21T00:54:40.802+0000] {processor.py:157} INFO - Started process (PID=713) to work on /home/airflow/.local/lib/python3.7/site-packages/airflow/example_dags/example_dynamic_task_mapping.py
[2025-10-21T00:54:40.805+0000] {processor.py:826} INFO - Processing file /home/airflow/.local/lib/python3.7/site-packages/airflow/example_dags/example_dynamic_task_mapping.py for tasks to queue
[2025-10-21T00:54:40.807+0000] {logging_mixin.py:149} INFO - [2025-10-21T00:54:40.806+0000] {dagbag.py:541} INFO - Filling up the DagBag from /home/airflow/.local/lib/python3.7/site-packages/airflow/example_dags/example_dynamic_task_mapping.py
[2025-10-21T00:54:40.823+0000] {processor.py:836} INFO - DAG(s) dict_keys(['example_dynamic_task_mapping']) retrieved from /home/airflow/.local/lib/python3.7/site-packages/airflow/example_dags/example_dynamic_task_mapping.py
[2025-10-21T00:54:40.880+0000] {logging_mixin.py:149} INFO - [2025-10-21T00:54:40.880+0000] {dag.py:2726} INFO - Sync 1 DAGs
[2025-10-21T00:54:40.956+0000] {logging_mixin.py:149} INFO - [2025-10-21T00:54:40.955+0000] {dag.py:3490} INFO - Setting next_dagrun for example_dynamic_task_mapping to 2022-03-04T00:00:00+00:00, run_after=2022-03-05T00:00:00+00:00
[2025-10-21T00:54:41.015+0000] {processor.py:179} INFO - Processing /home/airflow/.local/lib/python3.7/site-packages/airflow/example_dags/example_dynamic_task_mapping.py took 0.219 seconds
[2025-10-21T00:55:11.944+0000] {processor.py:157} INFO - Started process (PID=779) to work on /home/airflow/.local/lib/python3.7/site-packages/airflow/example_dags/example_dynamic_task_mapping.py
[2025-10-21T00:55:11.946+0000] {processor.py:826} INFO - Processing file /home/airflow/.local/lib/python3.7/site-packages/airflow/example_dags/example_dynamic_task_mapping.py for tasks to queue
[2025-10-21T00:55:11.948+0000] {logging_mixin.py:149} INFO - [2025-10-21T00:55:11.948+0000] {dagbag.py:541} INFO - Filling up the DagBag from /home/airflow/.local/lib/python3.7/site-packages/airflow/example_dags/example_dynamic_task_mapping.py
[2025-10-21T00:55:11.961+0000] {processor.py:836} INFO - DAG(s) dict_keys(['example_dynamic_task_mapping']) retrieved from /home/airflow/.local/lib/python3.7/site-packages/airflow/example_dags/example_dynamic_task_mapping.py
[2025-10-21T00:55:12.011+0000] {logging_mixin.py:149} INFO - [2025-10-21T00:55:12.011+0000] {dag.py:2726} INFO - Sync 1 DAGs
[2025-10-21T00:55:12.064+0000] {logging_mixin.py:149} INFO - [2025-10-21T00:55:12.064+0000] {dag.py:3490} INFO - Setting next_dagrun for example_dynamic_task_mapping to 2022-03-04T00:00:00+00:00, run_after=2022-03-05T00:00:00+00:00
[2025-10-21T00:55:12.107+0000] {processor.py:179} INFO - Processing /home/airflow/.local/lib/python3.7/site-packages/airflow/example_dags/example_dynamic_task_mapping.py took 0.170 seconds
[2025-10-21T00:55:43.216+0000] {processor.py:157} INFO - Started process (PID=845) to work on /home/airflow/.local/lib/python3.7/site-packages/airflow/example_dags/example_dynamic_task_mapping.py
[2025-10-21T00:55:43.219+0000] {processor.py:826} INFO - Processing file /home/airflow/.local/lib/python3.7/site-packages/airflow/example_dags/example_dynamic_task_mapping.py for tasks to queue
[2025-10-21T00:55:43.221+0000] {logging_mixin.py:149} INFO - [2025-10-21T00:55:43.220+0000] {dagbag.py:541} INFO - Filling up the DagBag from /home/airflow/.local/lib/python3.7/site-packages/airflow/example_dags/example_dynamic_task_mapping.py
[2025-10-21T00:55:43.237+0000] {processor.py:836} INFO - DAG(s) dict_keys(['example_dynamic_task_mapping']) retrieved from /home/airflow/.local/lib/python3.7/site-packages/airflow/example_dags/example_dynamic_task_mapping.py
[2025-10-21T00:55:43.287+0000] {logging_mixin.py:149} INFO - [2025-10-21T00:55:43.287+0000] {dag.py:2726} INFO - Sync 1 DAGs
[2025-10-21T00:55:43.339+0000] {logging_mixin.py:149} INFO - [2025-10-21T00:55:43.339+0000] {dag.py:3490} INFO - Setting next_dagrun for example_dynamic_task_mapping to 2022-03-04T00:00:00+00:00, run_after=2022-03-05T00:00:00+00:00
[2025-10-21T00:55:43.380+0000] {processor.py:179} INFO - Processing /home/airflow/.local/lib/python3.7/site-packages/airflow/example_dags/example_dynamic_task_mapping.py took 0.172 seconds
[2025-10-21T00:56:13.700+0000] {processor.py:157} INFO - Started process (PID=910) to work on /home/airflow/.local/lib/python3.7/site-packages/airflow/example_dags/example_dynamic_task_mapping.py
[2025-10-21T00:56:13.702+0000] {processor.py:826} INFO - Processing file /home/airflow/.local/lib/python3.7/site-packages/airflow/example_dags/example_dynamic_task_mapping.py for tasks to queue
[2025-10-21T00:56:13.704+0000] {logging_mixin.py:149} INFO - [2025-10-21T00:56:13.703+0000] {dagbag.py:541} INFO - Filling up the DagBag from /home/airflow/.local/lib/python3.7/site-packages/airflow/example_dags/example_dynamic_task_mapping.py
[2025-10-21T00:56:13.719+0000] {processor.py:836} INFO - DAG(s) dict_keys(['example_dynamic_task_mapping']) retrieved from /home/airflow/.local/lib/python3.7/site-packages/airflow/example_dags/example_dynamic_task_mapping.py
[2025-10-21T00:56:13.763+0000] {logging_mixin.py:149} INFO - [2025-10-21T00:56:13.763+0000] {dag.py:2726} INFO - Sync 1 DAGs
[2025-10-21T00:56:13.812+0000] {logging_mixin.py:149} INFO - [2025-10-21T00:56:13.812+0000] {dag.py:3490} INFO - Setting next_dagrun for example_dynamic_task_mapping to 2022-03-04T00:00:00+00:00, run_after=2022-03-05T00:00:00+00:00
[2025-10-21T00:56:13.849+0000] {processor.py:179} INFO - Processing /home/airflow/.local/lib/python3.7/site-packages/airflow/example_dags/example_dynamic_task_mapping.py took 0.156 seconds
[2025-10-21T00:56:44.271+0000] {processor.py:157} INFO - Started process (PID=978) to work on /home/airflow/.local/lib/python3.7/site-packages/airflow/example_dags/example_dynamic_task_mapping.py
[2025-10-21T00:56:44.274+0000] {processor.py:826} INFO - Processing file /home/airflow/.local/lib/python3.7/site-packages/airflow/example_dags/example_dynamic_task_mapping.py for tasks to queue
[2025-10-21T00:56:44.276+0000] {logging_mixin.py:149} INFO - [2025-10-21T00:56:44.276+0000] {dagbag.py:541} INFO - Filling up the DagBag from /home/airflow/.local/lib/python3.7/site-packages/airflow/example_dags/example_dynamic_task_mapping.py
[2025-10-21T00:56:44.296+0000] {processor.py:836} INFO - DAG(s) dict_keys(['example_dynamic_task_mapping']) retrieved from /home/airflow/.local/lib/python3.7/site-packages/airflow/example_dags/example_dynamic_task_mapping.py
[2025-10-21T00:56:44.376+0000] {logging_mixin.py:149} INFO - [2025-10-21T00:56:44.376+0000] {dag.py:2726} INFO - Sync 1 DAGs
[2025-10-21T00:56:44.467+0000] {logging_mixin.py:149} INFO - [2025-10-21T00:56:44.467+0000] {dag.py:3490} INFO - Setting next_dagrun for example_dynamic_task_mapping to 2022-03-04T00:00:00+00:00, run_after=2022-03-05T00:00:00+00:00
[2025-10-21T00:56:44.544+0000] {processor.py:179} INFO - Processing /home/airflow/.local/lib/python3.7/site-packages/airflow/example_dags/example_dynamic_task_mapping.py took 0.283 seconds
[2025-10-21T00:57:15.118+0000] {processor.py:157} INFO - Started process (PID=1044) to work on /home/airflow/.local/lib/python3.7/site-packages/airflow/example_dags/example_dynamic_task_mapping.py
[2025-10-21T00:57:15.120+0000] {processor.py:826} INFO - Processing file /home/airflow/.local/lib/python3.7/site-packages/airflow/example_dags/example_dynamic_task_mapping.py for tasks to queue
[2025-10-21T00:57:15.123+0000] {logging_mixin.py:149} INFO - [2025-10-21T00:57:15.123+0000] {dagbag.py:541} INFO - Filling up the DagBag from /home/airflow/.local/lib/python3.7/site-packages/airflow/example_dags/example_dynamic_task_mapping.py
[2025-10-21T00:57:15.138+0000] {processor.py:836} INFO - DAG(s) dict_keys(['example_dynamic_task_mapping']) retrieved from /home/airflow/.local/lib/python3.7/site-packages/airflow/example_dags/example_dynamic_task_mapping.py
[2025-10-21T00:57:15.185+0000] {logging_mixin.py:149} INFO - [2025-10-21T00:57:15.185+0000] {dag.py:2726} INFO - Sync 1 DAGs
[2025-10-21T00:57:15.242+0000] {logging_mixin.py:149} INFO - [2025-10-21T00:57:15.242+0000] {dag.py:3490} INFO - Setting next_dagrun for example_dynamic_task_mapping to 2022-03-04T00:00:00+00:00, run_after=2022-03-05T00:00:00+00:00
[2025-10-21T00:57:15.288+0000] {processor.py:179} INFO - Processing /home/airflow/.local/lib/python3.7/site-packages/airflow/example_dags/example_dynamic_task_mapping.py took 0.178 seconds
[2025-10-21T00:57:45.613+0000] {processor.py:157} INFO - Started process (PID=1110) to work on /home/airflow/.local/lib/python3.7/site-packages/airflow/example_dags/example_dynamic_task_mapping.py
[2025-10-21T00:57:45.615+0000] {processor.py:826} INFO - Processing file /home/airflow/.local/lib/python3.7/site-packages/airflow/example_dags/example_dynamic_task_mapping.py for tasks to queue
[2025-10-21T00:57:45.617+0000] {logging_mixin.py:149} INFO - [2025-10-21T00:57:45.616+0000] {dagbag.py:541} INFO - Filling up the DagBag from /home/airflow/.local/lib/python3.7/site-packages/airflow/example_dags/example_dynamic_task_mapping.py
[2025-10-21T00:57:45.630+0000] {processor.py:836} INFO - DAG(s) dict_keys(['example_dynamic_task_mapping']) retrieved from /home/airflow/.local/lib/python3.7/site-packages/airflow/example_dags/example_dynamic_task_mapping.py
[2025-10-21T00:57:45.678+0000] {logging_mixin.py:149} INFO - [2025-10-21T00:57:45.678+0000] {dag.py:2726} INFO - Sync 1 DAGs
[2025-10-21T00:57:45.727+0000] {logging_mixin.py:149} INFO - [2025-10-21T00:57:45.727+0000] {dag.py:3490} INFO - Setting next_dagrun for example_dynamic_task_mapping to 2022-03-04T00:00:00+00:00, run_after=2022-03-05T00:00:00+00:00
[2025-10-21T00:57:45.767+0000] {processor.py:179} INFO - Processing /home/airflow/.local/lib/python3.7/site-packages/airflow/example_dags/example_dynamic_task_mapping.py took 0.164 seconds
[2025-10-21T00:58:16.132+0000] {processor.py:157} INFO - Started process (PID=1177) to work on /home/airflow/.local/lib/python3.7/site-packages/airflow/example_dags/example_dynamic_task_mapping.py
[2025-10-21T00:58:16.135+0000] {processor.py:826} INFO - Processing file /home/airflow/.local/lib/python3.7/site-packages/airflow/example_dags/example_dynamic_task_mapping.py for tasks to queue
[2025-10-21T00:58:16.136+0000] {logging_mixin.py:149} INFO - [2025-10-21T00:58:16.136+0000] {dagbag.py:541} INFO - Filling up the DagBag from /home/airflow/.local/lib/python3.7/site-packages/airflow/example_dags/example_dynamic_task_mapping.py
[2025-10-21T00:58:16.153+0000] {processor.py:836} INFO - DAG(s) dict_keys(['example_dynamic_task_mapping']) retrieved from /home/airflow/.local/lib/python3.7/site-packages/airflow/example_dags/example_dynamic_task_mapping.py
[2025-10-21T00:58:16.202+0000] {logging_mixin.py:149} INFO - [2025-10-21T00:58:16.202+0000] {dag.py:2726} INFO - Sync 1 DAGs
[2025-10-21T00:58:16.267+0000] {logging_mixin.py:149} INFO - [2025-10-21T00:58:16.266+0000] {dag.py:3490} INFO - Setting next_dagrun for example_dynamic_task_mapping to 2022-03-04T00:00:00+00:00, run_after=2022-03-05T00:00:00+00:00
[2025-10-21T00:58:16.310+0000] {processor.py:179} INFO - Processing /home/airflow/.local/lib/python3.7/site-packages/airflow/example_dags/example_dynamic_task_mapping.py took 0.185 seconds
[2025-10-21T00:58:46.894+0000] {processor.py:157} INFO - Started process (PID=1244) to work on /home/airflow/.local/lib/python3.7/site-packages/airflow/example_dags/example_dynamic_task_mapping.py
[2025-10-21T00:58:46.896+0000] {processor.py:826} INFO - Processing file /home/airflow/.local/lib/python3.7/site-packages/airflow/example_dags/example_dynamic_task_mapping.py for tasks to queue
[2025-10-21T00:58:46.898+0000] {logging_mixin.py:149} INFO - [2025-10-21T00:58:46.898+0000] {dagbag.py:541} INFO - Filling up the DagBag from /home/airflow/.local/lib/python3.7/site-packages/airflow/example_dags/example_dynamic_task_mapping.py
[2025-10-21T00:58:46.911+0000] {processor.py:836} INFO - DAG(s) dict_keys(['example_dynamic_task_mapping']) retrieved from /home/airflow/.local/lib/python3.7/site-packages/airflow/example_dags/example_dynamic_task_mapping.py
[2025-10-21T00:58:46.959+0000] {logging_mixin.py:149} INFO - [2025-10-21T00:58:46.959+0000] {dag.py:2726} INFO - Sync 1 DAGs
[2025-10-21T00:58:47.011+0000] {logging_mixin.py:149} INFO - [2025-10-21T00:58:47.011+0000] {dag.py:3490} INFO - Setting next_dagrun for example_dynamic_task_mapping to 2022-03-04T00:00:00+00:00, run_after=2022-03-05T00:00:00+00:00
[2025-10-21T00:58:47.051+0000] {processor.py:179} INFO - Processing /home/airflow/.local/lib/python3.7/site-packages/airflow/example_dags/example_dynamic_task_mapping.py took 0.163 seconds
[2025-10-21T00:59:18.003+0000] {processor.py:157} INFO - Started process (PID=1311) to work on /home/airflow/.local/lib/python3.7/site-packages/airflow/example_dags/example_dynamic_task_mapping.py
[2025-10-21T00:59:18.006+0000] {processor.py:826} INFO - Processing file /home/airflow/.local/lib/python3.7/site-packages/airflow/example_dags/example_dynamic_task_mapping.py for tasks to queue
[2025-10-21T00:59:18.007+0000] {logging_mixin.py:149} INFO - [2025-10-21T00:59:18.007+0000] {dagbag.py:541} INFO - Filling up the DagBag from /home/airflow/.local/lib/python3.7/site-packages/airflow/example_dags/example_dynamic_task_mapping.py
[2025-10-21T00:59:18.022+0000] {processor.py:836} INFO - DAG(s) dict_keys(['example_dynamic_task_mapping']) retrieved from /home/airflow/.local/lib/python3.7/site-packages/airflow/example_dags/example_dynamic_task_mapping.py
[2025-10-21T00:59:18.068+0000] {logging_mixin.py:149} INFO - [2025-10-21T00:59:18.068+0000] {dag.py:2726} INFO - Sync 1 DAGs
[2025-10-21T00:59:18.115+0000] {logging_mixin.py:149} INFO - [2025-10-21T00:59:18.115+0000] {dag.py:3490} INFO - Setting next_dagrun for example_dynamic_task_mapping to 2022-03-04T00:00:00+00:00, run_after=2022-03-05T00:00:00+00:00
[2025-10-21T00:59:18.153+0000] {processor.py:179} INFO - Processing /home/airflow/.local/lib/python3.7/site-packages/airflow/example_dags/example_dynamic_task_mapping.py took 0.157 seconds
[2025-10-21T00:59:48.528+0000] {processor.py:157} INFO - Started process (PID=1377) to work on /home/airflow/.local/lib/python3.7/site-packages/airflow/example_dags/example_dynamic_task_mapping.py
[2025-10-21T00:59:48.532+0000] {processor.py:826} INFO - Processing file /home/airflow/.local/lib/python3.7/site-packages/airflow/example_dags/example_dynamic_task_mapping.py for tasks to queue
[2025-10-21T00:59:48.535+0000] {logging_mixin.py:149} INFO - [2025-10-21T00:59:48.535+0000] {dagbag.py:541} INFO - Filling up the DagBag from /home/airflow/.local/lib/python3.7/site-packages/airflow/example_dags/example_dynamic_task_mapping.py
[2025-10-21T00:59:48.551+0000] {processor.py:836} INFO - DAG(s) dict_keys(['example_dynamic_task_mapping']) retrieved from /home/airflow/.local/lib/python3.7/site-packages/airflow/example_dags/example_dynamic_task_mapping.py
[2025-10-21T00:59:48.599+0000] {logging_mixin.py:149} INFO - [2025-10-21T00:59:48.599+0000] {dag.py:2726} INFO - Sync 1 DAGs
[2025-10-21T00:59:48.653+0000] {logging_mixin.py:149} INFO - [2025-10-21T00:59:48.653+0000] {dag.py:3490} INFO - Setting next_dagrun for example_dynamic_task_mapping to 2022-03-04T00:00:00+00:00, run_after=2022-03-05T00:00:00+00:00
[2025-10-21T00:59:48.690+0000] {processor.py:179} INFO - Processing /home/airflow/.local/lib/python3.7/site-packages/airflow/example_dags/example_dynamic_task_mapping.py took 0.169 seconds
[2025-10-21T01:00:19.106+0000] {processor.py:157} INFO - Started process (PID=1443) to work on /home/airflow/.local/lib/python3.7/site-packages/airflow/example_dags/example_dynamic_task_mapping.py
[2025-10-21T01:00:19.109+0000] {processor.py:826} INFO - Processing file /home/airflow/.local/lib/python3.7/site-packages/airflow/example_dags/example_dynamic_task_mapping.py for tasks to queue
[2025-10-21T01:00:19.111+0000] {logging_mixin.py:149} INFO - [2025-10-21T01:00:19.110+0000] {dagbag.py:541} INFO - Filling up the DagBag from /home/airflow/.local/lib/python3.7/site-packages/airflow/example_dags/example_dynamic_task_mapping.py
[2025-10-21T01:00:19.124+0000] {processor.py:836} INFO - DAG(s) dict_keys(['example_dynamic_task_mapping']) retrieved from /home/airflow/.local/lib/python3.7/site-packages/airflow/example_dags/example_dynamic_task_mapping.py
[2025-10-21T01:00:19.169+0000] {logging_mixin.py:149} INFO - [2025-10-21T01:00:19.168+0000] {dag.py:2726} INFO - Sync 1 DAGs
[2025-10-21T01:00:19.227+0000] {logging_mixin.py:149} INFO - [2025-10-21T01:00:19.227+0000] {dag.py:3490} INFO - Setting next_dagrun for example_dynamic_task_mapping to 2022-03-04T00:00:00+00:00, run_after=2022-03-05T00:00:00+00:00
[2025-10-21T01:00:19.270+0000] {processor.py:179} INFO - Processing /home/airflow/.local/lib/python3.7/site-packages/airflow/example_dags/example_dynamic_task_mapping.py took 0.170 seconds
[2025-10-21T01:00:49.527+0000] {processor.py:157} INFO - Started process (PID=1509) to work on /home/airflow/.local/lib/python3.7/site-packages/airflow/example_dags/example_dynamic_task_mapping.py
[2025-10-21T01:00:49.529+0000] {processor.py:826} INFO - Processing file /home/airflow/.local/lib/python3.7/site-packages/airflow/example_dags/example_dynamic_task_mapping.py for tasks to queue
[2025-10-21T01:00:49.531+0000] {logging_mixin.py:149} INFO - [2025-10-21T01:00:49.531+0000] {dagbag.py:541} INFO - Filling up the DagBag from /home/airflow/.local/lib/python3.7/site-packages/airflow/example_dags/example_dynamic_task_mapping.py
[2025-10-21T01:00:49.545+0000] {processor.py:836} INFO - DAG(s) dict_keys(['example_dynamic_task_mapping']) retrieved from /home/airflow/.local/lib/python3.7/site-packages/airflow/example_dags/example_dynamic_task_mapping.py
[2025-10-21T01:00:49.589+0000] {logging_mixin.py:149} INFO - [2025-10-21T01:00:49.589+0000] {dag.py:2726} INFO - Sync 1 DAGs
[2025-10-21T01:00:49.639+0000] {logging_mixin.py:149} INFO - [2025-10-21T01:00:49.638+0000] {dag.py:3490} INFO - Setting next_dagrun for example_dynamic_task_mapping to 2022-03-04T00:00:00+00:00, run_after=2022-03-05T00:00:00+00:00
[2025-10-21T01:00:49.680+0000] {processor.py:179} INFO - Processing /home/airflow/.local/lib/python3.7/site-packages/airflow/example_dags/example_dynamic_task_mapping.py took 0.159 seconds
[2025-10-21T01:01:20.472+0000] {processor.py:157} INFO - Started process (PID=1575) to work on /home/airflow/.local/lib/python3.7/site-packages/airflow/example_dags/example_dynamic_task_mapping.py
[2025-10-21T01:01:20.474+0000] {processor.py:826} INFO - Processing file /home/airflow/.local/lib/python3.7/site-packages/airflow/example_dags/example_dynamic_task_mapping.py for tasks to queue
[2025-10-21T01:01:20.476+0000] {logging_mixin.py:149} INFO - [2025-10-21T01:01:20.476+0000] {dagbag.py:541} INFO - Filling up the DagBag from /home/airflow/.local/lib/python3.7/site-packages/airflow/example_dags/example_dynamic_task_mapping.py
[2025-10-21T01:01:20.494+0000] {processor.py:836} INFO - DAG(s) dict_keys(['example_dynamic_task_mapping']) retrieved from /home/airflow/.local/lib/python3.7/site-packages/airflow/example_dags/example_dynamic_task_mapping.py
[2025-10-21T01:01:20.540+0000] {logging_mixin.py:149} INFO - [2025-10-21T01:01:20.540+0000] {dag.py:2726} INFO - Sync 1 DAGs
[2025-10-21T01:01:20.591+0000] {logging_mixin.py:149} INFO - [2025-10-21T01:01:20.590+0000] {dag.py:3490} INFO - Setting next_dagrun for example_dynamic_task_mapping to 2022-03-04T00:00:00+00:00, run_after=2022-03-05T00:00:00+00:00
[2025-10-21T01:01:20.631+0000] {processor.py:179} INFO - Processing /home/airflow/.local/lib/python3.7/site-packages/airflow/example_dags/example_dynamic_task_mapping.py took 0.169 seconds
[2025-10-21T01:01:51.295+0000] {processor.py:157} INFO - Started process (PID=1640) to work on /home/airflow/.local/lib/python3.7/site-packages/airflow/example_dags/example_dynamic_task_mapping.py
[2025-10-21T01:01:51.298+0000] {processor.py:826} INFO - Processing file /home/airflow/.local/lib/python3.7/site-packages/airflow/example_dags/example_dynamic_task_mapping.py for tasks to queue
[2025-10-21T01:01:51.300+0000] {logging_mixin.py:149} INFO - [2025-10-21T01:01:51.300+0000] {dagbag.py:541} INFO - Filling up the DagBag from /home/airflow/.local/lib/python3.7/site-packages/airflow/example_dags/example_dynamic_task_mapping.py
[2025-10-21T01:01:51.320+0000] {processor.py:836} INFO - DAG(s) dict_keys(['example_dynamic_task_mapping']) retrieved from /home/airflow/.local/lib/python3.7/site-packages/airflow/example_dags/example_dynamic_task_mapping.py
[2025-10-21T01:01:51.380+0000] {logging_mixin.py:149} INFO - [2025-10-21T01:01:51.380+0000] {dag.py:2726} INFO - Sync 1 DAGs
[2025-10-21T01:01:51.434+0000] {logging_mixin.py:149} INFO - [2025-10-21T01:01:51.434+0000] {dag.py:3490} INFO - Setting next_dagrun for example_dynamic_task_mapping to 2022-03-04T00:00:00+00:00, run_after=2022-03-05T00:00:00+00:00
[2025-10-21T01:01:51.476+0000] {processor.py:179} INFO - Processing /home/airflow/.local/lib/python3.7/site-packages/airflow/example_dags/example_dynamic_task_mapping.py took 0.190 seconds
[2025-10-21T01:02:22.131+0000] {processor.py:157} INFO - Started process (PID=1706) to work on /home/airflow/.local/lib/python3.7/site-packages/airflow/example_dags/example_dynamic_task_mapping.py
[2025-10-21T01:02:22.133+0000] {processor.py:826} INFO - Processing file /home/airflow/.local/lib/python3.7/site-packages/airflow/example_dags/example_dynamic_task_mapping.py for tasks to queue
[2025-10-21T01:02:22.135+0000] {logging_mixin.py:149} INFO - [2025-10-21T01:02:22.135+0000] {dagbag.py:541} INFO - Filling up the DagBag from /home/airflow/.local/lib/python3.7/site-packages/airflow/example_dags/example_dynamic_task_mapping.py
[2025-10-21T01:02:22.156+0000] {processor.py:836} INFO - DAG(s) dict_keys(['example_dynamic_task_mapping']) retrieved from /home/airflow/.local/lib/python3.7/site-packages/airflow/example_dags/example_dynamic_task_mapping.py
[2025-10-21T01:02:22.206+0000] {logging_mixin.py:149} INFO - [2025-10-21T01:02:22.206+0000] {dag.py:2726} INFO - Sync 1 DAGs
[2025-10-21T01:02:22.258+0000] {logging_mixin.py:149} INFO - [2025-10-21T01:02:22.257+0000] {dag.py:3490} INFO - Setting next_dagrun for example_dynamic_task_mapping to 2022-03-04T00:00:00+00:00, run_after=2022-03-05T00:00:00+00:00
[2025-10-21T01:02:22.301+0000] {processor.py:179} INFO - Processing /home/airflow/.local/lib/python3.7/site-packages/airflow/example_dags/example_dynamic_task_mapping.py took 0.177 seconds
[2025-10-21T01:02:52.497+0000] {processor.py:157} INFO - Started process (PID=1772) to work on /home/airflow/.local/lib/python3.7/site-packages/airflow/example_dags/example_dynamic_task_mapping.py
[2025-10-21T01:02:52.499+0000] {processor.py:826} INFO - Processing file /home/airflow/.local/lib/python3.7/site-packages/airflow/example_dags/example_dynamic_task_mapping.py for tasks to queue
[2025-10-21T01:02:52.501+0000] {logging_mixin.py:149} INFO - [2025-10-21T01:02:52.501+0000] {dagbag.py:541} INFO - Filling up the DagBag from /home/airflow/.local/lib/python3.7/site-packages/airflow/example_dags/example_dynamic_task_mapping.py
[2025-10-21T01:02:52.516+0000] {processor.py:836} INFO - DAG(s) dict_keys(['example_dynamic_task_mapping']) retrieved from /home/airflow/.local/lib/python3.7/site-packages/airflow/example_dags/example_dynamic_task_mapping.py
[2025-10-21T01:02:52.564+0000] {logging_mixin.py:149} INFO - [2025-10-21T01:02:52.564+0000] {dag.py:2726} INFO - Sync 1 DAGs
[2025-10-21T01:02:52.612+0000] {logging_mixin.py:149} INFO - [2025-10-21T01:02:52.612+0000] {dag.py:3490} INFO - Setting next_dagrun for example_dynamic_task_mapping to 2022-03-04T00:00:00+00:00, run_after=2022-03-05T00:00:00+00:00
[2025-10-21T01:02:52.669+0000] {processor.py:179} INFO - Processing /home/airflow/.local/lib/python3.7/site-packages/airflow/example_dags/example_dynamic_task_mapping.py took 0.178 seconds
[2025-10-21T01:03:22.837+0000] {processor.py:157} INFO - Started process (PID=1839) to work on /home/airflow/.local/lib/python3.7/site-packages/airflow/example_dags/example_dynamic_task_mapping.py
[2025-10-21T01:03:22.840+0000] {processor.py:826} INFO - Processing file /home/airflow/.local/lib/python3.7/site-packages/airflow/example_dags/example_dynamic_task_mapping.py for tasks to queue
[2025-10-21T01:03:22.841+0000] {logging_mixin.py:149} INFO - [2025-10-21T01:03:22.841+0000] {dagbag.py:541} INFO - Filling up the DagBag from /home/airflow/.local/lib/python3.7/site-packages/airflow/example_dags/example_dynamic_task_mapping.py
[2025-10-21T01:03:22.856+0000] {processor.py:836} INFO - DAG(s) dict_keys(['example_dynamic_task_mapping']) retrieved from /home/airflow/.local/lib/python3.7/site-packages/airflow/example_dags/example_dynamic_task_mapping.py
[2025-10-21T01:03:22.911+0000] {logging_mixin.py:149} INFO - [2025-10-21T01:03:22.911+0000] {dag.py:2726} INFO - Sync 1 DAGs
[2025-10-21T01:03:22.963+0000] {logging_mixin.py:149} INFO - [2025-10-21T01:03:22.963+0000] {dag.py:3490} INFO - Setting next_dagrun for example_dynamic_task_mapping to 2022-03-04T00:00:00+00:00, run_after=2022-03-05T00:00:00+00:00
[2025-10-21T01:03:23.005+0000] {processor.py:179} INFO - Processing /home/airflow/.local/lib/python3.7/site-packages/airflow/example_dags/example_dynamic_task_mapping.py took 0.174 seconds
[2025-10-21T01:03:53.192+0000] {processor.py:157} INFO - Started process (PID=1905) to work on /home/airflow/.local/lib/python3.7/site-packages/airflow/example_dags/example_dynamic_task_mapping.py
[2025-10-21T01:03:53.199+0000] {processor.py:826} INFO - Processing file /home/airflow/.local/lib/python3.7/site-packages/airflow/example_dags/example_dynamic_task_mapping.py for tasks to queue
[2025-10-21T01:03:53.204+0000] {logging_mixin.py:149} INFO - [2025-10-21T01:03:53.203+0000] {dagbag.py:541} INFO - Filling up the DagBag from /home/airflow/.local/lib/python3.7/site-packages/airflow/example_dags/example_dynamic_task_mapping.py
[2025-10-21T01:03:53.225+0000] {processor.py:836} INFO - DAG(s) dict_keys(['example_dynamic_task_mapping']) retrieved from /home/airflow/.local/lib/python3.7/site-packages/airflow/example_dags/example_dynamic_task_mapping.py
[2025-10-21T01:03:53.270+0000] {logging_mixin.py:149} INFO - [2025-10-21T01:03:53.270+0000] {dag.py:2726} INFO - Sync 1 DAGs
[2025-10-21T01:03:53.320+0000] {logging_mixin.py:149} INFO - [2025-10-21T01:03:53.320+0000] {dag.py:3490} INFO - Setting next_dagrun for example_dynamic_task_mapping to 2022-03-04T00:00:00+00:00, run_after=2022-03-05T00:00:00+00:00
[2025-10-21T01:03:53.364+0000] {processor.py:179} INFO - Processing /home/airflow/.local/lib/python3.7/site-packages/airflow/example_dags/example_dynamic_task_mapping.py took 0.179 seconds
[2025-10-21T01:04:23.732+0000] {processor.py:157} INFO - Started process (PID=1971) to work on /home/airflow/.local/lib/python3.7/site-packages/airflow/example_dags/example_dynamic_task_mapping.py
[2025-10-21T01:04:23.734+0000] {processor.py:826} INFO - Processing file /home/airflow/.local/lib/python3.7/site-packages/airflow/example_dags/example_dynamic_task_mapping.py for tasks to queue
[2025-10-21T01:04:23.737+0000] {logging_mixin.py:149} INFO - [2025-10-21T01:04:23.736+0000] {dagbag.py:541} INFO - Filling up the DagBag from /home/airflow/.local/lib/python3.7/site-packages/airflow/example_dags/example_dynamic_task_mapping.py
[2025-10-21T01:04:23.751+0000] {processor.py:836} INFO - DAG(s) dict_keys(['example_dynamic_task_mapping']) retrieved from /home/airflow/.local/lib/python3.7/site-packages/airflow/example_dags/example_dynamic_task_mapping.py
[2025-10-21T01:04:23.808+0000] {logging_mixin.py:149} INFO - [2025-10-21T01:04:23.808+0000] {dag.py:2726} INFO - Sync 1 DAGs
[2025-10-21T01:04:23.862+0000] {logging_mixin.py:149} INFO - [2025-10-21T01:04:23.862+0000] {dag.py:3490} INFO - Setting next_dagrun for example_dynamic_task_mapping to 2022-03-04T00:00:00+00:00, run_after=2022-03-05T00:00:00+00:00
[2025-10-21T01:04:23.909+0000] {processor.py:179} INFO - Processing /home/airflow/.local/lib/python3.7/site-packages/airflow/example_dags/example_dynamic_task_mapping.py took 0.185 seconds
[2025-10-21T01:04:54.872+0000] {processor.py:157} INFO - Started process (PID=2037) to work on /home/airflow/.local/lib/python3.7/site-packages/airflow/example_dags/example_dynamic_task_mapping.py
[2025-10-21T01:04:54.875+0000] {processor.py:826} INFO - Processing file /home/airflow/.local/lib/python3.7/site-packages/airflow/example_dags/example_dynamic_task_mapping.py for tasks to queue
[2025-10-21T01:04:54.878+0000] {logging_mixin.py:149} INFO - [2025-10-21T01:04:54.878+0000] {dagbag.py:541} INFO - Filling up the DagBag from /home/airflow/.local/lib/python3.7/site-packages/airflow/example_dags/example_dynamic_task_mapping.py
[2025-10-21T01:04:54.901+0000] {processor.py:836} INFO - DAG(s) dict_keys(['example_dynamic_task_mapping']) retrieved from /home/airflow/.local/lib/python3.7/site-packages/airflow/example_dags/example_dynamic_task_mapping.py
[2025-10-21T01:04:54.991+0000] {logging_mixin.py:149} INFO - [2025-10-21T01:04:54.990+0000] {dag.py:2726} INFO - Sync 1 DAGs
[2025-10-21T01:04:55.068+0000] {logging_mixin.py:149} INFO - [2025-10-21T01:04:55.067+0000] {dag.py:3490} INFO - Setting next_dagrun for example_dynamic_task_mapping to 2022-03-04T00:00:00+00:00, run_after=2022-03-05T00:00:00+00:00
[2025-10-21T01:04:55.122+0000] {processor.py:179} INFO - Processing /home/airflow/.local/lib/python3.7/site-packages/airflow/example_dags/example_dynamic_task_mapping.py took 0.262 seconds
[2025-10-21T01:05:25.391+0000] {processor.py:157} INFO - Started process (PID=2103) to work on /home/airflow/.local/lib/python3.7/site-packages/airflow/example_dags/example_dynamic_task_mapping.py
[2025-10-21T01:05:25.393+0000] {processor.py:826} INFO - Processing file /home/airflow/.local/lib/python3.7/site-packages/airflow/example_dags/example_dynamic_task_mapping.py for tasks to queue
[2025-10-21T01:05:25.398+0000] {logging_mixin.py:149} INFO - [2025-10-21T01:05:25.398+0000] {dagbag.py:541} INFO - Filling up the DagBag from /home/airflow/.local/lib/python3.7/site-packages/airflow/example_dags/example_dynamic_task_mapping.py
[2025-10-21T01:05:25.414+0000] {processor.py:836} INFO - DAG(s) dict_keys(['example_dynamic_task_mapping']) retrieved from /home/airflow/.local/lib/python3.7/site-packages/airflow/example_dags/example_dynamic_task_mapping.py
[2025-10-21T01:05:25.456+0000] {logging_mixin.py:149} INFO - [2025-10-21T01:05:25.456+0000] {dag.py:2726} INFO - Sync 1 DAGs
[2025-10-21T01:05:25.499+0000] {logging_mixin.py:149} INFO - [2025-10-21T01:05:25.499+0000] {dag.py:3490} INFO - Setting next_dagrun for example_dynamic_task_mapping to 2022-03-04T00:00:00+00:00, run_after=2022-03-05T00:00:00+00:00
[2025-10-21T01:05:25.534+0000] {processor.py:179} INFO - Processing /home/airflow/.local/lib/python3.7/site-packages/airflow/example_dags/example_dynamic_task_mapping.py took 0.151 seconds
[2025-10-21T01:05:56.258+0000] {processor.py:157} INFO - Started process (PID=2169) to work on /home/airflow/.local/lib/python3.7/site-packages/airflow/example_dags/example_dynamic_task_mapping.py
[2025-10-21T01:05:56.260+0000] {processor.py:826} INFO - Processing file /home/airflow/.local/lib/python3.7/site-packages/airflow/example_dags/example_dynamic_task_mapping.py for tasks to queue
[2025-10-21T01:05:56.261+0000] {logging_mixin.py:149} INFO - [2025-10-21T01:05:56.261+0000] {dagbag.py:541} INFO - Filling up the DagBag from /home/airflow/.local/lib/python3.7/site-packages/airflow/example_dags/example_dynamic_task_mapping.py
[2025-10-21T01:05:56.274+0000] {processor.py:836} INFO - DAG(s) dict_keys(['example_dynamic_task_mapping']) retrieved from /home/airflow/.local/lib/python3.7/site-packages/airflow/example_dags/example_dynamic_task_mapping.py
[2025-10-21T01:05:56.322+0000] {logging_mixin.py:149} INFO - [2025-10-21T01:05:56.322+0000] {dag.py:2726} INFO - Sync 1 DAGs
[2025-10-21T01:05:56.372+0000] {logging_mixin.py:149} INFO - [2025-10-21T01:05:56.372+0000] {dag.py:3490} INFO - Setting next_dagrun for example_dynamic_task_mapping to 2022-03-04T00:00:00+00:00, run_after=2022-03-05T00:00:00+00:00
[2025-10-21T01:05:56.412+0000] {processor.py:179} INFO - Processing /home/airflow/.local/lib/python3.7/site-packages/airflow/example_dags/example_dynamic_task_mapping.py took 0.161 seconds
[2025-10-21T01:06:27.710+0000] {processor.py:157} INFO - Started process (PID=2235) to work on /home/airflow/.local/lib/python3.7/site-packages/airflow/example_dags/example_dynamic_task_mapping.py
[2025-10-21T01:06:27.715+0000] {processor.py:826} INFO - Processing file /home/airflow/.local/lib/python3.7/site-packages/airflow/example_dags/example_dynamic_task_mapping.py for tasks to queue
[2025-10-21T01:06:27.718+0000] {logging_mixin.py:149} INFO - [2025-10-21T01:06:27.718+0000] {dagbag.py:541} INFO - Filling up the DagBag from /home/airflow/.local/lib/python3.7/site-packages/airflow/example_dags/example_dynamic_task_mapping.py
[2025-10-21T01:06:27.738+0000] {processor.py:836} INFO - DAG(s) dict_keys(['example_dynamic_task_mapping']) retrieved from /home/airflow/.local/lib/python3.7/site-packages/airflow/example_dags/example_dynamic_task_mapping.py
[2025-10-21T01:06:27.802+0000] {logging_mixin.py:149} INFO - [2025-10-21T01:06:27.802+0000] {dag.py:2726} INFO - Sync 1 DAGs
[2025-10-21T01:06:27.862+0000] {logging_mixin.py:149} INFO - [2025-10-21T01:06:27.862+0000] {dag.py:3490} INFO - Setting next_dagrun for example_dynamic_task_mapping to 2022-03-04T00:00:00+00:00, run_after=2022-03-05T00:00:00+00:00
[2025-10-21T01:06:27.912+0000] {processor.py:179} INFO - Processing /home/airflow/.local/lib/python3.7/site-packages/airflow/example_dags/example_dynamic_task_mapping.py took 0.211 seconds
[2025-10-21T01:06:58.587+0000] {processor.py:157} INFO - Started process (PID=2302) to work on /home/airflow/.local/lib/python3.7/site-packages/airflow/example_dags/example_dynamic_task_mapping.py
[2025-10-21T01:06:58.589+0000] {processor.py:826} INFO - Processing file /home/airflow/.local/lib/python3.7/site-packages/airflow/example_dags/example_dynamic_task_mapping.py for tasks to queue
[2025-10-21T01:06:58.591+0000] {logging_mixin.py:149} INFO - [2025-10-21T01:06:58.591+0000] {dagbag.py:541} INFO - Filling up the DagBag from /home/airflow/.local/lib/python3.7/site-packages/airflow/example_dags/example_dynamic_task_mapping.py
[2025-10-21T01:06:58.607+0000] {processor.py:836} INFO - DAG(s) dict_keys(['example_dynamic_task_mapping']) retrieved from /home/airflow/.local/lib/python3.7/site-packages/airflow/example_dags/example_dynamic_task_mapping.py
[2025-10-21T01:06:58.658+0000] {logging_mixin.py:149} INFO - [2025-10-21T01:06:58.657+0000] {dag.py:2726} INFO - Sync 1 DAGs
[2025-10-21T01:06:58.703+0000] {logging_mixin.py:149} INFO - [2025-10-21T01:06:58.703+0000] {dag.py:3490} INFO - Setting next_dagrun for example_dynamic_task_mapping to 2022-03-04T00:00:00+00:00, run_after=2022-03-05T00:00:00+00:00
[2025-10-21T01:06:58.744+0000] {processor.py:179} INFO - Processing /home/airflow/.local/lib/python3.7/site-packages/airflow/example_dags/example_dynamic_task_mapping.py took 0.163 seconds
[2025-10-21T01:07:29.408+0000] {processor.py:157} INFO - Started process (PID=2369) to work on /home/airflow/.local/lib/python3.7/site-packages/airflow/example_dags/example_dynamic_task_mapping.py
[2025-10-21T01:07:29.411+0000] {processor.py:826} INFO - Processing file /home/airflow/.local/lib/python3.7/site-packages/airflow/example_dags/example_dynamic_task_mapping.py for tasks to queue
[2025-10-21T01:07:29.413+0000] {logging_mixin.py:149} INFO - [2025-10-21T01:07:29.412+0000] {dagbag.py:541} INFO - Filling up the DagBag from /home/airflow/.local/lib/python3.7/site-packages/airflow/example_dags/example_dynamic_task_mapping.py
[2025-10-21T01:07:29.427+0000] {processor.py:836} INFO - DAG(s) dict_keys(['example_dynamic_task_mapping']) retrieved from /home/airflow/.local/lib/python3.7/site-packages/airflow/example_dags/example_dynamic_task_mapping.py
[2025-10-21T01:07:29.476+0000] {logging_mixin.py:149} INFO - [2025-10-21T01:07:29.476+0000] {dag.py:2726} INFO - Sync 1 DAGs
[2025-10-21T01:07:29.528+0000] {logging_mixin.py:149} INFO - [2025-10-21T01:07:29.527+0000] {dag.py:3490} INFO - Setting next_dagrun for example_dynamic_task_mapping to 2022-03-04T00:00:00+00:00, run_after=2022-03-05T00:00:00+00:00
[2025-10-21T01:07:29.570+0000] {processor.py:179} INFO - Processing /home/airflow/.local/lib/python3.7/site-packages/airflow/example_dags/example_dynamic_task_mapping.py took 0.169 seconds
[2025-10-21T01:07:59.703+0000] {processor.py:157} INFO - Started process (PID=2435) to work on /home/airflow/.local/lib/python3.7/site-packages/airflow/example_dags/example_dynamic_task_mapping.py
[2025-10-21T01:07:59.706+0000] {processor.py:826} INFO - Processing file /home/airflow/.local/lib/python3.7/site-packages/airflow/example_dags/example_dynamic_task_mapping.py for tasks to queue
[2025-10-21T01:07:59.708+0000] {logging_mixin.py:149} INFO - [2025-10-21T01:07:59.707+0000] {dagbag.py:541} INFO - Filling up the DagBag from /home/airflow/.local/lib/python3.7/site-packages/airflow/example_dags/example_dynamic_task_mapping.py
[2025-10-21T01:07:59.723+0000] {processor.py:836} INFO - DAG(s) dict_keys(['example_dynamic_task_mapping']) retrieved from /home/airflow/.local/lib/python3.7/site-packages/airflow/example_dags/example_dynamic_task_mapping.py
[2025-10-21T01:07:59.779+0000] {logging_mixin.py:149} INFO - [2025-10-21T01:07:59.779+0000] {dag.py:2726} INFO - Sync 1 DAGs
[2025-10-21T01:07:59.839+0000] {logging_mixin.py:149} INFO - [2025-10-21T01:07:59.839+0000] {dag.py:3490} INFO - Setting next_dagrun for example_dynamic_task_mapping to 2022-03-04T00:00:00+00:00, run_after=2022-03-05T00:00:00+00:00
[2025-10-21T01:07:59.880+0000] {processor.py:179} INFO - Processing /home/airflow/.local/lib/python3.7/site-packages/airflow/example_dags/example_dynamic_task_mapping.py took 0.185 seconds
[2025-10-21T01:08:30.246+0000] {processor.py:157} INFO - Started process (PID=2501) to work on /home/airflow/.local/lib/python3.7/site-packages/airflow/example_dags/example_dynamic_task_mapping.py
[2025-10-21T01:08:30.248+0000] {processor.py:826} INFO - Processing file /home/airflow/.local/lib/python3.7/site-packages/airflow/example_dags/example_dynamic_task_mapping.py for tasks to queue
[2025-10-21T01:08:30.250+0000] {logging_mixin.py:149} INFO - [2025-10-21T01:08:30.250+0000] {dagbag.py:541} INFO - Filling up the DagBag from /home/airflow/.local/lib/python3.7/site-packages/airflow/example_dags/example_dynamic_task_mapping.py
[2025-10-21T01:08:30.266+0000] {processor.py:836} INFO - DAG(s) dict_keys(['example_dynamic_task_mapping']) retrieved from /home/airflow/.local/lib/python3.7/site-packages/airflow/example_dags/example_dynamic_task_mapping.py
[2025-10-21T01:08:30.313+0000] {logging_mixin.py:149} INFO - [2025-10-21T01:08:30.313+0000] {dag.py:2726} INFO - Sync 1 DAGs
[2025-10-21T01:08:30.379+0000] {logging_mixin.py:149} INFO - [2025-10-21T01:08:30.379+0000] {dag.py:3490} INFO - Setting next_dagrun for example_dynamic_task_mapping to 2022-03-04T00:00:00+00:00, run_after=2022-03-05T00:00:00+00:00
[2025-10-21T01:08:30.419+0000] {processor.py:179} INFO - Processing /home/airflow/.local/lib/python3.7/site-packages/airflow/example_dags/example_dynamic_task_mapping.py took 0.181 seconds
[2025-10-21T01:09:01.229+0000] {processor.py:157} INFO - Started process (PID=2567) to work on /home/airflow/.local/lib/python3.7/site-packages/airflow/example_dags/example_dynamic_task_mapping.py
[2025-10-21T01:09:01.231+0000] {processor.py:826} INFO - Processing file /home/airflow/.local/lib/python3.7/site-packages/airflow/example_dags/example_dynamic_task_mapping.py for tasks to queue
[2025-10-21T01:09:01.233+0000] {logging_mixin.py:149} INFO - [2025-10-21T01:09:01.233+0000] {dagbag.py:541} INFO - Filling up the DagBag from /home/airflow/.local/lib/python3.7/site-packages/airflow/example_dags/example_dynamic_task_mapping.py
[2025-10-21T01:09:01.252+0000] {processor.py:836} INFO - DAG(s) dict_keys(['example_dynamic_task_mapping']) retrieved from /home/airflow/.local/lib/python3.7/site-packages/airflow/example_dags/example_dynamic_task_mapping.py
[2025-10-21T01:09:01.307+0000] {logging_mixin.py:149} INFO - [2025-10-21T01:09:01.307+0000] {dag.py:2726} INFO - Sync 1 DAGs
[2025-10-21T01:09:01.368+0000] {logging_mixin.py:149} INFO - [2025-10-21T01:09:01.367+0000] {dag.py:3490} INFO - Setting next_dagrun for example_dynamic_task_mapping to 2022-03-04T00:00:00+00:00, run_after=2022-03-05T00:00:00+00:00
[2025-10-21T01:09:01.414+0000] {processor.py:179} INFO - Processing /home/airflow/.local/lib/python3.7/site-packages/airflow/example_dags/example_dynamic_task_mapping.py took 0.193 seconds
[2025-10-21T01:09:31.915+0000] {processor.py:157} INFO - Started process (PID=2633) to work on /home/airflow/.local/lib/python3.7/site-packages/airflow/example_dags/example_dynamic_task_mapping.py
[2025-10-21T01:09:31.918+0000] {processor.py:826} INFO - Processing file /home/airflow/.local/lib/python3.7/site-packages/airflow/example_dags/example_dynamic_task_mapping.py for tasks to queue
[2025-10-21T01:09:31.920+0000] {logging_mixin.py:149} INFO - [2025-10-21T01:09:31.919+0000] {dagbag.py:541} INFO - Filling up the DagBag from /home/airflow/.local/lib/python3.7/site-packages/airflow/example_dags/example_dynamic_task_mapping.py
[2025-10-21T01:09:31.934+0000] {processor.py:836} INFO - DAG(s) dict_keys(['example_dynamic_task_mapping']) retrieved from /home/airflow/.local/lib/python3.7/site-packages/airflow/example_dags/example_dynamic_task_mapping.py
[2025-10-21T01:09:31.984+0000] {logging_mixin.py:149} INFO - [2025-10-21T01:09:31.984+0000] {dag.py:2726} INFO - Sync 1 DAGs
[2025-10-21T01:09:32.044+0000] {logging_mixin.py:149} INFO - [2025-10-21T01:09:32.042+0000] {dag.py:3490} INFO - Setting next_dagrun for example_dynamic_task_mapping to 2022-03-04T00:00:00+00:00, run_after=2022-03-05T00:00:00+00:00
[2025-10-21T01:09:32.091+0000] {processor.py:179} INFO - Processing /home/airflow/.local/lib/python3.7/site-packages/airflow/example_dags/example_dynamic_task_mapping.py took 0.182 seconds
[2025-10-21T01:10:02.652+0000] {processor.py:157} INFO - Started process (PID=2700) to work on /home/airflow/.local/lib/python3.7/site-packages/airflow/example_dags/example_dynamic_task_mapping.py
[2025-10-21T01:10:02.654+0000] {processor.py:826} INFO - Processing file /home/airflow/.local/lib/python3.7/site-packages/airflow/example_dags/example_dynamic_task_mapping.py for tasks to queue
[2025-10-21T01:10:02.656+0000] {logging_mixin.py:149} INFO - [2025-10-21T01:10:02.656+0000] {dagbag.py:541} INFO - Filling up the DagBag from /home/airflow/.local/lib/python3.7/site-packages/airflow/example_dags/example_dynamic_task_mapping.py
[2025-10-21T01:10:02.678+0000] {processor.py:836} INFO - DAG(s) dict_keys(['example_dynamic_task_mapping']) retrieved from /home/airflow/.local/lib/python3.7/site-packages/airflow/example_dags/example_dynamic_task_mapping.py
[2025-10-21T01:10:02.773+0000] {logging_mixin.py:149} INFO - [2025-10-21T01:10:02.772+0000] {dag.py:2726} INFO - Sync 1 DAGs
[2025-10-21T01:10:02.868+0000] {logging_mixin.py:149} INFO - [2025-10-21T01:10:02.867+0000] {dag.py:3490} INFO - Setting next_dagrun for example_dynamic_task_mapping to 2022-03-04T00:00:00+00:00, run_after=2022-03-05T00:00:00+00:00
[2025-10-21T01:10:02.922+0000] {processor.py:179} INFO - Processing /home/airflow/.local/lib/python3.7/site-packages/airflow/example_dags/example_dynamic_task_mapping.py took 0.280 seconds
[2025-10-21T01:10:33.035+0000] {processor.py:157} INFO - Started process (PID=2767) to work on /home/airflow/.local/lib/python3.7/site-packages/airflow/example_dags/example_dynamic_task_mapping.py
[2025-10-21T01:10:33.037+0000] {processor.py:826} INFO - Processing file /home/airflow/.local/lib/python3.7/site-packages/airflow/example_dags/example_dynamic_task_mapping.py for tasks to queue
[2025-10-21T01:10:33.039+0000] {logging_mixin.py:149} INFO - [2025-10-21T01:10:33.039+0000] {dagbag.py:541} INFO - Filling up the DagBag from /home/airflow/.local/lib/python3.7/site-packages/airflow/example_dags/example_dynamic_task_mapping.py
[2025-10-21T01:10:33.053+0000] {processor.py:836} INFO - DAG(s) dict_keys(['example_dynamic_task_mapping']) retrieved from /home/airflow/.local/lib/python3.7/site-packages/airflow/example_dags/example_dynamic_task_mapping.py
[2025-10-21T01:10:33.108+0000] {logging_mixin.py:149} INFO - [2025-10-21T01:10:33.107+0000] {dag.py:2726} INFO - Sync 1 DAGs
[2025-10-21T01:10:33.163+0000] {logging_mixin.py:149} INFO - [2025-10-21T01:10:33.163+0000] {dag.py:3490} INFO - Setting next_dagrun for example_dynamic_task_mapping to 2022-03-04T00:00:00+00:00, run_after=2022-03-05T00:00:00+00:00
[2025-10-21T01:10:33.208+0000] {processor.py:179} INFO - Processing /home/airflow/.local/lib/python3.7/site-packages/airflow/example_dags/example_dynamic_task_mapping.py took 0.180 seconds
[2025-10-21T01:11:03.570+0000] {processor.py:157} INFO - Started process (PID=2833) to work on /home/airflow/.local/lib/python3.7/site-packages/airflow/example_dags/example_dynamic_task_mapping.py
[2025-10-21T01:11:03.574+0000] {processor.py:826} INFO - Processing file /home/airflow/.local/lib/python3.7/site-packages/airflow/example_dags/example_dynamic_task_mapping.py for tasks to queue
[2025-10-21T01:11:03.576+0000] {logging_mixin.py:149} INFO - [2025-10-21T01:11:03.576+0000] {dagbag.py:541} INFO - Filling up the DagBag from /home/airflow/.local/lib/python3.7/site-packages/airflow/example_dags/example_dynamic_task_mapping.py
[2025-10-21T01:11:03.594+0000] {processor.py:836} INFO - DAG(s) dict_keys(['example_dynamic_task_mapping']) retrieved from /home/airflow/.local/lib/python3.7/site-packages/airflow/example_dags/example_dynamic_task_mapping.py
[2025-10-21T01:11:03.650+0000] {logging_mixin.py:149} INFO - [2025-10-21T01:11:03.650+0000] {dag.py:2726} INFO - Sync 1 DAGs
[2025-10-21T01:11:03.705+0000] {logging_mixin.py:149} INFO - [2025-10-21T01:11:03.705+0000] {dag.py:3490} INFO - Setting next_dagrun for example_dynamic_task_mapping to 2022-03-04T00:00:00+00:00, run_after=2022-03-05T00:00:00+00:00
[2025-10-21T01:11:03.752+0000] {processor.py:179} INFO - Processing /home/airflow/.local/lib/python3.7/site-packages/airflow/example_dags/example_dynamic_task_mapping.py took 0.189 seconds
[2025-10-21T01:11:34.258+0000] {processor.py:157} INFO - Started process (PID=2899) to work on /home/airflow/.local/lib/python3.7/site-packages/airflow/example_dags/example_dynamic_task_mapping.py
[2025-10-21T01:11:34.260+0000] {processor.py:826} INFO - Processing file /home/airflow/.local/lib/python3.7/site-packages/airflow/example_dags/example_dynamic_task_mapping.py for tasks to queue
[2025-10-21T01:11:34.262+0000] {logging_mixin.py:149} INFO - [2025-10-21T01:11:34.262+0000] {dagbag.py:541} INFO - Filling up the DagBag from /home/airflow/.local/lib/python3.7/site-packages/airflow/example_dags/example_dynamic_task_mapping.py
[2025-10-21T01:11:34.279+0000] {processor.py:836} INFO - DAG(s) dict_keys(['example_dynamic_task_mapping']) retrieved from /home/airflow/.local/lib/python3.7/site-packages/airflow/example_dags/example_dynamic_task_mapping.py
[2025-10-21T01:11:34.338+0000] {logging_mixin.py:149} INFO - [2025-10-21T01:11:34.338+0000] {dag.py:2726} INFO - Sync 1 DAGs
[2025-10-21T01:11:34.393+0000] {logging_mixin.py:149} INFO - [2025-10-21T01:11:34.392+0000] {dag.py:3490} INFO - Setting next_dagrun for example_dynamic_task_mapping to 2022-03-04T00:00:00+00:00, run_after=2022-03-05T00:00:00+00:00
[2025-10-21T01:11:34.440+0000] {processor.py:179} INFO - Processing /home/airflow/.local/lib/python3.7/site-packages/airflow/example_dags/example_dynamic_task_mapping.py took 0.189 seconds
[2025-10-21T01:12:04.584+0000] {processor.py:157} INFO - Started process (PID=2964) to work on /home/airflow/.local/lib/python3.7/site-packages/airflow/example_dags/example_dynamic_task_mapping.py
[2025-10-21T01:12:04.586+0000] {processor.py:826} INFO - Processing file /home/airflow/.local/lib/python3.7/site-packages/airflow/example_dags/example_dynamic_task_mapping.py for tasks to queue
[2025-10-21T01:12:04.588+0000] {logging_mixin.py:149} INFO - [2025-10-21T01:12:04.588+0000] {dagbag.py:541} INFO - Filling up the DagBag from /home/airflow/.local/lib/python3.7/site-packages/airflow/example_dags/example_dynamic_task_mapping.py
[2025-10-21T01:12:04.601+0000] {processor.py:836} INFO - DAG(s) dict_keys(['example_dynamic_task_mapping']) retrieved from /home/airflow/.local/lib/python3.7/site-packages/airflow/example_dags/example_dynamic_task_mapping.py
[2025-10-21T01:12:04.651+0000] {logging_mixin.py:149} INFO - [2025-10-21T01:12:04.651+0000] {dag.py:2726} INFO - Sync 1 DAGs
[2025-10-21T01:12:04.694+0000] {logging_mixin.py:149} INFO - [2025-10-21T01:12:04.694+0000] {dag.py:3490} INFO - Setting next_dagrun for example_dynamic_task_mapping to 2022-03-04T00:00:00+00:00, run_after=2022-03-05T00:00:00+00:00
[2025-10-21T01:12:04.734+0000] {processor.py:179} INFO - Processing /home/airflow/.local/lib/python3.7/site-packages/airflow/example_dags/example_dynamic_task_mapping.py took 0.157 seconds
[2025-10-21T01:12:36.281+0000] {processor.py:157} INFO - Started process (PID=3031) to work on /home/airflow/.local/lib/python3.7/site-packages/airflow/example_dags/example_dynamic_task_mapping.py
[2025-10-21T01:12:36.283+0000] {processor.py:826} INFO - Processing file /home/airflow/.local/lib/python3.7/site-packages/airflow/example_dags/example_dynamic_task_mapping.py for tasks to queue
[2025-10-21T01:12:36.285+0000] {logging_mixin.py:149} INFO - [2025-10-21T01:12:36.285+0000] {dagbag.py:541} INFO - Filling up the DagBag from /home/airflow/.local/lib/python3.7/site-packages/airflow/example_dags/example_dynamic_task_mapping.py
[2025-10-21T01:12:36.301+0000] {processor.py:836} INFO - DAG(s) dict_keys(['example_dynamic_task_mapping']) retrieved from /home/airflow/.local/lib/python3.7/site-packages/airflow/example_dags/example_dynamic_task_mapping.py
[2025-10-21T01:12:36.348+0000] {logging_mixin.py:149} INFO - [2025-10-21T01:12:36.348+0000] {dag.py:2726} INFO - Sync 1 DAGs
[2025-10-21T01:12:36.400+0000] {logging_mixin.py:149} INFO - [2025-10-21T01:12:36.400+0000] {dag.py:3490} INFO - Setting next_dagrun for example_dynamic_task_mapping to 2022-03-04T00:00:00+00:00, run_after=2022-03-05T00:00:00+00:00
[2025-10-21T01:12:36.438+0000] {processor.py:179} INFO - Processing /home/airflow/.local/lib/python3.7/site-packages/airflow/example_dags/example_dynamic_task_mapping.py took 0.165 seconds
[2025-10-21T01:13:07.321+0000] {processor.py:157} INFO - Started process (PID=3097) to work on /home/airflow/.local/lib/python3.7/site-packages/airflow/example_dags/example_dynamic_task_mapping.py
[2025-10-21T01:13:07.323+0000] {processor.py:826} INFO - Processing file /home/airflow/.local/lib/python3.7/site-packages/airflow/example_dags/example_dynamic_task_mapping.py for tasks to queue
[2025-10-21T01:13:07.324+0000] {logging_mixin.py:149} INFO - [2025-10-21T01:13:07.324+0000] {dagbag.py:541} INFO - Filling up the DagBag from /home/airflow/.local/lib/python3.7/site-packages/airflow/example_dags/example_dynamic_task_mapping.py
[2025-10-21T01:13:07.339+0000] {processor.py:836} INFO - DAG(s) dict_keys(['example_dynamic_task_mapping']) retrieved from /home/airflow/.local/lib/python3.7/site-packages/airflow/example_dags/example_dynamic_task_mapping.py
[2025-10-21T01:13:07.387+0000] {logging_mixin.py:149} INFO - [2025-10-21T01:13:07.386+0000] {dag.py:2726} INFO - Sync 1 DAGs
[2025-10-21T01:13:07.441+0000] {logging_mixin.py:149} INFO - [2025-10-21T01:13:07.441+0000] {dag.py:3490} INFO - Setting next_dagrun for example_dynamic_task_mapping to 2022-03-04T00:00:00+00:00, run_after=2022-03-05T00:00:00+00:00
[2025-10-21T01:13:07.484+0000] {processor.py:179} INFO - Processing /home/airflow/.local/lib/python3.7/site-packages/airflow/example_dags/example_dynamic_task_mapping.py took 0.171 seconds
[2025-10-21T01:13:37.995+0000] {processor.py:157} INFO - Started process (PID=3154) to work on /home/airflow/.local/lib/python3.7/site-packages/airflow/example_dags/example_dynamic_task_mapping.py
[2025-10-21T01:13:37.997+0000] {processor.py:826} INFO - Processing file /home/airflow/.local/lib/python3.7/site-packages/airflow/example_dags/example_dynamic_task_mapping.py for tasks to queue
[2025-10-21T01:13:38.000+0000] {logging_mixin.py:149} INFO - [2025-10-21T01:13:37.999+0000] {dagbag.py:541} INFO - Filling up the DagBag from /home/airflow/.local/lib/python3.7/site-packages/airflow/example_dags/example_dynamic_task_mapping.py
[2025-10-21T01:13:38.015+0000] {processor.py:836} INFO - DAG(s) dict_keys(['example_dynamic_task_mapping']) retrieved from /home/airflow/.local/lib/python3.7/site-packages/airflow/example_dags/example_dynamic_task_mapping.py
[2025-10-21T01:13:38.071+0000] {logging_mixin.py:149} INFO - [2025-10-21T01:13:38.071+0000] {dag.py:2726} INFO - Sync 1 DAGs
[2025-10-21T01:13:38.133+0000] {logging_mixin.py:149} INFO - [2025-10-21T01:13:38.132+0000] {dag.py:3490} INFO - Setting next_dagrun for example_dynamic_task_mapping to 2022-03-04T00:00:00+00:00, run_after=2022-03-05T00:00:00+00:00
[2025-10-21T01:13:38.175+0000] {processor.py:179} INFO - Processing /home/airflow/.local/lib/python3.7/site-packages/airflow/example_dags/example_dynamic_task_mapping.py took 0.186 seconds
[2025-10-21T01:14:08.549+0000] {processor.py:157} INFO - Started process (PID=3220) to work on /home/airflow/.local/lib/python3.7/site-packages/airflow/example_dags/example_dynamic_task_mapping.py
[2025-10-21T01:14:08.552+0000] {processor.py:826} INFO - Processing file /home/airflow/.local/lib/python3.7/site-packages/airflow/example_dags/example_dynamic_task_mapping.py for tasks to queue
[2025-10-21T01:14:08.554+0000] {logging_mixin.py:149} INFO - [2025-10-21T01:14:08.554+0000] {dagbag.py:541} INFO - Filling up the DagBag from /home/airflow/.local/lib/python3.7/site-packages/airflow/example_dags/example_dynamic_task_mapping.py
[2025-10-21T01:14:08.567+0000] {processor.py:836} INFO - DAG(s) dict_keys(['example_dynamic_task_mapping']) retrieved from /home/airflow/.local/lib/python3.7/site-packages/airflow/example_dags/example_dynamic_task_mapping.py
[2025-10-21T01:14:08.617+0000] {logging_mixin.py:149} INFO - [2025-10-21T01:14:08.617+0000] {dag.py:2726} INFO - Sync 1 DAGs
[2025-10-21T01:14:08.669+0000] {logging_mixin.py:149} INFO - [2025-10-21T01:14:08.669+0000] {dag.py:3490} INFO - Setting next_dagrun for example_dynamic_task_mapping to 2022-03-04T00:00:00+00:00, run_after=2022-03-05T00:00:00+00:00
[2025-10-21T01:14:08.710+0000] {processor.py:179} INFO - Processing /home/airflow/.local/lib/python3.7/site-packages/airflow/example_dags/example_dynamic_task_mapping.py took 0.169 seconds
[2025-10-21T01:14:38.956+0000] {processor.py:157} INFO - Started process (PID=3286) to work on /home/airflow/.local/lib/python3.7/site-packages/airflow/example_dags/example_dynamic_task_mapping.py
[2025-10-21T01:14:38.959+0000] {processor.py:826} INFO - Processing file /home/airflow/.local/lib/python3.7/site-packages/airflow/example_dags/example_dynamic_task_mapping.py for tasks to queue
[2025-10-21T01:14:38.960+0000] {logging_mixin.py:149} INFO - [2025-10-21T01:14:38.960+0000] {dagbag.py:541} INFO - Filling up the DagBag from /home/airflow/.local/lib/python3.7/site-packages/airflow/example_dags/example_dynamic_task_mapping.py
[2025-10-21T01:14:38.973+0000] {processor.py:836} INFO - DAG(s) dict_keys(['example_dynamic_task_mapping']) retrieved from /home/airflow/.local/lib/python3.7/site-packages/airflow/example_dags/example_dynamic_task_mapping.py
[2025-10-21T01:14:39.016+0000] {logging_mixin.py:149} INFO - [2025-10-21T01:14:39.016+0000] {dag.py:2726} INFO - Sync 1 DAGs
[2025-10-21T01:14:39.060+0000] {logging_mixin.py:149} INFO - [2025-10-21T01:14:39.060+0000] {dag.py:3490} INFO - Setting next_dagrun for example_dynamic_task_mapping to 2022-03-04T00:00:00+00:00, run_after=2022-03-05T00:00:00+00:00
[2025-10-21T01:14:39.092+0000] {processor.py:179} INFO - Processing /home/airflow/.local/lib/python3.7/site-packages/airflow/example_dags/example_dynamic_task_mapping.py took 0.142 seconds
[2025-10-21T01:15:09.611+0000] {processor.py:157} INFO - Started process (PID=3352) to work on /home/airflow/.local/lib/python3.7/site-packages/airflow/example_dags/example_dynamic_task_mapping.py
[2025-10-21T01:15:09.614+0000] {processor.py:826} INFO - Processing file /home/airflow/.local/lib/python3.7/site-packages/airflow/example_dags/example_dynamic_task_mapping.py for tasks to queue
[2025-10-21T01:15:09.616+0000] {logging_mixin.py:149} INFO - [2025-10-21T01:15:09.616+0000] {dagbag.py:541} INFO - Filling up the DagBag from /home/airflow/.local/lib/python3.7/site-packages/airflow/example_dags/example_dynamic_task_mapping.py
[2025-10-21T01:15:09.644+0000] {processor.py:836} INFO - DAG(s) dict_keys(['example_dynamic_task_mapping']) retrieved from /home/airflow/.local/lib/python3.7/site-packages/airflow/example_dags/example_dynamic_task_mapping.py
[2025-10-21T01:15:09.714+0000] {logging_mixin.py:149} INFO - [2025-10-21T01:15:09.714+0000] {dag.py:2726} INFO - Sync 1 DAGs
[2025-10-21T01:15:09.784+0000] {logging_mixin.py:149} INFO - [2025-10-21T01:15:09.783+0000] {dag.py:3490} INFO - Setting next_dagrun for example_dynamic_task_mapping to 2022-03-04T00:00:00+00:00, run_after=2022-03-05T00:00:00+00:00
[2025-10-21T01:15:09.829+0000] {processor.py:179} INFO - Processing /home/airflow/.local/lib/python3.7/site-packages/airflow/example_dags/example_dynamic_task_mapping.py took 0.233 seconds
[2025-10-21T01:15:40.230+0000] {processor.py:157} INFO - Started process (PID=3418) to work on /home/airflow/.local/lib/python3.7/site-packages/airflow/example_dags/example_dynamic_task_mapping.py
[2025-10-21T01:15:40.233+0000] {processor.py:826} INFO - Processing file /home/airflow/.local/lib/python3.7/site-packages/airflow/example_dags/example_dynamic_task_mapping.py for tasks to queue
[2025-10-21T01:15:40.235+0000] {logging_mixin.py:149} INFO - [2025-10-21T01:15:40.235+0000] {dagbag.py:541} INFO - Filling up the DagBag from /home/airflow/.local/lib/python3.7/site-packages/airflow/example_dags/example_dynamic_task_mapping.py
[2025-10-21T01:15:40.257+0000] {processor.py:836} INFO - DAG(s) dict_keys(['example_dynamic_task_mapping']) retrieved from /home/airflow/.local/lib/python3.7/site-packages/airflow/example_dags/example_dynamic_task_mapping.py
[2025-10-21T01:15:40.321+0000] {logging_mixin.py:149} INFO - [2025-10-21T01:15:40.320+0000] {dag.py:2726} INFO - Sync 1 DAGs
[2025-10-21T01:15:40.387+0000] {logging_mixin.py:149} INFO - [2025-10-21T01:15:40.387+0000] {dag.py:3490} INFO - Setting next_dagrun for example_dynamic_task_mapping to 2022-03-04T00:00:00+00:00, run_after=2022-03-05T00:00:00+00:00
[2025-10-21T01:15:40.434+0000] {processor.py:179} INFO - Processing /home/airflow/.local/lib/python3.7/site-packages/airflow/example_dags/example_dynamic_task_mapping.py took 0.214 seconds
[2025-10-21T01:16:10.670+0000] {processor.py:157} INFO - Started process (PID=3485) to work on /home/airflow/.local/lib/python3.7/site-packages/airflow/example_dags/example_dynamic_task_mapping.py
[2025-10-21T01:16:10.673+0000] {processor.py:826} INFO - Processing file /home/airflow/.local/lib/python3.7/site-packages/airflow/example_dags/example_dynamic_task_mapping.py for tasks to queue
[2025-10-21T01:16:10.675+0000] {logging_mixin.py:149} INFO - [2025-10-21T01:16:10.674+0000] {dagbag.py:541} INFO - Filling up the DagBag from /home/airflow/.local/lib/python3.7/site-packages/airflow/example_dags/example_dynamic_task_mapping.py
[2025-10-21T01:16:10.687+0000] {processor.py:836} INFO - DAG(s) dict_keys(['example_dynamic_task_mapping']) retrieved from /home/airflow/.local/lib/python3.7/site-packages/airflow/example_dags/example_dynamic_task_mapping.py
[2025-10-21T01:16:10.738+0000] {logging_mixin.py:149} INFO - [2025-10-21T01:16:10.737+0000] {dag.py:2726} INFO - Sync 1 DAGs
[2025-10-21T01:16:10.800+0000] {logging_mixin.py:149} INFO - [2025-10-21T01:16:10.800+0000] {dag.py:3490} INFO - Setting next_dagrun for example_dynamic_task_mapping to 2022-03-04T00:00:00+00:00, run_after=2022-03-05T00:00:00+00:00
[2025-10-21T01:16:10.847+0000] {processor.py:179} INFO - Processing /home/airflow/.local/lib/python3.7/site-packages/airflow/example_dags/example_dynamic_task_mapping.py took 0.184 seconds
[2025-10-21T01:16:41.259+0000] {processor.py:157} INFO - Started process (PID=3551) to work on /home/airflow/.local/lib/python3.7/site-packages/airflow/example_dags/example_dynamic_task_mapping.py
[2025-10-21T01:16:41.261+0000] {processor.py:826} INFO - Processing file /home/airflow/.local/lib/python3.7/site-packages/airflow/example_dags/example_dynamic_task_mapping.py for tasks to queue
[2025-10-21T01:16:41.263+0000] {logging_mixin.py:149} INFO - [2025-10-21T01:16:41.263+0000] {dagbag.py:541} INFO - Filling up the DagBag from /home/airflow/.local/lib/python3.7/site-packages/airflow/example_dags/example_dynamic_task_mapping.py
[2025-10-21T01:16:41.278+0000] {processor.py:836} INFO - DAG(s) dict_keys(['example_dynamic_task_mapping']) retrieved from /home/airflow/.local/lib/python3.7/site-packages/airflow/example_dags/example_dynamic_task_mapping.py
[2025-10-21T01:16:41.326+0000] {logging_mixin.py:149} INFO - [2025-10-21T01:16:41.326+0000] {dag.py:2726} INFO - Sync 1 DAGs
[2025-10-21T01:16:41.368+0000] {logging_mixin.py:149} INFO - [2025-10-21T01:16:41.368+0000] {dag.py:3490} INFO - Setting next_dagrun for example_dynamic_task_mapping to 2022-03-04T00:00:00+00:00, run_after=2022-03-05T00:00:00+00:00
[2025-10-21T01:16:41.401+0000] {processor.py:179} INFO - Processing /home/airflow/.local/lib/python3.7/site-packages/airflow/example_dags/example_dynamic_task_mapping.py took 0.148 seconds
[2025-10-21T01:17:11.726+0000] {processor.py:157} INFO - Started process (PID=3623) to work on /home/airflow/.local/lib/python3.7/site-packages/airflow/example_dags/example_dynamic_task_mapping.py
[2025-10-21T01:17:11.729+0000] {processor.py:826} INFO - Processing file /home/airflow/.local/lib/python3.7/site-packages/airflow/example_dags/example_dynamic_task_mapping.py for tasks to queue
[2025-10-21T01:17:11.731+0000] {logging_mixin.py:149} INFO - [2025-10-21T01:17:11.731+0000] {dagbag.py:541} INFO - Filling up the DagBag from /home/airflow/.local/lib/python3.7/site-packages/airflow/example_dags/example_dynamic_task_mapping.py
[2025-10-21T01:17:11.750+0000] {processor.py:836} INFO - DAG(s) dict_keys(['example_dynamic_task_mapping']) retrieved from /home/airflow/.local/lib/python3.7/site-packages/airflow/example_dags/example_dynamic_task_mapping.py
[2025-10-21T01:17:11.822+0000] {logging_mixin.py:149} INFO - [2025-10-21T01:17:11.821+0000] {dag.py:2726} INFO - Sync 1 DAGs
[2025-10-21T01:17:11.884+0000] {logging_mixin.py:149} INFO - [2025-10-21T01:17:11.884+0000] {dag.py:3490} INFO - Setting next_dagrun for example_dynamic_task_mapping to 2022-03-04T00:00:00+00:00, run_after=2022-03-05T00:00:00+00:00
[2025-10-21T01:17:11.927+0000] {processor.py:179} INFO - Processing /home/airflow/.local/lib/python3.7/site-packages/airflow/example_dags/example_dynamic_task_mapping.py took 0.214 seconds
