[2025-10-21T00:49:55.243+0000] {processor.py:157} INFO - Started process (PID=91) to work on /home/airflow/.local/lib/python3.7/site-packages/airflow/example_dags/example_sensor_decorator.py
[2025-10-21T00:49:55.247+0000] {processor.py:826} INFO - Processing file /home/airflow/.local/lib/python3.7/site-packages/airflow/example_dags/example_sensor_decorator.py for tasks to queue
[2025-10-21T00:49:55.250+0000] {logging_mixin.py:149} INFO - [2025-10-21T00:49:55.249+0000] {dagbag.py:541} INFO - Filling up the DagBag from /home/airflow/.local/lib/python3.7/site-packages/airflow/example_dags/example_sensor_decorator.py
[2025-10-21T00:49:55.273+0000] {processor.py:836} INFO - DAG(s) dict_keys(['example_sensor_decorator']) retrieved from /home/airflow/.local/lib/python3.7/site-packages/airflow/example_dags/example_sensor_decorator.py
[2025-10-21T00:49:55.352+0000] {logging_mixin.py:149} INFO - [2025-10-21T00:49:55.351+0000] {dag.py:2726} INFO - Sync 1 DAGs
[2025-10-21T00:49:55.630+0000] {logging_mixin.py:149} INFO - [2025-10-21T00:49:55.630+0000] {dag.py:3490} INFO - Setting next_dagrun for example_sensor_decorator to None, run_after=None
[2025-10-21T00:49:55.684+0000] {processor.py:179} INFO - Processing /home/airflow/.local/lib/python3.7/site-packages/airflow/example_dags/example_sensor_decorator.py took 0.449 seconds
[2025-10-21T00:50:26.027+0000] {processor.py:157} INFO - Started process (PID=157) to work on /home/airflow/.local/lib/python3.7/site-packages/airflow/example_dags/example_sensor_decorator.py
[2025-10-21T00:50:26.030+0000] {processor.py:826} INFO - Processing file /home/airflow/.local/lib/python3.7/site-packages/airflow/example_dags/example_sensor_decorator.py for tasks to queue
[2025-10-21T00:50:26.033+0000] {logging_mixin.py:149} INFO - [2025-10-21T00:50:26.032+0000] {dagbag.py:541} INFO - Filling up the DagBag from /home/airflow/.local/lib/python3.7/site-packages/airflow/example_dags/example_sensor_decorator.py
[2025-10-21T00:50:26.056+0000] {processor.py:836} INFO - DAG(s) dict_keys(['example_sensor_decorator']) retrieved from /home/airflow/.local/lib/python3.7/site-packages/airflow/example_dags/example_sensor_decorator.py
[2025-10-21T00:50:26.124+0000] {logging_mixin.py:149} INFO - [2025-10-21T00:50:26.123+0000] {dag.py:2726} INFO - Sync 1 DAGs
[2025-10-21T00:50:26.198+0000] {logging_mixin.py:149} INFO - [2025-10-21T00:50:26.197+0000] {dag.py:3490} INFO - Setting next_dagrun for example_sensor_decorator to None, run_after=None
[2025-10-21T00:50:26.269+0000] {processor.py:179} INFO - Processing /home/airflow/.local/lib/python3.7/site-packages/airflow/example_dags/example_sensor_decorator.py took 0.252 seconds
[2025-10-21T00:50:56.511+0000] {processor.py:157} INFO - Started process (PID=223) to work on /home/airflow/.local/lib/python3.7/site-packages/airflow/example_dags/example_sensor_decorator.py
[2025-10-21T00:50:56.514+0000] {processor.py:826} INFO - Processing file /home/airflow/.local/lib/python3.7/site-packages/airflow/example_dags/example_sensor_decorator.py for tasks to queue
[2025-10-21T00:50:56.517+0000] {logging_mixin.py:149} INFO - [2025-10-21T00:50:56.517+0000] {dagbag.py:541} INFO - Filling up the DagBag from /home/airflow/.local/lib/python3.7/site-packages/airflow/example_dags/example_sensor_decorator.py
[2025-10-21T00:50:56.535+0000] {processor.py:836} INFO - DAG(s) dict_keys(['example_sensor_decorator']) retrieved from /home/airflow/.local/lib/python3.7/site-packages/airflow/example_dags/example_sensor_decorator.py
[2025-10-21T00:50:56.617+0000] {logging_mixin.py:149} INFO - [2025-10-21T00:50:56.617+0000] {dag.py:2726} INFO - Sync 1 DAGs
[2025-10-21T00:50:56.705+0000] {logging_mixin.py:149} INFO - [2025-10-21T00:50:56.705+0000] {dag.py:3490} INFO - Setting next_dagrun for example_sensor_decorator to None, run_after=None
[2025-10-21T00:50:56.762+0000] {processor.py:179} INFO - Processing /home/airflow/.local/lib/python3.7/site-packages/airflow/example_dags/example_sensor_decorator.py took 0.261 seconds
[2025-10-21T00:51:27.349+0000] {processor.py:157} INFO - Started process (PID=289) to work on /home/airflow/.local/lib/python3.7/site-packages/airflow/example_dags/example_sensor_decorator.py
[2025-10-21T00:51:27.352+0000] {processor.py:826} INFO - Processing file /home/airflow/.local/lib/python3.7/site-packages/airflow/example_dags/example_sensor_decorator.py for tasks to queue
[2025-10-21T00:51:27.355+0000] {logging_mixin.py:149} INFO - [2025-10-21T00:51:27.354+0000] {dagbag.py:541} INFO - Filling up the DagBag from /home/airflow/.local/lib/python3.7/site-packages/airflow/example_dags/example_sensor_decorator.py
[2025-10-21T00:51:27.372+0000] {processor.py:836} INFO - DAG(s) dict_keys(['example_sensor_decorator']) retrieved from /home/airflow/.local/lib/python3.7/site-packages/airflow/example_dags/example_sensor_decorator.py
[2025-10-21T00:51:27.490+0000] {logging_mixin.py:149} INFO - [2025-10-21T00:51:27.489+0000] {dag.py:2726} INFO - Sync 1 DAGs
[2025-10-21T00:51:27.604+0000] {logging_mixin.py:149} INFO - [2025-10-21T00:51:27.603+0000] {dag.py:3490} INFO - Setting next_dagrun for example_sensor_decorator to None, run_after=None
[2025-10-21T00:51:27.686+0000] {processor.py:179} INFO - Processing /home/airflow/.local/lib/python3.7/site-packages/airflow/example_dags/example_sensor_decorator.py took 0.348 seconds
[2025-10-21T00:51:58.240+0000] {processor.py:157} INFO - Started process (PID=355) to work on /home/airflow/.local/lib/python3.7/site-packages/airflow/example_dags/example_sensor_decorator.py
[2025-10-21T00:51:58.243+0000] {processor.py:826} INFO - Processing file /home/airflow/.local/lib/python3.7/site-packages/airflow/example_dags/example_sensor_decorator.py for tasks to queue
[2025-10-21T00:51:58.244+0000] {logging_mixin.py:149} INFO - [2025-10-21T00:51:58.244+0000] {dagbag.py:541} INFO - Filling up the DagBag from /home/airflow/.local/lib/python3.7/site-packages/airflow/example_dags/example_sensor_decorator.py
[2025-10-21T00:51:58.256+0000] {processor.py:836} INFO - DAG(s) dict_keys(['example_sensor_decorator']) retrieved from /home/airflow/.local/lib/python3.7/site-packages/airflow/example_dags/example_sensor_decorator.py
[2025-10-21T00:51:58.309+0000] {logging_mixin.py:149} INFO - [2025-10-21T00:51:58.309+0000] {dag.py:2726} INFO - Sync 1 DAGs
[2025-10-21T00:51:58.366+0000] {logging_mixin.py:149} INFO - [2025-10-21T00:51:58.366+0000] {dag.py:3490} INFO - Setting next_dagrun for example_sensor_decorator to None, run_after=None
[2025-10-21T00:51:58.430+0000] {processor.py:179} INFO - Processing /home/airflow/.local/lib/python3.7/site-packages/airflow/example_dags/example_sensor_decorator.py took 0.198 seconds
[2025-10-21T00:52:28.988+0000] {processor.py:157} INFO - Started process (PID=419) to work on /home/airflow/.local/lib/python3.7/site-packages/airflow/example_dags/example_sensor_decorator.py
[2025-10-21T00:52:28.990+0000] {processor.py:826} INFO - Processing file /home/airflow/.local/lib/python3.7/site-packages/airflow/example_dags/example_sensor_decorator.py for tasks to queue
[2025-10-21T00:52:28.991+0000] {logging_mixin.py:149} INFO - [2025-10-21T00:52:28.991+0000] {dagbag.py:541} INFO - Filling up the DagBag from /home/airflow/.local/lib/python3.7/site-packages/airflow/example_dags/example_sensor_decorator.py
[2025-10-21T00:52:29.001+0000] {processor.py:836} INFO - DAG(s) dict_keys(['example_sensor_decorator']) retrieved from /home/airflow/.local/lib/python3.7/site-packages/airflow/example_dags/example_sensor_decorator.py
[2025-10-21T00:52:29.053+0000] {logging_mixin.py:149} INFO - [2025-10-21T00:52:29.052+0000] {dag.py:2726} INFO - Sync 1 DAGs
[2025-10-21T00:52:29.104+0000] {logging_mixin.py:149} INFO - [2025-10-21T00:52:29.104+0000] {dag.py:3490} INFO - Setting next_dagrun for example_sensor_decorator to None, run_after=None
[2025-10-21T00:52:29.145+0000] {processor.py:179} INFO - Processing /home/airflow/.local/lib/python3.7/site-packages/airflow/example_dags/example_sensor_decorator.py took 0.164 seconds
[2025-10-21T00:52:59.486+0000] {processor.py:157} INFO - Started process (PID=485) to work on /home/airflow/.local/lib/python3.7/site-packages/airflow/example_dags/example_sensor_decorator.py
[2025-10-21T00:52:59.488+0000] {processor.py:826} INFO - Processing file /home/airflow/.local/lib/python3.7/site-packages/airflow/example_dags/example_sensor_decorator.py for tasks to queue
[2025-10-21T00:52:59.490+0000] {logging_mixin.py:149} INFO - [2025-10-21T00:52:59.490+0000] {dagbag.py:541} INFO - Filling up the DagBag from /home/airflow/.local/lib/python3.7/site-packages/airflow/example_dags/example_sensor_decorator.py
[2025-10-21T00:52:59.499+0000] {processor.py:836} INFO - DAG(s) dict_keys(['example_sensor_decorator']) retrieved from /home/airflow/.local/lib/python3.7/site-packages/airflow/example_dags/example_sensor_decorator.py
[2025-10-21T00:52:59.549+0000] {logging_mixin.py:149} INFO - [2025-10-21T00:52:59.548+0000] {dag.py:2726} INFO - Sync 1 DAGs
[2025-10-21T00:52:59.597+0000] {logging_mixin.py:149} INFO - [2025-10-21T00:52:59.596+0000] {dag.py:3490} INFO - Setting next_dagrun for example_sensor_decorator to None, run_after=None
[2025-10-21T00:52:59.639+0000] {processor.py:179} INFO - Processing /home/airflow/.local/lib/python3.7/site-packages/airflow/example_dags/example_sensor_decorator.py took 0.159 seconds
[2025-10-21T00:53:29.814+0000] {processor.py:157} INFO - Started process (PID=552) to work on /home/airflow/.local/lib/python3.7/site-packages/airflow/example_dags/example_sensor_decorator.py
[2025-10-21T00:53:29.817+0000] {processor.py:826} INFO - Processing file /home/airflow/.local/lib/python3.7/site-packages/airflow/example_dags/example_sensor_decorator.py for tasks to queue
[2025-10-21T00:53:29.820+0000] {logging_mixin.py:149} INFO - [2025-10-21T00:53:29.820+0000] {dagbag.py:541} INFO - Filling up the DagBag from /home/airflow/.local/lib/python3.7/site-packages/airflow/example_dags/example_sensor_decorator.py
[2025-10-21T00:53:29.831+0000] {processor.py:836} INFO - DAG(s) dict_keys(['example_sensor_decorator']) retrieved from /home/airflow/.local/lib/python3.7/site-packages/airflow/example_dags/example_sensor_decorator.py
[2025-10-21T00:53:29.887+0000] {logging_mixin.py:149} INFO - [2025-10-21T00:53:29.887+0000] {dag.py:2726} INFO - Sync 1 DAGs
[2025-10-21T00:53:29.933+0000] {logging_mixin.py:149} INFO - [2025-10-21T00:53:29.933+0000] {dag.py:3490} INFO - Setting next_dagrun for example_sensor_decorator to None, run_after=None
[2025-10-21T00:53:29.980+0000] {processor.py:179} INFO - Processing /home/airflow/.local/lib/python3.7/site-packages/airflow/example_dags/example_sensor_decorator.py took 0.172 seconds
[2025-10-21T00:54:00.252+0000] {processor.py:157} INFO - Started process (PID=619) to work on /home/airflow/.local/lib/python3.7/site-packages/airflow/example_dags/example_sensor_decorator.py
[2025-10-21T00:54:00.254+0000] {processor.py:826} INFO - Processing file /home/airflow/.local/lib/python3.7/site-packages/airflow/example_dags/example_sensor_decorator.py for tasks to queue
[2025-10-21T00:54:00.256+0000] {logging_mixin.py:149} INFO - [2025-10-21T00:54:00.255+0000] {dagbag.py:541} INFO - Filling up the DagBag from /home/airflow/.local/lib/python3.7/site-packages/airflow/example_dags/example_sensor_decorator.py
[2025-10-21T00:54:00.265+0000] {processor.py:836} INFO - DAG(s) dict_keys(['example_sensor_decorator']) retrieved from /home/airflow/.local/lib/python3.7/site-packages/airflow/example_dags/example_sensor_decorator.py
[2025-10-21T00:54:00.313+0000] {logging_mixin.py:149} INFO - [2025-10-21T00:54:00.313+0000] {dag.py:2726} INFO - Sync 1 DAGs
[2025-10-21T00:54:00.359+0000] {logging_mixin.py:149} INFO - [2025-10-21T00:54:00.359+0000] {dag.py:3490} INFO - Setting next_dagrun for example_sensor_decorator to None, run_after=None
[2025-10-21T00:54:00.394+0000] {processor.py:179} INFO - Processing /home/airflow/.local/lib/python3.7/site-packages/airflow/example_dags/example_sensor_decorator.py took 0.148 seconds
[2025-10-21T00:54:31.723+0000] {processor.py:157} INFO - Started process (PID=686) to work on /home/airflow/.local/lib/python3.7/site-packages/airflow/example_dags/example_sensor_decorator.py
[2025-10-21T00:54:31.724+0000] {processor.py:826} INFO - Processing file /home/airflow/.local/lib/python3.7/site-packages/airflow/example_dags/example_sensor_decorator.py for tasks to queue
[2025-10-21T00:54:31.726+0000] {logging_mixin.py:149} INFO - [2025-10-21T00:54:31.726+0000] {dagbag.py:541} INFO - Filling up the DagBag from /home/airflow/.local/lib/python3.7/site-packages/airflow/example_dags/example_sensor_decorator.py
[2025-10-21T00:54:31.735+0000] {processor.py:836} INFO - DAG(s) dict_keys(['example_sensor_decorator']) retrieved from /home/airflow/.local/lib/python3.7/site-packages/airflow/example_dags/example_sensor_decorator.py
[2025-10-21T00:54:31.787+0000] {logging_mixin.py:149} INFO - [2025-10-21T00:54:31.786+0000] {dag.py:2726} INFO - Sync 1 DAGs
[2025-10-21T00:54:31.837+0000] {logging_mixin.py:149} INFO - [2025-10-21T00:54:31.836+0000] {dag.py:3490} INFO - Setting next_dagrun for example_sensor_decorator to None, run_after=None
[2025-10-21T00:54:31.874+0000] {processor.py:179} INFO - Processing /home/airflow/.local/lib/python3.7/site-packages/airflow/example_dags/example_sensor_decorator.py took 0.157 seconds
[2025-10-21T00:55:02.463+0000] {processor.py:157} INFO - Started process (PID=752) to work on /home/airflow/.local/lib/python3.7/site-packages/airflow/example_dags/example_sensor_decorator.py
[2025-10-21T00:55:02.466+0000] {processor.py:826} INFO - Processing file /home/airflow/.local/lib/python3.7/site-packages/airflow/example_dags/example_sensor_decorator.py for tasks to queue
[2025-10-21T00:55:02.468+0000] {logging_mixin.py:149} INFO - [2025-10-21T00:55:02.467+0000] {dagbag.py:541} INFO - Filling up the DagBag from /home/airflow/.local/lib/python3.7/site-packages/airflow/example_dags/example_sensor_decorator.py
[2025-10-21T00:55:02.483+0000] {processor.py:836} INFO - DAG(s) dict_keys(['example_sensor_decorator']) retrieved from /home/airflow/.local/lib/python3.7/site-packages/airflow/example_dags/example_sensor_decorator.py
[2025-10-21T00:55:02.565+0000] {logging_mixin.py:149} INFO - [2025-10-21T00:55:02.564+0000] {dag.py:2726} INFO - Sync 1 DAGs
[2025-10-21T00:55:02.679+0000] {logging_mixin.py:149} INFO - [2025-10-21T00:55:02.679+0000] {dag.py:3490} INFO - Setting next_dagrun for example_sensor_decorator to None, run_after=None
[2025-10-21T00:55:02.749+0000] {processor.py:179} INFO - Processing /home/airflow/.local/lib/python3.7/site-packages/airflow/example_dags/example_sensor_decorator.py took 0.292 seconds
[2025-10-21T00:55:33.379+0000] {processor.py:157} INFO - Started process (PID=818) to work on /home/airflow/.local/lib/python3.7/site-packages/airflow/example_dags/example_sensor_decorator.py
[2025-10-21T00:55:33.382+0000] {processor.py:826} INFO - Processing file /home/airflow/.local/lib/python3.7/site-packages/airflow/example_dags/example_sensor_decorator.py for tasks to queue
[2025-10-21T00:55:33.384+0000] {logging_mixin.py:149} INFO - [2025-10-21T00:55:33.383+0000] {dagbag.py:541} INFO - Filling up the DagBag from /home/airflow/.local/lib/python3.7/site-packages/airflow/example_dags/example_sensor_decorator.py
[2025-10-21T00:55:33.396+0000] {processor.py:836} INFO - DAG(s) dict_keys(['example_sensor_decorator']) retrieved from /home/airflow/.local/lib/python3.7/site-packages/airflow/example_dags/example_sensor_decorator.py
[2025-10-21T00:55:33.445+0000] {logging_mixin.py:149} INFO - [2025-10-21T00:55:33.445+0000] {dag.py:2726} INFO - Sync 1 DAGs
[2025-10-21T00:55:33.504+0000] {logging_mixin.py:149} INFO - [2025-10-21T00:55:33.503+0000] {dag.py:3490} INFO - Setting next_dagrun for example_sensor_decorator to None, run_after=None
[2025-10-21T00:55:33.548+0000] {processor.py:179} INFO - Processing /home/airflow/.local/lib/python3.7/site-packages/airflow/example_dags/example_sensor_decorator.py took 0.177 seconds
[2025-10-21T00:56:04.296+0000] {processor.py:157} INFO - Started process (PID=884) to work on /home/airflow/.local/lib/python3.7/site-packages/airflow/example_dags/example_sensor_decorator.py
[2025-10-21T00:56:04.299+0000] {processor.py:826} INFO - Processing file /home/airflow/.local/lib/python3.7/site-packages/airflow/example_dags/example_sensor_decorator.py for tasks to queue
[2025-10-21T00:56:04.302+0000] {logging_mixin.py:149} INFO - [2025-10-21T00:56:04.301+0000] {dagbag.py:541} INFO - Filling up the DagBag from /home/airflow/.local/lib/python3.7/site-packages/airflow/example_dags/example_sensor_decorator.py
[2025-10-21T00:56:04.321+0000] {processor.py:836} INFO - DAG(s) dict_keys(['example_sensor_decorator']) retrieved from /home/airflow/.local/lib/python3.7/site-packages/airflow/example_dags/example_sensor_decorator.py
[2025-10-21T00:56:04.395+0000] {logging_mixin.py:149} INFO - [2025-10-21T00:56:04.395+0000] {dag.py:2726} INFO - Sync 1 DAGs
[2025-10-21T00:56:04.492+0000] {logging_mixin.py:149} INFO - [2025-10-21T00:56:04.492+0000] {dag.py:3490} INFO - Setting next_dagrun for example_sensor_decorator to None, run_after=None
[2025-10-21T00:56:04.575+0000] {processor.py:179} INFO - Processing /home/airflow/.local/lib/python3.7/site-packages/airflow/example_dags/example_sensor_decorator.py took 0.288 seconds
[2025-10-21T00:56:34.844+0000] {processor.py:157} INFO - Started process (PID=950) to work on /home/airflow/.local/lib/python3.7/site-packages/airflow/example_dags/example_sensor_decorator.py
[2025-10-21T00:56:34.847+0000] {processor.py:826} INFO - Processing file /home/airflow/.local/lib/python3.7/site-packages/airflow/example_dags/example_sensor_decorator.py for tasks to queue
[2025-10-21T00:56:34.849+0000] {logging_mixin.py:149} INFO - [2025-10-21T00:56:34.848+0000] {dagbag.py:541} INFO - Filling up the DagBag from /home/airflow/.local/lib/python3.7/site-packages/airflow/example_dags/example_sensor_decorator.py
[2025-10-21T00:56:34.867+0000] {processor.py:836} INFO - DAG(s) dict_keys(['example_sensor_decorator']) retrieved from /home/airflow/.local/lib/python3.7/site-packages/airflow/example_dags/example_sensor_decorator.py
[2025-10-21T00:56:34.918+0000] {logging_mixin.py:149} INFO - [2025-10-21T00:56:34.918+0000] {dag.py:2726} INFO - Sync 1 DAGs
[2025-10-21T00:56:34.964+0000] {logging_mixin.py:149} INFO - [2025-10-21T00:56:34.964+0000] {dag.py:3490} INFO - Setting next_dagrun for example_sensor_decorator to None, run_after=None
[2025-10-21T00:56:35.001+0000] {processor.py:179} INFO - Processing /home/airflow/.local/lib/python3.7/site-packages/airflow/example_dags/example_sensor_decorator.py took 0.167 seconds
[2025-10-21T00:57:05.171+0000] {processor.py:157} INFO - Started process (PID=1017) to work on /home/airflow/.local/lib/python3.7/site-packages/airflow/example_dags/example_sensor_decorator.py
[2025-10-21T00:57:05.173+0000] {processor.py:826} INFO - Processing file /home/airflow/.local/lib/python3.7/site-packages/airflow/example_dags/example_sensor_decorator.py for tasks to queue
[2025-10-21T00:57:05.174+0000] {logging_mixin.py:149} INFO - [2025-10-21T00:57:05.174+0000] {dagbag.py:541} INFO - Filling up the DagBag from /home/airflow/.local/lib/python3.7/site-packages/airflow/example_dags/example_sensor_decorator.py
[2025-10-21T00:57:05.187+0000] {processor.py:836} INFO - DAG(s) dict_keys(['example_sensor_decorator']) retrieved from /home/airflow/.local/lib/python3.7/site-packages/airflow/example_dags/example_sensor_decorator.py
[2025-10-21T00:57:05.234+0000] {logging_mixin.py:149} INFO - [2025-10-21T00:57:05.234+0000] {dag.py:2726} INFO - Sync 1 DAGs
[2025-10-21T00:57:05.287+0000] {logging_mixin.py:149} INFO - [2025-10-21T00:57:05.286+0000] {dag.py:3490} INFO - Setting next_dagrun for example_sensor_decorator to None, run_after=None
[2025-10-21T00:57:05.331+0000] {processor.py:179} INFO - Processing /home/airflow/.local/lib/python3.7/site-packages/airflow/example_dags/example_sensor_decorator.py took 0.166 seconds
[2025-10-21T00:57:36.423+0000] {processor.py:157} INFO - Started process (PID=1090) to work on /home/airflow/.local/lib/python3.7/site-packages/airflow/example_dags/example_sensor_decorator.py
[2025-10-21T00:57:36.425+0000] {processor.py:826} INFO - Processing file /home/airflow/.local/lib/python3.7/site-packages/airflow/example_dags/example_sensor_decorator.py for tasks to queue
[2025-10-21T00:57:36.427+0000] {logging_mixin.py:149} INFO - [2025-10-21T00:57:36.427+0000] {dagbag.py:541} INFO - Filling up the DagBag from /home/airflow/.local/lib/python3.7/site-packages/airflow/example_dags/example_sensor_decorator.py
[2025-10-21T00:57:36.439+0000] {processor.py:836} INFO - DAG(s) dict_keys(['example_sensor_decorator']) retrieved from /home/airflow/.local/lib/python3.7/site-packages/airflow/example_dags/example_sensor_decorator.py
[2025-10-21T00:57:36.505+0000] {logging_mixin.py:149} INFO - [2025-10-21T00:57:36.505+0000] {dag.py:2726} INFO - Sync 1 DAGs
[2025-10-21T00:57:36.575+0000] {logging_mixin.py:149} INFO - [2025-10-21T00:57:36.575+0000] {dag.py:3490} INFO - Setting next_dagrun for example_sensor_decorator to None, run_after=None
[2025-10-21T00:57:36.615+0000] {processor.py:179} INFO - Processing /home/airflow/.local/lib/python3.7/site-packages/airflow/example_dags/example_sensor_decorator.py took 0.198 seconds
[2025-10-21T00:58:06.768+0000] {processor.py:157} INFO - Started process (PID=1157) to work on /home/airflow/.local/lib/python3.7/site-packages/airflow/example_dags/example_sensor_decorator.py
[2025-10-21T00:58:06.770+0000] {processor.py:826} INFO - Processing file /home/airflow/.local/lib/python3.7/site-packages/airflow/example_dags/example_sensor_decorator.py for tasks to queue
[2025-10-21T00:58:06.772+0000] {logging_mixin.py:149} INFO - [2025-10-21T00:58:06.772+0000] {dagbag.py:541} INFO - Filling up the DagBag from /home/airflow/.local/lib/python3.7/site-packages/airflow/example_dags/example_sensor_decorator.py
[2025-10-21T00:58:06.787+0000] {processor.py:836} INFO - DAG(s) dict_keys(['example_sensor_decorator']) retrieved from /home/airflow/.local/lib/python3.7/site-packages/airflow/example_dags/example_sensor_decorator.py
[2025-10-21T00:58:06.836+0000] {logging_mixin.py:149} INFO - [2025-10-21T00:58:06.835+0000] {dag.py:2726} INFO - Sync 1 DAGs
[2025-10-21T00:58:06.885+0000] {logging_mixin.py:149} INFO - [2025-10-21T00:58:06.884+0000] {dag.py:3490} INFO - Setting next_dagrun for example_sensor_decorator to None, run_after=None
[2025-10-21T00:58:06.926+0000] {processor.py:179} INFO - Processing /home/airflow/.local/lib/python3.7/site-packages/airflow/example_dags/example_sensor_decorator.py took 0.165 seconds
[2025-10-21T00:58:37.552+0000] {processor.py:157} INFO - Started process (PID=1224) to work on /home/airflow/.local/lib/python3.7/site-packages/airflow/example_dags/example_sensor_decorator.py
[2025-10-21T00:58:37.554+0000] {processor.py:826} INFO - Processing file /home/airflow/.local/lib/python3.7/site-packages/airflow/example_dags/example_sensor_decorator.py for tasks to queue
[2025-10-21T00:58:37.556+0000] {logging_mixin.py:149} INFO - [2025-10-21T00:58:37.556+0000] {dagbag.py:541} INFO - Filling up the DagBag from /home/airflow/.local/lib/python3.7/site-packages/airflow/example_dags/example_sensor_decorator.py
[2025-10-21T00:58:37.572+0000] {processor.py:836} INFO - DAG(s) dict_keys(['example_sensor_decorator']) retrieved from /home/airflow/.local/lib/python3.7/site-packages/airflow/example_dags/example_sensor_decorator.py
[2025-10-21T00:58:37.644+0000] {logging_mixin.py:149} INFO - [2025-10-21T00:58:37.644+0000] {dag.py:2726} INFO - Sync 1 DAGs
[2025-10-21T00:58:37.710+0000] {logging_mixin.py:149} INFO - [2025-10-21T00:58:37.710+0000] {dag.py:3490} INFO - Setting next_dagrun for example_sensor_decorator to None, run_after=None
[2025-10-21T00:58:37.778+0000] {processor.py:179} INFO - Processing /home/airflow/.local/lib/python3.7/site-packages/airflow/example_dags/example_sensor_decorator.py took 0.236 seconds
[2025-10-21T00:59:08.211+0000] {processor.py:157} INFO - Started process (PID=1291) to work on /home/airflow/.local/lib/python3.7/site-packages/airflow/example_dags/example_sensor_decorator.py
[2025-10-21T00:59:08.214+0000] {processor.py:826} INFO - Processing file /home/airflow/.local/lib/python3.7/site-packages/airflow/example_dags/example_sensor_decorator.py for tasks to queue
[2025-10-21T00:59:08.217+0000] {logging_mixin.py:149} INFO - [2025-10-21T00:59:08.216+0000] {dagbag.py:541} INFO - Filling up the DagBag from /home/airflow/.local/lib/python3.7/site-packages/airflow/example_dags/example_sensor_decorator.py
[2025-10-21T00:59:08.233+0000] {processor.py:836} INFO - DAG(s) dict_keys(['example_sensor_decorator']) retrieved from /home/airflow/.local/lib/python3.7/site-packages/airflow/example_dags/example_sensor_decorator.py
[2025-10-21T00:59:08.300+0000] {logging_mixin.py:149} INFO - [2025-10-21T00:59:08.300+0000] {dag.py:2726} INFO - Sync 1 DAGs
[2025-10-21T00:59:08.372+0000] {logging_mixin.py:149} INFO - [2025-10-21T00:59:08.372+0000] {dag.py:3490} INFO - Setting next_dagrun for example_sensor_decorator to None, run_after=None
[2025-10-21T00:59:08.438+0000] {processor.py:179} INFO - Processing /home/airflow/.local/lib/python3.7/site-packages/airflow/example_dags/example_sensor_decorator.py took 0.244 seconds
[2025-10-21T00:59:39.260+0000] {processor.py:157} INFO - Started process (PID=1357) to work on /home/airflow/.local/lib/python3.7/site-packages/airflow/example_dags/example_sensor_decorator.py
[2025-10-21T00:59:39.262+0000] {processor.py:826} INFO - Processing file /home/airflow/.local/lib/python3.7/site-packages/airflow/example_dags/example_sensor_decorator.py for tasks to queue
[2025-10-21T00:59:39.264+0000] {logging_mixin.py:149} INFO - [2025-10-21T00:59:39.263+0000] {dagbag.py:541} INFO - Filling up the DagBag from /home/airflow/.local/lib/python3.7/site-packages/airflow/example_dags/example_sensor_decorator.py
[2025-10-21T00:59:39.280+0000] {processor.py:836} INFO - DAG(s) dict_keys(['example_sensor_decorator']) retrieved from /home/airflow/.local/lib/python3.7/site-packages/airflow/example_dags/example_sensor_decorator.py
[2025-10-21T00:59:39.331+0000] {logging_mixin.py:149} INFO - [2025-10-21T00:59:39.331+0000] {dag.py:2726} INFO - Sync 1 DAGs
[2025-10-21T00:59:39.383+0000] {logging_mixin.py:149} INFO - [2025-10-21T00:59:39.383+0000] {dag.py:3490} INFO - Setting next_dagrun for example_sensor_decorator to None, run_after=None
[2025-10-21T00:59:39.428+0000] {processor.py:179} INFO - Processing /home/airflow/.local/lib/python3.7/site-packages/airflow/example_dags/example_sensor_decorator.py took 0.174 seconds
[2025-10-21T01:00:09.896+0000] {processor.py:157} INFO - Started process (PID=1423) to work on /home/airflow/.local/lib/python3.7/site-packages/airflow/example_dags/example_sensor_decorator.py
[2025-10-21T01:00:09.898+0000] {processor.py:826} INFO - Processing file /home/airflow/.local/lib/python3.7/site-packages/airflow/example_dags/example_sensor_decorator.py for tasks to queue
[2025-10-21T01:00:09.900+0000] {logging_mixin.py:149} INFO - [2025-10-21T01:00:09.900+0000] {dagbag.py:541} INFO - Filling up the DagBag from /home/airflow/.local/lib/python3.7/site-packages/airflow/example_dags/example_sensor_decorator.py
[2025-10-21T01:00:09.912+0000] {processor.py:836} INFO - DAG(s) dict_keys(['example_sensor_decorator']) retrieved from /home/airflow/.local/lib/python3.7/site-packages/airflow/example_dags/example_sensor_decorator.py
[2025-10-21T01:00:09.974+0000] {logging_mixin.py:149} INFO - [2025-10-21T01:00:09.974+0000] {dag.py:2726} INFO - Sync 1 DAGs
[2025-10-21T01:00:10.042+0000] {logging_mixin.py:149} INFO - [2025-10-21T01:00:10.042+0000] {dag.py:3490} INFO - Setting next_dagrun for example_sensor_decorator to None, run_after=None
[2025-10-21T01:00:10.097+0000] {processor.py:179} INFO - Processing /home/airflow/.local/lib/python3.7/site-packages/airflow/example_dags/example_sensor_decorator.py took 0.209 seconds
[2025-10-21T01:00:40.211+0000] {processor.py:157} INFO - Started process (PID=1489) to work on /home/airflow/.local/lib/python3.7/site-packages/airflow/example_dags/example_sensor_decorator.py
[2025-10-21T01:00:40.214+0000] {processor.py:826} INFO - Processing file /home/airflow/.local/lib/python3.7/site-packages/airflow/example_dags/example_sensor_decorator.py for tasks to queue
[2025-10-21T01:00:40.217+0000] {logging_mixin.py:149} INFO - [2025-10-21T01:00:40.216+0000] {dagbag.py:541} INFO - Filling up the DagBag from /home/airflow/.local/lib/python3.7/site-packages/airflow/example_dags/example_sensor_decorator.py
[2025-10-21T01:00:40.227+0000] {processor.py:836} INFO - DAG(s) dict_keys(['example_sensor_decorator']) retrieved from /home/airflow/.local/lib/python3.7/site-packages/airflow/example_dags/example_sensor_decorator.py
[2025-10-21T01:00:40.277+0000] {logging_mixin.py:149} INFO - [2025-10-21T01:00:40.277+0000] {dag.py:2726} INFO - Sync 1 DAGs
[2025-10-21T01:00:40.333+0000] {logging_mixin.py:149} INFO - [2025-10-21T01:00:40.333+0000] {dag.py:3490} INFO - Setting next_dagrun for example_sensor_decorator to None, run_after=None
[2025-10-21T01:00:40.370+0000] {processor.py:179} INFO - Processing /home/airflow/.local/lib/python3.7/site-packages/airflow/example_dags/example_sensor_decorator.py took 0.165 seconds
[2025-10-21T01:01:10.921+0000] {processor.py:157} INFO - Started process (PID=1555) to work on /home/airflow/.local/lib/python3.7/site-packages/airflow/example_dags/example_sensor_decorator.py
[2025-10-21T01:01:10.923+0000] {processor.py:826} INFO - Processing file /home/airflow/.local/lib/python3.7/site-packages/airflow/example_dags/example_sensor_decorator.py for tasks to queue
[2025-10-21T01:01:10.924+0000] {logging_mixin.py:149} INFO - [2025-10-21T01:01:10.924+0000] {dagbag.py:541} INFO - Filling up the DagBag from /home/airflow/.local/lib/python3.7/site-packages/airflow/example_dags/example_sensor_decorator.py
[2025-10-21T01:01:10.935+0000] {processor.py:836} INFO - DAG(s) dict_keys(['example_sensor_decorator']) retrieved from /home/airflow/.local/lib/python3.7/site-packages/airflow/example_dags/example_sensor_decorator.py
[2025-10-21T01:01:10.978+0000] {logging_mixin.py:149} INFO - [2025-10-21T01:01:10.978+0000] {dag.py:2726} INFO - Sync 1 DAGs
[2025-10-21T01:01:11.026+0000] {logging_mixin.py:149} INFO - [2025-10-21T01:01:11.026+0000] {dag.py:3490} INFO - Setting next_dagrun for example_sensor_decorator to None, run_after=None
[2025-10-21T01:01:11.059+0000] {processor.py:179} INFO - Processing /home/airflow/.local/lib/python3.7/site-packages/airflow/example_dags/example_sensor_decorator.py took 0.145 seconds
[2025-10-21T01:01:41.895+0000] {processor.py:157} INFO - Started process (PID=1621) to work on /home/airflow/.local/lib/python3.7/site-packages/airflow/example_dags/example_sensor_decorator.py
[2025-10-21T01:01:41.897+0000] {processor.py:826} INFO - Processing file /home/airflow/.local/lib/python3.7/site-packages/airflow/example_dags/example_sensor_decorator.py for tasks to queue
[2025-10-21T01:01:41.899+0000] {logging_mixin.py:149} INFO - [2025-10-21T01:01:41.898+0000] {dagbag.py:541} INFO - Filling up the DagBag from /home/airflow/.local/lib/python3.7/site-packages/airflow/example_dags/example_sensor_decorator.py
[2025-10-21T01:01:41.908+0000] {processor.py:836} INFO - DAG(s) dict_keys(['example_sensor_decorator']) retrieved from /home/airflow/.local/lib/python3.7/site-packages/airflow/example_dags/example_sensor_decorator.py
[2025-10-21T01:01:41.951+0000] {logging_mixin.py:149} INFO - [2025-10-21T01:01:41.951+0000] {dag.py:2726} INFO - Sync 1 DAGs
[2025-10-21T01:01:41.990+0000] {logging_mixin.py:149} INFO - [2025-10-21T01:01:41.990+0000] {dag.py:3490} INFO - Setting next_dagrun for example_sensor_decorator to None, run_after=None
[2025-10-21T01:01:42.026+0000] {processor.py:179} INFO - Processing /home/airflow/.local/lib/python3.7/site-packages/airflow/example_dags/example_sensor_decorator.py took 0.137 seconds
[2025-10-21T01:02:12.340+0000] {processor.py:157} INFO - Started process (PID=1687) to work on /home/airflow/.local/lib/python3.7/site-packages/airflow/example_dags/example_sensor_decorator.py
[2025-10-21T01:02:12.341+0000] {processor.py:826} INFO - Processing file /home/airflow/.local/lib/python3.7/site-packages/airflow/example_dags/example_sensor_decorator.py for tasks to queue
[2025-10-21T01:02:12.343+0000] {logging_mixin.py:149} INFO - [2025-10-21T01:02:12.343+0000] {dagbag.py:541} INFO - Filling up the DagBag from /home/airflow/.local/lib/python3.7/site-packages/airflow/example_dags/example_sensor_decorator.py
[2025-10-21T01:02:12.355+0000] {processor.py:836} INFO - DAG(s) dict_keys(['example_sensor_decorator']) retrieved from /home/airflow/.local/lib/python3.7/site-packages/airflow/example_dags/example_sensor_decorator.py
[2025-10-21T01:02:12.397+0000] {logging_mixin.py:149} INFO - [2025-10-21T01:02:12.396+0000] {dag.py:2726} INFO - Sync 1 DAGs
[2025-10-21T01:02:12.436+0000] {logging_mixin.py:149} INFO - [2025-10-21T01:02:12.436+0000] {dag.py:3490} INFO - Setting next_dagrun for example_sensor_decorator to None, run_after=None
[2025-10-21T01:02:12.472+0000] {processor.py:179} INFO - Processing /home/airflow/.local/lib/python3.7/site-packages/airflow/example_dags/example_sensor_decorator.py took 0.139 seconds
[2025-10-21T01:02:42.966+0000] {processor.py:157} INFO - Started process (PID=1753) to work on /home/airflow/.local/lib/python3.7/site-packages/airflow/example_dags/example_sensor_decorator.py
[2025-10-21T01:02:42.968+0000] {processor.py:826} INFO - Processing file /home/airflow/.local/lib/python3.7/site-packages/airflow/example_dags/example_sensor_decorator.py for tasks to queue
[2025-10-21T01:02:42.970+0000] {logging_mixin.py:149} INFO - [2025-10-21T01:02:42.970+0000] {dagbag.py:541} INFO - Filling up the DagBag from /home/airflow/.local/lib/python3.7/site-packages/airflow/example_dags/example_sensor_decorator.py
[2025-10-21T01:02:42.981+0000] {processor.py:836} INFO - DAG(s) dict_keys(['example_sensor_decorator']) retrieved from /home/airflow/.local/lib/python3.7/site-packages/airflow/example_dags/example_sensor_decorator.py
[2025-10-21T01:02:43.030+0000] {logging_mixin.py:149} INFO - [2025-10-21T01:02:43.029+0000] {dag.py:2726} INFO - Sync 1 DAGs
[2025-10-21T01:02:43.079+0000] {logging_mixin.py:149} INFO - [2025-10-21T01:02:43.079+0000] {dag.py:3490} INFO - Setting next_dagrun for example_sensor_decorator to None, run_after=None
[2025-10-21T01:02:43.119+0000] {processor.py:179} INFO - Processing /home/airflow/.local/lib/python3.7/site-packages/airflow/example_dags/example_sensor_decorator.py took 0.161 seconds
[2025-10-21T01:03:13.554+0000] {processor.py:157} INFO - Started process (PID=1820) to work on /home/airflow/.local/lib/python3.7/site-packages/airflow/example_dags/example_sensor_decorator.py
[2025-10-21T01:03:13.556+0000] {processor.py:826} INFO - Processing file /home/airflow/.local/lib/python3.7/site-packages/airflow/example_dags/example_sensor_decorator.py for tasks to queue
[2025-10-21T01:03:13.557+0000] {logging_mixin.py:149} INFO - [2025-10-21T01:03:13.557+0000] {dagbag.py:541} INFO - Filling up the DagBag from /home/airflow/.local/lib/python3.7/site-packages/airflow/example_dags/example_sensor_decorator.py
[2025-10-21T01:03:13.569+0000] {processor.py:836} INFO - DAG(s) dict_keys(['example_sensor_decorator']) retrieved from /home/airflow/.local/lib/python3.7/site-packages/airflow/example_dags/example_sensor_decorator.py
[2025-10-21T01:03:13.613+0000] {logging_mixin.py:149} INFO - [2025-10-21T01:03:13.613+0000] {dag.py:2726} INFO - Sync 1 DAGs
[2025-10-21T01:03:13.656+0000] {logging_mixin.py:149} INFO - [2025-10-21T01:03:13.655+0000] {dag.py:3490} INFO - Setting next_dagrun for example_sensor_decorator to None, run_after=None
[2025-10-21T01:03:13.695+0000] {processor.py:179} INFO - Processing /home/airflow/.local/lib/python3.7/site-packages/airflow/example_dags/example_sensor_decorator.py took 0.147 seconds
[2025-10-21T01:03:44.375+0000] {processor.py:157} INFO - Started process (PID=1886) to work on /home/airflow/.local/lib/python3.7/site-packages/airflow/example_dags/example_sensor_decorator.py
[2025-10-21T01:03:44.377+0000] {processor.py:826} INFO - Processing file /home/airflow/.local/lib/python3.7/site-packages/airflow/example_dags/example_sensor_decorator.py for tasks to queue
[2025-10-21T01:03:44.379+0000] {logging_mixin.py:149} INFO - [2025-10-21T01:03:44.378+0000] {dagbag.py:541} INFO - Filling up the DagBag from /home/airflow/.local/lib/python3.7/site-packages/airflow/example_dags/example_sensor_decorator.py
[2025-10-21T01:03:44.394+0000] {processor.py:836} INFO - DAG(s) dict_keys(['example_sensor_decorator']) retrieved from /home/airflow/.local/lib/python3.7/site-packages/airflow/example_dags/example_sensor_decorator.py
[2025-10-21T01:03:44.438+0000] {logging_mixin.py:149} INFO - [2025-10-21T01:03:44.438+0000] {dag.py:2726} INFO - Sync 1 DAGs
[2025-10-21T01:03:44.492+0000] {logging_mixin.py:149} INFO - [2025-10-21T01:03:44.492+0000] {dag.py:3490} INFO - Setting next_dagrun for example_sensor_decorator to None, run_after=None
[2025-10-21T01:03:44.544+0000] {processor.py:179} INFO - Processing /home/airflow/.local/lib/python3.7/site-packages/airflow/example_dags/example_sensor_decorator.py took 0.177 seconds
[2025-10-21T01:04:15.209+0000] {processor.py:157} INFO - Started process (PID=1952) to work on /home/airflow/.local/lib/python3.7/site-packages/airflow/example_dags/example_sensor_decorator.py
[2025-10-21T01:04:15.211+0000] {processor.py:826} INFO - Processing file /home/airflow/.local/lib/python3.7/site-packages/airflow/example_dags/example_sensor_decorator.py for tasks to queue
[2025-10-21T01:04:15.213+0000] {logging_mixin.py:149} INFO - [2025-10-21T01:04:15.213+0000] {dagbag.py:541} INFO - Filling up the DagBag from /home/airflow/.local/lib/python3.7/site-packages/airflow/example_dags/example_sensor_decorator.py
[2025-10-21T01:04:15.226+0000] {processor.py:836} INFO - DAG(s) dict_keys(['example_sensor_decorator']) retrieved from /home/airflow/.local/lib/python3.7/site-packages/airflow/example_dags/example_sensor_decorator.py
[2025-10-21T01:04:15.281+0000] {logging_mixin.py:149} INFO - [2025-10-21T01:04:15.281+0000] {dag.py:2726} INFO - Sync 1 DAGs
[2025-10-21T01:04:15.325+0000] {logging_mixin.py:149} INFO - [2025-10-21T01:04:15.325+0000] {dag.py:3490} INFO - Setting next_dagrun for example_sensor_decorator to None, run_after=None
[2025-10-21T01:04:15.360+0000] {processor.py:179} INFO - Processing /home/airflow/.local/lib/python3.7/site-packages/airflow/example_dags/example_sensor_decorator.py took 0.159 seconds
[2025-10-21T01:04:46.067+0000] {processor.py:157} INFO - Started process (PID=2018) to work on /home/airflow/.local/lib/python3.7/site-packages/airflow/example_dags/example_sensor_decorator.py
[2025-10-21T01:04:46.070+0000] {processor.py:826} INFO - Processing file /home/airflow/.local/lib/python3.7/site-packages/airflow/example_dags/example_sensor_decorator.py for tasks to queue
[2025-10-21T01:04:46.074+0000] {logging_mixin.py:149} INFO - [2025-10-21T01:04:46.073+0000] {dagbag.py:541} INFO - Filling up the DagBag from /home/airflow/.local/lib/python3.7/site-packages/airflow/example_dags/example_sensor_decorator.py
[2025-10-21T01:04:46.085+0000] {processor.py:836} INFO - DAG(s) dict_keys(['example_sensor_decorator']) retrieved from /home/airflow/.local/lib/python3.7/site-packages/airflow/example_dags/example_sensor_decorator.py
[2025-10-21T01:04:46.134+0000] {logging_mixin.py:149} INFO - [2025-10-21T01:04:46.134+0000] {dag.py:2726} INFO - Sync 1 DAGs
[2025-10-21T01:04:46.188+0000] {logging_mixin.py:149} INFO - [2025-10-21T01:04:46.188+0000] {dag.py:3490} INFO - Setting next_dagrun for example_sensor_decorator to None, run_after=None
[2025-10-21T01:04:46.230+0000] {processor.py:179} INFO - Processing /home/airflow/.local/lib/python3.7/site-packages/airflow/example_dags/example_sensor_decorator.py took 0.170 seconds
[2025-10-21T01:05:16.406+0000] {processor.py:157} INFO - Started process (PID=2084) to work on /home/airflow/.local/lib/python3.7/site-packages/airflow/example_dags/example_sensor_decorator.py
[2025-10-21T01:05:16.409+0000] {processor.py:826} INFO - Processing file /home/airflow/.local/lib/python3.7/site-packages/airflow/example_dags/example_sensor_decorator.py for tasks to queue
[2025-10-21T01:05:16.411+0000] {logging_mixin.py:149} INFO - [2025-10-21T01:05:16.411+0000] {dagbag.py:541} INFO - Filling up the DagBag from /home/airflow/.local/lib/python3.7/site-packages/airflow/example_dags/example_sensor_decorator.py
[2025-10-21T01:05:16.423+0000] {processor.py:836} INFO - DAG(s) dict_keys(['example_sensor_decorator']) retrieved from /home/airflow/.local/lib/python3.7/site-packages/airflow/example_dags/example_sensor_decorator.py
[2025-10-21T01:05:16.481+0000] {logging_mixin.py:149} INFO - [2025-10-21T01:05:16.481+0000] {dag.py:2726} INFO - Sync 1 DAGs
[2025-10-21T01:05:16.558+0000] {logging_mixin.py:149} INFO - [2025-10-21T01:05:16.558+0000] {dag.py:3490} INFO - Setting next_dagrun for example_sensor_decorator to None, run_after=None
[2025-10-21T01:05:16.607+0000] {processor.py:179} INFO - Processing /home/airflow/.local/lib/python3.7/site-packages/airflow/example_dags/example_sensor_decorator.py took 0.207 seconds
[2025-10-21T01:05:47.979+0000] {processor.py:157} INFO - Started process (PID=2150) to work on /home/airflow/.local/lib/python3.7/site-packages/airflow/example_dags/example_sensor_decorator.py
[2025-10-21T01:05:47.981+0000] {processor.py:826} INFO - Processing file /home/airflow/.local/lib/python3.7/site-packages/airflow/example_dags/example_sensor_decorator.py for tasks to queue
[2025-10-21T01:05:47.983+0000] {logging_mixin.py:149} INFO - [2025-10-21T01:05:47.983+0000] {dagbag.py:541} INFO - Filling up the DagBag from /home/airflow/.local/lib/python3.7/site-packages/airflow/example_dags/example_sensor_decorator.py
[2025-10-21T01:05:47.993+0000] {processor.py:836} INFO - DAG(s) dict_keys(['example_sensor_decorator']) retrieved from /home/airflow/.local/lib/python3.7/site-packages/airflow/example_dags/example_sensor_decorator.py
[2025-10-21T01:05:48.042+0000] {logging_mixin.py:149} INFO - [2025-10-21T01:05:48.042+0000] {dag.py:2726} INFO - Sync 1 DAGs
[2025-10-21T01:05:48.086+0000] {logging_mixin.py:149} INFO - [2025-10-21T01:05:48.086+0000] {dag.py:3490} INFO - Setting next_dagrun for example_sensor_decorator to None, run_after=None
[2025-10-21T01:05:48.126+0000] {processor.py:179} INFO - Processing /home/airflow/.local/lib/python3.7/site-packages/airflow/example_dags/example_sensor_decorator.py took 0.152 seconds
[2025-10-21T01:06:18.351+0000] {processor.py:157} INFO - Started process (PID=2207) to work on /home/airflow/.local/lib/python3.7/site-packages/airflow/example_dags/example_sensor_decorator.py
[2025-10-21T01:06:18.353+0000] {processor.py:826} INFO - Processing file /home/airflow/.local/lib/python3.7/site-packages/airflow/example_dags/example_sensor_decorator.py for tasks to queue
[2025-10-21T01:06:18.355+0000] {logging_mixin.py:149} INFO - [2025-10-21T01:06:18.355+0000] {dagbag.py:541} INFO - Filling up the DagBag from /home/airflow/.local/lib/python3.7/site-packages/airflow/example_dags/example_sensor_decorator.py
[2025-10-21T01:06:18.366+0000] {processor.py:836} INFO - DAG(s) dict_keys(['example_sensor_decorator']) retrieved from /home/airflow/.local/lib/python3.7/site-packages/airflow/example_dags/example_sensor_decorator.py
[2025-10-21T01:06:18.413+0000] {logging_mixin.py:149} INFO - [2025-10-21T01:06:18.413+0000] {dag.py:2726} INFO - Sync 1 DAGs
[2025-10-21T01:06:18.463+0000] {logging_mixin.py:149} INFO - [2025-10-21T01:06:18.463+0000] {dag.py:3490} INFO - Setting next_dagrun for example_sensor_decorator to None, run_after=None
[2025-10-21T01:06:18.506+0000] {processor.py:179} INFO - Processing /home/airflow/.local/lib/python3.7/site-packages/airflow/example_dags/example_sensor_decorator.py took 0.161 seconds
[2025-10-21T01:06:48.712+0000] {processor.py:157} INFO - Started process (PID=2274) to work on /home/airflow/.local/lib/python3.7/site-packages/airflow/example_dags/example_sensor_decorator.py
[2025-10-21T01:06:48.714+0000] {processor.py:826} INFO - Processing file /home/airflow/.local/lib/python3.7/site-packages/airflow/example_dags/example_sensor_decorator.py for tasks to queue
[2025-10-21T01:06:48.716+0000] {logging_mixin.py:149} INFO - [2025-10-21T01:06:48.716+0000] {dagbag.py:541} INFO - Filling up the DagBag from /home/airflow/.local/lib/python3.7/site-packages/airflow/example_dags/example_sensor_decorator.py
[2025-10-21T01:06:48.726+0000] {processor.py:836} INFO - DAG(s) dict_keys(['example_sensor_decorator']) retrieved from /home/airflow/.local/lib/python3.7/site-packages/airflow/example_dags/example_sensor_decorator.py
[2025-10-21T01:06:48.773+0000] {logging_mixin.py:149} INFO - [2025-10-21T01:06:48.773+0000] {dag.py:2726} INFO - Sync 1 DAGs
[2025-10-21T01:06:48.819+0000] {logging_mixin.py:149} INFO - [2025-10-21T01:06:48.818+0000] {dag.py:3490} INFO - Setting next_dagrun for example_sensor_decorator to None, run_after=None
[2025-10-21T01:06:48.860+0000] {processor.py:179} INFO - Processing /home/airflow/.local/lib/python3.7/site-packages/airflow/example_dags/example_sensor_decorator.py took 0.153 seconds
[2025-10-21T01:07:19.202+0000] {processor.py:157} INFO - Started process (PID=2341) to work on /home/airflow/.local/lib/python3.7/site-packages/airflow/example_dags/example_sensor_decorator.py
[2025-10-21T01:07:19.204+0000] {processor.py:826} INFO - Processing file /home/airflow/.local/lib/python3.7/site-packages/airflow/example_dags/example_sensor_decorator.py for tasks to queue
[2025-10-21T01:07:19.207+0000] {logging_mixin.py:149} INFO - [2025-10-21T01:07:19.206+0000] {dagbag.py:541} INFO - Filling up the DagBag from /home/airflow/.local/lib/python3.7/site-packages/airflow/example_dags/example_sensor_decorator.py
[2025-10-21T01:07:19.217+0000] {processor.py:836} INFO - DAG(s) dict_keys(['example_sensor_decorator']) retrieved from /home/airflow/.local/lib/python3.7/site-packages/airflow/example_dags/example_sensor_decorator.py
[2025-10-21T01:07:19.264+0000] {logging_mixin.py:149} INFO - [2025-10-21T01:07:19.263+0000] {dag.py:2726} INFO - Sync 1 DAGs
[2025-10-21T01:07:19.310+0000] {logging_mixin.py:149} INFO - [2025-10-21T01:07:19.309+0000] {dag.py:3490} INFO - Setting next_dagrun for example_sensor_decorator to None, run_after=None
[2025-10-21T01:07:19.352+0000] {processor.py:179} INFO - Processing /home/airflow/.local/lib/python3.7/site-packages/airflow/example_dags/example_sensor_decorator.py took 0.155 seconds
[2025-10-21T01:07:49.820+0000] {processor.py:157} INFO - Started process (PID=2407) to work on /home/airflow/.local/lib/python3.7/site-packages/airflow/example_dags/example_sensor_decorator.py
[2025-10-21T01:07:49.821+0000] {processor.py:826} INFO - Processing file /home/airflow/.local/lib/python3.7/site-packages/airflow/example_dags/example_sensor_decorator.py for tasks to queue
[2025-10-21T01:07:49.823+0000] {logging_mixin.py:149} INFO - [2025-10-21T01:07:49.823+0000] {dagbag.py:541} INFO - Filling up the DagBag from /home/airflow/.local/lib/python3.7/site-packages/airflow/example_dags/example_sensor_decorator.py
[2025-10-21T01:07:49.834+0000] {processor.py:836} INFO - DAG(s) dict_keys(['example_sensor_decorator']) retrieved from /home/airflow/.local/lib/python3.7/site-packages/airflow/example_dags/example_sensor_decorator.py
[2025-10-21T01:07:49.890+0000] {logging_mixin.py:149} INFO - [2025-10-21T01:07:49.889+0000] {dag.py:2726} INFO - Sync 1 DAGs
[2025-10-21T01:07:49.949+0000] {logging_mixin.py:149} INFO - [2025-10-21T01:07:49.948+0000] {dag.py:3490} INFO - Setting next_dagrun for example_sensor_decorator to None, run_after=None
[2025-10-21T01:07:49.996+0000] {processor.py:179} INFO - Processing /home/airflow/.local/lib/python3.7/site-packages/airflow/example_dags/example_sensor_decorator.py took 0.182 seconds
[2025-10-21T01:08:20.481+0000] {processor.py:157} INFO - Started process (PID=2473) to work on /home/airflow/.local/lib/python3.7/site-packages/airflow/example_dags/example_sensor_decorator.py
[2025-10-21T01:08:20.483+0000] {processor.py:826} INFO - Processing file /home/airflow/.local/lib/python3.7/site-packages/airflow/example_dags/example_sensor_decorator.py for tasks to queue
[2025-10-21T01:08:20.486+0000] {logging_mixin.py:149} INFO - [2025-10-21T01:08:20.485+0000] {dagbag.py:541} INFO - Filling up the DagBag from /home/airflow/.local/lib/python3.7/site-packages/airflow/example_dags/example_sensor_decorator.py
[2025-10-21T01:08:20.499+0000] {processor.py:836} INFO - DAG(s) dict_keys(['example_sensor_decorator']) retrieved from /home/airflow/.local/lib/python3.7/site-packages/airflow/example_dags/example_sensor_decorator.py
[2025-10-21T01:08:20.570+0000] {logging_mixin.py:149} INFO - [2025-10-21T01:08:20.570+0000] {dag.py:2726} INFO - Sync 1 DAGs
[2025-10-21T01:08:20.636+0000] {logging_mixin.py:149} INFO - [2025-10-21T01:08:20.636+0000] {dag.py:3490} INFO - Setting next_dagrun for example_sensor_decorator to None, run_after=None
[2025-10-21T01:08:20.695+0000] {processor.py:179} INFO - Processing /home/airflow/.local/lib/python3.7/site-packages/airflow/example_dags/example_sensor_decorator.py took 0.221 seconds
[2025-10-21T01:08:51.329+0000] {processor.py:157} INFO - Started process (PID=2539) to work on /home/airflow/.local/lib/python3.7/site-packages/airflow/example_dags/example_sensor_decorator.py
[2025-10-21T01:08:51.331+0000] {processor.py:826} INFO - Processing file /home/airflow/.local/lib/python3.7/site-packages/airflow/example_dags/example_sensor_decorator.py for tasks to queue
[2025-10-21T01:08:51.332+0000] {logging_mixin.py:149} INFO - [2025-10-21T01:08:51.332+0000] {dagbag.py:541} INFO - Filling up the DagBag from /home/airflow/.local/lib/python3.7/site-packages/airflow/example_dags/example_sensor_decorator.py
[2025-10-21T01:08:51.343+0000] {processor.py:836} INFO - DAG(s) dict_keys(['example_sensor_decorator']) retrieved from /home/airflow/.local/lib/python3.7/site-packages/airflow/example_dags/example_sensor_decorator.py
[2025-10-21T01:08:51.390+0000] {logging_mixin.py:149} INFO - [2025-10-21T01:08:51.389+0000] {dag.py:2726} INFO - Sync 1 DAGs
[2025-10-21T01:08:51.440+0000] {logging_mixin.py:149} INFO - [2025-10-21T01:08:51.440+0000] {dag.py:3490} INFO - Setting next_dagrun for example_sensor_decorator to None, run_after=None
[2025-10-21T01:08:51.480+0000] {processor.py:179} INFO - Processing /home/airflow/.local/lib/python3.7/site-packages/airflow/example_dags/example_sensor_decorator.py took 0.159 seconds
[2025-10-21T01:09:22.080+0000] {processor.py:157} INFO - Started process (PID=2605) to work on /home/airflow/.local/lib/python3.7/site-packages/airflow/example_dags/example_sensor_decorator.py
[2025-10-21T01:09:22.083+0000] {processor.py:826} INFO - Processing file /home/airflow/.local/lib/python3.7/site-packages/airflow/example_dags/example_sensor_decorator.py for tasks to queue
[2025-10-21T01:09:22.084+0000] {logging_mixin.py:149} INFO - [2025-10-21T01:09:22.084+0000] {dagbag.py:541} INFO - Filling up the DagBag from /home/airflow/.local/lib/python3.7/site-packages/airflow/example_dags/example_sensor_decorator.py
[2025-10-21T01:09:22.095+0000] {processor.py:836} INFO - DAG(s) dict_keys(['example_sensor_decorator']) retrieved from /home/airflow/.local/lib/python3.7/site-packages/airflow/example_dags/example_sensor_decorator.py
[2025-10-21T01:09:22.149+0000] {logging_mixin.py:149} INFO - [2025-10-21T01:09:22.149+0000] {dag.py:2726} INFO - Sync 1 DAGs
[2025-10-21T01:09:22.211+0000] {logging_mixin.py:149} INFO - [2025-10-21T01:09:22.210+0000] {dag.py:3490} INFO - Setting next_dagrun for example_sensor_decorator to None, run_after=None
[2025-10-21T01:09:22.265+0000] {processor.py:179} INFO - Processing /home/airflow/.local/lib/python3.7/site-packages/airflow/example_dags/example_sensor_decorator.py took 0.191 seconds
[2025-10-21T01:09:52.753+0000] {processor.py:157} INFO - Started process (PID=2672) to work on /home/airflow/.local/lib/python3.7/site-packages/airflow/example_dags/example_sensor_decorator.py
[2025-10-21T01:09:52.756+0000] {processor.py:826} INFO - Processing file /home/airflow/.local/lib/python3.7/site-packages/airflow/example_dags/example_sensor_decorator.py for tasks to queue
[2025-10-21T01:09:52.758+0000] {logging_mixin.py:149} INFO - [2025-10-21T01:09:52.758+0000] {dagbag.py:541} INFO - Filling up the DagBag from /home/airflow/.local/lib/python3.7/site-packages/airflow/example_dags/example_sensor_decorator.py
[2025-10-21T01:09:52.776+0000] {processor.py:836} INFO - DAG(s) dict_keys(['example_sensor_decorator']) retrieved from /home/airflow/.local/lib/python3.7/site-packages/airflow/example_dags/example_sensor_decorator.py
[2025-10-21T01:09:52.839+0000] {logging_mixin.py:149} INFO - [2025-10-21T01:09:52.839+0000] {dag.py:2726} INFO - Sync 1 DAGs
[2025-10-21T01:09:52.901+0000] {logging_mixin.py:149} INFO - [2025-10-21T01:09:52.900+0000] {dag.py:3490} INFO - Setting next_dagrun for example_sensor_decorator to None, run_after=None
[2025-10-21T01:09:52.950+0000] {processor.py:179} INFO - Processing /home/airflow/.local/lib/python3.7/site-packages/airflow/example_dags/example_sensor_decorator.py took 0.207 seconds
[2025-10-21T01:10:23.396+0000] {processor.py:157} INFO - Started process (PID=2739) to work on /home/airflow/.local/lib/python3.7/site-packages/airflow/example_dags/example_sensor_decorator.py
[2025-10-21T01:10:23.398+0000] {processor.py:826} INFO - Processing file /home/airflow/.local/lib/python3.7/site-packages/airflow/example_dags/example_sensor_decorator.py for tasks to queue
[2025-10-21T01:10:23.400+0000] {logging_mixin.py:149} INFO - [2025-10-21T01:10:23.400+0000] {dagbag.py:541} INFO - Filling up the DagBag from /home/airflow/.local/lib/python3.7/site-packages/airflow/example_dags/example_sensor_decorator.py
[2025-10-21T01:10:23.412+0000] {processor.py:836} INFO - DAG(s) dict_keys(['example_sensor_decorator']) retrieved from /home/airflow/.local/lib/python3.7/site-packages/airflow/example_dags/example_sensor_decorator.py
[2025-10-21T01:10:23.464+0000] {logging_mixin.py:149} INFO - [2025-10-21T01:10:23.464+0000] {dag.py:2726} INFO - Sync 1 DAGs
[2025-10-21T01:10:23.511+0000] {logging_mixin.py:149} INFO - [2025-10-21T01:10:23.510+0000] {dag.py:3490} INFO - Setting next_dagrun for example_sensor_decorator to None, run_after=None
[2025-10-21T01:10:23.555+0000] {processor.py:179} INFO - Processing /home/airflow/.local/lib/python3.7/site-packages/airflow/example_dags/example_sensor_decorator.py took 0.165 seconds
[2025-10-21T01:10:54.059+0000] {processor.py:157} INFO - Started process (PID=2805) to work on /home/airflow/.local/lib/python3.7/site-packages/airflow/example_dags/example_sensor_decorator.py
[2025-10-21T01:10:54.061+0000] {processor.py:826} INFO - Processing file /home/airflow/.local/lib/python3.7/site-packages/airflow/example_dags/example_sensor_decorator.py for tasks to queue
[2025-10-21T01:10:54.063+0000] {logging_mixin.py:149} INFO - [2025-10-21T01:10:54.063+0000] {dagbag.py:541} INFO - Filling up the DagBag from /home/airflow/.local/lib/python3.7/site-packages/airflow/example_dags/example_sensor_decorator.py
[2025-10-21T01:10:54.075+0000] {processor.py:836} INFO - DAG(s) dict_keys(['example_sensor_decorator']) retrieved from /home/airflow/.local/lib/python3.7/site-packages/airflow/example_dags/example_sensor_decorator.py
[2025-10-21T01:10:54.123+0000] {logging_mixin.py:149} INFO - [2025-10-21T01:10:54.123+0000] {dag.py:2726} INFO - Sync 1 DAGs
[2025-10-21T01:10:54.173+0000] {logging_mixin.py:149} INFO - [2025-10-21T01:10:54.173+0000] {dag.py:3490} INFO - Setting next_dagrun for example_sensor_decorator to None, run_after=None
[2025-10-21T01:10:54.215+0000] {processor.py:179} INFO - Processing /home/airflow/.local/lib/python3.7/site-packages/airflow/example_dags/example_sensor_decorator.py took 0.163 seconds
[2025-10-21T01:11:24.653+0000] {processor.py:157} INFO - Started process (PID=2871) to work on /home/airflow/.local/lib/python3.7/site-packages/airflow/example_dags/example_sensor_decorator.py
[2025-10-21T01:11:24.655+0000] {processor.py:826} INFO - Processing file /home/airflow/.local/lib/python3.7/site-packages/airflow/example_dags/example_sensor_decorator.py for tasks to queue
[2025-10-21T01:11:24.656+0000] {logging_mixin.py:149} INFO - [2025-10-21T01:11:24.656+0000] {dagbag.py:541} INFO - Filling up the DagBag from /home/airflow/.local/lib/python3.7/site-packages/airflow/example_dags/example_sensor_decorator.py
[2025-10-21T01:11:24.668+0000] {processor.py:836} INFO - DAG(s) dict_keys(['example_sensor_decorator']) retrieved from /home/airflow/.local/lib/python3.7/site-packages/airflow/example_dags/example_sensor_decorator.py
[2025-10-21T01:11:24.729+0000] {logging_mixin.py:149} INFO - [2025-10-21T01:11:24.729+0000] {dag.py:2726} INFO - Sync 1 DAGs
[2025-10-21T01:11:24.790+0000] {logging_mixin.py:149} INFO - [2025-10-21T01:11:24.790+0000] {dag.py:3490} INFO - Setting next_dagrun for example_sensor_decorator to None, run_after=None
[2025-10-21T01:11:24.856+0000] {processor.py:179} INFO - Processing /home/airflow/.local/lib/python3.7/site-packages/airflow/example_dags/example_sensor_decorator.py took 0.208 seconds
[2025-10-21T01:11:55.218+0000] {processor.py:157} INFO - Started process (PID=2937) to work on /home/airflow/.local/lib/python3.7/site-packages/airflow/example_dags/example_sensor_decorator.py
[2025-10-21T01:11:55.224+0000] {processor.py:826} INFO - Processing file /home/airflow/.local/lib/python3.7/site-packages/airflow/example_dags/example_sensor_decorator.py for tasks to queue
[2025-10-21T01:11:55.228+0000] {logging_mixin.py:149} INFO - [2025-10-21T01:11:55.228+0000] {dagbag.py:541} INFO - Filling up the DagBag from /home/airflow/.local/lib/python3.7/site-packages/airflow/example_dags/example_sensor_decorator.py
[2025-10-21T01:11:55.257+0000] {processor.py:836} INFO - DAG(s) dict_keys(['example_sensor_decorator']) retrieved from /home/airflow/.local/lib/python3.7/site-packages/airflow/example_dags/example_sensor_decorator.py
[2025-10-21T01:11:55.339+0000] {logging_mixin.py:149} INFO - [2025-10-21T01:11:55.338+0000] {dag.py:2726} INFO - Sync 1 DAGs
[2025-10-21T01:11:55.421+0000] {logging_mixin.py:149} INFO - [2025-10-21T01:11:55.421+0000] {dag.py:3490} INFO - Setting next_dagrun for example_sensor_decorator to None, run_after=None
[2025-10-21T01:11:55.481+0000] {processor.py:179} INFO - Processing /home/airflow/.local/lib/python3.7/site-packages/airflow/example_dags/example_sensor_decorator.py took 0.272 seconds
[2025-10-21T01:12:25.668+0000] {processor.py:157} INFO - Started process (PID=3003) to work on /home/airflow/.local/lib/python3.7/site-packages/airflow/example_dags/example_sensor_decorator.py
[2025-10-21T01:12:25.670+0000] {processor.py:826} INFO - Processing file /home/airflow/.local/lib/python3.7/site-packages/airflow/example_dags/example_sensor_decorator.py for tasks to queue
[2025-10-21T01:12:25.671+0000] {logging_mixin.py:149} INFO - [2025-10-21T01:12:25.671+0000] {dagbag.py:541} INFO - Filling up the DagBag from /home/airflow/.local/lib/python3.7/site-packages/airflow/example_dags/example_sensor_decorator.py
[2025-10-21T01:12:25.681+0000] {processor.py:836} INFO - DAG(s) dict_keys(['example_sensor_decorator']) retrieved from /home/airflow/.local/lib/python3.7/site-packages/airflow/example_dags/example_sensor_decorator.py
[2025-10-21T01:12:25.728+0000] {logging_mixin.py:149} INFO - [2025-10-21T01:12:25.727+0000] {dag.py:2726} INFO - Sync 1 DAGs
[2025-10-21T01:12:25.774+0000] {logging_mixin.py:149} INFO - [2025-10-21T01:12:25.774+0000] {dag.py:3490} INFO - Setting next_dagrun for example_sensor_decorator to None, run_after=None
[2025-10-21T01:12:25.812+0000] {processor.py:179} INFO - Processing /home/airflow/.local/lib/python3.7/site-packages/airflow/example_dags/example_sensor_decorator.py took 0.150 seconds
[2025-10-21T01:12:56.229+0000] {processor.py:157} INFO - Started process (PID=3069) to work on /home/airflow/.local/lib/python3.7/site-packages/airflow/example_dags/example_sensor_decorator.py
[2025-10-21T01:12:56.233+0000] {processor.py:826} INFO - Processing file /home/airflow/.local/lib/python3.7/site-packages/airflow/example_dags/example_sensor_decorator.py for tasks to queue
[2025-10-21T01:12:56.234+0000] {logging_mixin.py:149} INFO - [2025-10-21T01:12:56.234+0000] {dagbag.py:541} INFO - Filling up the DagBag from /home/airflow/.local/lib/python3.7/site-packages/airflow/example_dags/example_sensor_decorator.py
[2025-10-21T01:12:56.249+0000] {processor.py:836} INFO - DAG(s) dict_keys(['example_sensor_decorator']) retrieved from /home/airflow/.local/lib/python3.7/site-packages/airflow/example_dags/example_sensor_decorator.py
[2025-10-21T01:12:56.301+0000] {logging_mixin.py:149} INFO - [2025-10-21T01:12:56.300+0000] {dag.py:2726} INFO - Sync 1 DAGs
[2025-10-21T01:12:56.350+0000] {logging_mixin.py:149} INFO - [2025-10-21T01:12:56.350+0000] {dag.py:3490} INFO - Setting next_dagrun for example_sensor_decorator to None, run_after=None
[2025-10-21T01:12:56.389+0000] {processor.py:179} INFO - Processing /home/airflow/.local/lib/python3.7/site-packages/airflow/example_dags/example_sensor_decorator.py took 0.166 seconds
[2025-10-21T01:13:27.185+0000] {processor.py:157} INFO - Started process (PID=3135) to work on /home/airflow/.local/lib/python3.7/site-packages/airflow/example_dags/example_sensor_decorator.py
[2025-10-21T01:13:27.187+0000] {processor.py:826} INFO - Processing file /home/airflow/.local/lib/python3.7/site-packages/airflow/example_dags/example_sensor_decorator.py for tasks to queue
[2025-10-21T01:13:27.188+0000] {logging_mixin.py:149} INFO - [2025-10-21T01:13:27.188+0000] {dagbag.py:541} INFO - Filling up the DagBag from /home/airflow/.local/lib/python3.7/site-packages/airflow/example_dags/example_sensor_decorator.py
[2025-10-21T01:13:27.198+0000] {processor.py:836} INFO - DAG(s) dict_keys(['example_sensor_decorator']) retrieved from /home/airflow/.local/lib/python3.7/site-packages/airflow/example_dags/example_sensor_decorator.py
[2025-10-21T01:13:27.249+0000] {logging_mixin.py:149} INFO - [2025-10-21T01:13:27.249+0000] {dag.py:2726} INFO - Sync 1 DAGs
[2025-10-21T01:13:27.302+0000] {logging_mixin.py:149} INFO - [2025-10-21T01:13:27.302+0000] {dag.py:3490} INFO - Setting next_dagrun for example_sensor_decorator to None, run_after=None
[2025-10-21T01:13:27.346+0000] {processor.py:179} INFO - Processing /home/airflow/.local/lib/python3.7/site-packages/airflow/example_dags/example_sensor_decorator.py took 0.167 seconds
[2025-10-21T01:13:57.893+0000] {processor.py:157} INFO - Started process (PID=3201) to work on /home/airflow/.local/lib/python3.7/site-packages/airflow/example_dags/example_sensor_decorator.py
[2025-10-21T01:13:57.895+0000] {processor.py:826} INFO - Processing file /home/airflow/.local/lib/python3.7/site-packages/airflow/example_dags/example_sensor_decorator.py for tasks to queue
[2025-10-21T01:13:57.897+0000] {logging_mixin.py:149} INFO - [2025-10-21T01:13:57.897+0000] {dagbag.py:541} INFO - Filling up the DagBag from /home/airflow/.local/lib/python3.7/site-packages/airflow/example_dags/example_sensor_decorator.py
[2025-10-21T01:13:57.913+0000] {processor.py:836} INFO - DAG(s) dict_keys(['example_sensor_decorator']) retrieved from /home/airflow/.local/lib/python3.7/site-packages/airflow/example_dags/example_sensor_decorator.py
[2025-10-21T01:13:57.969+0000] {logging_mixin.py:149} INFO - [2025-10-21T01:13:57.969+0000] {dag.py:2726} INFO - Sync 1 DAGs
[2025-10-21T01:13:58.018+0000] {logging_mixin.py:149} INFO - [2025-10-21T01:13:58.018+0000] {dag.py:3490} INFO - Setting next_dagrun for example_sensor_decorator to None, run_after=None
[2025-10-21T01:13:58.064+0000] {processor.py:179} INFO - Processing /home/airflow/.local/lib/python3.7/site-packages/airflow/example_dags/example_sensor_decorator.py took 0.187 seconds
[2025-10-21T01:14:28.522+0000] {processor.py:157} INFO - Started process (PID=3267) to work on /home/airflow/.local/lib/python3.7/site-packages/airflow/example_dags/example_sensor_decorator.py
[2025-10-21T01:14:28.525+0000] {processor.py:826} INFO - Processing file /home/airflow/.local/lib/python3.7/site-packages/airflow/example_dags/example_sensor_decorator.py for tasks to queue
[2025-10-21T01:14:28.527+0000] {logging_mixin.py:149} INFO - [2025-10-21T01:14:28.527+0000] {dagbag.py:541} INFO - Filling up the DagBag from /home/airflow/.local/lib/python3.7/site-packages/airflow/example_dags/example_sensor_decorator.py
[2025-10-21T01:14:28.538+0000] {processor.py:836} INFO - DAG(s) dict_keys(['example_sensor_decorator']) retrieved from /home/airflow/.local/lib/python3.7/site-packages/airflow/example_dags/example_sensor_decorator.py
[2025-10-21T01:14:28.587+0000] {logging_mixin.py:149} INFO - [2025-10-21T01:14:28.586+0000] {dag.py:2726} INFO - Sync 1 DAGs
[2025-10-21T01:14:28.633+0000] {logging_mixin.py:149} INFO - [2025-10-21T01:14:28.633+0000] {dag.py:3490} INFO - Setting next_dagrun for example_sensor_decorator to None, run_after=None
[2025-10-21T01:14:28.671+0000] {processor.py:179} INFO - Processing /home/airflow/.local/lib/python3.7/site-packages/airflow/example_dags/example_sensor_decorator.py took 0.157 seconds
[2025-10-21T01:14:59.604+0000] {processor.py:157} INFO - Started process (PID=3333) to work on /home/airflow/.local/lib/python3.7/site-packages/airflow/example_dags/example_sensor_decorator.py
[2025-10-21T01:14:59.606+0000] {processor.py:826} INFO - Processing file /home/airflow/.local/lib/python3.7/site-packages/airflow/example_dags/example_sensor_decorator.py for tasks to queue
[2025-10-21T01:14:59.607+0000] {logging_mixin.py:149} INFO - [2025-10-21T01:14:59.607+0000] {dagbag.py:541} INFO - Filling up the DagBag from /home/airflow/.local/lib/python3.7/site-packages/airflow/example_dags/example_sensor_decorator.py
[2025-10-21T01:14:59.621+0000] {processor.py:836} INFO - DAG(s) dict_keys(['example_sensor_decorator']) retrieved from /home/airflow/.local/lib/python3.7/site-packages/airflow/example_dags/example_sensor_decorator.py
[2025-10-21T01:14:59.669+0000] {logging_mixin.py:149} INFO - [2025-10-21T01:14:59.669+0000] {dag.py:2726} INFO - Sync 1 DAGs
[2025-10-21T01:14:59.721+0000] {logging_mixin.py:149} INFO - [2025-10-21T01:14:59.721+0000] {dag.py:3490} INFO - Setting next_dagrun for example_sensor_decorator to None, run_after=None
[2025-10-21T01:14:59.765+0000] {processor.py:179} INFO - Processing /home/airflow/.local/lib/python3.7/site-packages/airflow/example_dags/example_sensor_decorator.py took 0.168 seconds
[2025-10-21T01:15:30.754+0000] {processor.py:157} INFO - Started process (PID=3399) to work on /home/airflow/.local/lib/python3.7/site-packages/airflow/example_dags/example_sensor_decorator.py
[2025-10-21T01:15:30.756+0000] {processor.py:826} INFO - Processing file /home/airflow/.local/lib/python3.7/site-packages/airflow/example_dags/example_sensor_decorator.py for tasks to queue
[2025-10-21T01:15:30.762+0000] {logging_mixin.py:149} INFO - [2025-10-21T01:15:30.762+0000] {dagbag.py:541} INFO - Filling up the DagBag from /home/airflow/.local/lib/python3.7/site-packages/airflow/example_dags/example_sensor_decorator.py
[2025-10-21T01:15:30.777+0000] {processor.py:836} INFO - DAG(s) dict_keys(['example_sensor_decorator']) retrieved from /home/airflow/.local/lib/python3.7/site-packages/airflow/example_dags/example_sensor_decorator.py
[2025-10-21T01:15:30.833+0000] {logging_mixin.py:149} INFO - [2025-10-21T01:15:30.833+0000] {dag.py:2726} INFO - Sync 1 DAGs
[2025-10-21T01:15:30.907+0000] {logging_mixin.py:149} INFO - [2025-10-21T01:15:30.907+0000] {dag.py:3490} INFO - Setting next_dagrun for example_sensor_decorator to None, run_after=None
[2025-10-21T01:15:30.956+0000] {processor.py:179} INFO - Processing /home/airflow/.local/lib/python3.7/site-packages/airflow/example_dags/example_sensor_decorator.py took 0.209 seconds
[2025-10-21T01:16:01.918+0000] {processor.py:157} INFO - Started process (PID=3466) to work on /home/airflow/.local/lib/python3.7/site-packages/airflow/example_dags/example_sensor_decorator.py
[2025-10-21T01:16:01.921+0000] {processor.py:826} INFO - Processing file /home/airflow/.local/lib/python3.7/site-packages/airflow/example_dags/example_sensor_decorator.py for tasks to queue
[2025-10-21T01:16:01.923+0000] {logging_mixin.py:149} INFO - [2025-10-21T01:16:01.923+0000] {dagbag.py:541} INFO - Filling up the DagBag from /home/airflow/.local/lib/python3.7/site-packages/airflow/example_dags/example_sensor_decorator.py
[2025-10-21T01:16:01.937+0000] {processor.py:836} INFO - DAG(s) dict_keys(['example_sensor_decorator']) retrieved from /home/airflow/.local/lib/python3.7/site-packages/airflow/example_dags/example_sensor_decorator.py
[2025-10-21T01:16:02.015+0000] {logging_mixin.py:149} INFO - [2025-10-21T01:16:02.015+0000] {dag.py:2726} INFO - Sync 1 DAGs
[2025-10-21T01:16:02.078+0000] {logging_mixin.py:149} INFO - [2025-10-21T01:16:02.078+0000] {dag.py:3490} INFO - Setting next_dagrun for example_sensor_decorator to None, run_after=None
[2025-10-21T01:16:02.125+0000] {processor.py:179} INFO - Processing /home/airflow/.local/lib/python3.7/site-packages/airflow/example_dags/example_sensor_decorator.py took 0.214 seconds
[2025-10-21T01:16:32.213+0000] {processor.py:157} INFO - Started process (PID=3532) to work on /home/airflow/.local/lib/python3.7/site-packages/airflow/example_dags/example_sensor_decorator.py
[2025-10-21T01:16:32.215+0000] {processor.py:826} INFO - Processing file /home/airflow/.local/lib/python3.7/site-packages/airflow/example_dags/example_sensor_decorator.py for tasks to queue
[2025-10-21T01:16:32.217+0000] {logging_mixin.py:149} INFO - [2025-10-21T01:16:32.216+0000] {dagbag.py:541} INFO - Filling up the DagBag from /home/airflow/.local/lib/python3.7/site-packages/airflow/example_dags/example_sensor_decorator.py
[2025-10-21T01:16:32.230+0000] {processor.py:836} INFO - DAG(s) dict_keys(['example_sensor_decorator']) retrieved from /home/airflow/.local/lib/python3.7/site-packages/airflow/example_dags/example_sensor_decorator.py
[2025-10-21T01:16:32.274+0000] {logging_mixin.py:149} INFO - [2025-10-21T01:16:32.274+0000] {dag.py:2726} INFO - Sync 1 DAGs
[2025-10-21T01:16:32.322+0000] {logging_mixin.py:149} INFO - [2025-10-21T01:16:32.322+0000] {dag.py:3490} INFO - Setting next_dagrun for example_sensor_decorator to None, run_after=None
[2025-10-21T01:16:32.356+0000] {processor.py:179} INFO - Processing /home/airflow/.local/lib/python3.7/site-packages/airflow/example_dags/example_sensor_decorator.py took 0.150 seconds
[2025-10-21T01:17:03.097+0000] {processor.py:157} INFO - Started process (PID=3598) to work on /home/airflow/.local/lib/python3.7/site-packages/airflow/example_dags/example_sensor_decorator.py
[2025-10-21T01:17:03.100+0000] {processor.py:826} INFO - Processing file /home/airflow/.local/lib/python3.7/site-packages/airflow/example_dags/example_sensor_decorator.py for tasks to queue
[2025-10-21T01:17:03.102+0000] {logging_mixin.py:149} INFO - [2025-10-21T01:17:03.102+0000] {dagbag.py:541} INFO - Filling up the DagBag from /home/airflow/.local/lib/python3.7/site-packages/airflow/example_dags/example_sensor_decorator.py
[2025-10-21T01:17:03.115+0000] {processor.py:836} INFO - DAG(s) dict_keys(['example_sensor_decorator']) retrieved from /home/airflow/.local/lib/python3.7/site-packages/airflow/example_dags/example_sensor_decorator.py
[2025-10-21T01:17:03.181+0000] {logging_mixin.py:149} INFO - [2025-10-21T01:17:03.180+0000] {dag.py:2726} INFO - Sync 1 DAGs
[2025-10-21T01:17:03.241+0000] {logging_mixin.py:149} INFO - [2025-10-21T01:17:03.240+0000] {dag.py:3490} INFO - Setting next_dagrun for example_sensor_decorator to None, run_after=None
[2025-10-21T01:17:03.305+0000] {processor.py:179} INFO - Processing /home/airflow/.local/lib/python3.7/site-packages/airflow/example_dags/example_sensor_decorator.py took 0.221 seconds
