[2025-10-21T00:49:55.313+0000] {processor.py:157} INFO - Started process (PID=92) to work on /home/airflow/.local/lib/python3.7/site-packages/airflow/example_dags/example_params_ui_tutorial.py
[2025-10-21T00:49:55.316+0000] {processor.py:826} INFO - Processing file /home/airflow/.local/lib/python3.7/site-packages/airflow/example_dags/example_params_ui_tutorial.py for tasks to queue
[2025-10-21T00:49:55.318+0000] {logging_mixin.py:149} INFO - [2025-10-21T00:49:55.318+0000] {dagbag.py:541} INFO - Filling up the DagBag from /home/airflow/.local/lib/python3.7/site-packages/airflow/example_dags/example_params_ui_tutorial.py
[2025-10-21T00:49:55.425+0000] {processor.py:836} INFO - DAG(s) dict_keys(['example_params_ui_tutorial']) retrieved from /home/airflow/.local/lib/python3.7/site-packages/airflow/example_dags/example_params_ui_tutorial.py
[2025-10-21T00:49:56.067+0000] {logging_mixin.py:149} INFO - [2025-10-21T00:49:56.067+0000] {dag.py:2726} INFO - Sync 1 DAGs
[2025-10-21T00:49:56.132+0000] {logging_mixin.py:149} INFO - [2025-10-21T00:49:56.131+0000] {dag.py:3490} INFO - Setting next_dagrun for example_params_ui_tutorial to None, run_after=None
[2025-10-21T00:49:56.200+0000] {processor.py:179} INFO - Processing /home/airflow/.local/lib/python3.7/site-packages/airflow/example_dags/example_params_ui_tutorial.py took 0.896 seconds
[2025-10-21T00:50:26.370+0000] {processor.py:157} INFO - Started process (PID=158) to work on /home/airflow/.local/lib/python3.7/site-packages/airflow/example_dags/example_params_ui_tutorial.py
[2025-10-21T00:50:26.375+0000] {processor.py:826} INFO - Processing file /home/airflow/.local/lib/python3.7/site-packages/airflow/example_dags/example_params_ui_tutorial.py for tasks to queue
[2025-10-21T00:50:26.377+0000] {logging_mixin.py:149} INFO - [2025-10-21T00:50:26.376+0000] {dagbag.py:541} INFO - Filling up the DagBag from /home/airflow/.local/lib/python3.7/site-packages/airflow/example_dags/example_params_ui_tutorial.py
[2025-10-21T00:50:26.485+0000] {processor.py:836} INFO - DAG(s) dict_keys(['example_params_ui_tutorial']) retrieved from /home/airflow/.local/lib/python3.7/site-packages/airflow/example_dags/example_params_ui_tutorial.py
[2025-10-21T00:50:26.763+0000] {logging_mixin.py:149} INFO - [2025-10-21T00:50:26.763+0000] {dag.py:2726} INFO - Sync 1 DAGs
[2025-10-21T00:50:26.863+0000] {logging_mixin.py:149} INFO - [2025-10-21T00:50:26.863+0000] {dag.py:3490} INFO - Setting next_dagrun for example_params_ui_tutorial to None, run_after=None
[2025-10-21T00:50:26.928+0000] {processor.py:179} INFO - Processing /home/airflow/.local/lib/python3.7/site-packages/airflow/example_dags/example_params_ui_tutorial.py took 0.565 seconds
[2025-10-21T00:50:57.737+0000] {processor.py:157} INFO - Started process (PID=224) to work on /home/airflow/.local/lib/python3.7/site-packages/airflow/example_dags/example_params_ui_tutorial.py
[2025-10-21T00:50:57.739+0000] {processor.py:826} INFO - Processing file /home/airflow/.local/lib/python3.7/site-packages/airflow/example_dags/example_params_ui_tutorial.py for tasks to queue
[2025-10-21T00:50:57.741+0000] {logging_mixin.py:149} INFO - [2025-10-21T00:50:57.740+0000] {dagbag.py:541} INFO - Filling up the DagBag from /home/airflow/.local/lib/python3.7/site-packages/airflow/example_dags/example_params_ui_tutorial.py
[2025-10-21T00:50:57.889+0000] {processor.py:836} INFO - DAG(s) dict_keys(['example_params_ui_tutorial']) retrieved from /home/airflow/.local/lib/python3.7/site-packages/airflow/example_dags/example_params_ui_tutorial.py
[2025-10-21T00:50:58.173+0000] {logging_mixin.py:149} INFO - [2025-10-21T00:50:58.172+0000] {dag.py:2726} INFO - Sync 1 DAGs
[2025-10-21T00:50:58.273+0000] {logging_mixin.py:149} INFO - [2025-10-21T00:50:58.272+0000] {dag.py:3490} INFO - Setting next_dagrun for example_params_ui_tutorial to None, run_after=None
[2025-10-21T00:50:58.369+0000] {processor.py:179} INFO - Processing /home/airflow/.local/lib/python3.7/site-packages/airflow/example_dags/example_params_ui_tutorial.py took 0.639 seconds
[2025-10-21T00:51:28.883+0000] {processor.py:157} INFO - Started process (PID=290) to work on /home/airflow/.local/lib/python3.7/site-packages/airflow/example_dags/example_params_ui_tutorial.py
[2025-10-21T00:51:28.889+0000] {processor.py:826} INFO - Processing file /home/airflow/.local/lib/python3.7/site-packages/airflow/example_dags/example_params_ui_tutorial.py for tasks to queue
[2025-10-21T00:51:28.893+0000] {logging_mixin.py:149} INFO - [2025-10-21T00:51:28.892+0000] {dagbag.py:541} INFO - Filling up the DagBag from /home/airflow/.local/lib/python3.7/site-packages/airflow/example_dags/example_params_ui_tutorial.py
[2025-10-21T00:51:29.071+0000] {processor.py:836} INFO - DAG(s) dict_keys(['example_params_ui_tutorial']) retrieved from /home/airflow/.local/lib/python3.7/site-packages/airflow/example_dags/example_params_ui_tutorial.py
[2025-10-21T00:51:29.289+0000] {logging_mixin.py:149} INFO - [2025-10-21T00:51:29.288+0000] {dag.py:2726} INFO - Sync 1 DAGs
[2025-10-21T00:51:29.362+0000] {logging_mixin.py:149} INFO - [2025-10-21T00:51:29.362+0000] {dag.py:3490} INFO - Setting next_dagrun for example_params_ui_tutorial to None, run_after=None
[2025-10-21T00:51:29.419+0000] {processor.py:179} INFO - Processing /home/airflow/.local/lib/python3.7/site-packages/airflow/example_dags/example_params_ui_tutorial.py took 0.566 seconds
[2025-10-21T00:51:59.549+0000] {processor.py:157} INFO - Started process (PID=356) to work on /home/airflow/.local/lib/python3.7/site-packages/airflow/example_dags/example_params_ui_tutorial.py
[2025-10-21T00:51:59.553+0000] {processor.py:826} INFO - Processing file /home/airflow/.local/lib/python3.7/site-packages/airflow/example_dags/example_params_ui_tutorial.py for tasks to queue
[2025-10-21T00:51:59.556+0000] {logging_mixin.py:149} INFO - [2025-10-21T00:51:59.555+0000] {dagbag.py:541} INFO - Filling up the DagBag from /home/airflow/.local/lib/python3.7/site-packages/airflow/example_dags/example_params_ui_tutorial.py
[2025-10-21T00:51:59.666+0000] {processor.py:836} INFO - DAG(s) dict_keys(['example_params_ui_tutorial']) retrieved from /home/airflow/.local/lib/python3.7/site-packages/airflow/example_dags/example_params_ui_tutorial.py
[2025-10-21T00:51:59.817+0000] {logging_mixin.py:149} INFO - [2025-10-21T00:51:59.816+0000] {dag.py:2726} INFO - Sync 1 DAGs
[2025-10-21T00:51:59.867+0000] {logging_mixin.py:149} INFO - [2025-10-21T00:51:59.867+0000] {dag.py:3490} INFO - Setting next_dagrun for example_params_ui_tutorial to None, run_after=None
[2025-10-21T00:51:59.904+0000] {processor.py:179} INFO - Processing /home/airflow/.local/lib/python3.7/site-packages/airflow/example_dags/example_params_ui_tutorial.py took 0.367 seconds
[2025-10-21T00:52:30.247+0000] {processor.py:157} INFO - Started process (PID=421) to work on /home/airflow/.local/lib/python3.7/site-packages/airflow/example_dags/example_params_ui_tutorial.py
[2025-10-21T00:52:30.249+0000] {processor.py:826} INFO - Processing file /home/airflow/.local/lib/python3.7/site-packages/airflow/example_dags/example_params_ui_tutorial.py for tasks to queue
[2025-10-21T00:52:30.251+0000] {logging_mixin.py:149} INFO - [2025-10-21T00:52:30.251+0000] {dagbag.py:541} INFO - Filling up the DagBag from /home/airflow/.local/lib/python3.7/site-packages/airflow/example_dags/example_params_ui_tutorial.py
[2025-10-21T00:52:30.335+0000] {processor.py:836} INFO - DAG(s) dict_keys(['example_params_ui_tutorial']) retrieved from /home/airflow/.local/lib/python3.7/site-packages/airflow/example_dags/example_params_ui_tutorial.py
[2025-10-21T00:52:30.462+0000] {logging_mixin.py:149} INFO - [2025-10-21T00:52:30.461+0000] {dag.py:2726} INFO - Sync 1 DAGs
[2025-10-21T00:52:30.506+0000] {logging_mixin.py:149} INFO - [2025-10-21T00:52:30.506+0000] {dag.py:3490} INFO - Setting next_dagrun for example_params_ui_tutorial to None, run_after=None
[2025-10-21T00:52:30.541+0000] {processor.py:179} INFO - Processing /home/airflow/.local/lib/python3.7/site-packages/airflow/example_dags/example_params_ui_tutorial.py took 0.301 seconds
[2025-10-21T00:53:00.736+0000] {processor.py:157} INFO - Started process (PID=487) to work on /home/airflow/.local/lib/python3.7/site-packages/airflow/example_dags/example_params_ui_tutorial.py
[2025-10-21T00:53:00.738+0000] {processor.py:826} INFO - Processing file /home/airflow/.local/lib/python3.7/site-packages/airflow/example_dags/example_params_ui_tutorial.py for tasks to queue
[2025-10-21T00:53:00.740+0000] {logging_mixin.py:149} INFO - [2025-10-21T00:53:00.739+0000] {dagbag.py:541} INFO - Filling up the DagBag from /home/airflow/.local/lib/python3.7/site-packages/airflow/example_dags/example_params_ui_tutorial.py
[2025-10-21T00:53:00.813+0000] {processor.py:836} INFO - DAG(s) dict_keys(['example_params_ui_tutorial']) retrieved from /home/airflow/.local/lib/python3.7/site-packages/airflow/example_dags/example_params_ui_tutorial.py
[2025-10-21T00:53:00.936+0000] {logging_mixin.py:149} INFO - [2025-10-21T00:53:00.936+0000] {dag.py:2726} INFO - Sync 1 DAGs
[2025-10-21T00:53:00.985+0000] {logging_mixin.py:149} INFO - [2025-10-21T00:53:00.985+0000] {dag.py:3490} INFO - Setting next_dagrun for example_params_ui_tutorial to None, run_after=None
[2025-10-21T00:53:01.031+0000] {processor.py:179} INFO - Processing /home/airflow/.local/lib/python3.7/site-packages/airflow/example_dags/example_params_ui_tutorial.py took 0.301 seconds
[2025-10-21T00:53:31.390+0000] {processor.py:157} INFO - Started process (PID=555) to work on /home/airflow/.local/lib/python3.7/site-packages/airflow/example_dags/example_params_ui_tutorial.py
[2025-10-21T00:53:31.392+0000] {processor.py:826} INFO - Processing file /home/airflow/.local/lib/python3.7/site-packages/airflow/example_dags/example_params_ui_tutorial.py for tasks to queue
[2025-10-21T00:53:31.393+0000] {logging_mixin.py:149} INFO - [2025-10-21T00:53:31.393+0000] {dagbag.py:541} INFO - Filling up the DagBag from /home/airflow/.local/lib/python3.7/site-packages/airflow/example_dags/example_params_ui_tutorial.py
[2025-10-21T00:53:31.479+0000] {processor.py:836} INFO - DAG(s) dict_keys(['example_params_ui_tutorial']) retrieved from /home/airflow/.local/lib/python3.7/site-packages/airflow/example_dags/example_params_ui_tutorial.py
[2025-10-21T00:53:31.617+0000] {logging_mixin.py:149} INFO - [2025-10-21T00:53:31.616+0000] {dag.py:2726} INFO - Sync 1 DAGs
[2025-10-21T00:53:31.671+0000] {logging_mixin.py:149} INFO - [2025-10-21T00:53:31.671+0000] {dag.py:3490} INFO - Setting next_dagrun for example_params_ui_tutorial to None, run_after=None
[2025-10-21T00:53:31.719+0000] {processor.py:179} INFO - Processing /home/airflow/.local/lib/python3.7/site-packages/airflow/example_dags/example_params_ui_tutorial.py took 0.338 seconds
[2025-10-21T00:54:01.913+0000] {processor.py:157} INFO - Started process (PID=623) to work on /home/airflow/.local/lib/python3.7/site-packages/airflow/example_dags/example_params_ui_tutorial.py
[2025-10-21T00:54:01.915+0000] {processor.py:826} INFO - Processing file /home/airflow/.local/lib/python3.7/site-packages/airflow/example_dags/example_params_ui_tutorial.py for tasks to queue
[2025-10-21T00:54:01.916+0000] {logging_mixin.py:149} INFO - [2025-10-21T00:54:01.916+0000] {dagbag.py:541} INFO - Filling up the DagBag from /home/airflow/.local/lib/python3.7/site-packages/airflow/example_dags/example_params_ui_tutorial.py
[2025-10-21T00:54:01.982+0000] {processor.py:836} INFO - DAG(s) dict_keys(['example_params_ui_tutorial']) retrieved from /home/airflow/.local/lib/python3.7/site-packages/airflow/example_dags/example_params_ui_tutorial.py
[2025-10-21T00:54:02.102+0000] {logging_mixin.py:149} INFO - [2025-10-21T00:54:02.101+0000] {dag.py:2726} INFO - Sync 1 DAGs
[2025-10-21T00:54:02.158+0000] {logging_mixin.py:149} INFO - [2025-10-21T00:54:02.157+0000] {dag.py:3490} INFO - Setting next_dagrun for example_params_ui_tutorial to None, run_after=None
[2025-10-21T00:54:02.202+0000] {processor.py:179} INFO - Processing /home/airflow/.local/lib/python3.7/site-packages/airflow/example_dags/example_params_ui_tutorial.py took 0.295 seconds
[2025-10-21T00:54:32.404+0000] {processor.py:157} INFO - Started process (PID=690) to work on /home/airflow/.local/lib/python3.7/site-packages/airflow/example_dags/example_params_ui_tutorial.py
[2025-10-21T00:54:32.406+0000] {processor.py:826} INFO - Processing file /home/airflow/.local/lib/python3.7/site-packages/airflow/example_dags/example_params_ui_tutorial.py for tasks to queue
[2025-10-21T00:54:32.407+0000] {logging_mixin.py:149} INFO - [2025-10-21T00:54:32.407+0000] {dagbag.py:541} INFO - Filling up the DagBag from /home/airflow/.local/lib/python3.7/site-packages/airflow/example_dags/example_params_ui_tutorial.py
[2025-10-21T00:54:32.468+0000] {processor.py:836} INFO - DAG(s) dict_keys(['example_params_ui_tutorial']) retrieved from /home/airflow/.local/lib/python3.7/site-packages/airflow/example_dags/example_params_ui_tutorial.py
[2025-10-21T00:54:32.583+0000] {logging_mixin.py:149} INFO - [2025-10-21T00:54:32.582+0000] {dag.py:2726} INFO - Sync 1 DAGs
[2025-10-21T00:54:32.630+0000] {logging_mixin.py:149} INFO - [2025-10-21T00:54:32.630+0000] {dag.py:3490} INFO - Setting next_dagrun for example_params_ui_tutorial to None, run_after=None
[2025-10-21T00:54:32.666+0000] {processor.py:179} INFO - Processing /home/airflow/.local/lib/python3.7/site-packages/airflow/example_dags/example_params_ui_tutorial.py took 0.268 seconds
[2025-10-21T00:55:03.266+0000] {processor.py:157} INFO - Started process (PID=756) to work on /home/airflow/.local/lib/python3.7/site-packages/airflow/example_dags/example_params_ui_tutorial.py
[2025-10-21T00:55:03.269+0000] {processor.py:826} INFO - Processing file /home/airflow/.local/lib/python3.7/site-packages/airflow/example_dags/example_params_ui_tutorial.py for tasks to queue
[2025-10-21T00:55:03.272+0000] {logging_mixin.py:149} INFO - [2025-10-21T00:55:03.271+0000] {dagbag.py:541} INFO - Filling up the DagBag from /home/airflow/.local/lib/python3.7/site-packages/airflow/example_dags/example_params_ui_tutorial.py
[2025-10-21T00:55:03.386+0000] {processor.py:836} INFO - DAG(s) dict_keys(['example_params_ui_tutorial']) retrieved from /home/airflow/.local/lib/python3.7/site-packages/airflow/example_dags/example_params_ui_tutorial.py
[2025-10-21T00:55:03.513+0000] {logging_mixin.py:149} INFO - [2025-10-21T00:55:03.513+0000] {dag.py:2726} INFO - Sync 1 DAGs
[2025-10-21T00:55:03.562+0000] {logging_mixin.py:149} INFO - [2025-10-21T00:55:03.562+0000] {dag.py:3490} INFO - Setting next_dagrun for example_params_ui_tutorial to None, run_after=None
[2025-10-21T00:55:03.599+0000] {processor.py:179} INFO - Processing /home/airflow/.local/lib/python3.7/site-packages/airflow/example_dags/example_params_ui_tutorial.py took 0.349 seconds
[2025-10-21T00:55:33.889+0000] {processor.py:157} INFO - Started process (PID=822) to work on /home/airflow/.local/lib/python3.7/site-packages/airflow/example_dags/example_params_ui_tutorial.py
[2025-10-21T00:55:33.892+0000] {processor.py:826} INFO - Processing file /home/airflow/.local/lib/python3.7/site-packages/airflow/example_dags/example_params_ui_tutorial.py for tasks to queue
[2025-10-21T00:55:33.894+0000] {logging_mixin.py:149} INFO - [2025-10-21T00:55:33.893+0000] {dagbag.py:541} INFO - Filling up the DagBag from /home/airflow/.local/lib/python3.7/site-packages/airflow/example_dags/example_params_ui_tutorial.py
[2025-10-21T00:55:34.001+0000] {processor.py:836} INFO - DAG(s) dict_keys(['example_params_ui_tutorial']) retrieved from /home/airflow/.local/lib/python3.7/site-packages/airflow/example_dags/example_params_ui_tutorial.py
[2025-10-21T00:55:34.153+0000] {logging_mixin.py:149} INFO - [2025-10-21T00:55:34.153+0000] {dag.py:2726} INFO - Sync 1 DAGs
[2025-10-21T00:55:34.211+0000] {logging_mixin.py:149} INFO - [2025-10-21T00:55:34.211+0000] {dag.py:3490} INFO - Setting next_dagrun for example_params_ui_tutorial to None, run_after=None
[2025-10-21T00:55:34.273+0000] {processor.py:179} INFO - Processing /home/airflow/.local/lib/python3.7/site-packages/airflow/example_dags/example_params_ui_tutorial.py took 0.393 seconds
[2025-10-21T00:56:05.263+0000] {processor.py:157} INFO - Started process (PID=888) to work on /home/airflow/.local/lib/python3.7/site-packages/airflow/example_dags/example_params_ui_tutorial.py
[2025-10-21T00:56:05.265+0000] {processor.py:826} INFO - Processing file /home/airflow/.local/lib/python3.7/site-packages/airflow/example_dags/example_params_ui_tutorial.py for tasks to queue
[2025-10-21T00:56:05.267+0000] {logging_mixin.py:149} INFO - [2025-10-21T00:56:05.267+0000] {dagbag.py:541} INFO - Filling up the DagBag from /home/airflow/.local/lib/python3.7/site-packages/airflow/example_dags/example_params_ui_tutorial.py
[2025-10-21T00:56:05.402+0000] {processor.py:836} INFO - DAG(s) dict_keys(['example_params_ui_tutorial']) retrieved from /home/airflow/.local/lib/python3.7/site-packages/airflow/example_dags/example_params_ui_tutorial.py
[2025-10-21T00:56:05.569+0000] {logging_mixin.py:149} INFO - [2025-10-21T00:56:05.569+0000] {dag.py:2726} INFO - Sync 1 DAGs
[2025-10-21T00:56:05.623+0000] {logging_mixin.py:149} INFO - [2025-10-21T00:56:05.623+0000] {dag.py:3490} INFO - Setting next_dagrun for example_params_ui_tutorial to None, run_after=None
[2025-10-21T00:56:05.670+0000] {processor.py:179} INFO - Processing /home/airflow/.local/lib/python3.7/site-packages/airflow/example_dags/example_params_ui_tutorial.py took 0.416 seconds
[2025-10-21T00:56:36.356+0000] {processor.py:157} INFO - Started process (PID=962) to work on /home/airflow/.local/lib/python3.7/site-packages/airflow/example_dags/example_params_ui_tutorial.py
[2025-10-21T00:56:36.359+0000] {processor.py:826} INFO - Processing file /home/airflow/.local/lib/python3.7/site-packages/airflow/example_dags/example_params_ui_tutorial.py for tasks to queue
[2025-10-21T00:56:36.361+0000] {logging_mixin.py:149} INFO - [2025-10-21T00:56:36.361+0000] {dagbag.py:541} INFO - Filling up the DagBag from /home/airflow/.local/lib/python3.7/site-packages/airflow/example_dags/example_params_ui_tutorial.py
[2025-10-21T00:56:36.440+0000] {processor.py:836} INFO - DAG(s) dict_keys(['example_params_ui_tutorial']) retrieved from /home/airflow/.local/lib/python3.7/site-packages/airflow/example_dags/example_params_ui_tutorial.py
[2025-10-21T00:56:36.599+0000] {logging_mixin.py:149} INFO - [2025-10-21T00:56:36.599+0000] {dag.py:2726} INFO - Sync 1 DAGs
[2025-10-21T00:56:36.648+0000] {logging_mixin.py:149} INFO - [2025-10-21T00:56:36.647+0000] {dag.py:3490} INFO - Setting next_dagrun for example_params_ui_tutorial to None, run_after=None
[2025-10-21T00:56:36.694+0000] {processor.py:179} INFO - Processing /home/airflow/.local/lib/python3.7/site-packages/airflow/example_dags/example_params_ui_tutorial.py took 0.346 seconds
[2025-10-21T00:57:06.877+0000] {processor.py:157} INFO - Started process (PID=1028) to work on /home/airflow/.local/lib/python3.7/site-packages/airflow/example_dags/example_params_ui_tutorial.py
[2025-10-21T00:57:06.879+0000] {processor.py:826} INFO - Processing file /home/airflow/.local/lib/python3.7/site-packages/airflow/example_dags/example_params_ui_tutorial.py for tasks to queue
[2025-10-21T00:57:06.880+0000] {logging_mixin.py:149} INFO - [2025-10-21T00:57:06.880+0000] {dagbag.py:541} INFO - Filling up the DagBag from /home/airflow/.local/lib/python3.7/site-packages/airflow/example_dags/example_params_ui_tutorial.py
[2025-10-21T00:57:06.936+0000] {processor.py:836} INFO - DAG(s) dict_keys(['example_params_ui_tutorial']) retrieved from /home/airflow/.local/lib/python3.7/site-packages/airflow/example_dags/example_params_ui_tutorial.py
[2025-10-21T00:57:07.062+0000] {logging_mixin.py:149} INFO - [2025-10-21T00:57:07.062+0000] {dag.py:2726} INFO - Sync 1 DAGs
[2025-10-21T00:57:07.111+0000] {logging_mixin.py:149} INFO - [2025-10-21T00:57:07.110+0000] {dag.py:3490} INFO - Setting next_dagrun for example_params_ui_tutorial to None, run_after=None
[2025-10-21T00:57:07.157+0000] {processor.py:179} INFO - Processing /home/airflow/.local/lib/python3.7/site-packages/airflow/example_dags/example_params_ui_tutorial.py took 0.285 seconds
[2025-10-21T00:57:37.915+0000] {processor.py:157} INFO - Started process (PID=1094) to work on /home/airflow/.local/lib/python3.7/site-packages/airflow/example_dags/example_params_ui_tutorial.py
[2025-10-21T00:57:37.917+0000] {processor.py:826} INFO - Processing file /home/airflow/.local/lib/python3.7/site-packages/airflow/example_dags/example_params_ui_tutorial.py for tasks to queue
[2025-10-21T00:57:37.919+0000] {logging_mixin.py:149} INFO - [2025-10-21T00:57:37.919+0000] {dagbag.py:541} INFO - Filling up the DagBag from /home/airflow/.local/lib/python3.7/site-packages/airflow/example_dags/example_params_ui_tutorial.py
[2025-10-21T00:57:37.990+0000] {processor.py:836} INFO - DAG(s) dict_keys(['example_params_ui_tutorial']) retrieved from /home/airflow/.local/lib/python3.7/site-packages/airflow/example_dags/example_params_ui_tutorial.py
[2025-10-21T00:57:38.105+0000] {logging_mixin.py:149} INFO - [2025-10-21T00:57:38.105+0000] {dag.py:2726} INFO - Sync 1 DAGs
[2025-10-21T00:57:38.147+0000] {logging_mixin.py:149} INFO - [2025-10-21T00:57:38.147+0000] {dag.py:3490} INFO - Setting next_dagrun for example_params_ui_tutorial to None, run_after=None
[2025-10-21T00:57:38.182+0000] {processor.py:179} INFO - Processing /home/airflow/.local/lib/python3.7/site-packages/airflow/example_dags/example_params_ui_tutorial.py took 0.274 seconds
[2025-10-21T00:58:08.495+0000] {processor.py:157} INFO - Started process (PID=1161) to work on /home/airflow/.local/lib/python3.7/site-packages/airflow/example_dags/example_params_ui_tutorial.py
[2025-10-21T00:58:08.497+0000] {processor.py:826} INFO - Processing file /home/airflow/.local/lib/python3.7/site-packages/airflow/example_dags/example_params_ui_tutorial.py for tasks to queue
[2025-10-21T00:58:08.498+0000] {logging_mixin.py:149} INFO - [2025-10-21T00:58:08.498+0000] {dagbag.py:541} INFO - Filling up the DagBag from /home/airflow/.local/lib/python3.7/site-packages/airflow/example_dags/example_params_ui_tutorial.py
[2025-10-21T00:58:08.555+0000] {processor.py:836} INFO - DAG(s) dict_keys(['example_params_ui_tutorial']) retrieved from /home/airflow/.local/lib/python3.7/site-packages/airflow/example_dags/example_params_ui_tutorial.py
[2025-10-21T00:58:08.655+0000] {logging_mixin.py:149} INFO - [2025-10-21T00:58:08.655+0000] {dag.py:2726} INFO - Sync 1 DAGs
[2025-10-21T00:58:08.698+0000] {logging_mixin.py:149} INFO - [2025-10-21T00:58:08.698+0000] {dag.py:3490} INFO - Setting next_dagrun for example_params_ui_tutorial to None, run_after=None
[2025-10-21T00:58:08.733+0000] {processor.py:179} INFO - Processing /home/airflow/.local/lib/python3.7/site-packages/airflow/example_dags/example_params_ui_tutorial.py took 0.244 seconds
[2025-10-21T00:58:39.416+0000] {processor.py:157} INFO - Started process (PID=1228) to work on /home/airflow/.local/lib/python3.7/site-packages/airflow/example_dags/example_params_ui_tutorial.py
[2025-10-21T00:58:39.418+0000] {processor.py:826} INFO - Processing file /home/airflow/.local/lib/python3.7/site-packages/airflow/example_dags/example_params_ui_tutorial.py for tasks to queue
[2025-10-21T00:58:39.421+0000] {logging_mixin.py:149} INFO - [2025-10-21T00:58:39.420+0000] {dagbag.py:541} INFO - Filling up the DagBag from /home/airflow/.local/lib/python3.7/site-packages/airflow/example_dags/example_params_ui_tutorial.py
[2025-10-21T00:58:39.490+0000] {processor.py:836} INFO - DAG(s) dict_keys(['example_params_ui_tutorial']) retrieved from /home/airflow/.local/lib/python3.7/site-packages/airflow/example_dags/example_params_ui_tutorial.py
[2025-10-21T00:58:39.615+0000] {logging_mixin.py:149} INFO - [2025-10-21T00:58:39.615+0000] {dag.py:2726} INFO - Sync 1 DAGs
[2025-10-21T00:58:39.693+0000] {logging_mixin.py:149} INFO - [2025-10-21T00:58:39.692+0000] {dag.py:3490} INFO - Setting next_dagrun for example_params_ui_tutorial to None, run_after=None
[2025-10-21T00:58:39.746+0000] {processor.py:179} INFO - Processing /home/airflow/.local/lib/python3.7/site-packages/airflow/example_dags/example_params_ui_tutorial.py took 0.341 seconds
[2025-10-21T00:59:09.960+0000] {processor.py:157} INFO - Started process (PID=1295) to work on /home/airflow/.local/lib/python3.7/site-packages/airflow/example_dags/example_params_ui_tutorial.py
[2025-10-21T00:59:09.964+0000] {processor.py:826} INFO - Processing file /home/airflow/.local/lib/python3.7/site-packages/airflow/example_dags/example_params_ui_tutorial.py for tasks to queue
[2025-10-21T00:59:09.967+0000] {logging_mixin.py:149} INFO - [2025-10-21T00:59:09.966+0000] {dagbag.py:541} INFO - Filling up the DagBag from /home/airflow/.local/lib/python3.7/site-packages/airflow/example_dags/example_params_ui_tutorial.py
[2025-10-21T00:59:10.062+0000] {processor.py:836} INFO - DAG(s) dict_keys(['example_params_ui_tutorial']) retrieved from /home/airflow/.local/lib/python3.7/site-packages/airflow/example_dags/example_params_ui_tutorial.py
[2025-10-21T00:59:10.175+0000] {logging_mixin.py:149} INFO - [2025-10-21T00:59:10.174+0000] {dag.py:2726} INFO - Sync 1 DAGs
[2025-10-21T00:59:10.227+0000] {logging_mixin.py:149} INFO - [2025-10-21T00:59:10.227+0000] {dag.py:3490} INFO - Setting next_dagrun for example_params_ui_tutorial to None, run_after=None
[2025-10-21T00:59:10.274+0000] {processor.py:179} INFO - Processing /home/airflow/.local/lib/python3.7/site-packages/airflow/example_dags/example_params_ui_tutorial.py took 0.323 seconds
[2025-10-21T00:59:40.815+0000] {processor.py:157} INFO - Started process (PID=1361) to work on /home/airflow/.local/lib/python3.7/site-packages/airflow/example_dags/example_params_ui_tutorial.py
[2025-10-21T00:59:40.818+0000] {processor.py:826} INFO - Processing file /home/airflow/.local/lib/python3.7/site-packages/airflow/example_dags/example_params_ui_tutorial.py for tasks to queue
[2025-10-21T00:59:40.820+0000] {logging_mixin.py:149} INFO - [2025-10-21T00:59:40.820+0000] {dagbag.py:541} INFO - Filling up the DagBag from /home/airflow/.local/lib/python3.7/site-packages/airflow/example_dags/example_params_ui_tutorial.py
[2025-10-21T00:59:40.885+0000] {processor.py:836} INFO - DAG(s) dict_keys(['example_params_ui_tutorial']) retrieved from /home/airflow/.local/lib/python3.7/site-packages/airflow/example_dags/example_params_ui_tutorial.py
[2025-10-21T00:59:40.992+0000] {logging_mixin.py:149} INFO - [2025-10-21T00:59:40.992+0000] {dag.py:2726} INFO - Sync 1 DAGs
[2025-10-21T00:59:41.046+0000] {logging_mixin.py:149} INFO - [2025-10-21T00:59:41.046+0000] {dag.py:3490} INFO - Setting next_dagrun for example_params_ui_tutorial to None, run_after=None
[2025-10-21T00:59:41.081+0000] {processor.py:179} INFO - Processing /home/airflow/.local/lib/python3.7/site-packages/airflow/example_dags/example_params_ui_tutorial.py took 0.275 seconds
[2025-10-21T01:00:11.577+0000] {processor.py:157} INFO - Started process (PID=1427) to work on /home/airflow/.local/lib/python3.7/site-packages/airflow/example_dags/example_params_ui_tutorial.py
[2025-10-21T01:00:11.580+0000] {processor.py:826} INFO - Processing file /home/airflow/.local/lib/python3.7/site-packages/airflow/example_dags/example_params_ui_tutorial.py for tasks to queue
[2025-10-21T01:00:11.582+0000] {logging_mixin.py:149} INFO - [2025-10-21T01:00:11.582+0000] {dagbag.py:541} INFO - Filling up the DagBag from /home/airflow/.local/lib/python3.7/site-packages/airflow/example_dags/example_params_ui_tutorial.py
[2025-10-21T01:00:11.675+0000] {processor.py:836} INFO - DAG(s) dict_keys(['example_params_ui_tutorial']) retrieved from /home/airflow/.local/lib/python3.7/site-packages/airflow/example_dags/example_params_ui_tutorial.py
[2025-10-21T01:00:11.825+0000] {logging_mixin.py:149} INFO - [2025-10-21T01:00:11.825+0000] {dag.py:2726} INFO - Sync 1 DAGs
[2025-10-21T01:00:11.888+0000] {logging_mixin.py:149} INFO - [2025-10-21T01:00:11.888+0000] {dag.py:3490} INFO - Setting next_dagrun for example_params_ui_tutorial to None, run_after=None
[2025-10-21T01:00:11.933+0000] {processor.py:179} INFO - Processing /home/airflow/.local/lib/python3.7/site-packages/airflow/example_dags/example_params_ui_tutorial.py took 0.364 seconds
[2025-10-21T01:00:42.490+0000] {processor.py:157} INFO - Started process (PID=1493) to work on /home/airflow/.local/lib/python3.7/site-packages/airflow/example_dags/example_params_ui_tutorial.py
[2025-10-21T01:00:42.492+0000] {processor.py:826} INFO - Processing file /home/airflow/.local/lib/python3.7/site-packages/airflow/example_dags/example_params_ui_tutorial.py for tasks to queue
[2025-10-21T01:00:42.494+0000] {logging_mixin.py:149} INFO - [2025-10-21T01:00:42.494+0000] {dagbag.py:541} INFO - Filling up the DagBag from /home/airflow/.local/lib/python3.7/site-packages/airflow/example_dags/example_params_ui_tutorial.py
[2025-10-21T01:00:42.569+0000] {processor.py:836} INFO - DAG(s) dict_keys(['example_params_ui_tutorial']) retrieved from /home/airflow/.local/lib/python3.7/site-packages/airflow/example_dags/example_params_ui_tutorial.py
[2025-10-21T01:00:42.675+0000] {logging_mixin.py:149} INFO - [2025-10-21T01:00:42.675+0000] {dag.py:2726} INFO - Sync 1 DAGs
[2025-10-21T01:00:42.727+0000] {logging_mixin.py:149} INFO - [2025-10-21T01:00:42.726+0000] {dag.py:3490} INFO - Setting next_dagrun for example_params_ui_tutorial to None, run_after=None
[2025-10-21T01:00:42.770+0000] {processor.py:179} INFO - Processing /home/airflow/.local/lib/python3.7/site-packages/airflow/example_dags/example_params_ui_tutorial.py took 0.287 seconds
[2025-10-21T01:01:13.173+0000] {processor.py:157} INFO - Started process (PID=1558) to work on /home/airflow/.local/lib/python3.7/site-packages/airflow/example_dags/example_params_ui_tutorial.py
[2025-10-21T01:01:13.175+0000] {processor.py:826} INFO - Processing file /home/airflow/.local/lib/python3.7/site-packages/airflow/example_dags/example_params_ui_tutorial.py for tasks to queue
[2025-10-21T01:01:13.177+0000] {logging_mixin.py:149} INFO - [2025-10-21T01:01:13.177+0000] {dagbag.py:541} INFO - Filling up the DagBag from /home/airflow/.local/lib/python3.7/site-packages/airflow/example_dags/example_params_ui_tutorial.py
[2025-10-21T01:01:13.258+0000] {processor.py:836} INFO - DAG(s) dict_keys(['example_params_ui_tutorial']) retrieved from /home/airflow/.local/lib/python3.7/site-packages/airflow/example_dags/example_params_ui_tutorial.py
[2025-10-21T01:01:13.383+0000] {logging_mixin.py:149} INFO - [2025-10-21T01:01:13.383+0000] {dag.py:2726} INFO - Sync 1 DAGs
[2025-10-21T01:01:13.444+0000] {logging_mixin.py:149} INFO - [2025-10-21T01:01:13.443+0000] {dag.py:3490} INFO - Setting next_dagrun for example_params_ui_tutorial to None, run_after=None
[2025-10-21T01:01:13.491+0000] {processor.py:179} INFO - Processing /home/airflow/.local/lib/python3.7/site-packages/airflow/example_dags/example_params_ui_tutorial.py took 0.325 seconds
[2025-10-21T01:01:44.129+0000] {processor.py:157} INFO - Started process (PID=1624) to work on /home/airflow/.local/lib/python3.7/site-packages/airflow/example_dags/example_params_ui_tutorial.py
[2025-10-21T01:01:44.131+0000] {processor.py:826} INFO - Processing file /home/airflow/.local/lib/python3.7/site-packages/airflow/example_dags/example_params_ui_tutorial.py for tasks to queue
[2025-10-21T01:01:44.133+0000] {logging_mixin.py:149} INFO - [2025-10-21T01:01:44.132+0000] {dagbag.py:541} INFO - Filling up the DagBag from /home/airflow/.local/lib/python3.7/site-packages/airflow/example_dags/example_params_ui_tutorial.py
[2025-10-21T01:01:44.192+0000] {processor.py:836} INFO - DAG(s) dict_keys(['example_params_ui_tutorial']) retrieved from /home/airflow/.local/lib/python3.7/site-packages/airflow/example_dags/example_params_ui_tutorial.py
[2025-10-21T01:01:44.291+0000] {logging_mixin.py:149} INFO - [2025-10-21T01:01:44.291+0000] {dag.py:2726} INFO - Sync 1 DAGs
[2025-10-21T01:01:44.340+0000] {logging_mixin.py:149} INFO - [2025-10-21T01:01:44.340+0000] {dag.py:3490} INFO - Setting next_dagrun for example_params_ui_tutorial to None, run_after=None
[2025-10-21T01:01:44.378+0000] {processor.py:179} INFO - Processing /home/airflow/.local/lib/python3.7/site-packages/airflow/example_dags/example_params_ui_tutorial.py took 0.254 seconds
[2025-10-21T01:02:14.611+0000] {processor.py:157} INFO - Started process (PID=1690) to work on /home/airflow/.local/lib/python3.7/site-packages/airflow/example_dags/example_params_ui_tutorial.py
[2025-10-21T01:02:14.615+0000] {processor.py:826} INFO - Processing file /home/airflow/.local/lib/python3.7/site-packages/airflow/example_dags/example_params_ui_tutorial.py for tasks to queue
[2025-10-21T01:02:14.618+0000] {logging_mixin.py:149} INFO - [2025-10-21T01:02:14.617+0000] {dagbag.py:541} INFO - Filling up the DagBag from /home/airflow/.local/lib/python3.7/site-packages/airflow/example_dags/example_params_ui_tutorial.py
[2025-10-21T01:02:14.707+0000] {processor.py:836} INFO - DAG(s) dict_keys(['example_params_ui_tutorial']) retrieved from /home/airflow/.local/lib/python3.7/site-packages/airflow/example_dags/example_params_ui_tutorial.py
[2025-10-21T01:02:14.895+0000] {logging_mixin.py:149} INFO - [2025-10-21T01:02:14.895+0000] {dag.py:2726} INFO - Sync 1 DAGs
[2025-10-21T01:02:14.990+0000] {logging_mixin.py:149} INFO - [2025-10-21T01:02:14.989+0000] {dag.py:3490} INFO - Setting next_dagrun for example_params_ui_tutorial to None, run_after=None
[2025-10-21T01:02:15.044+0000] {processor.py:179} INFO - Processing /home/airflow/.local/lib/python3.7/site-packages/airflow/example_dags/example_params_ui_tutorial.py took 0.445 seconds
[2025-10-21T01:02:45.220+0000] {processor.py:157} INFO - Started process (PID=1757) to work on /home/airflow/.local/lib/python3.7/site-packages/airflow/example_dags/example_params_ui_tutorial.py
[2025-10-21T01:02:45.222+0000] {processor.py:826} INFO - Processing file /home/airflow/.local/lib/python3.7/site-packages/airflow/example_dags/example_params_ui_tutorial.py for tasks to queue
[2025-10-21T01:02:45.224+0000] {logging_mixin.py:149} INFO - [2025-10-21T01:02:45.224+0000] {dagbag.py:541} INFO - Filling up the DagBag from /home/airflow/.local/lib/python3.7/site-packages/airflow/example_dags/example_params_ui_tutorial.py
[2025-10-21T01:02:45.297+0000] {processor.py:836} INFO - DAG(s) dict_keys(['example_params_ui_tutorial']) retrieved from /home/airflow/.local/lib/python3.7/site-packages/airflow/example_dags/example_params_ui_tutorial.py
[2025-10-21T01:02:45.390+0000] {logging_mixin.py:149} INFO - [2025-10-21T01:02:45.390+0000] {dag.py:2726} INFO - Sync 1 DAGs
[2025-10-21T01:02:45.437+0000] {logging_mixin.py:149} INFO - [2025-10-21T01:02:45.436+0000] {dag.py:3490} INFO - Setting next_dagrun for example_params_ui_tutorial to None, run_after=None
[2025-10-21T01:02:45.474+0000] {processor.py:179} INFO - Processing /home/airflow/.local/lib/python3.7/site-packages/airflow/example_dags/example_params_ui_tutorial.py took 0.261 seconds
[2025-10-21T01:03:16.003+0000] {processor.py:157} INFO - Started process (PID=1823) to work on /home/airflow/.local/lib/python3.7/site-packages/airflow/example_dags/example_params_ui_tutorial.py
[2025-10-21T01:03:16.005+0000] {processor.py:826} INFO - Processing file /home/airflow/.local/lib/python3.7/site-packages/airflow/example_dags/example_params_ui_tutorial.py for tasks to queue
[2025-10-21T01:03:16.007+0000] {logging_mixin.py:149} INFO - [2025-10-21T01:03:16.007+0000] {dagbag.py:541} INFO - Filling up the DagBag from /home/airflow/.local/lib/python3.7/site-packages/airflow/example_dags/example_params_ui_tutorial.py
[2025-10-21T01:03:16.073+0000] {processor.py:836} INFO - DAG(s) dict_keys(['example_params_ui_tutorial']) retrieved from /home/airflow/.local/lib/python3.7/site-packages/airflow/example_dags/example_params_ui_tutorial.py
[2025-10-21T01:03:16.177+0000] {logging_mixin.py:149} INFO - [2025-10-21T01:03:16.176+0000] {dag.py:2726} INFO - Sync 1 DAGs
[2025-10-21T01:03:16.233+0000] {logging_mixin.py:149} INFO - [2025-10-21T01:03:16.233+0000] {dag.py:3490} INFO - Setting next_dagrun for example_params_ui_tutorial to None, run_after=None
[2025-10-21T01:03:16.269+0000] {processor.py:179} INFO - Processing /home/airflow/.local/lib/python3.7/site-packages/airflow/example_dags/example_params_ui_tutorial.py took 0.272 seconds
[2025-10-21T01:03:46.447+0000] {processor.py:157} INFO - Started process (PID=1889) to work on /home/airflow/.local/lib/python3.7/site-packages/airflow/example_dags/example_params_ui_tutorial.py
[2025-10-21T01:03:46.449+0000] {processor.py:826} INFO - Processing file /home/airflow/.local/lib/python3.7/site-packages/airflow/example_dags/example_params_ui_tutorial.py for tasks to queue
[2025-10-21T01:03:46.451+0000] {logging_mixin.py:149} INFO - [2025-10-21T01:03:46.451+0000] {dagbag.py:541} INFO - Filling up the DagBag from /home/airflow/.local/lib/python3.7/site-packages/airflow/example_dags/example_params_ui_tutorial.py
[2025-10-21T01:03:46.516+0000] {processor.py:836} INFO - DAG(s) dict_keys(['example_params_ui_tutorial']) retrieved from /home/airflow/.local/lib/python3.7/site-packages/airflow/example_dags/example_params_ui_tutorial.py
[2025-10-21T01:03:46.622+0000] {logging_mixin.py:149} INFO - [2025-10-21T01:03:46.622+0000] {dag.py:2726} INFO - Sync 1 DAGs
[2025-10-21T01:03:46.667+0000] {logging_mixin.py:149} INFO - [2025-10-21T01:03:46.667+0000] {dag.py:3490} INFO - Setting next_dagrun for example_params_ui_tutorial to None, run_after=None
[2025-10-21T01:03:46.705+0000] {processor.py:179} INFO - Processing /home/airflow/.local/lib/python3.7/site-packages/airflow/example_dags/example_params_ui_tutorial.py took 0.264 seconds
[2025-10-21T01:04:17.255+0000] {processor.py:157} INFO - Started process (PID=1955) to work on /home/airflow/.local/lib/python3.7/site-packages/airflow/example_dags/example_params_ui_tutorial.py
[2025-10-21T01:04:17.258+0000] {processor.py:826} INFO - Processing file /home/airflow/.local/lib/python3.7/site-packages/airflow/example_dags/example_params_ui_tutorial.py for tasks to queue
[2025-10-21T01:04:17.260+0000] {logging_mixin.py:149} INFO - [2025-10-21T01:04:17.259+0000] {dagbag.py:541} INFO - Filling up the DagBag from /home/airflow/.local/lib/python3.7/site-packages/airflow/example_dags/example_params_ui_tutorial.py
[2025-10-21T01:04:17.359+0000] {processor.py:836} INFO - DAG(s) dict_keys(['example_params_ui_tutorial']) retrieved from /home/airflow/.local/lib/python3.7/site-packages/airflow/example_dags/example_params_ui_tutorial.py
[2025-10-21T01:04:17.513+0000] {logging_mixin.py:149} INFO - [2025-10-21T01:04:17.512+0000] {dag.py:2726} INFO - Sync 1 DAGs
[2025-10-21T01:04:17.564+0000] {logging_mixin.py:149} INFO - [2025-10-21T01:04:17.563+0000] {dag.py:3490} INFO - Setting next_dagrun for example_params_ui_tutorial to None, run_after=None
[2025-10-21T01:04:17.610+0000] {processor.py:179} INFO - Processing /home/airflow/.local/lib/python3.7/site-packages/airflow/example_dags/example_params_ui_tutorial.py took 0.362 seconds
[2025-10-21T01:04:48.131+0000] {processor.py:157} INFO - Started process (PID=2021) to work on /home/airflow/.local/lib/python3.7/site-packages/airflow/example_dags/example_params_ui_tutorial.py
[2025-10-21T01:04:48.132+0000] {processor.py:826} INFO - Processing file /home/airflow/.local/lib/python3.7/site-packages/airflow/example_dags/example_params_ui_tutorial.py for tasks to queue
[2025-10-21T01:04:48.134+0000] {logging_mixin.py:149} INFO - [2025-10-21T01:04:48.134+0000] {dagbag.py:541} INFO - Filling up the DagBag from /home/airflow/.local/lib/python3.7/site-packages/airflow/example_dags/example_params_ui_tutorial.py
[2025-10-21T01:04:48.197+0000] {processor.py:836} INFO - DAG(s) dict_keys(['example_params_ui_tutorial']) retrieved from /home/airflow/.local/lib/python3.7/site-packages/airflow/example_dags/example_params_ui_tutorial.py
[2025-10-21T01:04:48.339+0000] {logging_mixin.py:149} INFO - [2025-10-21T01:04:48.338+0000] {dag.py:2726} INFO - Sync 1 DAGs
[2025-10-21T01:04:48.395+0000] {logging_mixin.py:149} INFO - [2025-10-21T01:04:48.395+0000] {dag.py:3490} INFO - Setting next_dagrun for example_params_ui_tutorial to None, run_after=None
[2025-10-21T01:04:48.433+0000] {processor.py:179} INFO - Processing /home/airflow/.local/lib/python3.7/site-packages/airflow/example_dags/example_params_ui_tutorial.py took 0.308 seconds
[2025-10-21T01:05:18.800+0000] {processor.py:157} INFO - Started process (PID=2087) to work on /home/airflow/.local/lib/python3.7/site-packages/airflow/example_dags/example_params_ui_tutorial.py
[2025-10-21T01:05:18.802+0000] {processor.py:826} INFO - Processing file /home/airflow/.local/lib/python3.7/site-packages/airflow/example_dags/example_params_ui_tutorial.py for tasks to queue
[2025-10-21T01:05:18.804+0000] {logging_mixin.py:149} INFO - [2025-10-21T01:05:18.804+0000] {dagbag.py:541} INFO - Filling up the DagBag from /home/airflow/.local/lib/python3.7/site-packages/airflow/example_dags/example_params_ui_tutorial.py
[2025-10-21T01:05:18.877+0000] {processor.py:836} INFO - DAG(s) dict_keys(['example_params_ui_tutorial']) retrieved from /home/airflow/.local/lib/python3.7/site-packages/airflow/example_dags/example_params_ui_tutorial.py
[2025-10-21T01:05:19.006+0000] {logging_mixin.py:149} INFO - [2025-10-21T01:05:19.006+0000] {dag.py:2726} INFO - Sync 1 DAGs
[2025-10-21T01:05:19.061+0000] {logging_mixin.py:149} INFO - [2025-10-21T01:05:19.061+0000] {dag.py:3490} INFO - Setting next_dagrun for example_params_ui_tutorial to None, run_after=None
[2025-10-21T01:05:19.106+0000] {processor.py:179} INFO - Processing /home/airflow/.local/lib/python3.7/site-packages/airflow/example_dags/example_params_ui_tutorial.py took 0.312 seconds
[2025-10-21T01:05:49.436+0000] {processor.py:157} INFO - Started process (PID=2153) to work on /home/airflow/.local/lib/python3.7/site-packages/airflow/example_dags/example_params_ui_tutorial.py
[2025-10-21T01:05:49.439+0000] {processor.py:826} INFO - Processing file /home/airflow/.local/lib/python3.7/site-packages/airflow/example_dags/example_params_ui_tutorial.py for tasks to queue
[2025-10-21T01:05:49.441+0000] {logging_mixin.py:149} INFO - [2025-10-21T01:05:49.441+0000] {dagbag.py:541} INFO - Filling up the DagBag from /home/airflow/.local/lib/python3.7/site-packages/airflow/example_dags/example_params_ui_tutorial.py
[2025-10-21T01:05:49.505+0000] {processor.py:836} INFO - DAG(s) dict_keys(['example_params_ui_tutorial']) retrieved from /home/airflow/.local/lib/python3.7/site-packages/airflow/example_dags/example_params_ui_tutorial.py
[2025-10-21T01:05:49.603+0000] {logging_mixin.py:149} INFO - [2025-10-21T01:05:49.603+0000] {dag.py:2726} INFO - Sync 1 DAGs
[2025-10-21T01:05:49.656+0000] {logging_mixin.py:149} INFO - [2025-10-21T01:05:49.655+0000] {dag.py:3490} INFO - Setting next_dagrun for example_params_ui_tutorial to None, run_after=None
[2025-10-21T01:05:49.694+0000] {processor.py:179} INFO - Processing /home/airflow/.local/lib/python3.7/site-packages/airflow/example_dags/example_params_ui_tutorial.py took 0.263 seconds
[2025-10-21T01:06:20.138+0000] {processor.py:157} INFO - Started process (PID=2219) to work on /home/airflow/.local/lib/python3.7/site-packages/airflow/example_dags/example_params_ui_tutorial.py
[2025-10-21T01:06:20.141+0000] {processor.py:826} INFO - Processing file /home/airflow/.local/lib/python3.7/site-packages/airflow/example_dags/example_params_ui_tutorial.py for tasks to queue
[2025-10-21T01:06:20.143+0000] {logging_mixin.py:149} INFO - [2025-10-21T01:06:20.142+0000] {dagbag.py:541} INFO - Filling up the DagBag from /home/airflow/.local/lib/python3.7/site-packages/airflow/example_dags/example_params_ui_tutorial.py
[2025-10-21T01:06:20.215+0000] {processor.py:836} INFO - DAG(s) dict_keys(['example_params_ui_tutorial']) retrieved from /home/airflow/.local/lib/python3.7/site-packages/airflow/example_dags/example_params_ui_tutorial.py
[2025-10-21T01:06:20.344+0000] {logging_mixin.py:149} INFO - [2025-10-21T01:06:20.344+0000] {dag.py:2726} INFO - Sync 1 DAGs
[2025-10-21T01:06:20.398+0000] {logging_mixin.py:149} INFO - [2025-10-21T01:06:20.397+0000] {dag.py:3490} INFO - Setting next_dagrun for example_params_ui_tutorial to None, run_after=None
[2025-10-21T01:06:20.440+0000] {processor.py:179} INFO - Processing /home/airflow/.local/lib/python3.7/site-packages/airflow/example_dags/example_params_ui_tutorial.py took 0.308 seconds
[2025-10-21T01:06:50.710+0000] {processor.py:157} INFO - Started process (PID=2287) to work on /home/airflow/.local/lib/python3.7/site-packages/airflow/example_dags/example_params_ui_tutorial.py
[2025-10-21T01:06:50.712+0000] {processor.py:826} INFO - Processing file /home/airflow/.local/lib/python3.7/site-packages/airflow/example_dags/example_params_ui_tutorial.py for tasks to queue
[2025-10-21T01:06:50.714+0000] {logging_mixin.py:149} INFO - [2025-10-21T01:06:50.714+0000] {dagbag.py:541} INFO - Filling up the DagBag from /home/airflow/.local/lib/python3.7/site-packages/airflow/example_dags/example_params_ui_tutorial.py
[2025-10-21T01:06:50.783+0000] {processor.py:836} INFO - DAG(s) dict_keys(['example_params_ui_tutorial']) retrieved from /home/airflow/.local/lib/python3.7/site-packages/airflow/example_dags/example_params_ui_tutorial.py
[2025-10-21T01:06:50.903+0000] {logging_mixin.py:149} INFO - [2025-10-21T01:06:50.902+0000] {dag.py:2726} INFO - Sync 1 DAGs
[2025-10-21T01:06:50.962+0000] {logging_mixin.py:149} INFO - [2025-10-21T01:06:50.962+0000] {dag.py:3490} INFO - Setting next_dagrun for example_params_ui_tutorial to None, run_after=None
[2025-10-21T01:06:51.001+0000] {processor.py:179} INFO - Processing /home/airflow/.local/lib/python3.7/site-packages/airflow/example_dags/example_params_ui_tutorial.py took 0.300 seconds
[2025-10-21T01:07:21.456+0000] {processor.py:157} INFO - Started process (PID=2354) to work on /home/airflow/.local/lib/python3.7/site-packages/airflow/example_dags/example_params_ui_tutorial.py
[2025-10-21T01:07:21.458+0000] {processor.py:826} INFO - Processing file /home/airflow/.local/lib/python3.7/site-packages/airflow/example_dags/example_params_ui_tutorial.py for tasks to queue
[2025-10-21T01:07:21.460+0000] {logging_mixin.py:149} INFO - [2025-10-21T01:07:21.460+0000] {dagbag.py:541} INFO - Filling up the DagBag from /home/airflow/.local/lib/python3.7/site-packages/airflow/example_dags/example_params_ui_tutorial.py
[2025-10-21T01:07:21.525+0000] {processor.py:836} INFO - DAG(s) dict_keys(['example_params_ui_tutorial']) retrieved from /home/airflow/.local/lib/python3.7/site-packages/airflow/example_dags/example_params_ui_tutorial.py
[2025-10-21T01:07:21.631+0000] {logging_mixin.py:149} INFO - [2025-10-21T01:07:21.630+0000] {dag.py:2726} INFO - Sync 1 DAGs
[2025-10-21T01:07:21.677+0000] {logging_mixin.py:149} INFO - [2025-10-21T01:07:21.677+0000] {dag.py:3490} INFO - Setting next_dagrun for example_params_ui_tutorial to None, run_after=None
[2025-10-21T01:07:21.715+0000] {processor.py:179} INFO - Processing /home/airflow/.local/lib/python3.7/site-packages/airflow/example_dags/example_params_ui_tutorial.py took 0.265 seconds
[2025-10-21T01:07:52.247+0000] {processor.py:157} INFO - Started process (PID=2420) to work on /home/airflow/.local/lib/python3.7/site-packages/airflow/example_dags/example_params_ui_tutorial.py
[2025-10-21T01:07:52.249+0000] {processor.py:826} INFO - Processing file /home/airflow/.local/lib/python3.7/site-packages/airflow/example_dags/example_params_ui_tutorial.py for tasks to queue
[2025-10-21T01:07:52.251+0000] {logging_mixin.py:149} INFO - [2025-10-21T01:07:52.251+0000] {dagbag.py:541} INFO - Filling up the DagBag from /home/airflow/.local/lib/python3.7/site-packages/airflow/example_dags/example_params_ui_tutorial.py
[2025-10-21T01:07:52.323+0000] {processor.py:836} INFO - DAG(s) dict_keys(['example_params_ui_tutorial']) retrieved from /home/airflow/.local/lib/python3.7/site-packages/airflow/example_dags/example_params_ui_tutorial.py
[2025-10-21T01:07:52.425+0000] {logging_mixin.py:149} INFO - [2025-10-21T01:07:52.424+0000] {dag.py:2726} INFO - Sync 1 DAGs
[2025-10-21T01:07:52.476+0000] {logging_mixin.py:149} INFO - [2025-10-21T01:07:52.475+0000] {dag.py:3490} INFO - Setting next_dagrun for example_params_ui_tutorial to None, run_after=None
[2025-10-21T01:07:52.515+0000] {processor.py:179} INFO - Processing /home/airflow/.local/lib/python3.7/site-packages/airflow/example_dags/example_params_ui_tutorial.py took 0.276 seconds
[2025-10-21T01:08:23.131+0000] {processor.py:157} INFO - Started process (PID=2486) to work on /home/airflow/.local/lib/python3.7/site-packages/airflow/example_dags/example_params_ui_tutorial.py
[2025-10-21T01:08:23.133+0000] {processor.py:826} INFO - Processing file /home/airflow/.local/lib/python3.7/site-packages/airflow/example_dags/example_params_ui_tutorial.py for tasks to queue
[2025-10-21T01:08:23.135+0000] {logging_mixin.py:149} INFO - [2025-10-21T01:08:23.134+0000] {dagbag.py:541} INFO - Filling up the DagBag from /home/airflow/.local/lib/python3.7/site-packages/airflow/example_dags/example_params_ui_tutorial.py
[2025-10-21T01:08:23.192+0000] {processor.py:836} INFO - DAG(s) dict_keys(['example_params_ui_tutorial']) retrieved from /home/airflow/.local/lib/python3.7/site-packages/airflow/example_dags/example_params_ui_tutorial.py
[2025-10-21T01:08:23.291+0000] {logging_mixin.py:149} INFO - [2025-10-21T01:08:23.290+0000] {dag.py:2726} INFO - Sync 1 DAGs
[2025-10-21T01:08:23.336+0000] {logging_mixin.py:149} INFO - [2025-10-21T01:08:23.336+0000] {dag.py:3490} INFO - Setting next_dagrun for example_params_ui_tutorial to None, run_after=None
[2025-10-21T01:08:23.380+0000] {processor.py:179} INFO - Processing /home/airflow/.local/lib/python3.7/site-packages/airflow/example_dags/example_params_ui_tutorial.py took 0.255 seconds
[2025-10-21T01:08:53.854+0000] {processor.py:157} INFO - Started process (PID=2543) to work on /home/airflow/.local/lib/python3.7/site-packages/airflow/example_dags/example_params_ui_tutorial.py
[2025-10-21T01:08:53.856+0000] {processor.py:826} INFO - Processing file /home/airflow/.local/lib/python3.7/site-packages/airflow/example_dags/example_params_ui_tutorial.py for tasks to queue
[2025-10-21T01:08:53.858+0000] {logging_mixin.py:149} INFO - [2025-10-21T01:08:53.857+0000] {dagbag.py:541} INFO - Filling up the DagBag from /home/airflow/.local/lib/python3.7/site-packages/airflow/example_dags/example_params_ui_tutorial.py
[2025-10-21T01:08:53.949+0000] {processor.py:836} INFO - DAG(s) dict_keys(['example_params_ui_tutorial']) retrieved from /home/airflow/.local/lib/python3.7/site-packages/airflow/example_dags/example_params_ui_tutorial.py
[2025-10-21T01:08:54.086+0000] {logging_mixin.py:149} INFO - [2025-10-21T01:08:54.086+0000] {dag.py:2726} INFO - Sync 1 DAGs
[2025-10-21T01:08:54.137+0000] {logging_mixin.py:149} INFO - [2025-10-21T01:08:54.136+0000] {dag.py:3490} INFO - Setting next_dagrun for example_params_ui_tutorial to None, run_after=None
[2025-10-21T01:08:54.183+0000] {processor.py:179} INFO - Processing /home/airflow/.local/lib/python3.7/site-packages/airflow/example_dags/example_params_ui_tutorial.py took 0.336 seconds
[2025-10-21T01:09:24.714+0000] {processor.py:157} INFO - Started process (PID=2609) to work on /home/airflow/.local/lib/python3.7/site-packages/airflow/example_dags/example_params_ui_tutorial.py
[2025-10-21T01:09:24.717+0000] {processor.py:826} INFO - Processing file /home/airflow/.local/lib/python3.7/site-packages/airflow/example_dags/example_params_ui_tutorial.py for tasks to queue
[2025-10-21T01:09:24.720+0000] {logging_mixin.py:149} INFO - [2025-10-21T01:09:24.719+0000] {dagbag.py:541} INFO - Filling up the DagBag from /home/airflow/.local/lib/python3.7/site-packages/airflow/example_dags/example_params_ui_tutorial.py
[2025-10-21T01:09:24.835+0000] {processor.py:836} INFO - DAG(s) dict_keys(['example_params_ui_tutorial']) retrieved from /home/airflow/.local/lib/python3.7/site-packages/airflow/example_dags/example_params_ui_tutorial.py
[2025-10-21T01:09:25.030+0000] {logging_mixin.py:149} INFO - [2025-10-21T01:09:25.030+0000] {dag.py:2726} INFO - Sync 1 DAGs
[2025-10-21T01:09:25.175+0000] {logging_mixin.py:149} INFO - [2025-10-21T01:09:25.174+0000] {dag.py:3490} INFO - Setting next_dagrun for example_params_ui_tutorial to None, run_after=None
[2025-10-21T01:09:25.279+0000] {processor.py:179} INFO - Processing /home/airflow/.local/lib/python3.7/site-packages/airflow/example_dags/example_params_ui_tutorial.py took 0.573 seconds
[2025-10-21T01:09:55.459+0000] {processor.py:157} INFO - Started process (PID=2676) to work on /home/airflow/.local/lib/python3.7/site-packages/airflow/example_dags/example_params_ui_tutorial.py
[2025-10-21T01:09:55.462+0000] {processor.py:826} INFO - Processing file /home/airflow/.local/lib/python3.7/site-packages/airflow/example_dags/example_params_ui_tutorial.py for tasks to queue
[2025-10-21T01:09:55.464+0000] {logging_mixin.py:149} INFO - [2025-10-21T01:09:55.464+0000] {dagbag.py:541} INFO - Filling up the DagBag from /home/airflow/.local/lib/python3.7/site-packages/airflow/example_dags/example_params_ui_tutorial.py
[2025-10-21T01:09:55.557+0000] {processor.py:836} INFO - DAG(s) dict_keys(['example_params_ui_tutorial']) retrieved from /home/airflow/.local/lib/python3.7/site-packages/airflow/example_dags/example_params_ui_tutorial.py
[2025-10-21T01:09:55.661+0000] {logging_mixin.py:149} INFO - [2025-10-21T01:09:55.661+0000] {dag.py:2726} INFO - Sync 1 DAGs
[2025-10-21T01:09:55.708+0000] {logging_mixin.py:149} INFO - [2025-10-21T01:09:55.708+0000] {dag.py:3490} INFO - Setting next_dagrun for example_params_ui_tutorial to None, run_after=None
[2025-10-21T01:09:55.749+0000] {processor.py:179} INFO - Processing /home/airflow/.local/lib/python3.7/site-packages/airflow/example_dags/example_params_ui_tutorial.py took 0.298 seconds
[2025-10-21T01:10:25.984+0000] {processor.py:157} INFO - Started process (PID=2743) to work on /home/airflow/.local/lib/python3.7/site-packages/airflow/example_dags/example_params_ui_tutorial.py
[2025-10-21T01:10:25.986+0000] {processor.py:826} INFO - Processing file /home/airflow/.local/lib/python3.7/site-packages/airflow/example_dags/example_params_ui_tutorial.py for tasks to queue
[2025-10-21T01:10:25.988+0000] {logging_mixin.py:149} INFO - [2025-10-21T01:10:25.987+0000] {dagbag.py:541} INFO - Filling up the DagBag from /home/airflow/.local/lib/python3.7/site-packages/airflow/example_dags/example_params_ui_tutorial.py
[2025-10-21T01:10:26.075+0000] {processor.py:836} INFO - DAG(s) dict_keys(['example_params_ui_tutorial']) retrieved from /home/airflow/.local/lib/python3.7/site-packages/airflow/example_dags/example_params_ui_tutorial.py
[2025-10-21T01:10:26.199+0000] {logging_mixin.py:149} INFO - [2025-10-21T01:10:26.199+0000] {dag.py:2726} INFO - Sync 1 DAGs
[2025-10-21T01:10:26.257+0000] {logging_mixin.py:149} INFO - [2025-10-21T01:10:26.257+0000] {dag.py:3490} INFO - Setting next_dagrun for example_params_ui_tutorial to None, run_after=None
[2025-10-21T01:10:26.308+0000] {processor.py:179} INFO - Processing /home/airflow/.local/lib/python3.7/site-packages/airflow/example_dags/example_params_ui_tutorial.py took 0.331 seconds
[2025-10-21T01:10:56.598+0000] {processor.py:157} INFO - Started process (PID=2809) to work on /home/airflow/.local/lib/python3.7/site-packages/airflow/example_dags/example_params_ui_tutorial.py
[2025-10-21T01:10:56.600+0000] {processor.py:826} INFO - Processing file /home/airflow/.local/lib/python3.7/site-packages/airflow/example_dags/example_params_ui_tutorial.py for tasks to queue
[2025-10-21T01:10:56.602+0000] {logging_mixin.py:149} INFO - [2025-10-21T01:10:56.602+0000] {dagbag.py:541} INFO - Filling up the DagBag from /home/airflow/.local/lib/python3.7/site-packages/airflow/example_dags/example_params_ui_tutorial.py
[2025-10-21T01:10:56.677+0000] {processor.py:836} INFO - DAG(s) dict_keys(['example_params_ui_tutorial']) retrieved from /home/airflow/.local/lib/python3.7/site-packages/airflow/example_dags/example_params_ui_tutorial.py
[2025-10-21T01:10:56.805+0000] {logging_mixin.py:149} INFO - [2025-10-21T01:10:56.804+0000] {dag.py:2726} INFO - Sync 1 DAGs
[2025-10-21T01:10:56.855+0000] {logging_mixin.py:149} INFO - [2025-10-21T01:10:56.855+0000] {dag.py:3490} INFO - Setting next_dagrun for example_params_ui_tutorial to None, run_after=None
[2025-10-21T01:10:56.900+0000] {processor.py:179} INFO - Processing /home/airflow/.local/lib/python3.7/site-packages/airflow/example_dags/example_params_ui_tutorial.py took 0.310 seconds
[2025-10-21T01:11:27.365+0000] {processor.py:157} INFO - Started process (PID=2875) to work on /home/airflow/.local/lib/python3.7/site-packages/airflow/example_dags/example_params_ui_tutorial.py
[2025-10-21T01:11:27.368+0000] {processor.py:826} INFO - Processing file /home/airflow/.local/lib/python3.7/site-packages/airflow/example_dags/example_params_ui_tutorial.py for tasks to queue
[2025-10-21T01:11:27.370+0000] {logging_mixin.py:149} INFO - [2025-10-21T01:11:27.370+0000] {dagbag.py:541} INFO - Filling up the DagBag from /home/airflow/.local/lib/python3.7/site-packages/airflow/example_dags/example_params_ui_tutorial.py
[2025-10-21T01:11:27.449+0000] {processor.py:836} INFO - DAG(s) dict_keys(['example_params_ui_tutorial']) retrieved from /home/airflow/.local/lib/python3.7/site-packages/airflow/example_dags/example_params_ui_tutorial.py
[2025-10-21T01:11:27.617+0000] {logging_mixin.py:149} INFO - [2025-10-21T01:11:27.616+0000] {dag.py:2726} INFO - Sync 1 DAGs
[2025-10-21T01:11:27.671+0000] {logging_mixin.py:149} INFO - [2025-10-21T01:11:27.671+0000] {dag.py:3490} INFO - Setting next_dagrun for example_params_ui_tutorial to None, run_after=None
[2025-10-21T01:11:27.717+0000] {processor.py:179} INFO - Processing /home/airflow/.local/lib/python3.7/site-packages/airflow/example_dags/example_params_ui_tutorial.py took 0.358 seconds
[2025-10-21T01:11:57.877+0000] {processor.py:157} INFO - Started process (PID=2941) to work on /home/airflow/.local/lib/python3.7/site-packages/airflow/example_dags/example_params_ui_tutorial.py
[2025-10-21T01:11:57.879+0000] {processor.py:826} INFO - Processing file /home/airflow/.local/lib/python3.7/site-packages/airflow/example_dags/example_params_ui_tutorial.py for tasks to queue
[2025-10-21T01:11:57.882+0000] {logging_mixin.py:149} INFO - [2025-10-21T01:11:57.881+0000] {dagbag.py:541} INFO - Filling up the DagBag from /home/airflow/.local/lib/python3.7/site-packages/airflow/example_dags/example_params_ui_tutorial.py
[2025-10-21T01:11:57.966+0000] {processor.py:836} INFO - DAG(s) dict_keys(['example_params_ui_tutorial']) retrieved from /home/airflow/.local/lib/python3.7/site-packages/airflow/example_dags/example_params_ui_tutorial.py
[2025-10-21T01:11:58.087+0000] {logging_mixin.py:149} INFO - [2025-10-21T01:11:58.087+0000] {dag.py:2726} INFO - Sync 1 DAGs
[2025-10-21T01:11:58.137+0000] {logging_mixin.py:149} INFO - [2025-10-21T01:11:58.137+0000] {dag.py:3490} INFO - Setting next_dagrun for example_params_ui_tutorial to None, run_after=None
[2025-10-21T01:11:58.175+0000] {processor.py:179} INFO - Processing /home/airflow/.local/lib/python3.7/site-packages/airflow/example_dags/example_params_ui_tutorial.py took 0.304 seconds
[2025-10-21T01:12:28.358+0000] {processor.py:157} INFO - Started process (PID=3008) to work on /home/airflow/.local/lib/python3.7/site-packages/airflow/example_dags/example_params_ui_tutorial.py
[2025-10-21T01:12:28.360+0000] {processor.py:826} INFO - Processing file /home/airflow/.local/lib/python3.7/site-packages/airflow/example_dags/example_params_ui_tutorial.py for tasks to queue
[2025-10-21T01:12:28.361+0000] {logging_mixin.py:149} INFO - [2025-10-21T01:12:28.361+0000] {dagbag.py:541} INFO - Filling up the DagBag from /home/airflow/.local/lib/python3.7/site-packages/airflow/example_dags/example_params_ui_tutorial.py
[2025-10-21T01:12:28.419+0000] {processor.py:836} INFO - DAG(s) dict_keys(['example_params_ui_tutorial']) retrieved from /home/airflow/.local/lib/python3.7/site-packages/airflow/example_dags/example_params_ui_tutorial.py
[2025-10-21T01:12:28.521+0000] {logging_mixin.py:149} INFO - [2025-10-21T01:12:28.521+0000] {dag.py:2726} INFO - Sync 1 DAGs
[2025-10-21T01:12:28.570+0000] {logging_mixin.py:149} INFO - [2025-10-21T01:12:28.570+0000] {dag.py:3490} INFO - Setting next_dagrun for example_params_ui_tutorial to None, run_after=None
[2025-10-21T01:12:28.605+0000] {processor.py:179} INFO - Processing /home/airflow/.local/lib/python3.7/site-packages/airflow/example_dags/example_params_ui_tutorial.py took 0.253 seconds
[2025-10-21T01:12:58.954+0000] {processor.py:157} INFO - Started process (PID=3073) to work on /home/airflow/.local/lib/python3.7/site-packages/airflow/example_dags/example_params_ui_tutorial.py
[2025-10-21T01:12:58.957+0000] {processor.py:826} INFO - Processing file /home/airflow/.local/lib/python3.7/site-packages/airflow/example_dags/example_params_ui_tutorial.py for tasks to queue
[2025-10-21T01:12:58.959+0000] {logging_mixin.py:149} INFO - [2025-10-21T01:12:58.959+0000] {dagbag.py:541} INFO - Filling up the DagBag from /home/airflow/.local/lib/python3.7/site-packages/airflow/example_dags/example_params_ui_tutorial.py
[2025-10-21T01:12:59.040+0000] {processor.py:836} INFO - DAG(s) dict_keys(['example_params_ui_tutorial']) retrieved from /home/airflow/.local/lib/python3.7/site-packages/airflow/example_dags/example_params_ui_tutorial.py
[2025-10-21T01:12:59.164+0000] {logging_mixin.py:149} INFO - [2025-10-21T01:12:59.164+0000] {dag.py:2726} INFO - Sync 1 DAGs
[2025-10-21T01:12:59.218+0000] {logging_mixin.py:149} INFO - [2025-10-21T01:12:59.217+0000] {dag.py:3490} INFO - Setting next_dagrun for example_params_ui_tutorial to None, run_after=None
[2025-10-21T01:12:59.258+0000] {processor.py:179} INFO - Processing /home/airflow/.local/lib/python3.7/site-packages/airflow/example_dags/example_params_ui_tutorial.py took 0.312 seconds
[2025-10-21T01:13:29.753+0000] {processor.py:157} INFO - Started process (PID=3139) to work on /home/airflow/.local/lib/python3.7/site-packages/airflow/example_dags/example_params_ui_tutorial.py
[2025-10-21T01:13:29.756+0000] {processor.py:826} INFO - Processing file /home/airflow/.local/lib/python3.7/site-packages/airflow/example_dags/example_params_ui_tutorial.py for tasks to queue
[2025-10-21T01:13:29.758+0000] {logging_mixin.py:149} INFO - [2025-10-21T01:13:29.758+0000] {dagbag.py:541} INFO - Filling up the DagBag from /home/airflow/.local/lib/python3.7/site-packages/airflow/example_dags/example_params_ui_tutorial.py
[2025-10-21T01:13:29.831+0000] {processor.py:836} INFO - DAG(s) dict_keys(['example_params_ui_tutorial']) retrieved from /home/airflow/.local/lib/python3.7/site-packages/airflow/example_dags/example_params_ui_tutorial.py
[2025-10-21T01:13:29.971+0000] {logging_mixin.py:149} INFO - [2025-10-21T01:13:29.971+0000] {dag.py:2726} INFO - Sync 1 DAGs
[2025-10-21T01:13:30.022+0000] {logging_mixin.py:149} INFO - [2025-10-21T01:13:30.022+0000] {dag.py:3490} INFO - Setting next_dagrun for example_params_ui_tutorial to None, run_after=None
[2025-10-21T01:13:30.065+0000] {processor.py:179} INFO - Processing /home/airflow/.local/lib/python3.7/site-packages/airflow/example_dags/example_params_ui_tutorial.py took 0.319 seconds
[2025-10-21T01:14:00.211+0000] {processor.py:157} INFO - Started process (PID=3205) to work on /home/airflow/.local/lib/python3.7/site-packages/airflow/example_dags/example_params_ui_tutorial.py
[2025-10-21T01:14:00.214+0000] {processor.py:826} INFO - Processing file /home/airflow/.local/lib/python3.7/site-packages/airflow/example_dags/example_params_ui_tutorial.py for tasks to queue
[2025-10-21T01:14:00.216+0000] {logging_mixin.py:149} INFO - [2025-10-21T01:14:00.216+0000] {dagbag.py:541} INFO - Filling up the DagBag from /home/airflow/.local/lib/python3.7/site-packages/airflow/example_dags/example_params_ui_tutorial.py
[2025-10-21T01:14:00.300+0000] {processor.py:836} INFO - DAG(s) dict_keys(['example_params_ui_tutorial']) retrieved from /home/airflow/.local/lib/python3.7/site-packages/airflow/example_dags/example_params_ui_tutorial.py
[2025-10-21T01:14:00.418+0000] {logging_mixin.py:149} INFO - [2025-10-21T01:14:00.418+0000] {dag.py:2726} INFO - Sync 1 DAGs
[2025-10-21T01:14:00.461+0000] {logging_mixin.py:149} INFO - [2025-10-21T01:14:00.461+0000] {dag.py:3490} INFO - Setting next_dagrun for example_params_ui_tutorial to None, run_after=None
[2025-10-21T01:14:00.505+0000] {processor.py:179} INFO - Processing /home/airflow/.local/lib/python3.7/site-packages/airflow/example_dags/example_params_ui_tutorial.py took 0.300 seconds
[2025-10-21T01:14:30.797+0000] {processor.py:157} INFO - Started process (PID=3271) to work on /home/airflow/.local/lib/python3.7/site-packages/airflow/example_dags/example_params_ui_tutorial.py
[2025-10-21T01:14:30.799+0000] {processor.py:826} INFO - Processing file /home/airflow/.local/lib/python3.7/site-packages/airflow/example_dags/example_params_ui_tutorial.py for tasks to queue
[2025-10-21T01:14:30.802+0000] {logging_mixin.py:149} INFO - [2025-10-21T01:14:30.801+0000] {dagbag.py:541} INFO - Filling up the DagBag from /home/airflow/.local/lib/python3.7/site-packages/airflow/example_dags/example_params_ui_tutorial.py
[2025-10-21T01:14:30.870+0000] {processor.py:836} INFO - DAG(s) dict_keys(['example_params_ui_tutorial']) retrieved from /home/airflow/.local/lib/python3.7/site-packages/airflow/example_dags/example_params_ui_tutorial.py
[2025-10-21T01:14:30.973+0000] {logging_mixin.py:149} INFO - [2025-10-21T01:14:30.973+0000] {dag.py:2726} INFO - Sync 1 DAGs
[2025-10-21T01:14:31.019+0000] {logging_mixin.py:149} INFO - [2025-10-21T01:14:31.019+0000] {dag.py:3490} INFO - Setting next_dagrun for example_params_ui_tutorial to None, run_after=None
[2025-10-21T01:14:31.054+0000] {processor.py:179} INFO - Processing /home/airflow/.local/lib/python3.7/site-packages/airflow/example_dags/example_params_ui_tutorial.py took 0.264 seconds
[2025-10-21T01:15:01.125+0000] {processor.py:157} INFO - Started process (PID=3337) to work on /home/airflow/.local/lib/python3.7/site-packages/airflow/example_dags/example_params_ui_tutorial.py
[2025-10-21T01:15:01.128+0000] {processor.py:826} INFO - Processing file /home/airflow/.local/lib/python3.7/site-packages/airflow/example_dags/example_params_ui_tutorial.py for tasks to queue
[2025-10-21T01:15:01.130+0000] {logging_mixin.py:149} INFO - [2025-10-21T01:15:01.129+0000] {dagbag.py:541} INFO - Filling up the DagBag from /home/airflow/.local/lib/python3.7/site-packages/airflow/example_dags/example_params_ui_tutorial.py
[2025-10-21T01:15:01.224+0000] {processor.py:836} INFO - DAG(s) dict_keys(['example_params_ui_tutorial']) retrieved from /home/airflow/.local/lib/python3.7/site-packages/airflow/example_dags/example_params_ui_tutorial.py
[2025-10-21T01:15:01.355+0000] {logging_mixin.py:149} INFO - [2025-10-21T01:15:01.354+0000] {dag.py:2726} INFO - Sync 1 DAGs
[2025-10-21T01:15:01.410+0000] {logging_mixin.py:149} INFO - [2025-10-21T01:15:01.410+0000] {dag.py:3490} INFO - Setting next_dagrun for example_params_ui_tutorial to None, run_after=None
[2025-10-21T01:15:01.451+0000] {processor.py:179} INFO - Processing /home/airflow/.local/lib/python3.7/site-packages/airflow/example_dags/example_params_ui_tutorial.py took 0.331 seconds
[2025-10-21T01:15:31.598+0000] {processor.py:157} INFO - Started process (PID=3403) to work on /home/airflow/.local/lib/python3.7/site-packages/airflow/example_dags/example_params_ui_tutorial.py
[2025-10-21T01:15:31.601+0000] {processor.py:826} INFO - Processing file /home/airflow/.local/lib/python3.7/site-packages/airflow/example_dags/example_params_ui_tutorial.py for tasks to queue
[2025-10-21T01:15:31.604+0000] {logging_mixin.py:149} INFO - [2025-10-21T01:15:31.603+0000] {dagbag.py:541} INFO - Filling up the DagBag from /home/airflow/.local/lib/python3.7/site-packages/airflow/example_dags/example_params_ui_tutorial.py
[2025-10-21T01:15:31.694+0000] {processor.py:836} INFO - DAG(s) dict_keys(['example_params_ui_tutorial']) retrieved from /home/airflow/.local/lib/python3.7/site-packages/airflow/example_dags/example_params_ui_tutorial.py
[2025-10-21T01:15:31.860+0000] {logging_mixin.py:149} INFO - [2025-10-21T01:15:31.859+0000] {dag.py:2726} INFO - Sync 1 DAGs
[2025-10-21T01:15:31.935+0000] {logging_mixin.py:149} INFO - [2025-10-21T01:15:31.934+0000] {dag.py:3490} INFO - Setting next_dagrun for example_params_ui_tutorial to None, run_after=None
[2025-10-21T01:15:31.981+0000] {processor.py:179} INFO - Processing /home/airflow/.local/lib/python3.7/site-packages/airflow/example_dags/example_params_ui_tutorial.py took 0.393 seconds
[2025-10-21T01:16:02.213+0000] {processor.py:157} INFO - Started process (PID=3468) to work on /home/airflow/.local/lib/python3.7/site-packages/airflow/example_dags/example_params_ui_tutorial.py
[2025-10-21T01:16:02.216+0000] {processor.py:826} INFO - Processing file /home/airflow/.local/lib/python3.7/site-packages/airflow/example_dags/example_params_ui_tutorial.py for tasks to queue
[2025-10-21T01:16:02.218+0000] {logging_mixin.py:149} INFO - [2025-10-21T01:16:02.217+0000] {dagbag.py:541} INFO - Filling up the DagBag from /home/airflow/.local/lib/python3.7/site-packages/airflow/example_dags/example_params_ui_tutorial.py
[2025-10-21T01:16:02.299+0000] {processor.py:836} INFO - DAG(s) dict_keys(['example_params_ui_tutorial']) retrieved from /home/airflow/.local/lib/python3.7/site-packages/airflow/example_dags/example_params_ui_tutorial.py
[2025-10-21T01:16:02.420+0000] {logging_mixin.py:149} INFO - [2025-10-21T01:16:02.420+0000] {dag.py:2726} INFO - Sync 1 DAGs
[2025-10-21T01:16:02.476+0000] {logging_mixin.py:149} INFO - [2025-10-21T01:16:02.476+0000] {dag.py:3490} INFO - Setting next_dagrun for example_params_ui_tutorial to None, run_after=None
[2025-10-21T01:16:02.530+0000] {processor.py:179} INFO - Processing /home/airflow/.local/lib/python3.7/site-packages/airflow/example_dags/example_params_ui_tutorial.py took 0.323 seconds
[2025-10-21T01:16:32.642+0000] {processor.py:157} INFO - Started process (PID=3534) to work on /home/airflow/.local/lib/python3.7/site-packages/airflow/example_dags/example_params_ui_tutorial.py
[2025-10-21T01:16:32.644+0000] {processor.py:826} INFO - Processing file /home/airflow/.local/lib/python3.7/site-packages/airflow/example_dags/example_params_ui_tutorial.py for tasks to queue
[2025-10-21T01:16:32.645+0000] {logging_mixin.py:149} INFO - [2025-10-21T01:16:32.645+0000] {dagbag.py:541} INFO - Filling up the DagBag from /home/airflow/.local/lib/python3.7/site-packages/airflow/example_dags/example_params_ui_tutorial.py
[2025-10-21T01:16:32.730+0000] {processor.py:836} INFO - DAG(s) dict_keys(['example_params_ui_tutorial']) retrieved from /home/airflow/.local/lib/python3.7/site-packages/airflow/example_dags/example_params_ui_tutorial.py
[2025-10-21T01:16:32.849+0000] {logging_mixin.py:149} INFO - [2025-10-21T01:16:32.848+0000] {dag.py:2726} INFO - Sync 1 DAGs
[2025-10-21T01:16:32.895+0000] {logging_mixin.py:149} INFO - [2025-10-21T01:16:32.895+0000] {dag.py:3490} INFO - Setting next_dagrun for example_params_ui_tutorial to None, run_after=None
[2025-10-21T01:16:32.938+0000] {processor.py:179} INFO - Processing /home/airflow/.local/lib/python3.7/site-packages/airflow/example_dags/example_params_ui_tutorial.py took 0.302 seconds
[2025-10-21T01:17:03.098+0000] {processor.py:157} INFO - Started process (PID=3599) to work on /home/airflow/.local/lib/python3.7/site-packages/airflow/example_dags/example_params_ui_tutorial.py
[2025-10-21T01:17:03.101+0000] {processor.py:826} INFO - Processing file /home/airflow/.local/lib/python3.7/site-packages/airflow/example_dags/example_params_ui_tutorial.py for tasks to queue
[2025-10-21T01:17:03.103+0000] {logging_mixin.py:149} INFO - [2025-10-21T01:17:03.102+0000] {dagbag.py:541} INFO - Filling up the DagBag from /home/airflow/.local/lib/python3.7/site-packages/airflow/example_dags/example_params_ui_tutorial.py
[2025-10-21T01:17:03.194+0000] {processor.py:836} INFO - DAG(s) dict_keys(['example_params_ui_tutorial']) retrieved from /home/airflow/.local/lib/python3.7/site-packages/airflow/example_dags/example_params_ui_tutorial.py
[2025-10-21T01:17:03.388+0000] {logging_mixin.py:149} INFO - [2025-10-21T01:17:03.387+0000] {dag.py:2726} INFO - Sync 1 DAGs
[2025-10-21T01:17:03.462+0000] {logging_mixin.py:149} INFO - [2025-10-21T01:17:03.461+0000] {dag.py:3490} INFO - Setting next_dagrun for example_params_ui_tutorial to None, run_after=None
[2025-10-21T01:17:03.511+0000] {processor.py:179} INFO - Processing /home/airflow/.local/lib/python3.7/site-packages/airflow/example_dags/example_params_ui_tutorial.py took 0.426 seconds
