[2025-10-21T00:50:03.531+0000] {processor.py:157} INFO - Started process (PID=118) to work on /home/airflow/.local/lib/python3.7/site-packages/airflow/example_dags/example_trigger_target_dag.py
[2025-10-21T00:50:03.534+0000] {processor.py:826} INFO - Processing file /home/airflow/.local/lib/python3.7/site-packages/airflow/example_dags/example_trigger_target_dag.py for tasks to queue
[2025-10-21T00:50:03.536+0000] {logging_mixin.py:149} INFO - [2025-10-21T00:50:03.536+0000] {dagbag.py:541} INFO - Filling up the DagBag from /home/airflow/.local/lib/python3.7/site-packages/airflow/example_dags/example_trigger_target_dag.py
[2025-10-21T00:50:03.559+0000] {processor.py:836} INFO - DAG(s) dict_keys(['example_trigger_target_dag']) retrieved from /home/airflow/.local/lib/python3.7/site-packages/airflow/example_dags/example_trigger_target_dag.py
[2025-10-21T00:50:03.848+0000] {logging_mixin.py:149} INFO - [2025-10-21T00:50:03.847+0000] {dag.py:2726} INFO - Sync 1 DAGs
[2025-10-21T00:50:03.911+0000] {logging_mixin.py:149} INFO - [2025-10-21T00:50:03.911+0000] {dag.py:3490} INFO - Setting next_dagrun for example_trigger_target_dag to None, run_after=None
[2025-10-21T00:50:03.969+0000] {processor.py:179} INFO - Processing /home/airflow/.local/lib/python3.7/site-packages/airflow/example_dags/example_trigger_target_dag.py took 0.447 seconds
[2025-10-21T00:50:34.927+0000] {processor.py:157} INFO - Started process (PID=185) to work on /home/airflow/.local/lib/python3.7/site-packages/airflow/example_dags/example_trigger_target_dag.py
[2025-10-21T00:50:34.930+0000] {processor.py:826} INFO - Processing file /home/airflow/.local/lib/python3.7/site-packages/airflow/example_dags/example_trigger_target_dag.py for tasks to queue
[2025-10-21T00:50:34.933+0000] {logging_mixin.py:149} INFO - [2025-10-21T00:50:34.933+0000] {dagbag.py:541} INFO - Filling up the DagBag from /home/airflow/.local/lib/python3.7/site-packages/airflow/example_dags/example_trigger_target_dag.py
[2025-10-21T00:50:34.952+0000] {processor.py:836} INFO - DAG(s) dict_keys(['example_trigger_target_dag']) retrieved from /home/airflow/.local/lib/python3.7/site-packages/airflow/example_dags/example_trigger_target_dag.py
[2025-10-21T00:50:35.017+0000] {logging_mixin.py:149} INFO - [2025-10-21T00:50:35.016+0000] {dag.py:2726} INFO - Sync 1 DAGs
[2025-10-21T00:50:35.085+0000] {logging_mixin.py:149} INFO - [2025-10-21T00:50:35.084+0000] {dag.py:3490} INFO - Setting next_dagrun for example_trigger_target_dag to None, run_after=None
[2025-10-21T00:50:35.151+0000] {processor.py:179} INFO - Processing /home/airflow/.local/lib/python3.7/site-packages/airflow/example_dags/example_trigger_target_dag.py took 0.239 seconds
[2025-10-21T00:51:05.595+0000] {processor.py:157} INFO - Started process (PID=251) to work on /home/airflow/.local/lib/python3.7/site-packages/airflow/example_dags/example_trigger_target_dag.py
[2025-10-21T00:51:05.598+0000] {processor.py:826} INFO - Processing file /home/airflow/.local/lib/python3.7/site-packages/airflow/example_dags/example_trigger_target_dag.py for tasks to queue
[2025-10-21T00:51:05.604+0000] {logging_mixin.py:149} INFO - [2025-10-21T00:51:05.603+0000] {dagbag.py:541} INFO - Filling up the DagBag from /home/airflow/.local/lib/python3.7/site-packages/airflow/example_dags/example_trigger_target_dag.py
[2025-10-21T00:51:05.632+0000] {processor.py:836} INFO - DAG(s) dict_keys(['example_trigger_target_dag']) retrieved from /home/airflow/.local/lib/python3.7/site-packages/airflow/example_dags/example_trigger_target_dag.py
[2025-10-21T00:51:05.704+0000] {logging_mixin.py:149} INFO - [2025-10-21T00:51:05.704+0000] {dag.py:2726} INFO - Sync 1 DAGs
[2025-10-21T00:51:05.786+0000] {logging_mixin.py:149} INFO - [2025-10-21T00:51:05.786+0000] {dag.py:3490} INFO - Setting next_dagrun for example_trigger_target_dag to None, run_after=None
[2025-10-21T00:51:05.855+0000] {processor.py:179} INFO - Processing /home/airflow/.local/lib/python3.7/site-packages/airflow/example_dags/example_trigger_target_dag.py took 0.283 seconds
[2025-10-21T00:51:36.832+0000] {processor.py:157} INFO - Started process (PID=317) to work on /home/airflow/.local/lib/python3.7/site-packages/airflow/example_dags/example_trigger_target_dag.py
[2025-10-21T00:51:36.836+0000] {processor.py:826} INFO - Processing file /home/airflow/.local/lib/python3.7/site-packages/airflow/example_dags/example_trigger_target_dag.py for tasks to queue
[2025-10-21T00:51:36.838+0000] {logging_mixin.py:149} INFO - [2025-10-21T00:51:36.838+0000] {dagbag.py:541} INFO - Filling up the DagBag from /home/airflow/.local/lib/python3.7/site-packages/airflow/example_dags/example_trigger_target_dag.py
[2025-10-21T00:51:36.865+0000] {processor.py:836} INFO - DAG(s) dict_keys(['example_trigger_target_dag']) retrieved from /home/airflow/.local/lib/python3.7/site-packages/airflow/example_dags/example_trigger_target_dag.py
[2025-10-21T00:51:36.960+0000] {logging_mixin.py:149} INFO - [2025-10-21T00:51:36.960+0000] {dag.py:2726} INFO - Sync 1 DAGs
[2025-10-21T00:51:37.057+0000] {logging_mixin.py:149} INFO - [2025-10-21T00:51:37.057+0000] {dag.py:3490} INFO - Setting next_dagrun for example_trigger_target_dag to None, run_after=None
[2025-10-21T00:51:37.121+0000] {processor.py:179} INFO - Processing /home/airflow/.local/lib/python3.7/site-packages/airflow/example_dags/example_trigger_target_dag.py took 0.303 seconds
[2025-10-21T00:52:07.648+0000] {processor.py:157} INFO - Started process (PID=382) to work on /home/airflow/.local/lib/python3.7/site-packages/airflow/example_dags/example_trigger_target_dag.py
[2025-10-21T00:52:07.651+0000] {processor.py:826} INFO - Processing file /home/airflow/.local/lib/python3.7/site-packages/airflow/example_dags/example_trigger_target_dag.py for tasks to queue
[2025-10-21T00:52:07.657+0000] {logging_mixin.py:149} INFO - [2025-10-21T00:52:07.655+0000] {dagbag.py:541} INFO - Filling up the DagBag from /home/airflow/.local/lib/python3.7/site-packages/airflow/example_dags/example_trigger_target_dag.py
[2025-10-21T00:52:07.687+0000] {processor.py:836} INFO - DAG(s) dict_keys(['example_trigger_target_dag']) retrieved from /home/airflow/.local/lib/python3.7/site-packages/airflow/example_dags/example_trigger_target_dag.py
[2025-10-21T00:52:07.802+0000] {logging_mixin.py:149} INFO - [2025-10-21T00:52:07.800+0000] {dag.py:2726} INFO - Sync 1 DAGs
[2025-10-21T00:52:07.911+0000] {logging_mixin.py:149} INFO - [2025-10-21T00:52:07.911+0000] {dag.py:3490} INFO - Setting next_dagrun for example_trigger_target_dag to None, run_after=None
[2025-10-21T00:52:07.987+0000] {processor.py:179} INFO - Processing /home/airflow/.local/lib/python3.7/site-packages/airflow/example_dags/example_trigger_target_dag.py took 0.351 seconds
[2025-10-21T00:52:38.177+0000] {processor.py:157} INFO - Started process (PID=448) to work on /home/airflow/.local/lib/python3.7/site-packages/airflow/example_dags/example_trigger_target_dag.py
[2025-10-21T00:52:38.179+0000] {processor.py:826} INFO - Processing file /home/airflow/.local/lib/python3.7/site-packages/airflow/example_dags/example_trigger_target_dag.py for tasks to queue
[2025-10-21T00:52:38.181+0000] {logging_mixin.py:149} INFO - [2025-10-21T00:52:38.180+0000] {dagbag.py:541} INFO - Filling up the DagBag from /home/airflow/.local/lib/python3.7/site-packages/airflow/example_dags/example_trigger_target_dag.py
[2025-10-21T00:52:38.193+0000] {processor.py:836} INFO - DAG(s) dict_keys(['example_trigger_target_dag']) retrieved from /home/airflow/.local/lib/python3.7/site-packages/airflow/example_dags/example_trigger_target_dag.py
[2025-10-21T00:52:38.242+0000] {logging_mixin.py:149} INFO - [2025-10-21T00:52:38.242+0000] {dag.py:2726} INFO - Sync 1 DAGs
[2025-10-21T00:52:38.285+0000] {logging_mixin.py:149} INFO - [2025-10-21T00:52:38.285+0000] {dag.py:3490} INFO - Setting next_dagrun for example_trigger_target_dag to None, run_after=None
[2025-10-21T00:52:38.331+0000] {processor.py:179} INFO - Processing /home/airflow/.local/lib/python3.7/site-packages/airflow/example_dags/example_trigger_target_dag.py took 0.159 seconds
[2025-10-21T00:53:08.462+0000] {processor.py:157} INFO - Started process (PID=515) to work on /home/airflow/.local/lib/python3.7/site-packages/airflow/example_dags/example_trigger_target_dag.py
[2025-10-21T00:53:08.464+0000] {processor.py:826} INFO - Processing file /home/airflow/.local/lib/python3.7/site-packages/airflow/example_dags/example_trigger_target_dag.py for tasks to queue
[2025-10-21T00:53:08.466+0000] {logging_mixin.py:149} INFO - [2025-10-21T00:53:08.466+0000] {dagbag.py:541} INFO - Filling up the DagBag from /home/airflow/.local/lib/python3.7/site-packages/airflow/example_dags/example_trigger_target_dag.py
[2025-10-21T00:53:08.477+0000] {processor.py:836} INFO - DAG(s) dict_keys(['example_trigger_target_dag']) retrieved from /home/airflow/.local/lib/python3.7/site-packages/airflow/example_dags/example_trigger_target_dag.py
[2025-10-21T00:53:08.524+0000] {logging_mixin.py:149} INFO - [2025-10-21T00:53:08.524+0000] {dag.py:2726} INFO - Sync 1 DAGs
[2025-10-21T00:53:08.572+0000] {logging_mixin.py:149} INFO - [2025-10-21T00:53:08.572+0000] {dag.py:3490} INFO - Setting next_dagrun for example_trigger_target_dag to None, run_after=None
[2025-10-21T00:53:08.610+0000] {processor.py:179} INFO - Processing /home/airflow/.local/lib/python3.7/site-packages/airflow/example_dags/example_trigger_target_dag.py took 0.154 seconds
[2025-10-21T00:53:39.175+0000] {processor.py:157} INFO - Started process (PID=582) to work on /home/airflow/.local/lib/python3.7/site-packages/airflow/example_dags/example_trigger_target_dag.py
[2025-10-21T00:53:39.178+0000] {processor.py:826} INFO - Processing file /home/airflow/.local/lib/python3.7/site-packages/airflow/example_dags/example_trigger_target_dag.py for tasks to queue
[2025-10-21T00:53:39.179+0000] {logging_mixin.py:149} INFO - [2025-10-21T00:53:39.179+0000] {dagbag.py:541} INFO - Filling up the DagBag from /home/airflow/.local/lib/python3.7/site-packages/airflow/example_dags/example_trigger_target_dag.py
[2025-10-21T00:53:39.192+0000] {processor.py:836} INFO - DAG(s) dict_keys(['example_trigger_target_dag']) retrieved from /home/airflow/.local/lib/python3.7/site-packages/airflow/example_dags/example_trigger_target_dag.py
[2025-10-21T00:53:39.245+0000] {logging_mixin.py:149} INFO - [2025-10-21T00:53:39.245+0000] {dag.py:2726} INFO - Sync 1 DAGs
[2025-10-21T00:53:39.297+0000] {logging_mixin.py:149} INFO - [2025-10-21T00:53:39.296+0000] {dag.py:3490} INFO - Setting next_dagrun for example_trigger_target_dag to None, run_after=None
[2025-10-21T00:53:39.341+0000] {processor.py:179} INFO - Processing /home/airflow/.local/lib/python3.7/site-packages/airflow/example_dags/example_trigger_target_dag.py took 0.173 seconds
[2025-10-21T00:54:09.726+0000] {processor.py:157} INFO - Started process (PID=648) to work on /home/airflow/.local/lib/python3.7/site-packages/airflow/example_dags/example_trigger_target_dag.py
[2025-10-21T00:54:09.728+0000] {processor.py:826} INFO - Processing file /home/airflow/.local/lib/python3.7/site-packages/airflow/example_dags/example_trigger_target_dag.py for tasks to queue
[2025-10-21T00:54:09.730+0000] {logging_mixin.py:149} INFO - [2025-10-21T00:54:09.730+0000] {dagbag.py:541} INFO - Filling up the DagBag from /home/airflow/.local/lib/python3.7/site-packages/airflow/example_dags/example_trigger_target_dag.py
[2025-10-21T00:54:09.741+0000] {processor.py:836} INFO - DAG(s) dict_keys(['example_trigger_target_dag']) retrieved from /home/airflow/.local/lib/python3.7/site-packages/airflow/example_dags/example_trigger_target_dag.py
[2025-10-21T00:54:09.783+0000] {logging_mixin.py:149} INFO - [2025-10-21T00:54:09.783+0000] {dag.py:2726} INFO - Sync 1 DAGs
[2025-10-21T00:54:09.828+0000] {logging_mixin.py:149} INFO - [2025-10-21T00:54:09.828+0000] {dag.py:3490} INFO - Setting next_dagrun for example_trigger_target_dag to None, run_after=None
[2025-10-21T00:54:09.868+0000] {processor.py:179} INFO - Processing /home/airflow/.local/lib/python3.7/site-packages/airflow/example_dags/example_trigger_target_dag.py took 0.147 seconds
[2025-10-21T00:54:41.106+0000] {processor.py:157} INFO - Started process (PID=714) to work on /home/airflow/.local/lib/python3.7/site-packages/airflow/example_dags/example_trigger_target_dag.py
[2025-10-21T00:54:41.109+0000] {processor.py:826} INFO - Processing file /home/airflow/.local/lib/python3.7/site-packages/airflow/example_dags/example_trigger_target_dag.py for tasks to queue
[2025-10-21T00:54:41.111+0000] {logging_mixin.py:149} INFO - [2025-10-21T00:54:41.111+0000] {dagbag.py:541} INFO - Filling up the DagBag from /home/airflow/.local/lib/python3.7/site-packages/airflow/example_dags/example_trigger_target_dag.py
[2025-10-21T00:54:41.124+0000] {processor.py:836} INFO - DAG(s) dict_keys(['example_trigger_target_dag']) retrieved from /home/airflow/.local/lib/python3.7/site-packages/airflow/example_dags/example_trigger_target_dag.py
[2025-10-21T00:54:41.182+0000] {logging_mixin.py:149} INFO - [2025-10-21T00:54:41.181+0000] {dag.py:2726} INFO - Sync 1 DAGs
[2025-10-21T00:54:41.269+0000] {logging_mixin.py:149} INFO - [2025-10-21T00:54:41.269+0000] {dag.py:3490} INFO - Setting next_dagrun for example_trigger_target_dag to None, run_after=None
[2025-10-21T00:54:41.348+0000] {processor.py:179} INFO - Processing /home/airflow/.local/lib/python3.7/site-packages/airflow/example_dags/example_trigger_target_dag.py took 0.250 seconds
[2025-10-21T00:55:11.990+0000] {processor.py:157} INFO - Started process (PID=780) to work on /home/airflow/.local/lib/python3.7/site-packages/airflow/example_dags/example_trigger_target_dag.py
[2025-10-21T00:55:11.992+0000] {processor.py:826} INFO - Processing file /home/airflow/.local/lib/python3.7/site-packages/airflow/example_dags/example_trigger_target_dag.py for tasks to queue
[2025-10-21T00:55:11.994+0000] {logging_mixin.py:149} INFO - [2025-10-21T00:55:11.994+0000] {dagbag.py:541} INFO - Filling up the DagBag from /home/airflow/.local/lib/python3.7/site-packages/airflow/example_dags/example_trigger_target_dag.py
[2025-10-21T00:55:12.010+0000] {processor.py:836} INFO - DAG(s) dict_keys(['example_trigger_target_dag']) retrieved from /home/airflow/.local/lib/python3.7/site-packages/airflow/example_dags/example_trigger_target_dag.py
[2025-10-21T00:55:12.059+0000] {logging_mixin.py:149} INFO - [2025-10-21T00:55:12.059+0000] {dag.py:2726} INFO - Sync 1 DAGs
[2025-10-21T00:55:12.114+0000] {logging_mixin.py:149} INFO - [2025-10-21T00:55:12.113+0000] {dag.py:3490} INFO - Setting next_dagrun for example_trigger_target_dag to None, run_after=None
[2025-10-21T00:55:12.162+0000] {processor.py:179} INFO - Processing /home/airflow/.local/lib/python3.7/site-packages/airflow/example_dags/example_trigger_target_dag.py took 0.178 seconds
[2025-10-21T00:55:43.439+0000] {processor.py:157} INFO - Started process (PID=846) to work on /home/airflow/.local/lib/python3.7/site-packages/airflow/example_dags/example_trigger_target_dag.py
[2025-10-21T00:55:43.441+0000] {processor.py:826} INFO - Processing file /home/airflow/.local/lib/python3.7/site-packages/airflow/example_dags/example_trigger_target_dag.py for tasks to queue
[2025-10-21T00:55:43.443+0000] {logging_mixin.py:149} INFO - [2025-10-21T00:55:43.443+0000] {dagbag.py:541} INFO - Filling up the DagBag from /home/airflow/.local/lib/python3.7/site-packages/airflow/example_dags/example_trigger_target_dag.py
[2025-10-21T00:55:43.455+0000] {processor.py:836} INFO - DAG(s) dict_keys(['example_trigger_target_dag']) retrieved from /home/airflow/.local/lib/python3.7/site-packages/airflow/example_dags/example_trigger_target_dag.py
[2025-10-21T00:55:43.502+0000] {logging_mixin.py:149} INFO - [2025-10-21T00:55:43.501+0000] {dag.py:2726} INFO - Sync 1 DAGs
[2025-10-21T00:55:43.560+0000] {logging_mixin.py:149} INFO - [2025-10-21T00:55:43.560+0000] {dag.py:3490} INFO - Setting next_dagrun for example_trigger_target_dag to None, run_after=None
[2025-10-21T00:55:43.604+0000] {processor.py:179} INFO - Processing /home/airflow/.local/lib/python3.7/site-packages/airflow/example_dags/example_trigger_target_dag.py took 0.173 seconds
[2025-10-21T00:56:13.923+0000] {processor.py:157} INFO - Started process (PID=912) to work on /home/airflow/.local/lib/python3.7/site-packages/airflow/example_dags/example_trigger_target_dag.py
[2025-10-21T00:56:13.926+0000] {processor.py:826} INFO - Processing file /home/airflow/.local/lib/python3.7/site-packages/airflow/example_dags/example_trigger_target_dag.py for tasks to queue
[2025-10-21T00:56:13.928+0000] {logging_mixin.py:149} INFO - [2025-10-21T00:56:13.927+0000] {dagbag.py:541} INFO - Filling up the DagBag from /home/airflow/.local/lib/python3.7/site-packages/airflow/example_dags/example_trigger_target_dag.py
[2025-10-21T00:56:13.938+0000] {processor.py:836} INFO - DAG(s) dict_keys(['example_trigger_target_dag']) retrieved from /home/airflow/.local/lib/python3.7/site-packages/airflow/example_dags/example_trigger_target_dag.py
[2025-10-21T00:56:13.985+0000] {logging_mixin.py:149} INFO - [2025-10-21T00:56:13.985+0000] {dag.py:2726} INFO - Sync 1 DAGs
[2025-10-21T00:56:14.033+0000] {logging_mixin.py:149} INFO - [2025-10-21T00:56:14.033+0000] {dag.py:3490} INFO - Setting next_dagrun for example_trigger_target_dag to None, run_after=None
[2025-10-21T00:56:14.083+0000] {processor.py:179} INFO - Processing /home/airflow/.local/lib/python3.7/site-packages/airflow/example_dags/example_trigger_target_dag.py took 0.166 seconds
[2025-10-21T00:56:44.648+0000] {processor.py:157} INFO - Started process (PID=979) to work on /home/airflow/.local/lib/python3.7/site-packages/airflow/example_dags/example_trigger_target_dag.py
[2025-10-21T00:56:44.652+0000] {processor.py:826} INFO - Processing file /home/airflow/.local/lib/python3.7/site-packages/airflow/example_dags/example_trigger_target_dag.py for tasks to queue
[2025-10-21T00:56:44.655+0000] {logging_mixin.py:149} INFO - [2025-10-21T00:56:44.655+0000] {dagbag.py:541} INFO - Filling up the DagBag from /home/airflow/.local/lib/python3.7/site-packages/airflow/example_dags/example_trigger_target_dag.py
[2025-10-21T00:56:44.678+0000] {processor.py:836} INFO - DAG(s) dict_keys(['example_trigger_target_dag']) retrieved from /home/airflow/.local/lib/python3.7/site-packages/airflow/example_dags/example_trigger_target_dag.py
[2025-10-21T00:56:44.742+0000] {logging_mixin.py:149} INFO - [2025-10-21T00:56:44.742+0000] {dag.py:2726} INFO - Sync 1 DAGs
[2025-10-21T00:56:44.833+0000] {logging_mixin.py:149} INFO - [2025-10-21T00:56:44.833+0000] {dag.py:3490} INFO - Setting next_dagrun for example_trigger_target_dag to None, run_after=None
[2025-10-21T00:56:44.887+0000] {processor.py:179} INFO - Processing /home/airflow/.local/lib/python3.7/site-packages/airflow/example_dags/example_trigger_target_dag.py took 0.250 seconds
[2025-10-21T00:57:15.167+0000] {processor.py:157} INFO - Started process (PID=1045) to work on /home/airflow/.local/lib/python3.7/site-packages/airflow/example_dags/example_trigger_target_dag.py
[2025-10-21T00:57:15.170+0000] {processor.py:826} INFO - Processing file /home/airflow/.local/lib/python3.7/site-packages/airflow/example_dags/example_trigger_target_dag.py for tasks to queue
[2025-10-21T00:57:15.171+0000] {logging_mixin.py:149} INFO - [2025-10-21T00:57:15.171+0000] {dagbag.py:541} INFO - Filling up the DagBag from /home/airflow/.local/lib/python3.7/site-packages/airflow/example_dags/example_trigger_target_dag.py
[2025-10-21T00:57:15.183+0000] {processor.py:836} INFO - DAG(s) dict_keys(['example_trigger_target_dag']) retrieved from /home/airflow/.local/lib/python3.7/site-packages/airflow/example_dags/example_trigger_target_dag.py
[2025-10-21T00:57:15.242+0000] {logging_mixin.py:149} INFO - [2025-10-21T00:57:15.242+0000] {dag.py:2726} INFO - Sync 1 DAGs
[2025-10-21T00:57:15.303+0000] {logging_mixin.py:149} INFO - [2025-10-21T00:57:15.303+0000] {dag.py:3490} INFO - Setting next_dagrun for example_trigger_target_dag to None, run_after=None
[2025-10-21T00:57:15.369+0000] {processor.py:179} INFO - Processing /home/airflow/.local/lib/python3.7/site-packages/airflow/example_dags/example_trigger_target_dag.py took 0.210 seconds
[2025-10-21T00:57:45.748+0000] {processor.py:157} INFO - Started process (PID=1111) to work on /home/airflow/.local/lib/python3.7/site-packages/airflow/example_dags/example_trigger_target_dag.py
[2025-10-21T00:57:45.750+0000] {processor.py:826} INFO - Processing file /home/airflow/.local/lib/python3.7/site-packages/airflow/example_dags/example_trigger_target_dag.py for tasks to queue
[2025-10-21T00:57:45.752+0000] {logging_mixin.py:149} INFO - [2025-10-21T00:57:45.752+0000] {dagbag.py:541} INFO - Filling up the DagBag from /home/airflow/.local/lib/python3.7/site-packages/airflow/example_dags/example_trigger_target_dag.py
[2025-10-21T00:57:45.762+0000] {processor.py:836} INFO - DAG(s) dict_keys(['example_trigger_target_dag']) retrieved from /home/airflow/.local/lib/python3.7/site-packages/airflow/example_dags/example_trigger_target_dag.py
[2025-10-21T00:57:45.812+0000] {logging_mixin.py:149} INFO - [2025-10-21T00:57:45.811+0000] {dag.py:2726} INFO - Sync 1 DAGs
[2025-10-21T00:57:45.857+0000] {logging_mixin.py:149} INFO - [2025-10-21T00:57:45.856+0000] {dag.py:3490} INFO - Setting next_dagrun for example_trigger_target_dag to None, run_after=None
[2025-10-21T00:57:45.898+0000] {processor.py:179} INFO - Processing /home/airflow/.local/lib/python3.7/site-packages/airflow/example_dags/example_trigger_target_dag.py took 0.157 seconds
[2025-10-21T00:58:16.235+0000] {processor.py:157} INFO - Started process (PID=1178) to work on /home/airflow/.local/lib/python3.7/site-packages/airflow/example_dags/example_trigger_target_dag.py
[2025-10-21T00:58:16.237+0000] {processor.py:826} INFO - Processing file /home/airflow/.local/lib/python3.7/site-packages/airflow/example_dags/example_trigger_target_dag.py for tasks to queue
[2025-10-21T00:58:16.239+0000] {logging_mixin.py:149} INFO - [2025-10-21T00:58:16.238+0000] {dagbag.py:541} INFO - Filling up the DagBag from /home/airflow/.local/lib/python3.7/site-packages/airflow/example_dags/example_trigger_target_dag.py
[2025-10-21T00:58:16.254+0000] {processor.py:836} INFO - DAG(s) dict_keys(['example_trigger_target_dag']) retrieved from /home/airflow/.local/lib/python3.7/site-packages/airflow/example_dags/example_trigger_target_dag.py
[2025-10-21T00:58:16.309+0000] {logging_mixin.py:149} INFO - [2025-10-21T00:58:16.309+0000] {dag.py:2726} INFO - Sync 1 DAGs
[2025-10-21T00:58:16.362+0000] {logging_mixin.py:149} INFO - [2025-10-21T00:58:16.362+0000] {dag.py:3490} INFO - Setting next_dagrun for example_trigger_target_dag to None, run_after=None
[2025-10-21T00:58:16.400+0000] {processor.py:179} INFO - Processing /home/airflow/.local/lib/python3.7/site-packages/airflow/example_dags/example_trigger_target_dag.py took 0.173 seconds
[2025-10-21T00:58:47.000+0000] {processor.py:157} INFO - Started process (PID=1245) to work on /home/airflow/.local/lib/python3.7/site-packages/airflow/example_dags/example_trigger_target_dag.py
[2025-10-21T00:58:47.003+0000] {processor.py:826} INFO - Processing file /home/airflow/.local/lib/python3.7/site-packages/airflow/example_dags/example_trigger_target_dag.py for tasks to queue
[2025-10-21T00:58:47.005+0000] {logging_mixin.py:149} INFO - [2025-10-21T00:58:47.004+0000] {dagbag.py:541} INFO - Filling up the DagBag from /home/airflow/.local/lib/python3.7/site-packages/airflow/example_dags/example_trigger_target_dag.py
[2025-10-21T00:58:47.015+0000] {processor.py:836} INFO - DAG(s) dict_keys(['example_trigger_target_dag']) retrieved from /home/airflow/.local/lib/python3.7/site-packages/airflow/example_dags/example_trigger_target_dag.py
[2025-10-21T00:58:47.060+0000] {logging_mixin.py:149} INFO - [2025-10-21T00:58:47.060+0000] {dag.py:2726} INFO - Sync 1 DAGs
[2025-10-21T00:58:47.108+0000] {logging_mixin.py:149} INFO - [2025-10-21T00:58:47.108+0000] {dag.py:3490} INFO - Setting next_dagrun for example_trigger_target_dag to None, run_after=None
[2025-10-21T00:58:47.181+0000] {processor.py:179} INFO - Processing /home/airflow/.local/lib/python3.7/site-packages/airflow/example_dags/example_trigger_target_dag.py took 0.187 seconds
[2025-10-21T00:59:18.065+0000] {processor.py:157} INFO - Started process (PID=1312) to work on /home/airflow/.local/lib/python3.7/site-packages/airflow/example_dags/example_trigger_target_dag.py
[2025-10-21T00:59:18.066+0000] {processor.py:826} INFO - Processing file /home/airflow/.local/lib/python3.7/site-packages/airflow/example_dags/example_trigger_target_dag.py for tasks to queue
[2025-10-21T00:59:18.068+0000] {logging_mixin.py:149} INFO - [2025-10-21T00:59:18.068+0000] {dagbag.py:541} INFO - Filling up the DagBag from /home/airflow/.local/lib/python3.7/site-packages/airflow/example_dags/example_trigger_target_dag.py
[2025-10-21T00:59:18.078+0000] {processor.py:836} INFO - DAG(s) dict_keys(['example_trigger_target_dag']) retrieved from /home/airflow/.local/lib/python3.7/site-packages/airflow/example_dags/example_trigger_target_dag.py
[2025-10-21T00:59:18.128+0000] {logging_mixin.py:149} INFO - [2025-10-21T00:59:18.127+0000] {dag.py:2726} INFO - Sync 1 DAGs
[2025-10-21T00:59:18.174+0000] {logging_mixin.py:149} INFO - [2025-10-21T00:59:18.174+0000] {dag.py:3490} INFO - Setting next_dagrun for example_trigger_target_dag to None, run_after=None
[2025-10-21T00:59:18.218+0000] {processor.py:179} INFO - Processing /home/airflow/.local/lib/python3.7/site-packages/airflow/example_dags/example_trigger_target_dag.py took 0.160 seconds
[2025-10-21T00:59:48.753+0000] {processor.py:157} INFO - Started process (PID=1378) to work on /home/airflow/.local/lib/python3.7/site-packages/airflow/example_dags/example_trigger_target_dag.py
[2025-10-21T00:59:48.755+0000] {processor.py:826} INFO - Processing file /home/airflow/.local/lib/python3.7/site-packages/airflow/example_dags/example_trigger_target_dag.py for tasks to queue
[2025-10-21T00:59:48.757+0000] {logging_mixin.py:149} INFO - [2025-10-21T00:59:48.757+0000] {dagbag.py:541} INFO - Filling up the DagBag from /home/airflow/.local/lib/python3.7/site-packages/airflow/example_dags/example_trigger_target_dag.py
[2025-10-21T00:59:48.766+0000] {processor.py:836} INFO - DAG(s) dict_keys(['example_trigger_target_dag']) retrieved from /home/airflow/.local/lib/python3.7/site-packages/airflow/example_dags/example_trigger_target_dag.py
[2025-10-21T00:59:48.808+0000] {logging_mixin.py:149} INFO - [2025-10-21T00:59:48.807+0000] {dag.py:2726} INFO - Sync 1 DAGs
[2025-10-21T00:59:48.856+0000] {logging_mixin.py:149} INFO - [2025-10-21T00:59:48.855+0000] {dag.py:3490} INFO - Setting next_dagrun for example_trigger_target_dag to None, run_after=None
[2025-10-21T00:59:48.892+0000] {processor.py:179} INFO - Processing /home/airflow/.local/lib/python3.7/site-packages/airflow/example_dags/example_trigger_target_dag.py took 0.145 seconds
[2025-10-21T01:00:19.150+0000] {processor.py:157} INFO - Started process (PID=1444) to work on /home/airflow/.local/lib/python3.7/site-packages/airflow/example_dags/example_trigger_target_dag.py
[2025-10-21T01:00:19.152+0000] {processor.py:826} INFO - Processing file /home/airflow/.local/lib/python3.7/site-packages/airflow/example_dags/example_trigger_target_dag.py for tasks to queue
[2025-10-21T01:00:19.153+0000] {logging_mixin.py:149} INFO - [2025-10-21T01:00:19.153+0000] {dagbag.py:541} INFO - Filling up the DagBag from /home/airflow/.local/lib/python3.7/site-packages/airflow/example_dags/example_trigger_target_dag.py
[2025-10-21T01:00:19.165+0000] {processor.py:836} INFO - DAG(s) dict_keys(['example_trigger_target_dag']) retrieved from /home/airflow/.local/lib/python3.7/site-packages/airflow/example_dags/example_trigger_target_dag.py
[2025-10-21T01:00:19.224+0000] {logging_mixin.py:149} INFO - [2025-10-21T01:00:19.223+0000] {dag.py:2726} INFO - Sync 1 DAGs
[2025-10-21T01:00:19.281+0000] {logging_mixin.py:149} INFO - [2025-10-21T01:00:19.281+0000] {dag.py:3490} INFO - Setting next_dagrun for example_trigger_target_dag to None, run_after=None
[2025-10-21T01:00:19.329+0000] {processor.py:179} INFO - Processing /home/airflow/.local/lib/python3.7/site-packages/airflow/example_dags/example_trigger_target_dag.py took 0.186 seconds
[2025-10-21T01:00:49.737+0000] {processor.py:157} INFO - Started process (PID=1510) to work on /home/airflow/.local/lib/python3.7/site-packages/airflow/example_dags/example_trigger_target_dag.py
[2025-10-21T01:00:49.738+0000] {processor.py:826} INFO - Processing file /home/airflow/.local/lib/python3.7/site-packages/airflow/example_dags/example_trigger_target_dag.py for tasks to queue
[2025-10-21T01:00:49.741+0000] {logging_mixin.py:149} INFO - [2025-10-21T01:00:49.741+0000] {dagbag.py:541} INFO - Filling up the DagBag from /home/airflow/.local/lib/python3.7/site-packages/airflow/example_dags/example_trigger_target_dag.py
[2025-10-21T01:00:49.754+0000] {processor.py:836} INFO - DAG(s) dict_keys(['example_trigger_target_dag']) retrieved from /home/airflow/.local/lib/python3.7/site-packages/airflow/example_dags/example_trigger_target_dag.py
[2025-10-21T01:00:49.803+0000] {logging_mixin.py:149} INFO - [2025-10-21T01:00:49.803+0000] {dag.py:2726} INFO - Sync 1 DAGs
[2025-10-21T01:00:49.861+0000] {logging_mixin.py:149} INFO - [2025-10-21T01:00:49.861+0000] {dag.py:3490} INFO - Setting next_dagrun for example_trigger_target_dag to None, run_after=None
[2025-10-21T01:00:49.905+0000] {processor.py:179} INFO - Processing /home/airflow/.local/lib/python3.7/site-packages/airflow/example_dags/example_trigger_target_dag.py took 0.175 seconds
[2025-10-21T01:01:20.691+0000] {processor.py:157} INFO - Started process (PID=1576) to work on /home/airflow/.local/lib/python3.7/site-packages/airflow/example_dags/example_trigger_target_dag.py
[2025-10-21T01:01:20.693+0000] {processor.py:826} INFO - Processing file /home/airflow/.local/lib/python3.7/site-packages/airflow/example_dags/example_trigger_target_dag.py for tasks to queue
[2025-10-21T01:01:20.695+0000] {logging_mixin.py:149} INFO - [2025-10-21T01:01:20.695+0000] {dagbag.py:541} INFO - Filling up the DagBag from /home/airflow/.local/lib/python3.7/site-packages/airflow/example_dags/example_trigger_target_dag.py
[2025-10-21T01:01:20.706+0000] {processor.py:836} INFO - DAG(s) dict_keys(['example_trigger_target_dag']) retrieved from /home/airflow/.local/lib/python3.7/site-packages/airflow/example_dags/example_trigger_target_dag.py
[2025-10-21T01:01:20.761+0000] {logging_mixin.py:149} INFO - [2025-10-21T01:01:20.760+0000] {dag.py:2726} INFO - Sync 1 DAGs
[2025-10-21T01:01:20.824+0000] {logging_mixin.py:149} INFO - [2025-10-21T01:01:20.824+0000] {dag.py:3490} INFO - Setting next_dagrun for example_trigger_target_dag to None, run_after=None
[2025-10-21T01:01:20.875+0000] {processor.py:179} INFO - Processing /home/airflow/.local/lib/python3.7/site-packages/airflow/example_dags/example_trigger_target_dag.py took 0.192 seconds
[2025-10-21T01:01:52.342+0000] {processor.py:157} INFO - Started process (PID=1642) to work on /home/airflow/.local/lib/python3.7/site-packages/airflow/example_dags/example_trigger_target_dag.py
[2025-10-21T01:01:52.345+0000] {processor.py:826} INFO - Processing file /home/airflow/.local/lib/python3.7/site-packages/airflow/example_dags/example_trigger_target_dag.py for tasks to queue
[2025-10-21T01:01:52.347+0000] {logging_mixin.py:149} INFO - [2025-10-21T01:01:52.346+0000] {dagbag.py:541} INFO - Filling up the DagBag from /home/airflow/.local/lib/python3.7/site-packages/airflow/example_dags/example_trigger_target_dag.py
[2025-10-21T01:01:52.358+0000] {processor.py:836} INFO - DAG(s) dict_keys(['example_trigger_target_dag']) retrieved from /home/airflow/.local/lib/python3.7/site-packages/airflow/example_dags/example_trigger_target_dag.py
[2025-10-21T01:01:52.409+0000] {logging_mixin.py:149} INFO - [2025-10-21T01:01:52.408+0000] {dag.py:2726} INFO - Sync 1 DAGs
[2025-10-21T01:01:52.458+0000] {logging_mixin.py:149} INFO - [2025-10-21T01:01:52.458+0000] {dag.py:3490} INFO - Setting next_dagrun for example_trigger_target_dag to None, run_after=None
[2025-10-21T01:01:52.505+0000] {processor.py:179} INFO - Processing /home/airflow/.local/lib/python3.7/site-packages/airflow/example_dags/example_trigger_target_dag.py took 0.169 seconds
[2025-10-21T01:02:23.003+0000] {processor.py:157} INFO - Started process (PID=1708) to work on /home/airflow/.local/lib/python3.7/site-packages/airflow/example_dags/example_trigger_target_dag.py
[2025-10-21T01:02:23.005+0000] {processor.py:826} INFO - Processing file /home/airflow/.local/lib/python3.7/site-packages/airflow/example_dags/example_trigger_target_dag.py for tasks to queue
[2025-10-21T01:02:23.007+0000] {logging_mixin.py:149} INFO - [2025-10-21T01:02:23.007+0000] {dagbag.py:541} INFO - Filling up the DagBag from /home/airflow/.local/lib/python3.7/site-packages/airflow/example_dags/example_trigger_target_dag.py
[2025-10-21T01:02:23.016+0000] {processor.py:836} INFO - DAG(s) dict_keys(['example_trigger_target_dag']) retrieved from /home/airflow/.local/lib/python3.7/site-packages/airflow/example_dags/example_trigger_target_dag.py
[2025-10-21T01:02:23.067+0000] {logging_mixin.py:149} INFO - [2025-10-21T01:02:23.066+0000] {dag.py:2726} INFO - Sync 1 DAGs
[2025-10-21T01:02:23.114+0000] {logging_mixin.py:149} INFO - [2025-10-21T01:02:23.114+0000] {dag.py:3490} INFO - Setting next_dagrun for example_trigger_target_dag to None, run_after=None
[2025-10-21T01:02:23.157+0000] {processor.py:179} INFO - Processing /home/airflow/.local/lib/python3.7/site-packages/airflow/example_dags/example_trigger_target_dag.py took 0.159 seconds
[2025-10-21T01:02:53.538+0000] {processor.py:157} INFO - Started process (PID=1774) to work on /home/airflow/.local/lib/python3.7/site-packages/airflow/example_dags/example_trigger_target_dag.py
[2025-10-21T01:02:53.540+0000] {processor.py:826} INFO - Processing file /home/airflow/.local/lib/python3.7/site-packages/airflow/example_dags/example_trigger_target_dag.py for tasks to queue
[2025-10-21T01:02:53.542+0000] {logging_mixin.py:149} INFO - [2025-10-21T01:02:53.542+0000] {dagbag.py:541} INFO - Filling up the DagBag from /home/airflow/.local/lib/python3.7/site-packages/airflow/example_dags/example_trigger_target_dag.py
[2025-10-21T01:02:53.555+0000] {processor.py:836} INFO - DAG(s) dict_keys(['example_trigger_target_dag']) retrieved from /home/airflow/.local/lib/python3.7/site-packages/airflow/example_dags/example_trigger_target_dag.py
[2025-10-21T01:02:53.610+0000] {logging_mixin.py:149} INFO - [2025-10-21T01:02:53.609+0000] {dag.py:2726} INFO - Sync 1 DAGs
[2025-10-21T01:02:53.668+0000] {logging_mixin.py:149} INFO - [2025-10-21T01:02:53.668+0000] {dag.py:3490} INFO - Setting next_dagrun for example_trigger_target_dag to None, run_after=None
[2025-10-21T01:02:53.712+0000] {processor.py:179} INFO - Processing /home/airflow/.local/lib/python3.7/site-packages/airflow/example_dags/example_trigger_target_dag.py took 0.182 seconds
[2025-10-21T01:03:23.856+0000] {processor.py:157} INFO - Started process (PID=1840) to work on /home/airflow/.local/lib/python3.7/site-packages/airflow/example_dags/example_trigger_target_dag.py
[2025-10-21T01:03:23.858+0000] {processor.py:826} INFO - Processing file /home/airflow/.local/lib/python3.7/site-packages/airflow/example_dags/example_trigger_target_dag.py for tasks to queue
[2025-10-21T01:03:23.860+0000] {logging_mixin.py:149} INFO - [2025-10-21T01:03:23.860+0000] {dagbag.py:541} INFO - Filling up the DagBag from /home/airflow/.local/lib/python3.7/site-packages/airflow/example_dags/example_trigger_target_dag.py
[2025-10-21T01:03:23.871+0000] {processor.py:836} INFO - DAG(s) dict_keys(['example_trigger_target_dag']) retrieved from /home/airflow/.local/lib/python3.7/site-packages/airflow/example_dags/example_trigger_target_dag.py
[2025-10-21T01:03:23.922+0000] {logging_mixin.py:149} INFO - [2025-10-21T01:03:23.921+0000] {dag.py:2726} INFO - Sync 1 DAGs
[2025-10-21T01:03:23.968+0000] {logging_mixin.py:149} INFO - [2025-10-21T01:03:23.967+0000] {dag.py:3490} INFO - Setting next_dagrun for example_trigger_target_dag to None, run_after=None
[2025-10-21T01:03:24.004+0000] {processor.py:179} INFO - Processing /home/airflow/.local/lib/python3.7/site-packages/airflow/example_dags/example_trigger_target_dag.py took 0.156 seconds
[2025-10-21T01:03:54.288+0000] {processor.py:157} INFO - Started process (PID=1906) to work on /home/airflow/.local/lib/python3.7/site-packages/airflow/example_dags/example_trigger_target_dag.py
[2025-10-21T01:03:54.290+0000] {processor.py:826} INFO - Processing file /home/airflow/.local/lib/python3.7/site-packages/airflow/example_dags/example_trigger_target_dag.py for tasks to queue
[2025-10-21T01:03:54.292+0000] {logging_mixin.py:149} INFO - [2025-10-21T01:03:54.291+0000] {dagbag.py:541} INFO - Filling up the DagBag from /home/airflow/.local/lib/python3.7/site-packages/airflow/example_dags/example_trigger_target_dag.py
[2025-10-21T01:03:54.302+0000] {processor.py:836} INFO - DAG(s) dict_keys(['example_trigger_target_dag']) retrieved from /home/airflow/.local/lib/python3.7/site-packages/airflow/example_dags/example_trigger_target_dag.py
[2025-10-21T01:03:54.349+0000] {logging_mixin.py:149} INFO - [2025-10-21T01:03:54.349+0000] {dag.py:2726} INFO - Sync 1 DAGs
[2025-10-21T01:03:54.395+0000] {logging_mixin.py:149} INFO - [2025-10-21T01:03:54.395+0000] {dag.py:3490} INFO - Setting next_dagrun for example_trigger_target_dag to None, run_after=None
[2025-10-21T01:03:54.441+0000] {processor.py:179} INFO - Processing /home/airflow/.local/lib/python3.7/site-packages/airflow/example_dags/example_trigger_target_dag.py took 0.164 seconds
[2025-10-21T01:04:24.863+0000] {processor.py:157} INFO - Started process (PID=1972) to work on /home/airflow/.local/lib/python3.7/site-packages/airflow/example_dags/example_trigger_target_dag.py
[2025-10-21T01:04:24.866+0000] {processor.py:826} INFO - Processing file /home/airflow/.local/lib/python3.7/site-packages/airflow/example_dags/example_trigger_target_dag.py for tasks to queue
[2025-10-21T01:04:24.868+0000] {logging_mixin.py:149} INFO - [2025-10-21T01:04:24.868+0000] {dagbag.py:541} INFO - Filling up the DagBag from /home/airflow/.local/lib/python3.7/site-packages/airflow/example_dags/example_trigger_target_dag.py
[2025-10-21T01:04:24.886+0000] {processor.py:836} INFO - DAG(s) dict_keys(['example_trigger_target_dag']) retrieved from /home/airflow/.local/lib/python3.7/site-packages/airflow/example_dags/example_trigger_target_dag.py
[2025-10-21T01:04:24.972+0000] {logging_mixin.py:149} INFO - [2025-10-21T01:04:24.972+0000] {dag.py:2726} INFO - Sync 1 DAGs
[2025-10-21T01:04:25.072+0000] {logging_mixin.py:149} INFO - [2025-10-21T01:04:25.071+0000] {dag.py:3490} INFO - Setting next_dagrun for example_trigger_target_dag to None, run_after=None
[2025-10-21T01:04:25.131+0000] {processor.py:179} INFO - Processing /home/airflow/.local/lib/python3.7/site-packages/airflow/example_dags/example_trigger_target_dag.py took 0.280 seconds
[2025-10-21T01:04:55.885+0000] {processor.py:157} INFO - Started process (PID=2038) to work on /home/airflow/.local/lib/python3.7/site-packages/airflow/example_dags/example_trigger_target_dag.py
[2025-10-21T01:04:55.887+0000] {processor.py:826} INFO - Processing file /home/airflow/.local/lib/python3.7/site-packages/airflow/example_dags/example_trigger_target_dag.py for tasks to queue
[2025-10-21T01:04:55.889+0000] {logging_mixin.py:149} INFO - [2025-10-21T01:04:55.889+0000] {dagbag.py:541} INFO - Filling up the DagBag from /home/airflow/.local/lib/python3.7/site-packages/airflow/example_dags/example_trigger_target_dag.py
[2025-10-21T01:04:55.899+0000] {processor.py:836} INFO - DAG(s) dict_keys(['example_trigger_target_dag']) retrieved from /home/airflow/.local/lib/python3.7/site-packages/airflow/example_dags/example_trigger_target_dag.py
[2025-10-21T01:04:55.946+0000] {logging_mixin.py:149} INFO - [2025-10-21T01:04:55.946+0000] {dag.py:2726} INFO - Sync 1 DAGs
[2025-10-21T01:04:55.991+0000] {logging_mixin.py:149} INFO - [2025-10-21T01:04:55.991+0000] {dag.py:3490} INFO - Setting next_dagrun for example_trigger_target_dag to None, run_after=None
[2025-10-21T01:04:56.035+0000] {processor.py:179} INFO - Processing /home/airflow/.local/lib/python3.7/site-packages/airflow/example_dags/example_trigger_target_dag.py took 0.156 seconds
[2025-10-21T01:05:26.478+0000] {processor.py:157} INFO - Started process (PID=2104) to work on /home/airflow/.local/lib/python3.7/site-packages/airflow/example_dags/example_trigger_target_dag.py
[2025-10-21T01:05:26.480+0000] {processor.py:826} INFO - Processing file /home/airflow/.local/lib/python3.7/site-packages/airflow/example_dags/example_trigger_target_dag.py for tasks to queue
[2025-10-21T01:05:26.482+0000] {logging_mixin.py:149} INFO - [2025-10-21T01:05:26.481+0000] {dagbag.py:541} INFO - Filling up the DagBag from /home/airflow/.local/lib/python3.7/site-packages/airflow/example_dags/example_trigger_target_dag.py
[2025-10-21T01:05:26.491+0000] {processor.py:836} INFO - DAG(s) dict_keys(['example_trigger_target_dag']) retrieved from /home/airflow/.local/lib/python3.7/site-packages/airflow/example_dags/example_trigger_target_dag.py
[2025-10-21T01:05:26.542+0000] {logging_mixin.py:149} INFO - [2025-10-21T01:05:26.541+0000] {dag.py:2726} INFO - Sync 1 DAGs
[2025-10-21T01:05:26.598+0000] {logging_mixin.py:149} INFO - [2025-10-21T01:05:26.598+0000] {dag.py:3490} INFO - Setting next_dagrun for example_trigger_target_dag to None, run_after=None
[2025-10-21T01:05:26.638+0000] {processor.py:179} INFO - Processing /home/airflow/.local/lib/python3.7/site-packages/airflow/example_dags/example_trigger_target_dag.py took 0.166 seconds
[2025-10-21T01:05:57.451+0000] {processor.py:157} INFO - Started process (PID=2170) to work on /home/airflow/.local/lib/python3.7/site-packages/airflow/example_dags/example_trigger_target_dag.py
[2025-10-21T01:05:57.454+0000] {processor.py:826} INFO - Processing file /home/airflow/.local/lib/python3.7/site-packages/airflow/example_dags/example_trigger_target_dag.py for tasks to queue
[2025-10-21T01:05:57.456+0000] {logging_mixin.py:149} INFO - [2025-10-21T01:05:57.456+0000] {dagbag.py:541} INFO - Filling up the DagBag from /home/airflow/.local/lib/python3.7/site-packages/airflow/example_dags/example_trigger_target_dag.py
[2025-10-21T01:05:57.470+0000] {processor.py:836} INFO - DAG(s) dict_keys(['example_trigger_target_dag']) retrieved from /home/airflow/.local/lib/python3.7/site-packages/airflow/example_dags/example_trigger_target_dag.py
[2025-10-21T01:05:57.547+0000] {logging_mixin.py:149} INFO - [2025-10-21T01:05:57.546+0000] {dag.py:2726} INFO - Sync 1 DAGs
[2025-10-21T01:05:57.601+0000] {logging_mixin.py:149} INFO - [2025-10-21T01:05:57.600+0000] {dag.py:3490} INFO - Setting next_dagrun for example_trigger_target_dag to None, run_after=None
[2025-10-21T01:05:57.648+0000] {processor.py:179} INFO - Processing /home/airflow/.local/lib/python3.7/site-packages/airflow/example_dags/example_trigger_target_dag.py took 0.205 seconds
[2025-10-21T01:06:27.822+0000] {processor.py:157} INFO - Started process (PID=2236) to work on /home/airflow/.local/lib/python3.7/site-packages/airflow/example_dags/example_trigger_target_dag.py
[2025-10-21T01:06:27.825+0000] {processor.py:826} INFO - Processing file /home/airflow/.local/lib/python3.7/site-packages/airflow/example_dags/example_trigger_target_dag.py for tasks to queue
[2025-10-21T01:06:27.828+0000] {logging_mixin.py:149} INFO - [2025-10-21T01:06:27.827+0000] {dagbag.py:541} INFO - Filling up the DagBag from /home/airflow/.local/lib/python3.7/site-packages/airflow/example_dags/example_trigger_target_dag.py
[2025-10-21T01:06:27.842+0000] {processor.py:836} INFO - DAG(s) dict_keys(['example_trigger_target_dag']) retrieved from /home/airflow/.local/lib/python3.7/site-packages/airflow/example_dags/example_trigger_target_dag.py
[2025-10-21T01:06:27.897+0000] {logging_mixin.py:149} INFO - [2025-10-21T01:06:27.897+0000] {dag.py:2726} INFO - Sync 1 DAGs
[2025-10-21T01:06:27.967+0000] {logging_mixin.py:149} INFO - [2025-10-21T01:06:27.966+0000] {dag.py:3490} INFO - Setting next_dagrun for example_trigger_target_dag to None, run_after=None
[2025-10-21T01:06:28.018+0000] {processor.py:179} INFO - Processing /home/airflow/.local/lib/python3.7/site-packages/airflow/example_dags/example_trigger_target_dag.py took 0.203 seconds
[2025-10-21T01:06:58.803+0000] {processor.py:157} INFO - Started process (PID=2303) to work on /home/airflow/.local/lib/python3.7/site-packages/airflow/example_dags/example_trigger_target_dag.py
[2025-10-21T01:06:58.806+0000] {processor.py:826} INFO - Processing file /home/airflow/.local/lib/python3.7/site-packages/airflow/example_dags/example_trigger_target_dag.py for tasks to queue
[2025-10-21T01:06:58.810+0000] {logging_mixin.py:149} INFO - [2025-10-21T01:06:58.810+0000] {dagbag.py:541} INFO - Filling up the DagBag from /home/airflow/.local/lib/python3.7/site-packages/airflow/example_dags/example_trigger_target_dag.py
[2025-10-21T01:06:58.821+0000] {processor.py:836} INFO - DAG(s) dict_keys(['example_trigger_target_dag']) retrieved from /home/airflow/.local/lib/python3.7/site-packages/airflow/example_dags/example_trigger_target_dag.py
[2025-10-21T01:06:58.870+0000] {logging_mixin.py:149} INFO - [2025-10-21T01:06:58.870+0000] {dag.py:2726} INFO - Sync 1 DAGs
[2025-10-21T01:06:58.917+0000] {logging_mixin.py:149} INFO - [2025-10-21T01:06:58.916+0000] {dag.py:3490} INFO - Setting next_dagrun for example_trigger_target_dag to None, run_after=None
[2025-10-21T01:06:58.962+0000] {processor.py:179} INFO - Processing /home/airflow/.local/lib/python3.7/site-packages/airflow/example_dags/example_trigger_target_dag.py took 0.167 seconds
[2025-10-21T01:07:29.639+0000] {processor.py:157} INFO - Started process (PID=2370) to work on /home/airflow/.local/lib/python3.7/site-packages/airflow/example_dags/example_trigger_target_dag.py
[2025-10-21T01:07:29.642+0000] {processor.py:826} INFO - Processing file /home/airflow/.local/lib/python3.7/site-packages/airflow/example_dags/example_trigger_target_dag.py for tasks to queue
[2025-10-21T01:07:29.644+0000] {logging_mixin.py:149} INFO - [2025-10-21T01:07:29.644+0000] {dagbag.py:541} INFO - Filling up the DagBag from /home/airflow/.local/lib/python3.7/site-packages/airflow/example_dags/example_trigger_target_dag.py
[2025-10-21T01:07:29.656+0000] {processor.py:836} INFO - DAG(s) dict_keys(['example_trigger_target_dag']) retrieved from /home/airflow/.local/lib/python3.7/site-packages/airflow/example_dags/example_trigger_target_dag.py
[2025-10-21T01:07:29.708+0000] {logging_mixin.py:149} INFO - [2025-10-21T01:07:29.708+0000] {dag.py:2726} INFO - Sync 1 DAGs
[2025-10-21T01:07:29.761+0000] {logging_mixin.py:149} INFO - [2025-10-21T01:07:29.761+0000] {dag.py:3490} INFO - Setting next_dagrun for example_trigger_target_dag to None, run_after=None
[2025-10-21T01:07:29.806+0000] {processor.py:179} INFO - Processing /home/airflow/.local/lib/python3.7/site-packages/airflow/example_dags/example_trigger_target_dag.py took 0.176 seconds
[2025-10-21T01:07:59.943+0000] {processor.py:157} INFO - Started process (PID=2436) to work on /home/airflow/.local/lib/python3.7/site-packages/airflow/example_dags/example_trigger_target_dag.py
[2025-10-21T01:07:59.945+0000] {processor.py:826} INFO - Processing file /home/airflow/.local/lib/python3.7/site-packages/airflow/example_dags/example_trigger_target_dag.py for tasks to queue
[2025-10-21T01:07:59.947+0000] {logging_mixin.py:149} INFO - [2025-10-21T01:07:59.947+0000] {dagbag.py:541} INFO - Filling up the DagBag from /home/airflow/.local/lib/python3.7/site-packages/airflow/example_dags/example_trigger_target_dag.py
[2025-10-21T01:07:59.958+0000] {processor.py:836} INFO - DAG(s) dict_keys(['example_trigger_target_dag']) retrieved from /home/airflow/.local/lib/python3.7/site-packages/airflow/example_dags/example_trigger_target_dag.py
[2025-10-21T01:08:00.003+0000] {logging_mixin.py:149} INFO - [2025-10-21T01:08:00.003+0000] {dag.py:2726} INFO - Sync 1 DAGs
[2025-10-21T01:08:00.053+0000] {logging_mixin.py:149} INFO - [2025-10-21T01:08:00.052+0000] {dag.py:3490} INFO - Setting next_dagrun for example_trigger_target_dag to None, run_after=None
[2025-10-21T01:08:00.096+0000] {processor.py:179} INFO - Processing /home/airflow/.local/lib/python3.7/site-packages/airflow/example_dags/example_trigger_target_dag.py took 0.161 seconds
[2025-10-21T01:08:30.491+0000] {processor.py:157} INFO - Started process (PID=2502) to work on /home/airflow/.local/lib/python3.7/site-packages/airflow/example_dags/example_trigger_target_dag.py
[2025-10-21T01:08:30.494+0000] {processor.py:826} INFO - Processing file /home/airflow/.local/lib/python3.7/site-packages/airflow/example_dags/example_trigger_target_dag.py for tasks to queue
[2025-10-21T01:08:30.496+0000] {logging_mixin.py:149} INFO - [2025-10-21T01:08:30.496+0000] {dagbag.py:541} INFO - Filling up the DagBag from /home/airflow/.local/lib/python3.7/site-packages/airflow/example_dags/example_trigger_target_dag.py
[2025-10-21T01:08:30.508+0000] {processor.py:836} INFO - DAG(s) dict_keys(['example_trigger_target_dag']) retrieved from /home/airflow/.local/lib/python3.7/site-packages/airflow/example_dags/example_trigger_target_dag.py
[2025-10-21T01:08:30.567+0000] {logging_mixin.py:149} INFO - [2025-10-21T01:08:30.567+0000] {dag.py:2726} INFO - Sync 1 DAGs
[2025-10-21T01:08:30.623+0000] {logging_mixin.py:149} INFO - [2025-10-21T01:08:30.623+0000] {dag.py:3490} INFO - Setting next_dagrun for example_trigger_target_dag to None, run_after=None
[2025-10-21T01:08:30.671+0000] {processor.py:179} INFO - Processing /home/airflow/.local/lib/python3.7/site-packages/airflow/example_dags/example_trigger_target_dag.py took 0.186 seconds
[2025-10-21T01:09:01.306+0000] {processor.py:157} INFO - Started process (PID=2568) to work on /home/airflow/.local/lib/python3.7/site-packages/airflow/example_dags/example_trigger_target_dag.py
[2025-10-21T01:09:01.309+0000] {processor.py:826} INFO - Processing file /home/airflow/.local/lib/python3.7/site-packages/airflow/example_dags/example_trigger_target_dag.py for tasks to queue
[2025-10-21T01:09:01.311+0000] {logging_mixin.py:149} INFO - [2025-10-21T01:09:01.311+0000] {dagbag.py:541} INFO - Filling up the DagBag from /home/airflow/.local/lib/python3.7/site-packages/airflow/example_dags/example_trigger_target_dag.py
[2025-10-21T01:09:01.325+0000] {processor.py:836} INFO - DAG(s) dict_keys(['example_trigger_target_dag']) retrieved from /home/airflow/.local/lib/python3.7/site-packages/airflow/example_dags/example_trigger_target_dag.py
[2025-10-21T01:09:01.381+0000] {logging_mixin.py:149} INFO - [2025-10-21T01:09:01.380+0000] {dag.py:2726} INFO - Sync 1 DAGs
[2025-10-21T01:09:01.440+0000] {logging_mixin.py:149} INFO - [2025-10-21T01:09:01.440+0000] {dag.py:3490} INFO - Setting next_dagrun for example_trigger_target_dag to None, run_after=None
[2025-10-21T01:09:01.490+0000] {processor.py:179} INFO - Processing /home/airflow/.local/lib/python3.7/site-packages/airflow/example_dags/example_trigger_target_dag.py took 0.190 seconds
[2025-10-21T01:09:32.157+0000] {processor.py:157} INFO - Started process (PID=2634) to work on /home/airflow/.local/lib/python3.7/site-packages/airflow/example_dags/example_trigger_target_dag.py
[2025-10-21T01:09:32.160+0000] {processor.py:826} INFO - Processing file /home/airflow/.local/lib/python3.7/site-packages/airflow/example_dags/example_trigger_target_dag.py for tasks to queue
[2025-10-21T01:09:32.162+0000] {logging_mixin.py:149} INFO - [2025-10-21T01:09:32.162+0000] {dagbag.py:541} INFO - Filling up the DagBag from /home/airflow/.local/lib/python3.7/site-packages/airflow/example_dags/example_trigger_target_dag.py
[2025-10-21T01:09:32.178+0000] {processor.py:836} INFO - DAG(s) dict_keys(['example_trigger_target_dag']) retrieved from /home/airflow/.local/lib/python3.7/site-packages/airflow/example_dags/example_trigger_target_dag.py
[2025-10-21T01:09:32.237+0000] {logging_mixin.py:149} INFO - [2025-10-21T01:09:32.236+0000] {dag.py:2726} INFO - Sync 1 DAGs
[2025-10-21T01:09:32.294+0000] {logging_mixin.py:149} INFO - [2025-10-21T01:09:32.294+0000] {dag.py:3490} INFO - Setting next_dagrun for example_trigger_target_dag to None, run_after=None
[2025-10-21T01:09:32.343+0000] {processor.py:179} INFO - Processing /home/airflow/.local/lib/python3.7/site-packages/airflow/example_dags/example_trigger_target_dag.py took 0.194 seconds
[2025-10-21T01:10:02.780+0000] {processor.py:157} INFO - Started process (PID=2701) to work on /home/airflow/.local/lib/python3.7/site-packages/airflow/example_dags/example_trigger_target_dag.py
[2025-10-21T01:10:02.784+0000] {processor.py:826} INFO - Processing file /home/airflow/.local/lib/python3.7/site-packages/airflow/example_dags/example_trigger_target_dag.py for tasks to queue
[2025-10-21T01:10:02.787+0000] {logging_mixin.py:149} INFO - [2025-10-21T01:10:02.786+0000] {dagbag.py:541} INFO - Filling up the DagBag from /home/airflow/.local/lib/python3.7/site-packages/airflow/example_dags/example_trigger_target_dag.py
[2025-10-21T01:10:02.814+0000] {processor.py:836} INFO - DAG(s) dict_keys(['example_trigger_target_dag']) retrieved from /home/airflow/.local/lib/python3.7/site-packages/airflow/example_dags/example_trigger_target_dag.py
[2025-10-21T01:10:02.889+0000] {logging_mixin.py:149} INFO - [2025-10-21T01:10:02.888+0000] {dag.py:2726} INFO - Sync 1 DAGs
[2025-10-21T01:10:02.965+0000] {logging_mixin.py:149} INFO - [2025-10-21T01:10:02.965+0000] {dag.py:3490} INFO - Setting next_dagrun for example_trigger_target_dag to None, run_after=None
[2025-10-21T01:10:03.027+0000] {processor.py:179} INFO - Processing /home/airflow/.local/lib/python3.7/site-packages/airflow/example_dags/example_trigger_target_dag.py took 0.258 seconds
[2025-10-21T01:10:33.140+0000] {processor.py:157} INFO - Started process (PID=2768) to work on /home/airflow/.local/lib/python3.7/site-packages/airflow/example_dags/example_trigger_target_dag.py
[2025-10-21T01:10:33.142+0000] {processor.py:826} INFO - Processing file /home/airflow/.local/lib/python3.7/site-packages/airflow/example_dags/example_trigger_target_dag.py for tasks to queue
[2025-10-21T01:10:33.144+0000] {logging_mixin.py:149} INFO - [2025-10-21T01:10:33.144+0000] {dagbag.py:541} INFO - Filling up the DagBag from /home/airflow/.local/lib/python3.7/site-packages/airflow/example_dags/example_trigger_target_dag.py
[2025-10-21T01:10:33.159+0000] {processor.py:836} INFO - DAG(s) dict_keys(['example_trigger_target_dag']) retrieved from /home/airflow/.local/lib/python3.7/site-packages/airflow/example_dags/example_trigger_target_dag.py
[2025-10-21T01:10:33.222+0000] {logging_mixin.py:149} INFO - [2025-10-21T01:10:33.222+0000] {dag.py:2726} INFO - Sync 1 DAGs
[2025-10-21T01:10:33.288+0000] {logging_mixin.py:149} INFO - [2025-10-21T01:10:33.287+0000] {dag.py:3490} INFO - Setting next_dagrun for example_trigger_target_dag to None, run_after=None
[2025-10-21T01:10:33.335+0000] {processor.py:179} INFO - Processing /home/airflow/.local/lib/python3.7/site-packages/airflow/example_dags/example_trigger_target_dag.py took 0.202 seconds
[2025-10-21T01:11:03.751+0000] {processor.py:157} INFO - Started process (PID=2834) to work on /home/airflow/.local/lib/python3.7/site-packages/airflow/example_dags/example_trigger_target_dag.py
[2025-10-21T01:11:03.754+0000] {processor.py:826} INFO - Processing file /home/airflow/.local/lib/python3.7/site-packages/airflow/example_dags/example_trigger_target_dag.py for tasks to queue
[2025-10-21T01:11:03.756+0000] {logging_mixin.py:149} INFO - [2025-10-21T01:11:03.756+0000] {dagbag.py:541} INFO - Filling up the DagBag from /home/airflow/.local/lib/python3.7/site-packages/airflow/example_dags/example_trigger_target_dag.py
[2025-10-21T01:11:03.769+0000] {processor.py:836} INFO - DAG(s) dict_keys(['example_trigger_target_dag']) retrieved from /home/airflow/.local/lib/python3.7/site-packages/airflow/example_dags/example_trigger_target_dag.py
[2025-10-21T01:11:03.824+0000] {logging_mixin.py:149} INFO - [2025-10-21T01:11:03.824+0000] {dag.py:2726} INFO - Sync 1 DAGs
[2025-10-21T01:11:03.872+0000] {logging_mixin.py:149} INFO - [2025-10-21T01:11:03.872+0000] {dag.py:3490} INFO - Setting next_dagrun for example_trigger_target_dag to None, run_after=None
[2025-10-21T01:11:03.914+0000] {processor.py:179} INFO - Processing /home/airflow/.local/lib/python3.7/site-packages/airflow/example_dags/example_trigger_target_dag.py took 0.171 seconds
[2025-10-21T01:11:34.538+0000] {processor.py:157} INFO - Started process (PID=2900) to work on /home/airflow/.local/lib/python3.7/site-packages/airflow/example_dags/example_trigger_target_dag.py
[2025-10-21T01:11:34.540+0000] {processor.py:826} INFO - Processing file /home/airflow/.local/lib/python3.7/site-packages/airflow/example_dags/example_trigger_target_dag.py for tasks to queue
[2025-10-21T01:11:34.542+0000] {logging_mixin.py:149} INFO - [2025-10-21T01:11:34.542+0000] {dagbag.py:541} INFO - Filling up the DagBag from /home/airflow/.local/lib/python3.7/site-packages/airflow/example_dags/example_trigger_target_dag.py
[2025-10-21T01:11:34.556+0000] {processor.py:836} INFO - DAG(s) dict_keys(['example_trigger_target_dag']) retrieved from /home/airflow/.local/lib/python3.7/site-packages/airflow/example_dags/example_trigger_target_dag.py
[2025-10-21T01:11:34.608+0000] {logging_mixin.py:149} INFO - [2025-10-21T01:11:34.608+0000] {dag.py:2726} INFO - Sync 1 DAGs
[2025-10-21T01:11:34.670+0000] {logging_mixin.py:149} INFO - [2025-10-21T01:11:34.670+0000] {dag.py:3490} INFO - Setting next_dagrun for example_trigger_target_dag to None, run_after=None
[2025-10-21T01:11:34.714+0000] {processor.py:179} INFO - Processing /home/airflow/.local/lib/python3.7/site-packages/airflow/example_dags/example_trigger_target_dag.py took 0.184 seconds
[2025-10-21T01:12:05.140+0000] {processor.py:157} INFO - Started process (PID=2966) to work on /home/airflow/.local/lib/python3.7/site-packages/airflow/example_dags/example_trigger_target_dag.py
[2025-10-21T01:12:05.143+0000] {processor.py:826} INFO - Processing file /home/airflow/.local/lib/python3.7/site-packages/airflow/example_dags/example_trigger_target_dag.py for tasks to queue
[2025-10-21T01:12:05.145+0000] {logging_mixin.py:149} INFO - [2025-10-21T01:12:05.145+0000] {dagbag.py:541} INFO - Filling up the DagBag from /home/airflow/.local/lib/python3.7/site-packages/airflow/example_dags/example_trigger_target_dag.py
[2025-10-21T01:12:05.159+0000] {processor.py:836} INFO - DAG(s) dict_keys(['example_trigger_target_dag']) retrieved from /home/airflow/.local/lib/python3.7/site-packages/airflow/example_dags/example_trigger_target_dag.py
[2025-10-21T01:12:05.228+0000] {logging_mixin.py:149} INFO - [2025-10-21T01:12:05.227+0000] {dag.py:2726} INFO - Sync 1 DAGs
[2025-10-21T01:12:05.319+0000] {logging_mixin.py:149} INFO - [2025-10-21T01:12:05.319+0000] {dag.py:3490} INFO - Setting next_dagrun for example_trigger_target_dag to None, run_after=None
[2025-10-21T01:12:05.379+0000] {processor.py:179} INFO - Processing /home/airflow/.local/lib/python3.7/site-packages/airflow/example_dags/example_trigger_target_dag.py took 0.248 seconds
[2025-10-21T01:12:36.508+0000] {processor.py:157} INFO - Started process (PID=3033) to work on /home/airflow/.local/lib/python3.7/site-packages/airflow/example_dags/example_trigger_target_dag.py
[2025-10-21T01:12:36.510+0000] {processor.py:826} INFO - Processing file /home/airflow/.local/lib/python3.7/site-packages/airflow/example_dags/example_trigger_target_dag.py for tasks to queue
[2025-10-21T01:12:36.511+0000] {logging_mixin.py:149} INFO - [2025-10-21T01:12:36.511+0000] {dagbag.py:541} INFO - Filling up the DagBag from /home/airflow/.local/lib/python3.7/site-packages/airflow/example_dags/example_trigger_target_dag.py
[2025-10-21T01:12:36.521+0000] {processor.py:836} INFO - DAG(s) dict_keys(['example_trigger_target_dag']) retrieved from /home/airflow/.local/lib/python3.7/site-packages/airflow/example_dags/example_trigger_target_dag.py
[2025-10-21T01:12:36.566+0000] {logging_mixin.py:149} INFO - [2025-10-21T01:12:36.566+0000] {dag.py:2726} INFO - Sync 1 DAGs
[2025-10-21T01:12:36.610+0000] {logging_mixin.py:149} INFO - [2025-10-21T01:12:36.610+0000] {dag.py:3490} INFO - Setting next_dagrun for example_trigger_target_dag to None, run_after=None
[2025-10-21T01:12:36.646+0000] {processor.py:179} INFO - Processing /home/airflow/.local/lib/python3.7/site-packages/airflow/example_dags/example_trigger_target_dag.py took 0.144 seconds
[2025-10-21T01:13:07.541+0000] {processor.py:157} INFO - Started process (PID=3098) to work on /home/airflow/.local/lib/python3.7/site-packages/airflow/example_dags/example_trigger_target_dag.py
[2025-10-21T01:13:07.544+0000] {processor.py:826} INFO - Processing file /home/airflow/.local/lib/python3.7/site-packages/airflow/example_dags/example_trigger_target_dag.py for tasks to queue
[2025-10-21T01:13:07.546+0000] {logging_mixin.py:149} INFO - [2025-10-21T01:13:07.546+0000] {dagbag.py:541} INFO - Filling up the DagBag from /home/airflow/.local/lib/python3.7/site-packages/airflow/example_dags/example_trigger_target_dag.py
[2025-10-21T01:13:07.561+0000] {processor.py:836} INFO - DAG(s) dict_keys(['example_trigger_target_dag']) retrieved from /home/airflow/.local/lib/python3.7/site-packages/airflow/example_dags/example_trigger_target_dag.py
[2025-10-21T01:13:07.644+0000] {logging_mixin.py:149} INFO - [2025-10-21T01:13:07.644+0000] {dag.py:2726} INFO - Sync 1 DAGs
[2025-10-21T01:13:07.711+0000] {logging_mixin.py:149} INFO - [2025-10-21T01:13:07.710+0000] {dag.py:3490} INFO - Setting next_dagrun for example_trigger_target_dag to None, run_after=None
[2025-10-21T01:13:07.757+0000] {processor.py:179} INFO - Processing /home/airflow/.local/lib/python3.7/site-packages/airflow/example_dags/example_trigger_target_dag.py took 0.225 seconds
[2025-10-21T01:13:37.998+0000] {processor.py:157} INFO - Started process (PID=3155) to work on /home/airflow/.local/lib/python3.7/site-packages/airflow/example_dags/example_trigger_target_dag.py
[2025-10-21T01:13:38.000+0000] {processor.py:826} INFO - Processing file /home/airflow/.local/lib/python3.7/site-packages/airflow/example_dags/example_trigger_target_dag.py for tasks to queue
[2025-10-21T01:13:38.003+0000] {logging_mixin.py:149} INFO - [2025-10-21T01:13:38.003+0000] {dagbag.py:541} INFO - Filling up the DagBag from /home/airflow/.local/lib/python3.7/site-packages/airflow/example_dags/example_trigger_target_dag.py
[2025-10-21T01:13:38.014+0000] {processor.py:836} INFO - DAG(s) dict_keys(['example_trigger_target_dag']) retrieved from /home/airflow/.local/lib/python3.7/site-packages/airflow/example_dags/example_trigger_target_dag.py
[2025-10-21T01:13:38.072+0000] {logging_mixin.py:149} INFO - [2025-10-21T01:13:38.071+0000] {dag.py:2726} INFO - Sync 1 DAGs
[2025-10-21T01:13:38.126+0000] {logging_mixin.py:149} INFO - [2025-10-21T01:13:38.126+0000] {dag.py:3490} INFO - Setting next_dagrun for example_trigger_target_dag to None, run_after=None
[2025-10-21T01:13:38.169+0000] {processor.py:179} INFO - Processing /home/airflow/.local/lib/python3.7/site-packages/airflow/example_dags/example_trigger_target_dag.py took 0.180 seconds
[2025-10-21T01:14:08.552+0000] {processor.py:157} INFO - Started process (PID=3221) to work on /home/airflow/.local/lib/python3.7/site-packages/airflow/example_dags/example_trigger_target_dag.py
[2025-10-21T01:14:08.553+0000] {processor.py:826} INFO - Processing file /home/airflow/.local/lib/python3.7/site-packages/airflow/example_dags/example_trigger_target_dag.py for tasks to queue
[2025-10-21T01:14:08.555+0000] {logging_mixin.py:149} INFO - [2025-10-21T01:14:08.555+0000] {dagbag.py:541} INFO - Filling up the DagBag from /home/airflow/.local/lib/python3.7/site-packages/airflow/example_dags/example_trigger_target_dag.py
[2025-10-21T01:14:08.567+0000] {processor.py:836} INFO - DAG(s) dict_keys(['example_trigger_target_dag']) retrieved from /home/airflow/.local/lib/python3.7/site-packages/airflow/example_dags/example_trigger_target_dag.py
[2025-10-21T01:14:08.620+0000] {logging_mixin.py:149} INFO - [2025-10-21T01:14:08.619+0000] {dag.py:2726} INFO - Sync 1 DAGs
[2025-10-21T01:14:08.670+0000] {logging_mixin.py:149} INFO - [2025-10-21T01:14:08.670+0000] {dag.py:3490} INFO - Setting next_dagrun for example_trigger_target_dag to None, run_after=None
[2025-10-21T01:14:08.714+0000] {processor.py:179} INFO - Processing /home/airflow/.local/lib/python3.7/site-packages/airflow/example_dags/example_trigger_target_dag.py took 0.170 seconds
[2025-10-21T01:14:39.178+0000] {processor.py:157} INFO - Started process (PID=3287) to work on /home/airflow/.local/lib/python3.7/site-packages/airflow/example_dags/example_trigger_target_dag.py
[2025-10-21T01:14:39.180+0000] {processor.py:826} INFO - Processing file /home/airflow/.local/lib/python3.7/site-packages/airflow/example_dags/example_trigger_target_dag.py for tasks to queue
[2025-10-21T01:14:39.182+0000] {logging_mixin.py:149} INFO - [2025-10-21T01:14:39.182+0000] {dagbag.py:541} INFO - Filling up the DagBag from /home/airflow/.local/lib/python3.7/site-packages/airflow/example_dags/example_trigger_target_dag.py
[2025-10-21T01:14:39.197+0000] {processor.py:836} INFO - DAG(s) dict_keys(['example_trigger_target_dag']) retrieved from /home/airflow/.local/lib/python3.7/site-packages/airflow/example_dags/example_trigger_target_dag.py
[2025-10-21T01:14:39.259+0000] {logging_mixin.py:149} INFO - [2025-10-21T01:14:39.258+0000] {dag.py:2726} INFO - Sync 1 DAGs
[2025-10-21T01:14:39.310+0000] {logging_mixin.py:149} INFO - [2025-10-21T01:14:39.310+0000] {dag.py:3490} INFO - Setting next_dagrun for example_trigger_target_dag to None, run_after=None
[2025-10-21T01:14:39.352+0000] {processor.py:179} INFO - Processing /home/airflow/.local/lib/python3.7/site-packages/airflow/example_dags/example_trigger_target_dag.py took 0.183 seconds
[2025-10-21T01:15:09.609+0000] {processor.py:157} INFO - Started process (PID=3353) to work on /home/airflow/.local/lib/python3.7/site-packages/airflow/example_dags/example_trigger_target_dag.py
[2025-10-21T01:15:09.613+0000] {processor.py:826} INFO - Processing file /home/airflow/.local/lib/python3.7/site-packages/airflow/example_dags/example_trigger_target_dag.py for tasks to queue
[2025-10-21T01:15:09.616+0000] {logging_mixin.py:149} INFO - [2025-10-21T01:15:09.615+0000] {dagbag.py:541} INFO - Filling up the DagBag from /home/airflow/.local/lib/python3.7/site-packages/airflow/example_dags/example_trigger_target_dag.py
[2025-10-21T01:15:09.638+0000] {processor.py:836} INFO - DAG(s) dict_keys(['example_trigger_target_dag']) retrieved from /home/airflow/.local/lib/python3.7/site-packages/airflow/example_dags/example_trigger_target_dag.py
[2025-10-21T01:15:09.712+0000] {logging_mixin.py:149} INFO - [2025-10-21T01:15:09.712+0000] {dag.py:2726} INFO - Sync 1 DAGs
[2025-10-21T01:15:09.780+0000] {logging_mixin.py:149} INFO - [2025-10-21T01:15:09.780+0000] {dag.py:3490} INFO - Setting next_dagrun for example_trigger_target_dag to None, run_after=None
[2025-10-21T01:15:09.827+0000] {processor.py:179} INFO - Processing /home/airflow/.local/lib/python3.7/site-packages/airflow/example_dags/example_trigger_target_dag.py took 0.231 seconds
[2025-10-21T01:15:40.235+0000] {processor.py:157} INFO - Started process (PID=3419) to work on /home/airflow/.local/lib/python3.7/site-packages/airflow/example_dags/example_trigger_target_dag.py
[2025-10-21T01:15:40.242+0000] {processor.py:826} INFO - Processing file /home/airflow/.local/lib/python3.7/site-packages/airflow/example_dags/example_trigger_target_dag.py for tasks to queue
[2025-10-21T01:15:40.245+0000] {logging_mixin.py:149} INFO - [2025-10-21T01:15:40.244+0000] {dagbag.py:541} INFO - Filling up the DagBag from /home/airflow/.local/lib/python3.7/site-packages/airflow/example_dags/example_trigger_target_dag.py
[2025-10-21T01:15:40.259+0000] {processor.py:836} INFO - DAG(s) dict_keys(['example_trigger_target_dag']) retrieved from /home/airflow/.local/lib/python3.7/site-packages/airflow/example_dags/example_trigger_target_dag.py
[2025-10-21T01:15:40.328+0000] {logging_mixin.py:149} INFO - [2025-10-21T01:15:40.327+0000] {dag.py:2726} INFO - Sync 1 DAGs
[2025-10-21T01:15:40.395+0000] {logging_mixin.py:149} INFO - [2025-10-21T01:15:40.395+0000] {dag.py:3490} INFO - Setting next_dagrun for example_trigger_target_dag to None, run_after=None
[2025-10-21T01:15:40.446+0000] {processor.py:179} INFO - Processing /home/airflow/.local/lib/python3.7/site-packages/airflow/example_dags/example_trigger_target_dag.py took 0.221 seconds
[2025-10-21T01:16:10.918+0000] {processor.py:157} INFO - Started process (PID=3486) to work on /home/airflow/.local/lib/python3.7/site-packages/airflow/example_dags/example_trigger_target_dag.py
[2025-10-21T01:16:10.921+0000] {processor.py:826} INFO - Processing file /home/airflow/.local/lib/python3.7/site-packages/airflow/example_dags/example_trigger_target_dag.py for tasks to queue
[2025-10-21T01:16:10.923+0000] {logging_mixin.py:149} INFO - [2025-10-21T01:16:10.923+0000] {dagbag.py:541} INFO - Filling up the DagBag from /home/airflow/.local/lib/python3.7/site-packages/airflow/example_dags/example_trigger_target_dag.py
[2025-10-21T01:16:10.935+0000] {processor.py:836} INFO - DAG(s) dict_keys(['example_trigger_target_dag']) retrieved from /home/airflow/.local/lib/python3.7/site-packages/airflow/example_dags/example_trigger_target_dag.py
[2025-10-21T01:16:10.988+0000] {logging_mixin.py:149} INFO - [2025-10-21T01:16:10.987+0000] {dag.py:2726} INFO - Sync 1 DAGs
[2025-10-21T01:16:11.041+0000] {logging_mixin.py:149} INFO - [2025-10-21T01:16:11.041+0000] {dag.py:3490} INFO - Setting next_dagrun for example_trigger_target_dag to None, run_after=None
[2025-10-21T01:16:11.082+0000] {processor.py:179} INFO - Processing /home/airflow/.local/lib/python3.7/site-packages/airflow/example_dags/example_trigger_target_dag.py took 0.171 seconds
[2025-10-21T01:16:41.477+0000] {processor.py:157} INFO - Started process (PID=3552) to work on /home/airflow/.local/lib/python3.7/site-packages/airflow/example_dags/example_trigger_target_dag.py
[2025-10-21T01:16:41.479+0000] {processor.py:826} INFO - Processing file /home/airflow/.local/lib/python3.7/site-packages/airflow/example_dags/example_trigger_target_dag.py for tasks to queue
[2025-10-21T01:16:41.481+0000] {logging_mixin.py:149} INFO - [2025-10-21T01:16:41.480+0000] {dagbag.py:541} INFO - Filling up the DagBag from /home/airflow/.local/lib/python3.7/site-packages/airflow/example_dags/example_trigger_target_dag.py
[2025-10-21T01:16:41.491+0000] {processor.py:836} INFO - DAG(s) dict_keys(['example_trigger_target_dag']) retrieved from /home/airflow/.local/lib/python3.7/site-packages/airflow/example_dags/example_trigger_target_dag.py
[2025-10-21T01:16:41.548+0000] {logging_mixin.py:149} INFO - [2025-10-21T01:16:41.548+0000] {dag.py:2726} INFO - Sync 1 DAGs
[2025-10-21T01:16:41.611+0000] {logging_mixin.py:149} INFO - [2025-10-21T01:16:41.611+0000] {dag.py:3490} INFO - Setting next_dagrun for example_trigger_target_dag to None, run_after=None
[2025-10-21T01:16:41.660+0000] {processor.py:179} INFO - Processing /home/airflow/.local/lib/python3.7/site-packages/airflow/example_dags/example_trigger_target_dag.py took 0.188 seconds
[2025-10-21T01:17:12.141+0000] {processor.py:157} INFO - Started process (PID=3626) to work on /home/airflow/.local/lib/python3.7/site-packages/airflow/example_dags/example_trigger_target_dag.py
[2025-10-21T01:17:12.143+0000] {processor.py:826} INFO - Processing file /home/airflow/.local/lib/python3.7/site-packages/airflow/example_dags/example_trigger_target_dag.py for tasks to queue
[2025-10-21T01:17:12.146+0000] {logging_mixin.py:149} INFO - [2025-10-21T01:17:12.145+0000] {dagbag.py:541} INFO - Filling up the DagBag from /home/airflow/.local/lib/python3.7/site-packages/airflow/example_dags/example_trigger_target_dag.py
[2025-10-21T01:17:12.160+0000] {processor.py:836} INFO - DAG(s) dict_keys(['example_trigger_target_dag']) retrieved from /home/airflow/.local/lib/python3.7/site-packages/airflow/example_dags/example_trigger_target_dag.py
[2025-10-21T01:17:12.218+0000] {logging_mixin.py:149} INFO - [2025-10-21T01:17:12.218+0000] {dag.py:2726} INFO - Sync 1 DAGs
[2025-10-21T01:17:12.287+0000] {logging_mixin.py:149} INFO - [2025-10-21T01:17:12.287+0000] {dag.py:3490} INFO - Setting next_dagrun for example_trigger_target_dag to None, run_after=None
[2025-10-21T01:17:12.336+0000] {processor.py:179} INFO - Processing /home/airflow/.local/lib/python3.7/site-packages/airflow/example_dags/example_trigger_target_dag.py took 0.204 seconds
