[2025-10-21T00:49:53.702+0000] {processor.py:157} INFO - Started process (PID=88) to work on /home/airflow/.local/lib/python3.7/site-packages/airflow/example_dags/tutorial_taskflow_api.py
[2025-10-21T00:49:53.705+0000] {processor.py:826} INFO - Processing file /home/airflow/.local/lib/python3.7/site-packages/airflow/example_dags/tutorial_taskflow_api.py for tasks to queue
[2025-10-21T00:49:53.708+0000] {logging_mixin.py:149} INFO - [2025-10-21T00:49:53.707+0000] {dagbag.py:541} INFO - Filling up the DagBag from /home/airflow/.local/lib/python3.7/site-packages/airflow/example_dags/tutorial_taskflow_api.py
[2025-10-21T00:49:53.730+0000] {processor.py:836} INFO - DAG(s) dict_keys(['tutorial_taskflow_api']) retrieved from /home/airflow/.local/lib/python3.7/site-packages/airflow/example_dags/tutorial_taskflow_api.py
[2025-10-21T00:49:53.823+0000] {logging_mixin.py:149} INFO - [2025-10-21T00:49:53.822+0000] {dag.py:2726} INFO - Sync 1 DAGs
[2025-10-21T00:49:54.209+0000] {logging_mixin.py:149} INFO - [2025-10-21T00:49:54.209+0000] {dag.py:3490} INFO - Setting next_dagrun for tutorial_taskflow_api to None, run_after=None
[2025-10-21T00:49:54.349+0000] {processor.py:179} INFO - Processing /home/airflow/.local/lib/python3.7/site-packages/airflow/example_dags/tutorial_taskflow_api.py took 0.661 seconds
[2025-10-21T00:50:24.875+0000] {processor.py:157} INFO - Started process (PID=154) to work on /home/airflow/.local/lib/python3.7/site-packages/airflow/example_dags/tutorial_taskflow_api.py
[2025-10-21T00:50:24.880+0000] {processor.py:826} INFO - Processing file /home/airflow/.local/lib/python3.7/site-packages/airflow/example_dags/tutorial_taskflow_api.py for tasks to queue
[2025-10-21T00:50:24.883+0000] {logging_mixin.py:149} INFO - [2025-10-21T00:50:24.883+0000] {dagbag.py:541} INFO - Filling up the DagBag from /home/airflow/.local/lib/python3.7/site-packages/airflow/example_dags/tutorial_taskflow_api.py
[2025-10-21T00:50:24.902+0000] {processor.py:836} INFO - DAG(s) dict_keys(['tutorial_taskflow_api']) retrieved from /home/airflow/.local/lib/python3.7/site-packages/airflow/example_dags/tutorial_taskflow_api.py
[2025-10-21T00:50:24.972+0000] {logging_mixin.py:149} INFO - [2025-10-21T00:50:24.972+0000] {dag.py:2726} INFO - Sync 1 DAGs
[2025-10-21T00:50:25.058+0000] {logging_mixin.py:149} INFO - [2025-10-21T00:50:25.058+0000] {dag.py:3490} INFO - Setting next_dagrun for tutorial_taskflow_api to None, run_after=None
[2025-10-21T00:50:25.137+0000] {processor.py:179} INFO - Processing /home/airflow/.local/lib/python3.7/site-packages/airflow/example_dags/tutorial_taskflow_api.py took 0.272 seconds
[2025-10-21T00:50:55.880+0000] {processor.py:157} INFO - Started process (PID=220) to work on /home/airflow/.local/lib/python3.7/site-packages/airflow/example_dags/tutorial_taskflow_api.py
[2025-10-21T00:50:55.887+0000] {processor.py:826} INFO - Processing file /home/airflow/.local/lib/python3.7/site-packages/airflow/example_dags/tutorial_taskflow_api.py for tasks to queue
[2025-10-21T00:50:55.890+0000] {logging_mixin.py:149} INFO - [2025-10-21T00:50:55.889+0000] {dagbag.py:541} INFO - Filling up the DagBag from /home/airflow/.local/lib/python3.7/site-packages/airflow/example_dags/tutorial_taskflow_api.py
[2025-10-21T00:50:55.913+0000] {processor.py:836} INFO - DAG(s) dict_keys(['tutorial_taskflow_api']) retrieved from /home/airflow/.local/lib/python3.7/site-packages/airflow/example_dags/tutorial_taskflow_api.py
[2025-10-21T00:50:56.036+0000] {logging_mixin.py:149} INFO - [2025-10-21T00:50:56.034+0000] {dag.py:2726} INFO - Sync 1 DAGs
[2025-10-21T00:50:56.122+0000] {logging_mixin.py:149} INFO - [2025-10-21T00:50:56.122+0000] {dag.py:3490} INFO - Setting next_dagrun for tutorial_taskflow_api to None, run_after=None
[2025-10-21T00:50:56.217+0000] {processor.py:179} INFO - Processing /home/airflow/.local/lib/python3.7/site-packages/airflow/example_dags/tutorial_taskflow_api.py took 0.349 seconds
[2025-10-21T00:51:26.546+0000] {processor.py:157} INFO - Started process (PID=286) to work on /home/airflow/.local/lib/python3.7/site-packages/airflow/example_dags/tutorial_taskflow_api.py
[2025-10-21T00:51:26.550+0000] {processor.py:826} INFO - Processing file /home/airflow/.local/lib/python3.7/site-packages/airflow/example_dags/tutorial_taskflow_api.py for tasks to queue
[2025-10-21T00:51:26.552+0000] {logging_mixin.py:149} INFO - [2025-10-21T00:51:26.552+0000] {dagbag.py:541} INFO - Filling up the DagBag from /home/airflow/.local/lib/python3.7/site-packages/airflow/example_dags/tutorial_taskflow_api.py
[2025-10-21T00:51:26.575+0000] {processor.py:836} INFO - DAG(s) dict_keys(['tutorial_taskflow_api']) retrieved from /home/airflow/.local/lib/python3.7/site-packages/airflow/example_dags/tutorial_taskflow_api.py
[2025-10-21T00:51:26.683+0000] {logging_mixin.py:149} INFO - [2025-10-21T00:51:26.682+0000] {dag.py:2726} INFO - Sync 1 DAGs
[2025-10-21T00:51:26.803+0000] {logging_mixin.py:149} INFO - [2025-10-21T00:51:26.802+0000] {dag.py:3490} INFO - Setting next_dagrun for tutorial_taskflow_api to None, run_after=None
[2025-10-21T00:51:26.893+0000] {processor.py:179} INFO - Processing /home/airflow/.local/lib/python3.7/site-packages/airflow/example_dags/tutorial_taskflow_api.py took 0.360 seconds
[2025-10-21T00:51:57.474+0000] {processor.py:157} INFO - Started process (PID=352) to work on /home/airflow/.local/lib/python3.7/site-packages/airflow/example_dags/tutorial_taskflow_api.py
[2025-10-21T00:51:57.478+0000] {processor.py:826} INFO - Processing file /home/airflow/.local/lib/python3.7/site-packages/airflow/example_dags/tutorial_taskflow_api.py for tasks to queue
[2025-10-21T00:51:57.481+0000] {logging_mixin.py:149} INFO - [2025-10-21T00:51:57.480+0000] {dagbag.py:541} INFO - Filling up the DagBag from /home/airflow/.local/lib/python3.7/site-packages/airflow/example_dags/tutorial_taskflow_api.py
[2025-10-21T00:51:57.507+0000] {processor.py:836} INFO - DAG(s) dict_keys(['tutorial_taskflow_api']) retrieved from /home/airflow/.local/lib/python3.7/site-packages/airflow/example_dags/tutorial_taskflow_api.py
[2025-10-21T00:51:57.608+0000] {logging_mixin.py:149} INFO - [2025-10-21T00:51:57.608+0000] {dag.py:2726} INFO - Sync 1 DAGs
[2025-10-21T00:51:57.724+0000] {logging_mixin.py:149} INFO - [2025-10-21T00:51:57.724+0000] {dag.py:3490} INFO - Setting next_dagrun for tutorial_taskflow_api to None, run_after=None
[2025-10-21T00:51:57.810+0000] {processor.py:179} INFO - Processing /home/airflow/.local/lib/python3.7/site-packages/airflow/example_dags/tutorial_taskflow_api.py took 0.349 seconds
[2025-10-21T00:52:28.524+0000] {processor.py:157} INFO - Started process (PID=417) to work on /home/airflow/.local/lib/python3.7/site-packages/airflow/example_dags/tutorial_taskflow_api.py
[2025-10-21T00:52:28.526+0000] {processor.py:826} INFO - Processing file /home/airflow/.local/lib/python3.7/site-packages/airflow/example_dags/tutorial_taskflow_api.py for tasks to queue
[2025-10-21T00:52:28.528+0000] {logging_mixin.py:149} INFO - [2025-10-21T00:52:28.528+0000] {dagbag.py:541} INFO - Filling up the DagBag from /home/airflow/.local/lib/python3.7/site-packages/airflow/example_dags/tutorial_taskflow_api.py
[2025-10-21T00:52:28.542+0000] {processor.py:836} INFO - DAG(s) dict_keys(['tutorial_taskflow_api']) retrieved from /home/airflow/.local/lib/python3.7/site-packages/airflow/example_dags/tutorial_taskflow_api.py
[2025-10-21T00:52:28.601+0000] {logging_mixin.py:149} INFO - [2025-10-21T00:52:28.600+0000] {dag.py:2726} INFO - Sync 1 DAGs
[2025-10-21T00:52:28.658+0000] {logging_mixin.py:149} INFO - [2025-10-21T00:52:28.657+0000] {dag.py:3490} INFO - Setting next_dagrun for tutorial_taskflow_api to None, run_after=None
[2025-10-21T00:52:28.705+0000] {processor.py:179} INFO - Processing /home/airflow/.local/lib/python3.7/site-packages/airflow/example_dags/tutorial_taskflow_api.py took 0.187 seconds
[2025-10-21T00:52:58.986+0000] {processor.py:157} INFO - Started process (PID=483) to work on /home/airflow/.local/lib/python3.7/site-packages/airflow/example_dags/tutorial_taskflow_api.py
[2025-10-21T00:52:58.990+0000] {processor.py:826} INFO - Processing file /home/airflow/.local/lib/python3.7/site-packages/airflow/example_dags/tutorial_taskflow_api.py for tasks to queue
[2025-10-21T00:52:58.993+0000] {logging_mixin.py:149} INFO - [2025-10-21T00:52:58.992+0000] {dagbag.py:541} INFO - Filling up the DagBag from /home/airflow/.local/lib/python3.7/site-packages/airflow/example_dags/tutorial_taskflow_api.py
[2025-10-21T00:52:59.013+0000] {processor.py:836} INFO - DAG(s) dict_keys(['tutorial_taskflow_api']) retrieved from /home/airflow/.local/lib/python3.7/site-packages/airflow/example_dags/tutorial_taskflow_api.py
[2025-10-21T00:52:59.082+0000] {logging_mixin.py:149} INFO - [2025-10-21T00:52:59.081+0000] {dag.py:2726} INFO - Sync 1 DAGs
[2025-10-21T00:52:59.152+0000] {logging_mixin.py:149} INFO - [2025-10-21T00:52:59.152+0000] {dag.py:3490} INFO - Setting next_dagrun for tutorial_taskflow_api to None, run_after=None
[2025-10-21T00:52:59.200+0000] {processor.py:179} INFO - Processing /home/airflow/.local/lib/python3.7/site-packages/airflow/example_dags/tutorial_taskflow_api.py took 0.225 seconds
[2025-10-21T00:53:29.331+0000] {processor.py:157} INFO - Started process (PID=550) to work on /home/airflow/.local/lib/python3.7/site-packages/airflow/example_dags/tutorial_taskflow_api.py
[2025-10-21T00:53:29.333+0000] {processor.py:826} INFO - Processing file /home/airflow/.local/lib/python3.7/site-packages/airflow/example_dags/tutorial_taskflow_api.py for tasks to queue
[2025-10-21T00:53:29.336+0000] {logging_mixin.py:149} INFO - [2025-10-21T00:53:29.336+0000] {dagbag.py:541} INFO - Filling up the DagBag from /home/airflow/.local/lib/python3.7/site-packages/airflow/example_dags/tutorial_taskflow_api.py
[2025-10-21T00:53:29.347+0000] {processor.py:836} INFO - DAG(s) dict_keys(['tutorial_taskflow_api']) retrieved from /home/airflow/.local/lib/python3.7/site-packages/airflow/example_dags/tutorial_taskflow_api.py
[2025-10-21T00:53:29.396+0000] {logging_mixin.py:149} INFO - [2025-10-21T00:53:29.396+0000] {dag.py:2726} INFO - Sync 1 DAGs
[2025-10-21T00:53:29.448+0000] {logging_mixin.py:149} INFO - [2025-10-21T00:53:29.447+0000] {dag.py:3490} INFO - Setting next_dagrun for tutorial_taskflow_api to None, run_after=None
[2025-10-21T00:53:29.496+0000] {processor.py:179} INFO - Processing /home/airflow/.local/lib/python3.7/site-packages/airflow/example_dags/tutorial_taskflow_api.py took 0.171 seconds
[2025-10-21T00:53:59.807+0000] {processor.py:157} INFO - Started process (PID=617) to work on /home/airflow/.local/lib/python3.7/site-packages/airflow/example_dags/tutorial_taskflow_api.py
[2025-10-21T00:53:59.809+0000] {processor.py:826} INFO - Processing file /home/airflow/.local/lib/python3.7/site-packages/airflow/example_dags/tutorial_taskflow_api.py for tasks to queue
[2025-10-21T00:53:59.811+0000] {logging_mixin.py:149} INFO - [2025-10-21T00:53:59.811+0000] {dagbag.py:541} INFO - Filling up the DagBag from /home/airflow/.local/lib/python3.7/site-packages/airflow/example_dags/tutorial_taskflow_api.py
[2025-10-21T00:53:59.821+0000] {processor.py:836} INFO - DAG(s) dict_keys(['tutorial_taskflow_api']) retrieved from /home/airflow/.local/lib/python3.7/site-packages/airflow/example_dags/tutorial_taskflow_api.py
[2025-10-21T00:53:59.867+0000] {logging_mixin.py:149} INFO - [2025-10-21T00:53:59.867+0000] {dag.py:2726} INFO - Sync 1 DAGs
[2025-10-21T00:53:59.914+0000] {logging_mixin.py:149} INFO - [2025-10-21T00:53:59.913+0000] {dag.py:3490} INFO - Setting next_dagrun for tutorial_taskflow_api to None, run_after=None
[2025-10-21T00:53:59.957+0000] {processor.py:179} INFO - Processing /home/airflow/.local/lib/python3.7/site-packages/airflow/example_dags/tutorial_taskflow_api.py took 0.156 seconds
[2025-10-21T00:54:30.235+0000] {processor.py:157} INFO - Started process (PID=683) to work on /home/airflow/.local/lib/python3.7/site-packages/airflow/example_dags/tutorial_taskflow_api.py
[2025-10-21T00:54:30.237+0000] {processor.py:826} INFO - Processing file /home/airflow/.local/lib/python3.7/site-packages/airflow/example_dags/tutorial_taskflow_api.py for tasks to queue
[2025-10-21T00:54:30.239+0000] {logging_mixin.py:149} INFO - [2025-10-21T00:54:30.239+0000] {dagbag.py:541} INFO - Filling up the DagBag from /home/airflow/.local/lib/python3.7/site-packages/airflow/example_dags/tutorial_taskflow_api.py
[2025-10-21T00:54:30.253+0000] {processor.py:836} INFO - DAG(s) dict_keys(['tutorial_taskflow_api']) retrieved from /home/airflow/.local/lib/python3.7/site-packages/airflow/example_dags/tutorial_taskflow_api.py
[2025-10-21T00:54:30.301+0000] {logging_mixin.py:149} INFO - [2025-10-21T00:54:30.300+0000] {dag.py:2726} INFO - Sync 1 DAGs
[2025-10-21T00:54:30.358+0000] {logging_mixin.py:149} INFO - [2025-10-21T00:54:30.357+0000] {dag.py:3490} INFO - Setting next_dagrun for tutorial_taskflow_api to None, run_after=None
[2025-10-21T00:54:30.398+0000] {processor.py:179} INFO - Processing /home/airflow/.local/lib/python3.7/site-packages/airflow/example_dags/tutorial_taskflow_api.py took 0.171 seconds
[2025-10-21T00:55:00.842+0000] {processor.py:157} INFO - Started process (PID=749) to work on /home/airflow/.local/lib/python3.7/site-packages/airflow/example_dags/tutorial_taskflow_api.py
[2025-10-21T00:55:00.845+0000] {processor.py:826} INFO - Processing file /home/airflow/.local/lib/python3.7/site-packages/airflow/example_dags/tutorial_taskflow_api.py for tasks to queue
[2025-10-21T00:55:00.847+0000] {logging_mixin.py:149} INFO - [2025-10-21T00:55:00.847+0000] {dagbag.py:541} INFO - Filling up the DagBag from /home/airflow/.local/lib/python3.7/site-packages/airflow/example_dags/tutorial_taskflow_api.py
[2025-10-21T00:55:00.865+0000] {processor.py:836} INFO - DAG(s) dict_keys(['tutorial_taskflow_api']) retrieved from /home/airflow/.local/lib/python3.7/site-packages/airflow/example_dags/tutorial_taskflow_api.py
[2025-10-21T00:55:00.925+0000] {logging_mixin.py:149} INFO - [2025-10-21T00:55:00.924+0000] {dag.py:2726} INFO - Sync 1 DAGs
[2025-10-21T00:55:01.003+0000] {logging_mixin.py:149} INFO - [2025-10-21T00:55:01.003+0000] {dag.py:3490} INFO - Setting next_dagrun for tutorial_taskflow_api to None, run_after=None
[2025-10-21T00:55:01.056+0000] {processor.py:179} INFO - Processing /home/airflow/.local/lib/python3.7/site-packages/airflow/example_dags/tutorial_taskflow_api.py took 0.224 seconds
[2025-10-21T00:55:31.785+0000] {processor.py:157} INFO - Started process (PID=815) to work on /home/airflow/.local/lib/python3.7/site-packages/airflow/example_dags/tutorial_taskflow_api.py
[2025-10-21T00:55:31.787+0000] {processor.py:826} INFO - Processing file /home/airflow/.local/lib/python3.7/site-packages/airflow/example_dags/tutorial_taskflow_api.py for tasks to queue
[2025-10-21T00:55:31.789+0000] {logging_mixin.py:149} INFO - [2025-10-21T00:55:31.789+0000] {dagbag.py:541} INFO - Filling up the DagBag from /home/airflow/.local/lib/python3.7/site-packages/airflow/example_dags/tutorial_taskflow_api.py
[2025-10-21T00:55:31.803+0000] {processor.py:836} INFO - DAG(s) dict_keys(['tutorial_taskflow_api']) retrieved from /home/airflow/.local/lib/python3.7/site-packages/airflow/example_dags/tutorial_taskflow_api.py
[2025-10-21T00:55:31.867+0000] {logging_mixin.py:149} INFO - [2025-10-21T00:55:31.867+0000] {dag.py:2726} INFO - Sync 1 DAGs
[2025-10-21T00:55:31.941+0000] {logging_mixin.py:149} INFO - [2025-10-21T00:55:31.940+0000] {dag.py:3490} INFO - Setting next_dagrun for tutorial_taskflow_api to None, run_after=None
[2025-10-21T00:55:32.005+0000] {processor.py:179} INFO - Processing /home/airflow/.local/lib/python3.7/site-packages/airflow/example_dags/tutorial_taskflow_api.py took 0.225 seconds
[2025-10-21T00:56:02.749+0000] {processor.py:157} INFO - Started process (PID=881) to work on /home/airflow/.local/lib/python3.7/site-packages/airflow/example_dags/tutorial_taskflow_api.py
[2025-10-21T00:56:02.753+0000] {processor.py:826} INFO - Processing file /home/airflow/.local/lib/python3.7/site-packages/airflow/example_dags/tutorial_taskflow_api.py for tasks to queue
[2025-10-21T00:56:02.755+0000] {logging_mixin.py:149} INFO - [2025-10-21T00:56:02.755+0000] {dagbag.py:541} INFO - Filling up the DagBag from /home/airflow/.local/lib/python3.7/site-packages/airflow/example_dags/tutorial_taskflow_api.py
[2025-10-21T00:56:02.772+0000] {processor.py:836} INFO - DAG(s) dict_keys(['tutorial_taskflow_api']) retrieved from /home/airflow/.local/lib/python3.7/site-packages/airflow/example_dags/tutorial_taskflow_api.py
[2025-10-21T00:56:02.843+0000] {logging_mixin.py:149} INFO - [2025-10-21T00:56:02.843+0000] {dag.py:2726} INFO - Sync 1 DAGs
[2025-10-21T00:56:02.907+0000] {logging_mixin.py:149} INFO - [2025-10-21T00:56:02.906+0000] {dag.py:3490} INFO - Setting next_dagrun for tutorial_taskflow_api to None, run_after=None
[2025-10-21T00:56:02.947+0000] {processor.py:179} INFO - Processing /home/airflow/.local/lib/python3.7/site-packages/airflow/example_dags/tutorial_taskflow_api.py took 0.206 seconds
[2025-10-21T00:56:33.358+0000] {processor.py:157} INFO - Started process (PID=947) to work on /home/airflow/.local/lib/python3.7/site-packages/airflow/example_dags/tutorial_taskflow_api.py
[2025-10-21T00:56:33.360+0000] {processor.py:826} INFO - Processing file /home/airflow/.local/lib/python3.7/site-packages/airflow/example_dags/tutorial_taskflow_api.py for tasks to queue
[2025-10-21T00:56:33.361+0000] {logging_mixin.py:149} INFO - [2025-10-21T00:56:33.361+0000] {dagbag.py:541} INFO - Filling up the DagBag from /home/airflow/.local/lib/python3.7/site-packages/airflow/example_dags/tutorial_taskflow_api.py
[2025-10-21T00:56:33.374+0000] {processor.py:836} INFO - DAG(s) dict_keys(['tutorial_taskflow_api']) retrieved from /home/airflow/.local/lib/python3.7/site-packages/airflow/example_dags/tutorial_taskflow_api.py
[2025-10-21T00:56:33.422+0000] {logging_mixin.py:149} INFO - [2025-10-21T00:56:33.422+0000] {dag.py:2726} INFO - Sync 1 DAGs
[2025-10-21T00:56:33.472+0000] {logging_mixin.py:149} INFO - [2025-10-21T00:56:33.472+0000] {dag.py:3490} INFO - Setting next_dagrun for tutorial_taskflow_api to None, run_after=None
[2025-10-21T00:56:33.510+0000] {processor.py:179} INFO - Processing /home/airflow/.local/lib/python3.7/site-packages/airflow/example_dags/tutorial_taskflow_api.py took 0.158 seconds
[2025-10-21T00:57:03.891+0000] {processor.py:157} INFO - Started process (PID=1014) to work on /home/airflow/.local/lib/python3.7/site-packages/airflow/example_dags/tutorial_taskflow_api.py
[2025-10-21T00:57:03.893+0000] {processor.py:826} INFO - Processing file /home/airflow/.local/lib/python3.7/site-packages/airflow/example_dags/tutorial_taskflow_api.py for tasks to queue
[2025-10-21T00:57:03.895+0000] {logging_mixin.py:149} INFO - [2025-10-21T00:57:03.895+0000] {dagbag.py:541} INFO - Filling up the DagBag from /home/airflow/.local/lib/python3.7/site-packages/airflow/example_dags/tutorial_taskflow_api.py
[2025-10-21T00:57:03.908+0000] {processor.py:836} INFO - DAG(s) dict_keys(['tutorial_taskflow_api']) retrieved from /home/airflow/.local/lib/python3.7/site-packages/airflow/example_dags/tutorial_taskflow_api.py
[2025-10-21T00:57:03.957+0000] {logging_mixin.py:149} INFO - [2025-10-21T00:57:03.957+0000] {dag.py:2726} INFO - Sync 1 DAGs
[2025-10-21T00:57:04.011+0000] {logging_mixin.py:149} INFO - [2025-10-21T00:57:04.010+0000] {dag.py:3490} INFO - Setting next_dagrun for tutorial_taskflow_api to None, run_after=None
[2025-10-21T00:57:04.054+0000] {processor.py:179} INFO - Processing /home/airflow/.local/lib/python3.7/site-packages/airflow/example_dags/tutorial_taskflow_api.py took 0.170 seconds
[2025-10-21T00:57:34.821+0000] {processor.py:157} INFO - Started process (PID=1080) to work on /home/airflow/.local/lib/python3.7/site-packages/airflow/example_dags/tutorial_taskflow_api.py
[2025-10-21T00:57:34.824+0000] {processor.py:826} INFO - Processing file /home/airflow/.local/lib/python3.7/site-packages/airflow/example_dags/tutorial_taskflow_api.py for tasks to queue
[2025-10-21T00:57:34.826+0000] {logging_mixin.py:149} INFO - [2025-10-21T00:57:34.826+0000] {dagbag.py:541} INFO - Filling up the DagBag from /home/airflow/.local/lib/python3.7/site-packages/airflow/example_dags/tutorial_taskflow_api.py
[2025-10-21T00:57:34.848+0000] {processor.py:836} INFO - DAG(s) dict_keys(['tutorial_taskflow_api']) retrieved from /home/airflow/.local/lib/python3.7/site-packages/airflow/example_dags/tutorial_taskflow_api.py
[2025-10-21T00:57:34.933+0000] {logging_mixin.py:149} INFO - [2025-10-21T00:57:34.933+0000] {dag.py:2726} INFO - Sync 1 DAGs
[2025-10-21T00:57:34.999+0000] {logging_mixin.py:149} INFO - [2025-10-21T00:57:34.999+0000] {dag.py:3490} INFO - Setting next_dagrun for tutorial_taskflow_api to None, run_after=None
[2025-10-21T00:57:35.044+0000] {processor.py:179} INFO - Processing /home/airflow/.local/lib/python3.7/site-packages/airflow/example_dags/tutorial_taskflow_api.py took 0.237 seconds
[2025-10-21T00:58:05.420+0000] {processor.py:157} INFO - Started process (PID=1146) to work on /home/airflow/.local/lib/python3.7/site-packages/airflow/example_dags/tutorial_taskflow_api.py
[2025-10-21T00:58:05.422+0000] {processor.py:826} INFO - Processing file /home/airflow/.local/lib/python3.7/site-packages/airflow/example_dags/tutorial_taskflow_api.py for tasks to queue
[2025-10-21T00:58:05.425+0000] {logging_mixin.py:149} INFO - [2025-10-21T00:58:05.424+0000] {dagbag.py:541} INFO - Filling up the DagBag from /home/airflow/.local/lib/python3.7/site-packages/airflow/example_dags/tutorial_taskflow_api.py
[2025-10-21T00:58:05.437+0000] {processor.py:836} INFO - DAG(s) dict_keys(['tutorial_taskflow_api']) retrieved from /home/airflow/.local/lib/python3.7/site-packages/airflow/example_dags/tutorial_taskflow_api.py
[2025-10-21T00:58:05.490+0000] {logging_mixin.py:149} INFO - [2025-10-21T00:58:05.490+0000] {dag.py:2726} INFO - Sync 1 DAGs
[2025-10-21T00:58:05.536+0000] {logging_mixin.py:149} INFO - [2025-10-21T00:58:05.536+0000] {dag.py:3490} INFO - Setting next_dagrun for tutorial_taskflow_api to None, run_after=None
[2025-10-21T00:58:05.587+0000] {processor.py:179} INFO - Processing /home/airflow/.local/lib/python3.7/site-packages/airflow/example_dags/tutorial_taskflow_api.py took 0.174 seconds
[2025-10-21T00:58:36.789+0000] {processor.py:157} INFO - Started process (PID=1221) to work on /home/airflow/.local/lib/python3.7/site-packages/airflow/example_dags/tutorial_taskflow_api.py
[2025-10-21T00:58:36.791+0000] {processor.py:826} INFO - Processing file /home/airflow/.local/lib/python3.7/site-packages/airflow/example_dags/tutorial_taskflow_api.py for tasks to queue
[2025-10-21T00:58:36.793+0000] {logging_mixin.py:149} INFO - [2025-10-21T00:58:36.793+0000] {dagbag.py:541} INFO - Filling up the DagBag from /home/airflow/.local/lib/python3.7/site-packages/airflow/example_dags/tutorial_taskflow_api.py
[2025-10-21T00:58:36.808+0000] {processor.py:836} INFO - DAG(s) dict_keys(['tutorial_taskflow_api']) retrieved from /home/airflow/.local/lib/python3.7/site-packages/airflow/example_dags/tutorial_taskflow_api.py
[2025-10-21T00:58:36.872+0000] {logging_mixin.py:149} INFO - [2025-10-21T00:58:36.872+0000] {dag.py:2726} INFO - Sync 1 DAGs
[2025-10-21T00:58:36.937+0000] {logging_mixin.py:149} INFO - [2025-10-21T00:58:36.937+0000] {dag.py:3490} INFO - Setting next_dagrun for tutorial_taskflow_api to None, run_after=None
[2025-10-21T00:58:36.985+0000] {processor.py:179} INFO - Processing /home/airflow/.local/lib/python3.7/site-packages/airflow/example_dags/tutorial_taskflow_api.py took 0.204 seconds
[2025-10-21T00:59:07.780+0000] {processor.py:157} INFO - Started process (PID=1288) to work on /home/airflow/.local/lib/python3.7/site-packages/airflow/example_dags/tutorial_taskflow_api.py
[2025-10-21T00:59:07.784+0000] {processor.py:826} INFO - Processing file /home/airflow/.local/lib/python3.7/site-packages/airflow/example_dags/tutorial_taskflow_api.py for tasks to queue
[2025-10-21T00:59:07.790+0000] {logging_mixin.py:149} INFO - [2025-10-21T00:59:07.790+0000] {dagbag.py:541} INFO - Filling up the DagBag from /home/airflow/.local/lib/python3.7/site-packages/airflow/example_dags/tutorial_taskflow_api.py
[2025-10-21T00:59:07.805+0000] {processor.py:836} INFO - DAG(s) dict_keys(['tutorial_taskflow_api']) retrieved from /home/airflow/.local/lib/python3.7/site-packages/airflow/example_dags/tutorial_taskflow_api.py
[2025-10-21T00:59:07.881+0000] {logging_mixin.py:149} INFO - [2025-10-21T00:59:07.880+0000] {dag.py:2726} INFO - Sync 1 DAGs
[2025-10-21T00:59:07.954+0000] {logging_mixin.py:149} INFO - [2025-10-21T00:59:07.954+0000] {dag.py:3490} INFO - Setting next_dagrun for tutorial_taskflow_api to None, run_after=None
[2025-10-21T00:59:08.049+0000] {processor.py:179} INFO - Processing /home/airflow/.local/lib/python3.7/site-packages/airflow/example_dags/tutorial_taskflow_api.py took 0.283 seconds
[2025-10-21T00:59:38.220+0000] {processor.py:157} INFO - Started process (PID=1354) to work on /home/airflow/.local/lib/python3.7/site-packages/airflow/example_dags/tutorial_taskflow_api.py
[2025-10-21T00:59:38.222+0000] {processor.py:826} INFO - Processing file /home/airflow/.local/lib/python3.7/site-packages/airflow/example_dags/tutorial_taskflow_api.py for tasks to queue
[2025-10-21T00:59:38.224+0000] {logging_mixin.py:149} INFO - [2025-10-21T00:59:38.224+0000] {dagbag.py:541} INFO - Filling up the DagBag from /home/airflow/.local/lib/python3.7/site-packages/airflow/example_dags/tutorial_taskflow_api.py
[2025-10-21T00:59:38.239+0000] {processor.py:836} INFO - DAG(s) dict_keys(['tutorial_taskflow_api']) retrieved from /home/airflow/.local/lib/python3.7/site-packages/airflow/example_dags/tutorial_taskflow_api.py
[2025-10-21T00:59:38.293+0000] {logging_mixin.py:149} INFO - [2025-10-21T00:59:38.292+0000] {dag.py:2726} INFO - Sync 1 DAGs
[2025-10-21T00:59:38.343+0000] {logging_mixin.py:149} INFO - [2025-10-21T00:59:38.343+0000] {dag.py:3490} INFO - Setting next_dagrun for tutorial_taskflow_api to None, run_after=None
[2025-10-21T00:59:38.392+0000] {processor.py:179} INFO - Processing /home/airflow/.local/lib/python3.7/site-packages/airflow/example_dags/tutorial_taskflow_api.py took 0.180 seconds
[2025-10-21T01:00:09.255+0000] {processor.py:157} INFO - Started process (PID=1420) to work on /home/airflow/.local/lib/python3.7/site-packages/airflow/example_dags/tutorial_taskflow_api.py
[2025-10-21T01:00:09.258+0000] {processor.py:826} INFO - Processing file /home/airflow/.local/lib/python3.7/site-packages/airflow/example_dags/tutorial_taskflow_api.py for tasks to queue
[2025-10-21T01:00:09.260+0000] {logging_mixin.py:149} INFO - [2025-10-21T01:00:09.260+0000] {dagbag.py:541} INFO - Filling up the DagBag from /home/airflow/.local/lib/python3.7/site-packages/airflow/example_dags/tutorial_taskflow_api.py
[2025-10-21T01:00:09.275+0000] {processor.py:836} INFO - DAG(s) dict_keys(['tutorial_taskflow_api']) retrieved from /home/airflow/.local/lib/python3.7/site-packages/airflow/example_dags/tutorial_taskflow_api.py
[2025-10-21T01:00:09.340+0000] {logging_mixin.py:149} INFO - [2025-10-21T01:00:09.340+0000] {dag.py:2726} INFO - Sync 1 DAGs
[2025-10-21T01:00:09.405+0000] {logging_mixin.py:149} INFO - [2025-10-21T01:00:09.405+0000] {dag.py:3490} INFO - Setting next_dagrun for tutorial_taskflow_api to None, run_after=None
[2025-10-21T01:00:09.458+0000] {processor.py:179} INFO - Processing /home/airflow/.local/lib/python3.7/site-packages/airflow/example_dags/tutorial_taskflow_api.py took 0.211 seconds
[2025-10-21T01:00:39.711+0000] {processor.py:157} INFO - Started process (PID=1486) to work on /home/airflow/.local/lib/python3.7/site-packages/airflow/example_dags/tutorial_taskflow_api.py
[2025-10-21T01:00:39.714+0000] {processor.py:826} INFO - Processing file /home/airflow/.local/lib/python3.7/site-packages/airflow/example_dags/tutorial_taskflow_api.py for tasks to queue
[2025-10-21T01:00:39.716+0000] {logging_mixin.py:149} INFO - [2025-10-21T01:00:39.716+0000] {dagbag.py:541} INFO - Filling up the DagBag from /home/airflow/.local/lib/python3.7/site-packages/airflow/example_dags/tutorial_taskflow_api.py
[2025-10-21T01:00:39.729+0000] {processor.py:836} INFO - DAG(s) dict_keys(['tutorial_taskflow_api']) retrieved from /home/airflow/.local/lib/python3.7/site-packages/airflow/example_dags/tutorial_taskflow_api.py
[2025-10-21T01:00:39.775+0000] {logging_mixin.py:149} INFO - [2025-10-21T01:00:39.775+0000] {dag.py:2726} INFO - Sync 1 DAGs
[2025-10-21T01:00:39.825+0000] {logging_mixin.py:149} INFO - [2025-10-21T01:00:39.825+0000] {dag.py:3490} INFO - Setting next_dagrun for tutorial_taskflow_api to None, run_after=None
[2025-10-21T01:00:39.867+0000] {processor.py:179} INFO - Processing /home/airflow/.local/lib/python3.7/site-packages/airflow/example_dags/tutorial_taskflow_api.py took 0.161 seconds
[2025-10-21T01:01:10.440+0000] {processor.py:157} INFO - Started process (PID=1552) to work on /home/airflow/.local/lib/python3.7/site-packages/airflow/example_dags/tutorial_taskflow_api.py
[2025-10-21T01:01:10.442+0000] {processor.py:826} INFO - Processing file /home/airflow/.local/lib/python3.7/site-packages/airflow/example_dags/tutorial_taskflow_api.py for tasks to queue
[2025-10-21T01:01:10.444+0000] {logging_mixin.py:149} INFO - [2025-10-21T01:01:10.444+0000] {dagbag.py:541} INFO - Filling up the DagBag from /home/airflow/.local/lib/python3.7/site-packages/airflow/example_dags/tutorial_taskflow_api.py
[2025-10-21T01:01:10.457+0000] {processor.py:836} INFO - DAG(s) dict_keys(['tutorial_taskflow_api']) retrieved from /home/airflow/.local/lib/python3.7/site-packages/airflow/example_dags/tutorial_taskflow_api.py
[2025-10-21T01:01:10.502+0000] {logging_mixin.py:149} INFO - [2025-10-21T01:01:10.502+0000] {dag.py:2726} INFO - Sync 1 DAGs
[2025-10-21T01:01:10.550+0000] {logging_mixin.py:149} INFO - [2025-10-21T01:01:10.550+0000] {dag.py:3490} INFO - Setting next_dagrun for tutorial_taskflow_api to None, run_after=None
[2025-10-21T01:01:10.589+0000] {processor.py:179} INFO - Processing /home/airflow/.local/lib/python3.7/site-packages/airflow/example_dags/tutorial_taskflow_api.py took 0.157 seconds
[2025-10-21T01:01:41.446+0000] {processor.py:157} INFO - Started process (PID=1618) to work on /home/airflow/.local/lib/python3.7/site-packages/airflow/example_dags/tutorial_taskflow_api.py
[2025-10-21T01:01:41.448+0000] {processor.py:826} INFO - Processing file /home/airflow/.local/lib/python3.7/site-packages/airflow/example_dags/tutorial_taskflow_api.py for tasks to queue
[2025-10-21T01:01:41.450+0000] {logging_mixin.py:149} INFO - [2025-10-21T01:01:41.450+0000] {dagbag.py:541} INFO - Filling up the DagBag from /home/airflow/.local/lib/python3.7/site-packages/airflow/example_dags/tutorial_taskflow_api.py
[2025-10-21T01:01:41.460+0000] {processor.py:836} INFO - DAG(s) dict_keys(['tutorial_taskflow_api']) retrieved from /home/airflow/.local/lib/python3.7/site-packages/airflow/example_dags/tutorial_taskflow_api.py
[2025-10-21T01:01:41.509+0000] {logging_mixin.py:149} INFO - [2025-10-21T01:01:41.509+0000] {dag.py:2726} INFO - Sync 1 DAGs
[2025-10-21T01:01:41.554+0000] {logging_mixin.py:149} INFO - [2025-10-21T01:01:41.554+0000] {dag.py:3490} INFO - Setting next_dagrun for tutorial_taskflow_api to None, run_after=None
[2025-10-21T01:01:41.607+0000] {processor.py:179} INFO - Processing /home/airflow/.local/lib/python3.7/site-packages/airflow/example_dags/tutorial_taskflow_api.py took 0.168 seconds
[2025-10-21T01:02:11.903+0000] {processor.py:157} INFO - Started process (PID=1684) to work on /home/airflow/.local/lib/python3.7/site-packages/airflow/example_dags/tutorial_taskflow_api.py
[2025-10-21T01:02:11.905+0000] {processor.py:826} INFO - Processing file /home/airflow/.local/lib/python3.7/site-packages/airflow/example_dags/tutorial_taskflow_api.py for tasks to queue
[2025-10-21T01:02:11.907+0000] {logging_mixin.py:149} INFO - [2025-10-21T01:02:11.906+0000] {dagbag.py:541} INFO - Filling up the DagBag from /home/airflow/.local/lib/python3.7/site-packages/airflow/example_dags/tutorial_taskflow_api.py
[2025-10-21T01:02:11.917+0000] {processor.py:836} INFO - DAG(s) dict_keys(['tutorial_taskflow_api']) retrieved from /home/airflow/.local/lib/python3.7/site-packages/airflow/example_dags/tutorial_taskflow_api.py
[2025-10-21T01:02:11.962+0000] {logging_mixin.py:149} INFO - [2025-10-21T01:02:11.962+0000] {dag.py:2726} INFO - Sync 1 DAGs
[2025-10-21T01:02:12.013+0000] {logging_mixin.py:149} INFO - [2025-10-21T01:02:12.012+0000] {dag.py:3490} INFO - Setting next_dagrun for tutorial_taskflow_api to None, run_after=None
[2025-10-21T01:02:12.054+0000] {processor.py:179} INFO - Processing /home/airflow/.local/lib/python3.7/site-packages/airflow/example_dags/tutorial_taskflow_api.py took 0.157 seconds
[2025-10-21T01:02:42.479+0000] {processor.py:157} INFO - Started process (PID=1750) to work on /home/airflow/.local/lib/python3.7/site-packages/airflow/example_dags/tutorial_taskflow_api.py
[2025-10-21T01:02:42.481+0000] {processor.py:826} INFO - Processing file /home/airflow/.local/lib/python3.7/site-packages/airflow/example_dags/tutorial_taskflow_api.py for tasks to queue
[2025-10-21T01:02:42.483+0000] {logging_mixin.py:149} INFO - [2025-10-21T01:02:42.483+0000] {dagbag.py:541} INFO - Filling up the DagBag from /home/airflow/.local/lib/python3.7/site-packages/airflow/example_dags/tutorial_taskflow_api.py
[2025-10-21T01:02:42.494+0000] {processor.py:836} INFO - DAG(s) dict_keys(['tutorial_taskflow_api']) retrieved from /home/airflow/.local/lib/python3.7/site-packages/airflow/example_dags/tutorial_taskflow_api.py
[2025-10-21T01:02:42.545+0000] {logging_mixin.py:149} INFO - [2025-10-21T01:02:42.544+0000] {dag.py:2726} INFO - Sync 1 DAGs
[2025-10-21T01:02:42.597+0000] {logging_mixin.py:149} INFO - [2025-10-21T01:02:42.596+0000] {dag.py:3490} INFO - Setting next_dagrun for tutorial_taskflow_api to None, run_after=None
[2025-10-21T01:02:42.633+0000] {processor.py:179} INFO - Processing /home/airflow/.local/lib/python3.7/site-packages/airflow/example_dags/tutorial_taskflow_api.py took 0.160 seconds
[2025-10-21T01:03:13.087+0000] {processor.py:157} INFO - Started process (PID=1817) to work on /home/airflow/.local/lib/python3.7/site-packages/airflow/example_dags/tutorial_taskflow_api.py
[2025-10-21T01:03:13.089+0000] {processor.py:826} INFO - Processing file /home/airflow/.local/lib/python3.7/site-packages/airflow/example_dags/tutorial_taskflow_api.py for tasks to queue
[2025-10-21T01:03:13.091+0000] {logging_mixin.py:149} INFO - [2025-10-21T01:03:13.091+0000] {dagbag.py:541} INFO - Filling up the DagBag from /home/airflow/.local/lib/python3.7/site-packages/airflow/example_dags/tutorial_taskflow_api.py
[2025-10-21T01:03:13.101+0000] {processor.py:836} INFO - DAG(s) dict_keys(['tutorial_taskflow_api']) retrieved from /home/airflow/.local/lib/python3.7/site-packages/airflow/example_dags/tutorial_taskflow_api.py
[2025-10-21T01:03:13.151+0000] {logging_mixin.py:149} INFO - [2025-10-21T01:03:13.151+0000] {dag.py:2726} INFO - Sync 1 DAGs
[2025-10-21T01:03:13.207+0000] {logging_mixin.py:149} INFO - [2025-10-21T01:03:13.207+0000] {dag.py:3490} INFO - Setting next_dagrun for tutorial_taskflow_api to None, run_after=None
[2025-10-21T01:03:13.253+0000] {processor.py:179} INFO - Processing /home/airflow/.local/lib/python3.7/site-packages/airflow/example_dags/tutorial_taskflow_api.py took 0.171 seconds
[2025-10-21T01:03:43.866+0000] {processor.py:157} INFO - Started process (PID=1883) to work on /home/airflow/.local/lib/python3.7/site-packages/airflow/example_dags/tutorial_taskflow_api.py
[2025-10-21T01:03:43.868+0000] {processor.py:826} INFO - Processing file /home/airflow/.local/lib/python3.7/site-packages/airflow/example_dags/tutorial_taskflow_api.py for tasks to queue
[2025-10-21T01:03:43.870+0000] {logging_mixin.py:149} INFO - [2025-10-21T01:03:43.870+0000] {dagbag.py:541} INFO - Filling up the DagBag from /home/airflow/.local/lib/python3.7/site-packages/airflow/example_dags/tutorial_taskflow_api.py
[2025-10-21T01:03:43.885+0000] {processor.py:836} INFO - DAG(s) dict_keys(['tutorial_taskflow_api']) retrieved from /home/airflow/.local/lib/python3.7/site-packages/airflow/example_dags/tutorial_taskflow_api.py
[2025-10-21T01:03:43.938+0000] {logging_mixin.py:149} INFO - [2025-10-21T01:03:43.938+0000] {dag.py:2726} INFO - Sync 1 DAGs
[2025-10-21T01:03:43.997+0000] {logging_mixin.py:149} INFO - [2025-10-21T01:03:43.997+0000] {dag.py:3490} INFO - Setting next_dagrun for tutorial_taskflow_api to None, run_after=None
[2025-10-21T01:03:44.037+0000] {processor.py:179} INFO - Processing /home/airflow/.local/lib/python3.7/site-packages/airflow/example_dags/tutorial_taskflow_api.py took 0.178 seconds
[2025-10-21T01:04:14.442+0000] {processor.py:157} INFO - Started process (PID=1949) to work on /home/airflow/.local/lib/python3.7/site-packages/airflow/example_dags/tutorial_taskflow_api.py
[2025-10-21T01:04:14.444+0000] {processor.py:826} INFO - Processing file /home/airflow/.local/lib/python3.7/site-packages/airflow/example_dags/tutorial_taskflow_api.py for tasks to queue
[2025-10-21T01:04:14.446+0000] {logging_mixin.py:149} INFO - [2025-10-21T01:04:14.446+0000] {dagbag.py:541} INFO - Filling up the DagBag from /home/airflow/.local/lib/python3.7/site-packages/airflow/example_dags/tutorial_taskflow_api.py
[2025-10-21T01:04:14.457+0000] {processor.py:836} INFO - DAG(s) dict_keys(['tutorial_taskflow_api']) retrieved from /home/airflow/.local/lib/python3.7/site-packages/airflow/example_dags/tutorial_taskflow_api.py
[2025-10-21T01:04:14.511+0000] {logging_mixin.py:149} INFO - [2025-10-21T01:04:14.511+0000] {dag.py:2726} INFO - Sync 1 DAGs
[2025-10-21T01:04:14.577+0000] {logging_mixin.py:149} INFO - [2025-10-21T01:04:14.577+0000] {dag.py:3490} INFO - Setting next_dagrun for tutorial_taskflow_api to None, run_after=None
[2025-10-21T01:04:14.651+0000] {processor.py:179} INFO - Processing /home/airflow/.local/lib/python3.7/site-packages/airflow/example_dags/tutorial_taskflow_api.py took 0.215 seconds
[2025-10-21T01:04:45.529+0000] {processor.py:157} INFO - Started process (PID=2015) to work on /home/airflow/.local/lib/python3.7/site-packages/airflow/example_dags/tutorial_taskflow_api.py
[2025-10-21T01:04:45.531+0000] {processor.py:826} INFO - Processing file /home/airflow/.local/lib/python3.7/site-packages/airflow/example_dags/tutorial_taskflow_api.py for tasks to queue
[2025-10-21T01:04:45.533+0000] {logging_mixin.py:149} INFO - [2025-10-21T01:04:45.533+0000] {dagbag.py:541} INFO - Filling up the DagBag from /home/airflow/.local/lib/python3.7/site-packages/airflow/example_dags/tutorial_taskflow_api.py
[2025-10-21T01:04:45.548+0000] {processor.py:836} INFO - DAG(s) dict_keys(['tutorial_taskflow_api']) retrieved from /home/airflow/.local/lib/python3.7/site-packages/airflow/example_dags/tutorial_taskflow_api.py
[2025-10-21T01:04:45.595+0000] {logging_mixin.py:149} INFO - [2025-10-21T01:04:45.595+0000] {dag.py:2726} INFO - Sync 1 DAGs
[2025-10-21T01:04:45.648+0000] {logging_mixin.py:149} INFO - [2025-10-21T01:04:45.648+0000] {dag.py:3490} INFO - Setting next_dagrun for tutorial_taskflow_api to None, run_after=None
[2025-10-21T01:04:45.691+0000] {processor.py:179} INFO - Processing /home/airflow/.local/lib/python3.7/site-packages/airflow/example_dags/tutorial_taskflow_api.py took 0.168 seconds
[2025-10-21T01:05:15.957+0000] {processor.py:157} INFO - Started process (PID=2081) to work on /home/airflow/.local/lib/python3.7/site-packages/airflow/example_dags/tutorial_taskflow_api.py
[2025-10-21T01:05:15.959+0000] {processor.py:826} INFO - Processing file /home/airflow/.local/lib/python3.7/site-packages/airflow/example_dags/tutorial_taskflow_api.py for tasks to queue
[2025-10-21T01:05:15.961+0000] {logging_mixin.py:149} INFO - [2025-10-21T01:05:15.961+0000] {dagbag.py:541} INFO - Filling up the DagBag from /home/airflow/.local/lib/python3.7/site-packages/airflow/example_dags/tutorial_taskflow_api.py
[2025-10-21T01:05:15.973+0000] {processor.py:836} INFO - DAG(s) dict_keys(['tutorial_taskflow_api']) retrieved from /home/airflow/.local/lib/python3.7/site-packages/airflow/example_dags/tutorial_taskflow_api.py
[2025-10-21T01:05:16.025+0000] {logging_mixin.py:149} INFO - [2025-10-21T01:05:16.025+0000] {dag.py:2726} INFO - Sync 1 DAGs
[2025-10-21T01:05:16.072+0000] {logging_mixin.py:149} INFO - [2025-10-21T01:05:16.072+0000] {dag.py:3490} INFO - Setting next_dagrun for tutorial_taskflow_api to None, run_after=None
[2025-10-21T01:05:16.117+0000] {processor.py:179} INFO - Processing /home/airflow/.local/lib/python3.7/site-packages/airflow/example_dags/tutorial_taskflow_api.py took 0.168 seconds
[2025-10-21T01:05:46.966+0000] {processor.py:157} INFO - Started process (PID=2138) to work on /home/airflow/.local/lib/python3.7/site-packages/airflow/example_dags/tutorial_taskflow_api.py
[2025-10-21T01:05:46.968+0000] {processor.py:826} INFO - Processing file /home/airflow/.local/lib/python3.7/site-packages/airflow/example_dags/tutorial_taskflow_api.py for tasks to queue
[2025-10-21T01:05:46.970+0000] {logging_mixin.py:149} INFO - [2025-10-21T01:05:46.969+0000] {dagbag.py:541} INFO - Filling up the DagBag from /home/airflow/.local/lib/python3.7/site-packages/airflow/example_dags/tutorial_taskflow_api.py
[2025-10-21T01:05:46.982+0000] {processor.py:836} INFO - DAG(s) dict_keys(['tutorial_taskflow_api']) retrieved from /home/airflow/.local/lib/python3.7/site-packages/airflow/example_dags/tutorial_taskflow_api.py
[2025-10-21T01:05:47.033+0000] {logging_mixin.py:149} INFO - [2025-10-21T01:05:47.033+0000] {dag.py:2726} INFO - Sync 1 DAGs
[2025-10-21T01:05:47.084+0000] {logging_mixin.py:149} INFO - [2025-10-21T01:05:47.083+0000] {dag.py:3490} INFO - Setting next_dagrun for tutorial_taskflow_api to None, run_after=None
[2025-10-21T01:05:47.128+0000] {processor.py:179} INFO - Processing /home/airflow/.local/lib/python3.7/site-packages/airflow/example_dags/tutorial_taskflow_api.py took 0.168 seconds
[2025-10-21T01:06:17.303+0000] {processor.py:157} INFO - Started process (PID=2204) to work on /home/airflow/.local/lib/python3.7/site-packages/airflow/example_dags/tutorial_taskflow_api.py
[2025-10-21T01:06:17.306+0000] {processor.py:826} INFO - Processing file /home/airflow/.local/lib/python3.7/site-packages/airflow/example_dags/tutorial_taskflow_api.py for tasks to queue
[2025-10-21T01:06:17.308+0000] {logging_mixin.py:149} INFO - [2025-10-21T01:06:17.308+0000] {dagbag.py:541} INFO - Filling up the DagBag from /home/airflow/.local/lib/python3.7/site-packages/airflow/example_dags/tutorial_taskflow_api.py
[2025-10-21T01:06:17.328+0000] {processor.py:836} INFO - DAG(s) dict_keys(['tutorial_taskflow_api']) retrieved from /home/airflow/.local/lib/python3.7/site-packages/airflow/example_dags/tutorial_taskflow_api.py
[2025-10-21T01:06:17.394+0000] {logging_mixin.py:149} INFO - [2025-10-21T01:06:17.394+0000] {dag.py:2726} INFO - Sync 1 DAGs
[2025-10-21T01:06:17.446+0000] {logging_mixin.py:149} INFO - [2025-10-21T01:06:17.446+0000] {dag.py:3490} INFO - Setting next_dagrun for tutorial_taskflow_api to None, run_after=None
[2025-10-21T01:06:17.488+0000] {processor.py:179} INFO - Processing /home/airflow/.local/lib/python3.7/site-packages/airflow/example_dags/tutorial_taskflow_api.py took 0.192 seconds
[2025-10-21T01:06:47.683+0000] {processor.py:157} INFO - Started process (PID=2271) to work on /home/airflow/.local/lib/python3.7/site-packages/airflow/example_dags/tutorial_taskflow_api.py
[2025-10-21T01:06:47.685+0000] {processor.py:826} INFO - Processing file /home/airflow/.local/lib/python3.7/site-packages/airflow/example_dags/tutorial_taskflow_api.py for tasks to queue
[2025-10-21T01:06:47.687+0000] {logging_mixin.py:149} INFO - [2025-10-21T01:06:47.687+0000] {dagbag.py:541} INFO - Filling up the DagBag from /home/airflow/.local/lib/python3.7/site-packages/airflow/example_dags/tutorial_taskflow_api.py
[2025-10-21T01:06:47.700+0000] {processor.py:836} INFO - DAG(s) dict_keys(['tutorial_taskflow_api']) retrieved from /home/airflow/.local/lib/python3.7/site-packages/airflow/example_dags/tutorial_taskflow_api.py
[2025-10-21T01:06:47.752+0000] {logging_mixin.py:149} INFO - [2025-10-21T01:06:47.752+0000] {dag.py:2726} INFO - Sync 1 DAGs
[2025-10-21T01:06:47.810+0000] {logging_mixin.py:149} INFO - [2025-10-21T01:06:47.810+0000] {dag.py:3490} INFO - Setting next_dagrun for tutorial_taskflow_api to None, run_after=None
[2025-10-21T01:06:47.853+0000] {processor.py:179} INFO - Processing /home/airflow/.local/lib/python3.7/site-packages/airflow/example_dags/tutorial_taskflow_api.py took 0.177 seconds
[2025-10-21T01:07:18.168+0000] {processor.py:157} INFO - Started process (PID=2338) to work on /home/airflow/.local/lib/python3.7/site-packages/airflow/example_dags/tutorial_taskflow_api.py
[2025-10-21T01:07:18.170+0000] {processor.py:826} INFO - Processing file /home/airflow/.local/lib/python3.7/site-packages/airflow/example_dags/tutorial_taskflow_api.py for tasks to queue
[2025-10-21T01:07:18.171+0000] {logging_mixin.py:149} INFO - [2025-10-21T01:07:18.171+0000] {dagbag.py:541} INFO - Filling up the DagBag from /home/airflow/.local/lib/python3.7/site-packages/airflow/example_dags/tutorial_taskflow_api.py
[2025-10-21T01:07:18.184+0000] {processor.py:836} INFO - DAG(s) dict_keys(['tutorial_taskflow_api']) retrieved from /home/airflow/.local/lib/python3.7/site-packages/airflow/example_dags/tutorial_taskflow_api.py
[2025-10-21T01:07:18.236+0000] {logging_mixin.py:149} INFO - [2025-10-21T01:07:18.235+0000] {dag.py:2726} INFO - Sync 1 DAGs
[2025-10-21T01:07:18.285+0000] {logging_mixin.py:149} INFO - [2025-10-21T01:07:18.285+0000] {dag.py:3490} INFO - Setting next_dagrun for tutorial_taskflow_api to None, run_after=None
[2025-10-21T01:07:18.327+0000] {processor.py:179} INFO - Processing /home/airflow/.local/lib/python3.7/site-packages/airflow/example_dags/tutorial_taskflow_api.py took 0.165 seconds
[2025-10-21T01:07:48.539+0000] {processor.py:157} INFO - Started process (PID=2404) to work on /home/airflow/.local/lib/python3.7/site-packages/airflow/example_dags/tutorial_taskflow_api.py
[2025-10-21T01:07:48.541+0000] {processor.py:826} INFO - Processing file /home/airflow/.local/lib/python3.7/site-packages/airflow/example_dags/tutorial_taskflow_api.py for tasks to queue
[2025-10-21T01:07:48.544+0000] {logging_mixin.py:149} INFO - [2025-10-21T01:07:48.543+0000] {dagbag.py:541} INFO - Filling up the DagBag from /home/airflow/.local/lib/python3.7/site-packages/airflow/example_dags/tutorial_taskflow_api.py
[2025-10-21T01:07:48.556+0000] {processor.py:836} INFO - DAG(s) dict_keys(['tutorial_taskflow_api']) retrieved from /home/airflow/.local/lib/python3.7/site-packages/airflow/example_dags/tutorial_taskflow_api.py
[2025-10-21T01:07:48.610+0000] {logging_mixin.py:149} INFO - [2025-10-21T01:07:48.610+0000] {dag.py:2726} INFO - Sync 1 DAGs
[2025-10-21T01:07:48.662+0000] {logging_mixin.py:149} INFO - [2025-10-21T01:07:48.662+0000] {dag.py:3490} INFO - Setting next_dagrun for tutorial_taskflow_api to None, run_after=None
[2025-10-21T01:07:48.717+0000] {processor.py:179} INFO - Processing /home/airflow/.local/lib/python3.7/site-packages/airflow/example_dags/tutorial_taskflow_api.py took 0.185 seconds
[2025-10-21T01:08:19.219+0000] {processor.py:157} INFO - Started process (PID=2470) to work on /home/airflow/.local/lib/python3.7/site-packages/airflow/example_dags/tutorial_taskflow_api.py
[2025-10-21T01:08:19.221+0000] {processor.py:826} INFO - Processing file /home/airflow/.local/lib/python3.7/site-packages/airflow/example_dags/tutorial_taskflow_api.py for tasks to queue
[2025-10-21T01:08:19.222+0000] {logging_mixin.py:149} INFO - [2025-10-21T01:08:19.222+0000] {dagbag.py:541} INFO - Filling up the DagBag from /home/airflow/.local/lib/python3.7/site-packages/airflow/example_dags/tutorial_taskflow_api.py
[2025-10-21T01:08:19.235+0000] {processor.py:836} INFO - DAG(s) dict_keys(['tutorial_taskflow_api']) retrieved from /home/airflow/.local/lib/python3.7/site-packages/airflow/example_dags/tutorial_taskflow_api.py
[2025-10-21T01:08:19.285+0000] {logging_mixin.py:149} INFO - [2025-10-21T01:08:19.284+0000] {dag.py:2726} INFO - Sync 1 DAGs
[2025-10-21T01:08:19.326+0000] {logging_mixin.py:149} INFO - [2025-10-21T01:08:19.326+0000] {dag.py:3490} INFO - Setting next_dagrun for tutorial_taskflow_api to None, run_after=None
[2025-10-21T01:08:19.370+0000] {processor.py:179} INFO - Processing /home/airflow/.local/lib/python3.7/site-packages/airflow/example_dags/tutorial_taskflow_api.py took 0.158 seconds
[2025-10-21T01:08:50.073+0000] {processor.py:157} INFO - Started process (PID=2536) to work on /home/airflow/.local/lib/python3.7/site-packages/airflow/example_dags/tutorial_taskflow_api.py
[2025-10-21T01:08:50.075+0000] {processor.py:826} INFO - Processing file /home/airflow/.local/lib/python3.7/site-packages/airflow/example_dags/tutorial_taskflow_api.py for tasks to queue
[2025-10-21T01:08:50.077+0000] {logging_mixin.py:149} INFO - [2025-10-21T01:08:50.076+0000] {dagbag.py:541} INFO - Filling up the DagBag from /home/airflow/.local/lib/python3.7/site-packages/airflow/example_dags/tutorial_taskflow_api.py
[2025-10-21T01:08:50.089+0000] {processor.py:836} INFO - DAG(s) dict_keys(['tutorial_taskflow_api']) retrieved from /home/airflow/.local/lib/python3.7/site-packages/airflow/example_dags/tutorial_taskflow_api.py
[2025-10-21T01:08:50.134+0000] {logging_mixin.py:149} INFO - [2025-10-21T01:08:50.134+0000] {dag.py:2726} INFO - Sync 1 DAGs
[2025-10-21T01:08:50.184+0000] {logging_mixin.py:149} INFO - [2025-10-21T01:08:50.184+0000] {dag.py:3490} INFO - Setting next_dagrun for tutorial_taskflow_api to None, run_after=None
[2025-10-21T01:08:50.226+0000] {processor.py:179} INFO - Processing /home/airflow/.local/lib/python3.7/site-packages/airflow/example_dags/tutorial_taskflow_api.py took 0.158 seconds
[2025-10-21T01:09:20.830+0000] {processor.py:157} INFO - Started process (PID=2602) to work on /home/airflow/.local/lib/python3.7/site-packages/airflow/example_dags/tutorial_taskflow_api.py
[2025-10-21T01:09:20.832+0000] {processor.py:826} INFO - Processing file /home/airflow/.local/lib/python3.7/site-packages/airflow/example_dags/tutorial_taskflow_api.py for tasks to queue
[2025-10-21T01:09:20.835+0000] {logging_mixin.py:149} INFO - [2025-10-21T01:09:20.834+0000] {dagbag.py:541} INFO - Filling up the DagBag from /home/airflow/.local/lib/python3.7/site-packages/airflow/example_dags/tutorial_taskflow_api.py
[2025-10-21T01:09:20.845+0000] {processor.py:836} INFO - DAG(s) dict_keys(['tutorial_taskflow_api']) retrieved from /home/airflow/.local/lib/python3.7/site-packages/airflow/example_dags/tutorial_taskflow_api.py
[2025-10-21T01:09:20.896+0000] {logging_mixin.py:149} INFO - [2025-10-21T01:09:20.896+0000] {dag.py:2726} INFO - Sync 1 DAGs
[2025-10-21T01:09:20.947+0000] {logging_mixin.py:149} INFO - [2025-10-21T01:09:20.946+0000] {dag.py:3490} INFO - Setting next_dagrun for tutorial_taskflow_api to None, run_after=None
[2025-10-21T01:09:20.989+0000] {processor.py:179} INFO - Processing /home/airflow/.local/lib/python3.7/site-packages/airflow/example_dags/tutorial_taskflow_api.py took 0.166 seconds
[2025-10-21T01:09:51.691+0000] {processor.py:157} INFO - Started process (PID=2669) to work on /home/airflow/.local/lib/python3.7/site-packages/airflow/example_dags/tutorial_taskflow_api.py
[2025-10-21T01:09:51.694+0000] {processor.py:826} INFO - Processing file /home/airflow/.local/lib/python3.7/site-packages/airflow/example_dags/tutorial_taskflow_api.py for tasks to queue
[2025-10-21T01:09:51.696+0000] {logging_mixin.py:149} INFO - [2025-10-21T01:09:51.696+0000] {dagbag.py:541} INFO - Filling up the DagBag from /home/airflow/.local/lib/python3.7/site-packages/airflow/example_dags/tutorial_taskflow_api.py
[2025-10-21T01:09:51.711+0000] {processor.py:836} INFO - DAG(s) dict_keys(['tutorial_taskflow_api']) retrieved from /home/airflow/.local/lib/python3.7/site-packages/airflow/example_dags/tutorial_taskflow_api.py
[2025-10-21T01:09:51.768+0000] {logging_mixin.py:149} INFO - [2025-10-21T01:09:51.768+0000] {dag.py:2726} INFO - Sync 1 DAGs
[2025-10-21T01:09:51.827+0000] {logging_mixin.py:149} INFO - [2025-10-21T01:09:51.827+0000] {dag.py:3490} INFO - Setting next_dagrun for tutorial_taskflow_api to None, run_after=None
[2025-10-21T01:09:51.879+0000] {processor.py:179} INFO - Processing /home/airflow/.local/lib/python3.7/site-packages/airflow/example_dags/tutorial_taskflow_api.py took 0.195 seconds
[2025-10-21T01:10:22.371+0000] {processor.py:157} INFO - Started process (PID=2736) to work on /home/airflow/.local/lib/python3.7/site-packages/airflow/example_dags/tutorial_taskflow_api.py
[2025-10-21T01:10:22.373+0000] {processor.py:826} INFO - Processing file /home/airflow/.local/lib/python3.7/site-packages/airflow/example_dags/tutorial_taskflow_api.py for tasks to queue
[2025-10-21T01:10:22.375+0000] {logging_mixin.py:149} INFO - [2025-10-21T01:10:22.374+0000] {dagbag.py:541} INFO - Filling up the DagBag from /home/airflow/.local/lib/python3.7/site-packages/airflow/example_dags/tutorial_taskflow_api.py
[2025-10-21T01:10:22.388+0000] {processor.py:836} INFO - DAG(s) dict_keys(['tutorial_taskflow_api']) retrieved from /home/airflow/.local/lib/python3.7/site-packages/airflow/example_dags/tutorial_taskflow_api.py
[2025-10-21T01:10:22.438+0000] {logging_mixin.py:149} INFO - [2025-10-21T01:10:22.438+0000] {dag.py:2726} INFO - Sync 1 DAGs
[2025-10-21T01:10:22.487+0000] {logging_mixin.py:149} INFO - [2025-10-21T01:10:22.486+0000] {dag.py:3490} INFO - Setting next_dagrun for tutorial_taskflow_api to None, run_after=None
[2025-10-21T01:10:22.529+0000] {processor.py:179} INFO - Processing /home/airflow/.local/lib/python3.7/site-packages/airflow/example_dags/tutorial_taskflow_api.py took 0.164 seconds
[2025-10-21T01:10:53.024+0000] {processor.py:157} INFO - Started process (PID=2802) to work on /home/airflow/.local/lib/python3.7/site-packages/airflow/example_dags/tutorial_taskflow_api.py
[2025-10-21T01:10:53.026+0000] {processor.py:826} INFO - Processing file /home/airflow/.local/lib/python3.7/site-packages/airflow/example_dags/tutorial_taskflow_api.py for tasks to queue
[2025-10-21T01:10:53.027+0000] {logging_mixin.py:149} INFO - [2025-10-21T01:10:53.027+0000] {dagbag.py:541} INFO - Filling up the DagBag from /home/airflow/.local/lib/python3.7/site-packages/airflow/example_dags/tutorial_taskflow_api.py
[2025-10-21T01:10:53.037+0000] {processor.py:836} INFO - DAG(s) dict_keys(['tutorial_taskflow_api']) retrieved from /home/airflow/.local/lib/python3.7/site-packages/airflow/example_dags/tutorial_taskflow_api.py
[2025-10-21T01:10:53.082+0000] {logging_mixin.py:149} INFO - [2025-10-21T01:10:53.082+0000] {dag.py:2726} INFO - Sync 1 DAGs
[2025-10-21T01:10:53.134+0000] {logging_mixin.py:149} INFO - [2025-10-21T01:10:53.134+0000] {dag.py:3490} INFO - Setting next_dagrun for tutorial_taskflow_api to None, run_after=None
[2025-10-21T01:10:53.181+0000] {processor.py:179} INFO - Processing /home/airflow/.local/lib/python3.7/site-packages/airflow/example_dags/tutorial_taskflow_api.py took 0.163 seconds
[2025-10-21T01:11:23.411+0000] {processor.py:157} INFO - Started process (PID=2868) to work on /home/airflow/.local/lib/python3.7/site-packages/airflow/example_dags/tutorial_taskflow_api.py
[2025-10-21T01:11:23.412+0000] {processor.py:826} INFO - Processing file /home/airflow/.local/lib/python3.7/site-packages/airflow/example_dags/tutorial_taskflow_api.py for tasks to queue
[2025-10-21T01:11:23.414+0000] {logging_mixin.py:149} INFO - [2025-10-21T01:11:23.414+0000] {dagbag.py:541} INFO - Filling up the DagBag from /home/airflow/.local/lib/python3.7/site-packages/airflow/example_dags/tutorial_taskflow_api.py
[2025-10-21T01:11:23.425+0000] {processor.py:836} INFO - DAG(s) dict_keys(['tutorial_taskflow_api']) retrieved from /home/airflow/.local/lib/python3.7/site-packages/airflow/example_dags/tutorial_taskflow_api.py
[2025-10-21T01:11:23.470+0000] {logging_mixin.py:149} INFO - [2025-10-21T01:11:23.470+0000] {dag.py:2726} INFO - Sync 1 DAGs
[2025-10-21T01:11:23.517+0000] {logging_mixin.py:149} INFO - [2025-10-21T01:11:23.517+0000] {dag.py:3490} INFO - Setting next_dagrun for tutorial_taskflow_api to None, run_after=None
[2025-10-21T01:11:23.560+0000] {processor.py:179} INFO - Processing /home/airflow/.local/lib/python3.7/site-packages/airflow/example_dags/tutorial_taskflow_api.py took 0.156 seconds
[2025-10-21T01:11:54.130+0000] {processor.py:157} INFO - Started process (PID=2934) to work on /home/airflow/.local/lib/python3.7/site-packages/airflow/example_dags/tutorial_taskflow_api.py
[2025-10-21T01:11:54.132+0000] {processor.py:826} INFO - Processing file /home/airflow/.local/lib/python3.7/site-packages/airflow/example_dags/tutorial_taskflow_api.py for tasks to queue
[2025-10-21T01:11:54.134+0000] {logging_mixin.py:149} INFO - [2025-10-21T01:11:54.134+0000] {dagbag.py:541} INFO - Filling up the DagBag from /home/airflow/.local/lib/python3.7/site-packages/airflow/example_dags/tutorial_taskflow_api.py
[2025-10-21T01:11:54.147+0000] {processor.py:836} INFO - DAG(s) dict_keys(['tutorial_taskflow_api']) retrieved from /home/airflow/.local/lib/python3.7/site-packages/airflow/example_dags/tutorial_taskflow_api.py
[2025-10-21T01:11:54.193+0000] {logging_mixin.py:149} INFO - [2025-10-21T01:11:54.193+0000] {dag.py:2726} INFO - Sync 1 DAGs
[2025-10-21T01:11:54.241+0000] {logging_mixin.py:149} INFO - [2025-10-21T01:11:54.241+0000] {dag.py:3490} INFO - Setting next_dagrun for tutorial_taskflow_api to None, run_after=None
[2025-10-21T01:11:54.283+0000] {processor.py:179} INFO - Processing /home/airflow/.local/lib/python3.7/site-packages/airflow/example_dags/tutorial_taskflow_api.py took 0.161 seconds
[2025-10-21T01:12:24.635+0000] {processor.py:157} INFO - Started process (PID=3000) to work on /home/airflow/.local/lib/python3.7/site-packages/airflow/example_dags/tutorial_taskflow_api.py
[2025-10-21T01:12:24.637+0000] {processor.py:826} INFO - Processing file /home/airflow/.local/lib/python3.7/site-packages/airflow/example_dags/tutorial_taskflow_api.py for tasks to queue
[2025-10-21T01:12:24.639+0000] {logging_mixin.py:149} INFO - [2025-10-21T01:12:24.639+0000] {dagbag.py:541} INFO - Filling up the DagBag from /home/airflow/.local/lib/python3.7/site-packages/airflow/example_dags/tutorial_taskflow_api.py
[2025-10-21T01:12:24.649+0000] {processor.py:836} INFO - DAG(s) dict_keys(['tutorial_taskflow_api']) retrieved from /home/airflow/.local/lib/python3.7/site-packages/airflow/example_dags/tutorial_taskflow_api.py
[2025-10-21T01:12:24.695+0000] {logging_mixin.py:149} INFO - [2025-10-21T01:12:24.695+0000] {dag.py:2726} INFO - Sync 1 DAGs
[2025-10-21T01:12:24.750+0000] {logging_mixin.py:149} INFO - [2025-10-21T01:12:24.750+0000] {dag.py:3490} INFO - Setting next_dagrun for tutorial_taskflow_api to None, run_after=None
[2025-10-21T01:12:24.801+0000] {processor.py:179} INFO - Processing /home/airflow/.local/lib/python3.7/site-packages/airflow/example_dags/tutorial_taskflow_api.py took 0.172 seconds
[2025-10-21T01:12:55.198+0000] {processor.py:157} INFO - Started process (PID=3066) to work on /home/airflow/.local/lib/python3.7/site-packages/airflow/example_dags/tutorial_taskflow_api.py
[2025-10-21T01:12:55.200+0000] {processor.py:826} INFO - Processing file /home/airflow/.local/lib/python3.7/site-packages/airflow/example_dags/tutorial_taskflow_api.py for tasks to queue
[2025-10-21T01:12:55.202+0000] {logging_mixin.py:149} INFO - [2025-10-21T01:12:55.202+0000] {dagbag.py:541} INFO - Filling up the DagBag from /home/airflow/.local/lib/python3.7/site-packages/airflow/example_dags/tutorial_taskflow_api.py
[2025-10-21T01:12:55.221+0000] {processor.py:836} INFO - DAG(s) dict_keys(['tutorial_taskflow_api']) retrieved from /home/airflow/.local/lib/python3.7/site-packages/airflow/example_dags/tutorial_taskflow_api.py
[2025-10-21T01:12:55.313+0000] {logging_mixin.py:149} INFO - [2025-10-21T01:12:55.313+0000] {dag.py:2726} INFO - Sync 1 DAGs
[2025-10-21T01:12:55.401+0000] {logging_mixin.py:149} INFO - [2025-10-21T01:12:55.400+0000] {dag.py:3490} INFO - Setting next_dagrun for tutorial_taskflow_api to None, run_after=None
[2025-10-21T01:12:55.475+0000] {processor.py:179} INFO - Processing /home/airflow/.local/lib/python3.7/site-packages/airflow/example_dags/tutorial_taskflow_api.py took 0.285 seconds
[2025-10-21T01:13:26.156+0000] {processor.py:157} INFO - Started process (PID=3132) to work on /home/airflow/.local/lib/python3.7/site-packages/airflow/example_dags/tutorial_taskflow_api.py
[2025-10-21T01:13:26.158+0000] {processor.py:826} INFO - Processing file /home/airflow/.local/lib/python3.7/site-packages/airflow/example_dags/tutorial_taskflow_api.py for tasks to queue
[2025-10-21T01:13:26.160+0000] {logging_mixin.py:149} INFO - [2025-10-21T01:13:26.160+0000] {dagbag.py:541} INFO - Filling up the DagBag from /home/airflow/.local/lib/python3.7/site-packages/airflow/example_dags/tutorial_taskflow_api.py
[2025-10-21T01:13:26.172+0000] {processor.py:836} INFO - DAG(s) dict_keys(['tutorial_taskflow_api']) retrieved from /home/airflow/.local/lib/python3.7/site-packages/airflow/example_dags/tutorial_taskflow_api.py
[2025-10-21T01:13:26.220+0000] {logging_mixin.py:149} INFO - [2025-10-21T01:13:26.219+0000] {dag.py:2726} INFO - Sync 1 DAGs
[2025-10-21T01:13:26.267+0000] {logging_mixin.py:149} INFO - [2025-10-21T01:13:26.267+0000] {dag.py:3490} INFO - Setting next_dagrun for tutorial_taskflow_api to None, run_after=None
[2025-10-21T01:13:26.311+0000] {processor.py:179} INFO - Processing /home/airflow/.local/lib/python3.7/site-packages/airflow/example_dags/tutorial_taskflow_api.py took 0.163 seconds
[2025-10-21T01:13:57.336+0000] {processor.py:157} INFO - Started process (PID=3198) to work on /home/airflow/.local/lib/python3.7/site-packages/airflow/example_dags/tutorial_taskflow_api.py
[2025-10-21T01:13:57.338+0000] {processor.py:826} INFO - Processing file /home/airflow/.local/lib/python3.7/site-packages/airflow/example_dags/tutorial_taskflow_api.py for tasks to queue
[2025-10-21T01:13:57.340+0000] {logging_mixin.py:149} INFO - [2025-10-21T01:13:57.340+0000] {dagbag.py:541} INFO - Filling up the DagBag from /home/airflow/.local/lib/python3.7/site-packages/airflow/example_dags/tutorial_taskflow_api.py
[2025-10-21T01:13:57.355+0000] {processor.py:836} INFO - DAG(s) dict_keys(['tutorial_taskflow_api']) retrieved from /home/airflow/.local/lib/python3.7/site-packages/airflow/example_dags/tutorial_taskflow_api.py
[2025-10-21T01:13:57.405+0000] {logging_mixin.py:149} INFO - [2025-10-21T01:13:57.404+0000] {dag.py:2726} INFO - Sync 1 DAGs
[2025-10-21T01:13:57.455+0000] {logging_mixin.py:149} INFO - [2025-10-21T01:13:57.454+0000] {dag.py:3490} INFO - Setting next_dagrun for tutorial_taskflow_api to None, run_after=None
[2025-10-21T01:13:57.496+0000] {processor.py:179} INFO - Processing /home/airflow/.local/lib/python3.7/site-packages/airflow/example_dags/tutorial_taskflow_api.py took 0.168 seconds
[2025-10-21T01:14:27.953+0000] {processor.py:157} INFO - Started process (PID=3264) to work on /home/airflow/.local/lib/python3.7/site-packages/airflow/example_dags/tutorial_taskflow_api.py
[2025-10-21T01:14:27.955+0000] {processor.py:826} INFO - Processing file /home/airflow/.local/lib/python3.7/site-packages/airflow/example_dags/tutorial_taskflow_api.py for tasks to queue
[2025-10-21T01:14:27.958+0000] {logging_mixin.py:149} INFO - [2025-10-21T01:14:27.958+0000] {dagbag.py:541} INFO - Filling up the DagBag from /home/airflow/.local/lib/python3.7/site-packages/airflow/example_dags/tutorial_taskflow_api.py
[2025-10-21T01:14:27.980+0000] {processor.py:836} INFO - DAG(s) dict_keys(['tutorial_taskflow_api']) retrieved from /home/airflow/.local/lib/python3.7/site-packages/airflow/example_dags/tutorial_taskflow_api.py
[2025-10-21T01:14:28.062+0000] {logging_mixin.py:149} INFO - [2025-10-21T01:14:28.061+0000] {dag.py:2726} INFO - Sync 1 DAGs
[2025-10-21T01:14:28.130+0000] {logging_mixin.py:149} INFO - [2025-10-21T01:14:28.130+0000] {dag.py:3490} INFO - Setting next_dagrun for tutorial_taskflow_api to None, run_after=None
[2025-10-21T01:14:28.186+0000] {processor.py:179} INFO - Processing /home/airflow/.local/lib/python3.7/site-packages/airflow/example_dags/tutorial_taskflow_api.py took 0.242 seconds
[2025-10-21T01:14:59.088+0000] {processor.py:157} INFO - Started process (PID=3330) to work on /home/airflow/.local/lib/python3.7/site-packages/airflow/example_dags/tutorial_taskflow_api.py
[2025-10-21T01:14:59.090+0000] {processor.py:826} INFO - Processing file /home/airflow/.local/lib/python3.7/site-packages/airflow/example_dags/tutorial_taskflow_api.py for tasks to queue
[2025-10-21T01:14:59.092+0000] {logging_mixin.py:149} INFO - [2025-10-21T01:14:59.092+0000] {dagbag.py:541} INFO - Filling up the DagBag from /home/airflow/.local/lib/python3.7/site-packages/airflow/example_dags/tutorial_taskflow_api.py
[2025-10-21T01:14:59.104+0000] {processor.py:836} INFO - DAG(s) dict_keys(['tutorial_taskflow_api']) retrieved from /home/airflow/.local/lib/python3.7/site-packages/airflow/example_dags/tutorial_taskflow_api.py
[2025-10-21T01:14:59.152+0000] {logging_mixin.py:149} INFO - [2025-10-21T01:14:59.151+0000] {dag.py:2726} INFO - Sync 1 DAGs
[2025-10-21T01:14:59.205+0000] {logging_mixin.py:149} INFO - [2025-10-21T01:14:59.205+0000] {dag.py:3490} INFO - Setting next_dagrun for tutorial_taskflow_api to None, run_after=None
[2025-10-21T01:14:59.248+0000] {processor.py:179} INFO - Processing /home/airflow/.local/lib/python3.7/site-packages/airflow/example_dags/tutorial_taskflow_api.py took 0.167 seconds
[2025-10-21T01:15:30.129+0000] {processor.py:157} INFO - Started process (PID=3396) to work on /home/airflow/.local/lib/python3.7/site-packages/airflow/example_dags/tutorial_taskflow_api.py
[2025-10-21T01:15:30.131+0000] {processor.py:826} INFO - Processing file /home/airflow/.local/lib/python3.7/site-packages/airflow/example_dags/tutorial_taskflow_api.py for tasks to queue
[2025-10-21T01:15:30.134+0000] {logging_mixin.py:149} INFO - [2025-10-21T01:15:30.133+0000] {dagbag.py:541} INFO - Filling up the DagBag from /home/airflow/.local/lib/python3.7/site-packages/airflow/example_dags/tutorial_taskflow_api.py
[2025-10-21T01:15:30.148+0000] {processor.py:836} INFO - DAG(s) dict_keys(['tutorial_taskflow_api']) retrieved from /home/airflow/.local/lib/python3.7/site-packages/airflow/example_dags/tutorial_taskflow_api.py
[2025-10-21T01:15:30.210+0000] {logging_mixin.py:149} INFO - [2025-10-21T01:15:30.210+0000] {dag.py:2726} INFO - Sync 1 DAGs
[2025-10-21T01:15:30.288+0000] {logging_mixin.py:149} INFO - [2025-10-21T01:15:30.288+0000] {dag.py:3490} INFO - Setting next_dagrun for tutorial_taskflow_api to None, run_after=None
[2025-10-21T01:15:30.352+0000] {processor.py:179} INFO - Processing /home/airflow/.local/lib/python3.7/site-packages/airflow/example_dags/tutorial_taskflow_api.py took 0.229 seconds
[2025-10-21T01:16:01.319+0000] {processor.py:157} INFO - Started process (PID=3463) to work on /home/airflow/.local/lib/python3.7/site-packages/airflow/example_dags/tutorial_taskflow_api.py
[2025-10-21T01:16:01.322+0000] {processor.py:826} INFO - Processing file /home/airflow/.local/lib/python3.7/site-packages/airflow/example_dags/tutorial_taskflow_api.py for tasks to queue
[2025-10-21T01:16:01.324+0000] {logging_mixin.py:149} INFO - [2025-10-21T01:16:01.324+0000] {dagbag.py:541} INFO - Filling up the DagBag from /home/airflow/.local/lib/python3.7/site-packages/airflow/example_dags/tutorial_taskflow_api.py
[2025-10-21T01:16:01.337+0000] {processor.py:836} INFO - DAG(s) dict_keys(['tutorial_taskflow_api']) retrieved from /home/airflow/.local/lib/python3.7/site-packages/airflow/example_dags/tutorial_taskflow_api.py
[2025-10-21T01:16:01.388+0000] {logging_mixin.py:149} INFO - [2025-10-21T01:16:01.387+0000] {dag.py:2726} INFO - Sync 1 DAGs
[2025-10-21T01:16:01.436+0000] {logging_mixin.py:149} INFO - [2025-10-21T01:16:01.435+0000] {dag.py:3490} INFO - Setting next_dagrun for tutorial_taskflow_api to None, run_after=None
[2025-10-21T01:16:01.484+0000] {processor.py:179} INFO - Processing /home/airflow/.local/lib/python3.7/site-packages/airflow/example_dags/tutorial_taskflow_api.py took 0.175 seconds
[2025-10-21T01:16:31.736+0000] {processor.py:157} INFO - Started process (PID=3529) to work on /home/airflow/.local/lib/python3.7/site-packages/airflow/example_dags/tutorial_taskflow_api.py
[2025-10-21T01:16:31.739+0000] {processor.py:826} INFO - Processing file /home/airflow/.local/lib/python3.7/site-packages/airflow/example_dags/tutorial_taskflow_api.py for tasks to queue
[2025-10-21T01:16:31.741+0000] {logging_mixin.py:149} INFO - [2025-10-21T01:16:31.741+0000] {dagbag.py:541} INFO - Filling up the DagBag from /home/airflow/.local/lib/python3.7/site-packages/airflow/example_dags/tutorial_taskflow_api.py
[2025-10-21T01:16:31.751+0000] {processor.py:836} INFO - DAG(s) dict_keys(['tutorial_taskflow_api']) retrieved from /home/airflow/.local/lib/python3.7/site-packages/airflow/example_dags/tutorial_taskflow_api.py
[2025-10-21T01:16:31.794+0000] {logging_mixin.py:149} INFO - [2025-10-21T01:16:31.794+0000] {dag.py:2726} INFO - Sync 1 DAGs
[2025-10-21T01:16:31.844+0000] {logging_mixin.py:149} INFO - [2025-10-21T01:16:31.843+0000] {dag.py:3490} INFO - Setting next_dagrun for tutorial_taskflow_api to None, run_after=None
[2025-10-21T01:16:31.884+0000] {processor.py:179} INFO - Processing /home/airflow/.local/lib/python3.7/site-packages/airflow/example_dags/tutorial_taskflow_api.py took 0.154 seconds
[2025-10-21T01:17:02.349+0000] {processor.py:157} INFO - Started process (PID=3595) to work on /home/airflow/.local/lib/python3.7/site-packages/airflow/example_dags/tutorial_taskflow_api.py
[2025-10-21T01:17:02.352+0000] {processor.py:826} INFO - Processing file /home/airflow/.local/lib/python3.7/site-packages/airflow/example_dags/tutorial_taskflow_api.py for tasks to queue
[2025-10-21T01:17:02.356+0000] {logging_mixin.py:149} INFO - [2025-10-21T01:17:02.355+0000] {dagbag.py:541} INFO - Filling up the DagBag from /home/airflow/.local/lib/python3.7/site-packages/airflow/example_dags/tutorial_taskflow_api.py
[2025-10-21T01:17:02.369+0000] {processor.py:836} INFO - DAG(s) dict_keys(['tutorial_taskflow_api']) retrieved from /home/airflow/.local/lib/python3.7/site-packages/airflow/example_dags/tutorial_taskflow_api.py
[2025-10-21T01:17:02.451+0000] {logging_mixin.py:149} INFO - [2025-10-21T01:17:02.450+0000] {dag.py:2726} INFO - Sync 1 DAGs
[2025-10-21T01:17:02.509+0000] {logging_mixin.py:149} INFO - [2025-10-21T01:17:02.509+0000] {dag.py:3490} INFO - Setting next_dagrun for tutorial_taskflow_api to None, run_after=None
[2025-10-21T01:17:02.558+0000] {processor.py:179} INFO - Processing /home/airflow/.local/lib/python3.7/site-packages/airflow/example_dags/tutorial_taskflow_api.py took 0.217 seconds
