[2025-10-04T19:15:54.366+0000] {processor.py:157} INFO - Started process (PID=70) to work on /home/airflow/.local/lib/python3.7/site-packages/airflow/example_dags/example_external_task_marker_dag.py
[2025-10-04T19:15:54.368+0000] {processor.py:826} INFO - Processing file /home/airflow/.local/lib/python3.7/site-packages/airflow/example_dags/example_external_task_marker_dag.py for tasks to queue
[2025-10-04T19:15:54.370+0000] {logging_mixin.py:149} INFO - [2025-10-04T19:15:54.369+0000] {dagbag.py:541} INFO - Filling up the DagBag from /home/airflow/.local/lib/python3.7/site-packages/airflow/example_dags/example_external_task_marker_dag.py
[2025-10-04T19:15:54.395+0000] {processor.py:836} INFO - DAG(s) dict_keys(['example_external_task_marker_child', 'example_external_task_marker_parent']) retrieved from /home/airflow/.local/lib/python3.7/site-packages/airflow/example_dags/example_external_task_marker_dag.py
[2025-10-04T19:15:54.667+0000] {logging_mixin.py:149} INFO - [2025-10-04T19:15:54.666+0000] {manager.py:504} INFO - Created Permission View: can delete on DAG:example_external_task_marker_child
[2025-10-04T19:15:54.694+0000] {logging_mixin.py:149} INFO - [2025-10-04T19:15:54.694+0000] {manager.py:504} INFO - Created Permission View: can edit on DAG:example_external_task_marker_child
[2025-10-04T19:15:54.716+0000] {logging_mixin.py:149} INFO - [2025-10-04T19:15:54.716+0000] {manager.py:504} INFO - Created Permission View: can read on DAG:example_external_task_marker_child
[2025-10-04T19:15:54.806+0000] {logging_mixin.py:149} INFO - [2025-10-04T19:15:54.806+0000] {manager.py:504} INFO - Created Permission View: can delete on DAG:example_external_task_marker_parent
[2025-10-04T19:15:54.826+0000] {logging_mixin.py:149} INFO - [2025-10-04T19:15:54.825+0000] {manager.py:504} INFO - Created Permission View: can edit on DAG:example_external_task_marker_parent
[2025-10-04T19:15:54.847+0000] {logging_mixin.py:149} INFO - [2025-10-04T19:15:54.846+0000] {manager.py:504} INFO - Created Permission View: can read on DAG:example_external_task_marker_parent
[2025-10-04T19:15:54.863+0000] {logging_mixin.py:149} INFO - [2025-10-04T19:15:54.863+0000] {dag.py:2726} INFO - Sync 2 DAGs
[2025-10-04T19:15:54.901+0000] {logging_mixin.py:149} INFO - [2025-10-04T19:15:54.900+0000] {dag.py:2747} INFO - Creating ORM DAG for example_external_task_marker_child
[2025-10-04T19:15:54.902+0000] {logging_mixin.py:149} INFO - [2025-10-04T19:15:54.902+0000] {dag.py:2747} INFO - Creating ORM DAG for example_external_task_marker_parent
[2025-10-04T19:15:54.924+0000] {logging_mixin.py:149} INFO - [2025-10-04T19:15:54.924+0000] {dag.py:3490} INFO - Setting next_dagrun for example_external_task_marker_child to None, run_after=None
[2025-10-04T19:15:54.926+0000] {logging_mixin.py:149} INFO - [2025-10-04T19:15:54.926+0000] {dag.py:3490} INFO - Setting next_dagrun for example_external_task_marker_parent to None, run_after=None
[2025-10-04T19:15:54.971+0000] {processor.py:179} INFO - Processing /home/airflow/.local/lib/python3.7/site-packages/airflow/example_dags/example_external_task_marker_dag.py took 0.612 seconds
[2025-10-04T19:16:25.337+0000] {processor.py:157} INFO - Started process (PID=132) to work on /home/airflow/.local/lib/python3.7/site-packages/airflow/example_dags/example_external_task_marker_dag.py
[2025-10-04T19:16:25.339+0000] {processor.py:826} INFO - Processing file /home/airflow/.local/lib/python3.7/site-packages/airflow/example_dags/example_external_task_marker_dag.py for tasks to queue
[2025-10-04T19:16:25.341+0000] {logging_mixin.py:149} INFO - [2025-10-04T19:16:25.341+0000] {dagbag.py:541} INFO - Filling up the DagBag from /home/airflow/.local/lib/python3.7/site-packages/airflow/example_dags/example_external_task_marker_dag.py
[2025-10-04T19:16:25.353+0000] {processor.py:836} INFO - DAG(s) dict_keys(['example_external_task_marker_parent', 'example_external_task_marker_child']) retrieved from /home/airflow/.local/lib/python3.7/site-packages/airflow/example_dags/example_external_task_marker_dag.py
[2025-10-04T19:16:25.418+0000] {logging_mixin.py:149} INFO - [2025-10-04T19:16:25.418+0000] {dag.py:2726} INFO - Sync 2 DAGs
[2025-10-04T19:16:25.495+0000] {logging_mixin.py:149} INFO - [2025-10-04T19:16:25.494+0000] {dag.py:3490} INFO - Setting next_dagrun for example_external_task_marker_child to None, run_after=None
[2025-10-04T19:16:25.504+0000] {logging_mixin.py:149} INFO - [2025-10-04T19:16:25.504+0000] {dag.py:3490} INFO - Setting next_dagrun for example_external_task_marker_parent to None, run_after=None
[2025-10-04T19:16:25.548+0000] {processor.py:179} INFO - Processing /home/airflow/.local/lib/python3.7/site-packages/airflow/example_dags/example_external_task_marker_dag.py took 0.219 seconds
[2025-10-04T19:16:55.761+0000] {processor.py:157} INFO - Started process (PID=193) to work on /home/airflow/.local/lib/python3.7/site-packages/airflow/example_dags/example_external_task_marker_dag.py
[2025-10-04T19:16:55.763+0000] {processor.py:826} INFO - Processing file /home/airflow/.local/lib/python3.7/site-packages/airflow/example_dags/example_external_task_marker_dag.py for tasks to queue
[2025-10-04T19:16:55.765+0000] {logging_mixin.py:149} INFO - [2025-10-04T19:16:55.765+0000] {dagbag.py:541} INFO - Filling up the DagBag from /home/airflow/.local/lib/python3.7/site-packages/airflow/example_dags/example_external_task_marker_dag.py
[2025-10-04T19:16:55.777+0000] {processor.py:836} INFO - DAG(s) dict_keys(['example_external_task_marker_child', 'example_external_task_marker_parent']) retrieved from /home/airflow/.local/lib/python3.7/site-packages/airflow/example_dags/example_external_task_marker_dag.py
[2025-10-04T19:16:55.831+0000] {logging_mixin.py:149} INFO - [2025-10-04T19:16:55.830+0000] {dag.py:2726} INFO - Sync 2 DAGs
[2025-10-04T19:16:55.878+0000] {logging_mixin.py:149} INFO - [2025-10-04T19:16:55.878+0000] {dag.py:3490} INFO - Setting next_dagrun for example_external_task_marker_child to None, run_after=None
[2025-10-04T19:16:55.886+0000] {logging_mixin.py:149} INFO - [2025-10-04T19:16:55.885+0000] {dag.py:3490} INFO - Setting next_dagrun for example_external_task_marker_parent to None, run_after=None
[2025-10-04T19:16:55.926+0000] {processor.py:179} INFO - Processing /home/airflow/.local/lib/python3.7/site-packages/airflow/example_dags/example_external_task_marker_dag.py took 0.174 seconds
[2025-10-04T19:17:26.145+0000] {processor.py:157} INFO - Started process (PID=254) to work on /home/airflow/.local/lib/python3.7/site-packages/airflow/example_dags/example_external_task_marker_dag.py
[2025-10-04T19:17:26.148+0000] {processor.py:826} INFO - Processing file /home/airflow/.local/lib/python3.7/site-packages/airflow/example_dags/example_external_task_marker_dag.py for tasks to queue
[2025-10-04T19:17:26.149+0000] {logging_mixin.py:149} INFO - [2025-10-04T19:17:26.149+0000] {dagbag.py:541} INFO - Filling up the DagBag from /home/airflow/.local/lib/python3.7/site-packages/airflow/example_dags/example_external_task_marker_dag.py
[2025-10-04T19:17:26.163+0000] {processor.py:836} INFO - DAG(s) dict_keys(['example_external_task_marker_child', 'example_external_task_marker_parent']) retrieved from /home/airflow/.local/lib/python3.7/site-packages/airflow/example_dags/example_external_task_marker_dag.py
[2025-10-04T19:17:26.222+0000] {logging_mixin.py:149} INFO - [2025-10-04T19:17:26.222+0000] {dag.py:2726} INFO - Sync 2 DAGs
[2025-10-04T19:17:26.270+0000] {logging_mixin.py:149} INFO - [2025-10-04T19:17:26.270+0000] {dag.py:3490} INFO - Setting next_dagrun for example_external_task_marker_child to None, run_after=None
[2025-10-04T19:17:26.280+0000] {logging_mixin.py:149} INFO - [2025-10-04T19:17:26.279+0000] {dag.py:3490} INFO - Setting next_dagrun for example_external_task_marker_parent to None, run_after=None
[2025-10-04T19:17:26.317+0000] {processor.py:179} INFO - Processing /home/airflow/.local/lib/python3.7/site-packages/airflow/example_dags/example_external_task_marker_dag.py took 0.179 seconds
[2025-10-04T19:17:56.854+0000] {processor.py:157} INFO - Started process (PID=315) to work on /home/airflow/.local/lib/python3.7/site-packages/airflow/example_dags/example_external_task_marker_dag.py
[2025-10-04T19:17:56.856+0000] {processor.py:826} INFO - Processing file /home/airflow/.local/lib/python3.7/site-packages/airflow/example_dags/example_external_task_marker_dag.py for tasks to queue
[2025-10-04T19:17:56.858+0000] {logging_mixin.py:149} INFO - [2025-10-04T19:17:56.858+0000] {dagbag.py:541} INFO - Filling up the DagBag from /home/airflow/.local/lib/python3.7/site-packages/airflow/example_dags/example_external_task_marker_dag.py
[2025-10-04T19:17:56.868+0000] {processor.py:836} INFO - DAG(s) dict_keys(['example_external_task_marker_child', 'example_external_task_marker_parent']) retrieved from /home/airflow/.local/lib/python3.7/site-packages/airflow/example_dags/example_external_task_marker_dag.py
[2025-10-04T19:17:56.924+0000] {logging_mixin.py:149} INFO - [2025-10-04T19:17:56.924+0000] {dag.py:2726} INFO - Sync 2 DAGs
[2025-10-04T19:17:56.974+0000] {logging_mixin.py:149} INFO - [2025-10-04T19:17:56.974+0000] {dag.py:3490} INFO - Setting next_dagrun for example_external_task_marker_child to None, run_after=None
[2025-10-04T19:17:56.981+0000] {logging_mixin.py:149} INFO - [2025-10-04T19:17:56.981+0000] {dag.py:3490} INFO - Setting next_dagrun for example_external_task_marker_parent to None, run_after=None
[2025-10-04T19:17:57.014+0000] {processor.py:179} INFO - Processing /home/airflow/.local/lib/python3.7/site-packages/airflow/example_dags/example_external_task_marker_dag.py took 0.165 seconds
[2025-10-04T19:18:27.415+0000] {processor.py:157} INFO - Started process (PID=376) to work on /home/airflow/.local/lib/python3.7/site-packages/airflow/example_dags/example_external_task_marker_dag.py
[2025-10-04T19:18:27.417+0000] {processor.py:826} INFO - Processing file /home/airflow/.local/lib/python3.7/site-packages/airflow/example_dags/example_external_task_marker_dag.py for tasks to queue
[2025-10-04T19:18:27.419+0000] {logging_mixin.py:149} INFO - [2025-10-04T19:18:27.419+0000] {dagbag.py:541} INFO - Filling up the DagBag from /home/airflow/.local/lib/python3.7/site-packages/airflow/example_dags/example_external_task_marker_dag.py
[2025-10-04T19:18:27.430+0000] {processor.py:836} INFO - DAG(s) dict_keys(['example_external_task_marker_child', 'example_external_task_marker_parent']) retrieved from /home/airflow/.local/lib/python3.7/site-packages/airflow/example_dags/example_external_task_marker_dag.py
[2025-10-04T19:18:27.486+0000] {logging_mixin.py:149} INFO - [2025-10-04T19:18:27.485+0000] {dag.py:2726} INFO - Sync 2 DAGs
[2025-10-04T19:18:27.532+0000] {logging_mixin.py:149} INFO - [2025-10-04T19:18:27.532+0000] {dag.py:3490} INFO - Setting next_dagrun for example_external_task_marker_child to None, run_after=None
[2025-10-04T19:18:27.542+0000] {logging_mixin.py:149} INFO - [2025-10-04T19:18:27.541+0000] {dag.py:3490} INFO - Setting next_dagrun for example_external_task_marker_parent to None, run_after=None
[2025-10-04T19:18:27.581+0000] {processor.py:179} INFO - Processing /home/airflow/.local/lib/python3.7/site-packages/airflow/example_dags/example_external_task_marker_dag.py took 0.173 seconds
[2025-10-04T19:18:58.100+0000] {processor.py:157} INFO - Started process (PID=437) to work on /home/airflow/.local/lib/python3.7/site-packages/airflow/example_dags/example_external_task_marker_dag.py
[2025-10-04T19:18:58.103+0000] {processor.py:826} INFO - Processing file /home/airflow/.local/lib/python3.7/site-packages/airflow/example_dags/example_external_task_marker_dag.py for tasks to queue
[2025-10-04T19:18:58.105+0000] {logging_mixin.py:149} INFO - [2025-10-04T19:18:58.105+0000] {dagbag.py:541} INFO - Filling up the DagBag from /home/airflow/.local/lib/python3.7/site-packages/airflow/example_dags/example_external_task_marker_dag.py
[2025-10-04T19:18:58.124+0000] {processor.py:836} INFO - DAG(s) dict_keys(['example_external_task_marker_child', 'example_external_task_marker_parent']) retrieved from /home/airflow/.local/lib/python3.7/site-packages/airflow/example_dags/example_external_task_marker_dag.py
[2025-10-04T19:18:58.211+0000] {logging_mixin.py:149} INFO - [2025-10-04T19:18:58.210+0000] {dag.py:2726} INFO - Sync 2 DAGs
[2025-10-04T19:18:58.263+0000] {logging_mixin.py:149} INFO - [2025-10-04T19:18:58.263+0000] {dag.py:3490} INFO - Setting next_dagrun for example_external_task_marker_child to None, run_after=None
[2025-10-04T19:18:58.270+0000] {logging_mixin.py:149} INFO - [2025-10-04T19:18:58.270+0000] {dag.py:3490} INFO - Setting next_dagrun for example_external_task_marker_parent to None, run_after=None
[2025-10-04T19:18:58.315+0000] {processor.py:179} INFO - Processing /home/airflow/.local/lib/python3.7/site-packages/airflow/example_dags/example_external_task_marker_dag.py took 0.223 seconds
[2025-10-04T19:19:28.490+0000] {processor.py:157} INFO - Started process (PID=499) to work on /home/airflow/.local/lib/python3.7/site-packages/airflow/example_dags/example_external_task_marker_dag.py
[2025-10-04T19:19:28.492+0000] {processor.py:826} INFO - Processing file /home/airflow/.local/lib/python3.7/site-packages/airflow/example_dags/example_external_task_marker_dag.py for tasks to queue
[2025-10-04T19:19:28.494+0000] {logging_mixin.py:149} INFO - [2025-10-04T19:19:28.494+0000] {dagbag.py:541} INFO - Filling up the DagBag from /home/airflow/.local/lib/python3.7/site-packages/airflow/example_dags/example_external_task_marker_dag.py
[2025-10-04T19:19:28.512+0000] {processor.py:836} INFO - DAG(s) dict_keys(['example_external_task_marker_child', 'example_external_task_marker_parent']) retrieved from /home/airflow/.local/lib/python3.7/site-packages/airflow/example_dags/example_external_task_marker_dag.py
[2025-10-04T19:19:28.596+0000] {logging_mixin.py:149} INFO - [2025-10-04T19:19:28.595+0000] {dag.py:2726} INFO - Sync 2 DAGs
[2025-10-04T19:19:28.666+0000] {logging_mixin.py:149} INFO - [2025-10-04T19:19:28.666+0000] {dag.py:3490} INFO - Setting next_dagrun for example_external_task_marker_child to None, run_after=None
[2025-10-04T19:19:28.676+0000] {logging_mixin.py:149} INFO - [2025-10-04T19:19:28.676+0000] {dag.py:3490} INFO - Setting next_dagrun for example_external_task_marker_parent to None, run_after=None
[2025-10-04T19:19:28.728+0000] {processor.py:179} INFO - Processing /home/airflow/.local/lib/python3.7/site-packages/airflow/example_dags/example_external_task_marker_dag.py took 0.245 seconds
[2025-10-04T19:19:59.629+0000] {processor.py:157} INFO - Started process (PID=560) to work on /home/airflow/.local/lib/python3.7/site-packages/airflow/example_dags/example_external_task_marker_dag.py
[2025-10-04T19:19:59.632+0000] {processor.py:826} INFO - Processing file /home/airflow/.local/lib/python3.7/site-packages/airflow/example_dags/example_external_task_marker_dag.py for tasks to queue
[2025-10-04T19:19:59.634+0000] {logging_mixin.py:149} INFO - [2025-10-04T19:19:59.634+0000] {dagbag.py:541} INFO - Filling up the DagBag from /home/airflow/.local/lib/python3.7/site-packages/airflow/example_dags/example_external_task_marker_dag.py
[2025-10-04T19:19:59.649+0000] {processor.py:836} INFO - DAG(s) dict_keys(['example_external_task_marker_child', 'example_external_task_marker_parent']) retrieved from /home/airflow/.local/lib/python3.7/site-packages/airflow/example_dags/example_external_task_marker_dag.py
[2025-10-04T19:19:59.714+0000] {logging_mixin.py:149} INFO - [2025-10-04T19:19:59.714+0000] {dag.py:2726} INFO - Sync 2 DAGs
[2025-10-04T19:19:59.762+0000] {logging_mixin.py:149} INFO - [2025-10-04T19:19:59.762+0000] {dag.py:3490} INFO - Setting next_dagrun for example_external_task_marker_child to None, run_after=None
[2025-10-04T19:19:59.771+0000] {logging_mixin.py:149} INFO - [2025-10-04T19:19:59.771+0000] {dag.py:3490} INFO - Setting next_dagrun for example_external_task_marker_parent to None, run_after=None
[2025-10-04T19:19:59.812+0000] {processor.py:179} INFO - Processing /home/airflow/.local/lib/python3.7/site-packages/airflow/example_dags/example_external_task_marker_dag.py took 0.192 seconds
[2025-10-04T19:20:30.096+0000] {processor.py:157} INFO - Started process (PID=621) to work on /home/airflow/.local/lib/python3.7/site-packages/airflow/example_dags/example_external_task_marker_dag.py
[2025-10-04T19:20:30.100+0000] {processor.py:826} INFO - Processing file /home/airflow/.local/lib/python3.7/site-packages/airflow/example_dags/example_external_task_marker_dag.py for tasks to queue
[2025-10-04T19:20:30.102+0000] {logging_mixin.py:149} INFO - [2025-10-04T19:20:30.102+0000] {dagbag.py:541} INFO - Filling up the DagBag from /home/airflow/.local/lib/python3.7/site-packages/airflow/example_dags/example_external_task_marker_dag.py
[2025-10-04T19:20:30.121+0000] {processor.py:836} INFO - DAG(s) dict_keys(['example_external_task_marker_parent', 'example_external_task_marker_child']) retrieved from /home/airflow/.local/lib/python3.7/site-packages/airflow/example_dags/example_external_task_marker_dag.py
[2025-10-04T19:20:30.219+0000] {logging_mixin.py:149} INFO - [2025-10-04T19:20:30.219+0000] {dag.py:2726} INFO - Sync 2 DAGs
[2025-10-04T19:20:30.305+0000] {logging_mixin.py:149} INFO - [2025-10-04T19:20:30.305+0000] {dag.py:3490} INFO - Setting next_dagrun for example_external_task_marker_child to None, run_after=None
[2025-10-04T19:20:30.316+0000] {logging_mixin.py:149} INFO - [2025-10-04T19:20:30.315+0000] {dag.py:3490} INFO - Setting next_dagrun for example_external_task_marker_parent to None, run_after=None
[2025-10-04T19:20:30.369+0000] {processor.py:179} INFO - Processing /home/airflow/.local/lib/python3.7/site-packages/airflow/example_dags/example_external_task_marker_dag.py took 0.286 seconds
[2025-10-04T19:21:00.896+0000] {processor.py:157} INFO - Started process (PID=682) to work on /home/airflow/.local/lib/python3.7/site-packages/airflow/example_dags/example_external_task_marker_dag.py
[2025-10-04T19:21:00.898+0000] {processor.py:826} INFO - Processing file /home/airflow/.local/lib/python3.7/site-packages/airflow/example_dags/example_external_task_marker_dag.py for tasks to queue
[2025-10-04T19:21:00.900+0000] {logging_mixin.py:149} INFO - [2025-10-04T19:21:00.900+0000] {dagbag.py:541} INFO - Filling up the DagBag from /home/airflow/.local/lib/python3.7/site-packages/airflow/example_dags/example_external_task_marker_dag.py
[2025-10-04T19:21:00.914+0000] {processor.py:836} INFO - DAG(s) dict_keys(['example_external_task_marker_parent', 'example_external_task_marker_child']) retrieved from /home/airflow/.local/lib/python3.7/site-packages/airflow/example_dags/example_external_task_marker_dag.py
[2025-10-04T19:21:00.980+0000] {logging_mixin.py:149} INFO - [2025-10-04T19:21:00.980+0000] {dag.py:2726} INFO - Sync 2 DAGs
[2025-10-04T19:21:01.039+0000] {logging_mixin.py:149} INFO - [2025-10-04T19:21:01.039+0000] {dag.py:3490} INFO - Setting next_dagrun for example_external_task_marker_child to None, run_after=None
[2025-10-04T19:21:01.047+0000] {logging_mixin.py:149} INFO - [2025-10-04T19:21:01.047+0000] {dag.py:3490} INFO - Setting next_dagrun for example_external_task_marker_parent to None, run_after=None
[2025-10-04T19:21:01.092+0000] {processor.py:179} INFO - Processing /home/airflow/.local/lib/python3.7/site-packages/airflow/example_dags/example_external_task_marker_dag.py took 0.203 seconds
[2025-10-04T19:21:31.734+0000] {processor.py:157} INFO - Started process (PID=743) to work on /home/airflow/.local/lib/python3.7/site-packages/airflow/example_dags/example_external_task_marker_dag.py
[2025-10-04T19:21:31.736+0000] {processor.py:826} INFO - Processing file /home/airflow/.local/lib/python3.7/site-packages/airflow/example_dags/example_external_task_marker_dag.py for tasks to queue
[2025-10-04T19:21:31.738+0000] {logging_mixin.py:149} INFO - [2025-10-04T19:21:31.738+0000] {dagbag.py:541} INFO - Filling up the DagBag from /home/airflow/.local/lib/python3.7/site-packages/airflow/example_dags/example_external_task_marker_dag.py
[2025-10-04T19:21:31.750+0000] {processor.py:836} INFO - DAG(s) dict_keys(['example_external_task_marker_child', 'example_external_task_marker_parent']) retrieved from /home/airflow/.local/lib/python3.7/site-packages/airflow/example_dags/example_external_task_marker_dag.py
[2025-10-04T19:21:31.803+0000] {logging_mixin.py:149} INFO - [2025-10-04T19:21:31.803+0000] {dag.py:2726} INFO - Sync 2 DAGs
[2025-10-04T19:21:31.851+0000] {logging_mixin.py:149} INFO - [2025-10-04T19:21:31.851+0000] {dag.py:3490} INFO - Setting next_dagrun for example_external_task_marker_child to None, run_after=None
[2025-10-04T19:21:31.858+0000] {logging_mixin.py:149} INFO - [2025-10-04T19:21:31.858+0000] {dag.py:3490} INFO - Setting next_dagrun for example_external_task_marker_parent to None, run_after=None
[2025-10-04T19:21:31.903+0000] {processor.py:179} INFO - Processing /home/airflow/.local/lib/python3.7/site-packages/airflow/example_dags/example_external_task_marker_dag.py took 0.177 seconds
[2025-10-04T19:22:02.606+0000] {processor.py:157} INFO - Started process (PID=804) to work on /home/airflow/.local/lib/python3.7/site-packages/airflow/example_dags/example_external_task_marker_dag.py
[2025-10-04T19:22:02.608+0000] {processor.py:826} INFO - Processing file /home/airflow/.local/lib/python3.7/site-packages/airflow/example_dags/example_external_task_marker_dag.py for tasks to queue
[2025-10-04T19:22:02.610+0000] {logging_mixin.py:149} INFO - [2025-10-04T19:22:02.609+0000] {dagbag.py:541} INFO - Filling up the DagBag from /home/airflow/.local/lib/python3.7/site-packages/airflow/example_dags/example_external_task_marker_dag.py
[2025-10-04T19:22:02.622+0000] {processor.py:836} INFO - DAG(s) dict_keys(['example_external_task_marker_parent', 'example_external_task_marker_child']) retrieved from /home/airflow/.local/lib/python3.7/site-packages/airflow/example_dags/example_external_task_marker_dag.py
[2025-10-04T19:22:02.680+0000] {logging_mixin.py:149} INFO - [2025-10-04T19:22:02.680+0000] {dag.py:2726} INFO - Sync 2 DAGs
[2025-10-04T19:22:02.739+0000] {logging_mixin.py:149} INFO - [2025-10-04T19:22:02.738+0000] {dag.py:3490} INFO - Setting next_dagrun for example_external_task_marker_child to None, run_after=None
[2025-10-04T19:22:02.747+0000] {logging_mixin.py:149} INFO - [2025-10-04T19:22:02.746+0000] {dag.py:3490} INFO - Setting next_dagrun for example_external_task_marker_parent to None, run_after=None
[2025-10-04T19:22:02.791+0000] {processor.py:179} INFO - Processing /home/airflow/.local/lib/python3.7/site-packages/airflow/example_dags/example_external_task_marker_dag.py took 0.190 seconds
[2025-10-04T19:22:33.212+0000] {processor.py:157} INFO - Started process (PID=865) to work on /home/airflow/.local/lib/python3.7/site-packages/airflow/example_dags/example_external_task_marker_dag.py
[2025-10-04T19:22:33.214+0000] {processor.py:826} INFO - Processing file /home/airflow/.local/lib/python3.7/site-packages/airflow/example_dags/example_external_task_marker_dag.py for tasks to queue
[2025-10-04T19:22:33.216+0000] {logging_mixin.py:149} INFO - [2025-10-04T19:22:33.216+0000] {dagbag.py:541} INFO - Filling up the DagBag from /home/airflow/.local/lib/python3.7/site-packages/airflow/example_dags/example_external_task_marker_dag.py
[2025-10-04T19:22:33.226+0000] {processor.py:836} INFO - DAG(s) dict_keys(['example_external_task_marker_child', 'example_external_task_marker_parent']) retrieved from /home/airflow/.local/lib/python3.7/site-packages/airflow/example_dags/example_external_task_marker_dag.py
[2025-10-04T19:22:33.282+0000] {logging_mixin.py:149} INFO - [2025-10-04T19:22:33.282+0000] {dag.py:2726} INFO - Sync 2 DAGs
[2025-10-04T19:22:33.331+0000] {logging_mixin.py:149} INFO - [2025-10-04T19:22:33.331+0000] {dag.py:3490} INFO - Setting next_dagrun for example_external_task_marker_child to None, run_after=None
[2025-10-04T19:22:33.338+0000] {logging_mixin.py:149} INFO - [2025-10-04T19:22:33.337+0000] {dag.py:3490} INFO - Setting next_dagrun for example_external_task_marker_parent to None, run_after=None
[2025-10-04T19:22:33.371+0000] {processor.py:179} INFO - Processing /home/airflow/.local/lib/python3.7/site-packages/airflow/example_dags/example_external_task_marker_dag.py took 0.164 seconds
[2025-10-04T19:23:03.506+0000] {processor.py:157} INFO - Started process (PID=926) to work on /home/airflow/.local/lib/python3.7/site-packages/airflow/example_dags/example_external_task_marker_dag.py
[2025-10-04T19:23:03.508+0000] {processor.py:826} INFO - Processing file /home/airflow/.local/lib/python3.7/site-packages/airflow/example_dags/example_external_task_marker_dag.py for tasks to queue
[2025-10-04T19:23:03.509+0000] {logging_mixin.py:149} INFO - [2025-10-04T19:23:03.509+0000] {dagbag.py:541} INFO - Filling up the DagBag from /home/airflow/.local/lib/python3.7/site-packages/airflow/example_dags/example_external_task_marker_dag.py
[2025-10-04T19:23:03.517+0000] {processor.py:836} INFO - DAG(s) dict_keys(['example_external_task_marker_parent', 'example_external_task_marker_child']) retrieved from /home/airflow/.local/lib/python3.7/site-packages/airflow/example_dags/example_external_task_marker_dag.py
[2025-10-04T19:23:03.574+0000] {logging_mixin.py:149} INFO - [2025-10-04T19:23:03.574+0000] {dag.py:2726} INFO - Sync 2 DAGs
[2025-10-04T19:23:03.621+0000] {logging_mixin.py:149} INFO - [2025-10-04T19:23:03.620+0000] {dag.py:3490} INFO - Setting next_dagrun for example_external_task_marker_child to None, run_after=None
[2025-10-04T19:23:03.628+0000] {logging_mixin.py:149} INFO - [2025-10-04T19:23:03.628+0000] {dag.py:3490} INFO - Setting next_dagrun for example_external_task_marker_parent to None, run_after=None
[2025-10-04T19:23:03.666+0000] {processor.py:179} INFO - Processing /home/airflow/.local/lib/python3.7/site-packages/airflow/example_dags/example_external_task_marker_dag.py took 0.169 seconds
[2025-10-04T19:23:34.376+0000] {processor.py:157} INFO - Started process (PID=987) to work on /home/airflow/.local/lib/python3.7/site-packages/airflow/example_dags/example_external_task_marker_dag.py
[2025-10-04T19:23:34.378+0000] {processor.py:826} INFO - Processing file /home/airflow/.local/lib/python3.7/site-packages/airflow/example_dags/example_external_task_marker_dag.py for tasks to queue
[2025-10-04T19:23:34.379+0000] {logging_mixin.py:149} INFO - [2025-10-04T19:23:34.379+0000] {dagbag.py:541} INFO - Filling up the DagBag from /home/airflow/.local/lib/python3.7/site-packages/airflow/example_dags/example_external_task_marker_dag.py
[2025-10-04T19:23:34.390+0000] {processor.py:836} INFO - DAG(s) dict_keys(['example_external_task_marker_child', 'example_external_task_marker_parent']) retrieved from /home/airflow/.local/lib/python3.7/site-packages/airflow/example_dags/example_external_task_marker_dag.py
[2025-10-04T19:23:34.442+0000] {logging_mixin.py:149} INFO - [2025-10-04T19:23:34.442+0000] {dag.py:2726} INFO - Sync 2 DAGs
[2025-10-04T19:23:34.490+0000] {logging_mixin.py:149} INFO - [2025-10-04T19:23:34.490+0000] {dag.py:3490} INFO - Setting next_dagrun for example_external_task_marker_child to None, run_after=None
[2025-10-04T19:23:34.497+0000] {logging_mixin.py:149} INFO - [2025-10-04T19:23:34.497+0000] {dag.py:3490} INFO - Setting next_dagrun for example_external_task_marker_parent to None, run_after=None
[2025-10-04T19:23:34.534+0000] {processor.py:179} INFO - Processing /home/airflow/.local/lib/python3.7/site-packages/airflow/example_dags/example_external_task_marker_dag.py took 0.166 seconds
[2025-10-04T19:24:04.840+0000] {processor.py:157} INFO - Started process (PID=1049) to work on /home/airflow/.local/lib/python3.7/site-packages/airflow/example_dags/example_external_task_marker_dag.py
[2025-10-04T19:24:04.842+0000] {processor.py:826} INFO - Processing file /home/airflow/.local/lib/python3.7/site-packages/airflow/example_dags/example_external_task_marker_dag.py for tasks to queue
[2025-10-04T19:24:04.844+0000] {logging_mixin.py:149} INFO - [2025-10-04T19:24:04.843+0000] {dagbag.py:541} INFO - Filling up the DagBag from /home/airflow/.local/lib/python3.7/site-packages/airflow/example_dags/example_external_task_marker_dag.py
[2025-10-04T19:24:04.853+0000] {processor.py:836} INFO - DAG(s) dict_keys(['example_external_task_marker_child', 'example_external_task_marker_parent']) retrieved from /home/airflow/.local/lib/python3.7/site-packages/airflow/example_dags/example_external_task_marker_dag.py
[2025-10-04T19:24:04.903+0000] {logging_mixin.py:149} INFO - [2025-10-04T19:24:04.903+0000] {dag.py:2726} INFO - Sync 2 DAGs
[2025-10-04T19:24:04.949+0000] {logging_mixin.py:149} INFO - [2025-10-04T19:24:04.948+0000] {dag.py:3490} INFO - Setting next_dagrun for example_external_task_marker_child to None, run_after=None
[2025-10-04T19:24:04.957+0000] {logging_mixin.py:149} INFO - [2025-10-04T19:24:04.957+0000] {dag.py:3490} INFO - Setting next_dagrun for example_external_task_marker_parent to None, run_after=None
[2025-10-04T19:24:04.994+0000] {processor.py:179} INFO - Processing /home/airflow/.local/lib/python3.7/site-packages/airflow/example_dags/example_external_task_marker_dag.py took 0.160 seconds
[2025-10-04T19:24:35.131+0000] {processor.py:157} INFO - Started process (PID=1110) to work on /home/airflow/.local/lib/python3.7/site-packages/airflow/example_dags/example_external_task_marker_dag.py
[2025-10-04T19:24:35.133+0000] {processor.py:826} INFO - Processing file /home/airflow/.local/lib/python3.7/site-packages/airflow/example_dags/example_external_task_marker_dag.py for tasks to queue
[2025-10-04T19:24:35.135+0000] {logging_mixin.py:149} INFO - [2025-10-04T19:24:35.134+0000] {dagbag.py:541} INFO - Filling up the DagBag from /home/airflow/.local/lib/python3.7/site-packages/airflow/example_dags/example_external_task_marker_dag.py
[2025-10-04T19:24:35.144+0000] {processor.py:836} INFO - DAG(s) dict_keys(['example_external_task_marker_parent', 'example_external_task_marker_child']) retrieved from /home/airflow/.local/lib/python3.7/site-packages/airflow/example_dags/example_external_task_marker_dag.py
[2025-10-04T19:24:35.196+0000] {logging_mixin.py:149} INFO - [2025-10-04T19:24:35.196+0000] {dag.py:2726} INFO - Sync 2 DAGs
[2025-10-04T19:24:35.238+0000] {logging_mixin.py:149} INFO - [2025-10-04T19:24:35.237+0000] {dag.py:3490} INFO - Setting next_dagrun for example_external_task_marker_child to None, run_after=None
[2025-10-04T19:24:35.245+0000] {logging_mixin.py:149} INFO - [2025-10-04T19:24:35.245+0000] {dag.py:3490} INFO - Setting next_dagrun for example_external_task_marker_parent to None, run_after=None
[2025-10-04T19:24:35.297+0000] {processor.py:179} INFO - Processing /home/airflow/.local/lib/python3.7/site-packages/airflow/example_dags/example_external_task_marker_dag.py took 0.172 seconds
[2025-10-04T19:25:05.831+0000] {processor.py:157} INFO - Started process (PID=1171) to work on /home/airflow/.local/lib/python3.7/site-packages/airflow/example_dags/example_external_task_marker_dag.py
[2025-10-04T19:25:05.834+0000] {processor.py:826} INFO - Processing file /home/airflow/.local/lib/python3.7/site-packages/airflow/example_dags/example_external_task_marker_dag.py for tasks to queue
[2025-10-04T19:25:05.837+0000] {logging_mixin.py:149} INFO - [2025-10-04T19:25:05.836+0000] {dagbag.py:541} INFO - Filling up the DagBag from /home/airflow/.local/lib/python3.7/site-packages/airflow/example_dags/example_external_task_marker_dag.py
[2025-10-04T19:25:05.851+0000] {processor.py:836} INFO - DAG(s) dict_keys(['example_external_task_marker_child', 'example_external_task_marker_parent']) retrieved from /home/airflow/.local/lib/python3.7/site-packages/airflow/example_dags/example_external_task_marker_dag.py
[2025-10-04T19:25:05.910+0000] {logging_mixin.py:149} INFO - [2025-10-04T19:25:05.909+0000] {dag.py:2726} INFO - Sync 2 DAGs
[2025-10-04T19:25:05.971+0000] {logging_mixin.py:149} INFO - [2025-10-04T19:25:05.970+0000] {dag.py:3490} INFO - Setting next_dagrun for example_external_task_marker_child to None, run_after=None
[2025-10-04T19:25:05.978+0000] {logging_mixin.py:149} INFO - [2025-10-04T19:25:05.978+0000] {dag.py:3490} INFO - Setting next_dagrun for example_external_task_marker_parent to None, run_after=None
[2025-10-04T19:25:06.018+0000] {processor.py:179} INFO - Processing /home/airflow/.local/lib/python3.7/site-packages/airflow/example_dags/example_external_task_marker_dag.py took 0.204 seconds
[2025-10-04T19:25:36.282+0000] {processor.py:157} INFO - Started process (PID=1232) to work on /home/airflow/.local/lib/python3.7/site-packages/airflow/example_dags/example_external_task_marker_dag.py
[2025-10-04T19:25:36.284+0000] {processor.py:826} INFO - Processing file /home/airflow/.local/lib/python3.7/site-packages/airflow/example_dags/example_external_task_marker_dag.py for tasks to queue
[2025-10-04T19:25:36.285+0000] {logging_mixin.py:149} INFO - [2025-10-04T19:25:36.285+0000] {dagbag.py:541} INFO - Filling up the DagBag from /home/airflow/.local/lib/python3.7/site-packages/airflow/example_dags/example_external_task_marker_dag.py
[2025-10-04T19:25:36.294+0000] {processor.py:836} INFO - DAG(s) dict_keys(['example_external_task_marker_child', 'example_external_task_marker_parent']) retrieved from /home/airflow/.local/lib/python3.7/site-packages/airflow/example_dags/example_external_task_marker_dag.py
[2025-10-04T19:25:36.347+0000] {logging_mixin.py:149} INFO - [2025-10-04T19:25:36.347+0000] {dag.py:2726} INFO - Sync 2 DAGs
[2025-10-04T19:25:36.397+0000] {logging_mixin.py:149} INFO - [2025-10-04T19:25:36.396+0000] {dag.py:3490} INFO - Setting next_dagrun for example_external_task_marker_child to None, run_after=None
[2025-10-04T19:25:36.404+0000] {logging_mixin.py:149} INFO - [2025-10-04T19:25:36.404+0000] {dag.py:3490} INFO - Setting next_dagrun for example_external_task_marker_parent to None, run_after=None
[2025-10-04T19:25:36.440+0000] {processor.py:179} INFO - Processing /home/airflow/.local/lib/python3.7/site-packages/airflow/example_dags/example_external_task_marker_dag.py took 0.163 seconds
[2025-10-04T19:26:06.671+0000] {processor.py:157} INFO - Started process (PID=1293) to work on /home/airflow/.local/lib/python3.7/site-packages/airflow/example_dags/example_external_task_marker_dag.py
[2025-10-04T19:26:06.673+0000] {processor.py:826} INFO - Processing file /home/airflow/.local/lib/python3.7/site-packages/airflow/example_dags/example_external_task_marker_dag.py for tasks to queue
[2025-10-04T19:26:06.675+0000] {logging_mixin.py:149} INFO - [2025-10-04T19:26:06.674+0000] {dagbag.py:541} INFO - Filling up the DagBag from /home/airflow/.local/lib/python3.7/site-packages/airflow/example_dags/example_external_task_marker_dag.py
[2025-10-04T19:26:06.684+0000] {processor.py:836} INFO - DAG(s) dict_keys(['example_external_task_marker_parent', 'example_external_task_marker_child']) retrieved from /home/airflow/.local/lib/python3.7/site-packages/airflow/example_dags/example_external_task_marker_dag.py
[2025-10-04T19:26:06.743+0000] {logging_mixin.py:149} INFO - [2025-10-04T19:26:06.743+0000] {dag.py:2726} INFO - Sync 2 DAGs
[2025-10-04T19:26:06.796+0000] {logging_mixin.py:149} INFO - [2025-10-04T19:26:06.796+0000] {dag.py:3490} INFO - Setting next_dagrun for example_external_task_marker_child to None, run_after=None
[2025-10-04T19:26:06.804+0000] {logging_mixin.py:149} INFO - [2025-10-04T19:26:06.804+0000] {dag.py:3490} INFO - Setting next_dagrun for example_external_task_marker_parent to None, run_after=None
[2025-10-04T19:26:06.843+0000] {processor.py:179} INFO - Processing /home/airflow/.local/lib/python3.7/site-packages/airflow/example_dags/example_external_task_marker_dag.py took 0.178 seconds
[2025-10-04T19:26:37.138+0000] {processor.py:157} INFO - Started process (PID=1354) to work on /home/airflow/.local/lib/python3.7/site-packages/airflow/example_dags/example_external_task_marker_dag.py
[2025-10-04T19:26:37.140+0000] {processor.py:826} INFO - Processing file /home/airflow/.local/lib/python3.7/site-packages/airflow/example_dags/example_external_task_marker_dag.py for tasks to queue
[2025-10-04T19:26:37.141+0000] {logging_mixin.py:149} INFO - [2025-10-04T19:26:37.141+0000] {dagbag.py:541} INFO - Filling up the DagBag from /home/airflow/.local/lib/python3.7/site-packages/airflow/example_dags/example_external_task_marker_dag.py
[2025-10-04T19:26:37.151+0000] {processor.py:836} INFO - DAG(s) dict_keys(['example_external_task_marker_parent', 'example_external_task_marker_child']) retrieved from /home/airflow/.local/lib/python3.7/site-packages/airflow/example_dags/example_external_task_marker_dag.py
[2025-10-04T19:26:37.205+0000] {logging_mixin.py:149} INFO - [2025-10-04T19:26:37.205+0000] {dag.py:2726} INFO - Sync 2 DAGs
[2025-10-04T19:26:37.250+0000] {logging_mixin.py:149} INFO - [2025-10-04T19:26:37.249+0000] {dag.py:3490} INFO - Setting next_dagrun for example_external_task_marker_child to None, run_after=None
[2025-10-04T19:26:37.258+0000] {logging_mixin.py:149} INFO - [2025-10-04T19:26:37.258+0000] {dag.py:3490} INFO - Setting next_dagrun for example_external_task_marker_parent to None, run_after=None
[2025-10-04T19:26:37.297+0000] {processor.py:179} INFO - Processing /home/airflow/.local/lib/python3.7/site-packages/airflow/example_dags/example_external_task_marker_dag.py took 0.166 seconds
[2025-10-04T19:27:07.389+0000] {processor.py:157} INFO - Started process (PID=1414) to work on /home/airflow/.local/lib/python3.7/site-packages/airflow/example_dags/example_external_task_marker_dag.py
[2025-10-04T19:27:07.391+0000] {processor.py:826} INFO - Processing file /home/airflow/.local/lib/python3.7/site-packages/airflow/example_dags/example_external_task_marker_dag.py for tasks to queue
[2025-10-04T19:27:07.393+0000] {logging_mixin.py:149} INFO - [2025-10-04T19:27:07.393+0000] {dagbag.py:541} INFO - Filling up the DagBag from /home/airflow/.local/lib/python3.7/site-packages/airflow/example_dags/example_external_task_marker_dag.py
[2025-10-04T19:27:07.405+0000] {processor.py:836} INFO - DAG(s) dict_keys(['example_external_task_marker_parent', 'example_external_task_marker_child']) retrieved from /home/airflow/.local/lib/python3.7/site-packages/airflow/example_dags/example_external_task_marker_dag.py
[2025-10-04T19:27:07.454+0000] {logging_mixin.py:149} INFO - [2025-10-04T19:27:07.454+0000] {dag.py:2726} INFO - Sync 2 DAGs
[2025-10-04T19:27:07.500+0000] {logging_mixin.py:149} INFO - [2025-10-04T19:27:07.500+0000] {dag.py:3490} INFO - Setting next_dagrun for example_external_task_marker_child to None, run_after=None
[2025-10-04T19:27:07.506+0000] {logging_mixin.py:149} INFO - [2025-10-04T19:27:07.505+0000] {dag.py:3490} INFO - Setting next_dagrun for example_external_task_marker_parent to None, run_after=None
[2025-10-04T19:27:07.537+0000] {processor.py:179} INFO - Processing /home/airflow/.local/lib/python3.7/site-packages/airflow/example_dags/example_external_task_marker_dag.py took 0.153 seconds
[2025-10-04T19:27:37.853+0000] {processor.py:157} INFO - Started process (PID=1475) to work on /home/airflow/.local/lib/python3.7/site-packages/airflow/example_dags/example_external_task_marker_dag.py
[2025-10-04T19:27:37.855+0000] {processor.py:826} INFO - Processing file /home/airflow/.local/lib/python3.7/site-packages/airflow/example_dags/example_external_task_marker_dag.py for tasks to queue
[2025-10-04T19:27:37.859+0000] {logging_mixin.py:149} INFO - [2025-10-04T19:27:37.858+0000] {dagbag.py:541} INFO - Filling up the DagBag from /home/airflow/.local/lib/python3.7/site-packages/airflow/example_dags/example_external_task_marker_dag.py
[2025-10-04T19:27:37.868+0000] {processor.py:836} INFO - DAG(s) dict_keys(['example_external_task_marker_child', 'example_external_task_marker_parent']) retrieved from /home/airflow/.local/lib/python3.7/site-packages/airflow/example_dags/example_external_task_marker_dag.py
[2025-10-04T19:27:37.924+0000] {logging_mixin.py:149} INFO - [2025-10-04T19:27:37.924+0000] {dag.py:2726} INFO - Sync 2 DAGs
[2025-10-04T19:27:37.973+0000] {logging_mixin.py:149} INFO - [2025-10-04T19:27:37.972+0000] {dag.py:3490} INFO - Setting next_dagrun for example_external_task_marker_child to None, run_after=None
[2025-10-04T19:27:37.979+0000] {logging_mixin.py:149} INFO - [2025-10-04T19:27:37.979+0000] {dag.py:3490} INFO - Setting next_dagrun for example_external_task_marker_parent to None, run_after=None
[2025-10-04T19:27:38.017+0000] {processor.py:179} INFO - Processing /home/airflow/.local/lib/python3.7/site-packages/airflow/example_dags/example_external_task_marker_dag.py took 0.169 seconds
[2025-10-04T22:28:16.073+0000] {processor.py:157} INFO - Started process (PID=1538) to work on /home/airflow/.local/lib/python3.7/site-packages/airflow/example_dags/example_external_task_marker_dag.py
[2025-10-04T22:28:16.081+0000] {processor.py:826} INFO - Processing file /home/airflow/.local/lib/python3.7/site-packages/airflow/example_dags/example_external_task_marker_dag.py for tasks to queue
[2025-10-04T22:28:16.094+0000] {logging_mixin.py:149} INFO - [2025-10-04T22:28:16.094+0000] {dagbag.py:541} INFO - Filling up the DagBag from /home/airflow/.local/lib/python3.7/site-packages/airflow/example_dags/example_external_task_marker_dag.py
[2025-10-04T22:28:16.140+0000] {processor.py:836} INFO - DAG(s) dict_keys(['example_external_task_marker_child', 'example_external_task_marker_parent']) retrieved from /home/airflow/.local/lib/python3.7/site-packages/airflow/example_dags/example_external_task_marker_dag.py
[2025-10-04T22:28:16.393+0000] {logging_mixin.py:149} INFO - [2025-10-04T22:28:16.392+0000] {dag.py:2726} INFO - Sync 2 DAGs
[2025-10-04T22:28:16.573+0000] {logging_mixin.py:149} INFO - [2025-10-04T22:28:16.572+0000] {dag.py:3490} INFO - Setting next_dagrun for example_external_task_marker_child to None, run_after=None
[2025-10-04T22:28:16.601+0000] {logging_mixin.py:149} INFO - [2025-10-04T22:28:16.591+0000] {dag.py:3490} INFO - Setting next_dagrun for example_external_task_marker_parent to None, run_after=None
[2025-10-04T22:28:16.714+0000] {processor.py:179} INFO - Processing /home/airflow/.local/lib/python3.7/site-packages/airflow/example_dags/example_external_task_marker_dag.py took 0.659 seconds
