[2025-10-04T19:15:57.162+0000] {processor.py:157} INFO - Started process (PID=78) to work on /home/airflow/.local/lib/python3.7/site-packages/airflow/example_dags/example_latest_only_with_trigger.py
[2025-10-04T19:15:57.165+0000] {processor.py:826} INFO - Processing file /home/airflow/.local/lib/python3.7/site-packages/airflow/example_dags/example_latest_only_with_trigger.py for tasks to queue
[2025-10-04T19:15:57.168+0000] {logging_mixin.py:149} INFO - [2025-10-04T19:15:57.168+0000] {dagbag.py:541} INFO - Filling up the DagBag from /home/airflow/.local/lib/python3.7/site-packages/airflow/example_dags/example_latest_only_with_trigger.py
[2025-10-04T19:15:57.199+0000] {processor.py:836} INFO - DAG(s) dict_keys(['latest_only_with_trigger']) retrieved from /home/airflow/.local/lib/python3.7/site-packages/airflow/example_dags/example_latest_only_with_trigger.py
[2025-10-04T19:15:57.483+0000] {logging_mixin.py:149} INFO - [2025-10-04T19:15:57.482+0000] {manager.py:504} INFO - Created Permission View: can delete on DAG:latest_only_with_trigger
[2025-10-04T19:15:57.512+0000] {logging_mixin.py:149} INFO - [2025-10-04T19:15:57.512+0000] {manager.py:504} INFO - Created Permission View: can edit on DAG:latest_only_with_trigger
[2025-10-04T19:15:57.533+0000] {logging_mixin.py:149} INFO - [2025-10-04T19:15:57.533+0000] {manager.py:504} INFO - Created Permission View: can read on DAG:latest_only_with_trigger
[2025-10-04T19:15:57.570+0000] {logging_mixin.py:149} INFO - [2025-10-04T19:15:57.570+0000] {dag.py:2726} INFO - Sync 1 DAGs
[2025-10-04T19:15:57.604+0000] {logging_mixin.py:149} INFO - [2025-10-04T19:15:57.604+0000] {dag.py:2747} INFO - Creating ORM DAG for latest_only_with_trigger
[2025-10-04T19:15:57.629+0000] {logging_mixin.py:149} INFO - [2025-10-04T19:15:57.628+0000] {dag.py:3490} INFO - Setting next_dagrun for latest_only_with_trigger to 2025-10-04T15:15:57.627745+00:00, run_after=2025-10-04T19:15:57.627745+00:00
[2025-10-04T19:15:57.679+0000] {processor.py:179} INFO - Processing /home/airflow/.local/lib/python3.7/site-packages/airflow/example_dags/example_latest_only_with_trigger.py took 0.528 seconds
[2025-10-04T19:16:28.510+0000] {processor.py:157} INFO - Started process (PID=140) to work on /home/airflow/.local/lib/python3.7/site-packages/airflow/example_dags/example_latest_only_with_trigger.py
[2025-10-04T19:16:28.512+0000] {processor.py:826} INFO - Processing file /home/airflow/.local/lib/python3.7/site-packages/airflow/example_dags/example_latest_only_with_trigger.py for tasks to queue
[2025-10-04T19:16:28.513+0000] {logging_mixin.py:149} INFO - [2025-10-04T19:16:28.513+0000] {dagbag.py:541} INFO - Filling up the DagBag from /home/airflow/.local/lib/python3.7/site-packages/airflow/example_dags/example_latest_only_with_trigger.py
[2025-10-04T19:16:28.526+0000] {processor.py:836} INFO - DAG(s) dict_keys(['latest_only_with_trigger']) retrieved from /home/airflow/.local/lib/python3.7/site-packages/airflow/example_dags/example_latest_only_with_trigger.py
[2025-10-04T19:16:28.569+0000] {logging_mixin.py:149} INFO - [2025-10-04T19:16:28.568+0000] {dag.py:2726} INFO - Sync 1 DAGs
[2025-10-04T19:16:28.610+0000] {logging_mixin.py:149} INFO - [2025-10-04T19:16:28.610+0000] {dag.py:3490} INFO - Setting next_dagrun for latest_only_with_trigger to 2025-10-04T15:16:28.609686+00:00, run_after=2025-10-04T19:16:28.609686+00:00
[2025-10-04T19:16:28.652+0000] {processor.py:179} INFO - Processing /home/airflow/.local/lib/python3.7/site-packages/airflow/example_dags/example_latest_only_with_trigger.py took 0.148 seconds
[2025-10-04T19:16:58.813+0000] {processor.py:157} INFO - Started process (PID=202) to work on /home/airflow/.local/lib/python3.7/site-packages/airflow/example_dags/example_latest_only_with_trigger.py
[2025-10-04T19:16:58.815+0000] {processor.py:826} INFO - Processing file /home/airflow/.local/lib/python3.7/site-packages/airflow/example_dags/example_latest_only_with_trigger.py for tasks to queue
[2025-10-04T19:16:58.817+0000] {logging_mixin.py:149} INFO - [2025-10-04T19:16:58.817+0000] {dagbag.py:541} INFO - Filling up the DagBag from /home/airflow/.local/lib/python3.7/site-packages/airflow/example_dags/example_latest_only_with_trigger.py
[2025-10-04T19:16:58.829+0000] {processor.py:836} INFO - DAG(s) dict_keys(['latest_only_with_trigger']) retrieved from /home/airflow/.local/lib/python3.7/site-packages/airflow/example_dags/example_latest_only_with_trigger.py
[2025-10-04T19:16:58.880+0000] {logging_mixin.py:149} INFO - [2025-10-04T19:16:58.880+0000] {dag.py:2726} INFO - Sync 1 DAGs
[2025-10-04T19:16:58.929+0000] {logging_mixin.py:149} INFO - [2025-10-04T19:16:58.929+0000] {dag.py:3490} INFO - Setting next_dagrun for latest_only_with_trigger to 2025-10-04T15:16:58.928895+00:00, run_after=2025-10-04T19:16:58.928895+00:00
[2025-10-04T19:16:58.975+0000] {processor.py:179} INFO - Processing /home/airflow/.local/lib/python3.7/site-packages/airflow/example_dags/example_latest_only_with_trigger.py took 0.169 seconds
[2025-10-04T19:17:29.464+0000] {processor.py:157} INFO - Started process (PID=263) to work on /home/airflow/.local/lib/python3.7/site-packages/airflow/example_dags/example_latest_only_with_trigger.py
[2025-10-04T19:17:29.466+0000] {processor.py:826} INFO - Processing file /home/airflow/.local/lib/python3.7/site-packages/airflow/example_dags/example_latest_only_with_trigger.py for tasks to queue
[2025-10-04T19:17:29.468+0000] {logging_mixin.py:149} INFO - [2025-10-04T19:17:29.468+0000] {dagbag.py:541} INFO - Filling up the DagBag from /home/airflow/.local/lib/python3.7/site-packages/airflow/example_dags/example_latest_only_with_trigger.py
[2025-10-04T19:17:29.479+0000] {processor.py:836} INFO - DAG(s) dict_keys(['latest_only_with_trigger']) retrieved from /home/airflow/.local/lib/python3.7/site-packages/airflow/example_dags/example_latest_only_with_trigger.py
[2025-10-04T19:17:29.532+0000] {logging_mixin.py:149} INFO - [2025-10-04T19:17:29.531+0000] {dag.py:2726} INFO - Sync 1 DAGs
[2025-10-04T19:17:29.590+0000] {logging_mixin.py:149} INFO - [2025-10-04T19:17:29.589+0000] {dag.py:3490} INFO - Setting next_dagrun for latest_only_with_trigger to 2025-10-04T15:17:29.589247+00:00, run_after=2025-10-04T19:17:29.589247+00:00
[2025-10-04T19:17:29.633+0000] {processor.py:179} INFO - Processing /home/airflow/.local/lib/python3.7/site-packages/airflow/example_dags/example_latest_only_with_trigger.py took 0.176 seconds
[2025-10-04T19:18:00.200+0000] {processor.py:157} INFO - Started process (PID=324) to work on /home/airflow/.local/lib/python3.7/site-packages/airflow/example_dags/example_latest_only_with_trigger.py
[2025-10-04T19:18:00.202+0000] {processor.py:826} INFO - Processing file /home/airflow/.local/lib/python3.7/site-packages/airflow/example_dags/example_latest_only_with_trigger.py for tasks to queue
[2025-10-04T19:18:00.203+0000] {logging_mixin.py:149} INFO - [2025-10-04T19:18:00.203+0000] {dagbag.py:541} INFO - Filling up the DagBag from /home/airflow/.local/lib/python3.7/site-packages/airflow/example_dags/example_latest_only_with_trigger.py
[2025-10-04T19:18:00.217+0000] {processor.py:836} INFO - DAG(s) dict_keys(['latest_only_with_trigger']) retrieved from /home/airflow/.local/lib/python3.7/site-packages/airflow/example_dags/example_latest_only_with_trigger.py
[2025-10-04T19:18:00.262+0000] {logging_mixin.py:149} INFO - [2025-10-04T19:18:00.262+0000] {dag.py:2726} INFO - Sync 1 DAGs
[2025-10-04T19:18:00.314+0000] {logging_mixin.py:149} INFO - [2025-10-04T19:18:00.314+0000] {dag.py:3490} INFO - Setting next_dagrun for latest_only_with_trigger to 2025-10-04T15:18:00.314285+00:00, run_after=2025-10-04T19:18:00.314285+00:00
[2025-10-04T19:18:00.352+0000] {processor.py:179} INFO - Processing /home/airflow/.local/lib/python3.7/site-packages/airflow/example_dags/example_latest_only_with_trigger.py took 0.158 seconds
[2025-10-04T19:18:31.022+0000] {processor.py:157} INFO - Started process (PID=385) to work on /home/airflow/.local/lib/python3.7/site-packages/airflow/example_dags/example_latest_only_with_trigger.py
[2025-10-04T19:18:31.024+0000] {processor.py:826} INFO - Processing file /home/airflow/.local/lib/python3.7/site-packages/airflow/example_dags/example_latest_only_with_trigger.py for tasks to queue
[2025-10-04T19:18:31.026+0000] {logging_mixin.py:149} INFO - [2025-10-04T19:18:31.025+0000] {dagbag.py:541} INFO - Filling up the DagBag from /home/airflow/.local/lib/python3.7/site-packages/airflow/example_dags/example_latest_only_with_trigger.py
[2025-10-04T19:18:31.039+0000] {processor.py:836} INFO - DAG(s) dict_keys(['latest_only_with_trigger']) retrieved from /home/airflow/.local/lib/python3.7/site-packages/airflow/example_dags/example_latest_only_with_trigger.py
[2025-10-04T19:18:31.091+0000] {logging_mixin.py:149} INFO - [2025-10-04T19:18:31.091+0000] {dag.py:2726} INFO - Sync 1 DAGs
[2025-10-04T19:18:31.140+0000] {logging_mixin.py:149} INFO - [2025-10-04T19:18:31.140+0000] {dag.py:3490} INFO - Setting next_dagrun for latest_only_with_trigger to 2025-10-04T15:18:31.139837+00:00, run_after=2025-10-04T19:18:31.139837+00:00
[2025-10-04T19:18:31.181+0000] {processor.py:179} INFO - Processing /home/airflow/.local/lib/python3.7/site-packages/airflow/example_dags/example_latest_only_with_trigger.py took 0.165 seconds
[2025-10-04T19:19:01.625+0000] {processor.py:157} INFO - Started process (PID=446) to work on /home/airflow/.local/lib/python3.7/site-packages/airflow/example_dags/example_latest_only_with_trigger.py
[2025-10-04T19:19:01.627+0000] {processor.py:826} INFO - Processing file /home/airflow/.local/lib/python3.7/site-packages/airflow/example_dags/example_latest_only_with_trigger.py for tasks to queue
[2025-10-04T19:19:01.630+0000] {logging_mixin.py:149} INFO - [2025-10-04T19:19:01.629+0000] {dagbag.py:541} INFO - Filling up the DagBag from /home/airflow/.local/lib/python3.7/site-packages/airflow/example_dags/example_latest_only_with_trigger.py
[2025-10-04T19:19:01.643+0000] {processor.py:836} INFO - DAG(s) dict_keys(['latest_only_with_trigger']) retrieved from /home/airflow/.local/lib/python3.7/site-packages/airflow/example_dags/example_latest_only_with_trigger.py
[2025-10-04T19:19:01.701+0000] {logging_mixin.py:149} INFO - [2025-10-04T19:19:01.700+0000] {dag.py:2726} INFO - Sync 1 DAGs
[2025-10-04T19:19:01.753+0000] {logging_mixin.py:149} INFO - [2025-10-04T19:19:01.753+0000] {dag.py:3490} INFO - Setting next_dagrun for latest_only_with_trigger to 2025-10-04T15:19:01.752585+00:00, run_after=2025-10-04T19:19:01.752585+00:00
[2025-10-04T19:19:01.799+0000] {processor.py:179} INFO - Processing /home/airflow/.local/lib/python3.7/site-packages/airflow/example_dags/example_latest_only_with_trigger.py took 0.181 seconds
[2025-10-04T19:19:32.116+0000] {processor.py:157} INFO - Started process (PID=508) to work on /home/airflow/.local/lib/python3.7/site-packages/airflow/example_dags/example_latest_only_with_trigger.py
[2025-10-04T19:19:32.119+0000] {processor.py:826} INFO - Processing file /home/airflow/.local/lib/python3.7/site-packages/airflow/example_dags/example_latest_only_with_trigger.py for tasks to queue
[2025-10-04T19:19:32.121+0000] {logging_mixin.py:149} INFO - [2025-10-04T19:19:32.120+0000] {dagbag.py:541} INFO - Filling up the DagBag from /home/airflow/.local/lib/python3.7/site-packages/airflow/example_dags/example_latest_only_with_trigger.py
[2025-10-04T19:19:32.133+0000] {processor.py:836} INFO - DAG(s) dict_keys(['latest_only_with_trigger']) retrieved from /home/airflow/.local/lib/python3.7/site-packages/airflow/example_dags/example_latest_only_with_trigger.py
[2025-10-04T19:19:32.197+0000] {logging_mixin.py:149} INFO - [2025-10-04T19:19:32.197+0000] {dag.py:2726} INFO - Sync 1 DAGs
[2025-10-04T19:19:32.253+0000] {logging_mixin.py:149} INFO - [2025-10-04T19:19:32.253+0000] {dag.py:3490} INFO - Setting next_dagrun for latest_only_with_trigger to 2025-10-04T15:19:32.253126+00:00, run_after=2025-10-04T19:19:32.253126+00:00
[2025-10-04T19:19:32.295+0000] {processor.py:179} INFO - Processing /home/airflow/.local/lib/python3.7/site-packages/airflow/example_dags/example_latest_only_with_trigger.py took 0.187 seconds
[2025-10-04T19:20:02.858+0000] {processor.py:157} INFO - Started process (PID=569) to work on /home/airflow/.local/lib/python3.7/site-packages/airflow/example_dags/example_latest_only_with_trigger.py
[2025-10-04T19:20:02.862+0000] {processor.py:826} INFO - Processing file /home/airflow/.local/lib/python3.7/site-packages/airflow/example_dags/example_latest_only_with_trigger.py for tasks to queue
[2025-10-04T19:20:02.866+0000] {logging_mixin.py:149} INFO - [2025-10-04T19:20:02.865+0000] {dagbag.py:541} INFO - Filling up the DagBag from /home/airflow/.local/lib/python3.7/site-packages/airflow/example_dags/example_latest_only_with_trigger.py
[2025-10-04T19:20:02.916+0000] {processor.py:836} INFO - DAG(s) dict_keys(['latest_only_with_trigger']) retrieved from /home/airflow/.local/lib/python3.7/site-packages/airflow/example_dags/example_latest_only_with_trigger.py
[2025-10-04T19:20:03.081+0000] {logging_mixin.py:149} INFO - [2025-10-04T19:20:03.080+0000] {dag.py:2726} INFO - Sync 1 DAGs
[2025-10-04T19:20:03.221+0000] {logging_mixin.py:149} INFO - [2025-10-04T19:20:03.220+0000] {dag.py:3490} INFO - Setting next_dagrun for latest_only_with_trigger to 2025-10-04T15:20:03.219432+00:00, run_after=2025-10-04T19:20:03.219432+00:00
[2025-10-04T19:20:03.324+0000] {processor.py:179} INFO - Processing /home/airflow/.local/lib/python3.7/site-packages/airflow/example_dags/example_latest_only_with_trigger.py took 0.485 seconds
[2025-10-04T19:20:34.277+0000] {processor.py:157} INFO - Started process (PID=630) to work on /home/airflow/.local/lib/python3.7/site-packages/airflow/example_dags/example_latest_only_with_trigger.py
[2025-10-04T19:20:34.281+0000] {processor.py:826} INFO - Processing file /home/airflow/.local/lib/python3.7/site-packages/airflow/example_dags/example_latest_only_with_trigger.py for tasks to queue
[2025-10-04T19:20:34.284+0000] {logging_mixin.py:149} INFO - [2025-10-04T19:20:34.283+0000] {dagbag.py:541} INFO - Filling up the DagBag from /home/airflow/.local/lib/python3.7/site-packages/airflow/example_dags/example_latest_only_with_trigger.py
[2025-10-04T19:20:34.302+0000] {processor.py:836} INFO - DAG(s) dict_keys(['latest_only_with_trigger']) retrieved from /home/airflow/.local/lib/python3.7/site-packages/airflow/example_dags/example_latest_only_with_trigger.py
[2025-10-04T19:20:34.374+0000] {logging_mixin.py:149} INFO - [2025-10-04T19:20:34.373+0000] {dag.py:2726} INFO - Sync 1 DAGs
[2025-10-04T19:20:34.443+0000] {logging_mixin.py:149} INFO - [2025-10-04T19:20:34.442+0000] {dag.py:3490} INFO - Setting next_dagrun for latest_only_with_trigger to 2025-10-04T15:20:34.442035+00:00, run_after=2025-10-04T19:20:34.442035+00:00
[2025-10-04T19:20:34.501+0000] {processor.py:179} INFO - Processing /home/airflow/.local/lib/python3.7/site-packages/airflow/example_dags/example_latest_only_with_trigger.py took 0.245 seconds
[2025-10-04T19:21:04.748+0000] {processor.py:157} INFO - Started process (PID=691) to work on /home/airflow/.local/lib/python3.7/site-packages/airflow/example_dags/example_latest_only_with_trigger.py
[2025-10-04T19:21:04.751+0000] {processor.py:826} INFO - Processing file /home/airflow/.local/lib/python3.7/site-packages/airflow/example_dags/example_latest_only_with_trigger.py for tasks to queue
[2025-10-04T19:21:04.753+0000] {logging_mixin.py:149} INFO - [2025-10-04T19:21:04.752+0000] {dagbag.py:541} INFO - Filling up the DagBag from /home/airflow/.local/lib/python3.7/site-packages/airflow/example_dags/example_latest_only_with_trigger.py
[2025-10-04T19:21:04.767+0000] {processor.py:836} INFO - DAG(s) dict_keys(['latest_only_with_trigger']) retrieved from /home/airflow/.local/lib/python3.7/site-packages/airflow/example_dags/example_latest_only_with_trigger.py
[2025-10-04T19:21:04.819+0000] {logging_mixin.py:149} INFO - [2025-10-04T19:21:04.819+0000] {dag.py:2726} INFO - Sync 1 DAGs
[2025-10-04T19:21:04.863+0000] {logging_mixin.py:149} INFO - [2025-10-04T19:21:04.863+0000] {dag.py:3490} INFO - Setting next_dagrun for latest_only_with_trigger to 2025-10-04T15:21:04.862793+00:00, run_after=2025-10-04T19:21:04.862793+00:00
[2025-10-04T19:21:04.902+0000] {processor.py:179} INFO - Processing /home/airflow/.local/lib/python3.7/site-packages/airflow/example_dags/example_latest_only_with_trigger.py took 0.161 seconds
[2025-10-04T19:21:34.973+0000] {processor.py:157} INFO - Started process (PID=752) to work on /home/airflow/.local/lib/python3.7/site-packages/airflow/example_dags/example_latest_only_with_trigger.py
[2025-10-04T19:21:34.975+0000] {processor.py:826} INFO - Processing file /home/airflow/.local/lib/python3.7/site-packages/airflow/example_dags/example_latest_only_with_trigger.py for tasks to queue
[2025-10-04T19:21:34.977+0000] {logging_mixin.py:149} INFO - [2025-10-04T19:21:34.977+0000] {dagbag.py:541} INFO - Filling up the DagBag from /home/airflow/.local/lib/python3.7/site-packages/airflow/example_dags/example_latest_only_with_trigger.py
[2025-10-04T19:21:34.988+0000] {processor.py:836} INFO - DAG(s) dict_keys(['latest_only_with_trigger']) retrieved from /home/airflow/.local/lib/python3.7/site-packages/airflow/example_dags/example_latest_only_with_trigger.py
[2025-10-04T19:21:35.040+0000] {logging_mixin.py:149} INFO - [2025-10-04T19:21:35.039+0000] {dag.py:2726} INFO - Sync 1 DAGs
[2025-10-04T19:21:35.113+0000] {logging_mixin.py:149} INFO - [2025-10-04T19:21:35.112+0000] {dag.py:3490} INFO - Setting next_dagrun for latest_only_with_trigger to 2025-10-04T15:21:35.111802+00:00, run_after=2025-10-04T19:21:35.111802+00:00
[2025-10-04T19:21:35.164+0000] {processor.py:179} INFO - Processing /home/airflow/.local/lib/python3.7/site-packages/airflow/example_dags/example_latest_only_with_trigger.py took 0.197 seconds
[2025-10-04T19:22:05.898+0000] {processor.py:157} INFO - Started process (PID=812) to work on /home/airflow/.local/lib/python3.7/site-packages/airflow/example_dags/example_latest_only_with_trigger.py
[2025-10-04T19:22:05.901+0000] {processor.py:826} INFO - Processing file /home/airflow/.local/lib/python3.7/site-packages/airflow/example_dags/example_latest_only_with_trigger.py for tasks to queue
[2025-10-04T19:22:05.902+0000] {logging_mixin.py:149} INFO - [2025-10-04T19:22:05.902+0000] {dagbag.py:541} INFO - Filling up the DagBag from /home/airflow/.local/lib/python3.7/site-packages/airflow/example_dags/example_latest_only_with_trigger.py
[2025-10-04T19:22:05.914+0000] {processor.py:836} INFO - DAG(s) dict_keys(['latest_only_with_trigger']) retrieved from /home/airflow/.local/lib/python3.7/site-packages/airflow/example_dags/example_latest_only_with_trigger.py
[2025-10-04T19:22:05.961+0000] {logging_mixin.py:149} INFO - [2025-10-04T19:22:05.960+0000] {dag.py:2726} INFO - Sync 1 DAGs
[2025-10-04T19:22:06.009+0000] {logging_mixin.py:149} INFO - [2025-10-04T19:22:06.008+0000] {dag.py:3490} INFO - Setting next_dagrun for latest_only_with_trigger to 2025-10-04T15:22:06.008537+00:00, run_after=2025-10-04T19:22:06.008537+00:00
[2025-10-04T19:22:06.052+0000] {processor.py:179} INFO - Processing /home/airflow/.local/lib/python3.7/site-packages/airflow/example_dags/example_latest_only_with_trigger.py took 0.161 seconds
[2025-10-04T19:22:36.343+0000] {processor.py:157} INFO - Started process (PID=873) to work on /home/airflow/.local/lib/python3.7/site-packages/airflow/example_dags/example_latest_only_with_trigger.py
[2025-10-04T19:22:36.346+0000] {processor.py:826} INFO - Processing file /home/airflow/.local/lib/python3.7/site-packages/airflow/example_dags/example_latest_only_with_trigger.py for tasks to queue
[2025-10-04T19:22:36.348+0000] {logging_mixin.py:149} INFO - [2025-10-04T19:22:36.347+0000] {dagbag.py:541} INFO - Filling up the DagBag from /home/airflow/.local/lib/python3.7/site-packages/airflow/example_dags/example_latest_only_with_trigger.py
[2025-10-04T19:22:36.360+0000] {processor.py:836} INFO - DAG(s) dict_keys(['latest_only_with_trigger']) retrieved from /home/airflow/.local/lib/python3.7/site-packages/airflow/example_dags/example_latest_only_with_trigger.py
[2025-10-04T19:22:36.406+0000] {logging_mixin.py:149} INFO - [2025-10-04T19:22:36.406+0000] {dag.py:2726} INFO - Sync 1 DAGs
[2025-10-04T19:22:36.456+0000] {logging_mixin.py:149} INFO - [2025-10-04T19:22:36.456+0000] {dag.py:3490} INFO - Setting next_dagrun for latest_only_with_trigger to 2025-10-04T15:22:36.455693+00:00, run_after=2025-10-04T19:22:36.455693+00:00
[2025-10-04T19:22:36.504+0000] {processor.py:179} INFO - Processing /home/airflow/.local/lib/python3.7/site-packages/airflow/example_dags/example_latest_only_with_trigger.py took 0.167 seconds
[2025-10-04T19:23:06.611+0000] {processor.py:157} INFO - Started process (PID=934) to work on /home/airflow/.local/lib/python3.7/site-packages/airflow/example_dags/example_latest_only_with_trigger.py
[2025-10-04T19:23:06.613+0000] {processor.py:826} INFO - Processing file /home/airflow/.local/lib/python3.7/site-packages/airflow/example_dags/example_latest_only_with_trigger.py for tasks to queue
[2025-10-04T19:23:06.615+0000] {logging_mixin.py:149} INFO - [2025-10-04T19:23:06.614+0000] {dagbag.py:541} INFO - Filling up the DagBag from /home/airflow/.local/lib/python3.7/site-packages/airflow/example_dags/example_latest_only_with_trigger.py
[2025-10-04T19:23:06.627+0000] {processor.py:836} INFO - DAG(s) dict_keys(['latest_only_with_trigger']) retrieved from /home/airflow/.local/lib/python3.7/site-packages/airflow/example_dags/example_latest_only_with_trigger.py
[2025-10-04T19:23:06.674+0000] {logging_mixin.py:149} INFO - [2025-10-04T19:23:06.673+0000] {dag.py:2726} INFO - Sync 1 DAGs
[2025-10-04T19:23:06.725+0000] {logging_mixin.py:149} INFO - [2025-10-04T19:23:06.725+0000] {dag.py:3490} INFO - Setting next_dagrun for latest_only_with_trigger to 2025-10-04T15:23:06.724366+00:00, run_after=2025-10-04T19:23:06.724366+00:00
[2025-10-04T19:23:06.768+0000] {processor.py:179} INFO - Processing /home/airflow/.local/lib/python3.7/site-packages/airflow/example_dags/example_latest_only_with_trigger.py took 0.164 seconds
[2025-10-04T19:23:37.615+0000] {processor.py:157} INFO - Started process (PID=995) to work on /home/airflow/.local/lib/python3.7/site-packages/airflow/example_dags/example_latest_only_with_trigger.py
[2025-10-04T19:23:37.616+0000] {processor.py:826} INFO - Processing file /home/airflow/.local/lib/python3.7/site-packages/airflow/example_dags/example_latest_only_with_trigger.py for tasks to queue
[2025-10-04T19:23:37.618+0000] {logging_mixin.py:149} INFO - [2025-10-04T19:23:37.618+0000] {dagbag.py:541} INFO - Filling up the DagBag from /home/airflow/.local/lib/python3.7/site-packages/airflow/example_dags/example_latest_only_with_trigger.py
[2025-10-04T19:23:37.628+0000] {processor.py:836} INFO - DAG(s) dict_keys(['latest_only_with_trigger']) retrieved from /home/airflow/.local/lib/python3.7/site-packages/airflow/example_dags/example_latest_only_with_trigger.py
[2025-10-04T19:23:37.672+0000] {logging_mixin.py:149} INFO - [2025-10-04T19:23:37.672+0000] {dag.py:2726} INFO - Sync 1 DAGs
[2025-10-04T19:23:37.719+0000] {logging_mixin.py:149} INFO - [2025-10-04T19:23:37.718+0000] {dag.py:3490} INFO - Setting next_dagrun for latest_only_with_trigger to 2025-10-04T15:23:37.718537+00:00, run_after=2025-10-04T19:23:37.718537+00:00
[2025-10-04T19:23:37.756+0000] {processor.py:179} INFO - Processing /home/airflow/.local/lib/python3.7/site-packages/airflow/example_dags/example_latest_only_with_trigger.py took 0.146 seconds
[2025-10-04T19:24:08.104+0000] {processor.py:157} INFO - Started process (PID=1057) to work on /home/airflow/.local/lib/python3.7/site-packages/airflow/example_dags/example_latest_only_with_trigger.py
[2025-10-04T19:24:08.107+0000] {processor.py:826} INFO - Processing file /home/airflow/.local/lib/python3.7/site-packages/airflow/example_dags/example_latest_only_with_trigger.py for tasks to queue
[2025-10-04T19:24:08.109+0000] {logging_mixin.py:149} INFO - [2025-10-04T19:24:08.109+0000] {dagbag.py:541} INFO - Filling up the DagBag from /home/airflow/.local/lib/python3.7/site-packages/airflow/example_dags/example_latest_only_with_trigger.py
[2025-10-04T19:24:08.119+0000] {processor.py:836} INFO - DAG(s) dict_keys(['latest_only_with_trigger']) retrieved from /home/airflow/.local/lib/python3.7/site-packages/airflow/example_dags/example_latest_only_with_trigger.py
[2025-10-04T19:24:08.165+0000] {logging_mixin.py:149} INFO - [2025-10-04T19:24:08.164+0000] {dag.py:2726} INFO - Sync 1 DAGs
[2025-10-04T19:24:08.211+0000] {logging_mixin.py:149} INFO - [2025-10-04T19:24:08.211+0000] {dag.py:3490} INFO - Setting next_dagrun for latest_only_with_trigger to 2025-10-04T15:24:08.211178+00:00, run_after=2025-10-04T19:24:08.211178+00:00
[2025-10-04T19:24:08.247+0000] {processor.py:179} INFO - Processing /home/airflow/.local/lib/python3.7/site-packages/airflow/example_dags/example_latest_only_with_trigger.py took 0.148 seconds
[2025-10-04T19:24:38.415+0000] {processor.py:157} INFO - Started process (PID=1118) to work on /home/airflow/.local/lib/python3.7/site-packages/airflow/example_dags/example_latest_only_with_trigger.py
[2025-10-04T19:24:38.417+0000] {processor.py:826} INFO - Processing file /home/airflow/.local/lib/python3.7/site-packages/airflow/example_dags/example_latest_only_with_trigger.py for tasks to queue
[2025-10-04T19:24:38.418+0000] {logging_mixin.py:149} INFO - [2025-10-04T19:24:38.418+0000] {dagbag.py:541} INFO - Filling up the DagBag from /home/airflow/.local/lib/python3.7/site-packages/airflow/example_dags/example_latest_only_with_trigger.py
[2025-10-04T19:24:38.428+0000] {processor.py:836} INFO - DAG(s) dict_keys(['latest_only_with_trigger']) retrieved from /home/airflow/.local/lib/python3.7/site-packages/airflow/example_dags/example_latest_only_with_trigger.py
[2025-10-04T19:24:38.475+0000] {logging_mixin.py:149} INFO - [2025-10-04T19:24:38.475+0000] {dag.py:2726} INFO - Sync 1 DAGs
[2025-10-04T19:24:38.516+0000] {logging_mixin.py:149} INFO - [2025-10-04T19:24:38.516+0000] {dag.py:3490} INFO - Setting next_dagrun for latest_only_with_trigger to 2025-10-04T15:24:38.516055+00:00, run_after=2025-10-04T19:24:38.516055+00:00
[2025-10-04T19:24:38.551+0000] {processor.py:179} INFO - Processing /home/airflow/.local/lib/python3.7/site-packages/airflow/example_dags/example_latest_only_with_trigger.py took 0.142 seconds
[2025-10-04T19:25:08.732+0000] {processor.py:157} INFO - Started process (PID=1179) to work on /home/airflow/.local/lib/python3.7/site-packages/airflow/example_dags/example_latest_only_with_trigger.py
[2025-10-04T19:25:08.733+0000] {processor.py:826} INFO - Processing file /home/airflow/.local/lib/python3.7/site-packages/airflow/example_dags/example_latest_only_with_trigger.py for tasks to queue
[2025-10-04T19:25:08.735+0000] {logging_mixin.py:149} INFO - [2025-10-04T19:25:08.735+0000] {dagbag.py:541} INFO - Filling up the DagBag from /home/airflow/.local/lib/python3.7/site-packages/airflow/example_dags/example_latest_only_with_trigger.py
[2025-10-04T19:25:08.745+0000] {processor.py:836} INFO - DAG(s) dict_keys(['latest_only_with_trigger']) retrieved from /home/airflow/.local/lib/python3.7/site-packages/airflow/example_dags/example_latest_only_with_trigger.py
[2025-10-04T19:25:08.791+0000] {logging_mixin.py:149} INFO - [2025-10-04T19:25:08.791+0000] {dag.py:2726} INFO - Sync 1 DAGs
[2025-10-04T19:25:08.833+0000] {logging_mixin.py:149} INFO - [2025-10-04T19:25:08.833+0000] {dag.py:3490} INFO - Setting next_dagrun for latest_only_with_trigger to 2025-10-04T15:25:08.833116+00:00, run_after=2025-10-04T19:25:08.833116+00:00
[2025-10-04T19:25:08.875+0000] {processor.py:179} INFO - Processing /home/airflow/.local/lib/python3.7/site-packages/airflow/example_dags/example_latest_only_with_trigger.py took 0.148 seconds
[2025-10-04T19:25:39.155+0000] {processor.py:157} INFO - Started process (PID=1240) to work on /home/airflow/.local/lib/python3.7/site-packages/airflow/example_dags/example_latest_only_with_trigger.py
[2025-10-04T19:25:39.157+0000] {processor.py:826} INFO - Processing file /home/airflow/.local/lib/python3.7/site-packages/airflow/example_dags/example_latest_only_with_trigger.py for tasks to queue
[2025-10-04T19:25:39.159+0000] {logging_mixin.py:149} INFO - [2025-10-04T19:25:39.159+0000] {dagbag.py:541} INFO - Filling up the DagBag from /home/airflow/.local/lib/python3.7/site-packages/airflow/example_dags/example_latest_only_with_trigger.py
[2025-10-04T19:25:39.173+0000] {processor.py:836} INFO - DAG(s) dict_keys(['latest_only_with_trigger']) retrieved from /home/airflow/.local/lib/python3.7/site-packages/airflow/example_dags/example_latest_only_with_trigger.py
[2025-10-04T19:25:39.219+0000] {logging_mixin.py:149} INFO - [2025-10-04T19:25:39.219+0000] {dag.py:2726} INFO - Sync 1 DAGs
[2025-10-04T19:25:39.263+0000] {logging_mixin.py:149} INFO - [2025-10-04T19:25:39.263+0000] {dag.py:3490} INFO - Setting next_dagrun for latest_only_with_trigger to 2025-10-04T15:25:39.262484+00:00, run_after=2025-10-04T19:25:39.262484+00:00
[2025-10-04T19:25:39.306+0000] {processor.py:179} INFO - Processing /home/airflow/.local/lib/python3.7/site-packages/airflow/example_dags/example_latest_only_with_trigger.py took 0.157 seconds
[2025-10-04T19:26:09.750+0000] {processor.py:157} INFO - Started process (PID=1301) to work on /home/airflow/.local/lib/python3.7/site-packages/airflow/example_dags/example_latest_only_with_trigger.py
[2025-10-04T19:26:09.752+0000] {processor.py:826} INFO - Processing file /home/airflow/.local/lib/python3.7/site-packages/airflow/example_dags/example_latest_only_with_trigger.py for tasks to queue
[2025-10-04T19:26:09.753+0000] {logging_mixin.py:149} INFO - [2025-10-04T19:26:09.753+0000] {dagbag.py:541} INFO - Filling up the DagBag from /home/airflow/.local/lib/python3.7/site-packages/airflow/example_dags/example_latest_only_with_trigger.py
[2025-10-04T19:26:09.763+0000] {processor.py:836} INFO - DAG(s) dict_keys(['latest_only_with_trigger']) retrieved from /home/airflow/.local/lib/python3.7/site-packages/airflow/example_dags/example_latest_only_with_trigger.py
[2025-10-04T19:26:09.808+0000] {logging_mixin.py:149} INFO - [2025-10-04T19:26:09.808+0000] {dag.py:2726} INFO - Sync 1 DAGs
[2025-10-04T19:26:09.855+0000] {logging_mixin.py:149} INFO - [2025-10-04T19:26:09.855+0000] {dag.py:3490} INFO - Setting next_dagrun for latest_only_with_trigger to 2025-10-04T15:26:09.855178+00:00, run_after=2025-10-04T19:26:09.855178+00:00
[2025-10-04T19:26:09.888+0000] {processor.py:179} INFO - Processing /home/airflow/.local/lib/python3.7/site-packages/airflow/example_dags/example_latest_only_with_trigger.py took 0.144 seconds
[2025-10-04T19:26:40.080+0000] {processor.py:157} INFO - Started process (PID=1362) to work on /home/airflow/.local/lib/python3.7/site-packages/airflow/example_dags/example_latest_only_with_trigger.py
[2025-10-04T19:26:40.082+0000] {processor.py:826} INFO - Processing file /home/airflow/.local/lib/python3.7/site-packages/airflow/example_dags/example_latest_only_with_trigger.py for tasks to queue
[2025-10-04T19:26:40.084+0000] {logging_mixin.py:149} INFO - [2025-10-04T19:26:40.083+0000] {dagbag.py:541} INFO - Filling up the DagBag from /home/airflow/.local/lib/python3.7/site-packages/airflow/example_dags/example_latest_only_with_trigger.py
[2025-10-04T19:26:40.096+0000] {processor.py:836} INFO - DAG(s) dict_keys(['latest_only_with_trigger']) retrieved from /home/airflow/.local/lib/python3.7/site-packages/airflow/example_dags/example_latest_only_with_trigger.py
[2025-10-04T19:26:40.149+0000] {logging_mixin.py:149} INFO - [2025-10-04T19:26:40.149+0000] {dag.py:2726} INFO - Sync 1 DAGs
[2025-10-04T19:26:40.205+0000] {logging_mixin.py:149} INFO - [2025-10-04T19:26:40.205+0000] {dag.py:3490} INFO - Setting next_dagrun for latest_only_with_trigger to 2025-10-04T15:26:40.205193+00:00, run_after=2025-10-04T19:26:40.205193+00:00
[2025-10-04T19:26:40.252+0000] {processor.py:179} INFO - Processing /home/airflow/.local/lib/python3.7/site-packages/airflow/example_dags/example_latest_only_with_trigger.py took 0.178 seconds
[2025-10-04T19:27:10.423+0000] {processor.py:157} INFO - Started process (PID=1423) to work on /home/airflow/.local/lib/python3.7/site-packages/airflow/example_dags/example_latest_only_with_trigger.py
[2025-10-04T19:27:10.425+0000] {processor.py:826} INFO - Processing file /home/airflow/.local/lib/python3.7/site-packages/airflow/example_dags/example_latest_only_with_trigger.py for tasks to queue
[2025-10-04T19:27:10.428+0000] {logging_mixin.py:149} INFO - [2025-10-04T19:27:10.427+0000] {dagbag.py:541} INFO - Filling up the DagBag from /home/airflow/.local/lib/python3.7/site-packages/airflow/example_dags/example_latest_only_with_trigger.py
[2025-10-04T19:27:10.441+0000] {processor.py:836} INFO - DAG(s) dict_keys(['latest_only_with_trigger']) retrieved from /home/airflow/.local/lib/python3.7/site-packages/airflow/example_dags/example_latest_only_with_trigger.py
[2025-10-04T19:27:10.488+0000] {logging_mixin.py:149} INFO - [2025-10-04T19:27:10.488+0000] {dag.py:2726} INFO - Sync 1 DAGs
[2025-10-04T19:27:10.532+0000] {logging_mixin.py:149} INFO - [2025-10-04T19:27:10.532+0000] {dag.py:3490} INFO - Setting next_dagrun for latest_only_with_trigger to 2025-10-04T15:27:10.531967+00:00, run_after=2025-10-04T19:27:10.531967+00:00
[2025-10-04T19:27:10.570+0000] {processor.py:179} INFO - Processing /home/airflow/.local/lib/python3.7/site-packages/airflow/example_dags/example_latest_only_with_trigger.py took 0.154 seconds
[2025-10-04T19:27:40.949+0000] {processor.py:157} INFO - Started process (PID=1484) to work on /home/airflow/.local/lib/python3.7/site-packages/airflow/example_dags/example_latest_only_with_trigger.py
[2025-10-04T19:27:40.952+0000] {processor.py:826} INFO - Processing file /home/airflow/.local/lib/python3.7/site-packages/airflow/example_dags/example_latest_only_with_trigger.py for tasks to queue
[2025-10-04T19:27:40.954+0000] {logging_mixin.py:149} INFO - [2025-10-04T19:27:40.954+0000] {dagbag.py:541} INFO - Filling up the DagBag from /home/airflow/.local/lib/python3.7/site-packages/airflow/example_dags/example_latest_only_with_trigger.py
[2025-10-04T19:27:40.968+0000] {processor.py:836} INFO - DAG(s) dict_keys(['latest_only_with_trigger']) retrieved from /home/airflow/.local/lib/python3.7/site-packages/airflow/example_dags/example_latest_only_with_trigger.py
[2025-10-04T19:27:41.016+0000] {logging_mixin.py:149} INFO - [2025-10-04T19:27:41.016+0000] {dag.py:2726} INFO - Sync 1 DAGs
[2025-10-04T19:27:41.063+0000] {logging_mixin.py:149} INFO - [2025-10-04T19:27:41.063+0000] {dag.py:3490} INFO - Setting next_dagrun for latest_only_with_trigger to 2025-10-04T15:27:41.062972+00:00, run_after=2025-10-04T19:27:41.062972+00:00
[2025-10-04T19:27:41.096+0000] {processor.py:179} INFO - Processing /home/airflow/.local/lib/python3.7/site-packages/airflow/example_dags/example_latest_only_with_trigger.py took 0.153 seconds
