[2025-10-04T19:15:59.138+0000] {processor.py:157} INFO - Started process (PID=84) to work on /home/airflow/.local/lib/python3.7/site-packages/airflow/example_dags/example_dynamic_task_mapping.py
[2025-10-04T19:15:59.141+0000] {processor.py:826} INFO - Processing file /home/airflow/.local/lib/python3.7/site-packages/airflow/example_dags/example_dynamic_task_mapping.py for tasks to queue
[2025-10-04T19:15:59.144+0000] {logging_mixin.py:149} INFO - [2025-10-04T19:15:59.143+0000] {dagbag.py:541} INFO - Filling up the DagBag from /home/airflow/.local/lib/python3.7/site-packages/airflow/example_dags/example_dynamic_task_mapping.py
[2025-10-04T19:15:59.161+0000] {processor.py:836} INFO - DAG(s) dict_keys(['example_dynamic_task_mapping']) retrieved from /home/airflow/.local/lib/python3.7/site-packages/airflow/example_dags/example_dynamic_task_mapping.py
[2025-10-04T19:15:59.401+0000] {logging_mixin.py:149} INFO - [2025-10-04T19:15:59.401+0000] {manager.py:504} INFO - Created Permission View: can delete on DAG:example_dynamic_task_mapping
[2025-10-04T19:15:59.436+0000] {logging_mixin.py:149} INFO - [2025-10-04T19:15:59.436+0000] {manager.py:504} INFO - Created Permission View: can edit on DAG:example_dynamic_task_mapping
[2025-10-04T19:15:59.459+0000] {logging_mixin.py:149} INFO - [2025-10-04T19:15:59.458+0000] {manager.py:504} INFO - Created Permission View: can read on DAG:example_dynamic_task_mapping
[2025-10-04T19:15:59.496+0000] {logging_mixin.py:149} INFO - [2025-10-04T19:15:59.496+0000] {dag.py:2726} INFO - Sync 1 DAGs
[2025-10-04T19:15:59.521+0000] {logging_mixin.py:149} INFO - [2025-10-04T19:15:59.520+0000] {dag.py:2747} INFO - Creating ORM DAG for example_dynamic_task_mapping
[2025-10-04T19:15:59.547+0000] {logging_mixin.py:149} INFO - [2025-10-04T19:15:59.547+0000] {dag.py:3490} INFO - Setting next_dagrun for example_dynamic_task_mapping to 2022-03-04T00:00:00+00:00, run_after=2022-03-05T00:00:00+00:00
[2025-10-04T19:15:59.587+0000] {processor.py:179} INFO - Processing /home/airflow/.local/lib/python3.7/site-packages/airflow/example_dags/example_dynamic_task_mapping.py took 0.457 seconds
[2025-10-04T19:16:30.202+0000] {processor.py:157} INFO - Started process (PID=146) to work on /home/airflow/.local/lib/python3.7/site-packages/airflow/example_dags/example_dynamic_task_mapping.py
[2025-10-04T19:16:30.204+0000] {processor.py:826} INFO - Processing file /home/airflow/.local/lib/python3.7/site-packages/airflow/example_dags/example_dynamic_task_mapping.py for tasks to queue
[2025-10-04T19:16:30.206+0000] {logging_mixin.py:149} INFO - [2025-10-04T19:16:30.206+0000] {dagbag.py:541} INFO - Filling up the DagBag from /home/airflow/.local/lib/python3.7/site-packages/airflow/example_dags/example_dynamic_task_mapping.py
[2025-10-04T19:16:30.222+0000] {processor.py:836} INFO - DAG(s) dict_keys(['example_dynamic_task_mapping']) retrieved from /home/airflow/.local/lib/python3.7/site-packages/airflow/example_dags/example_dynamic_task_mapping.py
[2025-10-04T19:16:30.276+0000] {logging_mixin.py:149} INFO - [2025-10-04T19:16:30.276+0000] {dag.py:2726} INFO - Sync 1 DAGs
[2025-10-04T19:16:30.337+0000] {logging_mixin.py:149} INFO - [2025-10-04T19:16:30.337+0000] {dag.py:3490} INFO - Setting next_dagrun for example_dynamic_task_mapping to 2022-03-04T00:00:00+00:00, run_after=2022-03-05T00:00:00+00:00
[2025-10-04T19:16:30.385+0000] {processor.py:179} INFO - Processing /home/airflow/.local/lib/python3.7/site-packages/airflow/example_dags/example_dynamic_task_mapping.py took 0.189 seconds
[2025-10-04T19:17:00.520+0000] {processor.py:157} INFO - Started process (PID=208) to work on /home/airflow/.local/lib/python3.7/site-packages/airflow/example_dags/example_dynamic_task_mapping.py
[2025-10-04T19:17:00.522+0000] {processor.py:826} INFO - Processing file /home/airflow/.local/lib/python3.7/site-packages/airflow/example_dags/example_dynamic_task_mapping.py for tasks to queue
[2025-10-04T19:17:00.524+0000] {logging_mixin.py:149} INFO - [2025-10-04T19:17:00.524+0000] {dagbag.py:541} INFO - Filling up the DagBag from /home/airflow/.local/lib/python3.7/site-packages/airflow/example_dags/example_dynamic_task_mapping.py
[2025-10-04T19:17:00.537+0000] {processor.py:836} INFO - DAG(s) dict_keys(['example_dynamic_task_mapping']) retrieved from /home/airflow/.local/lib/python3.7/site-packages/airflow/example_dags/example_dynamic_task_mapping.py
[2025-10-04T19:17:00.580+0000] {logging_mixin.py:149} INFO - [2025-10-04T19:17:00.579+0000] {dag.py:2726} INFO - Sync 1 DAGs
[2025-10-04T19:17:00.653+0000] {logging_mixin.py:149} INFO - [2025-10-04T19:17:00.653+0000] {dag.py:3490} INFO - Setting next_dagrun for example_dynamic_task_mapping to 2022-03-04T00:00:00+00:00, run_after=2022-03-05T00:00:00+00:00
[2025-10-04T19:17:00.707+0000] {processor.py:179} INFO - Processing /home/airflow/.local/lib/python3.7/site-packages/airflow/example_dags/example_dynamic_task_mapping.py took 0.194 seconds
[2025-10-04T19:17:31.327+0000] {processor.py:157} INFO - Started process (PID=269) to work on /home/airflow/.local/lib/python3.7/site-packages/airflow/example_dags/example_dynamic_task_mapping.py
[2025-10-04T19:17:31.330+0000] {processor.py:826} INFO - Processing file /home/airflow/.local/lib/python3.7/site-packages/airflow/example_dags/example_dynamic_task_mapping.py for tasks to queue
[2025-10-04T19:17:31.332+0000] {logging_mixin.py:149} INFO - [2025-10-04T19:17:31.331+0000] {dagbag.py:541} INFO - Filling up the DagBag from /home/airflow/.local/lib/python3.7/site-packages/airflow/example_dags/example_dynamic_task_mapping.py
[2025-10-04T19:17:31.345+0000] {processor.py:836} INFO - DAG(s) dict_keys(['example_dynamic_task_mapping']) retrieved from /home/airflow/.local/lib/python3.7/site-packages/airflow/example_dags/example_dynamic_task_mapping.py
[2025-10-04T19:17:31.393+0000] {logging_mixin.py:149} INFO - [2025-10-04T19:17:31.393+0000] {dag.py:2726} INFO - Sync 1 DAGs
[2025-10-04T19:17:31.438+0000] {logging_mixin.py:149} INFO - [2025-10-04T19:17:31.437+0000] {dag.py:3490} INFO - Setting next_dagrun for example_dynamic_task_mapping to 2022-03-04T00:00:00+00:00, run_after=2022-03-05T00:00:00+00:00
[2025-10-04T19:17:31.480+0000] {processor.py:179} INFO - Processing /home/airflow/.local/lib/python3.7/site-packages/airflow/example_dags/example_dynamic_task_mapping.py took 0.161 seconds
[2025-10-04T19:18:02.170+0000] {processor.py:157} INFO - Started process (PID=330) to work on /home/airflow/.local/lib/python3.7/site-packages/airflow/example_dags/example_dynamic_task_mapping.py
[2025-10-04T19:18:02.172+0000] {processor.py:826} INFO - Processing file /home/airflow/.local/lib/python3.7/site-packages/airflow/example_dags/example_dynamic_task_mapping.py for tasks to queue
[2025-10-04T19:18:02.174+0000] {logging_mixin.py:149} INFO - [2025-10-04T19:18:02.173+0000] {dagbag.py:541} INFO - Filling up the DagBag from /home/airflow/.local/lib/python3.7/site-packages/airflow/example_dags/example_dynamic_task_mapping.py
[2025-10-04T19:18:02.192+0000] {processor.py:836} INFO - DAG(s) dict_keys(['example_dynamic_task_mapping']) retrieved from /home/airflow/.local/lib/python3.7/site-packages/airflow/example_dags/example_dynamic_task_mapping.py
[2025-10-04T19:18:02.241+0000] {logging_mixin.py:149} INFO - [2025-10-04T19:18:02.241+0000] {dag.py:2726} INFO - Sync 1 DAGs
[2025-10-04T19:18:02.287+0000] {logging_mixin.py:149} INFO - [2025-10-04T19:18:02.287+0000] {dag.py:3490} INFO - Setting next_dagrun for example_dynamic_task_mapping to 2022-03-04T00:00:00+00:00, run_after=2022-03-05T00:00:00+00:00
[2025-10-04T19:18:02.326+0000] {processor.py:179} INFO - Processing /home/airflow/.local/lib/python3.7/site-packages/airflow/example_dags/example_dynamic_task_mapping.py took 0.163 seconds
[2025-10-04T19:18:33.054+0000] {processor.py:157} INFO - Started process (PID=391) to work on /home/airflow/.local/lib/python3.7/site-packages/airflow/example_dags/example_dynamic_task_mapping.py
[2025-10-04T19:18:33.056+0000] {processor.py:826} INFO - Processing file /home/airflow/.local/lib/python3.7/site-packages/airflow/example_dags/example_dynamic_task_mapping.py for tasks to queue
[2025-10-04T19:18:33.058+0000] {logging_mixin.py:149} INFO - [2025-10-04T19:18:33.058+0000] {dagbag.py:541} INFO - Filling up the DagBag from /home/airflow/.local/lib/python3.7/site-packages/airflow/example_dags/example_dynamic_task_mapping.py
[2025-10-04T19:18:33.077+0000] {processor.py:836} INFO - DAG(s) dict_keys(['example_dynamic_task_mapping']) retrieved from /home/airflow/.local/lib/python3.7/site-packages/airflow/example_dags/example_dynamic_task_mapping.py
[2025-10-04T19:18:33.149+0000] {logging_mixin.py:149} INFO - [2025-10-04T19:18:33.148+0000] {dag.py:2726} INFO - Sync 1 DAGs
[2025-10-04T19:18:33.210+0000] {logging_mixin.py:149} INFO - [2025-10-04T19:18:33.210+0000] {dag.py:3490} INFO - Setting next_dagrun for example_dynamic_task_mapping to 2022-03-04T00:00:00+00:00, run_after=2022-03-05T00:00:00+00:00
[2025-10-04T19:18:33.253+0000] {processor.py:179} INFO - Processing /home/airflow/.local/lib/python3.7/site-packages/airflow/example_dags/example_dynamic_task_mapping.py took 0.207 seconds
[2025-10-04T19:19:03.628+0000] {processor.py:157} INFO - Started process (PID=452) to work on /home/airflow/.local/lib/python3.7/site-packages/airflow/example_dags/example_dynamic_task_mapping.py
[2025-10-04T19:19:03.630+0000] {processor.py:826} INFO - Processing file /home/airflow/.local/lib/python3.7/site-packages/airflow/example_dags/example_dynamic_task_mapping.py for tasks to queue
[2025-10-04T19:19:03.632+0000] {logging_mixin.py:149} INFO - [2025-10-04T19:19:03.632+0000] {dagbag.py:541} INFO - Filling up the DagBag from /home/airflow/.local/lib/python3.7/site-packages/airflow/example_dags/example_dynamic_task_mapping.py
[2025-10-04T19:19:03.646+0000] {processor.py:836} INFO - DAG(s) dict_keys(['example_dynamic_task_mapping']) retrieved from /home/airflow/.local/lib/python3.7/site-packages/airflow/example_dags/example_dynamic_task_mapping.py
[2025-10-04T19:19:03.696+0000] {logging_mixin.py:149} INFO - [2025-10-04T19:19:03.696+0000] {dag.py:2726} INFO - Sync 1 DAGs
[2025-10-04T19:19:03.759+0000] {logging_mixin.py:149} INFO - [2025-10-04T19:19:03.759+0000] {dag.py:3490} INFO - Setting next_dagrun for example_dynamic_task_mapping to 2022-03-04T00:00:00+00:00, run_after=2022-03-05T00:00:00+00:00
[2025-10-04T19:19:03.804+0000] {processor.py:179} INFO - Processing /home/airflow/.local/lib/python3.7/site-packages/airflow/example_dags/example_dynamic_task_mapping.py took 0.185 seconds
[2025-10-04T19:19:33.963+0000] {processor.py:157} INFO - Started process (PID=514) to work on /home/airflow/.local/lib/python3.7/site-packages/airflow/example_dags/example_dynamic_task_mapping.py
[2025-10-04T19:19:33.966+0000] {processor.py:826} INFO - Processing file /home/airflow/.local/lib/python3.7/site-packages/airflow/example_dags/example_dynamic_task_mapping.py for tasks to queue
[2025-10-04T19:19:33.968+0000] {logging_mixin.py:149} INFO - [2025-10-04T19:19:33.967+0000] {dagbag.py:541} INFO - Filling up the DagBag from /home/airflow/.local/lib/python3.7/site-packages/airflow/example_dags/example_dynamic_task_mapping.py
[2025-10-04T19:19:33.986+0000] {processor.py:836} INFO - DAG(s) dict_keys(['example_dynamic_task_mapping']) retrieved from /home/airflow/.local/lib/python3.7/site-packages/airflow/example_dags/example_dynamic_task_mapping.py
[2025-10-04T19:19:34.044+0000] {logging_mixin.py:149} INFO - [2025-10-04T19:19:34.043+0000] {dag.py:2726} INFO - Sync 1 DAGs
[2025-10-04T19:19:34.104+0000] {logging_mixin.py:149} INFO - [2025-10-04T19:19:34.103+0000] {dag.py:3490} INFO - Setting next_dagrun for example_dynamic_task_mapping to 2022-03-04T00:00:00+00:00, run_after=2022-03-05T00:00:00+00:00
[2025-10-04T19:19:34.148+0000] {processor.py:179} INFO - Processing /home/airflow/.local/lib/python3.7/site-packages/airflow/example_dags/example_dynamic_task_mapping.py took 0.194 seconds
[2025-10-04T19:20:05.058+0000] {processor.py:157} INFO - Started process (PID=575) to work on /home/airflow/.local/lib/python3.7/site-packages/airflow/example_dags/example_dynamic_task_mapping.py
[2025-10-04T19:20:05.060+0000] {processor.py:826} INFO - Processing file /home/airflow/.local/lib/python3.7/site-packages/airflow/example_dags/example_dynamic_task_mapping.py for tasks to queue
[2025-10-04T19:20:05.063+0000] {logging_mixin.py:149} INFO - [2025-10-04T19:20:05.062+0000] {dagbag.py:541} INFO - Filling up the DagBag from /home/airflow/.local/lib/python3.7/site-packages/airflow/example_dags/example_dynamic_task_mapping.py
[2025-10-04T19:20:05.081+0000] {processor.py:836} INFO - DAG(s) dict_keys(['example_dynamic_task_mapping']) retrieved from /home/airflow/.local/lib/python3.7/site-packages/airflow/example_dags/example_dynamic_task_mapping.py
[2025-10-04T19:20:05.133+0000] {logging_mixin.py:149} INFO - [2025-10-04T19:20:05.132+0000] {dag.py:2726} INFO - Sync 1 DAGs
[2025-10-04T19:20:05.187+0000] {logging_mixin.py:149} INFO - [2025-10-04T19:20:05.186+0000] {dag.py:3490} INFO - Setting next_dagrun for example_dynamic_task_mapping to 2022-03-04T00:00:00+00:00, run_after=2022-03-05T00:00:00+00:00
[2025-10-04T19:20:05.232+0000] {processor.py:179} INFO - Processing /home/airflow/.local/lib/python3.7/site-packages/airflow/example_dags/example_dynamic_task_mapping.py took 0.183 seconds
[2025-10-04T19:20:36.077+0000] {processor.py:157} INFO - Started process (PID=636) to work on /home/airflow/.local/lib/python3.7/site-packages/airflow/example_dags/example_dynamic_task_mapping.py
[2025-10-04T19:20:36.080+0000] {processor.py:826} INFO - Processing file /home/airflow/.local/lib/python3.7/site-packages/airflow/example_dags/example_dynamic_task_mapping.py for tasks to queue
[2025-10-04T19:20:36.082+0000] {logging_mixin.py:149} INFO - [2025-10-04T19:20:36.082+0000] {dagbag.py:541} INFO - Filling up the DagBag from /home/airflow/.local/lib/python3.7/site-packages/airflow/example_dags/example_dynamic_task_mapping.py
[2025-10-04T19:20:36.098+0000] {processor.py:836} INFO - DAG(s) dict_keys(['example_dynamic_task_mapping']) retrieved from /home/airflow/.local/lib/python3.7/site-packages/airflow/example_dags/example_dynamic_task_mapping.py
[2025-10-04T19:20:36.151+0000] {logging_mixin.py:149} INFO - [2025-10-04T19:20:36.151+0000] {dag.py:2726} INFO - Sync 1 DAGs
[2025-10-04T19:20:36.202+0000] {logging_mixin.py:149} INFO - [2025-10-04T19:20:36.202+0000] {dag.py:3490} INFO - Setting next_dagrun for example_dynamic_task_mapping to 2022-03-04T00:00:00+00:00, run_after=2022-03-05T00:00:00+00:00
[2025-10-04T19:20:36.245+0000] {processor.py:179} INFO - Processing /home/airflow/.local/lib/python3.7/site-packages/airflow/example_dags/example_dynamic_task_mapping.py took 0.177 seconds
[2025-10-04T19:21:06.567+0000] {processor.py:157} INFO - Started process (PID=697) to work on /home/airflow/.local/lib/python3.7/site-packages/airflow/example_dags/example_dynamic_task_mapping.py
[2025-10-04T19:21:06.569+0000] {processor.py:826} INFO - Processing file /home/airflow/.local/lib/python3.7/site-packages/airflow/example_dags/example_dynamic_task_mapping.py for tasks to queue
[2025-10-04T19:21:06.571+0000] {logging_mixin.py:149} INFO - [2025-10-04T19:21:06.571+0000] {dagbag.py:541} INFO - Filling up the DagBag from /home/airflow/.local/lib/python3.7/site-packages/airflow/example_dags/example_dynamic_task_mapping.py
[2025-10-04T19:21:06.585+0000] {processor.py:836} INFO - DAG(s) dict_keys(['example_dynamic_task_mapping']) retrieved from /home/airflow/.local/lib/python3.7/site-packages/airflow/example_dags/example_dynamic_task_mapping.py
[2025-10-04T19:21:06.633+0000] {logging_mixin.py:149} INFO - [2025-10-04T19:21:06.633+0000] {dag.py:2726} INFO - Sync 1 DAGs
[2025-10-04T19:21:06.677+0000] {logging_mixin.py:149} INFO - [2025-10-04T19:21:06.676+0000] {dag.py:3490} INFO - Setting next_dagrun for example_dynamic_task_mapping to 2022-03-04T00:00:00+00:00, run_after=2022-03-05T00:00:00+00:00
[2025-10-04T19:21:06.713+0000] {processor.py:179} INFO - Processing /home/airflow/.local/lib/python3.7/site-packages/airflow/example_dags/example_dynamic_task_mapping.py took 0.153 seconds
[2025-10-04T19:21:37.054+0000] {processor.py:157} INFO - Started process (PID=758) to work on /home/airflow/.local/lib/python3.7/site-packages/airflow/example_dags/example_dynamic_task_mapping.py
[2025-10-04T19:21:37.056+0000] {processor.py:826} INFO - Processing file /home/airflow/.local/lib/python3.7/site-packages/airflow/example_dags/example_dynamic_task_mapping.py for tasks to queue
[2025-10-04T19:21:37.058+0000] {logging_mixin.py:149} INFO - [2025-10-04T19:21:37.057+0000] {dagbag.py:541} INFO - Filling up the DagBag from /home/airflow/.local/lib/python3.7/site-packages/airflow/example_dags/example_dynamic_task_mapping.py
[2025-10-04T19:21:37.073+0000] {processor.py:836} INFO - DAG(s) dict_keys(['example_dynamic_task_mapping']) retrieved from /home/airflow/.local/lib/python3.7/site-packages/airflow/example_dags/example_dynamic_task_mapping.py
[2025-10-04T19:21:37.126+0000] {logging_mixin.py:149} INFO - [2025-10-04T19:21:37.126+0000] {dag.py:2726} INFO - Sync 1 DAGs
[2025-10-04T19:21:37.185+0000] {logging_mixin.py:149} INFO - [2025-10-04T19:21:37.185+0000] {dag.py:3490} INFO - Setting next_dagrun for example_dynamic_task_mapping to 2022-03-04T00:00:00+00:00, run_after=2022-03-05T00:00:00+00:00
[2025-10-04T19:21:37.230+0000] {processor.py:179} INFO - Processing /home/airflow/.local/lib/python3.7/site-packages/airflow/example_dags/example_dynamic_task_mapping.py took 0.183 seconds
[2025-10-04T19:22:07.316+0000] {processor.py:157} INFO - Started process (PID=819) to work on /home/airflow/.local/lib/python3.7/site-packages/airflow/example_dags/example_dynamic_task_mapping.py
[2025-10-04T19:22:07.318+0000] {processor.py:826} INFO - Processing file /home/airflow/.local/lib/python3.7/site-packages/airflow/example_dags/example_dynamic_task_mapping.py for tasks to queue
[2025-10-04T19:22:07.319+0000] {logging_mixin.py:149} INFO - [2025-10-04T19:22:07.319+0000] {dagbag.py:541} INFO - Filling up the DagBag from /home/airflow/.local/lib/python3.7/site-packages/airflow/example_dags/example_dynamic_task_mapping.py
[2025-10-04T19:22:07.332+0000] {processor.py:836} INFO - DAG(s) dict_keys(['example_dynamic_task_mapping']) retrieved from /home/airflow/.local/lib/python3.7/site-packages/airflow/example_dags/example_dynamic_task_mapping.py
[2025-10-04T19:22:07.379+0000] {logging_mixin.py:149} INFO - [2025-10-04T19:22:07.379+0000] {dag.py:2726} INFO - Sync 1 DAGs
[2025-10-04T19:22:07.429+0000] {logging_mixin.py:149} INFO - [2025-10-04T19:22:07.429+0000] {dag.py:3490} INFO - Setting next_dagrun for example_dynamic_task_mapping to 2022-03-04T00:00:00+00:00, run_after=2022-03-05T00:00:00+00:00
[2025-10-04T19:22:07.471+0000] {processor.py:179} INFO - Processing /home/airflow/.local/lib/python3.7/site-packages/airflow/example_dags/example_dynamic_task_mapping.py took 0.161 seconds
[2025-10-04T19:22:38.174+0000] {processor.py:157} INFO - Started process (PID=880) to work on /home/airflow/.local/lib/python3.7/site-packages/airflow/example_dags/example_dynamic_task_mapping.py
[2025-10-04T19:22:38.176+0000] {processor.py:826} INFO - Processing file /home/airflow/.local/lib/python3.7/site-packages/airflow/example_dags/example_dynamic_task_mapping.py for tasks to queue
[2025-10-04T19:22:38.178+0000] {logging_mixin.py:149} INFO - [2025-10-04T19:22:38.178+0000] {dagbag.py:541} INFO - Filling up the DagBag from /home/airflow/.local/lib/python3.7/site-packages/airflow/example_dags/example_dynamic_task_mapping.py
[2025-10-04T19:22:38.191+0000] {processor.py:836} INFO - DAG(s) dict_keys(['example_dynamic_task_mapping']) retrieved from /home/airflow/.local/lib/python3.7/site-packages/airflow/example_dags/example_dynamic_task_mapping.py
[2025-10-04T19:22:38.235+0000] {logging_mixin.py:149} INFO - [2025-10-04T19:22:38.235+0000] {dag.py:2726} INFO - Sync 1 DAGs
[2025-10-04T19:22:38.285+0000] {logging_mixin.py:149} INFO - [2025-10-04T19:22:38.285+0000] {dag.py:3490} INFO - Setting next_dagrun for example_dynamic_task_mapping to 2022-03-04T00:00:00+00:00, run_after=2022-03-05T00:00:00+00:00
[2025-10-04T19:22:38.328+0000] {processor.py:179} INFO - Processing /home/airflow/.local/lib/python3.7/site-packages/airflow/example_dags/example_dynamic_task_mapping.py took 0.161 seconds
[2025-10-04T19:23:08.797+0000] {processor.py:157} INFO - Started process (PID=941) to work on /home/airflow/.local/lib/python3.7/site-packages/airflow/example_dags/example_dynamic_task_mapping.py
[2025-10-04T19:23:08.799+0000] {processor.py:826} INFO - Processing file /home/airflow/.local/lib/python3.7/site-packages/airflow/example_dags/example_dynamic_task_mapping.py for tasks to queue
[2025-10-04T19:23:08.801+0000] {logging_mixin.py:149} INFO - [2025-10-04T19:23:08.801+0000] {dagbag.py:541} INFO - Filling up the DagBag from /home/airflow/.local/lib/python3.7/site-packages/airflow/example_dags/example_dynamic_task_mapping.py
[2025-10-04T19:23:08.817+0000] {processor.py:836} INFO - DAG(s) dict_keys(['example_dynamic_task_mapping']) retrieved from /home/airflow/.local/lib/python3.7/site-packages/airflow/example_dags/example_dynamic_task_mapping.py
[2025-10-04T19:23:08.870+0000] {logging_mixin.py:149} INFO - [2025-10-04T19:23:08.870+0000] {dag.py:2726} INFO - Sync 1 DAGs
[2025-10-04T19:23:08.919+0000] {logging_mixin.py:149} INFO - [2025-10-04T19:23:08.919+0000] {dag.py:3490} INFO - Setting next_dagrun for example_dynamic_task_mapping to 2022-03-04T00:00:00+00:00, run_after=2022-03-05T00:00:00+00:00
[2025-10-04T19:23:08.964+0000] {processor.py:179} INFO - Processing /home/airflow/.local/lib/python3.7/site-packages/airflow/example_dags/example_dynamic_task_mapping.py took 0.175 seconds
[2025-10-04T19:23:39.569+0000] {processor.py:157} INFO - Started process (PID=1002) to work on /home/airflow/.local/lib/python3.7/site-packages/airflow/example_dags/example_dynamic_task_mapping.py
[2025-10-04T19:23:39.571+0000] {processor.py:826} INFO - Processing file /home/airflow/.local/lib/python3.7/site-packages/airflow/example_dags/example_dynamic_task_mapping.py for tasks to queue
[2025-10-04T19:23:39.572+0000] {logging_mixin.py:149} INFO - [2025-10-04T19:23:39.572+0000] {dagbag.py:541} INFO - Filling up the DagBag from /home/airflow/.local/lib/python3.7/site-packages/airflow/example_dags/example_dynamic_task_mapping.py
[2025-10-04T19:23:39.585+0000] {processor.py:836} INFO - DAG(s) dict_keys(['example_dynamic_task_mapping']) retrieved from /home/airflow/.local/lib/python3.7/site-packages/airflow/example_dags/example_dynamic_task_mapping.py
[2025-10-04T19:23:39.629+0000] {logging_mixin.py:149} INFO - [2025-10-04T19:23:39.628+0000] {dag.py:2726} INFO - Sync 1 DAGs
[2025-10-04T19:23:39.677+0000] {logging_mixin.py:149} INFO - [2025-10-04T19:23:39.677+0000] {dag.py:3490} INFO - Setting next_dagrun for example_dynamic_task_mapping to 2022-03-04T00:00:00+00:00, run_after=2022-03-05T00:00:00+00:00
[2025-10-04T19:23:39.717+0000] {processor.py:179} INFO - Processing /home/airflow/.local/lib/python3.7/site-packages/airflow/example_dags/example_dynamic_task_mapping.py took 0.154 seconds
[2025-10-04T19:24:09.862+0000] {processor.py:157} INFO - Started process (PID=1064) to work on /home/airflow/.local/lib/python3.7/site-packages/airflow/example_dags/example_dynamic_task_mapping.py
[2025-10-04T19:24:09.864+0000] {processor.py:826} INFO - Processing file /home/airflow/.local/lib/python3.7/site-packages/airflow/example_dags/example_dynamic_task_mapping.py for tasks to queue
[2025-10-04T19:24:09.866+0000] {logging_mixin.py:149} INFO - [2025-10-04T19:24:09.865+0000] {dagbag.py:541} INFO - Filling up the DagBag from /home/airflow/.local/lib/python3.7/site-packages/airflow/example_dags/example_dynamic_task_mapping.py
[2025-10-04T19:24:09.877+0000] {processor.py:836} INFO - DAG(s) dict_keys(['example_dynamic_task_mapping']) retrieved from /home/airflow/.local/lib/python3.7/site-packages/airflow/example_dags/example_dynamic_task_mapping.py
[2025-10-04T19:24:09.920+0000] {logging_mixin.py:149} INFO - [2025-10-04T19:24:09.920+0000] {dag.py:2726} INFO - Sync 1 DAGs
[2025-10-04T19:24:09.972+0000] {logging_mixin.py:149} INFO - [2025-10-04T19:24:09.972+0000] {dag.py:3490} INFO - Setting next_dagrun for example_dynamic_task_mapping to 2022-03-04T00:00:00+00:00, run_after=2022-03-05T00:00:00+00:00
[2025-10-04T19:24:10.007+0000] {processor.py:179} INFO - Processing /home/airflow/.local/lib/python3.7/site-packages/airflow/example_dags/example_dynamic_task_mapping.py took 0.151 seconds
[2025-10-04T19:24:40.077+0000] {processor.py:157} INFO - Started process (PID=1124) to work on /home/airflow/.local/lib/python3.7/site-packages/airflow/example_dags/example_dynamic_task_mapping.py
[2025-10-04T19:24:40.079+0000] {processor.py:826} INFO - Processing file /home/airflow/.local/lib/python3.7/site-packages/airflow/example_dags/example_dynamic_task_mapping.py for tasks to queue
[2025-10-04T19:24:40.081+0000] {logging_mixin.py:149} INFO - [2025-10-04T19:24:40.081+0000] {dagbag.py:541} INFO - Filling up the DagBag from /home/airflow/.local/lib/python3.7/site-packages/airflow/example_dags/example_dynamic_task_mapping.py
[2025-10-04T19:24:40.092+0000] {processor.py:836} INFO - DAG(s) dict_keys(['example_dynamic_task_mapping']) retrieved from /home/airflow/.local/lib/python3.7/site-packages/airflow/example_dags/example_dynamic_task_mapping.py
[2025-10-04T19:24:40.131+0000] {logging_mixin.py:149} INFO - [2025-10-04T19:24:40.130+0000] {dag.py:2726} INFO - Sync 1 DAGs
[2025-10-04T19:24:40.169+0000] {logging_mixin.py:149} INFO - [2025-10-04T19:24:40.169+0000] {dag.py:3490} INFO - Setting next_dagrun for example_dynamic_task_mapping to 2022-03-04T00:00:00+00:00, run_after=2022-03-05T00:00:00+00:00
[2025-10-04T19:24:40.205+0000] {processor.py:179} INFO - Processing /home/airflow/.local/lib/python3.7/site-packages/airflow/example_dags/example_dynamic_task_mapping.py took 0.135 seconds
[2025-10-04T19:25:10.403+0000] {processor.py:157} INFO - Started process (PID=1185) to work on /home/airflow/.local/lib/python3.7/site-packages/airflow/example_dags/example_dynamic_task_mapping.py
[2025-10-04T19:25:10.405+0000] {processor.py:826} INFO - Processing file /home/airflow/.local/lib/python3.7/site-packages/airflow/example_dags/example_dynamic_task_mapping.py for tasks to queue
[2025-10-04T19:25:10.407+0000] {logging_mixin.py:149} INFO - [2025-10-04T19:25:10.407+0000] {dagbag.py:541} INFO - Filling up the DagBag from /home/airflow/.local/lib/python3.7/site-packages/airflow/example_dags/example_dynamic_task_mapping.py
[2025-10-04T19:25:10.422+0000] {processor.py:836} INFO - DAG(s) dict_keys(['example_dynamic_task_mapping']) retrieved from /home/airflow/.local/lib/python3.7/site-packages/airflow/example_dags/example_dynamic_task_mapping.py
[2025-10-04T19:25:10.467+0000] {logging_mixin.py:149} INFO - [2025-10-04T19:25:10.467+0000] {dag.py:2726} INFO - Sync 1 DAGs
[2025-10-04T19:25:10.514+0000] {logging_mixin.py:149} INFO - [2025-10-04T19:25:10.514+0000] {dag.py:3490} INFO - Setting next_dagrun for example_dynamic_task_mapping to 2022-03-04T00:00:00+00:00, run_after=2022-03-05T00:00:00+00:00
[2025-10-04T19:25:10.555+0000] {processor.py:179} INFO - Processing /home/airflow/.local/lib/python3.7/site-packages/airflow/example_dags/example_dynamic_task_mapping.py took 0.157 seconds
[2025-10-04T19:25:41.054+0000] {processor.py:157} INFO - Started process (PID=1246) to work on /home/airflow/.local/lib/python3.7/site-packages/airflow/example_dags/example_dynamic_task_mapping.py
[2025-10-04T19:25:41.056+0000] {processor.py:826} INFO - Processing file /home/airflow/.local/lib/python3.7/site-packages/airflow/example_dags/example_dynamic_task_mapping.py for tasks to queue
[2025-10-04T19:25:41.057+0000] {logging_mixin.py:149} INFO - [2025-10-04T19:25:41.057+0000] {dagbag.py:541} INFO - Filling up the DagBag from /home/airflow/.local/lib/python3.7/site-packages/airflow/example_dags/example_dynamic_task_mapping.py
[2025-10-04T19:25:41.068+0000] {processor.py:836} INFO - DAG(s) dict_keys(['example_dynamic_task_mapping']) retrieved from /home/airflow/.local/lib/python3.7/site-packages/airflow/example_dags/example_dynamic_task_mapping.py
[2025-10-04T19:25:41.110+0000] {logging_mixin.py:149} INFO - [2025-10-04T19:25:41.110+0000] {dag.py:2726} INFO - Sync 1 DAGs
[2025-10-04T19:25:41.157+0000] {logging_mixin.py:149} INFO - [2025-10-04T19:25:41.157+0000] {dag.py:3490} INFO - Setting next_dagrun for example_dynamic_task_mapping to 2022-03-04T00:00:00+00:00, run_after=2022-03-05T00:00:00+00:00
[2025-10-04T19:25:41.192+0000] {processor.py:179} INFO - Processing /home/airflow/.local/lib/python3.7/site-packages/airflow/example_dags/example_dynamic_task_mapping.py took 0.144 seconds
[2025-10-04T19:26:11.405+0000] {processor.py:157} INFO - Started process (PID=1307) to work on /home/airflow/.local/lib/python3.7/site-packages/airflow/example_dags/example_dynamic_task_mapping.py
[2025-10-04T19:26:11.407+0000] {processor.py:826} INFO - Processing file /home/airflow/.local/lib/python3.7/site-packages/airflow/example_dags/example_dynamic_task_mapping.py for tasks to queue
[2025-10-04T19:26:11.409+0000] {logging_mixin.py:149} INFO - [2025-10-04T19:26:11.409+0000] {dagbag.py:541} INFO - Filling up the DagBag from /home/airflow/.local/lib/python3.7/site-packages/airflow/example_dags/example_dynamic_task_mapping.py
[2025-10-04T19:26:11.420+0000] {processor.py:836} INFO - DAG(s) dict_keys(['example_dynamic_task_mapping']) retrieved from /home/airflow/.local/lib/python3.7/site-packages/airflow/example_dags/example_dynamic_task_mapping.py
[2025-10-04T19:26:11.463+0000] {logging_mixin.py:149} INFO - [2025-10-04T19:26:11.463+0000] {dag.py:2726} INFO - Sync 1 DAGs
[2025-10-04T19:26:11.511+0000] {logging_mixin.py:149} INFO - [2025-10-04T19:26:11.511+0000] {dag.py:3490} INFO - Setting next_dagrun for example_dynamic_task_mapping to 2022-03-04T00:00:00+00:00, run_after=2022-03-05T00:00:00+00:00
[2025-10-04T19:26:11.547+0000] {processor.py:179} INFO - Processing /home/airflow/.local/lib/python3.7/site-packages/airflow/example_dags/example_dynamic_task_mapping.py took 0.148 seconds
[2025-10-04T19:26:41.935+0000] {processor.py:157} INFO - Started process (PID=1368) to work on /home/airflow/.local/lib/python3.7/site-packages/airflow/example_dags/example_dynamic_task_mapping.py
[2025-10-04T19:26:41.937+0000] {processor.py:826} INFO - Processing file /home/airflow/.local/lib/python3.7/site-packages/airflow/example_dags/example_dynamic_task_mapping.py for tasks to queue
[2025-10-04T19:26:41.939+0000] {logging_mixin.py:149} INFO - [2025-10-04T19:26:41.938+0000] {dagbag.py:541} INFO - Filling up the DagBag from /home/airflow/.local/lib/python3.7/site-packages/airflow/example_dags/example_dynamic_task_mapping.py
[2025-10-04T19:26:41.951+0000] {processor.py:836} INFO - DAG(s) dict_keys(['example_dynamic_task_mapping']) retrieved from /home/airflow/.local/lib/python3.7/site-packages/airflow/example_dags/example_dynamic_task_mapping.py
[2025-10-04T19:26:41.995+0000] {logging_mixin.py:149} INFO - [2025-10-04T19:26:41.994+0000] {dag.py:2726} INFO - Sync 1 DAGs
[2025-10-04T19:26:42.038+0000] {logging_mixin.py:149} INFO - [2025-10-04T19:26:42.038+0000] {dag.py:3490} INFO - Setting next_dagrun for example_dynamic_task_mapping to 2022-03-04T00:00:00+00:00, run_after=2022-03-05T00:00:00+00:00
[2025-10-04T19:26:42.079+0000] {processor.py:179} INFO - Processing /home/airflow/.local/lib/python3.7/site-packages/airflow/example_dags/example_dynamic_task_mapping.py took 0.150 seconds
[2025-10-04T19:27:12.953+0000] {processor.py:157} INFO - Started process (PID=1429) to work on /home/airflow/.local/lib/python3.7/site-packages/airflow/example_dags/example_dynamic_task_mapping.py
[2025-10-04T19:27:12.955+0000] {processor.py:826} INFO - Processing file /home/airflow/.local/lib/python3.7/site-packages/airflow/example_dags/example_dynamic_task_mapping.py for tasks to queue
[2025-10-04T19:27:12.957+0000] {logging_mixin.py:149} INFO - [2025-10-04T19:27:12.957+0000] {dagbag.py:541} INFO - Filling up the DagBag from /home/airflow/.local/lib/python3.7/site-packages/airflow/example_dags/example_dynamic_task_mapping.py
[2025-10-04T19:27:12.972+0000] {processor.py:836} INFO - DAG(s) dict_keys(['example_dynamic_task_mapping']) retrieved from /home/airflow/.local/lib/python3.7/site-packages/airflow/example_dags/example_dynamic_task_mapping.py
[2025-10-04T19:27:13.019+0000] {logging_mixin.py:149} INFO - [2025-10-04T19:27:13.019+0000] {dag.py:2726} INFO - Sync 1 DAGs
[2025-10-04T19:27:13.093+0000] {logging_mixin.py:149} INFO - [2025-10-04T19:27:13.093+0000] {dag.py:3490} INFO - Setting next_dagrun for example_dynamic_task_mapping to 2022-03-04T00:00:00+00:00, run_after=2022-03-05T00:00:00+00:00
[2025-10-04T19:27:13.157+0000] {processor.py:179} INFO - Processing /home/airflow/.local/lib/python3.7/site-packages/airflow/example_dags/example_dynamic_task_mapping.py took 0.210 seconds
[2025-10-04T19:27:43.647+0000] {processor.py:157} INFO - Started process (PID=1490) to work on /home/airflow/.local/lib/python3.7/site-packages/airflow/example_dags/example_dynamic_task_mapping.py
[2025-10-04T19:27:43.649+0000] {processor.py:826} INFO - Processing file /home/airflow/.local/lib/python3.7/site-packages/airflow/example_dags/example_dynamic_task_mapping.py for tasks to queue
[2025-10-04T19:27:43.651+0000] {logging_mixin.py:149} INFO - [2025-10-04T19:27:43.651+0000] {dagbag.py:541} INFO - Filling up the DagBag from /home/airflow/.local/lib/python3.7/site-packages/airflow/example_dags/example_dynamic_task_mapping.py
[2025-10-04T19:27:43.664+0000] {processor.py:836} INFO - DAG(s) dict_keys(['example_dynamic_task_mapping']) retrieved from /home/airflow/.local/lib/python3.7/site-packages/airflow/example_dags/example_dynamic_task_mapping.py
[2025-10-04T19:27:43.712+0000] {logging_mixin.py:149} INFO - [2025-10-04T19:27:43.711+0000] {dag.py:2726} INFO - Sync 1 DAGs
[2025-10-04T19:27:43.759+0000] {logging_mixin.py:149} INFO - [2025-10-04T19:27:43.758+0000] {dag.py:3490} INFO - Setting next_dagrun for example_dynamic_task_mapping to 2022-03-04T00:00:00+00:00, run_after=2022-03-05T00:00:00+00:00
[2025-10-04T19:27:43.795+0000] {processor.py:179} INFO - Processing /home/airflow/.local/lib/python3.7/site-packages/airflow/example_dags/example_dynamic_task_mapping.py took 0.154 seconds
