[2025-10-04T19:15:53.173+0000] {processor.py:157} INFO - Started process (PID=69) to work on /home/airflow/.local/lib/python3.7/site-packages/airflow/example_dags/example_datasets.py
[2025-10-04T19:15:53.176+0000] {processor.py:826} INFO - Processing file /home/airflow/.local/lib/python3.7/site-packages/airflow/example_dags/example_datasets.py for tasks to queue
[2025-10-04T19:15:53.178+0000] {logging_mixin.py:149} INFO - [2025-10-04T19:15:53.178+0000] {dagbag.py:541} INFO - Filling up the DagBag from /home/airflow/.local/lib/python3.7/site-packages/airflow/example_dags/example_datasets.py
[2025-10-04T19:15:53.209+0000] {processor.py:836} INFO - DAG(s) dict_keys(['dataset_consumes_1_and_2', 'dataset_consumes_unknown_never_scheduled', 'dataset_consumes_1_never_scheduled', 'dataset_consumes_1', 'dataset_produces_2', 'dataset_produces_1']) retrieved from /home/airflow/.local/lib/python3.7/site-packages/airflow/example_dags/example_datasets.py
[2025-10-04T19:15:53.494+0000] {logging_mixin.py:149} INFO - [2025-10-04T19:15:53.494+0000] {manager.py:504} INFO - Created Permission View: can delete on DAG:dataset_consumes_1_and_2
[2025-10-04T19:15:53.526+0000] {logging_mixin.py:149} INFO - [2025-10-04T19:15:53.526+0000] {manager.py:504} INFO - Created Permission View: can edit on DAG:dataset_consumes_1_and_2
[2025-10-04T19:15:53.546+0000] {logging_mixin.py:149} INFO - [2025-10-04T19:15:53.546+0000] {manager.py:504} INFO - Created Permission View: can read on DAG:dataset_consumes_1_and_2
[2025-10-04T19:15:53.621+0000] {logging_mixin.py:149} INFO - [2025-10-04T19:15:53.621+0000] {manager.py:504} INFO - Created Permission View: can delete on DAG:dataset_consumes_unknown_never_scheduled
[2025-10-04T19:15:53.641+0000] {logging_mixin.py:149} INFO - [2025-10-04T19:15:53.641+0000] {manager.py:504} INFO - Created Permission View: can edit on DAG:dataset_consumes_unknown_never_scheduled
[2025-10-04T19:15:53.661+0000] {logging_mixin.py:149} INFO - [2025-10-04T19:15:53.661+0000] {manager.py:504} INFO - Created Permission View: can read on DAG:dataset_consumes_unknown_never_scheduled
[2025-10-04T19:15:53.715+0000] {logging_mixin.py:149} INFO - [2025-10-04T19:15:53.715+0000] {manager.py:504} INFO - Created Permission View: can delete on DAG:dataset_consumes_1_never_scheduled
[2025-10-04T19:15:53.735+0000] {logging_mixin.py:149} INFO - [2025-10-04T19:15:53.735+0000] {manager.py:504} INFO - Created Permission View: can edit on DAG:dataset_consumes_1_never_scheduled
[2025-10-04T19:15:53.759+0000] {logging_mixin.py:149} INFO - [2025-10-04T19:15:53.759+0000] {manager.py:504} INFO - Created Permission View: can read on DAG:dataset_consumes_1_never_scheduled
[2025-10-04T19:15:53.812+0000] {logging_mixin.py:149} INFO - [2025-10-04T19:15:53.812+0000] {manager.py:504} INFO - Created Permission View: can delete on DAG:dataset_consumes_1
[2025-10-04T19:15:53.832+0000] {logging_mixin.py:149} INFO - [2025-10-04T19:15:53.832+0000] {manager.py:504} INFO - Created Permission View: can edit on DAG:dataset_consumes_1
[2025-10-04T19:15:53.854+0000] {logging_mixin.py:149} INFO - [2025-10-04T19:15:53.853+0000] {manager.py:504} INFO - Created Permission View: can read on DAG:dataset_consumes_1
[2025-10-04T19:15:53.904+0000] {logging_mixin.py:149} INFO - [2025-10-04T19:15:53.904+0000] {manager.py:504} INFO - Created Permission View: can delete on DAG:dataset_produces_2
[2025-10-04T19:15:53.928+0000] {logging_mixin.py:149} INFO - [2025-10-04T19:15:53.926+0000] {manager.py:504} INFO - Created Permission View: can edit on DAG:dataset_produces_2
[2025-10-04T19:15:53.958+0000] {logging_mixin.py:149} INFO - [2025-10-04T19:15:53.958+0000] {manager.py:504} INFO - Created Permission View: can read on DAG:dataset_produces_2
[2025-10-04T19:15:54.026+0000] {logging_mixin.py:149} INFO - [2025-10-04T19:15:54.026+0000] {manager.py:504} INFO - Created Permission View: can delete on DAG:dataset_produces_1
[2025-10-04T19:15:54.048+0000] {logging_mixin.py:149} INFO - [2025-10-04T19:15:54.048+0000] {manager.py:504} INFO - Created Permission View: can edit on DAG:dataset_produces_1
[2025-10-04T19:15:54.070+0000] {logging_mixin.py:149} INFO - [2025-10-04T19:15:54.070+0000] {manager.py:504} INFO - Created Permission View: can read on DAG:dataset_produces_1
[2025-10-04T19:15:54.085+0000] {logging_mixin.py:149} INFO - [2025-10-04T19:15:54.085+0000] {dag.py:2726} INFO - Sync 6 DAGs
[2025-10-04T19:15:54.119+0000] {logging_mixin.py:149} INFO - [2025-10-04T19:15:54.118+0000] {dag.py:2747} INFO - Creating ORM DAG for dataset_consumes_1
[2025-10-04T19:15:54.122+0000] {logging_mixin.py:149} INFO - [2025-10-04T19:15:54.121+0000] {dag.py:2747} INFO - Creating ORM DAG for dataset_produces_1
[2025-10-04T19:15:54.124+0000] {logging_mixin.py:149} INFO - [2025-10-04T19:15:54.124+0000] {dag.py:2747} INFO - Creating ORM DAG for dataset_consumes_unknown_never_scheduled
[2025-10-04T19:15:54.126+0000] {logging_mixin.py:149} INFO - [2025-10-04T19:15:54.125+0000] {dag.py:2747} INFO - Creating ORM DAG for dataset_consumes_1_and_2
[2025-10-04T19:15:54.128+0000] {logging_mixin.py:149} INFO - [2025-10-04T19:15:54.128+0000] {dag.py:2747} INFO - Creating ORM DAG for dataset_produces_2
[2025-10-04T19:15:54.130+0000] {logging_mixin.py:149} INFO - [2025-10-04T19:15:54.130+0000] {dag.py:2747} INFO - Creating ORM DAG for dataset_consumes_1_never_scheduled
[2025-10-04T19:15:54.163+0000] {logging_mixin.py:149} INFO - [2025-10-04T19:15:54.163+0000] {dag.py:3490} INFO - Setting next_dagrun for dataset_consumes_1 to None, run_after=None
[2025-10-04T19:15:54.165+0000] {logging_mixin.py:149} INFO - [2025-10-04T19:15:54.165+0000] {dag.py:3490} INFO - Setting next_dagrun for dataset_consumes_1_and_2 to None, run_after=None
[2025-10-04T19:15:54.167+0000] {logging_mixin.py:149} INFO - [2025-10-04T19:15:54.167+0000] {dag.py:3490} INFO - Setting next_dagrun for dataset_consumes_1_never_scheduled to None, run_after=None
[2025-10-04T19:15:54.169+0000] {logging_mixin.py:149} INFO - [2025-10-04T19:15:54.169+0000] {dag.py:3490} INFO - Setting next_dagrun for dataset_consumes_unknown_never_scheduled to None, run_after=None
[2025-10-04T19:15:54.176+0000] {logging_mixin.py:149} INFO - [2025-10-04T19:15:54.176+0000] {dag.py:3490} INFO - Setting next_dagrun for dataset_produces_1 to 2025-10-03T00:00:00+00:00, run_after=2025-10-04T00:00:00+00:00
[2025-10-04T19:15:54.178+0000] {logging_mixin.py:149} INFO - [2025-10-04T19:15:54.178+0000] {dag.py:3490} INFO - Setting next_dagrun for dataset_produces_2 to None, run_after=None
[2025-10-04T19:15:54.300+0000] {processor.py:179} INFO - Processing /home/airflow/.local/lib/python3.7/site-packages/airflow/example_dags/example_datasets.py took 1.135 seconds
[2025-10-04T19:16:24.974+0000] {processor.py:157} INFO - Started process (PID=131) to work on /home/airflow/.local/lib/python3.7/site-packages/airflow/example_dags/example_datasets.py
[2025-10-04T19:16:24.977+0000] {processor.py:826} INFO - Processing file /home/airflow/.local/lib/python3.7/site-packages/airflow/example_dags/example_datasets.py for tasks to queue
[2025-10-04T19:16:24.979+0000] {logging_mixin.py:149} INFO - [2025-10-04T19:16:24.979+0000] {dagbag.py:541} INFO - Filling up the DagBag from /home/airflow/.local/lib/python3.7/site-packages/airflow/example_dags/example_datasets.py
[2025-10-04T19:16:25.004+0000] {processor.py:836} INFO - DAG(s) dict_keys(['dataset_consumes_1', 'dataset_produces_2', 'dataset_consumes_1_never_scheduled', 'dataset_produces_1', 'dataset_consumes_unknown_never_scheduled', 'dataset_consumes_1_and_2']) retrieved from /home/airflow/.local/lib/python3.7/site-packages/airflow/example_dags/example_datasets.py
[2025-10-04T19:16:25.100+0000] {logging_mixin.py:149} INFO - [2025-10-04T19:16:25.100+0000] {dag.py:2726} INFO - Sync 6 DAGs
[2025-10-04T19:16:25.165+0000] {logging_mixin.py:149} INFO - [2025-10-04T19:16:25.165+0000] {dag.py:3490} INFO - Setting next_dagrun for dataset_consumes_1 to None, run_after=None
[2025-10-04T19:16:25.173+0000] {logging_mixin.py:149} INFO - [2025-10-04T19:16:25.173+0000] {dag.py:3490} INFO - Setting next_dagrun for dataset_consumes_1_and_2 to None, run_after=None
[2025-10-04T19:16:25.176+0000] {logging_mixin.py:149} INFO - [2025-10-04T19:16:25.176+0000] {dag.py:3490} INFO - Setting next_dagrun for dataset_consumes_1_never_scheduled to None, run_after=None
[2025-10-04T19:16:25.179+0000] {logging_mixin.py:149} INFO - [2025-10-04T19:16:25.179+0000] {dag.py:3490} INFO - Setting next_dagrun for dataset_consumes_unknown_never_scheduled to None, run_after=None
[2025-10-04T19:16:25.187+0000] {logging_mixin.py:149} INFO - [2025-10-04T19:16:25.187+0000] {dag.py:3490} INFO - Setting next_dagrun for dataset_produces_1 to 2025-10-03T00:00:00+00:00, run_after=2025-10-04T00:00:00+00:00
[2025-10-04T19:16:25.190+0000] {logging_mixin.py:149} INFO - [2025-10-04T19:16:25.190+0000] {dag.py:3490} INFO - Setting next_dagrun for dataset_produces_2 to None, run_after=None
[2025-10-04T19:16:25.270+0000] {processor.py:179} INFO - Processing /home/airflow/.local/lib/python3.7/site-packages/airflow/example_dags/example_datasets.py took 0.305 seconds
[2025-10-04T19:16:55.430+0000] {processor.py:157} INFO - Started process (PID=192) to work on /home/airflow/.local/lib/python3.7/site-packages/airflow/example_dags/example_datasets.py
[2025-10-04T19:16:55.433+0000] {processor.py:826} INFO - Processing file /home/airflow/.local/lib/python3.7/site-packages/airflow/example_dags/example_datasets.py for tasks to queue
[2025-10-04T19:16:55.435+0000] {logging_mixin.py:149} INFO - [2025-10-04T19:16:55.434+0000] {dagbag.py:541} INFO - Filling up the DagBag from /home/airflow/.local/lib/python3.7/site-packages/airflow/example_dags/example_datasets.py
[2025-10-04T19:16:55.453+0000] {processor.py:836} INFO - DAG(s) dict_keys(['dataset_consumes_1_never_scheduled', 'dataset_consumes_1_and_2', 'dataset_produces_2', 'dataset_consumes_1', 'dataset_consumes_unknown_never_scheduled', 'dataset_produces_1']) retrieved from /home/airflow/.local/lib/python3.7/site-packages/airflow/example_dags/example_datasets.py
[2025-10-04T19:16:55.541+0000] {logging_mixin.py:149} INFO - [2025-10-04T19:16:55.541+0000] {dag.py:2726} INFO - Sync 6 DAGs
[2025-10-04T19:16:55.599+0000] {logging_mixin.py:149} INFO - [2025-10-04T19:16:55.598+0000] {dag.py:3490} INFO - Setting next_dagrun for dataset_consumes_1 to None, run_after=None
[2025-10-04T19:16:55.608+0000] {logging_mixin.py:149} INFO - [2025-10-04T19:16:55.607+0000] {dag.py:3490} INFO - Setting next_dagrun for dataset_consumes_1_and_2 to None, run_after=None
[2025-10-04T19:16:55.611+0000] {logging_mixin.py:149} INFO - [2025-10-04T19:16:55.611+0000] {dag.py:3490} INFO - Setting next_dagrun for dataset_consumes_1_never_scheduled to None, run_after=None
[2025-10-04T19:16:55.615+0000] {logging_mixin.py:149} INFO - [2025-10-04T19:16:55.615+0000] {dag.py:3490} INFO - Setting next_dagrun for dataset_consumes_unknown_never_scheduled to None, run_after=None
[2025-10-04T19:16:55.621+0000] {logging_mixin.py:149} INFO - [2025-10-04T19:16:55.621+0000] {dag.py:3490} INFO - Setting next_dagrun for dataset_produces_1 to 2025-10-03T00:00:00+00:00, run_after=2025-10-04T00:00:00+00:00
[2025-10-04T19:16:55.625+0000] {logging_mixin.py:149} INFO - [2025-10-04T19:16:55.625+0000] {dag.py:3490} INFO - Setting next_dagrun for dataset_produces_2 to None, run_after=None
[2025-10-04T19:16:55.692+0000] {processor.py:179} INFO - Processing /home/airflow/.local/lib/python3.7/site-packages/airflow/example_dags/example_datasets.py took 0.268 seconds
[2025-10-04T19:17:25.799+0000] {processor.py:157} INFO - Started process (PID=253) to work on /home/airflow/.local/lib/python3.7/site-packages/airflow/example_dags/example_datasets.py
[2025-10-04T19:17:25.801+0000] {processor.py:826} INFO - Processing file /home/airflow/.local/lib/python3.7/site-packages/airflow/example_dags/example_datasets.py for tasks to queue
[2025-10-04T19:17:25.804+0000] {logging_mixin.py:149} INFO - [2025-10-04T19:17:25.803+0000] {dagbag.py:541} INFO - Filling up the DagBag from /home/airflow/.local/lib/python3.7/site-packages/airflow/example_dags/example_datasets.py
[2025-10-04T19:17:25.829+0000] {processor.py:836} INFO - DAG(s) dict_keys(['dataset_produces_1', 'dataset_produces_2', 'dataset_consumes_1', 'dataset_consumes_1_and_2', 'dataset_consumes_1_never_scheduled', 'dataset_consumes_unknown_never_scheduled']) retrieved from /home/airflow/.local/lib/python3.7/site-packages/airflow/example_dags/example_datasets.py
[2025-10-04T19:17:25.923+0000] {logging_mixin.py:149} INFO - [2025-10-04T19:17:25.923+0000] {dag.py:2726} INFO - Sync 6 DAGs
[2025-10-04T19:17:25.979+0000] {logging_mixin.py:149} INFO - [2025-10-04T19:17:25.979+0000] {dag.py:3490} INFO - Setting next_dagrun for dataset_consumes_1 to None, run_after=None
[2025-10-04T19:17:25.986+0000] {logging_mixin.py:149} INFO - [2025-10-04T19:17:25.986+0000] {dag.py:3490} INFO - Setting next_dagrun for dataset_consumes_1_and_2 to None, run_after=None
[2025-10-04T19:17:25.989+0000] {logging_mixin.py:149} INFO - [2025-10-04T19:17:25.989+0000] {dag.py:3490} INFO - Setting next_dagrun for dataset_consumes_1_never_scheduled to None, run_after=None
[2025-10-04T19:17:25.993+0000] {logging_mixin.py:149} INFO - [2025-10-04T19:17:25.992+0000] {dag.py:3490} INFO - Setting next_dagrun for dataset_consumes_unknown_never_scheduled to None, run_after=None
[2025-10-04T19:17:25.999+0000] {logging_mixin.py:149} INFO - [2025-10-04T19:17:25.998+0000] {dag.py:3490} INFO - Setting next_dagrun for dataset_produces_1 to 2025-10-03T00:00:00+00:00, run_after=2025-10-04T00:00:00+00:00
[2025-10-04T19:17:26.002+0000] {logging_mixin.py:149} INFO - [2025-10-04T19:17:26.002+0000] {dag.py:3490} INFO - Setting next_dagrun for dataset_produces_2 to None, run_after=None
[2025-10-04T19:17:26.074+0000] {processor.py:179} INFO - Processing /home/airflow/.local/lib/python3.7/site-packages/airflow/example_dags/example_datasets.py took 0.283 seconds
[2025-10-04T19:17:56.854+0000] {processor.py:157} INFO - Started process (PID=314) to work on /home/airflow/.local/lib/python3.7/site-packages/airflow/example_dags/example_datasets.py
[2025-10-04T19:17:56.856+0000] {processor.py:826} INFO - Processing file /home/airflow/.local/lib/python3.7/site-packages/airflow/example_dags/example_datasets.py for tasks to queue
[2025-10-04T19:17:56.858+0000] {logging_mixin.py:149} INFO - [2025-10-04T19:17:56.858+0000] {dagbag.py:541} INFO - Filling up the DagBag from /home/airflow/.local/lib/python3.7/site-packages/airflow/example_dags/example_datasets.py
[2025-10-04T19:17:56.874+0000] {processor.py:836} INFO - DAG(s) dict_keys(['dataset_produces_1', 'dataset_consumes_1', 'dataset_consumes_1_never_scheduled', 'dataset_produces_2', 'dataset_consumes_1_and_2', 'dataset_consumes_unknown_never_scheduled']) retrieved from /home/airflow/.local/lib/python3.7/site-packages/airflow/example_dags/example_datasets.py
[2025-10-04T19:17:56.941+0000] {logging_mixin.py:149} INFO - [2025-10-04T19:17:56.940+0000] {dag.py:2726} INFO - Sync 6 DAGs
[2025-10-04T19:17:56.985+0000] {logging_mixin.py:149} INFO - [2025-10-04T19:17:56.984+0000] {dag.py:3490} INFO - Setting next_dagrun for dataset_consumes_1 to None, run_after=None
[2025-10-04T19:17:56.993+0000] {logging_mixin.py:149} INFO - [2025-10-04T19:17:56.992+0000] {dag.py:3490} INFO - Setting next_dagrun for dataset_consumes_1_and_2 to None, run_after=None
[2025-10-04T19:17:56.996+0000] {logging_mixin.py:149} INFO - [2025-10-04T19:17:56.996+0000] {dag.py:3490} INFO - Setting next_dagrun for dataset_consumes_1_never_scheduled to None, run_after=None
[2025-10-04T19:17:56.999+0000] {logging_mixin.py:149} INFO - [2025-10-04T19:17:56.999+0000] {dag.py:3490} INFO - Setting next_dagrun for dataset_consumes_unknown_never_scheduled to None, run_after=None
[2025-10-04T19:17:57.004+0000] {logging_mixin.py:149} INFO - [2025-10-04T19:17:57.004+0000] {dag.py:3490} INFO - Setting next_dagrun for dataset_produces_1 to 2025-10-03T00:00:00+00:00, run_after=2025-10-04T00:00:00+00:00
[2025-10-04T19:17:57.008+0000] {logging_mixin.py:149} INFO - [2025-10-04T19:17:57.008+0000] {dag.py:3490} INFO - Setting next_dagrun for dataset_produces_2 to None, run_after=None
[2025-10-04T19:17:57.072+0000] {processor.py:179} INFO - Processing /home/airflow/.local/lib/python3.7/site-packages/airflow/example_dags/example_datasets.py took 0.223 seconds
[2025-10-04T19:18:27.415+0000] {processor.py:157} INFO - Started process (PID=375) to work on /home/airflow/.local/lib/python3.7/site-packages/airflow/example_dags/example_datasets.py
[2025-10-04T19:18:27.417+0000] {processor.py:826} INFO - Processing file /home/airflow/.local/lib/python3.7/site-packages/airflow/example_dags/example_datasets.py for tasks to queue
[2025-10-04T19:18:27.419+0000] {logging_mixin.py:149} INFO - [2025-10-04T19:18:27.419+0000] {dagbag.py:541} INFO - Filling up the DagBag from /home/airflow/.local/lib/python3.7/site-packages/airflow/example_dags/example_datasets.py
[2025-10-04T19:18:27.435+0000] {processor.py:836} INFO - DAG(s) dict_keys(['dataset_produces_2', 'dataset_consumes_1_and_2', 'dataset_consumes_unknown_never_scheduled', 'dataset_produces_1', 'dataset_consumes_1_never_scheduled', 'dataset_consumes_1']) retrieved from /home/airflow/.local/lib/python3.7/site-packages/airflow/example_dags/example_datasets.py
[2025-10-04T19:18:27.511+0000] {logging_mixin.py:149} INFO - [2025-10-04T19:18:27.511+0000] {dag.py:2726} INFO - Sync 6 DAGs
[2025-10-04T19:18:27.559+0000] {logging_mixin.py:149} INFO - [2025-10-04T19:18:27.558+0000] {dag.py:3490} INFO - Setting next_dagrun for dataset_consumes_1 to None, run_after=None
[2025-10-04T19:18:27.566+0000] {logging_mixin.py:149} INFO - [2025-10-04T19:18:27.566+0000] {dag.py:3490} INFO - Setting next_dagrun for dataset_consumes_1_and_2 to None, run_after=None
[2025-10-04T19:18:27.570+0000] {logging_mixin.py:149} INFO - [2025-10-04T19:18:27.569+0000] {dag.py:3490} INFO - Setting next_dagrun for dataset_consumes_1_never_scheduled to None, run_after=None
[2025-10-04T19:18:27.573+0000] {logging_mixin.py:149} INFO - [2025-10-04T19:18:27.572+0000] {dag.py:3490} INFO - Setting next_dagrun for dataset_consumes_unknown_never_scheduled to None, run_after=None
[2025-10-04T19:18:27.578+0000] {logging_mixin.py:149} INFO - [2025-10-04T19:18:27.578+0000] {dag.py:3490} INFO - Setting next_dagrun for dataset_produces_1 to 2025-10-03T00:00:00+00:00, run_after=2025-10-04T00:00:00+00:00
[2025-10-04T19:18:27.582+0000] {logging_mixin.py:149} INFO - [2025-10-04T19:18:27.581+0000] {dag.py:3490} INFO - Setting next_dagrun for dataset_produces_2 to None, run_after=None
[2025-10-04T19:18:27.661+0000] {processor.py:179} INFO - Processing /home/airflow/.local/lib/python3.7/site-packages/airflow/example_dags/example_datasets.py took 0.254 seconds
[2025-10-04T19:18:58.100+0000] {processor.py:157} INFO - Started process (PID=436) to work on /home/airflow/.local/lib/python3.7/site-packages/airflow/example_dags/example_datasets.py
[2025-10-04T19:18:58.103+0000] {processor.py:826} INFO - Processing file /home/airflow/.local/lib/python3.7/site-packages/airflow/example_dags/example_datasets.py for tasks to queue
[2025-10-04T19:18:58.105+0000] {logging_mixin.py:149} INFO - [2025-10-04T19:18:58.105+0000] {dagbag.py:541} INFO - Filling up the DagBag from /home/airflow/.local/lib/python3.7/site-packages/airflow/example_dags/example_datasets.py
[2025-10-04T19:18:58.136+0000] {processor.py:836} INFO - DAG(s) dict_keys(['dataset_produces_2', 'dataset_consumes_1_never_scheduled', 'dataset_consumes_unknown_never_scheduled', 'dataset_consumes_1_and_2', 'dataset_produces_1', 'dataset_consumes_1']) retrieved from /home/airflow/.local/lib/python3.7/site-packages/airflow/example_dags/example_datasets.py
[2025-10-04T19:18:58.245+0000] {logging_mixin.py:149} INFO - [2025-10-04T19:18:58.245+0000] {dag.py:2726} INFO - Sync 6 DAGs
[2025-10-04T19:18:58.297+0000] {logging_mixin.py:149} INFO - [2025-10-04T19:18:58.297+0000] {dag.py:3490} INFO - Setting next_dagrun for dataset_consumes_1 to None, run_after=None
[2025-10-04T19:18:58.306+0000] {logging_mixin.py:149} INFO - [2025-10-04T19:18:58.306+0000] {dag.py:3490} INFO - Setting next_dagrun for dataset_consumes_1_and_2 to None, run_after=None
[2025-10-04T19:18:58.309+0000] {logging_mixin.py:149} INFO - [2025-10-04T19:18:58.309+0000] {dag.py:3490} INFO - Setting next_dagrun for dataset_consumes_1_never_scheduled to None, run_after=None
[2025-10-04T19:18:58.314+0000] {logging_mixin.py:149} INFO - [2025-10-04T19:18:58.314+0000] {dag.py:3490} INFO - Setting next_dagrun for dataset_consumes_unknown_never_scheduled to None, run_after=None
[2025-10-04T19:18:58.323+0000] {logging_mixin.py:149} INFO - [2025-10-04T19:18:58.323+0000] {dag.py:3490} INFO - Setting next_dagrun for dataset_produces_1 to 2025-10-03T00:00:00+00:00, run_after=2025-10-04T00:00:00+00:00
[2025-10-04T19:18:58.327+0000] {logging_mixin.py:149} INFO - [2025-10-04T19:18:58.326+0000] {dag.py:3490} INFO - Setting next_dagrun for dataset_produces_2 to None, run_after=None
[2025-10-04T19:18:58.411+0000] {processor.py:179} INFO - Processing /home/airflow/.local/lib/python3.7/site-packages/airflow/example_dags/example_datasets.py took 0.320 seconds
[2025-10-04T19:19:28.488+0000] {processor.py:157} INFO - Started process (PID=498) to work on /home/airflow/.local/lib/python3.7/site-packages/airflow/example_dags/example_datasets.py
[2025-10-04T19:19:28.491+0000] {processor.py:826} INFO - Processing file /home/airflow/.local/lib/python3.7/site-packages/airflow/example_dags/example_datasets.py for tasks to queue
[2025-10-04T19:19:28.493+0000] {logging_mixin.py:149} INFO - [2025-10-04T19:19:28.492+0000] {dagbag.py:541} INFO - Filling up the DagBag from /home/airflow/.local/lib/python3.7/site-packages/airflow/example_dags/example_datasets.py
[2025-10-04T19:19:28.523+0000] {processor.py:836} INFO - DAG(s) dict_keys(['dataset_consumes_1', 'dataset_consumes_1_never_scheduled', 'dataset_produces_1', 'dataset_consumes_1_and_2', 'dataset_produces_2', 'dataset_consumes_unknown_never_scheduled']) retrieved from /home/airflow/.local/lib/python3.7/site-packages/airflow/example_dags/example_datasets.py
[2025-10-04T19:19:28.641+0000] {logging_mixin.py:149} INFO - [2025-10-04T19:19:28.641+0000] {dag.py:2726} INFO - Sync 6 DAGs
[2025-10-04T19:19:28.714+0000] {logging_mixin.py:149} INFO - [2025-10-04T19:19:28.713+0000] {dag.py:3490} INFO - Setting next_dagrun for dataset_consumes_1 to None, run_after=None
[2025-10-04T19:19:28.722+0000] {logging_mixin.py:149} INFO - [2025-10-04T19:19:28.722+0000] {dag.py:3490} INFO - Setting next_dagrun for dataset_consumes_1_and_2 to None, run_after=None
[2025-10-04T19:19:28.727+0000] {logging_mixin.py:149} INFO - [2025-10-04T19:19:28.726+0000] {dag.py:3490} INFO - Setting next_dagrun for dataset_consumes_1_never_scheduled to None, run_after=None
[2025-10-04T19:19:28.731+0000] {logging_mixin.py:149} INFO - [2025-10-04T19:19:28.731+0000] {dag.py:3490} INFO - Setting next_dagrun for dataset_consumes_unknown_never_scheduled to None, run_after=None
[2025-10-04T19:19:28.741+0000] {logging_mixin.py:149} INFO - [2025-10-04T19:19:28.741+0000] {dag.py:3490} INFO - Setting next_dagrun for dataset_produces_1 to 2025-10-03T00:00:00+00:00, run_after=2025-10-04T00:00:00+00:00
[2025-10-04T19:19:28.745+0000] {logging_mixin.py:149} INFO - [2025-10-04T19:19:28.745+0000] {dag.py:3490} INFO - Setting next_dagrun for dataset_produces_2 to None, run_after=None
[2025-10-04T19:19:28.848+0000] {processor.py:179} INFO - Processing /home/airflow/.local/lib/python3.7/site-packages/airflow/example_dags/example_datasets.py took 0.368 seconds
[2025-10-04T19:19:59.629+0000] {processor.py:157} INFO - Started process (PID=559) to work on /home/airflow/.local/lib/python3.7/site-packages/airflow/example_dags/example_datasets.py
[2025-10-04T19:19:59.632+0000] {processor.py:826} INFO - Processing file /home/airflow/.local/lib/python3.7/site-packages/airflow/example_dags/example_datasets.py for tasks to queue
[2025-10-04T19:19:59.634+0000] {logging_mixin.py:149} INFO - [2025-10-04T19:19:59.634+0000] {dagbag.py:541} INFO - Filling up the DagBag from /home/airflow/.local/lib/python3.7/site-packages/airflow/example_dags/example_datasets.py
[2025-10-04T19:19:59.654+0000] {processor.py:836} INFO - DAG(s) dict_keys(['dataset_produces_2', 'dataset_consumes_1', 'dataset_consumes_1_and_2', 'dataset_consumes_unknown_never_scheduled', 'dataset_produces_1', 'dataset_consumes_1_never_scheduled']) retrieved from /home/airflow/.local/lib/python3.7/site-packages/airflow/example_dags/example_datasets.py
[2025-10-04T19:19:59.751+0000] {logging_mixin.py:149} INFO - [2025-10-04T19:19:59.751+0000] {dag.py:2726} INFO - Sync 6 DAGs
[2025-10-04T19:19:59.814+0000] {logging_mixin.py:149} INFO - [2025-10-04T19:19:59.813+0000] {dag.py:3490} INFO - Setting next_dagrun for dataset_consumes_1 to None, run_after=None
[2025-10-04T19:19:59.823+0000] {logging_mixin.py:149} INFO - [2025-10-04T19:19:59.822+0000] {dag.py:3490} INFO - Setting next_dagrun for dataset_consumes_1_and_2 to None, run_after=None
[2025-10-04T19:19:59.826+0000] {logging_mixin.py:149} INFO - [2025-10-04T19:19:59.826+0000] {dag.py:3490} INFO - Setting next_dagrun for dataset_consumes_1_never_scheduled to None, run_after=None
[2025-10-04T19:19:59.830+0000] {logging_mixin.py:149} INFO - [2025-10-04T19:19:59.830+0000] {dag.py:3490} INFO - Setting next_dagrun for dataset_consumes_unknown_never_scheduled to None, run_after=None
[2025-10-04T19:19:59.838+0000] {logging_mixin.py:149} INFO - [2025-10-04T19:19:59.838+0000] {dag.py:3490} INFO - Setting next_dagrun for dataset_produces_1 to 2025-10-03T00:00:00+00:00, run_after=2025-10-04T00:00:00+00:00
[2025-10-04T19:19:59.842+0000] {logging_mixin.py:149} INFO - [2025-10-04T19:19:59.842+0000] {dag.py:3490} INFO - Setting next_dagrun for dataset_produces_2 to None, run_after=None
[2025-10-04T19:19:59.935+0000] {processor.py:179} INFO - Processing /home/airflow/.local/lib/python3.7/site-packages/airflow/example_dags/example_datasets.py took 0.316 seconds
[2025-10-04T19:20:30.094+0000] {processor.py:157} INFO - Started process (PID=620) to work on /home/airflow/.local/lib/python3.7/site-packages/airflow/example_dags/example_datasets.py
[2025-10-04T19:20:30.098+0000] {processor.py:826} INFO - Processing file /home/airflow/.local/lib/python3.7/site-packages/airflow/example_dags/example_datasets.py for tasks to queue
[2025-10-04T19:20:30.100+0000] {logging_mixin.py:149} INFO - [2025-10-04T19:20:30.100+0000] {dagbag.py:541} INFO - Filling up the DagBag from /home/airflow/.local/lib/python3.7/site-packages/airflow/example_dags/example_datasets.py
[2025-10-04T19:20:30.126+0000] {processor.py:836} INFO - DAG(s) dict_keys(['dataset_consumes_1_and_2', 'dataset_consumes_1', 'dataset_produces_1', 'dataset_produces_2', 'dataset_consumes_unknown_never_scheduled', 'dataset_consumes_1_never_scheduled']) retrieved from /home/airflow/.local/lib/python3.7/site-packages/airflow/example_dags/example_datasets.py
[2025-10-04T19:20:30.255+0000] {logging_mixin.py:149} INFO - [2025-10-04T19:20:30.254+0000] {dag.py:2726} INFO - Sync 6 DAGs
[2025-10-04T19:20:30.347+0000] {logging_mixin.py:149} INFO - [2025-10-04T19:20:30.347+0000] {dag.py:3490} INFO - Setting next_dagrun for dataset_consumes_1 to None, run_after=None
[2025-10-04T19:20:30.358+0000] {logging_mixin.py:149} INFO - [2025-10-04T19:20:30.357+0000] {dag.py:3490} INFO - Setting next_dagrun for dataset_consumes_1_and_2 to None, run_after=None
[2025-10-04T19:20:30.362+0000] {logging_mixin.py:149} INFO - [2025-10-04T19:20:30.362+0000] {dag.py:3490} INFO - Setting next_dagrun for dataset_consumes_1_never_scheduled to None, run_after=None
[2025-10-04T19:20:30.366+0000] {logging_mixin.py:149} INFO - [2025-10-04T19:20:30.365+0000] {dag.py:3490} INFO - Setting next_dagrun for dataset_consumes_unknown_never_scheduled to None, run_after=None
[2025-10-04T19:20:30.374+0000] {logging_mixin.py:149} INFO - [2025-10-04T19:20:30.373+0000] {dag.py:3490} INFO - Setting next_dagrun for dataset_produces_1 to 2025-10-03T00:00:00+00:00, run_after=2025-10-04T00:00:00+00:00
[2025-10-04T19:20:30.378+0000] {logging_mixin.py:149} INFO - [2025-10-04T19:20:30.377+0000] {dag.py:3490} INFO - Setting next_dagrun for dataset_produces_2 to None, run_after=None
[2025-10-04T19:20:30.465+0000] {processor.py:179} INFO - Processing /home/airflow/.local/lib/python3.7/site-packages/airflow/example_dags/example_datasets.py took 0.383 seconds
[2025-10-04T19:21:00.894+0000] {processor.py:157} INFO - Started process (PID=681) to work on /home/airflow/.local/lib/python3.7/site-packages/airflow/example_dags/example_datasets.py
[2025-10-04T19:21:00.897+0000] {processor.py:826} INFO - Processing file /home/airflow/.local/lib/python3.7/site-packages/airflow/example_dags/example_datasets.py for tasks to queue
[2025-10-04T19:21:00.899+0000] {logging_mixin.py:149} INFO - [2025-10-04T19:21:00.899+0000] {dagbag.py:541} INFO - Filling up the DagBag from /home/airflow/.local/lib/python3.7/site-packages/airflow/example_dags/example_datasets.py
[2025-10-04T19:21:00.920+0000] {processor.py:836} INFO - DAG(s) dict_keys(['dataset_produces_1', 'dataset_consumes_1_and_2', 'dataset_consumes_unknown_never_scheduled', 'dataset_consumes_1', 'dataset_produces_2', 'dataset_consumes_1_never_scheduled']) retrieved from /home/airflow/.local/lib/python3.7/site-packages/airflow/example_dags/example_datasets.py
[2025-10-04T19:21:01.011+0000] {logging_mixin.py:149} INFO - [2025-10-04T19:21:01.010+0000] {dag.py:2726} INFO - Sync 6 DAGs
[2025-10-04T19:21:01.082+0000] {logging_mixin.py:149} INFO - [2025-10-04T19:21:01.081+0000] {dag.py:3490} INFO - Setting next_dagrun for dataset_consumes_1 to None, run_after=None
[2025-10-04T19:21:01.090+0000] {logging_mixin.py:149} INFO - [2025-10-04T19:21:01.089+0000] {dag.py:3490} INFO - Setting next_dagrun for dataset_consumes_1_and_2 to None, run_after=None
[2025-10-04T19:21:01.093+0000] {logging_mixin.py:149} INFO - [2025-10-04T19:21:01.093+0000] {dag.py:3490} INFO - Setting next_dagrun for dataset_consumes_1_never_scheduled to None, run_after=None
[2025-10-04T19:21:01.102+0000] {logging_mixin.py:149} INFO - [2025-10-04T19:21:01.101+0000] {dag.py:3490} INFO - Setting next_dagrun for dataset_consumes_unknown_never_scheduled to None, run_after=None
[2025-10-04T19:21:01.107+0000] {logging_mixin.py:149} INFO - [2025-10-04T19:21:01.107+0000] {dag.py:3490} INFO - Setting next_dagrun for dataset_produces_1 to 2025-10-03T00:00:00+00:00, run_after=2025-10-04T00:00:00+00:00
[2025-10-04T19:21:01.110+0000] {logging_mixin.py:149} INFO - [2025-10-04T19:21:01.110+0000] {dag.py:3490} INFO - Setting next_dagrun for dataset_produces_2 to None, run_after=None
[2025-10-04T19:21:01.188+0000] {processor.py:179} INFO - Processing /home/airflow/.local/lib/python3.7/site-packages/airflow/example_dags/example_datasets.py took 0.303 seconds
[2025-10-04T19:21:31.730+0000] {processor.py:157} INFO - Started process (PID=742) to work on /home/airflow/.local/lib/python3.7/site-packages/airflow/example_dags/example_datasets.py
[2025-10-04T19:21:31.733+0000] {processor.py:826} INFO - Processing file /home/airflow/.local/lib/python3.7/site-packages/airflow/example_dags/example_datasets.py for tasks to queue
[2025-10-04T19:21:31.734+0000] {logging_mixin.py:149} INFO - [2025-10-04T19:21:31.734+0000] {dagbag.py:541} INFO - Filling up the DagBag from /home/airflow/.local/lib/python3.7/site-packages/airflow/example_dags/example_datasets.py
[2025-10-04T19:21:31.749+0000] {processor.py:836} INFO - DAG(s) dict_keys(['dataset_consumes_1_and_2', 'dataset_consumes_1_never_scheduled', 'dataset_consumes_unknown_never_scheduled', 'dataset_consumes_1', 'dataset_produces_1', 'dataset_produces_2']) retrieved from /home/airflow/.local/lib/python3.7/site-packages/airflow/example_dags/example_datasets.py
[2025-10-04T19:21:31.822+0000] {logging_mixin.py:149} INFO - [2025-10-04T19:21:31.822+0000] {dag.py:2726} INFO - Sync 6 DAGs
[2025-10-04T19:21:31.875+0000] {logging_mixin.py:149} INFO - [2025-10-04T19:21:31.875+0000] {dag.py:3490} INFO - Setting next_dagrun for dataset_consumes_1 to None, run_after=None
[2025-10-04T19:21:31.883+0000] {logging_mixin.py:149} INFO - [2025-10-04T19:21:31.882+0000] {dag.py:3490} INFO - Setting next_dagrun for dataset_consumes_1_and_2 to None, run_after=None
[2025-10-04T19:21:31.886+0000] {logging_mixin.py:149} INFO - [2025-10-04T19:21:31.886+0000] {dag.py:3490} INFO - Setting next_dagrun for dataset_consumes_1_never_scheduled to None, run_after=None
[2025-10-04T19:21:31.889+0000] {logging_mixin.py:149} INFO - [2025-10-04T19:21:31.889+0000] {dag.py:3490} INFO - Setting next_dagrun for dataset_consumes_unknown_never_scheduled to None, run_after=None
[2025-10-04T19:21:31.896+0000] {logging_mixin.py:149} INFO - [2025-10-04T19:21:31.896+0000] {dag.py:3490} INFO - Setting next_dagrun for dataset_produces_1 to 2025-10-03T00:00:00+00:00, run_after=2025-10-04T00:00:00+00:00
[2025-10-04T19:21:31.899+0000] {logging_mixin.py:149} INFO - [2025-10-04T19:21:31.899+0000] {dag.py:3490} INFO - Setting next_dagrun for dataset_produces_2 to None, run_after=None
[2025-10-04T19:21:31.980+0000] {processor.py:179} INFO - Processing /home/airflow/.local/lib/python3.7/site-packages/airflow/example_dags/example_datasets.py took 0.255 seconds
[2025-10-04T19:22:02.606+0000] {processor.py:157} INFO - Started process (PID=803) to work on /home/airflow/.local/lib/python3.7/site-packages/airflow/example_dags/example_datasets.py
[2025-10-04T19:22:02.608+0000] {processor.py:826} INFO - Processing file /home/airflow/.local/lib/python3.7/site-packages/airflow/example_dags/example_datasets.py for tasks to queue
[2025-10-04T19:22:02.610+0000] {logging_mixin.py:149} INFO - [2025-10-04T19:22:02.609+0000] {dagbag.py:541} INFO - Filling up the DagBag from /home/airflow/.local/lib/python3.7/site-packages/airflow/example_dags/example_datasets.py
[2025-10-04T19:22:02.626+0000] {processor.py:836} INFO - DAG(s) dict_keys(['dataset_consumes_unknown_never_scheduled', 'dataset_produces_1', 'dataset_consumes_1_and_2', 'dataset_consumes_1_never_scheduled', 'dataset_consumes_1', 'dataset_produces_2']) retrieved from /home/airflow/.local/lib/python3.7/site-packages/airflow/example_dags/example_datasets.py
[2025-10-04T19:22:02.705+0000] {logging_mixin.py:149} INFO - [2025-10-04T19:22:02.704+0000] {dag.py:2726} INFO - Sync 6 DAGs
[2025-10-04T19:22:02.760+0000] {logging_mixin.py:149} INFO - [2025-10-04T19:22:02.760+0000] {dag.py:3490} INFO - Setting next_dagrun for dataset_consumes_1 to None, run_after=None
[2025-10-04T19:22:02.767+0000] {logging_mixin.py:149} INFO - [2025-10-04T19:22:02.767+0000] {dag.py:3490} INFO - Setting next_dagrun for dataset_consumes_1_and_2 to None, run_after=None
[2025-10-04T19:22:02.771+0000] {logging_mixin.py:149} INFO - [2025-10-04T19:22:02.771+0000] {dag.py:3490} INFO - Setting next_dagrun for dataset_consumes_1_never_scheduled to None, run_after=None
[2025-10-04T19:22:02.775+0000] {logging_mixin.py:149} INFO - [2025-10-04T19:22:02.774+0000] {dag.py:3490} INFO - Setting next_dagrun for dataset_consumes_unknown_never_scheduled to None, run_after=None
[2025-10-04T19:22:02.783+0000] {logging_mixin.py:149} INFO - [2025-10-04T19:22:02.783+0000] {dag.py:3490} INFO - Setting next_dagrun for dataset_produces_1 to 2025-10-03T00:00:00+00:00, run_after=2025-10-04T00:00:00+00:00
[2025-10-04T19:22:02.788+0000] {logging_mixin.py:149} INFO - [2025-10-04T19:22:02.788+0000] {dag.py:3490} INFO - Setting next_dagrun for dataset_produces_2 to None, run_after=None
[2025-10-04T19:22:02.911+0000] {processor.py:179} INFO - Processing /home/airflow/.local/lib/python3.7/site-packages/airflow/example_dags/example_datasets.py took 0.311 seconds
[2025-10-04T19:22:33.212+0000] {processor.py:157} INFO - Started process (PID=864) to work on /home/airflow/.local/lib/python3.7/site-packages/airflow/example_dags/example_datasets.py
[2025-10-04T19:22:33.214+0000] {processor.py:826} INFO - Processing file /home/airflow/.local/lib/python3.7/site-packages/airflow/example_dags/example_datasets.py for tasks to queue
[2025-10-04T19:22:33.216+0000] {logging_mixin.py:149} INFO - [2025-10-04T19:22:33.216+0000] {dagbag.py:541} INFO - Filling up the DagBag from /home/airflow/.local/lib/python3.7/site-packages/airflow/example_dags/example_datasets.py
[2025-10-04T19:22:33.237+0000] {processor.py:836} INFO - DAG(s) dict_keys(['dataset_produces_2', 'dataset_consumes_unknown_never_scheduled', 'dataset_produces_1', 'dataset_consumes_1', 'dataset_consumes_1_never_scheduled', 'dataset_consumes_1_and_2']) retrieved from /home/airflow/.local/lib/python3.7/site-packages/airflow/example_dags/example_datasets.py
[2025-10-04T19:22:33.306+0000] {logging_mixin.py:149} INFO - [2025-10-04T19:22:33.306+0000] {dag.py:2726} INFO - Sync 6 DAGs
[2025-10-04T19:22:33.353+0000] {logging_mixin.py:149} INFO - [2025-10-04T19:22:33.353+0000] {dag.py:3490} INFO - Setting next_dagrun for dataset_consumes_1 to None, run_after=None
[2025-10-04T19:22:33.361+0000] {logging_mixin.py:149} INFO - [2025-10-04T19:22:33.361+0000] {dag.py:3490} INFO - Setting next_dagrun for dataset_consumes_1_and_2 to None, run_after=None
[2025-10-04T19:22:33.365+0000] {logging_mixin.py:149} INFO - [2025-10-04T19:22:33.364+0000] {dag.py:3490} INFO - Setting next_dagrun for dataset_consumes_1_never_scheduled to None, run_after=None
[2025-10-04T19:22:33.368+0000] {logging_mixin.py:149} INFO - [2025-10-04T19:22:33.368+0000] {dag.py:3490} INFO - Setting next_dagrun for dataset_consumes_unknown_never_scheduled to None, run_after=None
[2025-10-04T19:22:33.373+0000] {logging_mixin.py:149} INFO - [2025-10-04T19:22:33.373+0000] {dag.py:3490} INFO - Setting next_dagrun for dataset_produces_1 to 2025-10-03T00:00:00+00:00, run_after=2025-10-04T00:00:00+00:00
[2025-10-04T19:22:33.376+0000] {logging_mixin.py:149} INFO - [2025-10-04T19:22:33.375+0000] {dag.py:3490} INFO - Setting next_dagrun for dataset_produces_2 to None, run_after=None
[2025-10-04T19:22:33.440+0000] {processor.py:179} INFO - Processing /home/airflow/.local/lib/python3.7/site-packages/airflow/example_dags/example_datasets.py took 0.233 seconds
[2025-10-04T19:23:03.504+0000] {processor.py:157} INFO - Started process (PID=925) to work on /home/airflow/.local/lib/python3.7/site-packages/airflow/example_dags/example_datasets.py
[2025-10-04T19:23:03.506+0000] {processor.py:826} INFO - Processing file /home/airflow/.local/lib/python3.7/site-packages/airflow/example_dags/example_datasets.py for tasks to queue
[2025-10-04T19:23:03.507+0000] {logging_mixin.py:149} INFO - [2025-10-04T19:23:03.507+0000] {dagbag.py:541} INFO - Filling up the DagBag from /home/airflow/.local/lib/python3.7/site-packages/airflow/example_dags/example_datasets.py
[2025-10-04T19:23:03.520+0000] {processor.py:836} INFO - DAG(s) dict_keys(['dataset_consumes_unknown_never_scheduled', 'dataset_consumes_1_and_2', 'dataset_produces_2', 'dataset_consumes_1_never_scheduled', 'dataset_consumes_1', 'dataset_produces_1']) retrieved from /home/airflow/.local/lib/python3.7/site-packages/airflow/example_dags/example_datasets.py
[2025-10-04T19:23:03.593+0000] {logging_mixin.py:149} INFO - [2025-10-04T19:23:03.593+0000] {dag.py:2726} INFO - Sync 6 DAGs
[2025-10-04T19:23:03.639+0000] {logging_mixin.py:149} INFO - [2025-10-04T19:23:03.638+0000] {dag.py:3490} INFO - Setting next_dagrun for dataset_consumes_1 to None, run_after=None
[2025-10-04T19:23:03.645+0000] {logging_mixin.py:149} INFO - [2025-10-04T19:23:03.645+0000] {dag.py:3490} INFO - Setting next_dagrun for dataset_consumes_1_and_2 to None, run_after=None
[2025-10-04T19:23:03.648+0000] {logging_mixin.py:149} INFO - [2025-10-04T19:23:03.648+0000] {dag.py:3490} INFO - Setting next_dagrun for dataset_consumes_1_never_scheduled to None, run_after=None
[2025-10-04T19:23:03.651+0000] {logging_mixin.py:149} INFO - [2025-10-04T19:23:03.650+0000] {dag.py:3490} INFO - Setting next_dagrun for dataset_consumes_unknown_never_scheduled to None, run_after=None
[2025-10-04T19:23:03.657+0000] {logging_mixin.py:149} INFO - [2025-10-04T19:23:03.656+0000] {dag.py:3490} INFO - Setting next_dagrun for dataset_produces_1 to 2025-10-03T00:00:00+00:00, run_after=2025-10-04T00:00:00+00:00
[2025-10-04T19:23:03.660+0000] {logging_mixin.py:149} INFO - [2025-10-04T19:23:03.660+0000] {dag.py:3490} INFO - Setting next_dagrun for dataset_produces_2 to None, run_after=None
[2025-10-04T19:23:03.726+0000] {processor.py:179} INFO - Processing /home/airflow/.local/lib/python3.7/site-packages/airflow/example_dags/example_datasets.py took 0.232 seconds
[2025-10-04T19:23:34.373+0000] {processor.py:157} INFO - Started process (PID=986) to work on /home/airflow/.local/lib/python3.7/site-packages/airflow/example_dags/example_datasets.py
[2025-10-04T19:23:34.375+0000] {processor.py:826} INFO - Processing file /home/airflow/.local/lib/python3.7/site-packages/airflow/example_dags/example_datasets.py for tasks to queue
[2025-10-04T19:23:34.377+0000] {logging_mixin.py:149} INFO - [2025-10-04T19:23:34.377+0000] {dagbag.py:541} INFO - Filling up the DagBag from /home/airflow/.local/lib/python3.7/site-packages/airflow/example_dags/example_datasets.py
[2025-10-04T19:23:34.394+0000] {processor.py:836} INFO - DAG(s) dict_keys(['dataset_consumes_1', 'dataset_produces_1', 'dataset_consumes_1_and_2', 'dataset_consumes_unknown_never_scheduled', 'dataset_produces_2', 'dataset_consumes_1_never_scheduled']) retrieved from /home/airflow/.local/lib/python3.7/site-packages/airflow/example_dags/example_datasets.py
[2025-10-04T19:23:34.472+0000] {logging_mixin.py:149} INFO - [2025-10-04T19:23:34.471+0000] {dag.py:2726} INFO - Sync 6 DAGs
[2025-10-04T19:23:34.517+0000] {logging_mixin.py:149} INFO - [2025-10-04T19:23:34.517+0000] {dag.py:3490} INFO - Setting next_dagrun for dataset_consumes_1 to None, run_after=None
[2025-10-04T19:23:34.524+0000] {logging_mixin.py:149} INFO - [2025-10-04T19:23:34.524+0000] {dag.py:3490} INFO - Setting next_dagrun for dataset_consumes_1_and_2 to None, run_after=None
[2025-10-04T19:23:34.527+0000] {logging_mixin.py:149} INFO - [2025-10-04T19:23:34.527+0000] {dag.py:3490} INFO - Setting next_dagrun for dataset_consumes_1_never_scheduled to None, run_after=None
[2025-10-04T19:23:34.530+0000] {logging_mixin.py:149} INFO - [2025-10-04T19:23:34.530+0000] {dag.py:3490} INFO - Setting next_dagrun for dataset_consumes_unknown_never_scheduled to None, run_after=None
[2025-10-04T19:23:34.537+0000] {logging_mixin.py:149} INFO - [2025-10-04T19:23:34.537+0000] {dag.py:3490} INFO - Setting next_dagrun for dataset_produces_1 to 2025-10-03T00:00:00+00:00, run_after=2025-10-04T00:00:00+00:00
[2025-10-04T19:23:34.542+0000] {logging_mixin.py:149} INFO - [2025-10-04T19:23:34.542+0000] {dag.py:3490} INFO - Setting next_dagrun for dataset_produces_2 to None, run_after=None
[2025-10-04T19:23:34.621+0000] {processor.py:179} INFO - Processing /home/airflow/.local/lib/python3.7/site-packages/airflow/example_dags/example_datasets.py took 0.255 seconds
[2025-10-04T19:24:04.840+0000] {processor.py:157} INFO - Started process (PID=1048) to work on /home/airflow/.local/lib/python3.7/site-packages/airflow/example_dags/example_datasets.py
[2025-10-04T19:24:04.842+0000] {processor.py:826} INFO - Processing file /home/airflow/.local/lib/python3.7/site-packages/airflow/example_dags/example_datasets.py for tasks to queue
[2025-10-04T19:24:04.843+0000] {logging_mixin.py:149} INFO - [2025-10-04T19:24:04.843+0000] {dagbag.py:541} INFO - Filling up the DagBag from /home/airflow/.local/lib/python3.7/site-packages/airflow/example_dags/example_datasets.py
[2025-10-04T19:24:04.861+0000] {processor.py:836} INFO - DAG(s) dict_keys(['dataset_consumes_unknown_never_scheduled', 'dataset_consumes_1', 'dataset_produces_1', 'dataset_consumes_1_never_scheduled', 'dataset_consumes_1_and_2', 'dataset_produces_2']) retrieved from /home/airflow/.local/lib/python3.7/site-packages/airflow/example_dags/example_datasets.py
[2025-10-04T19:24:04.934+0000] {logging_mixin.py:149} INFO - [2025-10-04T19:24:04.934+0000] {dag.py:2726} INFO - Sync 6 DAGs
[2025-10-04T19:24:04.977+0000] {logging_mixin.py:149} INFO - [2025-10-04T19:24:04.977+0000] {dag.py:3490} INFO - Setting next_dagrun for dataset_consumes_1 to None, run_after=None
[2025-10-04T19:24:04.984+0000] {logging_mixin.py:149} INFO - [2025-10-04T19:24:04.983+0000] {dag.py:3490} INFO - Setting next_dagrun for dataset_consumes_1_and_2 to None, run_after=None
[2025-10-04T19:24:04.986+0000] {logging_mixin.py:149} INFO - [2025-10-04T19:24:04.986+0000] {dag.py:3490} INFO - Setting next_dagrun for dataset_consumes_1_never_scheduled to None, run_after=None
[2025-10-04T19:24:04.989+0000] {logging_mixin.py:149} INFO - [2025-10-04T19:24:04.989+0000] {dag.py:3490} INFO - Setting next_dagrun for dataset_consumes_unknown_never_scheduled to None, run_after=None
[2025-10-04T19:24:04.994+0000] {logging_mixin.py:149} INFO - [2025-10-04T19:24:04.994+0000] {dag.py:3490} INFO - Setting next_dagrun for dataset_produces_1 to 2025-10-03T00:00:00+00:00, run_after=2025-10-04T00:00:00+00:00
[2025-10-04T19:24:04.997+0000] {logging_mixin.py:149} INFO - [2025-10-04T19:24:04.997+0000] {dag.py:3490} INFO - Setting next_dagrun for dataset_produces_2 to None, run_after=None
[2025-10-04T19:24:05.061+0000] {processor.py:179} INFO - Processing /home/airflow/.local/lib/python3.7/site-packages/airflow/example_dags/example_datasets.py took 0.227 seconds
[2025-10-04T19:24:35.131+0000] {processor.py:157} INFO - Started process (PID=1109) to work on /home/airflow/.local/lib/python3.7/site-packages/airflow/example_dags/example_datasets.py
[2025-10-04T19:24:35.133+0000] {processor.py:826} INFO - Processing file /home/airflow/.local/lib/python3.7/site-packages/airflow/example_dags/example_datasets.py for tasks to queue
[2025-10-04T19:24:35.135+0000] {logging_mixin.py:149} INFO - [2025-10-04T19:24:35.135+0000] {dagbag.py:541} INFO - Filling up the DagBag from /home/airflow/.local/lib/python3.7/site-packages/airflow/example_dags/example_datasets.py
[2025-10-04T19:24:35.152+0000] {processor.py:836} INFO - DAG(s) dict_keys(['dataset_produces_2', 'dataset_consumes_unknown_never_scheduled', 'dataset_produces_1', 'dataset_consumes_1_and_2', 'dataset_consumes_1_never_scheduled', 'dataset_consumes_1']) retrieved from /home/airflow/.local/lib/python3.7/site-packages/airflow/example_dags/example_datasets.py
[2025-10-04T19:24:35.229+0000] {logging_mixin.py:149} INFO - [2025-10-04T19:24:35.228+0000] {dag.py:2726} INFO - Sync 6 DAGs
[2025-10-04T19:24:35.293+0000] {logging_mixin.py:149} INFO - [2025-10-04T19:24:35.293+0000] {dag.py:3490} INFO - Setting next_dagrun for dataset_consumes_1 to None, run_after=None
[2025-10-04T19:24:35.301+0000] {logging_mixin.py:149} INFO - [2025-10-04T19:24:35.300+0000] {dag.py:3490} INFO - Setting next_dagrun for dataset_consumes_1_and_2 to None, run_after=None
[2025-10-04T19:24:35.304+0000] {logging_mixin.py:149} INFO - [2025-10-04T19:24:35.304+0000] {dag.py:3490} INFO - Setting next_dagrun for dataset_consumes_1_never_scheduled to None, run_after=None
[2025-10-04T19:24:35.307+0000] {logging_mixin.py:149} INFO - [2025-10-04T19:24:35.307+0000] {dag.py:3490} INFO - Setting next_dagrun for dataset_consumes_unknown_never_scheduled to None, run_after=None
[2025-10-04T19:24:35.312+0000] {logging_mixin.py:149} INFO - [2025-10-04T19:24:35.312+0000] {dag.py:3490} INFO - Setting next_dagrun for dataset_produces_1 to 2025-10-03T00:00:00+00:00, run_after=2025-10-04T00:00:00+00:00
[2025-10-04T19:24:35.316+0000] {logging_mixin.py:149} INFO - [2025-10-04T19:24:35.316+0000] {dag.py:3490} INFO - Setting next_dagrun for dataset_produces_2 to None, run_after=None
[2025-10-04T19:24:35.381+0000] {processor.py:179} INFO - Processing /home/airflow/.local/lib/python3.7/site-packages/airflow/example_dags/example_datasets.py took 0.256 seconds
[2025-10-04T19:25:05.820+0000] {processor.py:157} INFO - Started process (PID=1170) to work on /home/airflow/.local/lib/python3.7/site-packages/airflow/example_dags/example_datasets.py
[2025-10-04T19:25:05.826+0000] {processor.py:826} INFO - Processing file /home/airflow/.local/lib/python3.7/site-packages/airflow/example_dags/example_datasets.py for tasks to queue
[2025-10-04T19:25:05.830+0000] {logging_mixin.py:149} INFO - [2025-10-04T19:25:05.830+0000] {dagbag.py:541} INFO - Filling up the DagBag from /home/airflow/.local/lib/python3.7/site-packages/airflow/example_dags/example_datasets.py
[2025-10-04T19:25:05.858+0000] {processor.py:836} INFO - DAG(s) dict_keys(['dataset_produces_2', 'dataset_produces_1', 'dataset_consumes_1_never_scheduled', 'dataset_consumes_1', 'dataset_consumes_unknown_never_scheduled', 'dataset_consumes_1_and_2']) retrieved from /home/airflow/.local/lib/python3.7/site-packages/airflow/example_dags/example_datasets.py
[2025-10-04T19:25:05.941+0000] {logging_mixin.py:149} INFO - [2025-10-04T19:25:05.941+0000] {dag.py:2726} INFO - Sync 6 DAGs
[2025-10-04T19:25:06.004+0000] {logging_mixin.py:149} INFO - [2025-10-04T19:25:06.004+0000] {dag.py:3490} INFO - Setting next_dagrun for dataset_consumes_1 to None, run_after=None
[2025-10-04T19:25:06.012+0000] {logging_mixin.py:149} INFO - [2025-10-04T19:25:06.011+0000] {dag.py:3490} INFO - Setting next_dagrun for dataset_consumes_1_and_2 to None, run_after=None
[2025-10-04T19:25:06.015+0000] {logging_mixin.py:149} INFO - [2025-10-04T19:25:06.015+0000] {dag.py:3490} INFO - Setting next_dagrun for dataset_consumes_1_never_scheduled to None, run_after=None
[2025-10-04T19:25:06.019+0000] {logging_mixin.py:149} INFO - [2025-10-04T19:25:06.018+0000] {dag.py:3490} INFO - Setting next_dagrun for dataset_consumes_unknown_never_scheduled to None, run_after=None
[2025-10-04T19:25:06.024+0000] {logging_mixin.py:149} INFO - [2025-10-04T19:25:06.024+0000] {dag.py:3490} INFO - Setting next_dagrun for dataset_produces_1 to 2025-10-03T00:00:00+00:00, run_after=2025-10-04T00:00:00+00:00
[2025-10-04T19:25:06.028+0000] {logging_mixin.py:149} INFO - [2025-10-04T19:25:06.027+0000] {dag.py:3490} INFO - Setting next_dagrun for dataset_produces_2 to None, run_after=None
[2025-10-04T19:25:06.095+0000] {processor.py:179} INFO - Processing /home/airflow/.local/lib/python3.7/site-packages/airflow/example_dags/example_datasets.py took 0.284 seconds
[2025-10-04T19:25:36.281+0000] {processor.py:157} INFO - Started process (PID=1231) to work on /home/airflow/.local/lib/python3.7/site-packages/airflow/example_dags/example_datasets.py
[2025-10-04T19:25:36.283+0000] {processor.py:826} INFO - Processing file /home/airflow/.local/lib/python3.7/site-packages/airflow/example_dags/example_datasets.py for tasks to queue
[2025-10-04T19:25:36.285+0000] {logging_mixin.py:149} INFO - [2025-10-04T19:25:36.284+0000] {dagbag.py:541} INFO - Filling up the DagBag from /home/airflow/.local/lib/python3.7/site-packages/airflow/example_dags/example_datasets.py
[2025-10-04T19:25:36.299+0000] {processor.py:836} INFO - DAG(s) dict_keys(['dataset_produces_1', 'dataset_consumes_1_and_2', 'dataset_consumes_unknown_never_scheduled', 'dataset_produces_2', 'dataset_consumes_1', 'dataset_consumes_1_never_scheduled']) retrieved from /home/airflow/.local/lib/python3.7/site-packages/airflow/example_dags/example_datasets.py
[2025-10-04T19:25:36.371+0000] {logging_mixin.py:149} INFO - [2025-10-04T19:25:36.370+0000] {dag.py:2726} INFO - Sync 6 DAGs
[2025-10-04T19:25:36.419+0000] {logging_mixin.py:149} INFO - [2025-10-04T19:25:36.418+0000] {dag.py:3490} INFO - Setting next_dagrun for dataset_consumes_1 to None, run_after=None
[2025-10-04T19:25:36.426+0000] {logging_mixin.py:149} INFO - [2025-10-04T19:25:36.426+0000] {dag.py:3490} INFO - Setting next_dagrun for dataset_consumes_1_and_2 to None, run_after=None
[2025-10-04T19:25:36.429+0000] {logging_mixin.py:149} INFO - [2025-10-04T19:25:36.429+0000] {dag.py:3490} INFO - Setting next_dagrun for dataset_consumes_1_never_scheduled to None, run_after=None
[2025-10-04T19:25:36.432+0000] {logging_mixin.py:149} INFO - [2025-10-04T19:25:36.432+0000] {dag.py:3490} INFO - Setting next_dagrun for dataset_consumes_unknown_never_scheduled to None, run_after=None
[2025-10-04T19:25:36.437+0000] {logging_mixin.py:149} INFO - [2025-10-04T19:25:36.437+0000] {dag.py:3490} INFO - Setting next_dagrun for dataset_produces_1 to 2025-10-03T00:00:00+00:00, run_after=2025-10-04T00:00:00+00:00
[2025-10-04T19:25:36.440+0000] {logging_mixin.py:149} INFO - [2025-10-04T19:25:36.440+0000] {dag.py:3490} INFO - Setting next_dagrun for dataset_produces_2 to None, run_after=None
[2025-10-04T19:25:36.505+0000] {processor.py:179} INFO - Processing /home/airflow/.local/lib/python3.7/site-packages/airflow/example_dags/example_datasets.py took 0.229 seconds
[2025-10-04T19:26:06.671+0000] {processor.py:157} INFO - Started process (PID=1292) to work on /home/airflow/.local/lib/python3.7/site-packages/airflow/example_dags/example_datasets.py
[2025-10-04T19:26:06.673+0000] {processor.py:826} INFO - Processing file /home/airflow/.local/lib/python3.7/site-packages/airflow/example_dags/example_datasets.py for tasks to queue
[2025-10-04T19:26:06.675+0000] {logging_mixin.py:149} INFO - [2025-10-04T19:26:06.674+0000] {dagbag.py:541} INFO - Filling up the DagBag from /home/airflow/.local/lib/python3.7/site-packages/airflow/example_dags/example_datasets.py
[2025-10-04T19:26:06.690+0000] {processor.py:836} INFO - DAG(s) dict_keys(['dataset_produces_1', 'dataset_produces_2', 'dataset_consumes_unknown_never_scheduled', 'dataset_consumes_1_and_2', 'dataset_consumes_1', 'dataset_consumes_1_never_scheduled']) retrieved from /home/airflow/.local/lib/python3.7/site-packages/airflow/example_dags/example_datasets.py
[2025-10-04T19:26:06.779+0000] {logging_mixin.py:149} INFO - [2025-10-04T19:26:06.779+0000] {dag.py:2726} INFO - Sync 6 DAGs
[2025-10-04T19:26:06.833+0000] {logging_mixin.py:149} INFO - [2025-10-04T19:26:06.832+0000] {dag.py:3490} INFO - Setting next_dagrun for dataset_consumes_1 to None, run_after=None
[2025-10-04T19:26:06.839+0000] {logging_mixin.py:149} INFO - [2025-10-04T19:26:06.839+0000] {dag.py:3490} INFO - Setting next_dagrun for dataset_consumes_1_and_2 to None, run_after=None
[2025-10-04T19:26:06.843+0000] {logging_mixin.py:149} INFO - [2025-10-04T19:26:06.843+0000] {dag.py:3490} INFO - Setting next_dagrun for dataset_consumes_1_never_scheduled to None, run_after=None
[2025-10-04T19:26:06.847+0000] {logging_mixin.py:149} INFO - [2025-10-04T19:26:06.847+0000] {dag.py:3490} INFO - Setting next_dagrun for dataset_consumes_unknown_never_scheduled to None, run_after=None
[2025-10-04T19:26:06.861+0000] {logging_mixin.py:149} INFO - [2025-10-04T19:26:06.861+0000] {dag.py:3490} INFO - Setting next_dagrun for dataset_produces_1 to 2025-10-03T00:00:00+00:00, run_after=2025-10-04T00:00:00+00:00
[2025-10-04T19:26:06.864+0000] {logging_mixin.py:149} INFO - [2025-10-04T19:26:06.864+0000] {dag.py:3490} INFO - Setting next_dagrun for dataset_produces_2 to None, run_after=None
[2025-10-04T19:26:06.932+0000] {processor.py:179} INFO - Processing /home/airflow/.local/lib/python3.7/site-packages/airflow/example_dags/example_datasets.py took 0.268 seconds
[2025-10-04T19:26:37.137+0000] {processor.py:157} INFO - Started process (PID=1353) to work on /home/airflow/.local/lib/python3.7/site-packages/airflow/example_dags/example_datasets.py
[2025-10-04T19:26:37.140+0000] {processor.py:826} INFO - Processing file /home/airflow/.local/lib/python3.7/site-packages/airflow/example_dags/example_datasets.py for tasks to queue
[2025-10-04T19:26:37.142+0000] {logging_mixin.py:149} INFO - [2025-10-04T19:26:37.142+0000] {dagbag.py:541} INFO - Filling up the DagBag from /home/airflow/.local/lib/python3.7/site-packages/airflow/example_dags/example_datasets.py
[2025-10-04T19:26:37.160+0000] {processor.py:836} INFO - DAG(s) dict_keys(['dataset_produces_1', 'dataset_produces_2', 'dataset_consumes_1_never_scheduled', 'dataset_consumes_1', 'dataset_consumes_1_and_2', 'dataset_consumes_unknown_never_scheduled']) retrieved from /home/airflow/.local/lib/python3.7/site-packages/airflow/example_dags/example_datasets.py
[2025-10-04T19:26:37.237+0000] {logging_mixin.py:149} INFO - [2025-10-04T19:26:37.237+0000] {dag.py:2726} INFO - Sync 6 DAGs
[2025-10-04T19:26:37.284+0000] {logging_mixin.py:149} INFO - [2025-10-04T19:26:37.283+0000] {dag.py:3490} INFO - Setting next_dagrun for dataset_consumes_1 to None, run_after=None
[2025-10-04T19:26:37.291+0000] {logging_mixin.py:149} INFO - [2025-10-04T19:26:37.291+0000] {dag.py:3490} INFO - Setting next_dagrun for dataset_consumes_1_and_2 to None, run_after=None
[2025-10-04T19:26:37.295+0000] {logging_mixin.py:149} INFO - [2025-10-04T19:26:37.294+0000] {dag.py:3490} INFO - Setting next_dagrun for dataset_consumes_1_never_scheduled to None, run_after=None
[2025-10-04T19:26:37.298+0000] {logging_mixin.py:149} INFO - [2025-10-04T19:26:37.297+0000] {dag.py:3490} INFO - Setting next_dagrun for dataset_consumes_unknown_never_scheduled to None, run_after=None
[2025-10-04T19:26:37.304+0000] {logging_mixin.py:149} INFO - [2025-10-04T19:26:37.304+0000] {dag.py:3490} INFO - Setting next_dagrun for dataset_produces_1 to 2025-10-03T00:00:00+00:00, run_after=2025-10-04T00:00:00+00:00
[2025-10-04T19:26:37.307+0000] {logging_mixin.py:149} INFO - [2025-10-04T19:26:37.307+0000] {dag.py:3490} INFO - Setting next_dagrun for dataset_produces_2 to None, run_after=None
[2025-10-04T19:26:37.370+0000] {processor.py:179} INFO - Processing /home/airflow/.local/lib/python3.7/site-packages/airflow/example_dags/example_datasets.py took 0.238 seconds
[2025-10-04T19:27:07.600+0000] {processor.py:157} INFO - Started process (PID=1415) to work on /home/airflow/.local/lib/python3.7/site-packages/airflow/example_dags/example_datasets.py
[2025-10-04T19:27:07.602+0000] {processor.py:826} INFO - Processing file /home/airflow/.local/lib/python3.7/site-packages/airflow/example_dags/example_datasets.py for tasks to queue
[2025-10-04T19:27:07.604+0000] {logging_mixin.py:149} INFO - [2025-10-04T19:27:07.603+0000] {dagbag.py:541} INFO - Filling up the DagBag from /home/airflow/.local/lib/python3.7/site-packages/airflow/example_dags/example_datasets.py
[2025-10-04T19:27:07.620+0000] {processor.py:836} INFO - DAG(s) dict_keys(['dataset_produces_2', 'dataset_consumes_1', 'dataset_consumes_1_never_scheduled', 'dataset_consumes_1_and_2', 'dataset_produces_1', 'dataset_consumes_unknown_never_scheduled']) retrieved from /home/airflow/.local/lib/python3.7/site-packages/airflow/example_dags/example_datasets.py
[2025-10-04T19:27:07.695+0000] {logging_mixin.py:149} INFO - [2025-10-04T19:27:07.695+0000] {dag.py:2726} INFO - Sync 6 DAGs
[2025-10-04T19:27:07.741+0000] {logging_mixin.py:149} INFO - [2025-10-04T19:27:07.741+0000] {dag.py:3490} INFO - Setting next_dagrun for dataset_consumes_1 to None, run_after=None
[2025-10-04T19:27:07.747+0000] {logging_mixin.py:149} INFO - [2025-10-04T19:27:07.747+0000] {dag.py:3490} INFO - Setting next_dagrun for dataset_consumes_1_and_2 to None, run_after=None
[2025-10-04T19:27:07.750+0000] {logging_mixin.py:149} INFO - [2025-10-04T19:27:07.750+0000] {dag.py:3490} INFO - Setting next_dagrun for dataset_consumes_1_never_scheduled to None, run_after=None
[2025-10-04T19:27:07.753+0000] {logging_mixin.py:149} INFO - [2025-10-04T19:27:07.753+0000] {dag.py:3490} INFO - Setting next_dagrun for dataset_consumes_unknown_never_scheduled to None, run_after=None
[2025-10-04T19:27:07.758+0000] {logging_mixin.py:149} INFO - [2025-10-04T19:27:07.758+0000] {dag.py:3490} INFO - Setting next_dagrun for dataset_produces_1 to 2025-10-03T00:00:00+00:00, run_after=2025-10-04T00:00:00+00:00
[2025-10-04T19:27:07.761+0000] {logging_mixin.py:149} INFO - [2025-10-04T19:27:07.761+0000] {dag.py:3490} INFO - Setting next_dagrun for dataset_produces_2 to None, run_after=None
[2025-10-04T19:27:07.818+0000] {processor.py:179} INFO - Processing /home/airflow/.local/lib/python3.7/site-packages/airflow/example_dags/example_datasets.py took 0.224 seconds
[2025-10-04T19:27:37.940+0000] {processor.py:157} INFO - Started process (PID=1476) to work on /home/airflow/.local/lib/python3.7/site-packages/airflow/example_dags/example_datasets.py
[2025-10-04T19:27:37.942+0000] {processor.py:826} INFO - Processing file /home/airflow/.local/lib/python3.7/site-packages/airflow/example_dags/example_datasets.py for tasks to queue
[2025-10-04T19:27:37.943+0000] {logging_mixin.py:149} INFO - [2025-10-04T19:27:37.943+0000] {dagbag.py:541} INFO - Filling up the DagBag from /home/airflow/.local/lib/python3.7/site-packages/airflow/example_dags/example_datasets.py
[2025-10-04T19:27:37.960+0000] {processor.py:836} INFO - DAG(s) dict_keys(['dataset_consumes_1_and_2', 'dataset_produces_2', 'dataset_produces_1', 'dataset_consumes_1', 'dataset_consumes_unknown_never_scheduled', 'dataset_consumes_1_never_scheduled']) retrieved from /home/airflow/.local/lib/python3.7/site-packages/airflow/example_dags/example_datasets.py
[2025-10-04T19:27:38.040+0000] {logging_mixin.py:149} INFO - [2025-10-04T19:27:38.040+0000] {dag.py:2726} INFO - Sync 6 DAGs
[2025-10-04T19:27:38.086+0000] {logging_mixin.py:149} INFO - [2025-10-04T19:27:38.086+0000] {dag.py:3490} INFO - Setting next_dagrun for dataset_consumes_1 to None, run_after=None
[2025-10-04T19:27:38.092+0000] {logging_mixin.py:149} INFO - [2025-10-04T19:27:38.092+0000] {dag.py:3490} INFO - Setting next_dagrun for dataset_consumes_1_and_2 to None, run_after=None
[2025-10-04T19:27:38.095+0000] {logging_mixin.py:149} INFO - [2025-10-04T19:27:38.095+0000] {dag.py:3490} INFO - Setting next_dagrun for dataset_consumes_1_never_scheduled to None, run_after=None
[2025-10-04T19:27:38.097+0000] {logging_mixin.py:149} INFO - [2025-10-04T19:27:38.097+0000] {dag.py:3490} INFO - Setting next_dagrun for dataset_consumes_unknown_never_scheduled to None, run_after=None
[2025-10-04T19:27:38.102+0000] {logging_mixin.py:149} INFO - [2025-10-04T19:27:38.102+0000] {dag.py:3490} INFO - Setting next_dagrun for dataset_produces_1 to 2025-10-03T00:00:00+00:00, run_after=2025-10-04T00:00:00+00:00
[2025-10-04T19:27:38.105+0000] {logging_mixin.py:149} INFO - [2025-10-04T19:27:38.105+0000] {dag.py:3490} INFO - Setting next_dagrun for dataset_produces_2 to None, run_after=None
[2025-10-04T19:27:38.164+0000] {processor.py:179} INFO - Processing /home/airflow/.local/lib/python3.7/site-packages/airflow/example_dags/example_datasets.py took 0.232 seconds
[2025-10-04T22:28:15.642+0000] {processor.py:157} INFO - Started process (PID=1537) to work on /home/airflow/.local/lib/python3.7/site-packages/airflow/example_dags/example_datasets.py
[2025-10-04T22:28:15.649+0000] {processor.py:826} INFO - Processing file /home/airflow/.local/lib/python3.7/site-packages/airflow/example_dags/example_datasets.py for tasks to queue
[2025-10-04T22:28:15.687+0000] {logging_mixin.py:149} INFO - [2025-10-04T22:28:15.687+0000] {dagbag.py:541} INFO - Filling up the DagBag from /home/airflow/.local/lib/python3.7/site-packages/airflow/example_dags/example_datasets.py
[2025-10-04T22:28:15.768+0000] {processor.py:836} INFO - DAG(s) dict_keys(['dataset_consumes_1', 'dataset_consumes_1_and_2', 'dataset_produces_2', 'dataset_produces_1', 'dataset_consumes_1_never_scheduled', 'dataset_consumes_unknown_never_scheduled']) retrieved from /home/airflow/.local/lib/python3.7/site-packages/airflow/example_dags/example_datasets.py
[2025-10-04T22:28:16.060+0000] {logging_mixin.py:149} INFO - [2025-10-04T22:28:16.060+0000] {dag.py:2726} INFO - Sync 6 DAGs
[2025-10-04T22:28:16.217+0000] {logging_mixin.py:149} INFO - [2025-10-04T22:28:16.217+0000] {dag.py:3490} INFO - Setting next_dagrun for dataset_consumes_1 to None, run_after=None
[2025-10-04T22:28:16.261+0000] {logging_mixin.py:149} INFO - [2025-10-04T22:28:16.260+0000] {dag.py:3490} INFO - Setting next_dagrun for dataset_consumes_1_and_2 to None, run_after=None
[2025-10-04T22:28:16.276+0000] {logging_mixin.py:149} INFO - [2025-10-04T22:28:16.275+0000] {dag.py:3490} INFO - Setting next_dagrun for dataset_consumes_1_never_scheduled to None, run_after=None
[2025-10-04T22:28:16.287+0000] {logging_mixin.py:149} INFO - [2025-10-04T22:28:16.287+0000] {dag.py:3490} INFO - Setting next_dagrun for dataset_consumes_unknown_never_scheduled to None, run_after=None
[2025-10-04T22:28:16.316+0000] {logging_mixin.py:149} INFO - [2025-10-04T22:28:16.315+0000] {dag.py:3490} INFO - Setting next_dagrun for dataset_produces_1 to 2025-10-03T00:00:00+00:00, run_after=2025-10-04T00:00:00+00:00
[2025-10-04T22:28:16.331+0000] {logging_mixin.py:149} INFO - [2025-10-04T22:28:16.331+0000] {dag.py:3490} INFO - Setting next_dagrun for dataset_produces_2 to None, run_after=None
[2025-10-04T22:28:16.591+0000] {processor.py:179} INFO - Processing /home/airflow/.local/lib/python3.7/site-packages/airflow/example_dags/example_datasets.py took 0.979 seconds
