[2025-10-04T19:16:02.253+0000] {processor.py:157} INFO - Started process (PID=95) to work on /home/airflow/.local/lib/python3.7/site-packages/airflow/example_dags/example_time_delta_sensor_async.py
[2025-10-04T19:16:02.255+0000] {processor.py:826} INFO - Processing file /home/airflow/.local/lib/python3.7/site-packages/airflow/example_dags/example_time_delta_sensor_async.py for tasks to queue
[2025-10-04T19:16:02.257+0000] {logging_mixin.py:149} INFO - [2025-10-04T19:16:02.257+0000] {dagbag.py:541} INFO - Filling up the DagBag from /home/airflow/.local/lib/python3.7/site-packages/airflow/example_dags/example_time_delta_sensor_async.py
[2025-10-04T19:16:02.268+0000] {processor.py:836} INFO - DAG(s) dict_keys(['example_time_delta_sensor_async']) retrieved from /home/airflow/.local/lib/python3.7/site-packages/airflow/example_dags/example_time_delta_sensor_async.py
[2025-10-04T19:16:02.469+0000] {logging_mixin.py:149} INFO - [2025-10-04T19:16:02.469+0000] {manager.py:504} INFO - Created Permission View: can delete on DAG:example_time_delta_sensor_async
[2025-10-04T19:16:02.498+0000] {logging_mixin.py:149} INFO - [2025-10-04T19:16:02.498+0000] {manager.py:504} INFO - Created Permission View: can edit on DAG:example_time_delta_sensor_async
[2025-10-04T19:16:02.526+0000] {logging_mixin.py:149} INFO - [2025-10-04T19:16:02.526+0000] {manager.py:504} INFO - Created Permission View: can read on DAG:example_time_delta_sensor_async
[2025-10-04T19:16:02.581+0000] {logging_mixin.py:149} INFO - [2025-10-04T19:16:02.581+0000] {dag.py:2726} INFO - Sync 1 DAGs
[2025-10-04T19:16:02.625+0000] {logging_mixin.py:149} INFO - [2025-10-04T19:16:02.625+0000] {dag.py:2747} INFO - Creating ORM DAG for example_time_delta_sensor_async
[2025-10-04T19:16:02.667+0000] {logging_mixin.py:149} INFO - [2025-10-04T19:16:02.667+0000] {dag.py:3490} INFO - Setting next_dagrun for example_time_delta_sensor_async to None, run_after=None
[2025-10-04T19:16:02.724+0000] {processor.py:179} INFO - Processing /home/airflow/.local/lib/python3.7/site-packages/airflow/example_dags/example_time_delta_sensor_async.py took 0.476 seconds
[2025-10-04T19:16:32.903+0000] {processor.py:157} INFO - Started process (PID=157) to work on /home/airflow/.local/lib/python3.7/site-packages/airflow/example_dags/example_time_delta_sensor_async.py
[2025-10-04T19:16:32.905+0000] {processor.py:826} INFO - Processing file /home/airflow/.local/lib/python3.7/site-packages/airflow/example_dags/example_time_delta_sensor_async.py for tasks to queue
[2025-10-04T19:16:32.907+0000] {logging_mixin.py:149} INFO - [2025-10-04T19:16:32.907+0000] {dagbag.py:541} INFO - Filling up the DagBag from /home/airflow/.local/lib/python3.7/site-packages/airflow/example_dags/example_time_delta_sensor_async.py
[2025-10-04T19:16:32.915+0000] {processor.py:836} INFO - DAG(s) dict_keys(['example_time_delta_sensor_async']) retrieved from /home/airflow/.local/lib/python3.7/site-packages/airflow/example_dags/example_time_delta_sensor_async.py
[2025-10-04T19:16:32.967+0000] {logging_mixin.py:149} INFO - [2025-10-04T19:16:32.967+0000] {dag.py:2726} INFO - Sync 1 DAGs
[2025-10-04T19:16:33.012+0000] {logging_mixin.py:149} INFO - [2025-10-04T19:16:33.011+0000] {dag.py:3490} INFO - Setting next_dagrun for example_time_delta_sensor_async to None, run_after=None
[2025-10-04T19:16:33.047+0000] {processor.py:179} INFO - Processing /home/airflow/.local/lib/python3.7/site-packages/airflow/example_dags/example_time_delta_sensor_async.py took 0.152 seconds
[2025-10-04T19:17:03.320+0000] {processor.py:157} INFO - Started process (PID=219) to work on /home/airflow/.local/lib/python3.7/site-packages/airflow/example_dags/example_time_delta_sensor_async.py
[2025-10-04T19:17:03.323+0000] {processor.py:826} INFO - Processing file /home/airflow/.local/lib/python3.7/site-packages/airflow/example_dags/example_time_delta_sensor_async.py for tasks to queue
[2025-10-04T19:17:03.324+0000] {logging_mixin.py:149} INFO - [2025-10-04T19:17:03.324+0000] {dagbag.py:541} INFO - Filling up the DagBag from /home/airflow/.local/lib/python3.7/site-packages/airflow/example_dags/example_time_delta_sensor_async.py
[2025-10-04T19:17:03.339+0000] {processor.py:836} INFO - DAG(s) dict_keys(['example_time_delta_sensor_async']) retrieved from /home/airflow/.local/lib/python3.7/site-packages/airflow/example_dags/example_time_delta_sensor_async.py
[2025-10-04T19:17:03.393+0000] {logging_mixin.py:149} INFO - [2025-10-04T19:17:03.393+0000] {dag.py:2726} INFO - Sync 1 DAGs
[2025-10-04T19:17:03.439+0000] {logging_mixin.py:149} INFO - [2025-10-04T19:17:03.439+0000] {dag.py:3490} INFO - Setting next_dagrun for example_time_delta_sensor_async to None, run_after=None
[2025-10-04T19:17:03.486+0000] {processor.py:179} INFO - Processing /home/airflow/.local/lib/python3.7/site-packages/airflow/example_dags/example_time_delta_sensor_async.py took 0.176 seconds
[2025-10-04T19:17:35.191+0000] {processor.py:157} INFO - Started process (PID=280) to work on /home/airflow/.local/lib/python3.7/site-packages/airflow/example_dags/example_time_delta_sensor_async.py
[2025-10-04T19:17:35.194+0000] {processor.py:826} INFO - Processing file /home/airflow/.local/lib/python3.7/site-packages/airflow/example_dags/example_time_delta_sensor_async.py for tasks to queue
[2025-10-04T19:17:35.197+0000] {logging_mixin.py:149} INFO - [2025-10-04T19:17:35.197+0000] {dagbag.py:541} INFO - Filling up the DagBag from /home/airflow/.local/lib/python3.7/site-packages/airflow/example_dags/example_time_delta_sensor_async.py
[2025-10-04T19:17:35.209+0000] {processor.py:836} INFO - DAG(s) dict_keys(['example_time_delta_sensor_async']) retrieved from /home/airflow/.local/lib/python3.7/site-packages/airflow/example_dags/example_time_delta_sensor_async.py
[2025-10-04T19:17:35.398+0000] {logging_mixin.py:149} INFO - [2025-10-04T19:17:35.398+0000] {dag.py:2726} INFO - Sync 1 DAGs
[2025-10-04T19:17:35.539+0000] {logging_mixin.py:149} INFO - [2025-10-04T19:17:35.538+0000] {dag.py:3490} INFO - Setting next_dagrun for example_time_delta_sensor_async to None, run_after=None
[2025-10-04T19:17:35.727+0000] {processor.py:179} INFO - Processing /home/airflow/.local/lib/python3.7/site-packages/airflow/example_dags/example_time_delta_sensor_async.py took 0.544 seconds
[2025-10-04T19:18:06.424+0000] {processor.py:157} INFO - Started process (PID=341) to work on /home/airflow/.local/lib/python3.7/site-packages/airflow/example_dags/example_time_delta_sensor_async.py
[2025-10-04T19:18:06.426+0000] {processor.py:826} INFO - Processing file /home/airflow/.local/lib/python3.7/site-packages/airflow/example_dags/example_time_delta_sensor_async.py for tasks to queue
[2025-10-04T19:18:06.428+0000] {logging_mixin.py:149} INFO - [2025-10-04T19:18:06.428+0000] {dagbag.py:541} INFO - Filling up the DagBag from /home/airflow/.local/lib/python3.7/site-packages/airflow/example_dags/example_time_delta_sensor_async.py
[2025-10-04T19:18:06.436+0000] {processor.py:836} INFO - DAG(s) dict_keys(['example_time_delta_sensor_async']) retrieved from /home/airflow/.local/lib/python3.7/site-packages/airflow/example_dags/example_time_delta_sensor_async.py
[2025-10-04T19:18:06.489+0000] {logging_mixin.py:149} INFO - [2025-10-04T19:18:06.488+0000] {dag.py:2726} INFO - Sync 1 DAGs
[2025-10-04T19:18:06.535+0000] {logging_mixin.py:149} INFO - [2025-10-04T19:18:06.534+0000] {dag.py:3490} INFO - Setting next_dagrun for example_time_delta_sensor_async to None, run_after=None
[2025-10-04T19:18:06.579+0000] {processor.py:179} INFO - Processing /home/airflow/.local/lib/python3.7/site-packages/airflow/example_dags/example_time_delta_sensor_async.py took 0.161 seconds
[2025-10-04T19:18:37.487+0000] {processor.py:157} INFO - Started process (PID=402) to work on /home/airflow/.local/lib/python3.7/site-packages/airflow/example_dags/example_time_delta_sensor_async.py
[2025-10-04T19:18:37.489+0000] {processor.py:826} INFO - Processing file /home/airflow/.local/lib/python3.7/site-packages/airflow/example_dags/example_time_delta_sensor_async.py for tasks to queue
[2025-10-04T19:18:37.491+0000] {logging_mixin.py:149} INFO - [2025-10-04T19:18:37.491+0000] {dagbag.py:541} INFO - Filling up the DagBag from /home/airflow/.local/lib/python3.7/site-packages/airflow/example_dags/example_time_delta_sensor_async.py
[2025-10-04T19:18:37.500+0000] {processor.py:836} INFO - DAG(s) dict_keys(['example_time_delta_sensor_async']) retrieved from /home/airflow/.local/lib/python3.7/site-packages/airflow/example_dags/example_time_delta_sensor_async.py
[2025-10-04T19:18:37.548+0000] {logging_mixin.py:149} INFO - [2025-10-04T19:18:37.548+0000] {dag.py:2726} INFO - Sync 1 DAGs
[2025-10-04T19:18:37.601+0000] {logging_mixin.py:149} INFO - [2025-10-04T19:18:37.601+0000] {dag.py:3490} INFO - Setting next_dagrun for example_time_delta_sensor_async to None, run_after=None
[2025-10-04T19:18:37.646+0000] {processor.py:179} INFO - Processing /home/airflow/.local/lib/python3.7/site-packages/airflow/example_dags/example_time_delta_sensor_async.py took 0.165 seconds
[2025-10-04T19:19:07.883+0000] {processor.py:157} INFO - Started process (PID=463) to work on /home/airflow/.local/lib/python3.7/site-packages/airflow/example_dags/example_time_delta_sensor_async.py
[2025-10-04T19:19:07.885+0000] {processor.py:826} INFO - Processing file /home/airflow/.local/lib/python3.7/site-packages/airflow/example_dags/example_time_delta_sensor_async.py for tasks to queue
[2025-10-04T19:19:07.887+0000] {logging_mixin.py:149} INFO - [2025-10-04T19:19:07.887+0000] {dagbag.py:541} INFO - Filling up the DagBag from /home/airflow/.local/lib/python3.7/site-packages/airflow/example_dags/example_time_delta_sensor_async.py
[2025-10-04T19:19:07.895+0000] {processor.py:836} INFO - DAG(s) dict_keys(['example_time_delta_sensor_async']) retrieved from /home/airflow/.local/lib/python3.7/site-packages/airflow/example_dags/example_time_delta_sensor_async.py
[2025-10-04T19:19:07.948+0000] {logging_mixin.py:149} INFO - [2025-10-04T19:19:07.948+0000] {dag.py:2726} INFO - Sync 1 DAGs
[2025-10-04T19:19:07.998+0000] {logging_mixin.py:149} INFO - [2025-10-04T19:19:07.998+0000] {dag.py:3490} INFO - Setting next_dagrun for example_time_delta_sensor_async to None, run_after=None
[2025-10-04T19:19:08.042+0000] {processor.py:179} INFO - Processing /home/airflow/.local/lib/python3.7/site-packages/airflow/example_dags/example_time_delta_sensor_async.py took 0.165 seconds
[2025-10-04T19:19:38.367+0000] {processor.py:157} INFO - Started process (PID=525) to work on /home/airflow/.local/lib/python3.7/site-packages/airflow/example_dags/example_time_delta_sensor_async.py
[2025-10-04T19:19:38.370+0000] {processor.py:826} INFO - Processing file /home/airflow/.local/lib/python3.7/site-packages/airflow/example_dags/example_time_delta_sensor_async.py for tasks to queue
[2025-10-04T19:19:38.372+0000] {logging_mixin.py:149} INFO - [2025-10-04T19:19:38.372+0000] {dagbag.py:541} INFO - Filling up the DagBag from /home/airflow/.local/lib/python3.7/site-packages/airflow/example_dags/example_time_delta_sensor_async.py
[2025-10-04T19:19:38.384+0000] {processor.py:836} INFO - DAG(s) dict_keys(['example_time_delta_sensor_async']) retrieved from /home/airflow/.local/lib/python3.7/site-packages/airflow/example_dags/example_time_delta_sensor_async.py
[2025-10-04T19:19:38.442+0000] {logging_mixin.py:149} INFO - [2025-10-04T19:19:38.442+0000] {dag.py:2726} INFO - Sync 1 DAGs
[2025-10-04T19:19:38.502+0000] {logging_mixin.py:149} INFO - [2025-10-04T19:19:38.502+0000] {dag.py:3490} INFO - Setting next_dagrun for example_time_delta_sensor_async to None, run_after=None
[2025-10-04T19:19:38.550+0000] {processor.py:179} INFO - Processing /home/airflow/.local/lib/python3.7/site-packages/airflow/example_dags/example_time_delta_sensor_async.py took 0.194 seconds
[2025-10-04T19:20:09.353+0000] {processor.py:157} INFO - Started process (PID=586) to work on /home/airflow/.local/lib/python3.7/site-packages/airflow/example_dags/example_time_delta_sensor_async.py
[2025-10-04T19:20:09.356+0000] {processor.py:826} INFO - Processing file /home/airflow/.local/lib/python3.7/site-packages/airflow/example_dags/example_time_delta_sensor_async.py for tasks to queue
[2025-10-04T19:20:09.357+0000] {logging_mixin.py:149} INFO - [2025-10-04T19:20:09.357+0000] {dagbag.py:541} INFO - Filling up the DagBag from /home/airflow/.local/lib/python3.7/site-packages/airflow/example_dags/example_time_delta_sensor_async.py
[2025-10-04T19:20:09.365+0000] {processor.py:836} INFO - DAG(s) dict_keys(['example_time_delta_sensor_async']) retrieved from /home/airflow/.local/lib/python3.7/site-packages/airflow/example_dags/example_time_delta_sensor_async.py
[2025-10-04T19:20:09.417+0000] {logging_mixin.py:149} INFO - [2025-10-04T19:20:09.417+0000] {dag.py:2726} INFO - Sync 1 DAGs
[2025-10-04T19:20:09.469+0000] {logging_mixin.py:149} INFO - [2025-10-04T19:20:09.468+0000] {dag.py:3490} INFO - Setting next_dagrun for example_time_delta_sensor_async to None, run_after=None
[2025-10-04T19:20:09.510+0000] {processor.py:179} INFO - Processing /home/airflow/.local/lib/python3.7/site-packages/airflow/example_dags/example_time_delta_sensor_async.py took 0.166 seconds
[2025-10-04T19:20:40.272+0000] {processor.py:157} INFO - Started process (PID=647) to work on /home/airflow/.local/lib/python3.7/site-packages/airflow/example_dags/example_time_delta_sensor_async.py
[2025-10-04T19:20:40.275+0000] {processor.py:826} INFO - Processing file /home/airflow/.local/lib/python3.7/site-packages/airflow/example_dags/example_time_delta_sensor_async.py for tasks to queue
[2025-10-04T19:20:40.277+0000] {logging_mixin.py:149} INFO - [2025-10-04T19:20:40.276+0000] {dagbag.py:541} INFO - Filling up the DagBag from /home/airflow/.local/lib/python3.7/site-packages/airflow/example_dags/example_time_delta_sensor_async.py
[2025-10-04T19:20:40.284+0000] {processor.py:836} INFO - DAG(s) dict_keys(['example_time_delta_sensor_async']) retrieved from /home/airflow/.local/lib/python3.7/site-packages/airflow/example_dags/example_time_delta_sensor_async.py
[2025-10-04T19:20:40.340+0000] {logging_mixin.py:149} INFO - [2025-10-04T19:20:40.339+0000] {dag.py:2726} INFO - Sync 1 DAGs
[2025-10-04T19:20:40.402+0000] {logging_mixin.py:149} INFO - [2025-10-04T19:20:40.401+0000] {dag.py:3490} INFO - Setting next_dagrun for example_time_delta_sensor_async to None, run_after=None
[2025-10-04T19:20:40.454+0000] {processor.py:179} INFO - Processing /home/airflow/.local/lib/python3.7/site-packages/airflow/example_dags/example_time_delta_sensor_async.py took 0.190 seconds
[2025-10-04T19:21:10.922+0000] {processor.py:157} INFO - Started process (PID=708) to work on /home/airflow/.local/lib/python3.7/site-packages/airflow/example_dags/example_time_delta_sensor_async.py
[2025-10-04T19:21:10.924+0000] {processor.py:826} INFO - Processing file /home/airflow/.local/lib/python3.7/site-packages/airflow/example_dags/example_time_delta_sensor_async.py for tasks to queue
[2025-10-04T19:21:10.926+0000] {logging_mixin.py:149} INFO - [2025-10-04T19:21:10.926+0000] {dagbag.py:541} INFO - Filling up the DagBag from /home/airflow/.local/lib/python3.7/site-packages/airflow/example_dags/example_time_delta_sensor_async.py
[2025-10-04T19:21:10.935+0000] {processor.py:836} INFO - DAG(s) dict_keys(['example_time_delta_sensor_async']) retrieved from /home/airflow/.local/lib/python3.7/site-packages/airflow/example_dags/example_time_delta_sensor_async.py
[2025-10-04T19:21:10.989+0000] {logging_mixin.py:149} INFO - [2025-10-04T19:21:10.988+0000] {dag.py:2726} INFO - Sync 1 DAGs
[2025-10-04T19:21:11.040+0000] {logging_mixin.py:149} INFO - [2025-10-04T19:21:11.040+0000] {dag.py:3490} INFO - Setting next_dagrun for example_time_delta_sensor_async to None, run_after=None
[2025-10-04T19:21:11.089+0000] {processor.py:179} INFO - Processing /home/airflow/.local/lib/python3.7/site-packages/airflow/example_dags/example_time_delta_sensor_async.py took 0.174 seconds
[2025-10-04T19:21:41.204+0000] {processor.py:157} INFO - Started process (PID=769) to work on /home/airflow/.local/lib/python3.7/site-packages/airflow/example_dags/example_time_delta_sensor_async.py
[2025-10-04T19:21:41.206+0000] {processor.py:826} INFO - Processing file /home/airflow/.local/lib/python3.7/site-packages/airflow/example_dags/example_time_delta_sensor_async.py for tasks to queue
[2025-10-04T19:21:41.207+0000] {logging_mixin.py:149} INFO - [2025-10-04T19:21:41.207+0000] {dagbag.py:541} INFO - Filling up the DagBag from /home/airflow/.local/lib/python3.7/site-packages/airflow/example_dags/example_time_delta_sensor_async.py
[2025-10-04T19:21:41.214+0000] {processor.py:836} INFO - DAG(s) dict_keys(['example_time_delta_sensor_async']) retrieved from /home/airflow/.local/lib/python3.7/site-packages/airflow/example_dags/example_time_delta_sensor_async.py
[2025-10-04T19:21:41.258+0000] {logging_mixin.py:149} INFO - [2025-10-04T19:21:41.257+0000] {dag.py:2726} INFO - Sync 1 DAGs
[2025-10-04T19:21:41.307+0000] {logging_mixin.py:149} INFO - [2025-10-04T19:21:41.307+0000] {dag.py:3490} INFO - Setting next_dagrun for example_time_delta_sensor_async to None, run_after=None
[2025-10-04T19:21:41.349+0000] {processor.py:179} INFO - Processing /home/airflow/.local/lib/python3.7/site-packages/airflow/example_dags/example_time_delta_sensor_async.py took 0.153 seconds
[2025-10-04T19:22:11.623+0000] {processor.py:157} INFO - Started process (PID=830) to work on /home/airflow/.local/lib/python3.7/site-packages/airflow/example_dags/example_time_delta_sensor_async.py
[2025-10-04T19:22:11.625+0000] {processor.py:826} INFO - Processing file /home/airflow/.local/lib/python3.7/site-packages/airflow/example_dags/example_time_delta_sensor_async.py for tasks to queue
[2025-10-04T19:22:11.627+0000] {logging_mixin.py:149} INFO - [2025-10-04T19:22:11.627+0000] {dagbag.py:541} INFO - Filling up the DagBag from /home/airflow/.local/lib/python3.7/site-packages/airflow/example_dags/example_time_delta_sensor_async.py
[2025-10-04T19:22:11.635+0000] {processor.py:836} INFO - DAG(s) dict_keys(['example_time_delta_sensor_async']) retrieved from /home/airflow/.local/lib/python3.7/site-packages/airflow/example_dags/example_time_delta_sensor_async.py
[2025-10-04T19:22:11.687+0000] {logging_mixin.py:149} INFO - [2025-10-04T19:22:11.687+0000] {dag.py:2726} INFO - Sync 1 DAGs
[2025-10-04T19:22:11.736+0000] {logging_mixin.py:149} INFO - [2025-10-04T19:22:11.736+0000] {dag.py:3490} INFO - Setting next_dagrun for example_time_delta_sensor_async to None, run_after=None
[2025-10-04T19:22:11.782+0000] {processor.py:179} INFO - Processing /home/airflow/.local/lib/python3.7/site-packages/airflow/example_dags/example_time_delta_sensor_async.py took 0.165 seconds
[2025-10-04T19:22:42.463+0000] {processor.py:157} INFO - Started process (PID=891) to work on /home/airflow/.local/lib/python3.7/site-packages/airflow/example_dags/example_time_delta_sensor_async.py
[2025-10-04T19:22:42.465+0000] {processor.py:826} INFO - Processing file /home/airflow/.local/lib/python3.7/site-packages/airflow/example_dags/example_time_delta_sensor_async.py for tasks to queue
[2025-10-04T19:22:42.467+0000] {logging_mixin.py:149} INFO - [2025-10-04T19:22:42.467+0000] {dagbag.py:541} INFO - Filling up the DagBag from /home/airflow/.local/lib/python3.7/site-packages/airflow/example_dags/example_time_delta_sensor_async.py
[2025-10-04T19:22:42.474+0000] {processor.py:836} INFO - DAG(s) dict_keys(['example_time_delta_sensor_async']) retrieved from /home/airflow/.local/lib/python3.7/site-packages/airflow/example_dags/example_time_delta_sensor_async.py
[2025-10-04T19:22:42.522+0000] {logging_mixin.py:149} INFO - [2025-10-04T19:22:42.522+0000] {dag.py:2726} INFO - Sync 1 DAGs
[2025-10-04T19:22:42.571+0000] {logging_mixin.py:149} INFO - [2025-10-04T19:22:42.571+0000] {dag.py:3490} INFO - Setting next_dagrun for example_time_delta_sensor_async to None, run_after=None
[2025-10-04T19:22:42.612+0000] {processor.py:179} INFO - Processing /home/airflow/.local/lib/python3.7/site-packages/airflow/example_dags/example_time_delta_sensor_async.py took 0.155 seconds
[2025-10-04T19:23:13.129+0000] {processor.py:157} INFO - Started process (PID=952) to work on /home/airflow/.local/lib/python3.7/site-packages/airflow/example_dags/example_time_delta_sensor_async.py
[2025-10-04T19:23:13.133+0000] {processor.py:826} INFO - Processing file /home/airflow/.local/lib/python3.7/site-packages/airflow/example_dags/example_time_delta_sensor_async.py for tasks to queue
[2025-10-04T19:23:13.136+0000] {logging_mixin.py:149} INFO - [2025-10-04T19:23:13.135+0000] {dagbag.py:541} INFO - Filling up the DagBag from /home/airflow/.local/lib/python3.7/site-packages/airflow/example_dags/example_time_delta_sensor_async.py
[2025-10-04T19:23:13.146+0000] {processor.py:836} INFO - DAG(s) dict_keys(['example_time_delta_sensor_async']) retrieved from /home/airflow/.local/lib/python3.7/site-packages/airflow/example_dags/example_time_delta_sensor_async.py
[2025-10-04T19:23:13.202+0000] {logging_mixin.py:149} INFO - [2025-10-04T19:23:13.202+0000] {dag.py:2726} INFO - Sync 1 DAGs
[2025-10-04T19:23:13.244+0000] {logging_mixin.py:149} INFO - [2025-10-04T19:23:13.244+0000] {dag.py:3490} INFO - Setting next_dagrun for example_time_delta_sensor_async to None, run_after=None
[2025-10-04T19:23:13.283+0000] {processor.py:179} INFO - Processing /home/airflow/.local/lib/python3.7/site-packages/airflow/example_dags/example_time_delta_sensor_async.py took 0.168 seconds
[2025-10-04T19:23:44.004+0000] {processor.py:157} INFO - Started process (PID=1013) to work on /home/airflow/.local/lib/python3.7/site-packages/airflow/example_dags/example_time_delta_sensor_async.py
[2025-10-04T19:23:44.008+0000] {processor.py:826} INFO - Processing file /home/airflow/.local/lib/python3.7/site-packages/airflow/example_dags/example_time_delta_sensor_async.py for tasks to queue
[2025-10-04T19:23:44.010+0000] {logging_mixin.py:149} INFO - [2025-10-04T19:23:44.009+0000] {dagbag.py:541} INFO - Filling up the DagBag from /home/airflow/.local/lib/python3.7/site-packages/airflow/example_dags/example_time_delta_sensor_async.py
[2025-10-04T19:23:44.019+0000] {processor.py:836} INFO - DAG(s) dict_keys(['example_time_delta_sensor_async']) retrieved from /home/airflow/.local/lib/python3.7/site-packages/airflow/example_dags/example_time_delta_sensor_async.py
[2025-10-04T19:23:44.068+0000] {logging_mixin.py:149} INFO - [2025-10-04T19:23:44.068+0000] {dag.py:2726} INFO - Sync 1 DAGs
[2025-10-04T19:23:44.113+0000] {logging_mixin.py:149} INFO - [2025-10-04T19:23:44.113+0000] {dag.py:3490} INFO - Setting next_dagrun for example_time_delta_sensor_async to None, run_after=None
[2025-10-04T19:23:44.155+0000] {processor.py:179} INFO - Processing /home/airflow/.local/lib/python3.7/site-packages/airflow/example_dags/example_time_delta_sensor_async.py took 0.156 seconds
[2025-10-04T19:24:14.474+0000] {processor.py:157} INFO - Started process (PID=1075) to work on /home/airflow/.local/lib/python3.7/site-packages/airflow/example_dags/example_time_delta_sensor_async.py
[2025-10-04T19:24:14.477+0000] {processor.py:826} INFO - Processing file /home/airflow/.local/lib/python3.7/site-packages/airflow/example_dags/example_time_delta_sensor_async.py for tasks to queue
[2025-10-04T19:24:14.478+0000] {logging_mixin.py:149} INFO - [2025-10-04T19:24:14.478+0000] {dagbag.py:541} INFO - Filling up the DagBag from /home/airflow/.local/lib/python3.7/site-packages/airflow/example_dags/example_time_delta_sensor_async.py
[2025-10-04T19:24:14.485+0000] {processor.py:836} INFO - DAG(s) dict_keys(['example_time_delta_sensor_async']) retrieved from /home/airflow/.local/lib/python3.7/site-packages/airflow/example_dags/example_time_delta_sensor_async.py
[2025-10-04T19:24:14.531+0000] {logging_mixin.py:149} INFO - [2025-10-04T19:24:14.530+0000] {dag.py:2726} INFO - Sync 1 DAGs
[2025-10-04T19:24:14.573+0000] {logging_mixin.py:149} INFO - [2025-10-04T19:24:14.573+0000] {dag.py:3490} INFO - Setting next_dagrun for example_time_delta_sensor_async to None, run_after=None
[2025-10-04T19:24:14.610+0000] {processor.py:179} INFO - Processing /home/airflow/.local/lib/python3.7/site-packages/airflow/example_dags/example_time_delta_sensor_async.py took 0.141 seconds
[2025-10-04T19:24:44.781+0000] {processor.py:157} INFO - Started process (PID=1136) to work on /home/airflow/.local/lib/python3.7/site-packages/airflow/example_dags/example_time_delta_sensor_async.py
[2025-10-04T19:24:44.783+0000] {processor.py:826} INFO - Processing file /home/airflow/.local/lib/python3.7/site-packages/airflow/example_dags/example_time_delta_sensor_async.py for tasks to queue
[2025-10-04T19:24:44.785+0000] {logging_mixin.py:149} INFO - [2025-10-04T19:24:44.785+0000] {dagbag.py:541} INFO - Filling up the DagBag from /home/airflow/.local/lib/python3.7/site-packages/airflow/example_dags/example_time_delta_sensor_async.py
[2025-10-04T19:24:44.793+0000] {processor.py:836} INFO - DAG(s) dict_keys(['example_time_delta_sensor_async']) retrieved from /home/airflow/.local/lib/python3.7/site-packages/airflow/example_dags/example_time_delta_sensor_async.py
[2025-10-04T19:24:44.845+0000] {logging_mixin.py:149} INFO - [2025-10-04T19:24:44.845+0000] {dag.py:2726} INFO - Sync 1 DAGs
[2025-10-04T19:24:44.895+0000] {logging_mixin.py:149} INFO - [2025-10-04T19:24:44.895+0000] {dag.py:3490} INFO - Setting next_dagrun for example_time_delta_sensor_async to None, run_after=None
[2025-10-04T19:24:44.940+0000] {processor.py:179} INFO - Processing /home/airflow/.local/lib/python3.7/site-packages/airflow/example_dags/example_time_delta_sensor_async.py took 0.167 seconds
[2025-10-04T19:25:15.136+0000] {processor.py:157} INFO - Started process (PID=1197) to work on /home/airflow/.local/lib/python3.7/site-packages/airflow/example_dags/example_time_delta_sensor_async.py
[2025-10-04T19:25:15.138+0000] {processor.py:826} INFO - Processing file /home/airflow/.local/lib/python3.7/site-packages/airflow/example_dags/example_time_delta_sensor_async.py for tasks to queue
[2025-10-04T19:25:15.139+0000] {logging_mixin.py:149} INFO - [2025-10-04T19:25:15.139+0000] {dagbag.py:541} INFO - Filling up the DagBag from /home/airflow/.local/lib/python3.7/site-packages/airflow/example_dags/example_time_delta_sensor_async.py
[2025-10-04T19:25:15.146+0000] {processor.py:836} INFO - DAG(s) dict_keys(['example_time_delta_sensor_async']) retrieved from /home/airflow/.local/lib/python3.7/site-packages/airflow/example_dags/example_time_delta_sensor_async.py
[2025-10-04T19:25:15.190+0000] {logging_mixin.py:149} INFO - [2025-10-04T19:25:15.190+0000] {dag.py:2726} INFO - Sync 1 DAGs
[2025-10-04T19:25:15.237+0000] {logging_mixin.py:149} INFO - [2025-10-04T19:25:15.236+0000] {dag.py:3490} INFO - Setting next_dagrun for example_time_delta_sensor_async to None, run_after=None
[2025-10-04T19:25:15.274+0000] {processor.py:179} INFO - Processing /home/airflow/.local/lib/python3.7/site-packages/airflow/example_dags/example_time_delta_sensor_async.py took 0.145 seconds
[2025-10-04T19:25:45.541+0000] {processor.py:157} INFO - Started process (PID=1258) to work on /home/airflow/.local/lib/python3.7/site-packages/airflow/example_dags/example_time_delta_sensor_async.py
[2025-10-04T19:25:45.543+0000] {processor.py:826} INFO - Processing file /home/airflow/.local/lib/python3.7/site-packages/airflow/example_dags/example_time_delta_sensor_async.py for tasks to queue
[2025-10-04T19:25:45.545+0000] {logging_mixin.py:149} INFO - [2025-10-04T19:25:45.544+0000] {dagbag.py:541} INFO - Filling up the DagBag from /home/airflow/.local/lib/python3.7/site-packages/airflow/example_dags/example_time_delta_sensor_async.py
[2025-10-04T19:25:45.551+0000] {processor.py:836} INFO - DAG(s) dict_keys(['example_time_delta_sensor_async']) retrieved from /home/airflow/.local/lib/python3.7/site-packages/airflow/example_dags/example_time_delta_sensor_async.py
[2025-10-04T19:25:45.597+0000] {logging_mixin.py:149} INFO - [2025-10-04T19:25:45.597+0000] {dag.py:2726} INFO - Sync 1 DAGs
[2025-10-04T19:25:45.638+0000] {logging_mixin.py:149} INFO - [2025-10-04T19:25:45.638+0000] {dag.py:3490} INFO - Setting next_dagrun for example_time_delta_sensor_async to None, run_after=None
[2025-10-04T19:25:45.676+0000] {processor.py:179} INFO - Processing /home/airflow/.local/lib/python3.7/site-packages/airflow/example_dags/example_time_delta_sensor_async.py took 0.143 seconds
[2025-10-04T19:26:15.933+0000] {processor.py:157} INFO - Started process (PID=1319) to work on /home/airflow/.local/lib/python3.7/site-packages/airflow/example_dags/example_time_delta_sensor_async.py
[2025-10-04T19:26:15.936+0000] {processor.py:826} INFO - Processing file /home/airflow/.local/lib/python3.7/site-packages/airflow/example_dags/example_time_delta_sensor_async.py for tasks to queue
[2025-10-04T19:26:15.938+0000] {logging_mixin.py:149} INFO - [2025-10-04T19:26:15.937+0000] {dagbag.py:541} INFO - Filling up the DagBag from /home/airflow/.local/lib/python3.7/site-packages/airflow/example_dags/example_time_delta_sensor_async.py
[2025-10-04T19:26:15.948+0000] {processor.py:836} INFO - DAG(s) dict_keys(['example_time_delta_sensor_async']) retrieved from /home/airflow/.local/lib/python3.7/site-packages/airflow/example_dags/example_time_delta_sensor_async.py
[2025-10-04T19:26:16.001+0000] {logging_mixin.py:149} INFO - [2025-10-04T19:26:16.001+0000] {dag.py:2726} INFO - Sync 1 DAGs
[2025-10-04T19:26:16.064+0000] {logging_mixin.py:149} INFO - [2025-10-04T19:26:16.064+0000] {dag.py:3490} INFO - Setting next_dagrun for example_time_delta_sensor_async to None, run_after=None
[2025-10-04T19:26:16.109+0000] {processor.py:179} INFO - Processing /home/airflow/.local/lib/python3.7/site-packages/airflow/example_dags/example_time_delta_sensor_async.py took 0.183 seconds
[2025-10-04T19:26:46.328+0000] {processor.py:157} INFO - Started process (PID=1380) to work on /home/airflow/.local/lib/python3.7/site-packages/airflow/example_dags/example_time_delta_sensor_async.py
[2025-10-04T19:26:46.330+0000] {processor.py:826} INFO - Processing file /home/airflow/.local/lib/python3.7/site-packages/airflow/example_dags/example_time_delta_sensor_async.py for tasks to queue
[2025-10-04T19:26:46.332+0000] {logging_mixin.py:149} INFO - [2025-10-04T19:26:46.331+0000] {dagbag.py:541} INFO - Filling up the DagBag from /home/airflow/.local/lib/python3.7/site-packages/airflow/example_dags/example_time_delta_sensor_async.py
[2025-10-04T19:26:46.340+0000] {processor.py:836} INFO - DAG(s) dict_keys(['example_time_delta_sensor_async']) retrieved from /home/airflow/.local/lib/python3.7/site-packages/airflow/example_dags/example_time_delta_sensor_async.py
[2025-10-04T19:26:46.388+0000] {logging_mixin.py:149} INFO - [2025-10-04T19:26:46.387+0000] {dag.py:2726} INFO - Sync 1 DAGs
[2025-10-04T19:26:46.429+0000] {logging_mixin.py:149} INFO - [2025-10-04T19:26:46.429+0000] {dag.py:3490} INFO - Setting next_dagrun for example_time_delta_sensor_async to None, run_after=None
[2025-10-04T19:26:46.468+0000] {processor.py:179} INFO - Processing /home/airflow/.local/lib/python3.7/site-packages/airflow/example_dags/example_time_delta_sensor_async.py took 0.145 seconds
[2025-10-04T19:27:16.590+0000] {processor.py:157} INFO - Started process (PID=1441) to work on /home/airflow/.local/lib/python3.7/site-packages/airflow/example_dags/example_time_delta_sensor_async.py
[2025-10-04T19:27:16.592+0000] {processor.py:826} INFO - Processing file /home/airflow/.local/lib/python3.7/site-packages/airflow/example_dags/example_time_delta_sensor_async.py for tasks to queue
[2025-10-04T19:27:16.594+0000] {logging_mixin.py:149} INFO - [2025-10-04T19:27:16.594+0000] {dagbag.py:541} INFO - Filling up the DagBag from /home/airflow/.local/lib/python3.7/site-packages/airflow/example_dags/example_time_delta_sensor_async.py
[2025-10-04T19:27:16.601+0000] {processor.py:836} INFO - DAG(s) dict_keys(['example_time_delta_sensor_async']) retrieved from /home/airflow/.local/lib/python3.7/site-packages/airflow/example_dags/example_time_delta_sensor_async.py
[2025-10-04T19:27:16.649+0000] {logging_mixin.py:149} INFO - [2025-10-04T19:27:16.649+0000] {dag.py:2726} INFO - Sync 1 DAGs
[2025-10-04T19:27:16.698+0000] {logging_mixin.py:149} INFO - [2025-10-04T19:27:16.697+0000] {dag.py:3490} INFO - Setting next_dagrun for example_time_delta_sensor_async to None, run_after=None
[2025-10-04T19:27:16.739+0000] {processor.py:179} INFO - Processing /home/airflow/.local/lib/python3.7/site-packages/airflow/example_dags/example_time_delta_sensor_async.py took 0.155 seconds
[2025-10-04T19:27:47.628+0000] {processor.py:157} INFO - Started process (PID=1502) to work on /home/airflow/.local/lib/python3.7/site-packages/airflow/example_dags/example_time_delta_sensor_async.py
[2025-10-04T19:27:47.630+0000] {processor.py:826} INFO - Processing file /home/airflow/.local/lib/python3.7/site-packages/airflow/example_dags/example_time_delta_sensor_async.py for tasks to queue
[2025-10-04T19:27:47.632+0000] {logging_mixin.py:149} INFO - [2025-10-04T19:27:47.632+0000] {dagbag.py:541} INFO - Filling up the DagBag from /home/airflow/.local/lib/python3.7/site-packages/airflow/example_dags/example_time_delta_sensor_async.py
[2025-10-04T19:27:47.641+0000] {processor.py:836} INFO - DAG(s) dict_keys(['example_time_delta_sensor_async']) retrieved from /home/airflow/.local/lib/python3.7/site-packages/airflow/example_dags/example_time_delta_sensor_async.py
[2025-10-04T19:27:47.695+0000] {logging_mixin.py:149} INFO - [2025-10-04T19:27:47.695+0000] {dag.py:2726} INFO - Sync 1 DAGs
[2025-10-04T19:27:47.754+0000] {logging_mixin.py:149} INFO - [2025-10-04T19:27:47.754+0000] {dag.py:3490} INFO - Setting next_dagrun for example_time_delta_sensor_async to None, run_after=None
[2025-10-04T19:27:47.794+0000] {processor.py:179} INFO - Processing /home/airflow/.local/lib/python3.7/site-packages/airflow/example_dags/example_time_delta_sensor_async.py took 0.173 seconds
