[2025-10-04T19:15:55.712+0000] {processor.py:157} INFO - Started process (PID=74) to work on /home/airflow/.local/lib/python3.7/site-packages/airflow/example_dags/example_nested_branch_dag.py
[2025-10-04T19:15:55.716+0000] {processor.py:826} INFO - Processing file /home/airflow/.local/lib/python3.7/site-packages/airflow/example_dags/example_nested_branch_dag.py for tasks to queue
[2025-10-04T19:15:55.719+0000] {logging_mixin.py:149} INFO - [2025-10-04T19:15:55.719+0000] {dagbag.py:541} INFO - Filling up the DagBag from /home/airflow/.local/lib/python3.7/site-packages/airflow/example_dags/example_nested_branch_dag.py
[2025-10-04T19:15:55.762+0000] {processor.py:836} INFO - DAG(s) dict_keys(['example_nested_branch_dag']) retrieved from /home/airflow/.local/lib/python3.7/site-packages/airflow/example_dags/example_nested_branch_dag.py
[2025-10-04T19:15:56.155+0000] {logging_mixin.py:149} INFO - [2025-10-04T19:15:56.155+0000] {manager.py:504} INFO - Created Permission View: can delete on DAG:example_nested_branch_dag
[2025-10-04T19:15:56.189+0000] {logging_mixin.py:149} INFO - [2025-10-04T19:15:56.188+0000] {manager.py:504} INFO - Created Permission View: can edit on DAG:example_nested_branch_dag
[2025-10-04T19:15:56.212+0000] {logging_mixin.py:149} INFO - [2025-10-04T19:15:56.211+0000] {manager.py:504} INFO - Created Permission View: can read on DAG:example_nested_branch_dag
[2025-10-04T19:15:56.252+0000] {logging_mixin.py:149} INFO - [2025-10-04T19:15:56.252+0000] {dag.py:2726} INFO - Sync 1 DAGs
[2025-10-04T19:15:56.287+0000] {logging_mixin.py:149} INFO - [2025-10-04T19:15:56.287+0000] {dag.py:2747} INFO - Creating ORM DAG for example_nested_branch_dag
[2025-10-04T19:15:56.318+0000] {logging_mixin.py:149} INFO - [2025-10-04T19:15:56.318+0000] {dag.py:3490} INFO - Setting next_dagrun for example_nested_branch_dag to 2025-10-03T00:00:00+00:00, run_after=2025-10-04T00:00:00+00:00
[2025-10-04T19:15:56.370+0000] {processor.py:179} INFO - Processing /home/airflow/.local/lib/python3.7/site-packages/airflow/example_dags/example_nested_branch_dag.py took 0.671 seconds
[2025-10-04T19:16:27.094+0000] {processor.py:157} INFO - Started process (PID=136) to work on /home/airflow/.local/lib/python3.7/site-packages/airflow/example_dags/example_nested_branch_dag.py
[2025-10-04T19:16:27.097+0000] {processor.py:826} INFO - Processing file /home/airflow/.local/lib/python3.7/site-packages/airflow/example_dags/example_nested_branch_dag.py for tasks to queue
[2025-10-04T19:16:27.098+0000] {logging_mixin.py:149} INFO - [2025-10-04T19:16:27.098+0000] {dagbag.py:541} INFO - Filling up the DagBag from /home/airflow/.local/lib/python3.7/site-packages/airflow/example_dags/example_nested_branch_dag.py
[2025-10-04T19:16:27.115+0000] {processor.py:836} INFO - DAG(s) dict_keys(['example_nested_branch_dag']) retrieved from /home/airflow/.local/lib/python3.7/site-packages/airflow/example_dags/example_nested_branch_dag.py
[2025-10-04T19:16:27.161+0000] {logging_mixin.py:149} INFO - [2025-10-04T19:16:27.161+0000] {dag.py:2726} INFO - Sync 1 DAGs
[2025-10-04T19:16:27.208+0000] {logging_mixin.py:149} INFO - [2025-10-04T19:16:27.208+0000] {dag.py:3490} INFO - Setting next_dagrun for example_nested_branch_dag to 2025-10-03T00:00:00+00:00, run_after=2025-10-04T00:00:00+00:00
[2025-10-04T19:16:27.250+0000] {processor.py:179} INFO - Processing /home/airflow/.local/lib/python3.7/site-packages/airflow/example_dags/example_nested_branch_dag.py took 0.161 seconds
[2025-10-04T19:16:58.096+0000] {processor.py:157} INFO - Started process (PID=198) to work on /home/airflow/.local/lib/python3.7/site-packages/airflow/example_dags/example_nested_branch_dag.py
[2025-10-04T19:16:58.098+0000] {processor.py:826} INFO - Processing file /home/airflow/.local/lib/python3.7/site-packages/airflow/example_dags/example_nested_branch_dag.py for tasks to queue
[2025-10-04T19:16:58.100+0000] {logging_mixin.py:149} INFO - [2025-10-04T19:16:58.100+0000] {dagbag.py:541} INFO - Filling up the DagBag from /home/airflow/.local/lib/python3.7/site-packages/airflow/example_dags/example_nested_branch_dag.py
[2025-10-04T19:16:58.131+0000] {processor.py:836} INFO - DAG(s) dict_keys(['example_nested_branch_dag']) retrieved from /home/airflow/.local/lib/python3.7/site-packages/airflow/example_dags/example_nested_branch_dag.py
[2025-10-04T19:16:58.201+0000] {logging_mixin.py:149} INFO - [2025-10-04T19:16:58.201+0000] {dag.py:2726} INFO - Sync 1 DAGs
[2025-10-04T19:16:58.260+0000] {logging_mixin.py:149} INFO - [2025-10-04T19:16:58.260+0000] {dag.py:3490} INFO - Setting next_dagrun for example_nested_branch_dag to 2025-10-03T00:00:00+00:00, run_after=2025-10-04T00:00:00+00:00
[2025-10-04T19:16:58.301+0000] {processor.py:179} INFO - Processing /home/airflow/.local/lib/python3.7/site-packages/airflow/example_dags/example_nested_branch_dag.py took 0.213 seconds
[2025-10-04T19:17:28.934+0000] {processor.py:157} INFO - Started process (PID=259) to work on /home/airflow/.local/lib/python3.7/site-packages/airflow/example_dags/example_nested_branch_dag.py
[2025-10-04T19:17:28.936+0000] {processor.py:826} INFO - Processing file /home/airflow/.local/lib/python3.7/site-packages/airflow/example_dags/example_nested_branch_dag.py for tasks to queue
[2025-10-04T19:17:28.938+0000] {logging_mixin.py:149} INFO - [2025-10-04T19:17:28.938+0000] {dagbag.py:541} INFO - Filling up the DagBag from /home/airflow/.local/lib/python3.7/site-packages/airflow/example_dags/example_nested_branch_dag.py
[2025-10-04T19:17:28.971+0000] {processor.py:836} INFO - DAG(s) dict_keys(['example_nested_branch_dag']) retrieved from /home/airflow/.local/lib/python3.7/site-packages/airflow/example_dags/example_nested_branch_dag.py
[2025-10-04T19:17:29.030+0000] {logging_mixin.py:149} INFO - [2025-10-04T19:17:29.030+0000] {dag.py:2726} INFO - Sync 1 DAGs
[2025-10-04T19:17:29.090+0000] {logging_mixin.py:149} INFO - [2025-10-04T19:17:29.089+0000] {dag.py:3490} INFO - Setting next_dagrun for example_nested_branch_dag to 2025-10-03T00:00:00+00:00, run_after=2025-10-04T00:00:00+00:00
[2025-10-04T19:17:29.150+0000] {processor.py:179} INFO - Processing /home/airflow/.local/lib/python3.7/site-packages/airflow/example_dags/example_nested_branch_dag.py took 0.221 seconds
[2025-10-04T19:17:59.780+0000] {processor.py:157} INFO - Started process (PID=320) to work on /home/airflow/.local/lib/python3.7/site-packages/airflow/example_dags/example_nested_branch_dag.py
[2025-10-04T19:17:59.782+0000] {processor.py:826} INFO - Processing file /home/airflow/.local/lib/python3.7/site-packages/airflow/example_dags/example_nested_branch_dag.py for tasks to queue
[2025-10-04T19:17:59.783+0000] {logging_mixin.py:149} INFO - [2025-10-04T19:17:59.783+0000] {dagbag.py:541} INFO - Filling up the DagBag from /home/airflow/.local/lib/python3.7/site-packages/airflow/example_dags/example_nested_branch_dag.py
[2025-10-04T19:17:59.799+0000] {processor.py:836} INFO - DAG(s) dict_keys(['example_nested_branch_dag']) retrieved from /home/airflow/.local/lib/python3.7/site-packages/airflow/example_dags/example_nested_branch_dag.py
[2025-10-04T19:17:59.847+0000] {logging_mixin.py:149} INFO - [2025-10-04T19:17:59.847+0000] {dag.py:2726} INFO - Sync 1 DAGs
[2025-10-04T19:17:59.894+0000] {logging_mixin.py:149} INFO - [2025-10-04T19:17:59.894+0000] {dag.py:3490} INFO - Setting next_dagrun for example_nested_branch_dag to 2025-10-03T00:00:00+00:00, run_after=2025-10-04T00:00:00+00:00
[2025-10-04T19:17:59.934+0000] {processor.py:179} INFO - Processing /home/airflow/.local/lib/python3.7/site-packages/airflow/example_dags/example_nested_branch_dag.py took 0.160 seconds
[2025-10-04T19:18:30.425+0000] {processor.py:157} INFO - Started process (PID=381) to work on /home/airflow/.local/lib/python3.7/site-packages/airflow/example_dags/example_nested_branch_dag.py
[2025-10-04T19:18:30.427+0000] {processor.py:826} INFO - Processing file /home/airflow/.local/lib/python3.7/site-packages/airflow/example_dags/example_nested_branch_dag.py for tasks to queue
[2025-10-04T19:18:30.429+0000] {logging_mixin.py:149} INFO - [2025-10-04T19:18:30.429+0000] {dagbag.py:541} INFO - Filling up the DagBag from /home/airflow/.local/lib/python3.7/site-packages/airflow/example_dags/example_nested_branch_dag.py
[2025-10-04T19:18:30.449+0000] {processor.py:836} INFO - DAG(s) dict_keys(['example_nested_branch_dag']) retrieved from /home/airflow/.local/lib/python3.7/site-packages/airflow/example_dags/example_nested_branch_dag.py
[2025-10-04T19:18:30.498+0000] {logging_mixin.py:149} INFO - [2025-10-04T19:18:30.498+0000] {dag.py:2726} INFO - Sync 1 DAGs
[2025-10-04T19:18:30.563+0000] {logging_mixin.py:149} INFO - [2025-10-04T19:18:30.562+0000] {dag.py:3490} INFO - Setting next_dagrun for example_nested_branch_dag to 2025-10-03T00:00:00+00:00, run_after=2025-10-04T00:00:00+00:00
[2025-10-04T19:18:30.609+0000] {processor.py:179} INFO - Processing /home/airflow/.local/lib/python3.7/site-packages/airflow/example_dags/example_nested_branch_dag.py took 0.192 seconds
[2025-10-04T19:19:01.129+0000] {processor.py:157} INFO - Started process (PID=442) to work on /home/airflow/.local/lib/python3.7/site-packages/airflow/example_dags/example_nested_branch_dag.py
[2025-10-04T19:19:01.132+0000] {processor.py:826} INFO - Processing file /home/airflow/.local/lib/python3.7/site-packages/airflow/example_dags/example_nested_branch_dag.py for tasks to queue
[2025-10-04T19:19:01.134+0000] {logging_mixin.py:149} INFO - [2025-10-04T19:19:01.134+0000] {dagbag.py:541} INFO - Filling up the DagBag from /home/airflow/.local/lib/python3.7/site-packages/airflow/example_dags/example_nested_branch_dag.py
[2025-10-04T19:19:01.161+0000] {processor.py:836} INFO - DAG(s) dict_keys(['example_nested_branch_dag']) retrieved from /home/airflow/.local/lib/python3.7/site-packages/airflow/example_dags/example_nested_branch_dag.py
[2025-10-04T19:19:01.220+0000] {logging_mixin.py:149} INFO - [2025-10-04T19:19:01.219+0000] {dag.py:2726} INFO - Sync 1 DAGs
[2025-10-04T19:19:01.271+0000] {logging_mixin.py:149} INFO - [2025-10-04T19:19:01.271+0000] {dag.py:3490} INFO - Setting next_dagrun for example_nested_branch_dag to 2025-10-03T00:00:00+00:00, run_after=2025-10-04T00:00:00+00:00
[2025-10-04T19:19:01.312+0000] {processor.py:179} INFO - Processing /home/airflow/.local/lib/python3.7/site-packages/airflow/example_dags/example_nested_branch_dag.py took 0.191 seconds
[2025-10-04T19:19:31.573+0000] {processor.py:157} INFO - Started process (PID=504) to work on /home/airflow/.local/lib/python3.7/site-packages/airflow/example_dags/example_nested_branch_dag.py
[2025-10-04T19:19:31.575+0000] {processor.py:826} INFO - Processing file /home/airflow/.local/lib/python3.7/site-packages/airflow/example_dags/example_nested_branch_dag.py for tasks to queue
[2025-10-04T19:19:31.577+0000] {logging_mixin.py:149} INFO - [2025-10-04T19:19:31.576+0000] {dagbag.py:541} INFO - Filling up the DagBag from /home/airflow/.local/lib/python3.7/site-packages/airflow/example_dags/example_nested_branch_dag.py
[2025-10-04T19:19:31.593+0000] {processor.py:836} INFO - DAG(s) dict_keys(['example_nested_branch_dag']) retrieved from /home/airflow/.local/lib/python3.7/site-packages/airflow/example_dags/example_nested_branch_dag.py
[2025-10-04T19:19:31.650+0000] {logging_mixin.py:149} INFO - [2025-10-04T19:19:31.649+0000] {dag.py:2726} INFO - Sync 1 DAGs
[2025-10-04T19:19:31.714+0000] {logging_mixin.py:149} INFO - [2025-10-04T19:19:31.714+0000] {dag.py:3490} INFO - Setting next_dagrun for example_nested_branch_dag to 2025-10-03T00:00:00+00:00, run_after=2025-10-04T00:00:00+00:00
[2025-10-04T19:19:31.759+0000] {processor.py:179} INFO - Processing /home/airflow/.local/lib/python3.7/site-packages/airflow/example_dags/example_nested_branch_dag.py took 0.192 seconds
[2025-10-04T19:20:02.196+0000] {processor.py:157} INFO - Started process (PID=565) to work on /home/airflow/.local/lib/python3.7/site-packages/airflow/example_dags/example_nested_branch_dag.py
[2025-10-04T19:20:02.199+0000] {processor.py:826} INFO - Processing file /home/airflow/.local/lib/python3.7/site-packages/airflow/example_dags/example_nested_branch_dag.py for tasks to queue
[2025-10-04T19:20:02.201+0000] {logging_mixin.py:149} INFO - [2025-10-04T19:20:02.201+0000] {dagbag.py:541} INFO - Filling up the DagBag from /home/airflow/.local/lib/python3.7/site-packages/airflow/example_dags/example_nested_branch_dag.py
[2025-10-04T19:20:02.228+0000] {processor.py:836} INFO - DAG(s) dict_keys(['example_nested_branch_dag']) retrieved from /home/airflow/.local/lib/python3.7/site-packages/airflow/example_dags/example_nested_branch_dag.py
[2025-10-04T19:20:02.287+0000] {logging_mixin.py:149} INFO - [2025-10-04T19:20:02.287+0000] {dag.py:2726} INFO - Sync 1 DAGs
[2025-10-04T19:20:02.348+0000] {logging_mixin.py:149} INFO - [2025-10-04T19:20:02.348+0000] {dag.py:3490} INFO - Setting next_dagrun for example_nested_branch_dag to 2025-10-03T00:00:00+00:00, run_after=2025-10-04T00:00:00+00:00
[2025-10-04T19:20:02.394+0000] {processor.py:179} INFO - Processing /home/airflow/.local/lib/python3.7/site-packages/airflow/example_dags/example_nested_branch_dag.py took 0.207 seconds
[2025-10-04T19:20:32.958+0000] {processor.py:157} INFO - Started process (PID=626) to work on /home/airflow/.local/lib/python3.7/site-packages/airflow/example_dags/example_nested_branch_dag.py
[2025-10-04T19:20:32.965+0000] {processor.py:826} INFO - Processing file /home/airflow/.local/lib/python3.7/site-packages/airflow/example_dags/example_nested_branch_dag.py for tasks to queue
[2025-10-04T19:20:32.970+0000] {logging_mixin.py:149} INFO - [2025-10-04T19:20:32.969+0000] {dagbag.py:541} INFO - Filling up the DagBag from /home/airflow/.local/lib/python3.7/site-packages/airflow/example_dags/example_nested_branch_dag.py
[2025-10-04T19:20:33.025+0000] {processor.py:836} INFO - DAG(s) dict_keys(['example_nested_branch_dag']) retrieved from /home/airflow/.local/lib/python3.7/site-packages/airflow/example_dags/example_nested_branch_dag.py
[2025-10-04T19:20:33.154+0000] {logging_mixin.py:149} INFO - [2025-10-04T19:20:33.154+0000] {dag.py:2726} INFO - Sync 1 DAGs
[2025-10-04T19:20:33.335+0000] {logging_mixin.py:149} INFO - [2025-10-04T19:20:33.335+0000] {dag.py:3490} INFO - Setting next_dagrun for example_nested_branch_dag to 2025-10-03T00:00:00+00:00, run_after=2025-10-04T00:00:00+00:00
[2025-10-04T19:20:33.399+0000] {processor.py:179} INFO - Processing /home/airflow/.local/lib/python3.7/site-packages/airflow/example_dags/example_nested_branch_dag.py took 0.457 seconds
[2025-10-04T19:21:03.725+0000] {processor.py:157} INFO - Started process (PID=686) to work on /home/airflow/.local/lib/python3.7/site-packages/airflow/example_dags/example_nested_branch_dag.py
[2025-10-04T19:21:03.727+0000] {processor.py:826} INFO - Processing file /home/airflow/.local/lib/python3.7/site-packages/airflow/example_dags/example_nested_branch_dag.py for tasks to queue
[2025-10-04T19:21:03.729+0000] {logging_mixin.py:149} INFO - [2025-10-04T19:21:03.729+0000] {dagbag.py:541} INFO - Filling up the DagBag from /home/airflow/.local/lib/python3.7/site-packages/airflow/example_dags/example_nested_branch_dag.py
[2025-10-04T19:21:03.750+0000] {processor.py:836} INFO - DAG(s) dict_keys(['example_nested_branch_dag']) retrieved from /home/airflow/.local/lib/python3.7/site-packages/airflow/example_dags/example_nested_branch_dag.py
[2025-10-04T19:21:03.811+0000] {logging_mixin.py:149} INFO - [2025-10-04T19:21:03.811+0000] {dag.py:2726} INFO - Sync 1 DAGs
[2025-10-04T19:21:03.874+0000] {logging_mixin.py:149} INFO - [2025-10-04T19:21:03.874+0000] {dag.py:3490} INFO - Setting next_dagrun for example_nested_branch_dag to 2025-10-03T00:00:00+00:00, run_after=2025-10-04T00:00:00+00:00
[2025-10-04T19:21:03.928+0000] {processor.py:179} INFO - Processing /home/airflow/.local/lib/python3.7/site-packages/airflow/example_dags/example_nested_branch_dag.py took 0.209 seconds
[2025-10-04T19:21:34.289+0000] {processor.py:157} INFO - Started process (PID=747) to work on /home/airflow/.local/lib/python3.7/site-packages/airflow/example_dags/example_nested_branch_dag.py
[2025-10-04T19:21:34.291+0000] {processor.py:826} INFO - Processing file /home/airflow/.local/lib/python3.7/site-packages/airflow/example_dags/example_nested_branch_dag.py for tasks to queue
[2025-10-04T19:21:34.293+0000] {logging_mixin.py:149} INFO - [2025-10-04T19:21:34.292+0000] {dagbag.py:541} INFO - Filling up the DagBag from /home/airflow/.local/lib/python3.7/site-packages/airflow/example_dags/example_nested_branch_dag.py
[2025-10-04T19:21:34.308+0000] {processor.py:836} INFO - DAG(s) dict_keys(['example_nested_branch_dag']) retrieved from /home/airflow/.local/lib/python3.7/site-packages/airflow/example_dags/example_nested_branch_dag.py
[2025-10-04T19:21:34.362+0000] {logging_mixin.py:149} INFO - [2025-10-04T19:21:34.361+0000] {dag.py:2726} INFO - Sync 1 DAGs
[2025-10-04T19:21:34.406+0000] {logging_mixin.py:149} INFO - [2025-10-04T19:21:34.406+0000] {dag.py:3490} INFO - Setting next_dagrun for example_nested_branch_dag to 2025-10-03T00:00:00+00:00, run_after=2025-10-04T00:00:00+00:00
[2025-10-04T19:21:34.442+0000] {processor.py:179} INFO - Processing /home/airflow/.local/lib/python3.7/site-packages/airflow/example_dags/example_nested_branch_dag.py took 0.159 seconds
[2025-10-04T19:22:05.426+0000] {processor.py:157} INFO - Started process (PID=808) to work on /home/airflow/.local/lib/python3.7/site-packages/airflow/example_dags/example_nested_branch_dag.py
[2025-10-04T19:22:05.429+0000] {processor.py:826} INFO - Processing file /home/airflow/.local/lib/python3.7/site-packages/airflow/example_dags/example_nested_branch_dag.py for tasks to queue
[2025-10-04T19:22:05.431+0000] {logging_mixin.py:149} INFO - [2025-10-04T19:22:05.431+0000] {dagbag.py:541} INFO - Filling up the DagBag from /home/airflow/.local/lib/python3.7/site-packages/airflow/example_dags/example_nested_branch_dag.py
[2025-10-04T19:22:05.448+0000] {processor.py:836} INFO - DAG(s) dict_keys(['example_nested_branch_dag']) retrieved from /home/airflow/.local/lib/python3.7/site-packages/airflow/example_dags/example_nested_branch_dag.py
[2025-10-04T19:22:05.499+0000] {logging_mixin.py:149} INFO - [2025-10-04T19:22:05.499+0000] {dag.py:2726} INFO - Sync 1 DAGs
[2025-10-04T19:22:05.547+0000] {logging_mixin.py:149} INFO - [2025-10-04T19:22:05.546+0000] {dag.py:3490} INFO - Setting next_dagrun for example_nested_branch_dag to 2025-10-03T00:00:00+00:00, run_after=2025-10-04T00:00:00+00:00
[2025-10-04T19:22:05.585+0000] {processor.py:179} INFO - Processing /home/airflow/.local/lib/python3.7/site-packages/airflow/example_dags/example_nested_branch_dag.py took 0.165 seconds
[2025-10-04T19:22:35.885+0000] {processor.py:157} INFO - Started process (PID=869) to work on /home/airflow/.local/lib/python3.7/site-packages/airflow/example_dags/example_nested_branch_dag.py
[2025-10-04T19:22:35.887+0000] {processor.py:826} INFO - Processing file /home/airflow/.local/lib/python3.7/site-packages/airflow/example_dags/example_nested_branch_dag.py for tasks to queue
[2025-10-04T19:22:35.889+0000] {logging_mixin.py:149} INFO - [2025-10-04T19:22:35.888+0000] {dagbag.py:541} INFO - Filling up the DagBag from /home/airflow/.local/lib/python3.7/site-packages/airflow/example_dags/example_nested_branch_dag.py
[2025-10-04T19:22:35.914+0000] {processor.py:836} INFO - DAG(s) dict_keys(['example_nested_branch_dag']) retrieved from /home/airflow/.local/lib/python3.7/site-packages/airflow/example_dags/example_nested_branch_dag.py
[2025-10-04T19:22:35.974+0000] {logging_mixin.py:149} INFO - [2025-10-04T19:22:35.973+0000] {dag.py:2726} INFO - Sync 1 DAGs
[2025-10-04T19:22:36.029+0000] {logging_mixin.py:149} INFO - [2025-10-04T19:22:36.029+0000] {dag.py:3490} INFO - Setting next_dagrun for example_nested_branch_dag to 2025-10-03T00:00:00+00:00, run_after=2025-10-04T00:00:00+00:00
[2025-10-04T19:22:36.072+0000] {processor.py:179} INFO - Processing /home/airflow/.local/lib/python3.7/site-packages/airflow/example_dags/example_nested_branch_dag.py took 0.192 seconds
[2025-10-04T19:23:06.182+0000] {processor.py:157} INFO - Started process (PID=930) to work on /home/airflow/.local/lib/python3.7/site-packages/airflow/example_dags/example_nested_branch_dag.py
[2025-10-04T19:23:06.184+0000] {processor.py:826} INFO - Processing file /home/airflow/.local/lib/python3.7/site-packages/airflow/example_dags/example_nested_branch_dag.py for tasks to queue
[2025-10-04T19:23:06.186+0000] {logging_mixin.py:149} INFO - [2025-10-04T19:23:06.186+0000] {dagbag.py:541} INFO - Filling up the DagBag from /home/airflow/.local/lib/python3.7/site-packages/airflow/example_dags/example_nested_branch_dag.py
[2025-10-04T19:23:06.204+0000] {processor.py:836} INFO - DAG(s) dict_keys(['example_nested_branch_dag']) retrieved from /home/airflow/.local/lib/python3.7/site-packages/airflow/example_dags/example_nested_branch_dag.py
[2025-10-04T19:23:06.254+0000] {logging_mixin.py:149} INFO - [2025-10-04T19:23:06.254+0000] {dag.py:2726} INFO - Sync 1 DAGs
[2025-10-04T19:23:06.301+0000] {logging_mixin.py:149} INFO - [2025-10-04T19:23:06.300+0000] {dag.py:3490} INFO - Setting next_dagrun for example_nested_branch_dag to 2025-10-03T00:00:00+00:00, run_after=2025-10-04T00:00:00+00:00
[2025-10-04T19:23:06.341+0000] {processor.py:179} INFO - Processing /home/airflow/.local/lib/python3.7/site-packages/airflow/example_dags/example_nested_branch_dag.py took 0.164 seconds
[2025-10-04T19:23:37.221+0000] {processor.py:157} INFO - Started process (PID=991) to work on /home/airflow/.local/lib/python3.7/site-packages/airflow/example_dags/example_nested_branch_dag.py
[2025-10-04T19:23:37.223+0000] {processor.py:826} INFO - Processing file /home/airflow/.local/lib/python3.7/site-packages/airflow/example_dags/example_nested_branch_dag.py for tasks to queue
[2025-10-04T19:23:37.225+0000] {logging_mixin.py:149} INFO - [2025-10-04T19:23:37.224+0000] {dagbag.py:541} INFO - Filling up the DagBag from /home/airflow/.local/lib/python3.7/site-packages/airflow/example_dags/example_nested_branch_dag.py
[2025-10-04T19:23:37.240+0000] {processor.py:836} INFO - DAG(s) dict_keys(['example_nested_branch_dag']) retrieved from /home/airflow/.local/lib/python3.7/site-packages/airflow/example_dags/example_nested_branch_dag.py
[2025-10-04T19:23:37.284+0000] {logging_mixin.py:149} INFO - [2025-10-04T19:23:37.284+0000] {dag.py:2726} INFO - Sync 1 DAGs
[2025-10-04T19:23:37.327+0000] {logging_mixin.py:149} INFO - [2025-10-04T19:23:37.327+0000] {dag.py:3490} INFO - Setting next_dagrun for example_nested_branch_dag to 2025-10-03T00:00:00+00:00, run_after=2025-10-04T00:00:00+00:00
[2025-10-04T19:23:37.366+0000] {processor.py:179} INFO - Processing /home/airflow/.local/lib/python3.7/site-packages/airflow/example_dags/example_nested_branch_dag.py took 0.151 seconds
[2025-10-04T19:24:07.496+0000] {processor.py:157} INFO - Started process (PID=1053) to work on /home/airflow/.local/lib/python3.7/site-packages/airflow/example_dags/example_nested_branch_dag.py
[2025-10-04T19:24:07.498+0000] {processor.py:826} INFO - Processing file /home/airflow/.local/lib/python3.7/site-packages/airflow/example_dags/example_nested_branch_dag.py for tasks to queue
[2025-10-04T19:24:07.500+0000] {logging_mixin.py:149} INFO - [2025-10-04T19:24:07.499+0000] {dagbag.py:541} INFO - Filling up the DagBag from /home/airflow/.local/lib/python3.7/site-packages/airflow/example_dags/example_nested_branch_dag.py
[2025-10-04T19:24:07.515+0000] {processor.py:836} INFO - DAG(s) dict_keys(['example_nested_branch_dag']) retrieved from /home/airflow/.local/lib/python3.7/site-packages/airflow/example_dags/example_nested_branch_dag.py
[2025-10-04T19:24:07.564+0000] {logging_mixin.py:149} INFO - [2025-10-04T19:24:07.563+0000] {dag.py:2726} INFO - Sync 1 DAGs
[2025-10-04T19:24:07.615+0000] {logging_mixin.py:149} INFO - [2025-10-04T19:24:07.615+0000] {dag.py:3490} INFO - Setting next_dagrun for example_nested_branch_dag to 2025-10-03T00:00:00+00:00, run_after=2025-10-04T00:00:00+00:00
[2025-10-04T19:24:07.653+0000] {processor.py:179} INFO - Processing /home/airflow/.local/lib/python3.7/site-packages/airflow/example_dags/example_nested_branch_dag.py took 0.163 seconds
[2025-10-04T19:24:37.797+0000] {processor.py:157} INFO - Started process (PID=1114) to work on /home/airflow/.local/lib/python3.7/site-packages/airflow/example_dags/example_nested_branch_dag.py
[2025-10-04T19:24:37.799+0000] {processor.py:826} INFO - Processing file /home/airflow/.local/lib/python3.7/site-packages/airflow/example_dags/example_nested_branch_dag.py for tasks to queue
[2025-10-04T19:24:37.801+0000] {logging_mixin.py:149} INFO - [2025-10-04T19:24:37.800+0000] {dagbag.py:541} INFO - Filling up the DagBag from /home/airflow/.local/lib/python3.7/site-packages/airflow/example_dags/example_nested_branch_dag.py
[2025-10-04T19:24:37.821+0000] {processor.py:836} INFO - DAG(s) dict_keys(['example_nested_branch_dag']) retrieved from /home/airflow/.local/lib/python3.7/site-packages/airflow/example_dags/example_nested_branch_dag.py
[2025-10-04T19:24:37.867+0000] {logging_mixin.py:149} INFO - [2025-10-04T19:24:37.866+0000] {dag.py:2726} INFO - Sync 1 DAGs
[2025-10-04T19:24:37.912+0000] {logging_mixin.py:149} INFO - [2025-10-04T19:24:37.912+0000] {dag.py:3490} INFO - Setting next_dagrun for example_nested_branch_dag to 2025-10-03T00:00:00+00:00, run_after=2025-10-04T00:00:00+00:00
[2025-10-04T19:24:37.951+0000] {processor.py:179} INFO - Processing /home/airflow/.local/lib/python3.7/site-packages/airflow/example_dags/example_nested_branch_dag.py took 0.160 seconds
[2025-10-04T19:25:08.320+0000] {processor.py:157} INFO - Started process (PID=1175) to work on /home/airflow/.local/lib/python3.7/site-packages/airflow/example_dags/example_nested_branch_dag.py
[2025-10-04T19:25:08.322+0000] {processor.py:826} INFO - Processing file /home/airflow/.local/lib/python3.7/site-packages/airflow/example_dags/example_nested_branch_dag.py for tasks to queue
[2025-10-04T19:25:08.323+0000] {logging_mixin.py:149} INFO - [2025-10-04T19:25:08.323+0000] {dagbag.py:541} INFO - Filling up the DagBag from /home/airflow/.local/lib/python3.7/site-packages/airflow/example_dags/example_nested_branch_dag.py
[2025-10-04T19:25:08.341+0000] {processor.py:836} INFO - DAG(s) dict_keys(['example_nested_branch_dag']) retrieved from /home/airflow/.local/lib/python3.7/site-packages/airflow/example_dags/example_nested_branch_dag.py
[2025-10-04T19:25:08.386+0000] {logging_mixin.py:149} INFO - [2025-10-04T19:25:08.386+0000] {dag.py:2726} INFO - Sync 1 DAGs
[2025-10-04T19:25:08.438+0000] {logging_mixin.py:149} INFO - [2025-10-04T19:25:08.437+0000] {dag.py:3490} INFO - Setting next_dagrun for example_nested_branch_dag to 2025-10-03T00:00:00+00:00, run_after=2025-10-04T00:00:00+00:00
[2025-10-04T19:25:08.479+0000] {processor.py:179} INFO - Processing /home/airflow/.local/lib/python3.7/site-packages/airflow/example_dags/example_nested_branch_dag.py took 0.166 seconds
[2025-10-04T19:25:38.739+0000] {processor.py:157} INFO - Started process (PID=1236) to work on /home/airflow/.local/lib/python3.7/site-packages/airflow/example_dags/example_nested_branch_dag.py
[2025-10-04T19:25:38.741+0000] {processor.py:826} INFO - Processing file /home/airflow/.local/lib/python3.7/site-packages/airflow/example_dags/example_nested_branch_dag.py for tasks to queue
[2025-10-04T19:25:38.743+0000] {logging_mixin.py:149} INFO - [2025-10-04T19:25:38.743+0000] {dagbag.py:541} INFO - Filling up the DagBag from /home/airflow/.local/lib/python3.7/site-packages/airflow/example_dags/example_nested_branch_dag.py
[2025-10-04T19:25:38.760+0000] {processor.py:836} INFO - DAG(s) dict_keys(['example_nested_branch_dag']) retrieved from /home/airflow/.local/lib/python3.7/site-packages/airflow/example_dags/example_nested_branch_dag.py
[2025-10-04T19:25:38.808+0000] {logging_mixin.py:149} INFO - [2025-10-04T19:25:38.808+0000] {dag.py:2726} INFO - Sync 1 DAGs
[2025-10-04T19:25:38.855+0000] {logging_mixin.py:149} INFO - [2025-10-04T19:25:38.855+0000] {dag.py:3490} INFO - Setting next_dagrun for example_nested_branch_dag to 2025-10-03T00:00:00+00:00, run_after=2025-10-04T00:00:00+00:00
[2025-10-04T19:25:38.894+0000] {processor.py:179} INFO - Processing /home/airflow/.local/lib/python3.7/site-packages/airflow/example_dags/example_nested_branch_dag.py took 0.161 seconds
[2025-10-04T19:26:09.144+0000] {processor.py:157} INFO - Started process (PID=1297) to work on /home/airflow/.local/lib/python3.7/site-packages/airflow/example_dags/example_nested_branch_dag.py
[2025-10-04T19:26:09.146+0000] {processor.py:826} INFO - Processing file /home/airflow/.local/lib/python3.7/site-packages/airflow/example_dags/example_nested_branch_dag.py for tasks to queue
[2025-10-04T19:26:09.148+0000] {logging_mixin.py:149} INFO - [2025-10-04T19:26:09.147+0000] {dagbag.py:541} INFO - Filling up the DagBag from /home/airflow/.local/lib/python3.7/site-packages/airflow/example_dags/example_nested_branch_dag.py
[2025-10-04T19:26:09.162+0000] {processor.py:836} INFO - DAG(s) dict_keys(['example_nested_branch_dag']) retrieved from /home/airflow/.local/lib/python3.7/site-packages/airflow/example_dags/example_nested_branch_dag.py
[2025-10-04T19:26:09.207+0000] {logging_mixin.py:149} INFO - [2025-10-04T19:26:09.207+0000] {dag.py:2726} INFO - Sync 1 DAGs
[2025-10-04T19:26:09.261+0000] {logging_mixin.py:149} INFO - [2025-10-04T19:26:09.261+0000] {dag.py:3490} INFO - Setting next_dagrun for example_nested_branch_dag to 2025-10-03T00:00:00+00:00, run_after=2025-10-04T00:00:00+00:00
[2025-10-04T19:26:09.302+0000] {processor.py:179} INFO - Processing /home/airflow/.local/lib/python3.7/site-packages/airflow/example_dags/example_nested_branch_dag.py took 0.164 seconds
[2025-10-04T19:26:39.618+0000] {processor.py:157} INFO - Started process (PID=1358) to work on /home/airflow/.local/lib/python3.7/site-packages/airflow/example_dags/example_nested_branch_dag.py
[2025-10-04T19:26:39.620+0000] {processor.py:826} INFO - Processing file /home/airflow/.local/lib/python3.7/site-packages/airflow/example_dags/example_nested_branch_dag.py for tasks to queue
[2025-10-04T19:26:39.622+0000] {logging_mixin.py:149} INFO - [2025-10-04T19:26:39.621+0000] {dagbag.py:541} INFO - Filling up the DagBag from /home/airflow/.local/lib/python3.7/site-packages/airflow/example_dags/example_nested_branch_dag.py
[2025-10-04T19:26:39.638+0000] {processor.py:836} INFO - DAG(s) dict_keys(['example_nested_branch_dag']) retrieved from /home/airflow/.local/lib/python3.7/site-packages/airflow/example_dags/example_nested_branch_dag.py
[2025-10-04T19:26:39.690+0000] {logging_mixin.py:149} INFO - [2025-10-04T19:26:39.690+0000] {dag.py:2726} INFO - Sync 1 DAGs
[2025-10-04T19:26:39.741+0000] {logging_mixin.py:149} INFO - [2025-10-04T19:26:39.741+0000] {dag.py:3490} INFO - Setting next_dagrun for example_nested_branch_dag to 2025-10-03T00:00:00+00:00, run_after=2025-10-04T00:00:00+00:00
[2025-10-04T19:26:39.784+0000] {processor.py:179} INFO - Processing /home/airflow/.local/lib/python3.7/site-packages/airflow/example_dags/example_nested_branch_dag.py took 0.172 seconds
[2025-10-04T19:27:09.839+0000] {processor.py:157} INFO - Started process (PID=1419) to work on /home/airflow/.local/lib/python3.7/site-packages/airflow/example_dags/example_nested_branch_dag.py
[2025-10-04T19:27:09.841+0000] {processor.py:826} INFO - Processing file /home/airflow/.local/lib/python3.7/site-packages/airflow/example_dags/example_nested_branch_dag.py for tasks to queue
[2025-10-04T19:27:09.843+0000] {logging_mixin.py:149} INFO - [2025-10-04T19:27:09.842+0000] {dagbag.py:541} INFO - Filling up the DagBag from /home/airflow/.local/lib/python3.7/site-packages/airflow/example_dags/example_nested_branch_dag.py
[2025-10-04T19:27:09.858+0000] {processor.py:836} INFO - DAG(s) dict_keys(['example_nested_branch_dag']) retrieved from /home/airflow/.local/lib/python3.7/site-packages/airflow/example_dags/example_nested_branch_dag.py
[2025-10-04T19:27:09.905+0000] {logging_mixin.py:149} INFO - [2025-10-04T19:27:09.905+0000] {dag.py:2726} INFO - Sync 1 DAGs
[2025-10-04T19:27:09.950+0000] {logging_mixin.py:149} INFO - [2025-10-04T19:27:09.949+0000] {dag.py:3490} INFO - Setting next_dagrun for example_nested_branch_dag to 2025-10-03T00:00:00+00:00, run_after=2025-10-04T00:00:00+00:00
[2025-10-04T19:27:09.988+0000] {processor.py:179} INFO - Processing /home/airflow/.local/lib/python3.7/site-packages/airflow/example_dags/example_nested_branch_dag.py took 0.154 seconds
[2025-10-04T19:27:40.306+0000] {processor.py:157} INFO - Started process (PID=1480) to work on /home/airflow/.local/lib/python3.7/site-packages/airflow/example_dags/example_nested_branch_dag.py
[2025-10-04T19:27:40.308+0000] {processor.py:826} INFO - Processing file /home/airflow/.local/lib/python3.7/site-packages/airflow/example_dags/example_nested_branch_dag.py for tasks to queue
[2025-10-04T19:27:40.310+0000] {logging_mixin.py:149} INFO - [2025-10-04T19:27:40.310+0000] {dagbag.py:541} INFO - Filling up the DagBag from /home/airflow/.local/lib/python3.7/site-packages/airflow/example_dags/example_nested_branch_dag.py
[2025-10-04T19:27:40.332+0000] {processor.py:836} INFO - DAG(s) dict_keys(['example_nested_branch_dag']) retrieved from /home/airflow/.local/lib/python3.7/site-packages/airflow/example_dags/example_nested_branch_dag.py
[2025-10-04T19:27:40.381+0000] {logging_mixin.py:149} INFO - [2025-10-04T19:27:40.381+0000] {dag.py:2726} INFO - Sync 1 DAGs
[2025-10-04T19:27:40.431+0000] {logging_mixin.py:149} INFO - [2025-10-04T19:27:40.430+0000] {dag.py:3490} INFO - Setting next_dagrun for example_nested_branch_dag to 2025-10-03T00:00:00+00:00, run_after=2025-10-04T00:00:00+00:00
[2025-10-04T19:27:40.476+0000] {processor.py:179} INFO - Processing /home/airflow/.local/lib/python3.7/site-packages/airflow/example_dags/example_nested_branch_dag.py took 0.175 seconds
