[2025-10-04T19:15:56.816+0000] {processor.py:157} INFO - Started process (PID=77) to work on /home/airflow/.local/lib/python3.7/site-packages/airflow/example_dags/example_latest_only.py
[2025-10-04T19:15:56.820+0000] {processor.py:826} INFO - Processing file /home/airflow/.local/lib/python3.7/site-packages/airflow/example_dags/example_latest_only.py for tasks to queue
[2025-10-04T19:15:56.823+0000] {logging_mixin.py:149} INFO - [2025-10-04T19:15:56.823+0000] {dagbag.py:541} INFO - Filling up the DagBag from /home/airflow/.local/lib/python3.7/site-packages/airflow/example_dags/example_latest_only.py
[2025-10-04T19:15:56.857+0000] {processor.py:836} INFO - DAG(s) dict_keys(['latest_only']) retrieved from /home/airflow/.local/lib/python3.7/site-packages/airflow/example_dags/example_latest_only.py
[2025-10-04T19:15:57.179+0000] {logging_mixin.py:149} INFO - [2025-10-04T19:15:57.178+0000] {manager.py:504} INFO - Created Permission View: can delete on DAG:latest_only
[2025-10-04T19:15:57.207+0000] {logging_mixin.py:149} INFO - [2025-10-04T19:15:57.207+0000] {manager.py:504} INFO - Created Permission View: can edit on DAG:latest_only
[2025-10-04T19:15:57.228+0000] {logging_mixin.py:149} INFO - [2025-10-04T19:15:57.228+0000] {manager.py:504} INFO - Created Permission View: can read on DAG:latest_only
[2025-10-04T19:15:57.274+0000] {logging_mixin.py:149} INFO - [2025-10-04T19:15:57.273+0000] {dag.py:2726} INFO - Sync 1 DAGs
[2025-10-04T19:15:57.309+0000] {logging_mixin.py:149} INFO - [2025-10-04T19:15:57.309+0000] {dag.py:2747} INFO - Creating ORM DAG for latest_only
[2025-10-04T19:15:57.344+0000] {logging_mixin.py:149} INFO - [2025-10-04T19:15:57.344+0000] {dag.py:3490} INFO - Setting next_dagrun for latest_only to 2025-10-04T15:15:57.343768+00:00, run_after=2025-10-04T19:15:57.343768+00:00
[2025-10-04T19:15:57.398+0000] {processor.py:179} INFO - Processing /home/airflow/.local/lib/python3.7/site-packages/airflow/example_dags/example_latest_only.py took 0.592 seconds
[2025-10-04T19:16:27.493+0000] {processor.py:157} INFO - Started process (PID=139) to work on /home/airflow/.local/lib/python3.7/site-packages/airflow/example_dags/example_latest_only.py
[2025-10-04T19:16:27.495+0000] {processor.py:826} INFO - Processing file /home/airflow/.local/lib/python3.7/site-packages/airflow/example_dags/example_latest_only.py for tasks to queue
[2025-10-04T19:16:27.496+0000] {logging_mixin.py:149} INFO - [2025-10-04T19:16:27.496+0000] {dagbag.py:541} INFO - Filling up the DagBag from /home/airflow/.local/lib/python3.7/site-packages/airflow/example_dags/example_latest_only.py
[2025-10-04T19:16:27.505+0000] {processor.py:836} INFO - DAG(s) dict_keys(['latest_only']) retrieved from /home/airflow/.local/lib/python3.7/site-packages/airflow/example_dags/example_latest_only.py
[2025-10-04T19:16:27.547+0000] {logging_mixin.py:149} INFO - [2025-10-04T19:16:27.547+0000] {dag.py:2726} INFO - Sync 1 DAGs
[2025-10-04T19:16:27.596+0000] {logging_mixin.py:149} INFO - [2025-10-04T19:16:27.595+0000] {dag.py:3490} INFO - Setting next_dagrun for latest_only to 2025-10-04T15:16:27.595014+00:00, run_after=2025-10-04T19:16:27.595014+00:00
[2025-10-04T19:16:27.637+0000] {processor.py:179} INFO - Processing /home/airflow/.local/lib/python3.7/site-packages/airflow/example_dags/example_latest_only.py took 0.149 seconds
[2025-10-04T19:16:58.596+0000] {processor.py:157} INFO - Started process (PID=201) to work on /home/airflow/.local/lib/python3.7/site-packages/airflow/example_dags/example_latest_only.py
[2025-10-04T19:16:58.598+0000] {processor.py:826} INFO - Processing file /home/airflow/.local/lib/python3.7/site-packages/airflow/example_dags/example_latest_only.py for tasks to queue
[2025-10-04T19:16:58.600+0000] {logging_mixin.py:149} INFO - [2025-10-04T19:16:58.600+0000] {dagbag.py:541} INFO - Filling up the DagBag from /home/airflow/.local/lib/python3.7/site-packages/airflow/example_dags/example_latest_only.py
[2025-10-04T19:16:58.610+0000] {processor.py:836} INFO - DAG(s) dict_keys(['latest_only']) retrieved from /home/airflow/.local/lib/python3.7/site-packages/airflow/example_dags/example_latest_only.py
[2025-10-04T19:16:58.657+0000] {logging_mixin.py:149} INFO - [2025-10-04T19:16:58.656+0000] {dag.py:2726} INFO - Sync 1 DAGs
[2025-10-04T19:16:58.702+0000] {logging_mixin.py:149} INFO - [2025-10-04T19:16:58.702+0000] {dag.py:3490} INFO - Setting next_dagrun for latest_only to 2025-10-04T15:16:58.701813+00:00, run_after=2025-10-04T19:16:58.701813+00:00
[2025-10-04T19:16:58.746+0000] {processor.py:179} INFO - Processing /home/airflow/.local/lib/python3.7/site-packages/airflow/example_dags/example_latest_only.py took 0.157 seconds
[2025-10-04T19:17:29.236+0000] {processor.py:157} INFO - Started process (PID=262) to work on /home/airflow/.local/lib/python3.7/site-packages/airflow/example_dags/example_latest_only.py
[2025-10-04T19:17:29.239+0000] {processor.py:826} INFO - Processing file /home/airflow/.local/lib/python3.7/site-packages/airflow/example_dags/example_latest_only.py for tasks to queue
[2025-10-04T19:17:29.241+0000] {logging_mixin.py:149} INFO - [2025-10-04T19:17:29.241+0000] {dagbag.py:541} INFO - Filling up the DagBag from /home/airflow/.local/lib/python3.7/site-packages/airflow/example_dags/example_latest_only.py
[2025-10-04T19:17:29.254+0000] {processor.py:836} INFO - DAG(s) dict_keys(['latest_only']) retrieved from /home/airflow/.local/lib/python3.7/site-packages/airflow/example_dags/example_latest_only.py
[2025-10-04T19:17:29.309+0000] {logging_mixin.py:149} INFO - [2025-10-04T19:17:29.309+0000] {dag.py:2726} INFO - Sync 1 DAGs
[2025-10-04T19:17:29.370+0000] {logging_mixin.py:149} INFO - [2025-10-04T19:17:29.370+0000] {dag.py:3490} INFO - Setting next_dagrun for latest_only to 2025-10-04T15:17:29.369626+00:00, run_after=2025-10-04T19:17:29.369626+00:00
[2025-10-04T19:17:29.416+0000] {processor.py:179} INFO - Processing /home/airflow/.local/lib/python3.7/site-packages/airflow/example_dags/example_latest_only.py took 0.187 seconds
[2025-10-04T19:18:00.198+0000] {processor.py:157} INFO - Started process (PID=323) to work on /home/airflow/.local/lib/python3.7/site-packages/airflow/example_dags/example_latest_only.py
[2025-10-04T19:18:00.200+0000] {processor.py:826} INFO - Processing file /home/airflow/.local/lib/python3.7/site-packages/airflow/example_dags/example_latest_only.py for tasks to queue
[2025-10-04T19:18:00.202+0000] {logging_mixin.py:149} INFO - [2025-10-04T19:18:00.202+0000] {dagbag.py:541} INFO - Filling up the DagBag from /home/airflow/.local/lib/python3.7/site-packages/airflow/example_dags/example_latest_only.py
[2025-10-04T19:18:00.211+0000] {processor.py:836} INFO - DAG(s) dict_keys(['latest_only']) retrieved from /home/airflow/.local/lib/python3.7/site-packages/airflow/example_dags/example_latest_only.py
[2025-10-04T19:18:00.255+0000] {logging_mixin.py:149} INFO - [2025-10-04T19:18:00.255+0000] {dag.py:2726} INFO - Sync 1 DAGs
[2025-10-04T19:18:00.301+0000] {logging_mixin.py:149} INFO - [2025-10-04T19:18:00.300+0000] {dag.py:3490} INFO - Setting next_dagrun for latest_only to 2025-10-04T15:18:00.300335+00:00, run_after=2025-10-04T19:18:00.300335+00:00
[2025-10-04T19:18:00.338+0000] {processor.py:179} INFO - Processing /home/airflow/.local/lib/python3.7/site-packages/airflow/example_dags/example_latest_only.py took 0.146 seconds
[2025-10-04T19:18:31.021+0000] {processor.py:157} INFO - Started process (PID=384) to work on /home/airflow/.local/lib/python3.7/site-packages/airflow/example_dags/example_latest_only.py
[2025-10-04T19:18:31.024+0000] {processor.py:826} INFO - Processing file /home/airflow/.local/lib/python3.7/site-packages/airflow/example_dags/example_latest_only.py for tasks to queue
[2025-10-04T19:18:31.026+0000] {logging_mixin.py:149} INFO - [2025-10-04T19:18:31.025+0000] {dagbag.py:541} INFO - Filling up the DagBag from /home/airflow/.local/lib/python3.7/site-packages/airflow/example_dags/example_latest_only.py
[2025-10-04T19:18:31.038+0000] {processor.py:836} INFO - DAG(s) dict_keys(['latest_only']) retrieved from /home/airflow/.local/lib/python3.7/site-packages/airflow/example_dags/example_latest_only.py
[2025-10-04T19:18:31.089+0000] {logging_mixin.py:149} INFO - [2025-10-04T19:18:31.089+0000] {dag.py:2726} INFO - Sync 1 DAGs
[2025-10-04T19:18:31.144+0000] {logging_mixin.py:149} INFO - [2025-10-04T19:18:31.143+0000] {dag.py:3490} INFO - Setting next_dagrun for latest_only to 2025-10-04T15:18:31.143356+00:00, run_after=2025-10-04T19:18:31.143356+00:00
[2025-10-04T19:18:31.182+0000] {processor.py:179} INFO - Processing /home/airflow/.local/lib/python3.7/site-packages/airflow/example_dags/example_latest_only.py took 0.168 seconds
[2025-10-04T19:19:01.623+0000] {processor.py:157} INFO - Started process (PID=445) to work on /home/airflow/.local/lib/python3.7/site-packages/airflow/example_dags/example_latest_only.py
[2025-10-04T19:19:01.626+0000] {processor.py:826} INFO - Processing file /home/airflow/.local/lib/python3.7/site-packages/airflow/example_dags/example_latest_only.py for tasks to queue
[2025-10-04T19:19:01.628+0000] {logging_mixin.py:149} INFO - [2025-10-04T19:19:01.628+0000] {dagbag.py:541} INFO - Filling up the DagBag from /home/airflow/.local/lib/python3.7/site-packages/airflow/example_dags/example_latest_only.py
[2025-10-04T19:19:01.639+0000] {processor.py:836} INFO - DAG(s) dict_keys(['latest_only']) retrieved from /home/airflow/.local/lib/python3.7/site-packages/airflow/example_dags/example_latest_only.py
[2025-10-04T19:19:01.692+0000] {logging_mixin.py:149} INFO - [2025-10-04T19:19:01.692+0000] {dag.py:2726} INFO - Sync 1 DAGs
[2025-10-04T19:19:01.745+0000] {logging_mixin.py:149} INFO - [2025-10-04T19:19:01.745+0000] {dag.py:3490} INFO - Setting next_dagrun for latest_only to 2025-10-04T15:19:01.744769+00:00, run_after=2025-10-04T19:19:01.744769+00:00
[2025-10-04T19:19:01.790+0000] {processor.py:179} INFO - Processing /home/airflow/.local/lib/python3.7/site-packages/airflow/example_dags/example_latest_only.py took 0.174 seconds
[2025-10-04T19:19:31.868+0000] {processor.py:157} INFO - Started process (PID=507) to work on /home/airflow/.local/lib/python3.7/site-packages/airflow/example_dags/example_latest_only.py
[2025-10-04T19:19:31.870+0000] {processor.py:826} INFO - Processing file /home/airflow/.local/lib/python3.7/site-packages/airflow/example_dags/example_latest_only.py for tasks to queue
[2025-10-04T19:19:31.872+0000] {logging_mixin.py:149} INFO - [2025-10-04T19:19:31.872+0000] {dagbag.py:541} INFO - Filling up the DagBag from /home/airflow/.local/lib/python3.7/site-packages/airflow/example_dags/example_latest_only.py
[2025-10-04T19:19:31.886+0000] {processor.py:836} INFO - DAG(s) dict_keys(['latest_only']) retrieved from /home/airflow/.local/lib/python3.7/site-packages/airflow/example_dags/example_latest_only.py
[2025-10-04T19:19:31.942+0000] {logging_mixin.py:149} INFO - [2025-10-04T19:19:31.942+0000] {dag.py:2726} INFO - Sync 1 DAGs
[2025-10-04T19:19:31.998+0000] {logging_mixin.py:149} INFO - [2025-10-04T19:19:31.998+0000] {dag.py:3490} INFO - Setting next_dagrun for latest_only to 2025-10-04T15:19:31.997485+00:00, run_after=2025-10-04T19:19:31.997485+00:00
[2025-10-04T19:19:32.045+0000] {processor.py:179} INFO - Processing /home/airflow/.local/lib/python3.7/site-packages/airflow/example_dags/example_latest_only.py took 0.185 seconds
[2025-10-04T19:20:02.523+0000] {processor.py:157} INFO - Started process (PID=568) to work on /home/airflow/.local/lib/python3.7/site-packages/airflow/example_dags/example_latest_only.py
[2025-10-04T19:20:02.528+0000] {processor.py:826} INFO - Processing file /home/airflow/.local/lib/python3.7/site-packages/airflow/example_dags/example_latest_only.py for tasks to queue
[2025-10-04T19:20:02.530+0000] {logging_mixin.py:149} INFO - [2025-10-04T19:20:02.530+0000] {dagbag.py:541} INFO - Filling up the DagBag from /home/airflow/.local/lib/python3.7/site-packages/airflow/example_dags/example_latest_only.py
[2025-10-04T19:20:02.551+0000] {processor.py:836} INFO - DAG(s) dict_keys(['latest_only']) retrieved from /home/airflow/.local/lib/python3.7/site-packages/airflow/example_dags/example_latest_only.py
[2025-10-04T19:20:02.618+0000] {logging_mixin.py:149} INFO - [2025-10-04T19:20:02.618+0000] {dag.py:2726} INFO - Sync 1 DAGs
[2025-10-04T19:20:02.739+0000] {logging_mixin.py:149} INFO - [2025-10-04T19:20:02.737+0000] {dag.py:3490} INFO - Setting next_dagrun for latest_only to 2025-10-04T15:20:02.731207+00:00, run_after=2025-10-04T19:20:02.731207+00:00
[2025-10-04T19:20:02.843+0000] {processor.py:179} INFO - Processing /home/airflow/.local/lib/python3.7/site-packages/airflow/example_dags/example_latest_only.py took 0.327 seconds
[2025-10-04T19:20:34.008+0000] {processor.py:157} INFO - Started process (PID=629) to work on /home/airflow/.local/lib/python3.7/site-packages/airflow/example_dags/example_latest_only.py
[2025-10-04T19:20:34.011+0000] {processor.py:826} INFO - Processing file /home/airflow/.local/lib/python3.7/site-packages/airflow/example_dags/example_latest_only.py for tasks to queue
[2025-10-04T19:20:34.013+0000] {logging_mixin.py:149} INFO - [2025-10-04T19:20:34.013+0000] {dagbag.py:541} INFO - Filling up the DagBag from /home/airflow/.local/lib/python3.7/site-packages/airflow/example_dags/example_latest_only.py
[2025-10-04T19:20:34.026+0000] {processor.py:836} INFO - DAG(s) dict_keys(['latest_only']) retrieved from /home/airflow/.local/lib/python3.7/site-packages/airflow/example_dags/example_latest_only.py
[2025-10-04T19:20:34.079+0000] {logging_mixin.py:149} INFO - [2025-10-04T19:20:34.079+0000] {dag.py:2726} INFO - Sync 1 DAGs
[2025-10-04T19:20:34.134+0000] {logging_mixin.py:149} INFO - [2025-10-04T19:20:34.134+0000] {dag.py:3490} INFO - Setting next_dagrun for latest_only to 2025-10-04T15:20:34.133470+00:00, run_after=2025-10-04T19:20:34.133470+00:00
[2025-10-04T19:20:34.179+0000] {processor.py:179} INFO - Processing /home/airflow/.local/lib/python3.7/site-packages/airflow/example_dags/example_latest_only.py took 0.178 seconds
[2025-10-04T19:21:04.265+0000] {processor.py:157} INFO - Started process (PID=690) to work on /home/airflow/.local/lib/python3.7/site-packages/airflow/example_dags/example_latest_only.py
[2025-10-04T19:21:04.268+0000] {processor.py:826} INFO - Processing file /home/airflow/.local/lib/python3.7/site-packages/airflow/example_dags/example_latest_only.py for tasks to queue
[2025-10-04T19:21:04.270+0000] {logging_mixin.py:149} INFO - [2025-10-04T19:21:04.270+0000] {dagbag.py:541} INFO - Filling up the DagBag from /home/airflow/.local/lib/python3.7/site-packages/airflow/example_dags/example_latest_only.py
[2025-10-04T19:21:04.282+0000] {processor.py:836} INFO - DAG(s) dict_keys(['latest_only']) retrieved from /home/airflow/.local/lib/python3.7/site-packages/airflow/example_dags/example_latest_only.py
[2025-10-04T19:21:04.346+0000] {logging_mixin.py:149} INFO - [2025-10-04T19:21:04.345+0000] {dag.py:2726} INFO - Sync 1 DAGs
[2025-10-04T19:21:04.407+0000] {logging_mixin.py:149} INFO - [2025-10-04T19:21:04.406+0000] {dag.py:3490} INFO - Setting next_dagrun for latest_only to 2025-10-04T15:21:04.406377+00:00, run_after=2025-10-04T19:21:04.406377+00:00
[2025-10-04T19:21:04.458+0000] {processor.py:179} INFO - Processing /home/airflow/.local/lib/python3.7/site-packages/airflow/example_dags/example_latest_only.py took 0.198 seconds
[2025-10-04T19:21:34.738+0000] {processor.py:157} INFO - Started process (PID=750) to work on /home/airflow/.local/lib/python3.7/site-packages/airflow/example_dags/example_latest_only.py
[2025-10-04T19:21:34.740+0000] {processor.py:826} INFO - Processing file /home/airflow/.local/lib/python3.7/site-packages/airflow/example_dags/example_latest_only.py for tasks to queue
[2025-10-04T19:21:34.741+0000] {logging_mixin.py:149} INFO - [2025-10-04T19:21:34.741+0000] {dagbag.py:541} INFO - Filling up the DagBag from /home/airflow/.local/lib/python3.7/site-packages/airflow/example_dags/example_latest_only.py
[2025-10-04T19:21:34.751+0000] {processor.py:836} INFO - DAG(s) dict_keys(['latest_only']) retrieved from /home/airflow/.local/lib/python3.7/site-packages/airflow/example_dags/example_latest_only.py
[2025-10-04T19:21:34.803+0000] {logging_mixin.py:149} INFO - [2025-10-04T19:21:34.803+0000] {dag.py:2726} INFO - Sync 1 DAGs
[2025-10-04T19:21:34.855+0000] {logging_mixin.py:149} INFO - [2025-10-04T19:21:34.855+0000] {dag.py:3490} INFO - Setting next_dagrun for latest_only to 2025-10-04T15:21:34.854514+00:00, run_after=2025-10-04T19:21:34.854514+00:00
[2025-10-04T19:21:34.901+0000] {processor.py:179} INFO - Processing /home/airflow/.local/lib/python3.7/site-packages/airflow/example_dags/example_latest_only.py took 0.169 seconds
[2025-10-04T19:22:05.888+0000] {processor.py:157} INFO - Started process (PID=811) to work on /home/airflow/.local/lib/python3.7/site-packages/airflow/example_dags/example_latest_only.py
[2025-10-04T19:22:05.890+0000] {processor.py:826} INFO - Processing file /home/airflow/.local/lib/python3.7/site-packages/airflow/example_dags/example_latest_only.py for tasks to queue
[2025-10-04T19:22:05.892+0000] {logging_mixin.py:149} INFO - [2025-10-04T19:22:05.891+0000] {dagbag.py:541} INFO - Filling up the DagBag from /home/airflow/.local/lib/python3.7/site-packages/airflow/example_dags/example_latest_only.py
[2025-10-04T19:22:05.903+0000] {processor.py:836} INFO - DAG(s) dict_keys(['latest_only']) retrieved from /home/airflow/.local/lib/python3.7/site-packages/airflow/example_dags/example_latest_only.py
[2025-10-04T19:22:05.951+0000] {logging_mixin.py:149} INFO - [2025-10-04T19:22:05.951+0000] {dag.py:2726} INFO - Sync 1 DAGs
[2025-10-04T19:22:05.999+0000] {logging_mixin.py:149} INFO - [2025-10-04T19:22:05.999+0000] {dag.py:3490} INFO - Setting next_dagrun for latest_only to 2025-10-04T15:22:05.998776+00:00, run_after=2025-10-04T19:22:05.998776+00:00
[2025-10-04T19:22:06.043+0000] {processor.py:179} INFO - Processing /home/airflow/.local/lib/python3.7/site-packages/airflow/example_dags/example_latest_only.py took 0.161 seconds
[2025-10-04T19:22:36.343+0000] {processor.py:157} INFO - Started process (PID=872) to work on /home/airflow/.local/lib/python3.7/site-packages/airflow/example_dags/example_latest_only.py
[2025-10-04T19:22:36.344+0000] {processor.py:826} INFO - Processing file /home/airflow/.local/lib/python3.7/site-packages/airflow/example_dags/example_latest_only.py for tasks to queue
[2025-10-04T19:22:36.346+0000] {logging_mixin.py:149} INFO - [2025-10-04T19:22:36.346+0000] {dagbag.py:541} INFO - Filling up the DagBag from /home/airflow/.local/lib/python3.7/site-packages/airflow/example_dags/example_latest_only.py
[2025-10-04T19:22:36.358+0000] {processor.py:836} INFO - DAG(s) dict_keys(['latest_only']) retrieved from /home/airflow/.local/lib/python3.7/site-packages/airflow/example_dags/example_latest_only.py
[2025-10-04T19:22:36.403+0000] {logging_mixin.py:149} INFO - [2025-10-04T19:22:36.403+0000] {dag.py:2726} INFO - Sync 1 DAGs
[2025-10-04T19:22:36.453+0000] {logging_mixin.py:149} INFO - [2025-10-04T19:22:36.453+0000] {dag.py:3490} INFO - Setting next_dagrun for latest_only to 2025-10-04T15:22:36.452685+00:00, run_after=2025-10-04T19:22:36.452685+00:00
[2025-10-04T19:22:36.497+0000] {processor.py:179} INFO - Processing /home/airflow/.local/lib/python3.7/site-packages/airflow/example_dags/example_latest_only.py took 0.161 seconds
[2025-10-04T19:23:06.614+0000] {processor.py:157} INFO - Started process (PID=933) to work on /home/airflow/.local/lib/python3.7/site-packages/airflow/example_dags/example_latest_only.py
[2025-10-04T19:23:06.617+0000] {processor.py:826} INFO - Processing file /home/airflow/.local/lib/python3.7/site-packages/airflow/example_dags/example_latest_only.py for tasks to queue
[2025-10-04T19:23:06.618+0000] {logging_mixin.py:149} INFO - [2025-10-04T19:23:06.618+0000] {dagbag.py:541} INFO - Filling up the DagBag from /home/airflow/.local/lib/python3.7/site-packages/airflow/example_dags/example_latest_only.py
[2025-10-04T19:23:06.630+0000] {processor.py:836} INFO - DAG(s) dict_keys(['latest_only']) retrieved from /home/airflow/.local/lib/python3.7/site-packages/airflow/example_dags/example_latest_only.py
[2025-10-04T19:23:06.673+0000] {logging_mixin.py:149} INFO - [2025-10-04T19:23:06.672+0000] {dag.py:2726} INFO - Sync 1 DAGs
[2025-10-04T19:23:06.725+0000] {logging_mixin.py:149} INFO - [2025-10-04T19:23:06.725+0000] {dag.py:3490} INFO - Setting next_dagrun for latest_only to 2025-10-04T15:23:06.724469+00:00, run_after=2025-10-04T19:23:06.724469+00:00
[2025-10-04T19:23:06.771+0000] {processor.py:179} INFO - Processing /home/airflow/.local/lib/python3.7/site-packages/airflow/example_dags/example_latest_only.py took 0.164 seconds
[2025-10-04T19:23:37.438+0000] {processor.py:157} INFO - Started process (PID=994) to work on /home/airflow/.local/lib/python3.7/site-packages/airflow/example_dags/example_latest_only.py
[2025-10-04T19:23:37.440+0000] {processor.py:826} INFO - Processing file /home/airflow/.local/lib/python3.7/site-packages/airflow/example_dags/example_latest_only.py for tasks to queue
[2025-10-04T19:23:37.442+0000] {logging_mixin.py:149} INFO - [2025-10-04T19:23:37.442+0000] {dagbag.py:541} INFO - Filling up the DagBag from /home/airflow/.local/lib/python3.7/site-packages/airflow/example_dags/example_latest_only.py
[2025-10-04T19:23:37.452+0000] {processor.py:836} INFO - DAG(s) dict_keys(['latest_only']) retrieved from /home/airflow/.local/lib/python3.7/site-packages/airflow/example_dags/example_latest_only.py
[2025-10-04T19:23:37.499+0000] {logging_mixin.py:149} INFO - [2025-10-04T19:23:37.499+0000] {dag.py:2726} INFO - Sync 1 DAGs
[2025-10-04T19:23:37.543+0000] {logging_mixin.py:149} INFO - [2025-10-04T19:23:37.543+0000] {dag.py:3490} INFO - Setting next_dagrun for latest_only to 2025-10-04T15:23:37.542462+00:00, run_after=2025-10-04T19:23:37.542462+00:00
[2025-10-04T19:23:37.584+0000] {processor.py:179} INFO - Processing /home/airflow/.local/lib/python3.7/site-packages/airflow/example_dags/example_latest_only.py took 0.152 seconds
[2025-10-04T19:24:07.912+0000] {processor.py:157} INFO - Started process (PID=1056) to work on /home/airflow/.local/lib/python3.7/site-packages/airflow/example_dags/example_latest_only.py
[2025-10-04T19:24:07.914+0000] {processor.py:826} INFO - Processing file /home/airflow/.local/lib/python3.7/site-packages/airflow/example_dags/example_latest_only.py for tasks to queue
[2025-10-04T19:24:07.916+0000] {logging_mixin.py:149} INFO - [2025-10-04T19:24:07.916+0000] {dagbag.py:541} INFO - Filling up the DagBag from /home/airflow/.local/lib/python3.7/site-packages/airflow/example_dags/example_latest_only.py
[2025-10-04T19:24:07.925+0000] {processor.py:836} INFO - DAG(s) dict_keys(['latest_only']) retrieved from /home/airflow/.local/lib/python3.7/site-packages/airflow/example_dags/example_latest_only.py
[2025-10-04T19:24:07.968+0000] {logging_mixin.py:149} INFO - [2025-10-04T19:24:07.968+0000] {dag.py:2726} INFO - Sync 1 DAGs
[2025-10-04T19:24:08.009+0000] {logging_mixin.py:149} INFO - [2025-10-04T19:24:08.009+0000] {dag.py:3490} INFO - Setting next_dagrun for latest_only to 2025-10-04T15:24:08.008874+00:00, run_after=2025-10-04T19:24:08.008874+00:00
[2025-10-04T19:24:08.044+0000] {processor.py:179} INFO - Processing /home/airflow/.local/lib/python3.7/site-packages/airflow/example_dags/example_latest_only.py took 0.138 seconds
[2025-10-04T19:24:38.218+0000] {processor.py:157} INFO - Started process (PID=1117) to work on /home/airflow/.local/lib/python3.7/site-packages/airflow/example_dags/example_latest_only.py
[2025-10-04T19:24:38.221+0000] {processor.py:826} INFO - Processing file /home/airflow/.local/lib/python3.7/site-packages/airflow/example_dags/example_latest_only.py for tasks to queue
[2025-10-04T19:24:38.223+0000] {logging_mixin.py:149} INFO - [2025-10-04T19:24:38.222+0000] {dagbag.py:541} INFO - Filling up the DagBag from /home/airflow/.local/lib/python3.7/site-packages/airflow/example_dags/example_latest_only.py
[2025-10-04T19:24:38.232+0000] {processor.py:836} INFO - DAG(s) dict_keys(['latest_only']) retrieved from /home/airflow/.local/lib/python3.7/site-packages/airflow/example_dags/example_latest_only.py
[2025-10-04T19:24:38.275+0000] {logging_mixin.py:149} INFO - [2025-10-04T19:24:38.275+0000] {dag.py:2726} INFO - Sync 1 DAGs
[2025-10-04T19:24:38.315+0000] {logging_mixin.py:149} INFO - [2025-10-04T19:24:38.315+0000] {dag.py:3490} INFO - Setting next_dagrun for latest_only to 2025-10-04T15:24:38.315257+00:00, run_after=2025-10-04T19:24:38.315257+00:00
[2025-10-04T19:24:38.352+0000] {processor.py:179} INFO - Processing /home/airflow/.local/lib/python3.7/site-packages/airflow/example_dags/example_latest_only.py took 0.140 seconds
[2025-10-04T19:25:08.731+0000] {processor.py:157} INFO - Started process (PID=1178) to work on /home/airflow/.local/lib/python3.7/site-packages/airflow/example_dags/example_latest_only.py
[2025-10-04T19:25:08.733+0000] {processor.py:826} INFO - Processing file /home/airflow/.local/lib/python3.7/site-packages/airflow/example_dags/example_latest_only.py for tasks to queue
[2025-10-04T19:25:08.735+0000] {logging_mixin.py:149} INFO - [2025-10-04T19:25:08.735+0000] {dagbag.py:541} INFO - Filling up the DagBag from /home/airflow/.local/lib/python3.7/site-packages/airflow/example_dags/example_latest_only.py
[2025-10-04T19:25:08.746+0000] {processor.py:836} INFO - DAG(s) dict_keys(['latest_only']) retrieved from /home/airflow/.local/lib/python3.7/site-packages/airflow/example_dags/example_latest_only.py
[2025-10-04T19:25:08.796+0000] {logging_mixin.py:149} INFO - [2025-10-04T19:25:08.796+0000] {dag.py:2726} INFO - Sync 1 DAGs
[2025-10-04T19:25:08.846+0000] {logging_mixin.py:149} INFO - [2025-10-04T19:25:08.846+0000] {dag.py:3490} INFO - Setting next_dagrun for latest_only to 2025-10-04T15:25:08.846066+00:00, run_after=2025-10-04T19:25:08.846066+00:00
[2025-10-04T19:25:08.887+0000] {processor.py:179} INFO - Processing /home/airflow/.local/lib/python3.7/site-packages/airflow/example_dags/example_latest_only.py took 0.161 seconds
[2025-10-04T19:25:39.155+0000] {processor.py:157} INFO - Started process (PID=1239) to work on /home/airflow/.local/lib/python3.7/site-packages/airflow/example_dags/example_latest_only.py
[2025-10-04T19:25:39.157+0000] {processor.py:826} INFO - Processing file /home/airflow/.local/lib/python3.7/site-packages/airflow/example_dags/example_latest_only.py for tasks to queue
[2025-10-04T19:25:39.159+0000] {logging_mixin.py:149} INFO - [2025-10-04T19:25:39.159+0000] {dagbag.py:541} INFO - Filling up the DagBag from /home/airflow/.local/lib/python3.7/site-packages/airflow/example_dags/example_latest_only.py
[2025-10-04T19:25:39.168+0000] {processor.py:836} INFO - DAG(s) dict_keys(['latest_only']) retrieved from /home/airflow/.local/lib/python3.7/site-packages/airflow/example_dags/example_latest_only.py
[2025-10-04T19:25:39.212+0000] {logging_mixin.py:149} INFO - [2025-10-04T19:25:39.212+0000] {dag.py:2726} INFO - Sync 1 DAGs
[2025-10-04T19:25:39.264+0000] {logging_mixin.py:149} INFO - [2025-10-04T19:25:39.264+0000] {dag.py:3490} INFO - Setting next_dagrun for latest_only to 2025-10-04T15:25:39.263421+00:00, run_after=2025-10-04T19:25:39.263421+00:00
[2025-10-04T19:25:39.300+0000] {processor.py:179} INFO - Processing /home/airflow/.local/lib/python3.7/site-packages/airflow/example_dags/example_latest_only.py took 0.152 seconds
[2025-10-04T19:26:09.546+0000] {processor.py:157} INFO - Started process (PID=1300) to work on /home/airflow/.local/lib/python3.7/site-packages/airflow/example_dags/example_latest_only.py
[2025-10-04T19:26:09.549+0000] {processor.py:826} INFO - Processing file /home/airflow/.local/lib/python3.7/site-packages/airflow/example_dags/example_latest_only.py for tasks to queue
[2025-10-04T19:26:09.551+0000] {logging_mixin.py:149} INFO - [2025-10-04T19:26:09.550+0000] {dagbag.py:541} INFO - Filling up the DagBag from /home/airflow/.local/lib/python3.7/site-packages/airflow/example_dags/example_latest_only.py
[2025-10-04T19:26:09.561+0000] {processor.py:836} INFO - DAG(s) dict_keys(['latest_only']) retrieved from /home/airflow/.local/lib/python3.7/site-packages/airflow/example_dags/example_latest_only.py
[2025-10-04T19:26:09.606+0000] {logging_mixin.py:149} INFO - [2025-10-04T19:26:09.605+0000] {dag.py:2726} INFO - Sync 1 DAGs
[2025-10-04T19:26:09.649+0000] {logging_mixin.py:149} INFO - [2025-10-04T19:26:09.649+0000] {dag.py:3490} INFO - Setting next_dagrun for latest_only to 2025-10-04T15:26:09.647985+00:00, run_after=2025-10-04T19:26:09.647985+00:00
[2025-10-04T19:26:09.684+0000] {processor.py:179} INFO - Processing /home/airflow/.local/lib/python3.7/site-packages/airflow/example_dags/example_latest_only.py took 0.144 seconds
[2025-10-04T19:26:40.077+0000] {processor.py:157} INFO - Started process (PID=1361) to work on /home/airflow/.local/lib/python3.7/site-packages/airflow/example_dags/example_latest_only.py
[2025-10-04T19:26:40.080+0000] {processor.py:826} INFO - Processing file /home/airflow/.local/lib/python3.7/site-packages/airflow/example_dags/example_latest_only.py for tasks to queue
[2025-10-04T19:26:40.081+0000] {logging_mixin.py:149} INFO - [2025-10-04T19:26:40.081+0000] {dagbag.py:541} INFO - Filling up the DagBag from /home/airflow/.local/lib/python3.7/site-packages/airflow/example_dags/example_latest_only.py
[2025-10-04T19:26:40.091+0000] {processor.py:836} INFO - DAG(s) dict_keys(['latest_only']) retrieved from /home/airflow/.local/lib/python3.7/site-packages/airflow/example_dags/example_latest_only.py
[2025-10-04T19:26:40.139+0000] {logging_mixin.py:149} INFO - [2025-10-04T19:26:40.139+0000] {dag.py:2726} INFO - Sync 1 DAGs
[2025-10-04T19:26:40.188+0000] {logging_mixin.py:149} INFO - [2025-10-04T19:26:40.188+0000] {dag.py:3490} INFO - Setting next_dagrun for latest_only to 2025-10-04T15:26:40.187589+00:00, run_after=2025-10-04T19:26:40.187589+00:00
[2025-10-04T19:26:40.232+0000] {processor.py:179} INFO - Processing /home/airflow/.local/lib/python3.7/site-packages/airflow/example_dags/example_latest_only.py took 0.161 seconds
[2025-10-04T19:27:10.422+0000] {processor.py:157} INFO - Started process (PID=1422) to work on /home/airflow/.local/lib/python3.7/site-packages/airflow/example_dags/example_latest_only.py
[2025-10-04T19:27:10.424+0000] {processor.py:826} INFO - Processing file /home/airflow/.local/lib/python3.7/site-packages/airflow/example_dags/example_latest_only.py for tasks to queue
[2025-10-04T19:27:10.425+0000] {logging_mixin.py:149} INFO - [2025-10-04T19:27:10.425+0000] {dagbag.py:541} INFO - Filling up the DagBag from /home/airflow/.local/lib/python3.7/site-packages/airflow/example_dags/example_latest_only.py
[2025-10-04T19:27:10.434+0000] {processor.py:836} INFO - DAG(s) dict_keys(['latest_only']) retrieved from /home/airflow/.local/lib/python3.7/site-packages/airflow/example_dags/example_latest_only.py
[2025-10-04T19:27:10.477+0000] {logging_mixin.py:149} INFO - [2025-10-04T19:27:10.477+0000] {dag.py:2726} INFO - Sync 1 DAGs
[2025-10-04T19:27:10.526+0000] {logging_mixin.py:149} INFO - [2025-10-04T19:27:10.526+0000] {dag.py:3490} INFO - Setting next_dagrun for latest_only to 2025-10-04T15:27:10.525637+00:00, run_after=2025-10-04T19:27:10.525637+00:00
[2025-10-04T19:27:10.564+0000] {processor.py:179} INFO - Processing /home/airflow/.local/lib/python3.7/site-packages/airflow/example_dags/example_latest_only.py took 0.148 seconds
[2025-10-04T19:27:40.772+0000] {processor.py:157} INFO - Started process (PID=1483) to work on /home/airflow/.local/lib/python3.7/site-packages/airflow/example_dags/example_latest_only.py
[2025-10-04T19:27:40.774+0000] {processor.py:826} INFO - Processing file /home/airflow/.local/lib/python3.7/site-packages/airflow/example_dags/example_latest_only.py for tasks to queue
[2025-10-04T19:27:40.777+0000] {logging_mixin.py:149} INFO - [2025-10-04T19:27:40.776+0000] {dagbag.py:541} INFO - Filling up the DagBag from /home/airflow/.local/lib/python3.7/site-packages/airflow/example_dags/example_latest_only.py
[2025-10-04T19:27:40.789+0000] {processor.py:836} INFO - DAG(s) dict_keys(['latest_only']) retrieved from /home/airflow/.local/lib/python3.7/site-packages/airflow/example_dags/example_latest_only.py
[2025-10-04T19:27:40.837+0000] {logging_mixin.py:149} INFO - [2025-10-04T19:27:40.836+0000] {dag.py:2726} INFO - Sync 1 DAGs
[2025-10-04T19:27:40.885+0000] {logging_mixin.py:149} INFO - [2025-10-04T19:27:40.884+0000] {dag.py:3490} INFO - Setting next_dagrun for latest_only to 2025-10-04T15:27:40.883207+00:00, run_after=2025-10-04T19:27:40.883207+00:00
[2025-10-04T19:27:40.931+0000] {processor.py:179} INFO - Processing /home/airflow/.local/lib/python3.7/site-packages/airflow/example_dags/example_latest_only.py took 0.166 seconds
