[2025-10-04T19:15:54.660+0000] {processor.py:157} INFO - Started process (PID=71) to work on /home/airflow/.local/lib/python3.7/site-packages/airflow/example_dags/example_dag_decorator.py
[2025-10-04T19:15:54.662+0000] {processor.py:826} INFO - Processing file /home/airflow/.local/lib/python3.7/site-packages/airflow/example_dags/example_dag_decorator.py for tasks to queue
[2025-10-04T19:15:54.664+0000] {logging_mixin.py:149} INFO - [2025-10-04T19:15:54.664+0000] {dagbag.py:541} INFO - Filling up the DagBag from /home/airflow/.local/lib/python3.7/site-packages/airflow/example_dags/example_dag_decorator.py
[2025-10-04T19:15:54.710+0000] {processor.py:836} INFO - DAG(s) dict_keys(['example_dag_decorator']) retrieved from /home/airflow/.local/lib/python3.7/site-packages/airflow/example_dags/example_dag_decorator.py
[2025-10-04T19:15:55.000+0000] {logging_mixin.py:149} INFO - [2025-10-04T19:15:55.000+0000] {manager.py:504} INFO - Created Permission View: can delete on DAG:example_dag_decorator
[2025-10-04T19:15:55.046+0000] {logging_mixin.py:149} INFO - [2025-10-04T19:15:55.046+0000] {manager.py:504} INFO - Created Permission View: can edit on DAG:example_dag_decorator
[2025-10-04T19:15:55.066+0000] {logging_mixin.py:149} INFO - [2025-10-04T19:15:55.066+0000] {manager.py:504} INFO - Created Permission View: can read on DAG:example_dag_decorator
[2025-10-04T19:15:55.099+0000] {logging_mixin.py:149} INFO - [2025-10-04T19:15:55.099+0000] {dag.py:2726} INFO - Sync 1 DAGs
[2025-10-04T19:15:55.126+0000] {logging_mixin.py:149} INFO - [2025-10-04T19:15:55.126+0000] {dag.py:2747} INFO - Creating ORM DAG for example_dag_decorator
[2025-10-04T19:15:55.149+0000] {logging_mixin.py:149} INFO - [2025-10-04T19:15:55.149+0000] {dag.py:3490} INFO - Setting next_dagrun for example_dag_decorator to None, run_after=None
[2025-10-04T19:15:55.198+0000] {processor.py:179} INFO - Processing /home/airflow/.local/lib/python3.7/site-packages/airflow/example_dags/example_dag_decorator.py took 0.546 seconds
[2025-10-04T19:16:25.606+0000] {processor.py:157} INFO - Started process (PID=133) to work on /home/airflow/.local/lib/python3.7/site-packages/airflow/example_dags/example_dag_decorator.py
[2025-10-04T19:16:25.609+0000] {processor.py:826} INFO - Processing file /home/airflow/.local/lib/python3.7/site-packages/airflow/example_dags/example_dag_decorator.py for tasks to queue
[2025-10-04T19:16:25.611+0000] {logging_mixin.py:149} INFO - [2025-10-04T19:16:25.610+0000] {dagbag.py:541} INFO - Filling up the DagBag from /home/airflow/.local/lib/python3.7/site-packages/airflow/example_dags/example_dag_decorator.py
[2025-10-04T19:16:25.653+0000] {processor.py:836} INFO - DAG(s) dict_keys(['example_dag_decorator']) retrieved from /home/airflow/.local/lib/python3.7/site-packages/airflow/example_dags/example_dag_decorator.py
[2025-10-04T19:16:25.933+0000] {logging_mixin.py:149} INFO - [2025-10-04T19:16:25.933+0000] {dag.py:2726} INFO - Sync 1 DAGs
[2025-10-04T19:16:25.981+0000] {logging_mixin.py:149} INFO - [2025-10-04T19:16:25.980+0000] {dag.py:3490} INFO - Setting next_dagrun for example_dag_decorator to None, run_after=None
[2025-10-04T19:16:26.021+0000] {processor.py:179} INFO - Processing /home/airflow/.local/lib/python3.7/site-packages/airflow/example_dags/example_dag_decorator.py took 0.422 seconds
[2025-10-04T19:16:56.618+0000] {processor.py:157} INFO - Started process (PID=195) to work on /home/airflow/.local/lib/python3.7/site-packages/airflow/example_dags/example_dag_decorator.py
[2025-10-04T19:16:56.621+0000] {processor.py:826} INFO - Processing file /home/airflow/.local/lib/python3.7/site-packages/airflow/example_dags/example_dag_decorator.py for tasks to queue
[2025-10-04T19:16:56.622+0000] {logging_mixin.py:149} INFO - [2025-10-04T19:16:56.622+0000] {dagbag.py:541} INFO - Filling up the DagBag from /home/airflow/.local/lib/python3.7/site-packages/airflow/example_dags/example_dag_decorator.py
[2025-10-04T19:16:56.653+0000] {processor.py:836} INFO - DAG(s) dict_keys(['example_dag_decorator']) retrieved from /home/airflow/.local/lib/python3.7/site-packages/airflow/example_dags/example_dag_decorator.py
[2025-10-04T19:16:56.906+0000] {logging_mixin.py:149} INFO - [2025-10-04T19:16:56.906+0000] {dag.py:2726} INFO - Sync 1 DAGs
[2025-10-04T19:16:56.952+0000] {logging_mixin.py:149} INFO - [2025-10-04T19:16:56.952+0000] {dag.py:3490} INFO - Setting next_dagrun for example_dag_decorator to None, run_after=None
[2025-10-04T19:16:56.999+0000] {processor.py:179} INFO - Processing /home/airflow/.local/lib/python3.7/site-packages/airflow/example_dags/example_dag_decorator.py took 0.386 seconds
[2025-10-04T19:17:27.185+0000] {processor.py:157} INFO - Started process (PID=256) to work on /home/airflow/.local/lib/python3.7/site-packages/airflow/example_dags/example_dag_decorator.py
[2025-10-04T19:17:27.188+0000] {processor.py:826} INFO - Processing file /home/airflow/.local/lib/python3.7/site-packages/airflow/example_dags/example_dag_decorator.py for tasks to queue
[2025-10-04T19:17:27.190+0000] {logging_mixin.py:149} INFO - [2025-10-04T19:17:27.190+0000] {dagbag.py:541} INFO - Filling up the DagBag from /home/airflow/.local/lib/python3.7/site-packages/airflow/example_dags/example_dag_decorator.py
[2025-10-04T19:17:27.219+0000] {processor.py:836} INFO - DAG(s) dict_keys(['example_dag_decorator']) retrieved from /home/airflow/.local/lib/python3.7/site-packages/airflow/example_dags/example_dag_decorator.py
[2025-10-04T19:17:27.497+0000] {logging_mixin.py:149} INFO - [2025-10-04T19:17:27.497+0000] {dag.py:2726} INFO - Sync 1 DAGs
[2025-10-04T19:17:27.544+0000] {logging_mixin.py:149} INFO - [2025-10-04T19:17:27.544+0000] {dag.py:3490} INFO - Setting next_dagrun for example_dag_decorator to None, run_after=None
[2025-10-04T19:17:27.594+0000] {processor.py:179} INFO - Processing /home/airflow/.local/lib/python3.7/site-packages/airflow/example_dags/example_dag_decorator.py took 0.415 seconds
[2025-10-04T19:17:58.112+0000] {processor.py:157} INFO - Started process (PID=317) to work on /home/airflow/.local/lib/python3.7/site-packages/airflow/example_dags/example_dag_decorator.py
[2025-10-04T19:17:58.115+0000] {processor.py:826} INFO - Processing file /home/airflow/.local/lib/python3.7/site-packages/airflow/example_dags/example_dag_decorator.py for tasks to queue
[2025-10-04T19:17:58.117+0000] {logging_mixin.py:149} INFO - [2025-10-04T19:17:58.116+0000] {dagbag.py:541} INFO - Filling up the DagBag from /home/airflow/.local/lib/python3.7/site-packages/airflow/example_dags/example_dag_decorator.py
[2025-10-04T19:17:58.145+0000] {processor.py:836} INFO - DAG(s) dict_keys(['example_dag_decorator']) retrieved from /home/airflow/.local/lib/python3.7/site-packages/airflow/example_dags/example_dag_decorator.py
[2025-10-04T19:17:58.365+0000] {logging_mixin.py:149} INFO - [2025-10-04T19:17:58.365+0000] {dag.py:2726} INFO - Sync 1 DAGs
[2025-10-04T19:17:58.408+0000] {logging_mixin.py:149} INFO - [2025-10-04T19:17:58.408+0000] {dag.py:3490} INFO - Setting next_dagrun for example_dag_decorator to None, run_after=None
[2025-10-04T19:17:58.457+0000] {processor.py:179} INFO - Processing /home/airflow/.local/lib/python3.7/site-packages/airflow/example_dags/example_dag_decorator.py took 0.352 seconds
[2025-10-04T19:18:28.664+0000] {processor.py:157} INFO - Started process (PID=377) to work on /home/airflow/.local/lib/python3.7/site-packages/airflow/example_dags/example_dag_decorator.py
[2025-10-04T19:18:28.667+0000] {processor.py:826} INFO - Processing file /home/airflow/.local/lib/python3.7/site-packages/airflow/example_dags/example_dag_decorator.py for tasks to queue
[2025-10-04T19:18:28.669+0000] {logging_mixin.py:149} INFO - [2025-10-04T19:18:28.669+0000] {dagbag.py:541} INFO - Filling up the DagBag from /home/airflow/.local/lib/python3.7/site-packages/airflow/example_dags/example_dag_decorator.py
[2025-10-04T19:18:28.704+0000] {processor.py:836} INFO - DAG(s) dict_keys(['example_dag_decorator']) retrieved from /home/airflow/.local/lib/python3.7/site-packages/airflow/example_dags/example_dag_decorator.py
[2025-10-04T19:18:28.967+0000] {logging_mixin.py:149} INFO - [2025-10-04T19:18:28.967+0000] {dag.py:2726} INFO - Sync 1 DAGs
[2025-10-04T19:18:29.021+0000] {logging_mixin.py:149} INFO - [2025-10-04T19:18:29.021+0000] {dag.py:3490} INFO - Setting next_dagrun for example_dag_decorator to None, run_after=None
[2025-10-04T19:18:29.067+0000] {processor.py:179} INFO - Processing /home/airflow/.local/lib/python3.7/site-packages/airflow/example_dags/example_dag_decorator.py took 0.411 seconds
[2025-10-04T19:18:59.395+0000] {processor.py:157} INFO - Started process (PID=438) to work on /home/airflow/.local/lib/python3.7/site-packages/airflow/example_dags/example_dag_decorator.py
[2025-10-04T19:18:59.398+0000] {processor.py:826} INFO - Processing file /home/airflow/.local/lib/python3.7/site-packages/airflow/example_dags/example_dag_decorator.py for tasks to queue
[2025-10-04T19:18:59.400+0000] {logging_mixin.py:149} INFO - [2025-10-04T19:18:59.400+0000] {dagbag.py:541} INFO - Filling up the DagBag from /home/airflow/.local/lib/python3.7/site-packages/airflow/example_dags/example_dag_decorator.py
[2025-10-04T19:18:59.427+0000] {processor.py:836} INFO - DAG(s) dict_keys(['example_dag_decorator']) retrieved from /home/airflow/.local/lib/python3.7/site-packages/airflow/example_dags/example_dag_decorator.py
[2025-10-04T19:18:59.692+0000] {logging_mixin.py:149} INFO - [2025-10-04T19:18:59.692+0000] {dag.py:2726} INFO - Sync 1 DAGs
[2025-10-04T19:18:59.743+0000] {logging_mixin.py:149} INFO - [2025-10-04T19:18:59.742+0000] {dag.py:3490} INFO - Setting next_dagrun for example_dag_decorator to None, run_after=None
[2025-10-04T19:18:59.790+0000] {processor.py:179} INFO - Processing /home/airflow/.local/lib/python3.7/site-packages/airflow/example_dags/example_dag_decorator.py took 0.400 seconds
[2025-10-04T19:19:29.927+0000] {processor.py:157} INFO - Started process (PID=501) to work on /home/airflow/.local/lib/python3.7/site-packages/airflow/example_dags/example_dag_decorator.py
[2025-10-04T19:19:29.929+0000] {processor.py:826} INFO - Processing file /home/airflow/.local/lib/python3.7/site-packages/airflow/example_dags/example_dag_decorator.py for tasks to queue
[2025-10-04T19:19:29.932+0000] {logging_mixin.py:149} INFO - [2025-10-04T19:19:29.931+0000] {dagbag.py:541} INFO - Filling up the DagBag from /home/airflow/.local/lib/python3.7/site-packages/airflow/example_dags/example_dag_decorator.py
[2025-10-04T19:19:29.965+0000] {processor.py:836} INFO - DAG(s) dict_keys(['example_dag_decorator']) retrieved from /home/airflow/.local/lib/python3.7/site-packages/airflow/example_dags/example_dag_decorator.py
[2025-10-04T19:19:30.350+0000] {logging_mixin.py:149} INFO - [2025-10-04T19:19:30.350+0000] {dag.py:2726} INFO - Sync 1 DAGs
[2025-10-04T19:19:30.418+0000] {logging_mixin.py:149} INFO - [2025-10-04T19:19:30.417+0000] {dag.py:3490} INFO - Setting next_dagrun for example_dag_decorator to None, run_after=None
[2025-10-04T19:19:30.479+0000] {processor.py:179} INFO - Processing /home/airflow/.local/lib/python3.7/site-packages/airflow/example_dags/example_dag_decorator.py took 0.560 seconds
[2025-10-04T19:20:00.897+0000] {processor.py:157} INFO - Started process (PID=561) to work on /home/airflow/.local/lib/python3.7/site-packages/airflow/example_dags/example_dag_decorator.py
[2025-10-04T19:20:00.899+0000] {processor.py:826} INFO - Processing file /home/airflow/.local/lib/python3.7/site-packages/airflow/example_dags/example_dag_decorator.py for tasks to queue
[2025-10-04T19:20:00.902+0000] {logging_mixin.py:149} INFO - [2025-10-04T19:20:00.901+0000] {dagbag.py:541} INFO - Filling up the DagBag from /home/airflow/.local/lib/python3.7/site-packages/airflow/example_dags/example_dag_decorator.py
[2025-10-04T19:20:00.940+0000] {processor.py:836} INFO - DAG(s) dict_keys(['example_dag_decorator']) retrieved from /home/airflow/.local/lib/python3.7/site-packages/airflow/example_dags/example_dag_decorator.py
[2025-10-04T19:20:01.236+0000] {logging_mixin.py:149} INFO - [2025-10-04T19:20:01.236+0000] {dag.py:2726} INFO - Sync 1 DAGs
[2025-10-04T19:20:01.291+0000] {logging_mixin.py:149} INFO - [2025-10-04T19:20:01.290+0000] {dag.py:3490} INFO - Setting next_dagrun for example_dag_decorator to None, run_after=None
[2025-10-04T19:20:01.353+0000] {processor.py:179} INFO - Processing /home/airflow/.local/lib/python3.7/site-packages/airflow/example_dags/example_dag_decorator.py took 0.466 seconds
[2025-10-04T19:20:31.460+0000] {processor.py:157} INFO - Started process (PID=622) to work on /home/airflow/.local/lib/python3.7/site-packages/airflow/example_dags/example_dag_decorator.py
[2025-10-04T19:20:31.464+0000] {processor.py:826} INFO - Processing file /home/airflow/.local/lib/python3.7/site-packages/airflow/example_dags/example_dag_decorator.py for tasks to queue
[2025-10-04T19:20:31.467+0000] {logging_mixin.py:149} INFO - [2025-10-04T19:20:31.466+0000] {dagbag.py:541} INFO - Filling up the DagBag from /home/airflow/.local/lib/python3.7/site-packages/airflow/example_dags/example_dag_decorator.py
[2025-10-04T19:20:31.503+0000] {processor.py:836} INFO - DAG(s) dict_keys(['example_dag_decorator']) retrieved from /home/airflow/.local/lib/python3.7/site-packages/airflow/example_dags/example_dag_decorator.py
[2025-10-04T19:20:31.934+0000] {logging_mixin.py:149} INFO - [2025-10-04T19:20:31.934+0000] {dag.py:2726} INFO - Sync 1 DAGs
[2025-10-04T19:20:31.996+0000] {logging_mixin.py:149} INFO - [2025-10-04T19:20:31.995+0000] {dag.py:3490} INFO - Setting next_dagrun for example_dag_decorator to None, run_after=None
[2025-10-04T19:20:32.047+0000] {processor.py:179} INFO - Processing /home/airflow/.local/lib/python3.7/site-packages/airflow/example_dags/example_dag_decorator.py took 0.597 seconds
[2025-10-04T19:21:02.177+0000] {processor.py:157} INFO - Started process (PID=683) to work on /home/airflow/.local/lib/python3.7/site-packages/airflow/example_dags/example_dag_decorator.py
[2025-10-04T19:21:02.180+0000] {processor.py:826} INFO - Processing file /home/airflow/.local/lib/python3.7/site-packages/airflow/example_dags/example_dag_decorator.py for tasks to queue
[2025-10-04T19:21:02.182+0000] {logging_mixin.py:149} INFO - [2025-10-04T19:21:02.181+0000] {dagbag.py:541} INFO - Filling up the DagBag from /home/airflow/.local/lib/python3.7/site-packages/airflow/example_dags/example_dag_decorator.py
[2025-10-04T19:21:02.216+0000] {processor.py:836} INFO - DAG(s) dict_keys(['example_dag_decorator']) retrieved from /home/airflow/.local/lib/python3.7/site-packages/airflow/example_dags/example_dag_decorator.py
[2025-10-04T19:21:02.511+0000] {logging_mixin.py:149} INFO - [2025-10-04T19:21:02.511+0000] {dag.py:2726} INFO - Sync 1 DAGs
[2025-10-04T19:21:02.567+0000] {logging_mixin.py:149} INFO - [2025-10-04T19:21:02.567+0000] {dag.py:3490} INFO - Setting next_dagrun for example_dag_decorator to None, run_after=None
[2025-10-04T19:21:02.637+0000] {processor.py:179} INFO - Processing /home/airflow/.local/lib/python3.7/site-packages/airflow/example_dags/example_dag_decorator.py took 0.469 seconds
[2025-10-04T19:21:32.997+0000] {processor.py:157} INFO - Started process (PID=744) to work on /home/airflow/.local/lib/python3.7/site-packages/airflow/example_dags/example_dag_decorator.py
[2025-10-04T19:21:33.000+0000] {processor.py:826} INFO - Processing file /home/airflow/.local/lib/python3.7/site-packages/airflow/example_dags/example_dag_decorator.py for tasks to queue
[2025-10-04T19:21:33.004+0000] {logging_mixin.py:149} INFO - [2025-10-04T19:21:33.003+0000] {dagbag.py:541} INFO - Filling up the DagBag from /home/airflow/.local/lib/python3.7/site-packages/airflow/example_dags/example_dag_decorator.py
[2025-10-04T19:21:33.041+0000] {processor.py:836} INFO - DAG(s) dict_keys(['example_dag_decorator']) retrieved from /home/airflow/.local/lib/python3.7/site-packages/airflow/example_dags/example_dag_decorator.py
[2025-10-04T19:21:33.337+0000] {logging_mixin.py:149} INFO - [2025-10-04T19:21:33.337+0000] {dag.py:2726} INFO - Sync 1 DAGs
[2025-10-04T19:21:33.383+0000] {logging_mixin.py:149} INFO - [2025-10-04T19:21:33.383+0000] {dag.py:3490} INFO - Setting next_dagrun for example_dag_decorator to None, run_after=None
[2025-10-04T19:21:33.430+0000] {processor.py:179} INFO - Processing /home/airflow/.local/lib/python3.7/site-packages/airflow/example_dags/example_dag_decorator.py took 0.442 seconds
[2025-10-04T19:22:03.966+0000] {processor.py:157} INFO - Started process (PID=805) to work on /home/airflow/.local/lib/python3.7/site-packages/airflow/example_dags/example_dag_decorator.py
[2025-10-04T19:22:03.970+0000] {processor.py:826} INFO - Processing file /home/airflow/.local/lib/python3.7/site-packages/airflow/example_dags/example_dag_decorator.py for tasks to queue
[2025-10-04T19:22:03.972+0000] {logging_mixin.py:149} INFO - [2025-10-04T19:22:03.971+0000] {dagbag.py:541} INFO - Filling up the DagBag from /home/airflow/.local/lib/python3.7/site-packages/airflow/example_dags/example_dag_decorator.py
[2025-10-04T19:22:04.000+0000] {processor.py:836} INFO - DAG(s) dict_keys(['example_dag_decorator']) retrieved from /home/airflow/.local/lib/python3.7/site-packages/airflow/example_dags/example_dag_decorator.py
[2025-10-04T19:22:04.269+0000] {logging_mixin.py:149} INFO - [2025-10-04T19:22:04.269+0000] {dag.py:2726} INFO - Sync 1 DAGs
[2025-10-04T19:22:04.313+0000] {logging_mixin.py:149} INFO - [2025-10-04T19:22:04.313+0000] {dag.py:3490} INFO - Setting next_dagrun for example_dag_decorator to None, run_after=None
[2025-10-04T19:22:04.352+0000] {processor.py:179} INFO - Processing /home/airflow/.local/lib/python3.7/site-packages/airflow/example_dags/example_dag_decorator.py took 0.394 seconds
[2025-10-04T19:22:34.444+0000] {processor.py:157} INFO - Started process (PID=866) to work on /home/airflow/.local/lib/python3.7/site-packages/airflow/example_dags/example_dag_decorator.py
[2025-10-04T19:22:34.447+0000] {processor.py:826} INFO - Processing file /home/airflow/.local/lib/python3.7/site-packages/airflow/example_dags/example_dag_decorator.py for tasks to queue
[2025-10-04T19:22:34.448+0000] {logging_mixin.py:149} INFO - [2025-10-04T19:22:34.448+0000] {dagbag.py:541} INFO - Filling up the DagBag from /home/airflow/.local/lib/python3.7/site-packages/airflow/example_dags/example_dag_decorator.py
[2025-10-04T19:22:34.472+0000] {processor.py:836} INFO - DAG(s) dict_keys(['example_dag_decorator']) retrieved from /home/airflow/.local/lib/python3.7/site-packages/airflow/example_dags/example_dag_decorator.py
[2025-10-04T19:22:34.712+0000] {logging_mixin.py:149} INFO - [2025-10-04T19:22:34.712+0000] {dag.py:2726} INFO - Sync 1 DAGs
[2025-10-04T19:22:34.757+0000] {logging_mixin.py:149} INFO - [2025-10-04T19:22:34.757+0000] {dag.py:3490} INFO - Setting next_dagrun for example_dag_decorator to None, run_after=None
[2025-10-04T19:22:34.800+0000] {processor.py:179} INFO - Processing /home/airflow/.local/lib/python3.7/site-packages/airflow/example_dags/example_dag_decorator.py took 0.362 seconds
[2025-10-04T19:23:04.950+0000] {processor.py:157} INFO - Started process (PID=928) to work on /home/airflow/.local/lib/python3.7/site-packages/airflow/example_dags/example_dag_decorator.py
[2025-10-04T19:23:04.952+0000] {processor.py:826} INFO - Processing file /home/airflow/.local/lib/python3.7/site-packages/airflow/example_dags/example_dag_decorator.py for tasks to queue
[2025-10-04T19:23:04.954+0000] {logging_mixin.py:149} INFO - [2025-10-04T19:23:04.954+0000] {dagbag.py:541} INFO - Filling up the DagBag from /home/airflow/.local/lib/python3.7/site-packages/airflow/example_dags/example_dag_decorator.py
[2025-10-04T19:23:04.976+0000] {processor.py:836} INFO - DAG(s) dict_keys(['example_dag_decorator']) retrieved from /home/airflow/.local/lib/python3.7/site-packages/airflow/example_dags/example_dag_decorator.py
[2025-10-04T19:23:05.204+0000] {logging_mixin.py:149} INFO - [2025-10-04T19:23:05.204+0000] {dag.py:2726} INFO - Sync 1 DAGs
[2025-10-04T19:23:05.243+0000] {logging_mixin.py:149} INFO - [2025-10-04T19:23:05.243+0000] {dag.py:3490} INFO - Setting next_dagrun for example_dag_decorator to None, run_after=None
[2025-10-04T19:23:05.282+0000] {processor.py:179} INFO - Processing /home/airflow/.local/lib/python3.7/site-packages/airflow/example_dags/example_dag_decorator.py took 0.338 seconds
[2025-10-04T19:23:35.641+0000] {processor.py:157} INFO - Started process (PID=988) to work on /home/airflow/.local/lib/python3.7/site-packages/airflow/example_dags/example_dag_decorator.py
[2025-10-04T19:23:35.646+0000] {processor.py:826} INFO - Processing file /home/airflow/.local/lib/python3.7/site-packages/airflow/example_dags/example_dag_decorator.py for tasks to queue
[2025-10-04T19:23:35.652+0000] {logging_mixin.py:149} INFO - [2025-10-04T19:23:35.652+0000] {dagbag.py:541} INFO - Filling up the DagBag from /home/airflow/.local/lib/python3.7/site-packages/airflow/example_dags/example_dag_decorator.py
[2025-10-04T19:23:35.732+0000] {processor.py:836} INFO - DAG(s) dict_keys(['example_dag_decorator']) retrieved from /home/airflow/.local/lib/python3.7/site-packages/airflow/example_dags/example_dag_decorator.py
[2025-10-04T19:23:36.054+0000] {logging_mixin.py:149} INFO - [2025-10-04T19:23:36.054+0000] {dag.py:2726} INFO - Sync 1 DAGs
[2025-10-04T19:23:36.102+0000] {logging_mixin.py:149} INFO - [2025-10-04T19:23:36.102+0000] {dag.py:3490} INFO - Setting next_dagrun for example_dag_decorator to None, run_after=None
[2025-10-04T19:23:36.146+0000] {processor.py:179} INFO - Processing /home/airflow/.local/lib/python3.7/site-packages/airflow/example_dags/example_dag_decorator.py took 0.514 seconds
[2025-10-04T19:24:06.271+0000] {processor.py:157} INFO - Started process (PID=1051) to work on /home/airflow/.local/lib/python3.7/site-packages/airflow/example_dags/example_dag_decorator.py
[2025-10-04T19:24:06.273+0000] {processor.py:826} INFO - Processing file /home/airflow/.local/lib/python3.7/site-packages/airflow/example_dags/example_dag_decorator.py for tasks to queue
[2025-10-04T19:24:06.275+0000] {logging_mixin.py:149} INFO - [2025-10-04T19:24:06.274+0000] {dagbag.py:541} INFO - Filling up the DagBag from /home/airflow/.local/lib/python3.7/site-packages/airflow/example_dags/example_dag_decorator.py
[2025-10-04T19:24:06.297+0000] {processor.py:836} INFO - DAG(s) dict_keys(['example_dag_decorator']) retrieved from /home/airflow/.local/lib/python3.7/site-packages/airflow/example_dags/example_dag_decorator.py
[2025-10-04T19:24:06.511+0000] {logging_mixin.py:149} INFO - [2025-10-04T19:24:06.511+0000] {dag.py:2726} INFO - Sync 1 DAGs
[2025-10-04T19:24:06.548+0000] {logging_mixin.py:149} INFO - [2025-10-04T19:24:06.548+0000] {dag.py:3490} INFO - Setting next_dagrun for example_dag_decorator to None, run_after=None
[2025-10-04T19:24:06.584+0000] {processor.py:179} INFO - Processing /home/airflow/.local/lib/python3.7/site-packages/airflow/example_dags/example_dag_decorator.py took 0.319 seconds
[2025-10-04T19:24:36.780+0000] {processor.py:157} INFO - Started process (PID=1113) to work on /home/airflow/.local/lib/python3.7/site-packages/airflow/example_dags/example_dag_decorator.py
[2025-10-04T19:24:36.781+0000] {processor.py:826} INFO - Processing file /home/airflow/.local/lib/python3.7/site-packages/airflow/example_dags/example_dag_decorator.py for tasks to queue
[2025-10-04T19:24:36.783+0000] {logging_mixin.py:149} INFO - [2025-10-04T19:24:36.783+0000] {dagbag.py:541} INFO - Filling up the DagBag from /home/airflow/.local/lib/python3.7/site-packages/airflow/example_dags/example_dag_decorator.py
[2025-10-04T19:24:36.807+0000] {processor.py:836} INFO - DAG(s) dict_keys(['example_dag_decorator']) retrieved from /home/airflow/.local/lib/python3.7/site-packages/airflow/example_dags/example_dag_decorator.py
[2025-10-04T19:24:36.995+0000] {logging_mixin.py:149} INFO - [2025-10-04T19:24:36.995+0000] {dag.py:2726} INFO - Sync 1 DAGs
[2025-10-04T19:24:37.032+0000] {logging_mixin.py:149} INFO - [2025-10-04T19:24:37.032+0000] {dag.py:3490} INFO - Setting next_dagrun for example_dag_decorator to None, run_after=None
[2025-10-04T19:24:37.069+0000] {processor.py:179} INFO - Processing /home/airflow/.local/lib/python3.7/site-packages/airflow/example_dags/example_dag_decorator.py took 0.295 seconds
[2025-10-04T19:25:07.298+0000] {processor.py:157} INFO - Started process (PID=1174) to work on /home/airflow/.local/lib/python3.7/site-packages/airflow/example_dags/example_dag_decorator.py
[2025-10-04T19:25:07.300+0000] {processor.py:826} INFO - Processing file /home/airflow/.local/lib/python3.7/site-packages/airflow/example_dags/example_dag_decorator.py for tasks to queue
[2025-10-04T19:25:07.301+0000] {logging_mixin.py:149} INFO - [2025-10-04T19:25:07.301+0000] {dagbag.py:541} INFO - Filling up the DagBag from /home/airflow/.local/lib/python3.7/site-packages/airflow/example_dags/example_dag_decorator.py
[2025-10-04T19:25:07.323+0000] {processor.py:836} INFO - DAG(s) dict_keys(['example_dag_decorator']) retrieved from /home/airflow/.local/lib/python3.7/site-packages/airflow/example_dags/example_dag_decorator.py
[2025-10-04T19:25:07.512+0000] {logging_mixin.py:149} INFO - [2025-10-04T19:25:07.512+0000] {dag.py:2726} INFO - Sync 1 DAGs
[2025-10-04T19:25:07.547+0000] {logging_mixin.py:149} INFO - [2025-10-04T19:25:07.546+0000] {dag.py:3490} INFO - Setting next_dagrun for example_dag_decorator to None, run_after=None
[2025-10-04T19:25:07.582+0000] {processor.py:179} INFO - Processing /home/airflow/.local/lib/python3.7/site-packages/airflow/example_dags/example_dag_decorator.py took 0.289 seconds
[2025-10-04T19:25:37.711+0000] {processor.py:157} INFO - Started process (PID=1235) to work on /home/airflow/.local/lib/python3.7/site-packages/airflow/example_dags/example_dag_decorator.py
[2025-10-04T19:25:37.714+0000] {processor.py:826} INFO - Processing file /home/airflow/.local/lib/python3.7/site-packages/airflow/example_dags/example_dag_decorator.py for tasks to queue
[2025-10-04T19:25:37.715+0000] {logging_mixin.py:149} INFO - [2025-10-04T19:25:37.715+0000] {dagbag.py:541} INFO - Filling up the DagBag from /home/airflow/.local/lib/python3.7/site-packages/airflow/example_dags/example_dag_decorator.py
[2025-10-04T19:25:37.740+0000] {processor.py:836} INFO - DAG(s) dict_keys(['example_dag_decorator']) retrieved from /home/airflow/.local/lib/python3.7/site-packages/airflow/example_dags/example_dag_decorator.py
[2025-10-04T19:25:37.931+0000] {logging_mixin.py:149} INFO - [2025-10-04T19:25:37.930+0000] {dag.py:2726} INFO - Sync 1 DAGs
[2025-10-04T19:25:37.966+0000] {logging_mixin.py:149} INFO - [2025-10-04T19:25:37.966+0000] {dag.py:3490} INFO - Setting next_dagrun for example_dag_decorator to None, run_after=None
[2025-10-04T19:25:38.002+0000] {processor.py:179} INFO - Processing /home/airflow/.local/lib/python3.7/site-packages/airflow/example_dags/example_dag_decorator.py took 0.298 seconds
[2025-10-04T19:26:08.125+0000] {processor.py:157} INFO - Started process (PID=1296) to work on /home/airflow/.local/lib/python3.7/site-packages/airflow/example_dags/example_dag_decorator.py
[2025-10-04T19:26:08.127+0000] {processor.py:826} INFO - Processing file /home/airflow/.local/lib/python3.7/site-packages/airflow/example_dags/example_dag_decorator.py for tasks to queue
[2025-10-04T19:26:08.129+0000] {logging_mixin.py:149} INFO - [2025-10-04T19:26:08.128+0000] {dagbag.py:541} INFO - Filling up the DagBag from /home/airflow/.local/lib/python3.7/site-packages/airflow/example_dags/example_dag_decorator.py
[2025-10-04T19:26:08.158+0000] {processor.py:836} INFO - DAG(s) dict_keys(['example_dag_decorator']) retrieved from /home/airflow/.local/lib/python3.7/site-packages/airflow/example_dags/example_dag_decorator.py
[2025-10-04T19:26:08.354+0000] {logging_mixin.py:149} INFO - [2025-10-04T19:26:08.353+0000] {dag.py:2726} INFO - Sync 1 DAGs
[2025-10-04T19:26:08.392+0000] {logging_mixin.py:149} INFO - [2025-10-04T19:26:08.392+0000] {dag.py:3490} INFO - Setting next_dagrun for example_dag_decorator to None, run_after=None
[2025-10-04T19:26:08.426+0000] {processor.py:179} INFO - Processing /home/airflow/.local/lib/python3.7/site-packages/airflow/example_dags/example_dag_decorator.py took 0.306 seconds
[2025-10-04T19:26:38.596+0000] {processor.py:157} INFO - Started process (PID=1357) to work on /home/airflow/.local/lib/python3.7/site-packages/airflow/example_dags/example_dag_decorator.py
[2025-10-04T19:26:38.599+0000] {processor.py:826} INFO - Processing file /home/airflow/.local/lib/python3.7/site-packages/airflow/example_dags/example_dag_decorator.py for tasks to queue
[2025-10-04T19:26:38.600+0000] {logging_mixin.py:149} INFO - [2025-10-04T19:26:38.600+0000] {dagbag.py:541} INFO - Filling up the DagBag from /home/airflow/.local/lib/python3.7/site-packages/airflow/example_dags/example_dag_decorator.py
[2025-10-04T19:26:38.632+0000] {processor.py:836} INFO - DAG(s) dict_keys(['example_dag_decorator']) retrieved from /home/airflow/.local/lib/python3.7/site-packages/airflow/example_dags/example_dag_decorator.py
[2025-10-04T19:26:38.869+0000] {logging_mixin.py:149} INFO - [2025-10-04T19:26:38.868+0000] {dag.py:2726} INFO - Sync 1 DAGs
[2025-10-04T19:26:38.921+0000] {logging_mixin.py:149} INFO - [2025-10-04T19:26:38.921+0000] {dag.py:3490} INFO - Setting next_dagrun for example_dag_decorator to None, run_after=None
[2025-10-04T19:26:38.966+0000] {processor.py:179} INFO - Processing /home/airflow/.local/lib/python3.7/site-packages/airflow/example_dags/example_dag_decorator.py took 0.376 seconds
[2025-10-04T19:27:09.839+0000] {processor.py:157} INFO - Started process (PID=1418) to work on /home/airflow/.local/lib/python3.7/site-packages/airflow/example_dags/example_dag_decorator.py
[2025-10-04T19:27:09.841+0000] {processor.py:826} INFO - Processing file /home/airflow/.local/lib/python3.7/site-packages/airflow/example_dags/example_dag_decorator.py for tasks to queue
[2025-10-04T19:27:09.842+0000] {logging_mixin.py:149} INFO - [2025-10-04T19:27:09.842+0000] {dagbag.py:541} INFO - Filling up the DagBag from /home/airflow/.local/lib/python3.7/site-packages/airflow/example_dags/example_dag_decorator.py
[2025-10-04T19:27:09.865+0000] {processor.py:836} INFO - DAG(s) dict_keys(['example_dag_decorator']) retrieved from /home/airflow/.local/lib/python3.7/site-packages/airflow/example_dags/example_dag_decorator.py
[2025-10-04T19:27:10.085+0000] {logging_mixin.py:149} INFO - [2025-10-04T19:27:10.084+0000] {dag.py:2726} INFO - Sync 1 DAGs
[2025-10-04T19:27:10.128+0000] {logging_mixin.py:149} INFO - [2025-10-04T19:27:10.127+0000] {dag.py:3490} INFO - Setting next_dagrun for example_dag_decorator to None, run_after=None
[2025-10-04T19:27:10.171+0000] {processor.py:179} INFO - Processing /home/airflow/.local/lib/python3.7/site-packages/airflow/example_dags/example_dag_decorator.py took 0.338 seconds
[2025-10-04T19:27:40.306+0000] {processor.py:157} INFO - Started process (PID=1479) to work on /home/airflow/.local/lib/python3.7/site-packages/airflow/example_dags/example_dag_decorator.py
[2025-10-04T19:27:40.308+0000] {processor.py:826} INFO - Processing file /home/airflow/.local/lib/python3.7/site-packages/airflow/example_dags/example_dag_decorator.py for tasks to queue
[2025-10-04T19:27:40.310+0000] {logging_mixin.py:149} INFO - [2025-10-04T19:27:40.310+0000] {dagbag.py:541} INFO - Filling up the DagBag from /home/airflow/.local/lib/python3.7/site-packages/airflow/example_dags/example_dag_decorator.py
[2025-10-04T19:27:40.338+0000] {processor.py:836} INFO - DAG(s) dict_keys(['example_dag_decorator']) retrieved from /home/airflow/.local/lib/python3.7/site-packages/airflow/example_dags/example_dag_decorator.py
[2025-10-04T19:27:40.579+0000] {logging_mixin.py:149} INFO - [2025-10-04T19:27:40.579+0000] {dag.py:2726} INFO - Sync 1 DAGs
[2025-10-04T19:27:40.627+0000] {logging_mixin.py:149} INFO - [2025-10-04T19:27:40.627+0000] {dag.py:3490} INFO - Setting next_dagrun for example_dag_decorator to None, run_after=None
[2025-10-04T19:27:40.673+0000] {processor.py:179} INFO - Processing /home/airflow/.local/lib/python3.7/site-packages/airflow/example_dags/example_dag_decorator.py took 0.372 seconds
[2025-10-04T22:28:16.771+0000] {processor.py:157} INFO - Started process (PID=1539) to work on /home/airflow/.local/lib/python3.7/site-packages/airflow/example_dags/example_dag_decorator.py
[2025-10-04T22:28:16.776+0000] {processor.py:826} INFO - Processing file /home/airflow/.local/lib/python3.7/site-packages/airflow/example_dags/example_dag_decorator.py for tasks to queue
[2025-10-04T22:28:16.787+0000] {logging_mixin.py:149} INFO - [2025-10-04T22:28:16.787+0000] {dagbag.py:541} INFO - Filling up the DagBag from /home/airflow/.local/lib/python3.7/site-packages/airflow/example_dags/example_dag_decorator.py
[2025-10-04T22:28:16.880+0000] {processor.py:836} INFO - DAG(s) dict_keys(['example_dag_decorator']) retrieved from /home/airflow/.local/lib/python3.7/site-packages/airflow/example_dags/example_dag_decorator.py
[2025-10-04T22:28:18.004+0000] {logging_mixin.py:149} INFO - [2025-10-04T22:28:17.998+0000] {dag.py:2726} INFO - Sync 1 DAGs
[2025-10-04T22:28:18.207+0000] {logging_mixin.py:149} INFO - [2025-10-04T22:28:18.206+0000] {dag.py:3490} INFO - Setting next_dagrun for example_dag_decorator to None, run_after=None
[2025-10-05T02:45:18.428+0000] {processor.py:179} INFO - Processing /home/airflow/.local/lib/python3.7/site-packages/airflow/example_dags/example_dag_decorator.py took 5.088 seconds
