[2025-10-04T19:15:58.819+0000] {processor.py:157} INFO - Started process (PID=83) to work on /home/airflow/.local/lib/python3.7/site-packages/airflow/example_dags/example_branch_datetime_operator.py
[2025-10-04T19:15:58.822+0000] {processor.py:826} INFO - Processing file /home/airflow/.local/lib/python3.7/site-packages/airflow/example_dags/example_branch_datetime_operator.py for tasks to queue
[2025-10-04T19:15:58.825+0000] {logging_mixin.py:149} INFO - [2025-10-04T19:15:58.824+0000] {dagbag.py:541} INFO - Filling up the DagBag from /home/airflow/.local/lib/python3.7/site-packages/airflow/example_dags/example_branch_datetime_operator.py
[2025-10-04T19:15:58.855+0000] {processor.py:836} INFO - DAG(s) dict_keys(['example_branch_datetime_operator_3', 'example_branch_datetime_operator', 'example_branch_datetime_operator_2']) retrieved from /home/airflow/.local/lib/python3.7/site-packages/airflow/example_dags/example_branch_datetime_operator.py
[2025-10-04T19:15:59.127+0000] {logging_mixin.py:149} INFO - [2025-10-04T19:15:59.127+0000] {manager.py:504} INFO - Created Permission View: can delete on DAG:example_branch_datetime_operator_3
[2025-10-04T19:15:59.159+0000] {logging_mixin.py:149} INFO - [2025-10-04T19:15:59.158+0000] {manager.py:504} INFO - Created Permission View: can edit on DAG:example_branch_datetime_operator_3
[2025-10-04T19:15:59.178+0000] {logging_mixin.py:149} INFO - [2025-10-04T19:15:59.177+0000] {manager.py:504} INFO - Created Permission View: can read on DAG:example_branch_datetime_operator_3
[2025-10-04T19:15:59.256+0000] {logging_mixin.py:149} INFO - [2025-10-04T19:15:59.256+0000] {manager.py:504} INFO - Created Permission View: can delete on DAG:example_branch_datetime_operator
[2025-10-04T19:15:59.275+0000] {logging_mixin.py:149} INFO - [2025-10-04T19:15:59.275+0000] {manager.py:504} INFO - Created Permission View: can edit on DAG:example_branch_datetime_operator
[2025-10-04T19:15:59.294+0000] {logging_mixin.py:149} INFO - [2025-10-04T19:15:59.293+0000] {manager.py:504} INFO - Created Permission View: can read on DAG:example_branch_datetime_operator
[2025-10-04T19:15:59.339+0000] {logging_mixin.py:149} INFO - [2025-10-04T19:15:59.339+0000] {manager.py:504} INFO - Created Permission View: can delete on DAG:example_branch_datetime_operator_2
[2025-10-04T19:15:59.358+0000] {logging_mixin.py:149} INFO - [2025-10-04T19:15:59.358+0000] {manager.py:504} INFO - Created Permission View: can edit on DAG:example_branch_datetime_operator_2
[2025-10-04T19:15:59.378+0000] {logging_mixin.py:149} INFO - [2025-10-04T19:15:59.377+0000] {manager.py:504} INFO - Created Permission View: can read on DAG:example_branch_datetime_operator_2
[2025-10-04T19:15:59.394+0000] {logging_mixin.py:149} INFO - [2025-10-04T19:15:59.394+0000] {dag.py:2726} INFO - Sync 3 DAGs
[2025-10-04T19:15:59.432+0000] {logging_mixin.py:149} INFO - [2025-10-04T19:15:59.431+0000] {dag.py:2747} INFO - Creating ORM DAG for example_branch_datetime_operator_2
[2025-10-04T19:15:59.434+0000] {logging_mixin.py:149} INFO - [2025-10-04T19:15:59.433+0000] {dag.py:2747} INFO - Creating ORM DAG for example_branch_datetime_operator
[2025-10-04T19:15:59.436+0000] {logging_mixin.py:149} INFO - [2025-10-04T19:15:59.435+0000] {dag.py:2747} INFO - Creating ORM DAG for example_branch_datetime_operator_3
[2025-10-04T19:15:59.463+0000] {logging_mixin.py:149} INFO - [2025-10-04T19:15:59.463+0000] {dag.py:3490} INFO - Setting next_dagrun for example_branch_datetime_operator to 2025-10-03T00:00:00+00:00, run_after=2025-10-04T00:00:00+00:00
[2025-10-04T19:15:59.468+0000] {logging_mixin.py:149} INFO - [2025-10-04T19:15:59.467+0000] {dag.py:3490} INFO - Setting next_dagrun for example_branch_datetime_operator_2 to 2025-10-03T00:00:00+00:00, run_after=2025-10-04T00:00:00+00:00
[2025-10-04T19:15:59.472+0000] {logging_mixin.py:149} INFO - [2025-10-04T19:15:59.472+0000] {dag.py:3490} INFO - Setting next_dagrun for example_branch_datetime_operator_3 to 2025-10-03T00:00:00+00:00, run_after=2025-10-04T00:00:00+00:00
[2025-10-04T19:15:59.517+0000] {processor.py:179} INFO - Processing /home/airflow/.local/lib/python3.7/site-packages/airflow/example_dags/example_branch_datetime_operator.py took 0.708 seconds
[2025-10-04T19:16:29.936+0000] {processor.py:157} INFO - Started process (PID=145) to work on /home/airflow/.local/lib/python3.7/site-packages/airflow/example_dags/example_branch_datetime_operator.py
[2025-10-04T19:16:29.939+0000] {processor.py:826} INFO - Processing file /home/airflow/.local/lib/python3.7/site-packages/airflow/example_dags/example_branch_datetime_operator.py for tasks to queue
[2025-10-04T19:16:29.940+0000] {logging_mixin.py:149} INFO - [2025-10-04T19:16:29.940+0000] {dagbag.py:541} INFO - Filling up the DagBag from /home/airflow/.local/lib/python3.7/site-packages/airflow/example_dags/example_branch_datetime_operator.py
[2025-10-04T19:16:29.959+0000] {processor.py:836} INFO - DAG(s) dict_keys(['example_branch_datetime_operator', 'example_branch_datetime_operator_2', 'example_branch_datetime_operator_3']) retrieved from /home/airflow/.local/lib/python3.7/site-packages/airflow/example_dags/example_branch_datetime_operator.py
[2025-10-04T19:16:30.024+0000] {logging_mixin.py:149} INFO - [2025-10-04T19:16:30.024+0000] {dag.py:2726} INFO - Sync 3 DAGs
[2025-10-04T19:16:30.090+0000] {logging_mixin.py:149} INFO - [2025-10-04T19:16:30.089+0000] {dag.py:3490} INFO - Setting next_dagrun for example_branch_datetime_operator to 2025-10-03T00:00:00+00:00, run_after=2025-10-04T00:00:00+00:00
[2025-10-04T19:16:30.105+0000] {logging_mixin.py:149} INFO - [2025-10-04T19:16:30.105+0000] {dag.py:3490} INFO - Setting next_dagrun for example_branch_datetime_operator_2 to 2025-10-03T00:00:00+00:00, run_after=2025-10-04T00:00:00+00:00
[2025-10-04T19:16:30.116+0000] {logging_mixin.py:149} INFO - [2025-10-04T19:16:30.116+0000] {dag.py:3490} INFO - Setting next_dagrun for example_branch_datetime_operator_3 to 2025-10-03T00:00:00+00:00, run_after=2025-10-04T00:00:00+00:00
[2025-10-04T19:16:30.158+0000] {processor.py:179} INFO - Processing /home/airflow/.local/lib/python3.7/site-packages/airflow/example_dags/example_branch_datetime_operator.py took 0.228 seconds
[2025-10-04T19:17:00.297+0000] {processor.py:157} INFO - Started process (PID=207) to work on /home/airflow/.local/lib/python3.7/site-packages/airflow/example_dags/example_branch_datetime_operator.py
[2025-10-04T19:17:00.299+0000] {processor.py:826} INFO - Processing file /home/airflow/.local/lib/python3.7/site-packages/airflow/example_dags/example_branch_datetime_operator.py for tasks to queue
[2025-10-04T19:17:00.301+0000] {logging_mixin.py:149} INFO - [2025-10-04T19:17:00.301+0000] {dagbag.py:541} INFO - Filling up the DagBag from /home/airflow/.local/lib/python3.7/site-packages/airflow/example_dags/example_branch_datetime_operator.py
[2025-10-04T19:17:00.322+0000] {processor.py:836} INFO - DAG(s) dict_keys(['example_branch_datetime_operator_2', 'example_branch_datetime_operator', 'example_branch_datetime_operator_3']) retrieved from /home/airflow/.local/lib/python3.7/site-packages/airflow/example_dags/example_branch_datetime_operator.py
[2025-10-04T19:17:00.388+0000] {logging_mixin.py:149} INFO - [2025-10-04T19:17:00.388+0000] {dag.py:2726} INFO - Sync 3 DAGs
[2025-10-04T19:17:00.442+0000] {logging_mixin.py:149} INFO - [2025-10-04T19:17:00.442+0000] {dag.py:3490} INFO - Setting next_dagrun for example_branch_datetime_operator to 2025-10-03T00:00:00+00:00, run_after=2025-10-04T00:00:00+00:00
[2025-10-04T19:17:00.456+0000] {logging_mixin.py:149} INFO - [2025-10-04T19:17:00.456+0000] {dag.py:3490} INFO - Setting next_dagrun for example_branch_datetime_operator_2 to 2025-10-03T00:00:00+00:00, run_after=2025-10-04T00:00:00+00:00
[2025-10-04T19:17:00.462+0000] {logging_mixin.py:149} INFO - [2025-10-04T19:17:00.462+0000] {dag.py:3490} INFO - Setting next_dagrun for example_branch_datetime_operator_3 to 2025-10-03T00:00:00+00:00, run_after=2025-10-04T00:00:00+00:00
[2025-10-04T19:17:00.501+0000] {processor.py:179} INFO - Processing /home/airflow/.local/lib/python3.7/site-packages/airflow/example_dags/example_branch_datetime_operator.py took 0.210 seconds
[2025-10-04T19:17:31.013+0000] {processor.py:157} INFO - Started process (PID=268) to work on /home/airflow/.local/lib/python3.7/site-packages/airflow/example_dags/example_branch_datetime_operator.py
[2025-10-04T19:17:31.016+0000] {processor.py:826} INFO - Processing file /home/airflow/.local/lib/python3.7/site-packages/airflow/example_dags/example_branch_datetime_operator.py for tasks to queue
[2025-10-04T19:17:31.017+0000] {logging_mixin.py:149} INFO - [2025-10-04T19:17:31.017+0000] {dagbag.py:541} INFO - Filling up the DagBag from /home/airflow/.local/lib/python3.7/site-packages/airflow/example_dags/example_branch_datetime_operator.py
[2025-10-04T19:17:31.037+0000] {processor.py:836} INFO - DAG(s) dict_keys(['example_branch_datetime_operator', 'example_branch_datetime_operator_2', 'example_branch_datetime_operator_3']) retrieved from /home/airflow/.local/lib/python3.7/site-packages/airflow/example_dags/example_branch_datetime_operator.py
[2025-10-04T19:17:31.118+0000] {logging_mixin.py:149} INFO - [2025-10-04T19:17:31.118+0000] {dag.py:2726} INFO - Sync 3 DAGs
[2025-10-04T19:17:31.180+0000] {logging_mixin.py:149} INFO - [2025-10-04T19:17:31.179+0000] {dag.py:3490} INFO - Setting next_dagrun for example_branch_datetime_operator to 2025-10-03T00:00:00+00:00, run_after=2025-10-04T00:00:00+00:00
[2025-10-04T19:17:31.195+0000] {logging_mixin.py:149} INFO - [2025-10-04T19:17:31.194+0000] {dag.py:3490} INFO - Setting next_dagrun for example_branch_datetime_operator_2 to 2025-10-03T00:00:00+00:00, run_after=2025-10-04T00:00:00+00:00
[2025-10-04T19:17:31.201+0000] {logging_mixin.py:149} INFO - [2025-10-04T19:17:31.200+0000] {dag.py:3490} INFO - Setting next_dagrun for example_branch_datetime_operator_3 to 2025-10-03T00:00:00+00:00, run_after=2025-10-04T00:00:00+00:00
[2025-10-04T19:17:31.256+0000] {processor.py:179} INFO - Processing /home/airflow/.local/lib/python3.7/site-packages/airflow/example_dags/example_branch_datetime_operator.py took 0.249 seconds
[2025-10-04T19:18:01.930+0000] {processor.py:157} INFO - Started process (PID=329) to work on /home/airflow/.local/lib/python3.7/site-packages/airflow/example_dags/example_branch_datetime_operator.py
[2025-10-04T19:18:01.932+0000] {processor.py:826} INFO - Processing file /home/airflow/.local/lib/python3.7/site-packages/airflow/example_dags/example_branch_datetime_operator.py for tasks to queue
[2025-10-04T19:18:01.934+0000] {logging_mixin.py:149} INFO - [2025-10-04T19:18:01.934+0000] {dagbag.py:541} INFO - Filling up the DagBag from /home/airflow/.local/lib/python3.7/site-packages/airflow/example_dags/example_branch_datetime_operator.py
[2025-10-04T19:18:01.950+0000] {processor.py:836} INFO - DAG(s) dict_keys(['example_branch_datetime_operator', 'example_branch_datetime_operator_2', 'example_branch_datetime_operator_3']) retrieved from /home/airflow/.local/lib/python3.7/site-packages/airflow/example_dags/example_branch_datetime_operator.py
[2025-10-04T19:18:02.009+0000] {logging_mixin.py:149} INFO - [2025-10-04T19:18:02.008+0000] {dag.py:2726} INFO - Sync 3 DAGs
[2025-10-04T19:18:02.059+0000] {logging_mixin.py:149} INFO - [2025-10-04T19:18:02.058+0000] {dag.py:3490} INFO - Setting next_dagrun for example_branch_datetime_operator to 2025-10-03T00:00:00+00:00, run_after=2025-10-04T00:00:00+00:00
[2025-10-04T19:18:02.069+0000] {logging_mixin.py:149} INFO - [2025-10-04T19:18:02.069+0000] {dag.py:3490} INFO - Setting next_dagrun for example_branch_datetime_operator_2 to 2025-10-03T00:00:00+00:00, run_after=2025-10-04T00:00:00+00:00
[2025-10-04T19:18:02.076+0000] {logging_mixin.py:149} INFO - [2025-10-04T19:18:02.075+0000] {dag.py:3490} INFO - Setting next_dagrun for example_branch_datetime_operator_3 to 2025-10-03T00:00:00+00:00, run_after=2025-10-04T00:00:00+00:00
[2025-10-04T19:18:02.114+0000] {processor.py:179} INFO - Processing /home/airflow/.local/lib/python3.7/site-packages/airflow/example_dags/example_branch_datetime_operator.py took 0.188 seconds
[2025-10-04T19:18:32.720+0000] {processor.py:157} INFO - Started process (PID=390) to work on /home/airflow/.local/lib/python3.7/site-packages/airflow/example_dags/example_branch_datetime_operator.py
[2025-10-04T19:18:32.723+0000] {processor.py:826} INFO - Processing file /home/airflow/.local/lib/python3.7/site-packages/airflow/example_dags/example_branch_datetime_operator.py for tasks to queue
[2025-10-04T19:18:32.727+0000] {logging_mixin.py:149} INFO - [2025-10-04T19:18:32.726+0000] {dagbag.py:541} INFO - Filling up the DagBag from /home/airflow/.local/lib/python3.7/site-packages/airflow/example_dags/example_branch_datetime_operator.py
[2025-10-04T19:18:32.758+0000] {processor.py:836} INFO - DAG(s) dict_keys(['example_branch_datetime_operator_2', 'example_branch_datetime_operator', 'example_branch_datetime_operator_3']) retrieved from /home/airflow/.local/lib/python3.7/site-packages/airflow/example_dags/example_branch_datetime_operator.py
[2025-10-04T19:18:32.850+0000] {logging_mixin.py:149} INFO - [2025-10-04T19:18:32.850+0000] {dag.py:2726} INFO - Sync 3 DAGs
[2025-10-04T19:18:32.943+0000] {logging_mixin.py:149} INFO - [2025-10-04T19:18:32.942+0000] {dag.py:3490} INFO - Setting next_dagrun for example_branch_datetime_operator to 2025-10-03T00:00:00+00:00, run_after=2025-10-04T00:00:00+00:00
[2025-10-04T19:18:32.971+0000] {logging_mixin.py:149} INFO - [2025-10-04T19:18:32.970+0000] {dag.py:3490} INFO - Setting next_dagrun for example_branch_datetime_operator_2 to 2025-10-03T00:00:00+00:00, run_after=2025-10-04T00:00:00+00:00
[2025-10-04T19:18:32.980+0000] {logging_mixin.py:149} INFO - [2025-10-04T19:18:32.980+0000] {dag.py:3490} INFO - Setting next_dagrun for example_branch_datetime_operator_3 to 2025-10-03T00:00:00+00:00, run_after=2025-10-04T00:00:00+00:00
[2025-10-04T19:18:33.031+0000] {processor.py:179} INFO - Processing /home/airflow/.local/lib/python3.7/site-packages/airflow/example_dags/example_branch_datetime_operator.py took 0.323 seconds
[2025-10-04T19:19:03.389+0000] {processor.py:157} INFO - Started process (PID=451) to work on /home/airflow/.local/lib/python3.7/site-packages/airflow/example_dags/example_branch_datetime_operator.py
[2025-10-04T19:19:03.391+0000] {processor.py:826} INFO - Processing file /home/airflow/.local/lib/python3.7/site-packages/airflow/example_dags/example_branch_datetime_operator.py for tasks to queue
[2025-10-04T19:19:03.393+0000] {logging_mixin.py:149} INFO - [2025-10-04T19:19:03.393+0000] {dagbag.py:541} INFO - Filling up the DagBag from /home/airflow/.local/lib/python3.7/site-packages/airflow/example_dags/example_branch_datetime_operator.py
[2025-10-04T19:19:03.416+0000] {processor.py:836} INFO - DAG(s) dict_keys(['example_branch_datetime_operator_3', 'example_branch_datetime_operator', 'example_branch_datetime_operator_2']) retrieved from /home/airflow/.local/lib/python3.7/site-packages/airflow/example_dags/example_branch_datetime_operator.py
[2025-10-04T19:19:03.480+0000] {logging_mixin.py:149} INFO - [2025-10-04T19:19:03.480+0000] {dag.py:2726} INFO - Sync 3 DAGs
[2025-10-04T19:19:03.539+0000] {logging_mixin.py:149} INFO - [2025-10-04T19:19:03.539+0000] {dag.py:3490} INFO - Setting next_dagrun for example_branch_datetime_operator to 2025-10-03T00:00:00+00:00, run_after=2025-10-04T00:00:00+00:00
[2025-10-04T19:19:03.550+0000] {logging_mixin.py:149} INFO - [2025-10-04T19:19:03.550+0000] {dag.py:3490} INFO - Setting next_dagrun for example_branch_datetime_operator_2 to 2025-10-03T00:00:00+00:00, run_after=2025-10-04T00:00:00+00:00
[2025-10-04T19:19:03.556+0000] {logging_mixin.py:149} INFO - [2025-10-04T19:19:03.556+0000] {dag.py:3490} INFO - Setting next_dagrun for example_branch_datetime_operator_3 to 2025-10-03T00:00:00+00:00, run_after=2025-10-04T00:00:00+00:00
[2025-10-04T19:19:03.600+0000] {processor.py:179} INFO - Processing /home/airflow/.local/lib/python3.7/site-packages/airflow/example_dags/example_branch_datetime_operator.py took 0.220 seconds
[2025-10-04T19:19:33.700+0000] {processor.py:157} INFO - Started process (PID=513) to work on /home/airflow/.local/lib/python3.7/site-packages/airflow/example_dags/example_branch_datetime_operator.py
[2025-10-04T19:19:33.703+0000] {processor.py:826} INFO - Processing file /home/airflow/.local/lib/python3.7/site-packages/airflow/example_dags/example_branch_datetime_operator.py for tasks to queue
[2025-10-04T19:19:33.705+0000] {logging_mixin.py:149} INFO - [2025-10-04T19:19:33.705+0000] {dagbag.py:541} INFO - Filling up the DagBag from /home/airflow/.local/lib/python3.7/site-packages/airflow/example_dags/example_branch_datetime_operator.py
[2025-10-04T19:19:33.729+0000] {processor.py:836} INFO - DAG(s) dict_keys(['example_branch_datetime_operator', 'example_branch_datetime_operator_2', 'example_branch_datetime_operator_3']) retrieved from /home/airflow/.local/lib/python3.7/site-packages/airflow/example_dags/example_branch_datetime_operator.py
[2025-10-04T19:19:33.796+0000] {logging_mixin.py:149} INFO - [2025-10-04T19:19:33.796+0000] {dag.py:2726} INFO - Sync 3 DAGs
[2025-10-04T19:19:33.860+0000] {logging_mixin.py:149} INFO - [2025-10-04T19:19:33.859+0000] {dag.py:3490} INFO - Setting next_dagrun for example_branch_datetime_operator to 2025-10-03T00:00:00+00:00, run_after=2025-10-04T00:00:00+00:00
[2025-10-04T19:19:33.873+0000] {logging_mixin.py:149} INFO - [2025-10-04T19:19:33.872+0000] {dag.py:3490} INFO - Setting next_dagrun for example_branch_datetime_operator_2 to 2025-10-03T00:00:00+00:00, run_after=2025-10-04T00:00:00+00:00
[2025-10-04T19:19:33.880+0000] {logging_mixin.py:149} INFO - [2025-10-04T19:19:33.880+0000] {dag.py:3490} INFO - Setting next_dagrun for example_branch_datetime_operator_3 to 2025-10-03T00:00:00+00:00, run_after=2025-10-04T00:00:00+00:00
[2025-10-04T19:19:33.922+0000] {processor.py:179} INFO - Processing /home/airflow/.local/lib/python3.7/site-packages/airflow/example_dags/example_branch_datetime_operator.py took 0.229 seconds
[2025-10-04T19:20:04.781+0000] {processor.py:157} INFO - Started process (PID=574) to work on /home/airflow/.local/lib/python3.7/site-packages/airflow/example_dags/example_branch_datetime_operator.py
[2025-10-04T19:20:04.783+0000] {processor.py:826} INFO - Processing file /home/airflow/.local/lib/python3.7/site-packages/airflow/example_dags/example_branch_datetime_operator.py for tasks to queue
[2025-10-04T19:20:04.785+0000] {logging_mixin.py:149} INFO - [2025-10-04T19:20:04.785+0000] {dagbag.py:541} INFO - Filling up the DagBag from /home/airflow/.local/lib/python3.7/site-packages/airflow/example_dags/example_branch_datetime_operator.py
[2025-10-04T19:20:04.805+0000] {processor.py:836} INFO - DAG(s) dict_keys(['example_branch_datetime_operator_2', 'example_branch_datetime_operator', 'example_branch_datetime_operator_3']) retrieved from /home/airflow/.local/lib/python3.7/site-packages/airflow/example_dags/example_branch_datetime_operator.py
[2025-10-04T19:20:04.878+0000] {logging_mixin.py:149} INFO - [2025-10-04T19:20:04.878+0000] {dag.py:2726} INFO - Sync 3 DAGs
[2025-10-04T19:20:04.951+0000] {logging_mixin.py:149} INFO - [2025-10-04T19:20:04.950+0000] {dag.py:3490} INFO - Setting next_dagrun for example_branch_datetime_operator to 2025-10-03T00:00:00+00:00, run_after=2025-10-04T00:00:00+00:00
[2025-10-04T19:20:04.964+0000] {logging_mixin.py:149} INFO - [2025-10-04T19:20:04.963+0000] {dag.py:3490} INFO - Setting next_dagrun for example_branch_datetime_operator_2 to 2025-10-03T00:00:00+00:00, run_after=2025-10-04T00:00:00+00:00
[2025-10-04T19:20:04.970+0000] {logging_mixin.py:149} INFO - [2025-10-04T19:20:04.970+0000] {dag.py:3490} INFO - Setting next_dagrun for example_branch_datetime_operator_3 to 2025-10-03T00:00:00+00:00, run_after=2025-10-04T00:00:00+00:00
[2025-10-04T19:20:05.018+0000] {processor.py:179} INFO - Processing /home/airflow/.local/lib/python3.7/site-packages/airflow/example_dags/example_branch_datetime_operator.py took 0.244 seconds
[2025-10-04T19:20:35.801+0000] {processor.py:157} INFO - Started process (PID=635) to work on /home/airflow/.local/lib/python3.7/site-packages/airflow/example_dags/example_branch_datetime_operator.py
[2025-10-04T19:20:35.803+0000] {processor.py:826} INFO - Processing file /home/airflow/.local/lib/python3.7/site-packages/airflow/example_dags/example_branch_datetime_operator.py for tasks to queue
[2025-10-04T19:20:35.805+0000] {logging_mixin.py:149} INFO - [2025-10-04T19:20:35.805+0000] {dagbag.py:541} INFO - Filling up the DagBag from /home/airflow/.local/lib/python3.7/site-packages/airflow/example_dags/example_branch_datetime_operator.py
[2025-10-04T19:20:35.831+0000] {processor.py:836} INFO - DAG(s) dict_keys(['example_branch_datetime_operator_3', 'example_branch_datetime_operator', 'example_branch_datetime_operator_2']) retrieved from /home/airflow/.local/lib/python3.7/site-packages/airflow/example_dags/example_branch_datetime_operator.py
[2025-10-04T19:20:35.915+0000] {logging_mixin.py:149} INFO - [2025-10-04T19:20:35.914+0000] {dag.py:2726} INFO - Sync 3 DAGs
[2025-10-04T19:20:35.978+0000] {logging_mixin.py:149} INFO - [2025-10-04T19:20:35.978+0000] {dag.py:3490} INFO - Setting next_dagrun for example_branch_datetime_operator to 2025-10-03T00:00:00+00:00, run_after=2025-10-04T00:00:00+00:00
[2025-10-04T19:20:35.989+0000] {logging_mixin.py:149} INFO - [2025-10-04T19:20:35.988+0000] {dag.py:3490} INFO - Setting next_dagrun for example_branch_datetime_operator_2 to 2025-10-03T00:00:00+00:00, run_after=2025-10-04T00:00:00+00:00
[2025-10-04T19:20:35.995+0000] {logging_mixin.py:149} INFO - [2025-10-04T19:20:35.994+0000] {dag.py:3490} INFO - Setting next_dagrun for example_branch_datetime_operator_3 to 2025-10-03T00:00:00+00:00, run_after=2025-10-04T00:00:00+00:00
[2025-10-04T19:20:36.051+0000] {processor.py:179} INFO - Processing /home/airflow/.local/lib/python3.7/site-packages/airflow/example_dags/example_branch_datetime_operator.py took 0.255 seconds
[2025-10-04T19:21:06.299+0000] {processor.py:157} INFO - Started process (PID=696) to work on /home/airflow/.local/lib/python3.7/site-packages/airflow/example_dags/example_branch_datetime_operator.py
[2025-10-04T19:21:06.302+0000] {processor.py:826} INFO - Processing file /home/airflow/.local/lib/python3.7/site-packages/airflow/example_dags/example_branch_datetime_operator.py for tasks to queue
[2025-10-04T19:21:06.304+0000] {logging_mixin.py:149} INFO - [2025-10-04T19:21:06.304+0000] {dagbag.py:541} INFO - Filling up the DagBag from /home/airflow/.local/lib/python3.7/site-packages/airflow/example_dags/example_branch_datetime_operator.py
[2025-10-04T19:21:06.328+0000] {processor.py:836} INFO - DAG(s) dict_keys(['example_branch_datetime_operator_3', 'example_branch_datetime_operator', 'example_branch_datetime_operator_2']) retrieved from /home/airflow/.local/lib/python3.7/site-packages/airflow/example_dags/example_branch_datetime_operator.py
[2025-10-04T19:21:06.397+0000] {logging_mixin.py:149} INFO - [2025-10-04T19:21:06.397+0000] {dag.py:2726} INFO - Sync 3 DAGs
[2025-10-04T19:21:06.459+0000] {logging_mixin.py:149} INFO - [2025-10-04T19:21:06.459+0000] {dag.py:3490} INFO - Setting next_dagrun for example_branch_datetime_operator to 2025-10-03T00:00:00+00:00, run_after=2025-10-04T00:00:00+00:00
[2025-10-04T19:21:06.467+0000] {logging_mixin.py:149} INFO - [2025-10-04T19:21:06.466+0000] {dag.py:3490} INFO - Setting next_dagrun for example_branch_datetime_operator_2 to 2025-10-03T00:00:00+00:00, run_after=2025-10-04T00:00:00+00:00
[2025-10-04T19:21:06.472+0000] {logging_mixin.py:149} INFO - [2025-10-04T19:21:06.472+0000] {dag.py:3490} INFO - Setting next_dagrun for example_branch_datetime_operator_3 to 2025-10-03T00:00:00+00:00, run_after=2025-10-04T00:00:00+00:00
[2025-10-04T19:21:06.515+0000] {processor.py:179} INFO - Processing /home/airflow/.local/lib/python3.7/site-packages/airflow/example_dags/example_branch_datetime_operator.py took 0.225 seconds
[2025-10-04T19:21:36.814+0000] {processor.py:157} INFO - Started process (PID=757) to work on /home/airflow/.local/lib/python3.7/site-packages/airflow/example_dags/example_branch_datetime_operator.py
[2025-10-04T19:21:36.816+0000] {processor.py:826} INFO - Processing file /home/airflow/.local/lib/python3.7/site-packages/airflow/example_dags/example_branch_datetime_operator.py for tasks to queue
[2025-10-04T19:21:36.818+0000] {logging_mixin.py:149} INFO - [2025-10-04T19:21:36.817+0000] {dagbag.py:541} INFO - Filling up the DagBag from /home/airflow/.local/lib/python3.7/site-packages/airflow/example_dags/example_branch_datetime_operator.py
[2025-10-04T19:21:36.836+0000] {processor.py:836} INFO - DAG(s) dict_keys(['example_branch_datetime_operator_3', 'example_branch_datetime_operator', 'example_branch_datetime_operator_2']) retrieved from /home/airflow/.local/lib/python3.7/site-packages/airflow/example_dags/example_branch_datetime_operator.py
[2025-10-04T19:21:36.908+0000] {logging_mixin.py:149} INFO - [2025-10-04T19:21:36.908+0000] {dag.py:2726} INFO - Sync 3 DAGs
[2025-10-04T19:21:36.970+0000] {logging_mixin.py:149} INFO - [2025-10-04T19:21:36.969+0000] {dag.py:3490} INFO - Setting next_dagrun for example_branch_datetime_operator to 2025-10-03T00:00:00+00:00, run_after=2025-10-04T00:00:00+00:00
[2025-10-04T19:21:36.979+0000] {logging_mixin.py:149} INFO - [2025-10-04T19:21:36.979+0000] {dag.py:3490} INFO - Setting next_dagrun for example_branch_datetime_operator_2 to 2025-10-03T00:00:00+00:00, run_after=2025-10-04T00:00:00+00:00
[2025-10-04T19:21:36.984+0000] {logging_mixin.py:149} INFO - [2025-10-04T19:21:36.984+0000] {dag.py:3490} INFO - Setting next_dagrun for example_branch_datetime_operator_3 to 2025-10-03T00:00:00+00:00, run_after=2025-10-04T00:00:00+00:00
[2025-10-04T19:21:37.026+0000] {processor.py:179} INFO - Processing /home/airflow/.local/lib/python3.7/site-packages/airflow/example_dags/example_branch_datetime_operator.py took 0.219 seconds
[2025-10-04T19:22:07.316+0000] {processor.py:157} INFO - Started process (PID=818) to work on /home/airflow/.local/lib/python3.7/site-packages/airflow/example_dags/example_branch_datetime_operator.py
[2025-10-04T19:22:07.318+0000] {processor.py:826} INFO - Processing file /home/airflow/.local/lib/python3.7/site-packages/airflow/example_dags/example_branch_datetime_operator.py for tasks to queue
[2025-10-04T19:22:07.319+0000] {logging_mixin.py:149} INFO - [2025-10-04T19:22:07.319+0000] {dagbag.py:541} INFO - Filling up the DagBag from /home/airflow/.local/lib/python3.7/site-packages/airflow/example_dags/example_branch_datetime_operator.py
[2025-10-04T19:22:07.337+0000] {processor.py:836} INFO - DAG(s) dict_keys(['example_branch_datetime_operator_3', 'example_branch_datetime_operator_2', 'example_branch_datetime_operator']) retrieved from /home/airflow/.local/lib/python3.7/site-packages/airflow/example_dags/example_branch_datetime_operator.py
[2025-10-04T19:22:07.399+0000] {logging_mixin.py:149} INFO - [2025-10-04T19:22:07.399+0000] {dag.py:2726} INFO - Sync 3 DAGs
[2025-10-04T19:22:07.449+0000] {logging_mixin.py:149} INFO - [2025-10-04T19:22:07.448+0000] {dag.py:3490} INFO - Setting next_dagrun for example_branch_datetime_operator to 2025-10-03T00:00:00+00:00, run_after=2025-10-04T00:00:00+00:00
[2025-10-04T19:22:07.458+0000] {logging_mixin.py:149} INFO - [2025-10-04T19:22:07.458+0000] {dag.py:3490} INFO - Setting next_dagrun for example_branch_datetime_operator_2 to 2025-10-03T00:00:00+00:00, run_after=2025-10-04T00:00:00+00:00
[2025-10-04T19:22:07.464+0000] {logging_mixin.py:149} INFO - [2025-10-04T19:22:07.463+0000] {dag.py:3490} INFO - Setting next_dagrun for example_branch_datetime_operator_3 to 2025-10-03T00:00:00+00:00, run_after=2025-10-04T00:00:00+00:00
[2025-10-04T19:22:07.507+0000] {processor.py:179} INFO - Processing /home/airflow/.local/lib/python3.7/site-packages/airflow/example_dags/example_branch_datetime_operator.py took 0.198 seconds
[2025-10-04T19:22:38.084+0000] {processor.py:157} INFO - Started process (PID=879) to work on /home/airflow/.local/lib/python3.7/site-packages/airflow/example_dags/example_branch_datetime_operator.py
[2025-10-04T19:22:38.086+0000] {processor.py:826} INFO - Processing file /home/airflow/.local/lib/python3.7/site-packages/airflow/example_dags/example_branch_datetime_operator.py for tasks to queue
[2025-10-04T19:22:38.088+0000] {logging_mixin.py:149} INFO - [2025-10-04T19:22:38.088+0000] {dagbag.py:541} INFO - Filling up the DagBag from /home/airflow/.local/lib/python3.7/site-packages/airflow/example_dags/example_branch_datetime_operator.py
[2025-10-04T19:22:38.106+0000] {processor.py:836} INFO - DAG(s) dict_keys(['example_branch_datetime_operator_2', 'example_branch_datetime_operator', 'example_branch_datetime_operator_3']) retrieved from /home/airflow/.local/lib/python3.7/site-packages/airflow/example_dags/example_branch_datetime_operator.py
[2025-10-04T19:22:38.175+0000] {logging_mixin.py:149} INFO - [2025-10-04T19:22:38.175+0000] {dag.py:2726} INFO - Sync 3 DAGs
[2025-10-04T19:22:38.225+0000] {logging_mixin.py:149} INFO - [2025-10-04T19:22:38.225+0000] {dag.py:3490} INFO - Setting next_dagrun for example_branch_datetime_operator to 2025-10-03T00:00:00+00:00, run_after=2025-10-04T00:00:00+00:00
[2025-10-04T19:22:38.235+0000] {logging_mixin.py:149} INFO - [2025-10-04T19:22:38.235+0000] {dag.py:3490} INFO - Setting next_dagrun for example_branch_datetime_operator_2 to 2025-10-03T00:00:00+00:00, run_after=2025-10-04T00:00:00+00:00
[2025-10-04T19:22:38.242+0000] {logging_mixin.py:149} INFO - [2025-10-04T19:22:38.242+0000] {dag.py:3490} INFO - Setting next_dagrun for example_branch_datetime_operator_3 to 2025-10-03T00:00:00+00:00, run_after=2025-10-04T00:00:00+00:00
[2025-10-04T19:22:38.279+0000] {processor.py:179} INFO - Processing /home/airflow/.local/lib/python3.7/site-packages/airflow/example_dags/example_branch_datetime_operator.py took 0.202 seconds
[2025-10-04T19:23:08.754+0000] {processor.py:157} INFO - Started process (PID=940) to work on /home/airflow/.local/lib/python3.7/site-packages/airflow/example_dags/example_branch_datetime_operator.py
[2025-10-04T19:23:08.756+0000] {processor.py:826} INFO - Processing file /home/airflow/.local/lib/python3.7/site-packages/airflow/example_dags/example_branch_datetime_operator.py for tasks to queue
[2025-10-04T19:23:08.759+0000] {logging_mixin.py:149} INFO - [2025-10-04T19:23:08.758+0000] {dagbag.py:541} INFO - Filling up the DagBag from /home/airflow/.local/lib/python3.7/site-packages/airflow/example_dags/example_branch_datetime_operator.py
[2025-10-04T19:23:08.776+0000] {processor.py:836} INFO - DAG(s) dict_keys(['example_branch_datetime_operator_2', 'example_branch_datetime_operator', 'example_branch_datetime_operator_3']) retrieved from /home/airflow/.local/lib/python3.7/site-packages/airflow/example_dags/example_branch_datetime_operator.py
[2025-10-04T19:23:08.848+0000] {logging_mixin.py:149} INFO - [2025-10-04T19:23:08.847+0000] {dag.py:2726} INFO - Sync 3 DAGs
[2025-10-04T19:23:08.906+0000] {logging_mixin.py:149} INFO - [2025-10-04T19:23:08.905+0000] {dag.py:3490} INFO - Setting next_dagrun for example_branch_datetime_operator to 2025-10-03T00:00:00+00:00, run_after=2025-10-04T00:00:00+00:00
[2025-10-04T19:23:08.916+0000] {logging_mixin.py:149} INFO - [2025-10-04T19:23:08.916+0000] {dag.py:3490} INFO - Setting next_dagrun for example_branch_datetime_operator_2 to 2025-10-03T00:00:00+00:00, run_after=2025-10-04T00:00:00+00:00
[2025-10-04T19:23:08.922+0000] {logging_mixin.py:149} INFO - [2025-10-04T19:23:08.921+0000] {dag.py:3490} INFO - Setting next_dagrun for example_branch_datetime_operator_3 to 2025-10-03T00:00:00+00:00, run_after=2025-10-04T00:00:00+00:00
[2025-10-04T19:23:08.975+0000] {processor.py:179} INFO - Processing /home/airflow/.local/lib/python3.7/site-packages/airflow/example_dags/example_branch_datetime_operator.py took 0.227 seconds
[2025-10-04T19:23:39.315+0000] {processor.py:157} INFO - Started process (PID=1001) to work on /home/airflow/.local/lib/python3.7/site-packages/airflow/example_dags/example_branch_datetime_operator.py
[2025-10-04T19:23:39.317+0000] {processor.py:826} INFO - Processing file /home/airflow/.local/lib/python3.7/site-packages/airflow/example_dags/example_branch_datetime_operator.py for tasks to queue
[2025-10-04T19:23:39.318+0000] {logging_mixin.py:149} INFO - [2025-10-04T19:23:39.318+0000] {dagbag.py:541} INFO - Filling up the DagBag from /home/airflow/.local/lib/python3.7/site-packages/airflow/example_dags/example_branch_datetime_operator.py
[2025-10-04T19:23:39.335+0000] {processor.py:836} INFO - DAG(s) dict_keys(['example_branch_datetime_operator_3', 'example_branch_datetime_operator_2', 'example_branch_datetime_operator']) retrieved from /home/airflow/.local/lib/python3.7/site-packages/airflow/example_dags/example_branch_datetime_operator.py
[2025-10-04T19:23:39.400+0000] {logging_mixin.py:149} INFO - [2025-10-04T19:23:39.399+0000] {dag.py:2726} INFO - Sync 3 DAGs
[2025-10-04T19:23:39.448+0000] {logging_mixin.py:149} INFO - [2025-10-04T19:23:39.448+0000] {dag.py:3490} INFO - Setting next_dagrun for example_branch_datetime_operator to 2025-10-03T00:00:00+00:00, run_after=2025-10-04T00:00:00+00:00
[2025-10-04T19:23:39.457+0000] {logging_mixin.py:149} INFO - [2025-10-04T19:23:39.456+0000] {dag.py:3490} INFO - Setting next_dagrun for example_branch_datetime_operator_2 to 2025-10-03T00:00:00+00:00, run_after=2025-10-04T00:00:00+00:00
[2025-10-04T19:23:39.463+0000] {logging_mixin.py:149} INFO - [2025-10-04T19:23:39.463+0000] {dag.py:3490} INFO - Setting next_dagrun for example_branch_datetime_operator_3 to 2025-10-03T00:00:00+00:00, run_after=2025-10-04T00:00:00+00:00
[2025-10-04T19:23:39.502+0000] {processor.py:179} INFO - Processing /home/airflow/.local/lib/python3.7/site-packages/airflow/example_dags/example_branch_datetime_operator.py took 0.193 seconds
[2025-10-04T19:24:09.610+0000] {processor.py:157} INFO - Started process (PID=1063) to work on /home/airflow/.local/lib/python3.7/site-packages/airflow/example_dags/example_branch_datetime_operator.py
[2025-10-04T19:24:09.612+0000] {processor.py:826} INFO - Processing file /home/airflow/.local/lib/python3.7/site-packages/airflow/example_dags/example_branch_datetime_operator.py for tasks to queue
[2025-10-04T19:24:09.613+0000] {logging_mixin.py:149} INFO - [2025-10-04T19:24:09.613+0000] {dagbag.py:541} INFO - Filling up the DagBag from /home/airflow/.local/lib/python3.7/site-packages/airflow/example_dags/example_branch_datetime_operator.py
[2025-10-04T19:24:09.629+0000] {processor.py:836} INFO - DAG(s) dict_keys(['example_branch_datetime_operator', 'example_branch_datetime_operator_3', 'example_branch_datetime_operator_2']) retrieved from /home/airflow/.local/lib/python3.7/site-packages/airflow/example_dags/example_branch_datetime_operator.py
[2025-10-04T19:24:09.696+0000] {logging_mixin.py:149} INFO - [2025-10-04T19:24:09.696+0000] {dag.py:2726} INFO - Sync 3 DAGs
[2025-10-04T19:24:09.745+0000] {logging_mixin.py:149} INFO - [2025-10-04T19:24:09.745+0000] {dag.py:3490} INFO - Setting next_dagrun for example_branch_datetime_operator to 2025-10-03T00:00:00+00:00, run_after=2025-10-04T00:00:00+00:00
[2025-10-04T19:24:09.753+0000] {logging_mixin.py:149} INFO - [2025-10-04T19:24:09.753+0000] {dag.py:3490} INFO - Setting next_dagrun for example_branch_datetime_operator_2 to 2025-10-03T00:00:00+00:00, run_after=2025-10-04T00:00:00+00:00
[2025-10-04T19:24:09.758+0000] {logging_mixin.py:149} INFO - [2025-10-04T19:24:09.758+0000] {dag.py:3490} INFO - Setting next_dagrun for example_branch_datetime_operator_3 to 2025-10-03T00:00:00+00:00, run_after=2025-10-04T00:00:00+00:00
[2025-10-04T19:24:09.796+0000] {processor.py:179} INFO - Processing /home/airflow/.local/lib/python3.7/site-packages/airflow/example_dags/example_branch_datetime_operator.py took 0.192 seconds
[2025-10-04T19:24:39.845+0000] {processor.py:157} INFO - Started process (PID=1123) to work on /home/airflow/.local/lib/python3.7/site-packages/airflow/example_dags/example_branch_datetime_operator.py
[2025-10-04T19:24:39.847+0000] {processor.py:826} INFO - Processing file /home/airflow/.local/lib/python3.7/site-packages/airflow/example_dags/example_branch_datetime_operator.py for tasks to queue
[2025-10-04T19:24:39.848+0000] {logging_mixin.py:149} INFO - [2025-10-04T19:24:39.848+0000] {dagbag.py:541} INFO - Filling up the DagBag from /home/airflow/.local/lib/python3.7/site-packages/airflow/example_dags/example_branch_datetime_operator.py
[2025-10-04T19:24:39.866+0000] {processor.py:836} INFO - DAG(s) dict_keys(['example_branch_datetime_operator_3', 'example_branch_datetime_operator', 'example_branch_datetime_operator_2']) retrieved from /home/airflow/.local/lib/python3.7/site-packages/airflow/example_dags/example_branch_datetime_operator.py
[2025-10-04T19:24:39.919+0000] {logging_mixin.py:149} INFO - [2025-10-04T19:24:39.919+0000] {dag.py:2726} INFO - Sync 3 DAGs
[2025-10-04T19:24:39.968+0000] {logging_mixin.py:149} INFO - [2025-10-04T19:24:39.967+0000] {dag.py:3490} INFO - Setting next_dagrun for example_branch_datetime_operator to 2025-10-03T00:00:00+00:00, run_after=2025-10-04T00:00:00+00:00
[2025-10-04T19:24:39.977+0000] {logging_mixin.py:149} INFO - [2025-10-04T19:24:39.977+0000] {dag.py:3490} INFO - Setting next_dagrun for example_branch_datetime_operator_2 to 2025-10-03T00:00:00+00:00, run_after=2025-10-04T00:00:00+00:00
[2025-10-04T19:24:39.982+0000] {logging_mixin.py:149} INFO - [2025-10-04T19:24:39.982+0000] {dag.py:3490} INFO - Setting next_dagrun for example_branch_datetime_operator_3 to 2025-10-03T00:00:00+00:00, run_after=2025-10-04T00:00:00+00:00
[2025-10-04T19:24:40.015+0000] {processor.py:179} INFO - Processing /home/airflow/.local/lib/python3.7/site-packages/airflow/example_dags/example_branch_datetime_operator.py took 0.177 seconds
[2025-10-04T19:25:10.353+0000] {processor.py:157} INFO - Started process (PID=1184) to work on /home/airflow/.local/lib/python3.7/site-packages/airflow/example_dags/example_branch_datetime_operator.py
[2025-10-04T19:25:10.355+0000] {processor.py:826} INFO - Processing file /home/airflow/.local/lib/python3.7/site-packages/airflow/example_dags/example_branch_datetime_operator.py for tasks to queue
[2025-10-04T19:25:10.357+0000] {logging_mixin.py:149} INFO - [2025-10-04T19:25:10.356+0000] {dagbag.py:541} INFO - Filling up the DagBag from /home/airflow/.local/lib/python3.7/site-packages/airflow/example_dags/example_branch_datetime_operator.py
[2025-10-04T19:25:10.377+0000] {processor.py:836} INFO - DAG(s) dict_keys(['example_branch_datetime_operator_3', 'example_branch_datetime_operator', 'example_branch_datetime_operator_2']) retrieved from /home/airflow/.local/lib/python3.7/site-packages/airflow/example_dags/example_branch_datetime_operator.py
[2025-10-04T19:25:10.434+0000] {logging_mixin.py:149} INFO - [2025-10-04T19:25:10.434+0000] {dag.py:2726} INFO - Sync 3 DAGs
[2025-10-04T19:25:10.482+0000] {logging_mixin.py:149} INFO - [2025-10-04T19:25:10.482+0000] {dag.py:3490} INFO - Setting next_dagrun for example_branch_datetime_operator to 2025-10-03T00:00:00+00:00, run_after=2025-10-04T00:00:00+00:00
[2025-10-04T19:25:10.490+0000] {logging_mixin.py:149} INFO - [2025-10-04T19:25:10.490+0000] {dag.py:3490} INFO - Setting next_dagrun for example_branch_datetime_operator_2 to 2025-10-03T00:00:00+00:00, run_after=2025-10-04T00:00:00+00:00
[2025-10-04T19:25:10.495+0000] {logging_mixin.py:149} INFO - [2025-10-04T19:25:10.495+0000] {dag.py:3490} INFO - Setting next_dagrun for example_branch_datetime_operator_3 to 2025-10-03T00:00:00+00:00, run_after=2025-10-04T00:00:00+00:00
[2025-10-04T19:25:10.530+0000] {processor.py:179} INFO - Processing /home/airflow/.local/lib/python3.7/site-packages/airflow/example_dags/example_branch_datetime_operator.py took 0.183 seconds
[2025-10-04T19:25:40.821+0000] {processor.py:157} INFO - Started process (PID=1245) to work on /home/airflow/.local/lib/python3.7/site-packages/airflow/example_dags/example_branch_datetime_operator.py
[2025-10-04T19:25:40.823+0000] {processor.py:826} INFO - Processing file /home/airflow/.local/lib/python3.7/site-packages/airflow/example_dags/example_branch_datetime_operator.py for tasks to queue
[2025-10-04T19:25:40.825+0000] {logging_mixin.py:149} INFO - [2025-10-04T19:25:40.825+0000] {dagbag.py:541} INFO - Filling up the DagBag from /home/airflow/.local/lib/python3.7/site-packages/airflow/example_dags/example_branch_datetime_operator.py
[2025-10-04T19:25:40.841+0000] {processor.py:836} INFO - DAG(s) dict_keys(['example_branch_datetime_operator_2', 'example_branch_datetime_operator', 'example_branch_datetime_operator_3']) retrieved from /home/airflow/.local/lib/python3.7/site-packages/airflow/example_dags/example_branch_datetime_operator.py
[2025-10-04T19:25:40.895+0000] {logging_mixin.py:149} INFO - [2025-10-04T19:25:40.895+0000] {dag.py:2726} INFO - Sync 3 DAGs
[2025-10-04T19:25:40.938+0000] {logging_mixin.py:149} INFO - [2025-10-04T19:25:40.937+0000] {dag.py:3490} INFO - Setting next_dagrun for example_branch_datetime_operator to 2025-10-03T00:00:00+00:00, run_after=2025-10-04T00:00:00+00:00
[2025-10-04T19:25:40.948+0000] {logging_mixin.py:149} INFO - [2025-10-04T19:25:40.948+0000] {dag.py:3490} INFO - Setting next_dagrun for example_branch_datetime_operator_2 to 2025-10-03T00:00:00+00:00, run_after=2025-10-04T00:00:00+00:00
[2025-10-04T19:25:40.954+0000] {logging_mixin.py:149} INFO - [2025-10-04T19:25:40.953+0000] {dag.py:3490} INFO - Setting next_dagrun for example_branch_datetime_operator_3 to 2025-10-03T00:00:00+00:00, run_after=2025-10-04T00:00:00+00:00
[2025-10-04T19:25:40.986+0000] {processor.py:179} INFO - Processing /home/airflow/.local/lib/python3.7/site-packages/airflow/example_dags/example_branch_datetime_operator.py took 0.171 seconds
[2025-10-04T19:26:11.166+0000] {processor.py:157} INFO - Started process (PID=1306) to work on /home/airflow/.local/lib/python3.7/site-packages/airflow/example_dags/example_branch_datetime_operator.py
[2025-10-04T19:26:11.169+0000] {processor.py:826} INFO - Processing file /home/airflow/.local/lib/python3.7/site-packages/airflow/example_dags/example_branch_datetime_operator.py for tasks to queue
[2025-10-04T19:26:11.170+0000] {logging_mixin.py:149} INFO - [2025-10-04T19:26:11.170+0000] {dagbag.py:541} INFO - Filling up the DagBag from /home/airflow/.local/lib/python3.7/site-packages/airflow/example_dags/example_branch_datetime_operator.py
[2025-10-04T19:26:11.189+0000] {processor.py:836} INFO - DAG(s) dict_keys(['example_branch_datetime_operator_2', 'example_branch_datetime_operator', 'example_branch_datetime_operator_3']) retrieved from /home/airflow/.local/lib/python3.7/site-packages/airflow/example_dags/example_branch_datetime_operator.py
[2025-10-04T19:26:11.251+0000] {logging_mixin.py:149} INFO - [2025-10-04T19:26:11.250+0000] {dag.py:2726} INFO - Sync 3 DAGs
[2025-10-04T19:26:11.300+0000] {logging_mixin.py:149} INFO - [2025-10-04T19:26:11.299+0000] {dag.py:3490} INFO - Setting next_dagrun for example_branch_datetime_operator to 2025-10-03T00:00:00+00:00, run_after=2025-10-04T00:00:00+00:00
[2025-10-04T19:26:11.309+0000] {logging_mixin.py:149} INFO - [2025-10-04T19:26:11.309+0000] {dag.py:3490} INFO - Setting next_dagrun for example_branch_datetime_operator_2 to 2025-10-03T00:00:00+00:00, run_after=2025-10-04T00:00:00+00:00
[2025-10-04T19:26:11.313+0000] {logging_mixin.py:149} INFO - [2025-10-04T19:26:11.313+0000] {dag.py:3490} INFO - Setting next_dagrun for example_branch_datetime_operator_3 to 2025-10-03T00:00:00+00:00, run_after=2025-10-04T00:00:00+00:00
[2025-10-04T19:26:11.344+0000] {processor.py:179} INFO - Processing /home/airflow/.local/lib/python3.7/site-packages/airflow/example_dags/example_branch_datetime_operator.py took 0.185 seconds
[2025-10-04T19:26:41.856+0000] {processor.py:157} INFO - Started process (PID=1367) to work on /home/airflow/.local/lib/python3.7/site-packages/airflow/example_dags/example_branch_datetime_operator.py
[2025-10-04T19:26:41.858+0000] {processor.py:826} INFO - Processing file /home/airflow/.local/lib/python3.7/site-packages/airflow/example_dags/example_branch_datetime_operator.py for tasks to queue
[2025-10-04T19:26:41.860+0000] {logging_mixin.py:149} INFO - [2025-10-04T19:26:41.860+0000] {dagbag.py:541} INFO - Filling up the DagBag from /home/airflow/.local/lib/python3.7/site-packages/airflow/example_dags/example_branch_datetime_operator.py
[2025-10-04T19:26:41.883+0000] {processor.py:836} INFO - DAG(s) dict_keys(['example_branch_datetime_operator_2', 'example_branch_datetime_operator', 'example_branch_datetime_operator_3']) retrieved from /home/airflow/.local/lib/python3.7/site-packages/airflow/example_dags/example_branch_datetime_operator.py
[2025-10-04T19:26:41.956+0000] {logging_mixin.py:149} INFO - [2025-10-04T19:26:41.956+0000] {dag.py:2726} INFO - Sync 3 DAGs
[2025-10-04T19:26:42.008+0000] {logging_mixin.py:149} INFO - [2025-10-04T19:26:42.008+0000] {dag.py:3490} INFO - Setting next_dagrun for example_branch_datetime_operator to 2025-10-03T00:00:00+00:00, run_after=2025-10-04T00:00:00+00:00
[2025-10-04T19:26:42.019+0000] {logging_mixin.py:149} INFO - [2025-10-04T19:26:42.019+0000] {dag.py:3490} INFO - Setting next_dagrun for example_branch_datetime_operator_2 to 2025-10-03T00:00:00+00:00, run_after=2025-10-04T00:00:00+00:00
[2025-10-04T19:26:42.024+0000] {logging_mixin.py:149} INFO - [2025-10-04T19:26:42.024+0000] {dag.py:3490} INFO - Setting next_dagrun for example_branch_datetime_operator_3 to 2025-10-03T00:00:00+00:00, run_after=2025-10-04T00:00:00+00:00
[2025-10-04T19:26:42.059+0000] {processor.py:179} INFO - Processing /home/airflow/.local/lib/python3.7/site-packages/airflow/example_dags/example_branch_datetime_operator.py took 0.209 seconds
[2025-10-04T19:27:12.885+0000] {processor.py:157} INFO - Started process (PID=1428) to work on /home/airflow/.local/lib/python3.7/site-packages/airflow/example_dags/example_branch_datetime_operator.py
[2025-10-04T19:27:12.887+0000] {processor.py:826} INFO - Processing file /home/airflow/.local/lib/python3.7/site-packages/airflow/example_dags/example_branch_datetime_operator.py for tasks to queue
[2025-10-04T19:27:12.889+0000] {logging_mixin.py:149} INFO - [2025-10-04T19:27:12.889+0000] {dagbag.py:541} INFO - Filling up the DagBag from /home/airflow/.local/lib/python3.7/site-packages/airflow/example_dags/example_branch_datetime_operator.py
[2025-10-04T19:27:12.908+0000] {processor.py:836} INFO - DAG(s) dict_keys(['example_branch_datetime_operator_3', 'example_branch_datetime_operator_2', 'example_branch_datetime_operator']) retrieved from /home/airflow/.local/lib/python3.7/site-packages/airflow/example_dags/example_branch_datetime_operator.py
[2025-10-04T19:27:12.978+0000] {logging_mixin.py:149} INFO - [2025-10-04T19:27:12.978+0000] {dag.py:2726} INFO - Sync 3 DAGs
[2025-10-04T19:27:13.029+0000] {logging_mixin.py:149} INFO - [2025-10-04T19:27:13.029+0000] {dag.py:3490} INFO - Setting next_dagrun for example_branch_datetime_operator to 2025-10-03T00:00:00+00:00, run_after=2025-10-04T00:00:00+00:00
[2025-10-04T19:27:13.041+0000] {logging_mixin.py:149} INFO - [2025-10-04T19:27:13.040+0000] {dag.py:3490} INFO - Setting next_dagrun for example_branch_datetime_operator_2 to 2025-10-03T00:00:00+00:00, run_after=2025-10-04T00:00:00+00:00
[2025-10-04T19:27:13.048+0000] {logging_mixin.py:149} INFO - [2025-10-04T19:27:13.048+0000] {dag.py:3490} INFO - Setting next_dagrun for example_branch_datetime_operator_3 to 2025-10-03T00:00:00+00:00, run_after=2025-10-04T00:00:00+00:00
[2025-10-04T19:27:13.114+0000] {processor.py:179} INFO - Processing /home/airflow/.local/lib/python3.7/site-packages/airflow/example_dags/example_branch_datetime_operator.py took 0.235 seconds
[2025-10-04T19:27:43.590+0000] {processor.py:157} INFO - Started process (PID=1489) to work on /home/airflow/.local/lib/python3.7/site-packages/airflow/example_dags/example_branch_datetime_operator.py
[2025-10-04T19:27:43.592+0000] {processor.py:826} INFO - Processing file /home/airflow/.local/lib/python3.7/site-packages/airflow/example_dags/example_branch_datetime_operator.py for tasks to queue
[2025-10-04T19:27:43.594+0000] {logging_mixin.py:149} INFO - [2025-10-04T19:27:43.594+0000] {dagbag.py:541} INFO - Filling up the DagBag from /home/airflow/.local/lib/python3.7/site-packages/airflow/example_dags/example_branch_datetime_operator.py
[2025-10-04T19:27:43.616+0000] {processor.py:836} INFO - DAG(s) dict_keys(['example_branch_datetime_operator_3', 'example_branch_datetime_operator_2', 'example_branch_datetime_operator']) retrieved from /home/airflow/.local/lib/python3.7/site-packages/airflow/example_dags/example_branch_datetime_operator.py
[2025-10-04T19:27:43.679+0000] {logging_mixin.py:149} INFO - [2025-10-04T19:27:43.678+0000] {dag.py:2726} INFO - Sync 3 DAGs
[2025-10-04T19:27:43.728+0000] {logging_mixin.py:149} INFO - [2025-10-04T19:27:43.728+0000] {dag.py:3490} INFO - Setting next_dagrun for example_branch_datetime_operator to 2025-10-03T00:00:00+00:00, run_after=2025-10-04T00:00:00+00:00
[2025-10-04T19:27:43.736+0000] {logging_mixin.py:149} INFO - [2025-10-04T19:27:43.736+0000] {dag.py:3490} INFO - Setting next_dagrun for example_branch_datetime_operator_2 to 2025-10-03T00:00:00+00:00, run_after=2025-10-04T00:00:00+00:00
[2025-10-04T19:27:43.742+0000] {logging_mixin.py:149} INFO - [2025-10-04T19:27:43.742+0000] {dag.py:3490} INFO - Setting next_dagrun for example_branch_datetime_operator_3 to 2025-10-03T00:00:00+00:00, run_after=2025-10-04T00:00:00+00:00
[2025-10-04T19:27:43.777+0000] {processor.py:179} INFO - Processing /home/airflow/.local/lib/python3.7/site-packages/airflow/example_dags/example_branch_datetime_operator.py took 0.194 seconds
