[2025-10-04T19:15:55.063+0000] {processor.py:157} INFO - Started process (PID=72) to work on /home/airflow/.local/lib/python3.7/site-packages/airflow/example_dags/example_branch_python_dop_operator_3.py
[2025-10-04T19:15:55.065+0000] {processor.py:826} INFO - Processing file /home/airflow/.local/lib/python3.7/site-packages/airflow/example_dags/example_branch_python_dop_operator_3.py for tasks to queue
[2025-10-04T19:15:55.067+0000] {logging_mixin.py:149} INFO - [2025-10-04T19:15:55.067+0000] {dagbag.py:541} INFO - Filling up the DagBag from /home/airflow/.local/lib/python3.7/site-packages/airflow/example_dags/example_branch_python_dop_operator_3.py
[2025-10-04T19:15:55.094+0000] {processor.py:836} INFO - DAG(s) dict_keys(['example_branch_dop_operator_v3']) retrieved from /home/airflow/.local/lib/python3.7/site-packages/airflow/example_dags/example_branch_python_dop_operator_3.py
[2025-10-04T19:15:55.381+0000] {logging_mixin.py:149} INFO - [2025-10-04T19:15:55.381+0000] {manager.py:504} INFO - Created Permission View: can delete on DAG:example_branch_dop_operator_v3
[2025-10-04T19:15:55.408+0000] {logging_mixin.py:149} INFO - [2025-10-04T19:15:55.407+0000] {manager.py:504} INFO - Created Permission View: can edit on DAG:example_branch_dop_operator_v3
[2025-10-04T19:15:55.426+0000] {logging_mixin.py:149} INFO - [2025-10-04T19:15:55.425+0000] {manager.py:504} INFO - Created Permission View: can read on DAG:example_branch_dop_operator_v3
[2025-10-04T19:15:55.465+0000] {logging_mixin.py:149} INFO - [2025-10-04T19:15:55.465+0000] {dag.py:2726} INFO - Sync 1 DAGs
[2025-10-04T19:15:55.499+0000] {logging_mixin.py:149} INFO - [2025-10-04T19:15:55.498+0000] {dag.py:2747} INFO - Creating ORM DAG for example_branch_dop_operator_v3
[2025-10-04T19:15:55.543+0000] {logging_mixin.py:149} INFO - [2025-10-04T19:15:55.543+0000] {dag.py:3490} INFO - Setting next_dagrun for example_branch_dop_operator_v3 to 2025-10-04T19:14:00+00:00, run_after=2025-10-04T19:15:00+00:00
[2025-10-04T19:15:55.622+0000] {processor.py:179} INFO - Processing /home/airflow/.local/lib/python3.7/site-packages/airflow/example_dags/example_branch_python_dop_operator_3.py took 0.567 seconds
[2025-10-04T19:16:25.771+0000] {processor.py:157} INFO - Started process (PID=134) to work on /home/airflow/.local/lib/python3.7/site-packages/airflow/example_dags/example_branch_python_dop_operator_3.py
[2025-10-04T19:16:25.774+0000] {processor.py:826} INFO - Processing file /home/airflow/.local/lib/python3.7/site-packages/airflow/example_dags/example_branch_python_dop_operator_3.py for tasks to queue
[2025-10-04T19:16:25.776+0000] {logging_mixin.py:149} INFO - [2025-10-04T19:16:25.775+0000] {dagbag.py:541} INFO - Filling up the DagBag from /home/airflow/.local/lib/python3.7/site-packages/airflow/example_dags/example_branch_python_dop_operator_3.py
[2025-10-04T19:16:25.789+0000] {processor.py:836} INFO - DAG(s) dict_keys(['example_branch_dop_operator_v3']) retrieved from /home/airflow/.local/lib/python3.7/site-packages/airflow/example_dags/example_branch_python_dop_operator_3.py
[2025-10-04T19:16:25.846+0000] {logging_mixin.py:149} INFO - [2025-10-04T19:16:25.845+0000] {dag.py:2726} INFO - Sync 1 DAGs
[2025-10-04T19:16:25.898+0000] {logging_mixin.py:149} INFO - [2025-10-04T19:16:25.898+0000] {dag.py:3490} INFO - Setting next_dagrun for example_branch_dop_operator_v3 to 2025-10-04T19:15:00+00:00, run_after=2025-10-04T19:16:00+00:00
[2025-10-04T19:16:25.941+0000] {processor.py:179} INFO - Processing /home/airflow/.local/lib/python3.7/site-packages/airflow/example_dags/example_branch_python_dop_operator_3.py took 0.176 seconds
[2025-10-04T19:16:56.620+0000] {processor.py:157} INFO - Started process (PID=196) to work on /home/airflow/.local/lib/python3.7/site-packages/airflow/example_dags/example_branch_python_dop_operator_3.py
[2025-10-04T19:16:56.623+0000] {processor.py:826} INFO - Processing file /home/airflow/.local/lib/python3.7/site-packages/airflow/example_dags/example_branch_python_dop_operator_3.py for tasks to queue
[2025-10-04T19:16:56.625+0000] {logging_mixin.py:149} INFO - [2025-10-04T19:16:56.624+0000] {dagbag.py:541} INFO - Filling up the DagBag from /home/airflow/.local/lib/python3.7/site-packages/airflow/example_dags/example_branch_python_dop_operator_3.py
[2025-10-04T19:16:56.638+0000] {processor.py:836} INFO - DAG(s) dict_keys(['example_branch_dop_operator_v3']) retrieved from /home/airflow/.local/lib/python3.7/site-packages/airflow/example_dags/example_branch_python_dop_operator_3.py
[2025-10-04T19:16:56.687+0000] {logging_mixin.py:149} INFO - [2025-10-04T19:16:56.687+0000] {dag.py:2726} INFO - Sync 1 DAGs
[2025-10-04T19:16:56.749+0000] {logging_mixin.py:149} INFO - [2025-10-04T19:16:56.748+0000] {dag.py:3490} INFO - Setting next_dagrun for example_branch_dop_operator_v3 to 2025-10-04T19:15:00+00:00, run_after=2025-10-04T19:16:00+00:00
[2025-10-04T19:16:56.793+0000] {processor.py:179} INFO - Processing /home/airflow/.local/lib/python3.7/site-packages/airflow/example_dags/example_branch_python_dop_operator_3.py took 0.180 seconds
[2025-10-04T19:17:27.655+0000] {processor.py:157} INFO - Started process (PID=257) to work on /home/airflow/.local/lib/python3.7/site-packages/airflow/example_dags/example_branch_python_dop_operator_3.py
[2025-10-04T19:17:27.657+0000] {processor.py:826} INFO - Processing file /home/airflow/.local/lib/python3.7/site-packages/airflow/example_dags/example_branch_python_dop_operator_3.py for tasks to queue
[2025-10-04T19:17:27.659+0000] {logging_mixin.py:149} INFO - [2025-10-04T19:17:27.659+0000] {dagbag.py:541} INFO - Filling up the DagBag from /home/airflow/.local/lib/python3.7/site-packages/airflow/example_dags/example_branch_python_dop_operator_3.py
[2025-10-04T19:17:27.674+0000] {processor.py:836} INFO - DAG(s) dict_keys(['example_branch_dop_operator_v3']) retrieved from /home/airflow/.local/lib/python3.7/site-packages/airflow/example_dags/example_branch_python_dop_operator_3.py
[2025-10-04T19:17:27.731+0000] {logging_mixin.py:149} INFO - [2025-10-04T19:17:27.731+0000] {dag.py:2726} INFO - Sync 1 DAGs
[2025-10-04T19:17:27.796+0000] {logging_mixin.py:149} INFO - [2025-10-04T19:17:27.795+0000] {dag.py:3490} INFO - Setting next_dagrun for example_branch_dop_operator_v3 to 2025-10-04T19:16:00+00:00, run_after=2025-10-04T19:17:00+00:00
[2025-10-04T19:17:27.841+0000] {processor.py:179} INFO - Processing /home/airflow/.local/lib/python3.7/site-packages/airflow/example_dags/example_branch_python_dop_operator_3.py took 0.193 seconds
[2025-10-04T19:17:58.506+0000] {processor.py:157} INFO - Started process (PID=318) to work on /home/airflow/.local/lib/python3.7/site-packages/airflow/example_dags/example_branch_python_dop_operator_3.py
[2025-10-04T19:17:58.509+0000] {processor.py:826} INFO - Processing file /home/airflow/.local/lib/python3.7/site-packages/airflow/example_dags/example_branch_python_dop_operator_3.py for tasks to queue
[2025-10-04T19:17:58.511+0000] {logging_mixin.py:149} INFO - [2025-10-04T19:17:58.510+0000] {dagbag.py:541} INFO - Filling up the DagBag from /home/airflow/.local/lib/python3.7/site-packages/airflow/example_dags/example_branch_python_dop_operator_3.py
[2025-10-04T19:17:58.525+0000] {processor.py:836} INFO - DAG(s) dict_keys(['example_branch_dop_operator_v3']) retrieved from /home/airflow/.local/lib/python3.7/site-packages/airflow/example_dags/example_branch_python_dop_operator_3.py
[2025-10-04T19:17:58.579+0000] {logging_mixin.py:149} INFO - [2025-10-04T19:17:58.579+0000] {dag.py:2726} INFO - Sync 1 DAGs
[2025-10-04T19:17:58.640+0000] {logging_mixin.py:149} INFO - [2025-10-04T19:17:58.640+0000] {dag.py:3490} INFO - Setting next_dagrun for example_branch_dop_operator_v3 to 2025-10-04T19:16:00+00:00, run_after=2025-10-04T19:17:00+00:00
[2025-10-04T19:17:58.687+0000] {processor.py:179} INFO - Processing /home/airflow/.local/lib/python3.7/site-packages/airflow/example_dags/example_branch_python_dop_operator_3.py took 0.187 seconds
[2025-10-04T19:18:29.130+0000] {processor.py:157} INFO - Started process (PID=379) to work on /home/airflow/.local/lib/python3.7/site-packages/airflow/example_dags/example_branch_python_dop_operator_3.py
[2025-10-04T19:18:29.133+0000] {processor.py:826} INFO - Processing file /home/airflow/.local/lib/python3.7/site-packages/airflow/example_dags/example_branch_python_dop_operator_3.py for tasks to queue
[2025-10-04T19:18:29.135+0000] {logging_mixin.py:149} INFO - [2025-10-04T19:18:29.134+0000] {dagbag.py:541} INFO - Filling up the DagBag from /home/airflow/.local/lib/python3.7/site-packages/airflow/example_dags/example_branch_python_dop_operator_3.py
[2025-10-04T19:18:29.149+0000] {processor.py:836} INFO - DAG(s) dict_keys(['example_branch_dop_operator_v3']) retrieved from /home/airflow/.local/lib/python3.7/site-packages/airflow/example_dags/example_branch_python_dop_operator_3.py
[2025-10-04T19:18:29.197+0000] {logging_mixin.py:149} INFO - [2025-10-04T19:18:29.197+0000] {dag.py:2726} INFO - Sync 1 DAGs
[2025-10-04T19:18:29.252+0000] {logging_mixin.py:149} INFO - [2025-10-04T19:18:29.252+0000] {dag.py:3490} INFO - Setting next_dagrun for example_branch_dop_operator_v3 to 2025-10-04T19:17:00+00:00, run_after=2025-10-04T19:18:00+00:00
[2025-10-04T19:18:29.295+0000] {processor.py:179} INFO - Processing /home/airflow/.local/lib/python3.7/site-packages/airflow/example_dags/example_branch_python_dop_operator_3.py took 0.171 seconds
[2025-10-04T19:18:59.398+0000] {processor.py:157} INFO - Started process (PID=439) to work on /home/airflow/.local/lib/python3.7/site-packages/airflow/example_dags/example_branch_python_dop_operator_3.py
[2025-10-04T19:18:59.401+0000] {processor.py:826} INFO - Processing file /home/airflow/.local/lib/python3.7/site-packages/airflow/example_dags/example_branch_python_dop_operator_3.py for tasks to queue
[2025-10-04T19:18:59.403+0000] {logging_mixin.py:149} INFO - [2025-10-04T19:18:59.402+0000] {dagbag.py:541} INFO - Filling up the DagBag from /home/airflow/.local/lib/python3.7/site-packages/airflow/example_dags/example_branch_python_dop_operator_3.py
[2025-10-04T19:18:59.416+0000] {processor.py:836} INFO - DAG(s) dict_keys(['example_branch_dop_operator_v3']) retrieved from /home/airflow/.local/lib/python3.7/site-packages/airflow/example_dags/example_branch_python_dop_operator_3.py
[2025-10-04T19:18:59.473+0000] {logging_mixin.py:149} INFO - [2025-10-04T19:18:59.473+0000] {dag.py:2726} INFO - Sync 1 DAGs
[2025-10-04T19:18:59.531+0000] {logging_mixin.py:149} INFO - [2025-10-04T19:18:59.530+0000] {dag.py:3490} INFO - Setting next_dagrun for example_branch_dop_operator_v3 to 2025-10-04T19:17:00+00:00, run_after=2025-10-04T19:18:00+00:00
[2025-10-04T19:18:59.576+0000] {processor.py:179} INFO - Processing /home/airflow/.local/lib/python3.7/site-packages/airflow/example_dags/example_branch_python_dop_operator_3.py took 0.185 seconds
[2025-10-04T19:19:29.816+0000] {processor.py:157} INFO - Started process (PID=500) to work on /home/airflow/.local/lib/python3.7/site-packages/airflow/example_dags/example_branch_python_dop_operator_3.py
[2025-10-04T19:19:29.819+0000] {processor.py:826} INFO - Processing file /home/airflow/.local/lib/python3.7/site-packages/airflow/example_dags/example_branch_python_dop_operator_3.py for tasks to queue
[2025-10-04T19:19:29.821+0000] {logging_mixin.py:149} INFO - [2025-10-04T19:19:29.820+0000] {dagbag.py:541} INFO - Filling up the DagBag from /home/airflow/.local/lib/python3.7/site-packages/airflow/example_dags/example_branch_python_dop_operator_3.py
[2025-10-04T19:19:29.838+0000] {processor.py:836} INFO - DAG(s) dict_keys(['example_branch_dop_operator_v3']) retrieved from /home/airflow/.local/lib/python3.7/site-packages/airflow/example_dags/example_branch_python_dop_operator_3.py
[2025-10-04T19:19:29.904+0000] {logging_mixin.py:149} INFO - [2025-10-04T19:19:29.903+0000] {dag.py:2726} INFO - Sync 1 DAGs
[2025-10-04T19:19:29.988+0000] {logging_mixin.py:149} INFO - [2025-10-04T19:19:29.988+0000] {dag.py:3490} INFO - Setting next_dagrun for example_branch_dop_operator_v3 to 2025-10-04T19:18:00+00:00, run_after=2025-10-04T19:19:00+00:00
[2025-10-04T19:19:30.045+0000] {processor.py:179} INFO - Processing /home/airflow/.local/lib/python3.7/site-packages/airflow/example_dags/example_branch_python_dop_operator_3.py took 0.237 seconds
[2025-10-04T19:20:00.898+0000] {processor.py:157} INFO - Started process (PID=562) to work on /home/airflow/.local/lib/python3.7/site-packages/airflow/example_dags/example_branch_python_dop_operator_3.py
[2025-10-04T19:20:00.901+0000] {processor.py:826} INFO - Processing file /home/airflow/.local/lib/python3.7/site-packages/airflow/example_dags/example_branch_python_dop_operator_3.py for tasks to queue
[2025-10-04T19:20:00.904+0000] {logging_mixin.py:149} INFO - [2025-10-04T19:20:00.903+0000] {dagbag.py:541} INFO - Filling up the DagBag from /home/airflow/.local/lib/python3.7/site-packages/airflow/example_dags/example_branch_python_dop_operator_3.py
[2025-10-04T19:20:00.927+0000] {processor.py:836} INFO - DAG(s) dict_keys(['example_branch_dop_operator_v3']) retrieved from /home/airflow/.local/lib/python3.7/site-packages/airflow/example_dags/example_branch_python_dop_operator_3.py
[2025-10-04T19:20:00.989+0000] {logging_mixin.py:149} INFO - [2025-10-04T19:20:00.989+0000] {dag.py:2726} INFO - Sync 1 DAGs
[2025-10-04T19:20:01.063+0000] {logging_mixin.py:149} INFO - [2025-10-04T19:20:01.062+0000] {dag.py:3490} INFO - Setting next_dagrun for example_branch_dop_operator_v3 to 2025-10-04T19:19:00+00:00, run_after=2025-10-04T19:20:00+00:00
[2025-10-04T19:20:01.114+0000] {processor.py:179} INFO - Processing /home/airflow/.local/lib/python3.7/site-packages/airflow/example_dags/example_branch_python_dop_operator_3.py took 0.224 seconds
[2025-10-04T19:20:31.460+0000] {processor.py:157} INFO - Started process (PID=623) to work on /home/airflow/.local/lib/python3.7/site-packages/airflow/example_dags/example_branch_python_dop_operator_3.py
[2025-10-04T19:20:31.463+0000] {processor.py:826} INFO - Processing file /home/airflow/.local/lib/python3.7/site-packages/airflow/example_dags/example_branch_python_dop_operator_3.py for tasks to queue
[2025-10-04T19:20:31.465+0000] {logging_mixin.py:149} INFO - [2025-10-04T19:20:31.465+0000] {dagbag.py:541} INFO - Filling up the DagBag from /home/airflow/.local/lib/python3.7/site-packages/airflow/example_dags/example_branch_python_dop_operator_3.py
[2025-10-04T19:20:31.488+0000] {processor.py:836} INFO - DAG(s) dict_keys(['example_branch_dop_operator_v3']) retrieved from /home/airflow/.local/lib/python3.7/site-packages/airflow/example_dags/example_branch_python_dop_operator_3.py
[2025-10-04T19:20:31.571+0000] {logging_mixin.py:149} INFO - [2025-10-04T19:20:31.571+0000] {dag.py:2726} INFO - Sync 1 DAGs
[2025-10-04T19:20:31.690+0000] {logging_mixin.py:149} INFO - [2025-10-04T19:20:31.689+0000] {dag.py:3490} INFO - Setting next_dagrun for example_branch_dop_operator_v3 to 2025-10-04T19:19:00+00:00, run_after=2025-10-04T19:20:00+00:00
[2025-10-04T19:20:31.769+0000] {processor.py:179} INFO - Processing /home/airflow/.local/lib/python3.7/site-packages/airflow/example_dags/example_branch_python_dop_operator_3.py took 0.317 seconds
[2025-10-04T19:21:02.178+0000] {processor.py:157} INFO - Started process (PID=684) to work on /home/airflow/.local/lib/python3.7/site-packages/airflow/example_dags/example_branch_python_dop_operator_3.py
[2025-10-04T19:21:02.181+0000] {processor.py:826} INFO - Processing file /home/airflow/.local/lib/python3.7/site-packages/airflow/example_dags/example_branch_python_dop_operator_3.py for tasks to queue
[2025-10-04T19:21:02.183+0000] {logging_mixin.py:149} INFO - [2025-10-04T19:21:02.183+0000] {dagbag.py:541} INFO - Filling up the DagBag from /home/airflow/.local/lib/python3.7/site-packages/airflow/example_dags/example_branch_python_dop_operator_3.py
[2025-10-04T19:21:02.205+0000] {processor.py:836} INFO - DAG(s) dict_keys(['example_branch_dop_operator_v3']) retrieved from /home/airflow/.local/lib/python3.7/site-packages/airflow/example_dags/example_branch_python_dop_operator_3.py
[2025-10-04T19:21:02.261+0000] {logging_mixin.py:149} INFO - [2025-10-04T19:21:02.260+0000] {dag.py:2726} INFO - Sync 1 DAGs
[2025-10-04T19:21:02.330+0000] {logging_mixin.py:149} INFO - [2025-10-04T19:21:02.330+0000] {dag.py:3490} INFO - Setting next_dagrun for example_branch_dop_operator_v3 to 2025-10-04T19:20:00+00:00, run_after=2025-10-04T19:21:00+00:00
[2025-10-04T19:21:02.380+0000] {processor.py:179} INFO - Processing /home/airflow/.local/lib/python3.7/site-packages/airflow/example_dags/example_branch_python_dop_operator_3.py took 0.210 seconds
[2025-10-04T19:21:32.998+0000] {processor.py:157} INFO - Started process (PID=745) to work on /home/airflow/.local/lib/python3.7/site-packages/airflow/example_dags/example_branch_python_dop_operator_3.py
[2025-10-04T19:21:33.001+0000] {processor.py:826} INFO - Processing file /home/airflow/.local/lib/python3.7/site-packages/airflow/example_dags/example_branch_python_dop_operator_3.py for tasks to queue
[2025-10-04T19:21:33.003+0000] {logging_mixin.py:149} INFO - [2025-10-04T19:21:33.003+0000] {dagbag.py:541} INFO - Filling up the DagBag from /home/airflow/.local/lib/python3.7/site-packages/airflow/example_dags/example_branch_python_dop_operator_3.py
[2025-10-04T19:21:33.023+0000] {processor.py:836} INFO - DAG(s) dict_keys(['example_branch_dop_operator_v3']) retrieved from /home/airflow/.local/lib/python3.7/site-packages/airflow/example_dags/example_branch_python_dop_operator_3.py
[2025-10-04T19:21:33.108+0000] {logging_mixin.py:149} INFO - [2025-10-04T19:21:33.106+0000] {dag.py:2726} INFO - Sync 1 DAGs
[2025-10-04T19:21:33.168+0000] {logging_mixin.py:149} INFO - [2025-10-04T19:21:33.167+0000] {dag.py:3490} INFO - Setting next_dagrun for example_branch_dop_operator_v3 to 2025-10-04T19:20:00+00:00, run_after=2025-10-04T19:21:00+00:00
[2025-10-04T19:21:33.209+0000] {processor.py:179} INFO - Processing /home/airflow/.local/lib/python3.7/site-packages/airflow/example_dags/example_branch_python_dop_operator_3.py took 0.220 seconds
[2025-10-04T19:22:03.966+0000] {processor.py:157} INFO - Started process (PID=806) to work on /home/airflow/.local/lib/python3.7/site-packages/airflow/example_dags/example_branch_python_dop_operator_3.py
[2025-10-04T19:22:03.969+0000] {processor.py:826} INFO - Processing file /home/airflow/.local/lib/python3.7/site-packages/airflow/example_dags/example_branch_python_dop_operator_3.py for tasks to queue
[2025-10-04T19:22:03.971+0000] {logging_mixin.py:149} INFO - [2025-10-04T19:22:03.971+0000] {dagbag.py:541} INFO - Filling up the DagBag from /home/airflow/.local/lib/python3.7/site-packages/airflow/example_dags/example_branch_python_dop_operator_3.py
[2025-10-04T19:22:03.987+0000] {processor.py:836} INFO - DAG(s) dict_keys(['example_branch_dop_operator_v3']) retrieved from /home/airflow/.local/lib/python3.7/site-packages/airflow/example_dags/example_branch_python_dop_operator_3.py
[2025-10-04T19:22:04.045+0000] {logging_mixin.py:149} INFO - [2025-10-04T19:22:04.045+0000] {dag.py:2726} INFO - Sync 1 DAGs
[2025-10-04T19:22:04.105+0000] {logging_mixin.py:149} INFO - [2025-10-04T19:22:04.105+0000] {dag.py:3490} INFO - Setting next_dagrun for example_branch_dop_operator_v3 to 2025-10-04T19:21:00+00:00, run_after=2025-10-04T19:22:00+00:00
[2025-10-04T19:22:04.161+0000] {processor.py:179} INFO - Processing /home/airflow/.local/lib/python3.7/site-packages/airflow/example_dags/example_branch_python_dop_operator_3.py took 0.202 seconds
[2025-10-04T19:22:34.447+0000] {processor.py:157} INFO - Started process (PID=867) to work on /home/airflow/.local/lib/python3.7/site-packages/airflow/example_dags/example_branch_python_dop_operator_3.py
[2025-10-04T19:22:34.448+0000] {processor.py:826} INFO - Processing file /home/airflow/.local/lib/python3.7/site-packages/airflow/example_dags/example_branch_python_dop_operator_3.py for tasks to queue
[2025-10-04T19:22:34.450+0000] {logging_mixin.py:149} INFO - [2025-10-04T19:22:34.450+0000] {dagbag.py:541} INFO - Filling up the DagBag from /home/airflow/.local/lib/python3.7/site-packages/airflow/example_dags/example_branch_python_dop_operator_3.py
[2025-10-04T19:22:34.464+0000] {processor.py:836} INFO - DAG(s) dict_keys(['example_branch_dop_operator_v3']) retrieved from /home/airflow/.local/lib/python3.7/site-packages/airflow/example_dags/example_branch_python_dop_operator_3.py
[2025-10-04T19:22:34.511+0000] {logging_mixin.py:149} INFO - [2025-10-04T19:22:34.511+0000] {dag.py:2726} INFO - Sync 1 DAGs
[2025-10-04T19:22:34.568+0000] {logging_mixin.py:149} INFO - [2025-10-04T19:22:34.568+0000] {dag.py:3490} INFO - Setting next_dagrun for example_branch_dop_operator_v3 to 2025-10-04T19:21:00+00:00, run_after=2025-10-04T19:22:00+00:00
[2025-10-04T19:22:34.611+0000] {processor.py:179} INFO - Processing /home/airflow/.local/lib/python3.7/site-packages/airflow/example_dags/example_branch_python_dop_operator_3.py took 0.171 seconds
[2025-10-04T19:23:04.746+0000] {processor.py:157} INFO - Started process (PID=927) to work on /home/airflow/.local/lib/python3.7/site-packages/airflow/example_dags/example_branch_python_dop_operator_3.py
[2025-10-04T19:23:04.748+0000] {processor.py:826} INFO - Processing file /home/airflow/.local/lib/python3.7/site-packages/airflow/example_dags/example_branch_python_dop_operator_3.py for tasks to queue
[2025-10-04T19:23:04.750+0000] {logging_mixin.py:149} INFO - [2025-10-04T19:23:04.750+0000] {dagbag.py:541} INFO - Filling up the DagBag from /home/airflow/.local/lib/python3.7/site-packages/airflow/example_dags/example_branch_python_dop_operator_3.py
[2025-10-04T19:23:04.764+0000] {processor.py:836} INFO - DAG(s) dict_keys(['example_branch_dop_operator_v3']) retrieved from /home/airflow/.local/lib/python3.7/site-packages/airflow/example_dags/example_branch_python_dop_operator_3.py
[2025-10-04T19:23:04.812+0000] {logging_mixin.py:149} INFO - [2025-10-04T19:23:04.811+0000] {dag.py:2726} INFO - Sync 1 DAGs
[2025-10-04T19:23:04.856+0000] {logging_mixin.py:149} INFO - [2025-10-04T19:23:04.856+0000] {dag.py:3490} INFO - Setting next_dagrun for example_branch_dop_operator_v3 to 2025-10-04T19:22:00+00:00, run_after=2025-10-04T19:23:00+00:00
[2025-10-04T19:23:04.889+0000] {processor.py:179} INFO - Processing /home/airflow/.local/lib/python3.7/site-packages/airflow/example_dags/example_branch_python_dop_operator_3.py took 0.149 seconds
[2025-10-04T19:23:35.648+0000] {processor.py:157} INFO - Started process (PID=989) to work on /home/airflow/.local/lib/python3.7/site-packages/airflow/example_dags/example_branch_python_dop_operator_3.py
[2025-10-04T19:23:35.658+0000] {processor.py:826} INFO - Processing file /home/airflow/.local/lib/python3.7/site-packages/airflow/example_dags/example_branch_python_dop_operator_3.py for tasks to queue
[2025-10-04T19:23:35.662+0000] {logging_mixin.py:149} INFO - [2025-10-04T19:23:35.661+0000] {dagbag.py:541} INFO - Filling up the DagBag from /home/airflow/.local/lib/python3.7/site-packages/airflow/example_dags/example_branch_python_dop_operator_3.py
[2025-10-04T19:23:35.716+0000] {processor.py:836} INFO - DAG(s) dict_keys(['example_branch_dop_operator_v3']) retrieved from /home/airflow/.local/lib/python3.7/site-packages/airflow/example_dags/example_branch_python_dop_operator_3.py
[2025-10-04T19:23:35.827+0000] {logging_mixin.py:149} INFO - [2025-10-04T19:23:35.827+0000] {dag.py:2726} INFO - Sync 1 DAGs
[2025-10-04T19:23:35.903+0000] {logging_mixin.py:149} INFO - [2025-10-04T19:23:35.902+0000] {dag.py:3490} INFO - Setting next_dagrun for example_branch_dop_operator_v3 to 2025-10-04T19:22:00+00:00, run_after=2025-10-04T19:23:00+00:00
[2025-10-04T19:23:35.951+0000] {processor.py:179} INFO - Processing /home/airflow/.local/lib/python3.7/site-packages/airflow/example_dags/example_branch_python_dop_operator_3.py took 0.318 seconds
[2025-10-04T19:24:06.059+0000] {processor.py:157} INFO - Started process (PID=1050) to work on /home/airflow/.local/lib/python3.7/site-packages/airflow/example_dags/example_branch_python_dop_operator_3.py
[2025-10-04T19:24:06.061+0000] {processor.py:826} INFO - Processing file /home/airflow/.local/lib/python3.7/site-packages/airflow/example_dags/example_branch_python_dop_operator_3.py for tasks to queue
[2025-10-04T19:24:06.062+0000] {logging_mixin.py:149} INFO - [2025-10-04T19:24:06.062+0000] {dagbag.py:541} INFO - Filling up the DagBag from /home/airflow/.local/lib/python3.7/site-packages/airflow/example_dags/example_branch_python_dop_operator_3.py
[2025-10-04T19:24:06.074+0000] {processor.py:836} INFO - DAG(s) dict_keys(['example_branch_dop_operator_v3']) retrieved from /home/airflow/.local/lib/python3.7/site-packages/airflow/example_dags/example_branch_python_dop_operator_3.py
[2025-10-04T19:24:06.119+0000] {logging_mixin.py:149} INFO - [2025-10-04T19:24:06.119+0000] {dag.py:2726} INFO - Sync 1 DAGs
[2025-10-04T19:24:06.175+0000] {logging_mixin.py:149} INFO - [2025-10-04T19:24:06.175+0000] {dag.py:3490} INFO - Setting next_dagrun for example_branch_dop_operator_v3 to 2025-10-04T19:23:00+00:00, run_after=2025-10-04T19:24:00+00:00
[2025-10-04T19:24:06.211+0000] {processor.py:179} INFO - Processing /home/airflow/.local/lib/python3.7/site-packages/airflow/example_dags/example_branch_python_dop_operator_3.py took 0.157 seconds
[2025-10-04T19:24:36.369+0000] {processor.py:157} INFO - Started process (PID=1111) to work on /home/airflow/.local/lib/python3.7/site-packages/airflow/example_dags/example_branch_python_dop_operator_3.py
[2025-10-04T19:24:36.371+0000] {processor.py:826} INFO - Processing file /home/airflow/.local/lib/python3.7/site-packages/airflow/example_dags/example_branch_python_dop_operator_3.py for tasks to queue
[2025-10-04T19:24:36.373+0000] {logging_mixin.py:149} INFO - [2025-10-04T19:24:36.372+0000] {dagbag.py:541} INFO - Filling up the DagBag from /home/airflow/.local/lib/python3.7/site-packages/airflow/example_dags/example_branch_python_dop_operator_3.py
[2025-10-04T19:24:36.384+0000] {processor.py:836} INFO - DAG(s) dict_keys(['example_branch_dop_operator_v3']) retrieved from /home/airflow/.local/lib/python3.7/site-packages/airflow/example_dags/example_branch_python_dop_operator_3.py
[2025-10-04T19:24:36.432+0000] {logging_mixin.py:149} INFO - [2025-10-04T19:24:36.432+0000] {dag.py:2726} INFO - Sync 1 DAGs
[2025-10-04T19:24:36.484+0000] {logging_mixin.py:149} INFO - [2025-10-04T19:24:36.484+0000] {dag.py:3490} INFO - Setting next_dagrun for example_branch_dop_operator_v3 to 2025-10-04T19:23:00+00:00, run_after=2025-10-04T19:24:00+00:00
[2025-10-04T19:24:36.522+0000] {processor.py:179} INFO - Processing /home/airflow/.local/lib/python3.7/site-packages/airflow/example_dags/example_branch_python_dop_operator_3.py took 0.158 seconds
[2025-10-04T19:25:07.085+0000] {processor.py:157} INFO - Started process (PID=1172) to work on /home/airflow/.local/lib/python3.7/site-packages/airflow/example_dags/example_branch_python_dop_operator_3.py
[2025-10-04T19:25:07.086+0000] {processor.py:826} INFO - Processing file /home/airflow/.local/lib/python3.7/site-packages/airflow/example_dags/example_branch_python_dop_operator_3.py for tasks to queue
[2025-10-04T19:25:07.088+0000] {logging_mixin.py:149} INFO - [2025-10-04T19:25:07.088+0000] {dagbag.py:541} INFO - Filling up the DagBag from /home/airflow/.local/lib/python3.7/site-packages/airflow/example_dags/example_branch_python_dop_operator_3.py
[2025-10-04T19:25:07.103+0000] {processor.py:836} INFO - DAG(s) dict_keys(['example_branch_dop_operator_v3']) retrieved from /home/airflow/.local/lib/python3.7/site-packages/airflow/example_dags/example_branch_python_dop_operator_3.py
[2025-10-04T19:25:07.149+0000] {logging_mixin.py:149} INFO - [2025-10-04T19:25:07.149+0000] {dag.py:2726} INFO - Sync 1 DAGs
[2025-10-04T19:25:07.201+0000] {logging_mixin.py:149} INFO - [2025-10-04T19:25:07.201+0000] {dag.py:3490} INFO - Setting next_dagrun for example_branch_dop_operator_v3 to 2025-10-04T19:24:00+00:00, run_after=2025-10-04T19:25:00+00:00
[2025-10-04T19:25:07.244+0000] {processor.py:179} INFO - Processing /home/airflow/.local/lib/python3.7/site-packages/airflow/example_dags/example_branch_python_dop_operator_3.py took 0.165 seconds
[2025-10-04T19:25:37.502+0000] {processor.py:157} INFO - Started process (PID=1233) to work on /home/airflow/.local/lib/python3.7/site-packages/airflow/example_dags/example_branch_python_dop_operator_3.py
[2025-10-04T19:25:37.504+0000] {processor.py:826} INFO - Processing file /home/airflow/.local/lib/python3.7/site-packages/airflow/example_dags/example_branch_python_dop_operator_3.py for tasks to queue
[2025-10-04T19:25:37.506+0000] {logging_mixin.py:149} INFO - [2025-10-04T19:25:37.506+0000] {dagbag.py:541} INFO - Filling up the DagBag from /home/airflow/.local/lib/python3.7/site-packages/airflow/example_dags/example_branch_python_dop_operator_3.py
[2025-10-04T19:25:37.519+0000] {processor.py:836} INFO - DAG(s) dict_keys(['example_branch_dop_operator_v3']) retrieved from /home/airflow/.local/lib/python3.7/site-packages/airflow/example_dags/example_branch_python_dop_operator_3.py
[2025-10-04T19:25:37.566+0000] {logging_mixin.py:149} INFO - [2025-10-04T19:25:37.565+0000] {dag.py:2726} INFO - Sync 1 DAGs
[2025-10-04T19:25:37.620+0000] {logging_mixin.py:149} INFO - [2025-10-04T19:25:37.620+0000] {dag.py:3490} INFO - Setting next_dagrun for example_branch_dop_operator_v3 to 2025-10-04T19:24:00+00:00, run_after=2025-10-04T19:25:00+00:00
[2025-10-04T19:25:37.661+0000] {processor.py:179} INFO - Processing /home/airflow/.local/lib/python3.7/site-packages/airflow/example_dags/example_branch_python_dop_operator_3.py took 0.164 seconds
[2025-10-04T19:26:07.915+0000] {processor.py:157} INFO - Started process (PID=1294) to work on /home/airflow/.local/lib/python3.7/site-packages/airflow/example_dags/example_branch_python_dop_operator_3.py
[2025-10-04T19:26:07.917+0000] {processor.py:826} INFO - Processing file /home/airflow/.local/lib/python3.7/site-packages/airflow/example_dags/example_branch_python_dop_operator_3.py for tasks to queue
[2025-10-04T19:26:07.919+0000] {logging_mixin.py:149} INFO - [2025-10-04T19:26:07.919+0000] {dagbag.py:541} INFO - Filling up the DagBag from /home/airflow/.local/lib/python3.7/site-packages/airflow/example_dags/example_branch_python_dop_operator_3.py
[2025-10-04T19:26:07.932+0000] {processor.py:836} INFO - DAG(s) dict_keys(['example_branch_dop_operator_v3']) retrieved from /home/airflow/.local/lib/python3.7/site-packages/airflow/example_dags/example_branch_python_dop_operator_3.py
[2025-10-04T19:26:07.978+0000] {logging_mixin.py:149} INFO - [2025-10-04T19:26:07.977+0000] {dag.py:2726} INFO - Sync 1 DAGs
[2025-10-04T19:26:08.028+0000] {logging_mixin.py:149} INFO - [2025-10-04T19:26:08.027+0000] {dag.py:3490} INFO - Setting next_dagrun for example_branch_dop_operator_v3 to 2025-10-04T19:25:00+00:00, run_after=2025-10-04T19:26:00+00:00
[2025-10-04T19:26:08.065+0000] {processor.py:179} INFO - Processing /home/airflow/.local/lib/python3.7/site-packages/airflow/example_dags/example_branch_python_dop_operator_3.py took 0.157 seconds
[2025-10-04T19:26:38.369+0000] {processor.py:157} INFO - Started process (PID=1355) to work on /home/airflow/.local/lib/python3.7/site-packages/airflow/example_dags/example_branch_python_dop_operator_3.py
[2025-10-04T19:26:38.371+0000] {processor.py:826} INFO - Processing file /home/airflow/.local/lib/python3.7/site-packages/airflow/example_dags/example_branch_python_dop_operator_3.py for tasks to queue
[2025-10-04T19:26:38.373+0000] {logging_mixin.py:149} INFO - [2025-10-04T19:26:38.372+0000] {dagbag.py:541} INFO - Filling up the DagBag from /home/airflow/.local/lib/python3.7/site-packages/airflow/example_dags/example_branch_python_dop_operator_3.py
[2025-10-04T19:26:38.386+0000] {processor.py:836} INFO - DAG(s) dict_keys(['example_branch_dop_operator_v3']) retrieved from /home/airflow/.local/lib/python3.7/site-packages/airflow/example_dags/example_branch_python_dop_operator_3.py
[2025-10-04T19:26:38.434+0000] {logging_mixin.py:149} INFO - [2025-10-04T19:26:38.434+0000] {dag.py:2726} INFO - Sync 1 DAGs
[2025-10-04T19:26:38.493+0000] {logging_mixin.py:149} INFO - [2025-10-04T19:26:38.493+0000] {dag.py:3490} INFO - Setting next_dagrun for example_branch_dop_operator_v3 to 2025-10-04T19:25:00+00:00, run_after=2025-10-04T19:26:00+00:00
[2025-10-04T19:26:38.532+0000] {processor.py:179} INFO - Processing /home/airflow/.local/lib/python3.7/site-packages/airflow/example_dags/example_branch_python_dop_operator_3.py took 0.171 seconds
[2025-10-04T19:27:08.621+0000] {processor.py:157} INFO - Started process (PID=1416) to work on /home/airflow/.local/lib/python3.7/site-packages/airflow/example_dags/example_branch_python_dop_operator_3.py
[2025-10-04T19:27:08.623+0000] {processor.py:826} INFO - Processing file /home/airflow/.local/lib/python3.7/site-packages/airflow/example_dags/example_branch_python_dop_operator_3.py for tasks to queue
[2025-10-04T19:27:08.625+0000] {logging_mixin.py:149} INFO - [2025-10-04T19:27:08.625+0000] {dagbag.py:541} INFO - Filling up the DagBag from /home/airflow/.local/lib/python3.7/site-packages/airflow/example_dags/example_branch_python_dop_operator_3.py
[2025-10-04T19:27:08.641+0000] {processor.py:836} INFO - DAG(s) dict_keys(['example_branch_dop_operator_v3']) retrieved from /home/airflow/.local/lib/python3.7/site-packages/airflow/example_dags/example_branch_python_dop_operator_3.py
[2025-10-04T19:27:08.687+0000] {logging_mixin.py:149} INFO - [2025-10-04T19:27:08.687+0000] {dag.py:2726} INFO - Sync 1 DAGs
[2025-10-04T19:27:08.743+0000] {logging_mixin.py:149} INFO - [2025-10-04T19:27:08.743+0000] {dag.py:3490} INFO - Setting next_dagrun for example_branch_dop_operator_v3 to 2025-10-04T19:26:00+00:00, run_after=2025-10-04T19:27:00+00:00
[2025-10-04T19:27:08.786+0000] {processor.py:179} INFO - Processing /home/airflow/.local/lib/python3.7/site-packages/airflow/example_dags/example_branch_python_dop_operator_3.py took 0.171 seconds
[2025-10-04T19:27:39.085+0000] {processor.py:157} INFO - Started process (PID=1477) to work on /home/airflow/.local/lib/python3.7/site-packages/airflow/example_dags/example_branch_python_dop_operator_3.py
[2025-10-04T19:27:39.087+0000] {processor.py:826} INFO - Processing file /home/airflow/.local/lib/python3.7/site-packages/airflow/example_dags/example_branch_python_dop_operator_3.py for tasks to queue
[2025-10-04T19:27:39.088+0000] {logging_mixin.py:149} INFO - [2025-10-04T19:27:39.088+0000] {dagbag.py:541} INFO - Filling up the DagBag from /home/airflow/.local/lib/python3.7/site-packages/airflow/example_dags/example_branch_python_dop_operator_3.py
[2025-10-04T19:27:39.104+0000] {processor.py:836} INFO - DAG(s) dict_keys(['example_branch_dop_operator_v3']) retrieved from /home/airflow/.local/lib/python3.7/site-packages/airflow/example_dags/example_branch_python_dop_operator_3.py
[2025-10-04T19:27:39.153+0000] {logging_mixin.py:149} INFO - [2025-10-04T19:27:39.153+0000] {dag.py:2726} INFO - Sync 1 DAGs
[2025-10-04T19:27:39.203+0000] {logging_mixin.py:149} INFO - [2025-10-04T19:27:39.203+0000] {dag.py:3490} INFO - Setting next_dagrun for example_branch_dop_operator_v3 to 2025-10-04T19:26:00+00:00, run_after=2025-10-04T19:27:00+00:00
[2025-10-04T19:27:39.243+0000] {processor.py:179} INFO - Processing /home/airflow/.local/lib/python3.7/site-packages/airflow/example_dags/example_branch_python_dop_operator_3.py took 0.164 seconds
[2025-10-04T22:28:16.905+0000] {processor.py:157} INFO - Started process (PID=1540) to work on /home/airflow/.local/lib/python3.7/site-packages/airflow/example_dags/example_branch_python_dop_operator_3.py
[2025-10-04T22:28:16.913+0000] {processor.py:826} INFO - Processing file /home/airflow/.local/lib/python3.7/site-packages/airflow/example_dags/example_branch_python_dop_operator_3.py for tasks to queue
[2025-10-04T22:28:16.919+0000] {logging_mixin.py:149} INFO - [2025-10-04T22:28:16.918+0000] {dagbag.py:541} INFO - Filling up the DagBag from /home/airflow/.local/lib/python3.7/site-packages/airflow/example_dags/example_branch_python_dop_operator_3.py
[2025-10-04T22:28:16.990+0000] {processor.py:836} INFO - DAG(s) dict_keys(['example_branch_dop_operator_v3']) retrieved from /home/airflow/.local/lib/python3.7/site-packages/airflow/example_dags/example_branch_python_dop_operator_3.py
[2025-10-04T22:28:17.152+0000] {logging_mixin.py:149} INFO - [2025-10-04T22:28:17.152+0000] {dag.py:2726} INFO - Sync 1 DAGs
[2025-10-04T22:28:17.505+0000] {logging_mixin.py:149} INFO - [2025-10-04T22:28:17.504+0000] {dag.py:3490} INFO - Setting next_dagrun for example_branch_dop_operator_v3 to 2025-10-04T22:27:00+00:00, run_after=2025-10-04T22:28:00+00:00
[2025-10-04T22:28:17.664+0000] {processor.py:179} INFO - Processing /home/airflow/.local/lib/python3.7/site-packages/airflow/example_dags/example_branch_python_dop_operator_3.py took 0.778 seconds
