[2025-10-04T19:15:50.149+0000] {processor.py:157} INFO - Started process (PID=62) to work on /home/airflow/.local/lib/python3.7/site-packages/airflow/example_dags/example_xcom.py
[2025-10-04T19:15:50.152+0000] {processor.py:826} INFO - Processing file /home/airflow/.local/lib/python3.7/site-packages/airflow/example_dags/example_xcom.py for tasks to queue
[2025-10-04T19:15:50.154+0000] {logging_mixin.py:149} INFO - [2025-10-04T19:15:50.154+0000] {dagbag.py:541} INFO - Filling up the DagBag from /home/airflow/.local/lib/python3.7/site-packages/airflow/example_dags/example_xcom.py
[2025-10-04T19:15:50.181+0000] {processor.py:836} INFO - DAG(s) dict_keys(['example_xcom']) retrieved from /home/airflow/.local/lib/python3.7/site-packages/airflow/example_dags/example_xcom.py
[2025-10-04T19:15:50.451+0000] {logging_mixin.py:149} INFO - [2025-10-04T19:15:50.451+0000] {manager.py:504} INFO - Created Permission View: can delete on DAG:example_xcom
[2025-10-04T19:15:50.479+0000] {logging_mixin.py:149} INFO - [2025-10-04T19:15:50.479+0000] {manager.py:504} INFO - Created Permission View: can edit on DAG:example_xcom
[2025-10-04T19:15:50.500+0000] {logging_mixin.py:149} INFO - [2025-10-04T19:15:50.500+0000] {manager.py:504} INFO - Created Permission View: can read on DAG:example_xcom
[2025-10-04T19:15:50.535+0000] {logging_mixin.py:149} INFO - [2025-10-04T19:15:50.535+0000] {dag.py:2726} INFO - Sync 1 DAGs
[2025-10-04T19:15:50.567+0000] {logging_mixin.py:149} INFO - [2025-10-04T19:15:50.567+0000] {dag.py:2747} INFO - Creating ORM DAG for example_xcom
[2025-10-04T19:15:50.592+0000] {logging_mixin.py:149} INFO - [2025-10-04T19:15:50.592+0000] {dag.py:3490} INFO - Setting next_dagrun for example_xcom to 2021-01-01T00:00:00+00:00, run_after=2021-01-01T00:00:00+00:00
[2025-10-04T19:15:50.637+0000] {processor.py:179} INFO - Processing /home/airflow/.local/lib/python3.7/site-packages/airflow/example_dags/example_xcom.py took 0.496 seconds
[2025-10-04T19:16:20.935+0000] {processor.py:157} INFO - Started process (PID=124) to work on /home/airflow/.local/lib/python3.7/site-packages/airflow/example_dags/example_xcom.py
[2025-10-04T19:16:20.937+0000] {processor.py:826} INFO - Processing file /home/airflow/.local/lib/python3.7/site-packages/airflow/example_dags/example_xcom.py for tasks to queue
[2025-10-04T19:16:20.939+0000] {logging_mixin.py:149} INFO - [2025-10-04T19:16:20.939+0000] {dagbag.py:541} INFO - Filling up the DagBag from /home/airflow/.local/lib/python3.7/site-packages/airflow/example_dags/example_xcom.py
[2025-10-04T19:16:20.950+0000] {processor.py:836} INFO - DAG(s) dict_keys(['example_xcom']) retrieved from /home/airflow/.local/lib/python3.7/site-packages/airflow/example_dags/example_xcom.py
[2025-10-04T19:16:20.998+0000] {logging_mixin.py:149} INFO - [2025-10-04T19:16:20.997+0000] {dag.py:2726} INFO - Sync 1 DAGs
[2025-10-04T19:16:21.037+0000] {logging_mixin.py:149} INFO - [2025-10-04T19:16:21.037+0000] {dag.py:3490} INFO - Setting next_dagrun for example_xcom to 2021-01-01T00:00:00+00:00, run_after=2021-01-01T00:00:00+00:00
[2025-10-04T19:16:21.076+0000] {processor.py:179} INFO - Processing /home/airflow/.local/lib/python3.7/site-packages/airflow/example_dags/example_xcom.py took 0.147 seconds
[2025-10-04T19:16:51.554+0000] {processor.py:157} INFO - Started process (PID=186) to work on /home/airflow/.local/lib/python3.7/site-packages/airflow/example_dags/example_xcom.py
[2025-10-04T19:16:51.557+0000] {processor.py:826} INFO - Processing file /home/airflow/.local/lib/python3.7/site-packages/airflow/example_dags/example_xcom.py for tasks to queue
[2025-10-04T19:16:51.558+0000] {logging_mixin.py:149} INFO - [2025-10-04T19:16:51.558+0000] {dagbag.py:541} INFO - Filling up the DagBag from /home/airflow/.local/lib/python3.7/site-packages/airflow/example_dags/example_xcom.py
[2025-10-04T19:16:51.571+0000] {processor.py:836} INFO - DAG(s) dict_keys(['example_xcom']) retrieved from /home/airflow/.local/lib/python3.7/site-packages/airflow/example_dags/example_xcom.py
[2025-10-04T19:16:51.614+0000] {logging_mixin.py:149} INFO - [2025-10-04T19:16:51.613+0000] {dag.py:2726} INFO - Sync 1 DAGs
[2025-10-04T19:16:51.654+0000] {logging_mixin.py:149} INFO - [2025-10-04T19:16:51.653+0000] {dag.py:3490} INFO - Setting next_dagrun for example_xcom to 2021-01-01T00:00:00+00:00, run_after=2021-01-01T00:00:00+00:00
[2025-10-04T19:16:51.699+0000] {processor.py:179} INFO - Processing /home/airflow/.local/lib/python3.7/site-packages/airflow/example_dags/example_xcom.py took 0.150 seconds
[2025-10-04T19:17:22.454+0000] {processor.py:157} INFO - Started process (PID=247) to work on /home/airflow/.local/lib/python3.7/site-packages/airflow/example_dags/example_xcom.py
[2025-10-04T19:17:22.456+0000] {processor.py:826} INFO - Processing file /home/airflow/.local/lib/python3.7/site-packages/airflow/example_dags/example_xcom.py for tasks to queue
[2025-10-04T19:17:22.458+0000] {logging_mixin.py:149} INFO - [2025-10-04T19:17:22.457+0000] {dagbag.py:541} INFO - Filling up the DagBag from /home/airflow/.local/lib/python3.7/site-packages/airflow/example_dags/example_xcom.py
[2025-10-04T19:17:22.471+0000] {processor.py:836} INFO - DAG(s) dict_keys(['example_xcom']) retrieved from /home/airflow/.local/lib/python3.7/site-packages/airflow/example_dags/example_xcom.py
[2025-10-04T19:17:22.530+0000] {logging_mixin.py:149} INFO - [2025-10-04T19:17:22.529+0000] {dag.py:2726} INFO - Sync 1 DAGs
[2025-10-04T19:17:22.635+0000] {logging_mixin.py:149} INFO - [2025-10-04T19:17:22.635+0000] {dag.py:3490} INFO - Setting next_dagrun for example_xcom to 2021-01-01T00:00:00+00:00, run_after=2021-01-01T00:00:00+00:00
[2025-10-04T19:17:22.723+0000] {processor.py:179} INFO - Processing /home/airflow/.local/lib/python3.7/site-packages/airflow/example_dags/example_xcom.py took 0.275 seconds
[2025-10-04T19:17:52.906+0000] {processor.py:157} INFO - Started process (PID=308) to work on /home/airflow/.local/lib/python3.7/site-packages/airflow/example_dags/example_xcom.py
[2025-10-04T19:17:52.908+0000] {processor.py:826} INFO - Processing file /home/airflow/.local/lib/python3.7/site-packages/airflow/example_dags/example_xcom.py for tasks to queue
[2025-10-04T19:17:52.910+0000] {logging_mixin.py:149} INFO - [2025-10-04T19:17:52.909+0000] {dagbag.py:541} INFO - Filling up the DagBag from /home/airflow/.local/lib/python3.7/site-packages/airflow/example_dags/example_xcom.py
[2025-10-04T19:17:52.926+0000] {processor.py:836} INFO - DAG(s) dict_keys(['example_xcom']) retrieved from /home/airflow/.local/lib/python3.7/site-packages/airflow/example_dags/example_xcom.py
[2025-10-04T19:17:52.988+0000] {logging_mixin.py:149} INFO - [2025-10-04T19:17:52.988+0000] {dag.py:2726} INFO - Sync 1 DAGs
[2025-10-04T19:17:53.034+0000] {logging_mixin.py:149} INFO - [2025-10-04T19:17:53.034+0000] {dag.py:3490} INFO - Setting next_dagrun for example_xcom to 2021-01-01T00:00:00+00:00, run_after=2021-01-01T00:00:00+00:00
[2025-10-04T19:17:53.075+0000] {processor.py:179} INFO - Processing /home/airflow/.local/lib/python3.7/site-packages/airflow/example_dags/example_xcom.py took 0.183 seconds
[2025-10-04T19:18:23.708+0000] {processor.py:157} INFO - Started process (PID=369) to work on /home/airflow/.local/lib/python3.7/site-packages/airflow/example_dags/example_xcom.py
[2025-10-04T19:18:23.710+0000] {processor.py:826} INFO - Processing file /home/airflow/.local/lib/python3.7/site-packages/airflow/example_dags/example_xcom.py for tasks to queue
[2025-10-04T19:18:23.711+0000] {logging_mixin.py:149} INFO - [2025-10-04T19:18:23.711+0000] {dagbag.py:541} INFO - Filling up the DagBag from /home/airflow/.local/lib/python3.7/site-packages/airflow/example_dags/example_xcom.py
[2025-10-04T19:18:23.726+0000] {processor.py:836} INFO - DAG(s) dict_keys(['example_xcom']) retrieved from /home/airflow/.local/lib/python3.7/site-packages/airflow/example_dags/example_xcom.py
[2025-10-04T19:18:23.780+0000] {logging_mixin.py:149} INFO - [2025-10-04T19:18:23.780+0000] {dag.py:2726} INFO - Sync 1 DAGs
[2025-10-04T19:18:23.828+0000] {logging_mixin.py:149} INFO - [2025-10-04T19:18:23.828+0000] {dag.py:3490} INFO - Setting next_dagrun for example_xcom to 2021-01-01T00:00:00+00:00, run_after=2021-01-01T00:00:00+00:00
[2025-10-04T19:18:23.870+0000] {processor.py:179} INFO - Processing /home/airflow/.local/lib/python3.7/site-packages/airflow/example_dags/example_xcom.py took 0.167 seconds
[2025-10-04T19:18:54.111+0000] {processor.py:157} INFO - Started process (PID=430) to work on /home/airflow/.local/lib/python3.7/site-packages/airflow/example_dags/example_xcom.py
[2025-10-04T19:18:54.113+0000] {processor.py:826} INFO - Processing file /home/airflow/.local/lib/python3.7/site-packages/airflow/example_dags/example_xcom.py for tasks to queue
[2025-10-04T19:18:54.115+0000] {logging_mixin.py:149} INFO - [2025-10-04T19:18:54.115+0000] {dagbag.py:541} INFO - Filling up the DagBag from /home/airflow/.local/lib/python3.7/site-packages/airflow/example_dags/example_xcom.py
[2025-10-04T19:18:54.132+0000] {processor.py:836} INFO - DAG(s) dict_keys(['example_xcom']) retrieved from /home/airflow/.local/lib/python3.7/site-packages/airflow/example_dags/example_xcom.py
[2025-10-04T19:18:54.185+0000] {logging_mixin.py:149} INFO - [2025-10-04T19:18:54.185+0000] {dag.py:2726} INFO - Sync 1 DAGs
[2025-10-04T19:18:54.233+0000] {logging_mixin.py:149} INFO - [2025-10-04T19:18:54.233+0000] {dag.py:3490} INFO - Setting next_dagrun for example_xcom to 2021-01-01T00:00:00+00:00, run_after=2021-01-01T00:00:00+00:00
[2025-10-04T19:18:54.279+0000] {processor.py:179} INFO - Processing /home/airflow/.local/lib/python3.7/site-packages/airflow/example_dags/example_xcom.py took 0.176 seconds
[2025-10-04T19:19:24.491+0000] {processor.py:157} INFO - Started process (PID=492) to work on /home/airflow/.local/lib/python3.7/site-packages/airflow/example_dags/example_xcom.py
[2025-10-04T19:19:24.493+0000] {processor.py:826} INFO - Processing file /home/airflow/.local/lib/python3.7/site-packages/airflow/example_dags/example_xcom.py for tasks to queue
[2025-10-04T19:19:24.495+0000] {logging_mixin.py:149} INFO - [2025-10-04T19:19:24.495+0000] {dagbag.py:541} INFO - Filling up the DagBag from /home/airflow/.local/lib/python3.7/site-packages/airflow/example_dags/example_xcom.py
[2025-10-04T19:19:24.511+0000] {processor.py:836} INFO - DAG(s) dict_keys(['example_xcom']) retrieved from /home/airflow/.local/lib/python3.7/site-packages/airflow/example_dags/example_xcom.py
[2025-10-04T19:19:24.564+0000] {logging_mixin.py:149} INFO - [2025-10-04T19:19:24.564+0000] {dag.py:2726} INFO - Sync 1 DAGs
[2025-10-04T19:19:24.616+0000] {logging_mixin.py:149} INFO - [2025-10-04T19:19:24.616+0000] {dag.py:3490} INFO - Setting next_dagrun for example_xcom to 2021-01-01T00:00:00+00:00, run_after=2021-01-01T00:00:00+00:00
[2025-10-04T19:19:24.666+0000] {processor.py:179} INFO - Processing /home/airflow/.local/lib/python3.7/site-packages/airflow/example_dags/example_xcom.py took 0.181 seconds
[2025-10-04T19:19:55.523+0000] {processor.py:157} INFO - Started process (PID=553) to work on /home/airflow/.local/lib/python3.7/site-packages/airflow/example_dags/example_xcom.py
[2025-10-04T19:19:55.527+0000] {processor.py:826} INFO - Processing file /home/airflow/.local/lib/python3.7/site-packages/airflow/example_dags/example_xcom.py for tasks to queue
[2025-10-04T19:19:55.529+0000] {logging_mixin.py:149} INFO - [2025-10-04T19:19:55.528+0000] {dagbag.py:541} INFO - Filling up the DagBag from /home/airflow/.local/lib/python3.7/site-packages/airflow/example_dags/example_xcom.py
[2025-10-04T19:19:55.554+0000] {processor.py:836} INFO - DAG(s) dict_keys(['example_xcom']) retrieved from /home/airflow/.local/lib/python3.7/site-packages/airflow/example_dags/example_xcom.py
[2025-10-04T19:19:55.651+0000] {logging_mixin.py:149} INFO - [2025-10-04T19:19:55.650+0000] {dag.py:2726} INFO - Sync 1 DAGs
[2025-10-04T19:19:55.772+0000] {logging_mixin.py:149} INFO - [2025-10-04T19:19:55.771+0000] {dag.py:3490} INFO - Setting next_dagrun for example_xcom to 2021-01-01T00:00:00+00:00, run_after=2021-01-01T00:00:00+00:00
[2025-10-04T19:19:55.860+0000] {processor.py:179} INFO - Processing /home/airflow/.local/lib/python3.7/site-packages/airflow/example_dags/example_xcom.py took 0.348 seconds
[2025-10-04T19:20:26.054+0000] {processor.py:157} INFO - Started process (PID=614) to work on /home/airflow/.local/lib/python3.7/site-packages/airflow/example_dags/example_xcom.py
[2025-10-04T19:20:26.057+0000] {processor.py:826} INFO - Processing file /home/airflow/.local/lib/python3.7/site-packages/airflow/example_dags/example_xcom.py for tasks to queue
[2025-10-04T19:20:26.059+0000] {logging_mixin.py:149} INFO - [2025-10-04T19:20:26.059+0000] {dagbag.py:541} INFO - Filling up the DagBag from /home/airflow/.local/lib/python3.7/site-packages/airflow/example_dags/example_xcom.py
[2025-10-04T19:20:26.077+0000] {processor.py:836} INFO - DAG(s) dict_keys(['example_xcom']) retrieved from /home/airflow/.local/lib/python3.7/site-packages/airflow/example_dags/example_xcom.py
[2025-10-04T19:20:26.139+0000] {logging_mixin.py:149} INFO - [2025-10-04T19:20:26.139+0000] {dag.py:2726} INFO - Sync 1 DAGs
[2025-10-04T19:20:26.203+0000] {logging_mixin.py:149} INFO - [2025-10-04T19:20:26.203+0000] {dag.py:3490} INFO - Setting next_dagrun for example_xcom to 2021-01-01T00:00:00+00:00, run_after=2021-01-01T00:00:00+00:00
[2025-10-04T19:20:26.248+0000] {processor.py:179} INFO - Processing /home/airflow/.local/lib/python3.7/site-packages/airflow/example_dags/example_xcom.py took 0.201 seconds
[2025-10-04T19:20:56.679+0000] {processor.py:157} INFO - Started process (PID=675) to work on /home/airflow/.local/lib/python3.7/site-packages/airflow/example_dags/example_xcom.py
[2025-10-04T19:20:56.682+0000] {processor.py:826} INFO - Processing file /home/airflow/.local/lib/python3.7/site-packages/airflow/example_dags/example_xcom.py for tasks to queue
[2025-10-04T19:20:56.684+0000] {logging_mixin.py:149} INFO - [2025-10-04T19:20:56.684+0000] {dagbag.py:541} INFO - Filling up the DagBag from /home/airflow/.local/lib/python3.7/site-packages/airflow/example_dags/example_xcom.py
[2025-10-04T19:20:56.704+0000] {processor.py:836} INFO - DAG(s) dict_keys(['example_xcom']) retrieved from /home/airflow/.local/lib/python3.7/site-packages/airflow/example_dags/example_xcom.py
[2025-10-04T19:20:56.763+0000] {logging_mixin.py:149} INFO - [2025-10-04T19:20:56.762+0000] {dag.py:2726} INFO - Sync 1 DAGs
[2025-10-04T19:20:56.829+0000] {logging_mixin.py:149} INFO - [2025-10-04T19:20:56.828+0000] {dag.py:3490} INFO - Setting next_dagrun for example_xcom to 2021-01-01T00:00:00+00:00, run_after=2021-01-01T00:00:00+00:00
[2025-10-04T19:20:56.889+0000] {processor.py:179} INFO - Processing /home/airflow/.local/lib/python3.7/site-packages/airflow/example_dags/example_xcom.py took 0.217 seconds
[2025-10-04T19:21:27.083+0000] {processor.py:157} INFO - Started process (PID=736) to work on /home/airflow/.local/lib/python3.7/site-packages/airflow/example_dags/example_xcom.py
[2025-10-04T19:21:27.086+0000] {processor.py:826} INFO - Processing file /home/airflow/.local/lib/python3.7/site-packages/airflow/example_dags/example_xcom.py for tasks to queue
[2025-10-04T19:21:27.087+0000] {logging_mixin.py:149} INFO - [2025-10-04T19:21:27.087+0000] {dagbag.py:541} INFO - Filling up the DagBag from /home/airflow/.local/lib/python3.7/site-packages/airflow/example_dags/example_xcom.py
[2025-10-04T19:21:27.099+0000] {processor.py:836} INFO - DAG(s) dict_keys(['example_xcom']) retrieved from /home/airflow/.local/lib/python3.7/site-packages/airflow/example_dags/example_xcom.py
[2025-10-04T19:21:27.142+0000] {logging_mixin.py:149} INFO - [2025-10-04T19:21:27.142+0000] {dag.py:2726} INFO - Sync 1 DAGs
[2025-10-04T19:21:27.185+0000] {logging_mixin.py:149} INFO - [2025-10-04T19:21:27.184+0000] {dag.py:3490} INFO - Setting next_dagrun for example_xcom to 2021-01-01T00:00:00+00:00, run_after=2021-01-01T00:00:00+00:00
[2025-10-04T19:21:27.225+0000] {processor.py:179} INFO - Processing /home/airflow/.local/lib/python3.7/site-packages/airflow/example_dags/example_xcom.py took 0.147 seconds
[2025-10-04T19:21:57.764+0000] {processor.py:157} INFO - Started process (PID=797) to work on /home/airflow/.local/lib/python3.7/site-packages/airflow/example_dags/example_xcom.py
[2025-10-04T19:21:57.767+0000] {processor.py:826} INFO - Processing file /home/airflow/.local/lib/python3.7/site-packages/airflow/example_dags/example_xcom.py for tasks to queue
[2025-10-04T19:21:57.771+0000] {logging_mixin.py:149} INFO - [2025-10-04T19:21:57.770+0000] {dagbag.py:541} INFO - Filling up the DagBag from /home/airflow/.local/lib/python3.7/site-packages/airflow/example_dags/example_xcom.py
[2025-10-04T19:21:57.792+0000] {processor.py:836} INFO - DAG(s) dict_keys(['example_xcom']) retrieved from /home/airflow/.local/lib/python3.7/site-packages/airflow/example_dags/example_xcom.py
[2025-10-04T19:21:57.856+0000] {logging_mixin.py:149} INFO - [2025-10-04T19:21:57.856+0000] {dag.py:2726} INFO - Sync 1 DAGs
[2025-10-04T19:21:57.926+0000] {logging_mixin.py:149} INFO - [2025-10-04T19:21:57.926+0000] {dag.py:3490} INFO - Setting next_dagrun for example_xcom to 2021-01-01T00:00:00+00:00, run_after=2021-01-01T00:00:00+00:00
[2025-10-04T19:21:57.986+0000] {processor.py:179} INFO - Processing /home/airflow/.local/lib/python3.7/site-packages/airflow/example_dags/example_xcom.py took 0.230 seconds
[2025-10-04T19:22:28.375+0000] {processor.py:157} INFO - Started process (PID=858) to work on /home/airflow/.local/lib/python3.7/site-packages/airflow/example_dags/example_xcom.py
[2025-10-04T19:22:28.377+0000] {processor.py:826} INFO - Processing file /home/airflow/.local/lib/python3.7/site-packages/airflow/example_dags/example_xcom.py for tasks to queue
[2025-10-04T19:22:28.379+0000] {logging_mixin.py:149} INFO - [2025-10-04T19:22:28.378+0000] {dagbag.py:541} INFO - Filling up the DagBag from /home/airflow/.local/lib/python3.7/site-packages/airflow/example_dags/example_xcom.py
[2025-10-04T19:22:28.391+0000] {processor.py:836} INFO - DAG(s) dict_keys(['example_xcom']) retrieved from /home/airflow/.local/lib/python3.7/site-packages/airflow/example_dags/example_xcom.py
[2025-10-04T19:22:28.436+0000] {logging_mixin.py:149} INFO - [2025-10-04T19:22:28.436+0000] {dag.py:2726} INFO - Sync 1 DAGs
[2025-10-04T19:22:28.478+0000] {logging_mixin.py:149} INFO - [2025-10-04T19:22:28.477+0000] {dag.py:3490} INFO - Setting next_dagrun for example_xcom to 2021-01-01T00:00:00+00:00, run_after=2021-01-01T00:00:00+00:00
[2025-10-04T19:22:28.519+0000] {processor.py:179} INFO - Processing /home/airflow/.local/lib/python3.7/site-packages/airflow/example_dags/example_xcom.py took 0.151 seconds
[2025-10-04T19:22:58.739+0000] {processor.py:157} INFO - Started process (PID=919) to work on /home/airflow/.local/lib/python3.7/site-packages/airflow/example_dags/example_xcom.py
[2025-10-04T19:22:58.741+0000] {processor.py:826} INFO - Processing file /home/airflow/.local/lib/python3.7/site-packages/airflow/example_dags/example_xcom.py for tasks to queue
[2025-10-04T19:22:58.743+0000] {logging_mixin.py:149} INFO - [2025-10-04T19:22:58.743+0000] {dagbag.py:541} INFO - Filling up the DagBag from /home/airflow/.local/lib/python3.7/site-packages/airflow/example_dags/example_xcom.py
[2025-10-04T19:22:58.755+0000] {processor.py:836} INFO - DAG(s) dict_keys(['example_xcom']) retrieved from /home/airflow/.local/lib/python3.7/site-packages/airflow/example_dags/example_xcom.py
[2025-10-04T19:22:58.798+0000] {logging_mixin.py:149} INFO - [2025-10-04T19:22:58.798+0000] {dag.py:2726} INFO - Sync 1 DAGs
[2025-10-04T19:22:58.841+0000] {logging_mixin.py:149} INFO - [2025-10-04T19:22:58.840+0000] {dag.py:3490} INFO - Setting next_dagrun for example_xcom to 2021-01-01T00:00:00+00:00, run_after=2021-01-01T00:00:00+00:00
[2025-10-04T19:22:58.879+0000] {processor.py:179} INFO - Processing /home/airflow/.local/lib/python3.7/site-packages/airflow/example_dags/example_xcom.py took 0.144 seconds
[2025-10-04T19:23:29.633+0000] {processor.py:157} INFO - Started process (PID=980) to work on /home/airflow/.local/lib/python3.7/site-packages/airflow/example_dags/example_xcom.py
[2025-10-04T19:23:29.635+0000] {processor.py:826} INFO - Processing file /home/airflow/.local/lib/python3.7/site-packages/airflow/example_dags/example_xcom.py for tasks to queue
[2025-10-04T19:23:29.637+0000] {logging_mixin.py:149} INFO - [2025-10-04T19:23:29.636+0000] {dagbag.py:541} INFO - Filling up the DagBag from /home/airflow/.local/lib/python3.7/site-packages/airflow/example_dags/example_xcom.py
[2025-10-04T19:23:29.648+0000] {processor.py:836} INFO - DAG(s) dict_keys(['example_xcom']) retrieved from /home/airflow/.local/lib/python3.7/site-packages/airflow/example_dags/example_xcom.py
[2025-10-04T19:23:29.694+0000] {logging_mixin.py:149} INFO - [2025-10-04T19:23:29.694+0000] {dag.py:2726} INFO - Sync 1 DAGs
[2025-10-04T19:23:29.743+0000] {logging_mixin.py:149} INFO - [2025-10-04T19:23:29.743+0000] {dag.py:3490} INFO - Setting next_dagrun for example_xcom to 2021-01-01T00:00:00+00:00, run_after=2021-01-01T00:00:00+00:00
[2025-10-04T19:23:29.780+0000] {processor.py:179} INFO - Processing /home/airflow/.local/lib/python3.7/site-packages/airflow/example_dags/example_xcom.py took 0.153 seconds
[2025-10-04T19:24:00.207+0000] {processor.py:157} INFO - Started process (PID=1042) to work on /home/airflow/.local/lib/python3.7/site-packages/airflow/example_dags/example_xcom.py
[2025-10-04T19:24:00.209+0000] {processor.py:826} INFO - Processing file /home/airflow/.local/lib/python3.7/site-packages/airflow/example_dags/example_xcom.py for tasks to queue
[2025-10-04T19:24:00.211+0000] {logging_mixin.py:149} INFO - [2025-10-04T19:24:00.211+0000] {dagbag.py:541} INFO - Filling up the DagBag from /home/airflow/.local/lib/python3.7/site-packages/airflow/example_dags/example_xcom.py
[2025-10-04T19:24:00.225+0000] {processor.py:836} INFO - DAG(s) dict_keys(['example_xcom']) retrieved from /home/airflow/.local/lib/python3.7/site-packages/airflow/example_dags/example_xcom.py
[2025-10-04T19:24:00.273+0000] {logging_mixin.py:149} INFO - [2025-10-04T19:24:00.273+0000] {dag.py:2726} INFO - Sync 1 DAGs
[2025-10-04T19:24:00.315+0000] {logging_mixin.py:149} INFO - [2025-10-04T19:24:00.314+0000] {dag.py:3490} INFO - Setting next_dagrun for example_xcom to 2021-01-01T00:00:00+00:00, run_after=2021-01-01T00:00:00+00:00
[2025-10-04T19:24:00.357+0000] {processor.py:179} INFO - Processing /home/airflow/.local/lib/python3.7/site-packages/airflow/example_dags/example_xcom.py took 0.155 seconds
[2025-10-04T19:24:30.458+0000] {processor.py:157} INFO - Started process (PID=1103) to work on /home/airflow/.local/lib/python3.7/site-packages/airflow/example_dags/example_xcom.py
[2025-10-04T19:24:30.460+0000] {processor.py:826} INFO - Processing file /home/airflow/.local/lib/python3.7/site-packages/airflow/example_dags/example_xcom.py for tasks to queue
[2025-10-04T19:24:30.461+0000] {logging_mixin.py:149} INFO - [2025-10-04T19:24:30.461+0000] {dagbag.py:541} INFO - Filling up the DagBag from /home/airflow/.local/lib/python3.7/site-packages/airflow/example_dags/example_xcom.py
[2025-10-04T19:24:30.473+0000] {processor.py:836} INFO - DAG(s) dict_keys(['example_xcom']) retrieved from /home/airflow/.local/lib/python3.7/site-packages/airflow/example_dags/example_xcom.py
[2025-10-04T19:24:30.518+0000] {logging_mixin.py:149} INFO - [2025-10-04T19:24:30.518+0000] {dag.py:2726} INFO - Sync 1 DAGs
[2025-10-04T19:24:30.562+0000] {logging_mixin.py:149} INFO - [2025-10-04T19:24:30.561+0000] {dag.py:3490} INFO - Setting next_dagrun for example_xcom to 2021-01-01T00:00:00+00:00, run_after=2021-01-01T00:00:00+00:00
[2025-10-04T19:24:30.607+0000] {processor.py:179} INFO - Processing /home/airflow/.local/lib/python3.7/site-packages/airflow/example_dags/example_xcom.py took 0.155 seconds
[2025-10-04T19:25:01.126+0000] {processor.py:157} INFO - Started process (PID=1164) to work on /home/airflow/.local/lib/python3.7/site-packages/airflow/example_dags/example_xcom.py
[2025-10-04T19:25:01.127+0000] {processor.py:826} INFO - Processing file /home/airflow/.local/lib/python3.7/site-packages/airflow/example_dags/example_xcom.py for tasks to queue
[2025-10-04T19:25:01.129+0000] {logging_mixin.py:149} INFO - [2025-10-04T19:25:01.129+0000] {dagbag.py:541} INFO - Filling up the DagBag from /home/airflow/.local/lib/python3.7/site-packages/airflow/example_dags/example_xcom.py
[2025-10-04T19:25:01.140+0000] {processor.py:836} INFO - DAG(s) dict_keys(['example_xcom']) retrieved from /home/airflow/.local/lib/python3.7/site-packages/airflow/example_dags/example_xcom.py
[2025-10-04T19:25:01.189+0000] {logging_mixin.py:149} INFO - [2025-10-04T19:25:01.188+0000] {dag.py:2726} INFO - Sync 1 DAGs
[2025-10-04T19:25:01.230+0000] {logging_mixin.py:149} INFO - [2025-10-04T19:25:01.229+0000] {dag.py:3490} INFO - Setting next_dagrun for example_xcom to 2021-01-01T00:00:00+00:00, run_after=2021-01-01T00:00:00+00:00
[2025-10-04T19:25:01.267+0000] {processor.py:179} INFO - Processing /home/airflow/.local/lib/python3.7/site-packages/airflow/example_dags/example_xcom.py took 0.147 seconds
[2025-10-04T19:25:31.474+0000] {processor.py:157} INFO - Started process (PID=1225) to work on /home/airflow/.local/lib/python3.7/site-packages/airflow/example_dags/example_xcom.py
[2025-10-04T19:25:31.476+0000] {processor.py:826} INFO - Processing file /home/airflow/.local/lib/python3.7/site-packages/airflow/example_dags/example_xcom.py for tasks to queue
[2025-10-04T19:25:31.478+0000] {logging_mixin.py:149} INFO - [2025-10-04T19:25:31.478+0000] {dagbag.py:541} INFO - Filling up the DagBag from /home/airflow/.local/lib/python3.7/site-packages/airflow/example_dags/example_xcom.py
[2025-10-04T19:25:31.490+0000] {processor.py:836} INFO - DAG(s) dict_keys(['example_xcom']) retrieved from /home/airflow/.local/lib/python3.7/site-packages/airflow/example_dags/example_xcom.py
[2025-10-04T19:25:31.543+0000] {logging_mixin.py:149} INFO - [2025-10-04T19:25:31.543+0000] {dag.py:2726} INFO - Sync 1 DAGs
[2025-10-04T19:25:31.592+0000] {logging_mixin.py:149} INFO - [2025-10-04T19:25:31.591+0000] {dag.py:3490} INFO - Setting next_dagrun for example_xcom to 2021-01-01T00:00:00+00:00, run_after=2021-01-01T00:00:00+00:00
[2025-10-04T19:25:31.634+0000] {processor.py:179} INFO - Processing /home/airflow/.local/lib/python3.7/site-packages/airflow/example_dags/example_xcom.py took 0.166 seconds
[2025-10-04T19:26:01.756+0000] {processor.py:157} INFO - Started process (PID=1286) to work on /home/airflow/.local/lib/python3.7/site-packages/airflow/example_dags/example_xcom.py
[2025-10-04T19:26:01.758+0000] {processor.py:826} INFO - Processing file /home/airflow/.local/lib/python3.7/site-packages/airflow/example_dags/example_xcom.py for tasks to queue
[2025-10-04T19:26:01.760+0000] {logging_mixin.py:149} INFO - [2025-10-04T19:26:01.759+0000] {dagbag.py:541} INFO - Filling up the DagBag from /home/airflow/.local/lib/python3.7/site-packages/airflow/example_dags/example_xcom.py
[2025-10-04T19:26:01.772+0000] {processor.py:836} INFO - DAG(s) dict_keys(['example_xcom']) retrieved from /home/airflow/.local/lib/python3.7/site-packages/airflow/example_dags/example_xcom.py
[2025-10-04T19:26:01.819+0000] {logging_mixin.py:149} INFO - [2025-10-04T19:26:01.819+0000] {dag.py:2726} INFO - Sync 1 DAGs
[2025-10-04T19:26:01.868+0000] {logging_mixin.py:149} INFO - [2025-10-04T19:26:01.867+0000] {dag.py:3490} INFO - Setting next_dagrun for example_xcom to 2021-01-01T00:00:00+00:00, run_after=2021-01-01T00:00:00+00:00
[2025-10-04T19:26:01.905+0000] {processor.py:179} INFO - Processing /home/airflow/.local/lib/python3.7/site-packages/airflow/example_dags/example_xcom.py took 0.156 seconds
[2025-10-04T19:26:32.505+0000] {processor.py:157} INFO - Started process (PID=1347) to work on /home/airflow/.local/lib/python3.7/site-packages/airflow/example_dags/example_xcom.py
[2025-10-04T19:26:32.507+0000] {processor.py:826} INFO - Processing file /home/airflow/.local/lib/python3.7/site-packages/airflow/example_dags/example_xcom.py for tasks to queue
[2025-10-04T19:26:32.508+0000] {logging_mixin.py:149} INFO - [2025-10-04T19:26:32.508+0000] {dagbag.py:541} INFO - Filling up the DagBag from /home/airflow/.local/lib/python3.7/site-packages/airflow/example_dags/example_xcom.py
[2025-10-04T19:26:32.520+0000] {processor.py:836} INFO - DAG(s) dict_keys(['example_xcom']) retrieved from /home/airflow/.local/lib/python3.7/site-packages/airflow/example_dags/example_xcom.py
[2025-10-04T19:26:32.565+0000] {logging_mixin.py:149} INFO - [2025-10-04T19:26:32.565+0000] {dag.py:2726} INFO - Sync 1 DAGs
[2025-10-04T19:26:32.608+0000] {logging_mixin.py:149} INFO - [2025-10-04T19:26:32.608+0000] {dag.py:3490} INFO - Setting next_dagrun for example_xcom to 2021-01-01T00:00:00+00:00, run_after=2021-01-01T00:00:00+00:00
[2025-10-04T19:26:32.649+0000] {processor.py:179} INFO - Processing /home/airflow/.local/lib/python3.7/site-packages/airflow/example_dags/example_xcom.py took 0.150 seconds
[2025-10-04T19:27:02.741+0000] {processor.py:157} INFO - Started process (PID=1408) to work on /home/airflow/.local/lib/python3.7/site-packages/airflow/example_dags/example_xcom.py
[2025-10-04T19:27:02.743+0000] {processor.py:826} INFO - Processing file /home/airflow/.local/lib/python3.7/site-packages/airflow/example_dags/example_xcom.py for tasks to queue
[2025-10-04T19:27:02.744+0000] {logging_mixin.py:149} INFO - [2025-10-04T19:27:02.744+0000] {dagbag.py:541} INFO - Filling up the DagBag from /home/airflow/.local/lib/python3.7/site-packages/airflow/example_dags/example_xcom.py
[2025-10-04T19:27:02.757+0000] {processor.py:836} INFO - DAG(s) dict_keys(['example_xcom']) retrieved from /home/airflow/.local/lib/python3.7/site-packages/airflow/example_dags/example_xcom.py
[2025-10-04T19:27:02.801+0000] {logging_mixin.py:149} INFO - [2025-10-04T19:27:02.801+0000] {dag.py:2726} INFO - Sync 1 DAGs
[2025-10-04T19:27:02.846+0000] {logging_mixin.py:149} INFO - [2025-10-04T19:27:02.845+0000] {dag.py:3490} INFO - Setting next_dagrun for example_xcom to 2021-01-01T00:00:00+00:00, run_after=2021-01-01T00:00:00+00:00
[2025-10-04T19:27:02.886+0000] {processor.py:179} INFO - Processing /home/airflow/.local/lib/python3.7/site-packages/airflow/example_dags/example_xcom.py took 0.151 seconds
[2025-10-04T19:27:33.767+0000] {processor.py:157} INFO - Started process (PID=1469) to work on /home/airflow/.local/lib/python3.7/site-packages/airflow/example_dags/example_xcom.py
[2025-10-04T19:27:33.779+0000] {processor.py:826} INFO - Processing file /home/airflow/.local/lib/python3.7/site-packages/airflow/example_dags/example_xcom.py for tasks to queue
[2025-10-04T19:27:33.782+0000] {logging_mixin.py:149} INFO - [2025-10-04T19:27:33.782+0000] {dagbag.py:541} INFO - Filling up the DagBag from /home/airflow/.local/lib/python3.7/site-packages/airflow/example_dags/example_xcom.py
[2025-10-04T19:27:33.815+0000] {processor.py:836} INFO - DAG(s) dict_keys(['example_xcom']) retrieved from /home/airflow/.local/lib/python3.7/site-packages/airflow/example_dags/example_xcom.py
[2025-10-04T19:27:33.974+0000] {logging_mixin.py:149} INFO - [2025-10-04T19:27:33.973+0000] {dag.py:2726} INFO - Sync 1 DAGs
[2025-10-04T19:27:34.155+0000] {logging_mixin.py:149} INFO - [2025-10-04T19:27:34.154+0000] {dag.py:3490} INFO - Setting next_dagrun for example_xcom to 2021-01-01T00:00:00+00:00, run_after=2021-01-01T00:00:00+00:00
[2025-10-04T19:27:34.296+0000] {processor.py:179} INFO - Processing /home/airflow/.local/lib/python3.7/site-packages/airflow/example_dags/example_xcom.py took 0.545 seconds
[2025-10-04T22:28:10.335+0000] {processor.py:157} INFO - Started process (PID=1530) to work on /home/airflow/.local/lib/python3.7/site-packages/airflow/example_dags/example_xcom.py
[2025-10-04T22:28:10.361+0000] {processor.py:826} INFO - Processing file /home/airflow/.local/lib/python3.7/site-packages/airflow/example_dags/example_xcom.py for tasks to queue
[2025-10-04T22:28:10.389+0000] {logging_mixin.py:149} INFO - [2025-10-04T22:28:10.388+0000] {dagbag.py:541} INFO - Filling up the DagBag from /home/airflow/.local/lib/python3.7/site-packages/airflow/example_dags/example_xcom.py
[2025-10-04T22:28:10.440+0000] {processor.py:836} INFO - DAG(s) dict_keys(['example_xcom']) retrieved from /home/airflow/.local/lib/python3.7/site-packages/airflow/example_dags/example_xcom.py
[2025-10-04T22:28:10.610+0000] {logging_mixin.py:149} INFO - [2025-10-04T22:28:10.609+0000] {dag.py:2726} INFO - Sync 1 DAGs
[2025-10-04T22:28:10.816+0000] {logging_mixin.py:149} INFO - [2025-10-04T22:28:10.815+0000] {dag.py:3490} INFO - Setting next_dagrun for example_xcom to 2021-01-01T00:00:00+00:00, run_after=2021-01-01T00:00:00+00:00
[2025-10-04T22:28:10.978+0000] {processor.py:179} INFO - Processing /home/airflow/.local/lib/python3.7/site-packages/airflow/example_dags/example_xcom.py took 0.662 seconds
