[2025-10-04T19:16:00.833+0000] {processor.py:157} INFO - Started process (PID=89) to work on /home/airflow/.local/lib/python3.7/site-packages/airflow/example_dags/example_sensors.py
[2025-10-04T19:16:00.835+0000] {processor.py:826} INFO - Processing file /home/airflow/.local/lib/python3.7/site-packages/airflow/example_dags/example_sensors.py for tasks to queue
[2025-10-04T19:16:00.836+0000] {logging_mixin.py:149} INFO - [2025-10-04T19:16:00.836+0000] {dagbag.py:541} INFO - Filling up the DagBag from /home/airflow/.local/lib/python3.7/site-packages/airflow/example_dags/example_sensors.py
[2025-10-04T19:16:00.860+0000] {processor.py:836} INFO - DAG(s) dict_keys(['example_sensors']) retrieved from /home/airflow/.local/lib/python3.7/site-packages/airflow/example_dags/example_sensors.py
[2025-10-04T19:16:01.075+0000] {logging_mixin.py:149} INFO - [2025-10-04T19:16:01.075+0000] {manager.py:504} INFO - Created Permission View: can delete on DAG:example_sensors
[2025-10-04T19:16:01.099+0000] {logging_mixin.py:149} INFO - [2025-10-04T19:16:01.098+0000] {manager.py:504} INFO - Created Permission View: can edit on DAG:example_sensors
[2025-10-04T19:16:01.118+0000] {logging_mixin.py:149} INFO - [2025-10-04T19:16:01.118+0000] {manager.py:504} INFO - Created Permission View: can read on DAG:example_sensors
[2025-10-04T19:16:01.146+0000] {logging_mixin.py:149} INFO - [2025-10-04T19:16:01.145+0000] {dag.py:2726} INFO - Sync 1 DAGs
[2025-10-04T19:16:01.168+0000] {logging_mixin.py:149} INFO - [2025-10-04T19:16:01.167+0000] {dag.py:2747} INFO - Creating ORM DAG for example_sensors
[2025-10-04T19:16:01.188+0000] {logging_mixin.py:149} INFO - [2025-10-04T19:16:01.188+0000] {dag.py:3490} INFO - Setting next_dagrun for example_sensors to None, run_after=None
[2025-10-04T19:16:01.229+0000] {processor.py:179} INFO - Processing /home/airflow/.local/lib/python3.7/site-packages/airflow/example_dags/example_sensors.py took 0.403 seconds
[2025-10-04T19:16:31.614+0000] {processor.py:157} INFO - Started process (PID=151) to work on /home/airflow/.local/lib/python3.7/site-packages/airflow/example_dags/example_sensors.py
[2025-10-04T19:16:31.617+0000] {processor.py:826} INFO - Processing file /home/airflow/.local/lib/python3.7/site-packages/airflow/example_dags/example_sensors.py for tasks to queue
[2025-10-04T19:16:31.620+0000] {logging_mixin.py:149} INFO - [2025-10-04T19:16:31.619+0000] {dagbag.py:541} INFO - Filling up the DagBag from /home/airflow/.local/lib/python3.7/site-packages/airflow/example_dags/example_sensors.py
[2025-10-04T19:16:31.640+0000] {processor.py:836} INFO - DAG(s) dict_keys(['example_sensors']) retrieved from /home/airflow/.local/lib/python3.7/site-packages/airflow/example_dags/example_sensors.py
[2025-10-04T19:16:31.704+0000] {logging_mixin.py:149} INFO - [2025-10-04T19:16:31.703+0000] {dag.py:2726} INFO - Sync 1 DAGs
[2025-10-04T19:16:31.755+0000] {logging_mixin.py:149} INFO - [2025-10-04T19:16:31.755+0000] {dag.py:3490} INFO - Setting next_dagrun for example_sensors to None, run_after=None
[2025-10-04T19:16:31.792+0000] {processor.py:179} INFO - Processing /home/airflow/.local/lib/python3.7/site-packages/airflow/example_dags/example_sensors.py took 0.188 seconds
[2025-10-04T19:17:01.923+0000] {processor.py:157} INFO - Started process (PID=213) to work on /home/airflow/.local/lib/python3.7/site-packages/airflow/example_dags/example_sensors.py
[2025-10-04T19:17:01.925+0000] {processor.py:826} INFO - Processing file /home/airflow/.local/lib/python3.7/site-packages/airflow/example_dags/example_sensors.py for tasks to queue
[2025-10-04T19:17:01.927+0000] {logging_mixin.py:149} INFO - [2025-10-04T19:17:01.927+0000] {dagbag.py:541} INFO - Filling up the DagBag from /home/airflow/.local/lib/python3.7/site-packages/airflow/example_dags/example_sensors.py
[2025-10-04T19:17:01.947+0000] {processor.py:836} INFO - DAG(s) dict_keys(['example_sensors']) retrieved from /home/airflow/.local/lib/python3.7/site-packages/airflow/example_dags/example_sensors.py
[2025-10-04T19:17:02.007+0000] {logging_mixin.py:149} INFO - [2025-10-04T19:17:02.007+0000] {dag.py:2726} INFO - Sync 1 DAGs
[2025-10-04T19:17:02.060+0000] {logging_mixin.py:149} INFO - [2025-10-04T19:17:02.060+0000] {dag.py:3490} INFO - Setting next_dagrun for example_sensors to None, run_after=None
[2025-10-04T19:17:02.103+0000] {processor.py:179} INFO - Processing /home/airflow/.local/lib/python3.7/site-packages/airflow/example_dags/example_sensors.py took 0.186 seconds
[2025-10-04T19:17:33.021+0000] {processor.py:157} INFO - Started process (PID=274) to work on /home/airflow/.local/lib/python3.7/site-packages/airflow/example_dags/example_sensors.py
[2025-10-04T19:17:33.048+0000] {processor.py:826} INFO - Processing file /home/airflow/.local/lib/python3.7/site-packages/airflow/example_dags/example_sensors.py for tasks to queue
[2025-10-04T19:17:33.094+0000] {logging_mixin.py:149} INFO - [2025-10-04T19:17:33.093+0000] {dagbag.py:541} INFO - Filling up the DagBag from /home/airflow/.local/lib/python3.7/site-packages/airflow/example_dags/example_sensors.py
[2025-10-04T19:17:33.230+0000] {processor.py:836} INFO - DAG(s) dict_keys(['example_sensors']) retrieved from /home/airflow/.local/lib/python3.7/site-packages/airflow/example_dags/example_sensors.py
[2025-10-04T19:17:33.701+0000] {logging_mixin.py:149} INFO - [2025-10-04T19:17:33.701+0000] {dag.py:2726} INFO - Sync 1 DAGs
[2025-10-04T19:17:33.892+0000] {logging_mixin.py:149} INFO - [2025-10-04T19:17:33.891+0000] {dag.py:3490} INFO - Setting next_dagrun for example_sensors to None, run_after=None
[2025-10-04T19:17:33.998+0000] {processor.py:179} INFO - Processing /home/airflow/.local/lib/python3.7/site-packages/airflow/example_dags/example_sensors.py took 1.011 seconds
[2025-10-04T19:18:04.661+0000] {processor.py:157} INFO - Started process (PID=335) to work on /home/airflow/.local/lib/python3.7/site-packages/airflow/example_dags/example_sensors.py
[2025-10-04T19:18:04.663+0000] {processor.py:826} INFO - Processing file /home/airflow/.local/lib/python3.7/site-packages/airflow/example_dags/example_sensors.py for tasks to queue
[2025-10-04T19:18:04.665+0000] {logging_mixin.py:149} INFO - [2025-10-04T19:18:04.664+0000] {dagbag.py:541} INFO - Filling up the DagBag from /home/airflow/.local/lib/python3.7/site-packages/airflow/example_dags/example_sensors.py
[2025-10-04T19:18:04.679+0000] {processor.py:836} INFO - DAG(s) dict_keys(['example_sensors']) retrieved from /home/airflow/.local/lib/python3.7/site-packages/airflow/example_dags/example_sensors.py
[2025-10-04T19:18:04.732+0000] {logging_mixin.py:149} INFO - [2025-10-04T19:18:04.732+0000] {dag.py:2726} INFO - Sync 1 DAGs
[2025-10-04T19:18:04.777+0000] {logging_mixin.py:149} INFO - [2025-10-04T19:18:04.777+0000] {dag.py:3490} INFO - Setting next_dagrun for example_sensors to None, run_after=None
[2025-10-04T19:18:04.815+0000] {processor.py:179} INFO - Processing /home/airflow/.local/lib/python3.7/site-packages/airflow/example_dags/example_sensors.py took 0.160 seconds
[2025-10-04T19:18:35.522+0000] {processor.py:157} INFO - Started process (PID=396) to work on /home/airflow/.local/lib/python3.7/site-packages/airflow/example_dags/example_sensors.py
[2025-10-04T19:18:35.524+0000] {processor.py:826} INFO - Processing file /home/airflow/.local/lib/python3.7/site-packages/airflow/example_dags/example_sensors.py for tasks to queue
[2025-10-04T19:18:35.526+0000] {logging_mixin.py:149} INFO - [2025-10-04T19:18:35.526+0000] {dagbag.py:541} INFO - Filling up the DagBag from /home/airflow/.local/lib/python3.7/site-packages/airflow/example_dags/example_sensors.py
[2025-10-04T19:18:35.548+0000] {processor.py:836} INFO - DAG(s) dict_keys(['example_sensors']) retrieved from /home/airflow/.local/lib/python3.7/site-packages/airflow/example_dags/example_sensors.py
[2025-10-04T19:18:35.623+0000] {logging_mixin.py:149} INFO - [2025-10-04T19:18:35.622+0000] {dag.py:2726} INFO - Sync 1 DAGs
[2025-10-04T19:18:35.691+0000] {logging_mixin.py:149} INFO - [2025-10-04T19:18:35.691+0000] {dag.py:3490} INFO - Setting next_dagrun for example_sensors to None, run_after=None
[2025-10-04T19:18:35.746+0000] {processor.py:179} INFO - Processing /home/airflow/.local/lib/python3.7/site-packages/airflow/example_dags/example_sensors.py took 0.231 seconds
[2025-10-04T19:19:06.045+0000] {processor.py:157} INFO - Started process (PID=457) to work on /home/airflow/.local/lib/python3.7/site-packages/airflow/example_dags/example_sensors.py
[2025-10-04T19:19:06.047+0000] {processor.py:826} INFO - Processing file /home/airflow/.local/lib/python3.7/site-packages/airflow/example_dags/example_sensors.py for tasks to queue
[2025-10-04T19:19:06.049+0000] {logging_mixin.py:149} INFO - [2025-10-04T19:19:06.049+0000] {dagbag.py:541} INFO - Filling up the DagBag from /home/airflow/.local/lib/python3.7/site-packages/airflow/example_dags/example_sensors.py
[2025-10-04T19:19:06.066+0000] {processor.py:836} INFO - DAG(s) dict_keys(['example_sensors']) retrieved from /home/airflow/.local/lib/python3.7/site-packages/airflow/example_dags/example_sensors.py
[2025-10-04T19:19:06.125+0000] {logging_mixin.py:149} INFO - [2025-10-04T19:19:06.124+0000] {dag.py:2726} INFO - Sync 1 DAGs
[2025-10-04T19:19:06.170+0000] {logging_mixin.py:149} INFO - [2025-10-04T19:19:06.170+0000] {dag.py:3490} INFO - Setting next_dagrun for example_sensors to None, run_after=None
[2025-10-04T19:19:06.215+0000] {processor.py:179} INFO - Processing /home/airflow/.local/lib/python3.7/site-packages/airflow/example_dags/example_sensors.py took 0.177 seconds
[2025-10-04T19:19:36.432+0000] {processor.py:157} INFO - Started process (PID=519) to work on /home/airflow/.local/lib/python3.7/site-packages/airflow/example_dags/example_sensors.py
[2025-10-04T19:19:36.435+0000] {processor.py:826} INFO - Processing file /home/airflow/.local/lib/python3.7/site-packages/airflow/example_dags/example_sensors.py for tasks to queue
[2025-10-04T19:19:36.437+0000] {logging_mixin.py:149} INFO - [2025-10-04T19:19:36.437+0000] {dagbag.py:541} INFO - Filling up the DagBag from /home/airflow/.local/lib/python3.7/site-packages/airflow/example_dags/example_sensors.py
[2025-10-04T19:19:36.458+0000] {processor.py:836} INFO - DAG(s) dict_keys(['example_sensors']) retrieved from /home/airflow/.local/lib/python3.7/site-packages/airflow/example_dags/example_sensors.py
[2025-10-04T19:19:36.522+0000] {logging_mixin.py:149} INFO - [2025-10-04T19:19:36.521+0000] {dag.py:2726} INFO - Sync 1 DAGs
[2025-10-04T19:19:36.576+0000] {logging_mixin.py:149} INFO - [2025-10-04T19:19:36.576+0000] {dag.py:3490} INFO - Setting next_dagrun for example_sensors to None, run_after=None
[2025-10-04T19:19:36.622+0000] {processor.py:179} INFO - Processing /home/airflow/.local/lib/python3.7/site-packages/airflow/example_dags/example_sensors.py took 0.197 seconds
[2025-10-04T19:20:07.526+0000] {processor.py:157} INFO - Started process (PID=580) to work on /home/airflow/.local/lib/python3.7/site-packages/airflow/example_dags/example_sensors.py
[2025-10-04T19:20:07.528+0000] {processor.py:826} INFO - Processing file /home/airflow/.local/lib/python3.7/site-packages/airflow/example_dags/example_sensors.py for tasks to queue
[2025-10-04T19:20:07.530+0000] {logging_mixin.py:149} INFO - [2025-10-04T19:20:07.529+0000] {dagbag.py:541} INFO - Filling up the DagBag from /home/airflow/.local/lib/python3.7/site-packages/airflow/example_dags/example_sensors.py
[2025-10-04T19:20:07.550+0000] {processor.py:836} INFO - DAG(s) dict_keys(['example_sensors']) retrieved from /home/airflow/.local/lib/python3.7/site-packages/airflow/example_dags/example_sensors.py
[2025-10-04T19:20:07.619+0000] {logging_mixin.py:149} INFO - [2025-10-04T19:20:07.619+0000] {dag.py:2726} INFO - Sync 1 DAGs
[2025-10-04T19:20:07.686+0000] {logging_mixin.py:149} INFO - [2025-10-04T19:20:07.686+0000] {dag.py:3490} INFO - Setting next_dagrun for example_sensors to None, run_after=None
[2025-10-04T19:20:07.732+0000] {processor.py:179} INFO - Processing /home/airflow/.local/lib/python3.7/site-packages/airflow/example_dags/example_sensors.py took 0.213 seconds
[2025-10-04T19:20:38.455+0000] {processor.py:157} INFO - Started process (PID=641) to work on /home/airflow/.local/lib/python3.7/site-packages/airflow/example_dags/example_sensors.py
[2025-10-04T19:20:38.458+0000] {processor.py:826} INFO - Processing file /home/airflow/.local/lib/python3.7/site-packages/airflow/example_dags/example_sensors.py for tasks to queue
[2025-10-04T19:20:38.459+0000] {logging_mixin.py:149} INFO - [2025-10-04T19:20:38.459+0000] {dagbag.py:541} INFO - Filling up the DagBag from /home/airflow/.local/lib/python3.7/site-packages/airflow/example_dags/example_sensors.py
[2025-10-04T19:20:38.474+0000] {processor.py:836} INFO - DAG(s) dict_keys(['example_sensors']) retrieved from /home/airflow/.local/lib/python3.7/site-packages/airflow/example_dags/example_sensors.py
[2025-10-04T19:20:38.527+0000] {logging_mixin.py:149} INFO - [2025-10-04T19:20:38.526+0000] {dag.py:2726} INFO - Sync 1 DAGs
[2025-10-04T19:20:38.573+0000] {logging_mixin.py:149} INFO - [2025-10-04T19:20:38.572+0000] {dag.py:3490} INFO - Setting next_dagrun for example_sensors to None, run_after=None
[2025-10-04T19:20:38.611+0000] {processor.py:179} INFO - Processing /home/airflow/.local/lib/python3.7/site-packages/airflow/example_dags/example_sensors.py took 0.161 seconds
[2025-10-04T19:21:09.109+0000] {processor.py:157} INFO - Started process (PID=702) to work on /home/airflow/.local/lib/python3.7/site-packages/airflow/example_dags/example_sensors.py
[2025-10-04T19:21:09.111+0000] {processor.py:826} INFO - Processing file /home/airflow/.local/lib/python3.7/site-packages/airflow/example_dags/example_sensors.py for tasks to queue
[2025-10-04T19:21:09.112+0000] {logging_mixin.py:149} INFO - [2025-10-04T19:21:09.112+0000] {dagbag.py:541} INFO - Filling up the DagBag from /home/airflow/.local/lib/python3.7/site-packages/airflow/example_dags/example_sensors.py
[2025-10-04T19:21:09.128+0000] {processor.py:836} INFO - DAG(s) dict_keys(['example_sensors']) retrieved from /home/airflow/.local/lib/python3.7/site-packages/airflow/example_dags/example_sensors.py
[2025-10-04T19:21:09.177+0000] {logging_mixin.py:149} INFO - [2025-10-04T19:21:09.177+0000] {dag.py:2726} INFO - Sync 1 DAGs
[2025-10-04T19:21:09.222+0000] {logging_mixin.py:149} INFO - [2025-10-04T19:21:09.221+0000] {dag.py:3490} INFO - Setting next_dagrun for example_sensors to None, run_after=None
[2025-10-04T19:21:09.263+0000] {processor.py:179} INFO - Processing /home/airflow/.local/lib/python3.7/site-packages/airflow/example_dags/example_sensors.py took 0.160 seconds
[2025-10-04T19:21:39.417+0000] {processor.py:157} INFO - Started process (PID=763) to work on /home/airflow/.local/lib/python3.7/site-packages/airflow/example_dags/example_sensors.py
[2025-10-04T19:21:39.419+0000] {processor.py:826} INFO - Processing file /home/airflow/.local/lib/python3.7/site-packages/airflow/example_dags/example_sensors.py for tasks to queue
[2025-10-04T19:21:39.421+0000] {logging_mixin.py:149} INFO - [2025-10-04T19:21:39.421+0000] {dagbag.py:541} INFO - Filling up the DagBag from /home/airflow/.local/lib/python3.7/site-packages/airflow/example_dags/example_sensors.py
[2025-10-04T19:21:39.438+0000] {processor.py:836} INFO - DAG(s) dict_keys(['example_sensors']) retrieved from /home/airflow/.local/lib/python3.7/site-packages/airflow/example_dags/example_sensors.py
[2025-10-04T19:21:39.489+0000] {logging_mixin.py:149} INFO - [2025-10-04T19:21:39.488+0000] {dag.py:2726} INFO - Sync 1 DAGs
[2025-10-04T19:21:39.542+0000] {logging_mixin.py:149} INFO - [2025-10-04T19:21:39.542+0000] {dag.py:3490} INFO - Setting next_dagrun for example_sensors to None, run_after=None
[2025-10-04T19:21:39.583+0000] {processor.py:179} INFO - Processing /home/airflow/.local/lib/python3.7/site-packages/airflow/example_dags/example_sensors.py took 0.173 seconds
[2025-10-04T19:22:09.791+0000] {processor.py:157} INFO - Started process (PID=824) to work on /home/airflow/.local/lib/python3.7/site-packages/airflow/example_dags/example_sensors.py
[2025-10-04T19:22:09.793+0000] {processor.py:826} INFO - Processing file /home/airflow/.local/lib/python3.7/site-packages/airflow/example_dags/example_sensors.py for tasks to queue
[2025-10-04T19:22:09.795+0000] {logging_mixin.py:149} INFO - [2025-10-04T19:22:09.795+0000] {dagbag.py:541} INFO - Filling up the DagBag from /home/airflow/.local/lib/python3.7/site-packages/airflow/example_dags/example_sensors.py
[2025-10-04T19:22:09.812+0000] {processor.py:836} INFO - DAG(s) dict_keys(['example_sensors']) retrieved from /home/airflow/.local/lib/python3.7/site-packages/airflow/example_dags/example_sensors.py
[2025-10-04T19:22:09.869+0000] {logging_mixin.py:149} INFO - [2025-10-04T19:22:09.869+0000] {dag.py:2726} INFO - Sync 1 DAGs
[2025-10-04T19:22:09.912+0000] {logging_mixin.py:149} INFO - [2025-10-04T19:22:09.912+0000] {dag.py:3490} INFO - Setting next_dagrun for example_sensors to None, run_after=None
[2025-10-04T19:22:09.955+0000] {processor.py:179} INFO - Processing /home/airflow/.local/lib/python3.7/site-packages/airflow/example_dags/example_sensors.py took 0.171 seconds
[2025-10-04T19:22:40.659+0000] {processor.py:157} INFO - Started process (PID=885) to work on /home/airflow/.local/lib/python3.7/site-packages/airflow/example_dags/example_sensors.py
[2025-10-04T19:22:40.661+0000] {processor.py:826} INFO - Processing file /home/airflow/.local/lib/python3.7/site-packages/airflow/example_dags/example_sensors.py for tasks to queue
[2025-10-04T19:22:40.663+0000] {logging_mixin.py:149} INFO - [2025-10-04T19:22:40.663+0000] {dagbag.py:541} INFO - Filling up the DagBag from /home/airflow/.local/lib/python3.7/site-packages/airflow/example_dags/example_sensors.py
[2025-10-04T19:22:40.680+0000] {processor.py:836} INFO - DAG(s) dict_keys(['example_sensors']) retrieved from /home/airflow/.local/lib/python3.7/site-packages/airflow/example_dags/example_sensors.py
[2025-10-04T19:22:40.743+0000] {logging_mixin.py:149} INFO - [2025-10-04T19:22:40.743+0000] {dag.py:2726} INFO - Sync 1 DAGs
[2025-10-04T19:22:40.799+0000] {logging_mixin.py:149} INFO - [2025-10-04T19:22:40.798+0000] {dag.py:3490} INFO - Setting next_dagrun for example_sensors to None, run_after=None
[2025-10-04T19:22:40.840+0000] {processor.py:179} INFO - Processing /home/airflow/.local/lib/python3.7/site-packages/airflow/example_dags/example_sensors.py took 0.186 seconds
[2025-10-04T19:23:11.357+0000] {processor.py:157} INFO - Started process (PID=946) to work on /home/airflow/.local/lib/python3.7/site-packages/airflow/example_dags/example_sensors.py
[2025-10-04T19:23:11.359+0000] {processor.py:826} INFO - Processing file /home/airflow/.local/lib/python3.7/site-packages/airflow/example_dags/example_sensors.py for tasks to queue
[2025-10-04T19:23:11.361+0000] {logging_mixin.py:149} INFO - [2025-10-04T19:23:11.361+0000] {dagbag.py:541} INFO - Filling up the DagBag from /home/airflow/.local/lib/python3.7/site-packages/airflow/example_dags/example_sensors.py
[2025-10-04T19:23:11.380+0000] {processor.py:836} INFO - DAG(s) dict_keys(['example_sensors']) retrieved from /home/airflow/.local/lib/python3.7/site-packages/airflow/example_dags/example_sensors.py
[2025-10-04T19:23:11.429+0000] {logging_mixin.py:149} INFO - [2025-10-04T19:23:11.428+0000] {dag.py:2726} INFO - Sync 1 DAGs
[2025-10-04T19:23:11.471+0000] {logging_mixin.py:149} INFO - [2025-10-04T19:23:11.470+0000] {dag.py:3490} INFO - Setting next_dagrun for example_sensors to None, run_after=None
[2025-10-04T19:23:11.509+0000] {processor.py:179} INFO - Processing /home/airflow/.local/lib/python3.7/site-packages/airflow/example_dags/example_sensors.py took 0.159 seconds
[2025-10-04T19:23:42.139+0000] {processor.py:157} INFO - Started process (PID=1007) to work on /home/airflow/.local/lib/python3.7/site-packages/airflow/example_dags/example_sensors.py
[2025-10-04T19:23:42.141+0000] {processor.py:826} INFO - Processing file /home/airflow/.local/lib/python3.7/site-packages/airflow/example_dags/example_sensors.py for tasks to queue
[2025-10-04T19:23:42.143+0000] {logging_mixin.py:149} INFO - [2025-10-04T19:23:42.142+0000] {dagbag.py:541} INFO - Filling up the DagBag from /home/airflow/.local/lib/python3.7/site-packages/airflow/example_dags/example_sensors.py
[2025-10-04T19:23:42.160+0000] {processor.py:836} INFO - DAG(s) dict_keys(['example_sensors']) retrieved from /home/airflow/.local/lib/python3.7/site-packages/airflow/example_dags/example_sensors.py
[2025-10-04T19:23:42.214+0000] {logging_mixin.py:149} INFO - [2025-10-04T19:23:42.214+0000] {dag.py:2726} INFO - Sync 1 DAGs
[2025-10-04T19:23:42.265+0000] {logging_mixin.py:149} INFO - [2025-10-04T19:23:42.265+0000] {dag.py:3490} INFO - Setting next_dagrun for example_sensors to None, run_after=None
[2025-10-04T19:23:42.305+0000] {processor.py:179} INFO - Processing /home/airflow/.local/lib/python3.7/site-packages/airflow/example_dags/example_sensors.py took 0.172 seconds
[2025-10-04T19:24:12.512+0000] {processor.py:157} INFO - Started process (PID=1069) to work on /home/airflow/.local/lib/python3.7/site-packages/airflow/example_dags/example_sensors.py
[2025-10-04T19:24:12.514+0000] {processor.py:826} INFO - Processing file /home/airflow/.local/lib/python3.7/site-packages/airflow/example_dags/example_sensors.py for tasks to queue
[2025-10-04T19:24:12.515+0000] {logging_mixin.py:149} INFO - [2025-10-04T19:24:12.515+0000] {dagbag.py:541} INFO - Filling up the DagBag from /home/airflow/.local/lib/python3.7/site-packages/airflow/example_dags/example_sensors.py
[2025-10-04T19:24:12.537+0000] {processor.py:836} INFO - DAG(s) dict_keys(['example_sensors']) retrieved from /home/airflow/.local/lib/python3.7/site-packages/airflow/example_dags/example_sensors.py
[2025-10-04T19:24:12.594+0000] {logging_mixin.py:149} INFO - [2025-10-04T19:24:12.594+0000] {dag.py:2726} INFO - Sync 1 DAGs
[2025-10-04T19:24:12.638+0000] {logging_mixin.py:149} INFO - [2025-10-04T19:24:12.637+0000] {dag.py:3490} INFO - Setting next_dagrun for example_sensors to None, run_after=None
[2025-10-04T19:24:12.689+0000] {processor.py:179} INFO - Processing /home/airflow/.local/lib/python3.7/site-packages/airflow/example_dags/example_sensors.py took 0.183 seconds
[2025-10-04T19:24:42.823+0000] {processor.py:157} INFO - Started process (PID=1130) to work on /home/airflow/.local/lib/python3.7/site-packages/airflow/example_dags/example_sensors.py
[2025-10-04T19:24:42.826+0000] {processor.py:826} INFO - Processing file /home/airflow/.local/lib/python3.7/site-packages/airflow/example_dags/example_sensors.py for tasks to queue
[2025-10-04T19:24:42.827+0000] {logging_mixin.py:149} INFO - [2025-10-04T19:24:42.827+0000] {dagbag.py:541} INFO - Filling up the DagBag from /home/airflow/.local/lib/python3.7/site-packages/airflow/example_dags/example_sensors.py
[2025-10-04T19:24:42.846+0000] {processor.py:836} INFO - DAG(s) dict_keys(['example_sensors']) retrieved from /home/airflow/.local/lib/python3.7/site-packages/airflow/example_dags/example_sensors.py
[2025-10-04T19:24:42.898+0000] {logging_mixin.py:149} INFO - [2025-10-04T19:24:42.897+0000] {dag.py:2726} INFO - Sync 1 DAGs
[2025-10-04T19:24:42.960+0000] {logging_mixin.py:149} INFO - [2025-10-04T19:24:42.959+0000] {dag.py:3490} INFO - Setting next_dagrun for example_sensors to None, run_after=None
[2025-10-04T19:24:43.032+0000] {processor.py:179} INFO - Processing /home/airflow/.local/lib/python3.7/site-packages/airflow/example_dags/example_sensors.py took 0.216 seconds
[2025-10-04T19:25:13.434+0000] {processor.py:157} INFO - Started process (PID=1191) to work on /home/airflow/.local/lib/python3.7/site-packages/airflow/example_dags/example_sensors.py
[2025-10-04T19:25:13.436+0000] {processor.py:826} INFO - Processing file /home/airflow/.local/lib/python3.7/site-packages/airflow/example_dags/example_sensors.py for tasks to queue
[2025-10-04T19:25:13.438+0000] {logging_mixin.py:149} INFO - [2025-10-04T19:25:13.437+0000] {dagbag.py:541} INFO - Filling up the DagBag from /home/airflow/.local/lib/python3.7/site-packages/airflow/example_dags/example_sensors.py
[2025-10-04T19:25:13.456+0000] {processor.py:836} INFO - DAG(s) dict_keys(['example_sensors']) retrieved from /home/airflow/.local/lib/python3.7/site-packages/airflow/example_dags/example_sensors.py
[2025-10-04T19:25:13.516+0000] {logging_mixin.py:149} INFO - [2025-10-04T19:25:13.515+0000] {dag.py:2726} INFO - Sync 1 DAGs
[2025-10-04T19:25:13.567+0000] {logging_mixin.py:149} INFO - [2025-10-04T19:25:13.566+0000] {dag.py:3490} INFO - Setting next_dagrun for example_sensors to None, run_after=None
[2025-10-04T19:25:13.609+0000] {processor.py:179} INFO - Processing /home/airflow/.local/lib/python3.7/site-packages/airflow/example_dags/example_sensors.py took 0.182 seconds
[2025-10-04T19:25:43.781+0000] {processor.py:157} INFO - Started process (PID=1252) to work on /home/airflow/.local/lib/python3.7/site-packages/airflow/example_dags/example_sensors.py
[2025-10-04T19:25:43.783+0000] {processor.py:826} INFO - Processing file /home/airflow/.local/lib/python3.7/site-packages/airflow/example_dags/example_sensors.py for tasks to queue
[2025-10-04T19:25:43.791+0000] {logging_mixin.py:149} INFO - [2025-10-04T19:25:43.790+0000] {dagbag.py:541} INFO - Filling up the DagBag from /home/airflow/.local/lib/python3.7/site-packages/airflow/example_dags/example_sensors.py
[2025-10-04T19:25:43.810+0000] {processor.py:836} INFO - DAG(s) dict_keys(['example_sensors']) retrieved from /home/airflow/.local/lib/python3.7/site-packages/airflow/example_dags/example_sensors.py
[2025-10-04T19:25:43.864+0000] {logging_mixin.py:149} INFO - [2025-10-04T19:25:43.864+0000] {dag.py:2726} INFO - Sync 1 DAGs
[2025-10-04T19:25:43.908+0000] {logging_mixin.py:149} INFO - [2025-10-04T19:25:43.907+0000] {dag.py:3490} INFO - Setting next_dagrun for example_sensors to None, run_after=None
[2025-10-04T19:25:43.950+0000] {processor.py:179} INFO - Processing /home/airflow/.local/lib/python3.7/site-packages/airflow/example_dags/example_sensors.py took 0.176 seconds
[2025-10-04T19:26:14.174+0000] {processor.py:157} INFO - Started process (PID=1313) to work on /home/airflow/.local/lib/python3.7/site-packages/airflow/example_dags/example_sensors.py
[2025-10-04T19:26:14.176+0000] {processor.py:826} INFO - Processing file /home/airflow/.local/lib/python3.7/site-packages/airflow/example_dags/example_sensors.py for tasks to queue
[2025-10-04T19:26:14.178+0000] {logging_mixin.py:149} INFO - [2025-10-04T19:26:14.178+0000] {dagbag.py:541} INFO - Filling up the DagBag from /home/airflow/.local/lib/python3.7/site-packages/airflow/example_dags/example_sensors.py
[2025-10-04T19:26:14.193+0000] {processor.py:836} INFO - DAG(s) dict_keys(['example_sensors']) retrieved from /home/airflow/.local/lib/python3.7/site-packages/airflow/example_dags/example_sensors.py
[2025-10-04T19:26:14.245+0000] {logging_mixin.py:149} INFO - [2025-10-04T19:26:14.245+0000] {dag.py:2726} INFO - Sync 1 DAGs
[2025-10-04T19:26:14.298+0000] {logging_mixin.py:149} INFO - [2025-10-04T19:26:14.297+0000] {dag.py:3490} INFO - Setting next_dagrun for example_sensors to None, run_after=None
[2025-10-04T19:26:14.341+0000] {processor.py:179} INFO - Processing /home/airflow/.local/lib/python3.7/site-packages/airflow/example_dags/example_sensors.py took 0.172 seconds
[2025-10-04T19:26:44.605+0000] {processor.py:157} INFO - Started process (PID=1374) to work on /home/airflow/.local/lib/python3.7/site-packages/airflow/example_dags/example_sensors.py
[2025-10-04T19:26:44.607+0000] {processor.py:826} INFO - Processing file /home/airflow/.local/lib/python3.7/site-packages/airflow/example_dags/example_sensors.py for tasks to queue
[2025-10-04T19:26:44.609+0000] {logging_mixin.py:149} INFO - [2025-10-04T19:26:44.609+0000] {dagbag.py:541} INFO - Filling up the DagBag from /home/airflow/.local/lib/python3.7/site-packages/airflow/example_dags/example_sensors.py
[2025-10-04T19:26:44.624+0000] {processor.py:836} INFO - DAG(s) dict_keys(['example_sensors']) retrieved from /home/airflow/.local/lib/python3.7/site-packages/airflow/example_dags/example_sensors.py
[2025-10-04T19:26:44.679+0000] {logging_mixin.py:149} INFO - [2025-10-04T19:26:44.678+0000] {dag.py:2726} INFO - Sync 1 DAGs
[2025-10-04T19:26:44.728+0000] {logging_mixin.py:149} INFO - [2025-10-04T19:26:44.728+0000] {dag.py:3490} INFO - Setting next_dagrun for example_sensors to None, run_after=None
[2025-10-04T19:26:44.774+0000] {processor.py:179} INFO - Processing /home/airflow/.local/lib/python3.7/site-packages/airflow/example_dags/example_sensors.py took 0.175 seconds
[2025-10-04T19:27:15.801+0000] {processor.py:157} INFO - Started process (PID=1435) to work on /home/airflow/.local/lib/python3.7/site-packages/airflow/example_dags/example_sensors.py
[2025-10-04T19:27:15.803+0000] {processor.py:826} INFO - Processing file /home/airflow/.local/lib/python3.7/site-packages/airflow/example_dags/example_sensors.py for tasks to queue
[2025-10-04T19:27:15.805+0000] {logging_mixin.py:149} INFO - [2025-10-04T19:27:15.804+0000] {dagbag.py:541} INFO - Filling up the DagBag from /home/airflow/.local/lib/python3.7/site-packages/airflow/example_dags/example_sensors.py
[2025-10-04T19:27:15.820+0000] {processor.py:836} INFO - DAG(s) dict_keys(['example_sensors']) retrieved from /home/airflow/.local/lib/python3.7/site-packages/airflow/example_dags/example_sensors.py
[2025-10-04T19:27:15.878+0000] {logging_mixin.py:149} INFO - [2025-10-04T19:27:15.877+0000] {dag.py:2726} INFO - Sync 1 DAGs
[2025-10-04T19:27:15.929+0000] {logging_mixin.py:149} INFO - [2025-10-04T19:27:15.928+0000] {dag.py:3490} INFO - Setting next_dagrun for example_sensors to None, run_after=None
[2025-10-04T19:27:15.973+0000] {processor.py:179} INFO - Processing /home/airflow/.local/lib/python3.7/site-packages/airflow/example_dags/example_sensors.py took 0.177 seconds
[2025-10-04T19:27:46.166+0000] {processor.py:157} INFO - Started process (PID=1495) to work on /home/airflow/.local/lib/python3.7/site-packages/airflow/example_dags/example_sensors.py
[2025-10-04T19:27:46.169+0000] {processor.py:826} INFO - Processing file /home/airflow/.local/lib/python3.7/site-packages/airflow/example_dags/example_sensors.py for tasks to queue
[2025-10-04T19:27:46.173+0000] {logging_mixin.py:149} INFO - [2025-10-04T19:27:46.173+0000] {dagbag.py:541} INFO - Filling up the DagBag from /home/airflow/.local/lib/python3.7/site-packages/airflow/example_dags/example_sensors.py
[2025-10-04T19:27:46.202+0000] {processor.py:836} INFO - DAG(s) dict_keys(['example_sensors']) retrieved from /home/airflow/.local/lib/python3.7/site-packages/airflow/example_dags/example_sensors.py
[2025-10-04T19:27:46.266+0000] {logging_mixin.py:149} INFO - [2025-10-04T19:27:46.266+0000] {dag.py:2726} INFO - Sync 1 DAGs
[2025-10-04T19:27:46.321+0000] {logging_mixin.py:149} INFO - [2025-10-04T19:27:46.320+0000] {dag.py:3490} INFO - Setting next_dagrun for example_sensors to None, run_after=None
[2025-10-04T19:27:46.370+0000] {processor.py:179} INFO - Processing /home/airflow/.local/lib/python3.7/site-packages/airflow/example_dags/example_sensors.py took 0.213 seconds
