[2025-10-04T19:15:50.436+0000] {processor.py:157} INFO - Started process (PID=63) to work on /home/airflow/.local/lib/python3.7/site-packages/airflow/example_dags/example_task_group_decorator.py
[2025-10-04T19:15:50.438+0000] {processor.py:826} INFO - Processing file /home/airflow/.local/lib/python3.7/site-packages/airflow/example_dags/example_task_group_decorator.py for tasks to queue
[2025-10-04T19:15:50.440+0000] {logging_mixin.py:149} INFO - [2025-10-04T19:15:50.439+0000] {dagbag.py:541} INFO - Filling up the DagBag from /home/airflow/.local/lib/python3.7/site-packages/airflow/example_dags/example_task_group_decorator.py
[2025-10-04T19:15:50.474+0000] {processor.py:836} INFO - DAG(s) dict_keys(['example_task_group_decorator']) retrieved from /home/airflow/.local/lib/python3.7/site-packages/airflow/example_dags/example_task_group_decorator.py
[2025-10-04T19:15:50.753+0000] {logging_mixin.py:149} INFO - [2025-10-04T19:15:50.752+0000] {manager.py:504} INFO - Created Permission View: can delete on DAG:example_task_group_decorator
[2025-10-04T19:15:50.779+0000] {logging_mixin.py:149} INFO - [2025-10-04T19:15:50.779+0000] {manager.py:504} INFO - Created Permission View: can edit on DAG:example_task_group_decorator
[2025-10-04T19:15:50.801+0000] {logging_mixin.py:149} INFO - [2025-10-04T19:15:50.801+0000] {manager.py:504} INFO - Created Permission View: can read on DAG:example_task_group_decorator
[2025-10-04T19:15:50.841+0000] {logging_mixin.py:149} INFO - [2025-10-04T19:15:50.841+0000] {dag.py:2726} INFO - Sync 1 DAGs
[2025-10-04T19:15:50.874+0000] {logging_mixin.py:149} INFO - [2025-10-04T19:15:50.873+0000] {dag.py:2747} INFO - Creating ORM DAG for example_task_group_decorator
[2025-10-04T19:15:50.897+0000] {logging_mixin.py:149} INFO - [2025-10-04T19:15:50.897+0000] {dag.py:3490} INFO - Setting next_dagrun for example_task_group_decorator to 2025-10-03T19:15:50.896939+00:00, run_after=2025-10-04T19:15:50.896939+00:00
[2025-10-04T19:15:50.943+0000] {processor.py:179} INFO - Processing /home/airflow/.local/lib/python3.7/site-packages/airflow/example_dags/example_task_group_decorator.py took 0.515 seconds
[2025-10-04T19:16:21.136+0000] {processor.py:157} INFO - Started process (PID=125) to work on /home/airflow/.local/lib/python3.7/site-packages/airflow/example_dags/example_task_group_decorator.py
[2025-10-04T19:16:21.139+0000] {processor.py:826} INFO - Processing file /home/airflow/.local/lib/python3.7/site-packages/airflow/example_dags/example_task_group_decorator.py for tasks to queue
[2025-10-04T19:16:21.140+0000] {logging_mixin.py:149} INFO - [2025-10-04T19:16:21.140+0000] {dagbag.py:541} INFO - Filling up the DagBag from /home/airflow/.local/lib/python3.7/site-packages/airflow/example_dags/example_task_group_decorator.py
[2025-10-04T19:16:21.160+0000] {processor.py:836} INFO - DAG(s) dict_keys(['example_task_group_decorator']) retrieved from /home/airflow/.local/lib/python3.7/site-packages/airflow/example_dags/example_task_group_decorator.py
[2025-10-04T19:16:21.208+0000] {logging_mixin.py:149} INFO - [2025-10-04T19:16:21.208+0000] {dag.py:2726} INFO - Sync 1 DAGs
[2025-10-04T19:16:21.251+0000] {logging_mixin.py:149} INFO - [2025-10-04T19:16:21.250+0000] {dag.py:3490} INFO - Setting next_dagrun for example_task_group_decorator to 2025-10-03T19:16:21.250272+00:00, run_after=2025-10-04T19:16:21.250272+00:00
[2025-10-04T19:16:21.288+0000] {processor.py:179} INFO - Processing /home/airflow/.local/lib/python3.7/site-packages/airflow/example_dags/example_task_group_decorator.py took 0.157 seconds
[2025-10-04T19:16:51.757+0000] {processor.py:157} INFO - Started process (PID=187) to work on /home/airflow/.local/lib/python3.7/site-packages/airflow/example_dags/example_task_group_decorator.py
[2025-10-04T19:16:51.759+0000] {processor.py:826} INFO - Processing file /home/airflow/.local/lib/python3.7/site-packages/airflow/example_dags/example_task_group_decorator.py for tasks to queue
[2025-10-04T19:16:51.761+0000] {logging_mixin.py:149} INFO - [2025-10-04T19:16:51.760+0000] {dagbag.py:541} INFO - Filling up the DagBag from /home/airflow/.local/lib/python3.7/site-packages/airflow/example_dags/example_task_group_decorator.py
[2025-10-04T19:16:51.785+0000] {processor.py:836} INFO - DAG(s) dict_keys(['example_task_group_decorator']) retrieved from /home/airflow/.local/lib/python3.7/site-packages/airflow/example_dags/example_task_group_decorator.py
[2025-10-04T19:16:51.834+0000] {logging_mixin.py:149} INFO - [2025-10-04T19:16:51.834+0000] {dag.py:2726} INFO - Sync 1 DAGs
[2025-10-04T19:16:51.872+0000] {logging_mixin.py:149} INFO - [2025-10-04T19:16:51.872+0000] {dag.py:3490} INFO - Setting next_dagrun for example_task_group_decorator to 2025-10-03T19:16:51.872316+00:00, run_after=2025-10-04T19:16:51.872316+00:00
[2025-10-04T19:16:51.907+0000] {processor.py:179} INFO - Processing /home/airflow/.local/lib/python3.7/site-packages/airflow/example_dags/example_task_group_decorator.py took 0.156 seconds
[2025-10-04T19:17:22.847+0000] {processor.py:157} INFO - Started process (PID=248) to work on /home/airflow/.local/lib/python3.7/site-packages/airflow/example_dags/example_task_group_decorator.py
[2025-10-04T19:17:22.851+0000] {processor.py:826} INFO - Processing file /home/airflow/.local/lib/python3.7/site-packages/airflow/example_dags/example_task_group_decorator.py for tasks to queue
[2025-10-04T19:17:22.854+0000] {logging_mixin.py:149} INFO - [2025-10-04T19:17:22.853+0000] {dagbag.py:541} INFO - Filling up the DagBag from /home/airflow/.local/lib/python3.7/site-packages/airflow/example_dags/example_task_group_decorator.py
[2025-10-04T19:17:22.910+0000] {processor.py:836} INFO - DAG(s) dict_keys(['example_task_group_decorator']) retrieved from /home/airflow/.local/lib/python3.7/site-packages/airflow/example_dags/example_task_group_decorator.py
[2025-10-04T19:17:23.013+0000] {logging_mixin.py:149} INFO - [2025-10-04T19:17:23.012+0000] {dag.py:2726} INFO - Sync 1 DAGs
[2025-10-04T19:17:23.067+0000] {logging_mixin.py:149} INFO - [2025-10-04T19:17:23.067+0000] {dag.py:3490} INFO - Setting next_dagrun for example_task_group_decorator to 2025-10-03T19:17:23.067274+00:00, run_after=2025-10-04T19:17:23.067274+00:00
[2025-10-04T19:17:23.114+0000] {processor.py:179} INFO - Processing /home/airflow/.local/lib/python3.7/site-packages/airflow/example_dags/example_task_group_decorator.py took 0.277 seconds
[2025-10-04T19:17:54.138+0000] {processor.py:157} INFO - Started process (PID=309) to work on /home/airflow/.local/lib/python3.7/site-packages/airflow/example_dags/example_task_group_decorator.py
[2025-10-04T19:17:54.140+0000] {processor.py:826} INFO - Processing file /home/airflow/.local/lib/python3.7/site-packages/airflow/example_dags/example_task_group_decorator.py for tasks to queue
[2025-10-04T19:17:54.141+0000] {logging_mixin.py:149} INFO - [2025-10-04T19:17:54.141+0000] {dagbag.py:541} INFO - Filling up the DagBag from /home/airflow/.local/lib/python3.7/site-packages/airflow/example_dags/example_task_group_decorator.py
[2025-10-04T19:17:54.166+0000] {processor.py:836} INFO - DAG(s) dict_keys(['example_task_group_decorator']) retrieved from /home/airflow/.local/lib/python3.7/site-packages/airflow/example_dags/example_task_group_decorator.py
[2025-10-04T19:17:54.213+0000] {logging_mixin.py:149} INFO - [2025-10-04T19:17:54.213+0000] {dag.py:2726} INFO - Sync 1 DAGs
[2025-10-04T19:17:54.260+0000] {logging_mixin.py:149} INFO - [2025-10-04T19:17:54.260+0000] {dag.py:3490} INFO - Setting next_dagrun for example_task_group_decorator to 2025-10-03T19:17:54.260105+00:00, run_after=2025-10-04T19:17:54.260105+00:00
[2025-10-04T19:17:54.297+0000] {processor.py:179} INFO - Processing /home/airflow/.local/lib/python3.7/site-packages/airflow/example_dags/example_task_group_decorator.py took 0.165 seconds
[2025-10-04T19:18:24.758+0000] {processor.py:157} INFO - Started process (PID=370) to work on /home/airflow/.local/lib/python3.7/site-packages/airflow/example_dags/example_task_group_decorator.py
[2025-10-04T19:18:24.760+0000] {processor.py:826} INFO - Processing file /home/airflow/.local/lib/python3.7/site-packages/airflow/example_dags/example_task_group_decorator.py for tasks to queue
[2025-10-04T19:18:24.762+0000] {logging_mixin.py:149} INFO - [2025-10-04T19:18:24.762+0000] {dagbag.py:541} INFO - Filling up the DagBag from /home/airflow/.local/lib/python3.7/site-packages/airflow/example_dags/example_task_group_decorator.py
[2025-10-04T19:18:24.792+0000] {processor.py:836} INFO - DAG(s) dict_keys(['example_task_group_decorator']) retrieved from /home/airflow/.local/lib/python3.7/site-packages/airflow/example_dags/example_task_group_decorator.py
[2025-10-04T19:18:24.852+0000] {logging_mixin.py:149} INFO - [2025-10-04T19:18:24.852+0000] {dag.py:2726} INFO - Sync 1 DAGs
[2025-10-04T19:18:24.904+0000] {logging_mixin.py:149} INFO - [2025-10-04T19:18:24.904+0000] {dag.py:3490} INFO - Setting next_dagrun for example_task_group_decorator to 2025-10-03T19:18:24.903600+00:00, run_after=2025-10-04T19:18:24.903600+00:00
[2025-10-04T19:18:24.961+0000] {processor.py:179} INFO - Processing /home/airflow/.local/lib/python3.7/site-packages/airflow/example_dags/example_task_group_decorator.py took 0.209 seconds
[2025-10-04T19:18:55.349+0000] {processor.py:157} INFO - Started process (PID=431) to work on /home/airflow/.local/lib/python3.7/site-packages/airflow/example_dags/example_task_group_decorator.py
[2025-10-04T19:18:55.352+0000] {processor.py:826} INFO - Processing file /home/airflow/.local/lib/python3.7/site-packages/airflow/example_dags/example_task_group_decorator.py for tasks to queue
[2025-10-04T19:18:55.354+0000] {logging_mixin.py:149} INFO - [2025-10-04T19:18:55.354+0000] {dagbag.py:541} INFO - Filling up the DagBag from /home/airflow/.local/lib/python3.7/site-packages/airflow/example_dags/example_task_group_decorator.py
[2025-10-04T19:18:55.396+0000] {processor.py:836} INFO - DAG(s) dict_keys(['example_task_group_decorator']) retrieved from /home/airflow/.local/lib/python3.7/site-packages/airflow/example_dags/example_task_group_decorator.py
[2025-10-04T19:18:55.457+0000] {logging_mixin.py:149} INFO - [2025-10-04T19:18:55.456+0000] {dag.py:2726} INFO - Sync 1 DAGs
[2025-10-04T19:18:55.507+0000] {logging_mixin.py:149} INFO - [2025-10-04T19:18:55.506+0000] {dag.py:3490} INFO - Setting next_dagrun for example_task_group_decorator to 2025-10-03T19:18:55.506310+00:00, run_after=2025-10-04T19:18:55.506310+00:00
[2025-10-04T19:18:55.551+0000] {processor.py:179} INFO - Processing /home/airflow/.local/lib/python3.7/site-packages/airflow/example_dags/example_task_group_decorator.py took 0.209 seconds
[2025-10-04T19:19:25.792+0000] {processor.py:157} INFO - Started process (PID=493) to work on /home/airflow/.local/lib/python3.7/site-packages/airflow/example_dags/example_task_group_decorator.py
[2025-10-04T19:19:25.795+0000] {processor.py:826} INFO - Processing file /home/airflow/.local/lib/python3.7/site-packages/airflow/example_dags/example_task_group_decorator.py for tasks to queue
[2025-10-04T19:19:25.798+0000] {logging_mixin.py:149} INFO - [2025-10-04T19:19:25.798+0000] {dagbag.py:541} INFO - Filling up the DagBag from /home/airflow/.local/lib/python3.7/site-packages/airflow/example_dags/example_task_group_decorator.py
[2025-10-04T19:19:25.842+0000] {processor.py:836} INFO - DAG(s) dict_keys(['example_task_group_decorator']) retrieved from /home/airflow/.local/lib/python3.7/site-packages/airflow/example_dags/example_task_group_decorator.py
[2025-10-04T19:19:25.910+0000] {logging_mixin.py:149} INFO - [2025-10-04T19:19:25.909+0000] {dag.py:2726} INFO - Sync 1 DAGs
[2025-10-04T19:19:25.968+0000] {logging_mixin.py:149} INFO - [2025-10-04T19:19:25.968+0000] {dag.py:3490} INFO - Setting next_dagrun for example_task_group_decorator to 2025-10-03T19:19:25.968255+00:00, run_after=2025-10-04T19:19:25.968255+00:00
[2025-10-04T19:19:26.016+0000] {processor.py:179} INFO - Processing /home/airflow/.local/lib/python3.7/site-packages/airflow/example_dags/example_task_group_decorator.py took 0.234 seconds
[2025-10-04T19:19:56.913+0000] {processor.py:157} INFO - Started process (PID=554) to work on /home/airflow/.local/lib/python3.7/site-packages/airflow/example_dags/example_task_group_decorator.py
[2025-10-04T19:19:56.916+0000] {processor.py:826} INFO - Processing file /home/airflow/.local/lib/python3.7/site-packages/airflow/example_dags/example_task_group_decorator.py for tasks to queue
[2025-10-04T19:19:56.918+0000] {logging_mixin.py:149} INFO - [2025-10-04T19:19:56.918+0000] {dagbag.py:541} INFO - Filling up the DagBag from /home/airflow/.local/lib/python3.7/site-packages/airflow/example_dags/example_task_group_decorator.py
[2025-10-04T19:19:56.960+0000] {processor.py:836} INFO - DAG(s) dict_keys(['example_task_group_decorator']) retrieved from /home/airflow/.local/lib/python3.7/site-packages/airflow/example_dags/example_task_group_decorator.py
[2025-10-04T19:19:57.020+0000] {logging_mixin.py:149} INFO - [2025-10-04T19:19:57.020+0000] {dag.py:2726} INFO - Sync 1 DAGs
[2025-10-04T19:19:57.075+0000] {logging_mixin.py:149} INFO - [2025-10-04T19:19:57.075+0000] {dag.py:3490} INFO - Setting next_dagrun for example_task_group_decorator to 2025-10-03T19:19:57.075103+00:00, run_after=2025-10-04T19:19:57.075103+00:00
[2025-10-04T19:19:57.127+0000] {processor.py:179} INFO - Processing /home/airflow/.local/lib/python3.7/site-packages/airflow/example_dags/example_task_group_decorator.py took 0.221 seconds
[2025-10-04T19:20:27.330+0000] {processor.py:157} INFO - Started process (PID=615) to work on /home/airflow/.local/lib/python3.7/site-packages/airflow/example_dags/example_task_group_decorator.py
[2025-10-04T19:20:27.333+0000] {processor.py:826} INFO - Processing file /home/airflow/.local/lib/python3.7/site-packages/airflow/example_dags/example_task_group_decorator.py for tasks to queue
[2025-10-04T19:20:27.335+0000] {logging_mixin.py:149} INFO - [2025-10-04T19:20:27.334+0000] {dagbag.py:541} INFO - Filling up the DagBag from /home/airflow/.local/lib/python3.7/site-packages/airflow/example_dags/example_task_group_decorator.py
[2025-10-04T19:20:27.375+0000] {processor.py:836} INFO - DAG(s) dict_keys(['example_task_group_decorator']) retrieved from /home/airflow/.local/lib/python3.7/site-packages/airflow/example_dags/example_task_group_decorator.py
[2025-10-04T19:20:27.447+0000] {logging_mixin.py:149} INFO - [2025-10-04T19:20:27.447+0000] {dag.py:2726} INFO - Sync 1 DAGs
[2025-10-04T19:20:27.527+0000] {logging_mixin.py:149} INFO - [2025-10-04T19:20:27.527+0000] {dag.py:3490} INFO - Setting next_dagrun for example_task_group_decorator to 2025-10-03T19:20:27.526385+00:00, run_after=2025-10-04T19:20:27.526385+00:00
[2025-10-04T19:20:27.588+0000] {processor.py:179} INFO - Processing /home/airflow/.local/lib/python3.7/site-packages/airflow/example_dags/example_task_group_decorator.py took 0.267 seconds
[2025-10-04T19:20:57.993+0000] {processor.py:157} INFO - Started process (PID=676) to work on /home/airflow/.local/lib/python3.7/site-packages/airflow/example_dags/example_task_group_decorator.py
[2025-10-04T19:20:57.997+0000] {processor.py:826} INFO - Processing file /home/airflow/.local/lib/python3.7/site-packages/airflow/example_dags/example_task_group_decorator.py for tasks to queue
[2025-10-04T19:20:58.000+0000] {logging_mixin.py:149} INFO - [2025-10-04T19:20:58.000+0000] {dagbag.py:541} INFO - Filling up the DagBag from /home/airflow/.local/lib/python3.7/site-packages/airflow/example_dags/example_task_group_decorator.py
[2025-10-04T19:20:58.058+0000] {processor.py:836} INFO - DAG(s) dict_keys(['example_task_group_decorator']) retrieved from /home/airflow/.local/lib/python3.7/site-packages/airflow/example_dags/example_task_group_decorator.py
[2025-10-04T19:20:58.173+0000] {logging_mixin.py:149} INFO - [2025-10-04T19:20:58.172+0000] {dag.py:2726} INFO - Sync 1 DAGs
[2025-10-04T19:20:58.278+0000] {logging_mixin.py:149} INFO - [2025-10-04T19:20:58.278+0000] {dag.py:3490} INFO - Setting next_dagrun for example_task_group_decorator to 2025-10-03T19:20:58.277117+00:00, run_after=2025-10-04T19:20:58.277117+00:00
[2025-10-04T19:20:58.353+0000] {processor.py:179} INFO - Processing /home/airflow/.local/lib/python3.7/site-packages/airflow/example_dags/example_task_group_decorator.py took 0.371 seconds
[2025-10-04T19:21:29.142+0000] {processor.py:157} INFO - Started process (PID=737) to work on /home/airflow/.local/lib/python3.7/site-packages/airflow/example_dags/example_task_group_decorator.py
[2025-10-04T19:21:29.144+0000] {processor.py:826} INFO - Processing file /home/airflow/.local/lib/python3.7/site-packages/airflow/example_dags/example_task_group_decorator.py for tasks to queue
[2025-10-04T19:21:29.146+0000] {logging_mixin.py:149} INFO - [2025-10-04T19:21:29.146+0000] {dagbag.py:541} INFO - Filling up the DagBag from /home/airflow/.local/lib/python3.7/site-packages/airflow/example_dags/example_task_group_decorator.py
[2025-10-04T19:21:29.173+0000] {processor.py:836} INFO - DAG(s) dict_keys(['example_task_group_decorator']) retrieved from /home/airflow/.local/lib/python3.7/site-packages/airflow/example_dags/example_task_group_decorator.py
[2025-10-04T19:21:29.225+0000] {logging_mixin.py:149} INFO - [2025-10-04T19:21:29.225+0000] {dag.py:2726} INFO - Sync 1 DAGs
[2025-10-04T19:21:29.282+0000] {logging_mixin.py:149} INFO - [2025-10-04T19:21:29.281+0000] {dag.py:3490} INFO - Setting next_dagrun for example_task_group_decorator to 2025-10-03T19:21:29.280667+00:00, run_after=2025-10-04T19:21:29.280667+00:00
[2025-10-04T19:21:29.327+0000] {processor.py:179} INFO - Processing /home/airflow/.local/lib/python3.7/site-packages/airflow/example_dags/example_task_group_decorator.py took 0.195 seconds
[2025-10-04T19:21:59.841+0000] {processor.py:157} INFO - Started process (PID=798) to work on /home/airflow/.local/lib/python3.7/site-packages/airflow/example_dags/example_task_group_decorator.py
[2025-10-04T19:21:59.843+0000] {processor.py:826} INFO - Processing file /home/airflow/.local/lib/python3.7/site-packages/airflow/example_dags/example_task_group_decorator.py for tasks to queue
[2025-10-04T19:21:59.844+0000] {logging_mixin.py:149} INFO - [2025-10-04T19:21:59.844+0000] {dagbag.py:541} INFO - Filling up the DagBag from /home/airflow/.local/lib/python3.7/site-packages/airflow/example_dags/example_task_group_decorator.py
[2025-10-04T19:21:59.869+0000] {processor.py:836} INFO - DAG(s) dict_keys(['example_task_group_decorator']) retrieved from /home/airflow/.local/lib/python3.7/site-packages/airflow/example_dags/example_task_group_decorator.py
[2025-10-04T19:21:59.919+0000] {logging_mixin.py:149} INFO - [2025-10-04T19:21:59.919+0000] {dag.py:2726} INFO - Sync 1 DAGs
[2025-10-04T19:21:59.965+0000] {logging_mixin.py:149} INFO - [2025-10-04T19:21:59.965+0000] {dag.py:3490} INFO - Setting next_dagrun for example_task_group_decorator to 2025-10-03T19:21:59.964975+00:00, run_after=2025-10-04T19:21:59.964975+00:00
[2025-10-04T19:22:00.007+0000] {processor.py:179} INFO - Processing /home/airflow/.local/lib/python3.7/site-packages/airflow/example_dags/example_task_group_decorator.py took 0.172 seconds
[2025-10-04T19:22:30.457+0000] {processor.py:157} INFO - Started process (PID=859) to work on /home/airflow/.local/lib/python3.7/site-packages/airflow/example_dags/example_task_group_decorator.py
[2025-10-04T19:22:30.460+0000] {processor.py:826} INFO - Processing file /home/airflow/.local/lib/python3.7/site-packages/airflow/example_dags/example_task_group_decorator.py for tasks to queue
[2025-10-04T19:22:30.461+0000] {logging_mixin.py:149} INFO - [2025-10-04T19:22:30.461+0000] {dagbag.py:541} INFO - Filling up the DagBag from /home/airflow/.local/lib/python3.7/site-packages/airflow/example_dags/example_task_group_decorator.py
[2025-10-04T19:22:30.488+0000] {processor.py:836} INFO - DAG(s) dict_keys(['example_task_group_decorator']) retrieved from /home/airflow/.local/lib/python3.7/site-packages/airflow/example_dags/example_task_group_decorator.py
[2025-10-04T19:22:30.535+0000] {logging_mixin.py:149} INFO - [2025-10-04T19:22:30.535+0000] {dag.py:2726} INFO - Sync 1 DAGs
[2025-10-04T19:22:30.580+0000] {logging_mixin.py:149} INFO - [2025-10-04T19:22:30.580+0000] {dag.py:3490} INFO - Setting next_dagrun for example_task_group_decorator to 2025-10-03T19:22:30.580255+00:00, run_after=2025-10-04T19:22:30.580255+00:00
[2025-10-04T19:22:30.620+0000] {processor.py:179} INFO - Processing /home/airflow/.local/lib/python3.7/site-packages/airflow/example_dags/example_task_group_decorator.py took 0.169 seconds
[2025-10-04T19:23:00.784+0000] {processor.py:157} INFO - Started process (PID=920) to work on /home/airflow/.local/lib/python3.7/site-packages/airflow/example_dags/example_task_group_decorator.py
[2025-10-04T19:23:00.787+0000] {processor.py:826} INFO - Processing file /home/airflow/.local/lib/python3.7/site-packages/airflow/example_dags/example_task_group_decorator.py for tasks to queue
[2025-10-04T19:23:00.788+0000] {logging_mixin.py:149} INFO - [2025-10-04T19:23:00.788+0000] {dagbag.py:541} INFO - Filling up the DagBag from /home/airflow/.local/lib/python3.7/site-packages/airflow/example_dags/example_task_group_decorator.py
[2025-10-04T19:23:00.816+0000] {processor.py:836} INFO - DAG(s) dict_keys(['example_task_group_decorator']) retrieved from /home/airflow/.local/lib/python3.7/site-packages/airflow/example_dags/example_task_group_decorator.py
[2025-10-04T19:23:00.864+0000] {logging_mixin.py:149} INFO - [2025-10-04T19:23:00.864+0000] {dag.py:2726} INFO - Sync 1 DAGs
[2025-10-04T19:23:00.906+0000] {logging_mixin.py:149} INFO - [2025-10-04T19:23:00.905+0000] {dag.py:3490} INFO - Setting next_dagrun for example_task_group_decorator to 2025-10-03T19:23:00.905266+00:00, run_after=2025-10-04T19:23:00.905266+00:00
[2025-10-04T19:23:00.950+0000] {processor.py:179} INFO - Processing /home/airflow/.local/lib/python3.7/site-packages/airflow/example_dags/example_task_group_decorator.py took 0.171 seconds
[2025-10-04T19:23:31.845+0000] {processor.py:157} INFO - Started process (PID=981) to work on /home/airflow/.local/lib/python3.7/site-packages/airflow/example_dags/example_task_group_decorator.py
[2025-10-04T19:23:31.847+0000] {processor.py:826} INFO - Processing file /home/airflow/.local/lib/python3.7/site-packages/airflow/example_dags/example_task_group_decorator.py for tasks to queue
[2025-10-04T19:23:31.849+0000] {logging_mixin.py:149} INFO - [2025-10-04T19:23:31.848+0000] {dagbag.py:541} INFO - Filling up the DagBag from /home/airflow/.local/lib/python3.7/site-packages/airflow/example_dags/example_task_group_decorator.py
[2025-10-04T19:23:31.870+0000] {processor.py:836} INFO - DAG(s) dict_keys(['example_task_group_decorator']) retrieved from /home/airflow/.local/lib/python3.7/site-packages/airflow/example_dags/example_task_group_decorator.py
[2025-10-04T19:23:31.923+0000] {logging_mixin.py:149} INFO - [2025-10-04T19:23:31.923+0000] {dag.py:2726} INFO - Sync 1 DAGs
[2025-10-04T19:23:31.973+0000] {logging_mixin.py:149} INFO - [2025-10-04T19:23:31.973+0000] {dag.py:3490} INFO - Setting next_dagrun for example_task_group_decorator to 2025-10-03T19:23:31.972850+00:00, run_after=2025-10-04T19:23:31.972850+00:00
[2025-10-04T19:23:32.013+0000] {processor.py:179} INFO - Processing /home/airflow/.local/lib/python3.7/site-packages/airflow/example_dags/example_task_group_decorator.py took 0.173 seconds
[2025-10-04T19:24:02.254+0000] {processor.py:157} INFO - Started process (PID=1043) to work on /home/airflow/.local/lib/python3.7/site-packages/airflow/example_dags/example_task_group_decorator.py
[2025-10-04T19:24:02.256+0000] {processor.py:826} INFO - Processing file /home/airflow/.local/lib/python3.7/site-packages/airflow/example_dags/example_task_group_decorator.py for tasks to queue
[2025-10-04T19:24:02.258+0000] {logging_mixin.py:149} INFO - [2025-10-04T19:24:02.258+0000] {dagbag.py:541} INFO - Filling up the DagBag from /home/airflow/.local/lib/python3.7/site-packages/airflow/example_dags/example_task_group_decorator.py
[2025-10-04T19:24:02.285+0000] {processor.py:836} INFO - DAG(s) dict_keys(['example_task_group_decorator']) retrieved from /home/airflow/.local/lib/python3.7/site-packages/airflow/example_dags/example_task_group_decorator.py
[2025-10-04T19:24:02.335+0000] {logging_mixin.py:149} INFO - [2025-10-04T19:24:02.335+0000] {dag.py:2726} INFO - Sync 1 DAGs
[2025-10-04T19:24:02.383+0000] {logging_mixin.py:149} INFO - [2025-10-04T19:24:02.383+0000] {dag.py:3490} INFO - Setting next_dagrun for example_task_group_decorator to 2025-10-03T19:24:02.382468+00:00, run_after=2025-10-04T19:24:02.382468+00:00
[2025-10-04T19:24:02.421+0000] {processor.py:179} INFO - Processing /home/airflow/.local/lib/python3.7/site-packages/airflow/example_dags/example_task_group_decorator.py took 0.172 seconds
[2025-10-04T19:24:32.498+0000] {processor.py:157} INFO - Started process (PID=1104) to work on /home/airflow/.local/lib/python3.7/site-packages/airflow/example_dags/example_task_group_decorator.py
[2025-10-04T19:24:32.500+0000] {processor.py:826} INFO - Processing file /home/airflow/.local/lib/python3.7/site-packages/airflow/example_dags/example_task_group_decorator.py for tasks to queue
[2025-10-04T19:24:32.502+0000] {logging_mixin.py:149} INFO - [2025-10-04T19:24:32.501+0000] {dagbag.py:541} INFO - Filling up the DagBag from /home/airflow/.local/lib/python3.7/site-packages/airflow/example_dags/example_task_group_decorator.py
[2025-10-04T19:24:32.522+0000] {processor.py:836} INFO - DAG(s) dict_keys(['example_task_group_decorator']) retrieved from /home/airflow/.local/lib/python3.7/site-packages/airflow/example_dags/example_task_group_decorator.py
[2025-10-04T19:24:32.573+0000] {logging_mixin.py:149} INFO - [2025-10-04T19:24:32.573+0000] {dag.py:2726} INFO - Sync 1 DAGs
[2025-10-04T19:24:32.618+0000] {logging_mixin.py:149} INFO - [2025-10-04T19:24:32.618+0000] {dag.py:3490} INFO - Setting next_dagrun for example_task_group_decorator to 2025-10-03T19:24:32.617748+00:00, run_after=2025-10-04T19:24:32.617748+00:00
[2025-10-04T19:24:32.655+0000] {processor.py:179} INFO - Processing /home/airflow/.local/lib/python3.7/site-packages/airflow/example_dags/example_task_group_decorator.py took 0.163 seconds
[2025-10-04T19:25:03.197+0000] {processor.py:157} INFO - Started process (PID=1165) to work on /home/airflow/.local/lib/python3.7/site-packages/airflow/example_dags/example_task_group_decorator.py
[2025-10-04T19:25:03.200+0000] {processor.py:826} INFO - Processing file /home/airflow/.local/lib/python3.7/site-packages/airflow/example_dags/example_task_group_decorator.py for tasks to queue
[2025-10-04T19:25:03.202+0000] {logging_mixin.py:149} INFO - [2025-10-04T19:25:03.202+0000] {dagbag.py:541} INFO - Filling up the DagBag from /home/airflow/.local/lib/python3.7/site-packages/airflow/example_dags/example_task_group_decorator.py
[2025-10-04T19:25:03.251+0000] {processor.py:836} INFO - DAG(s) dict_keys(['example_task_group_decorator']) retrieved from /home/airflow/.local/lib/python3.7/site-packages/airflow/example_dags/example_task_group_decorator.py
[2025-10-04T19:25:03.342+0000] {logging_mixin.py:149} INFO - [2025-10-04T19:25:03.342+0000] {dag.py:2726} INFO - Sync 1 DAGs
[2025-10-04T19:25:03.398+0000] {logging_mixin.py:149} INFO - [2025-10-04T19:25:03.397+0000] {dag.py:3490} INFO - Setting next_dagrun for example_task_group_decorator to 2025-10-03T19:25:03.397145+00:00, run_after=2025-10-04T19:25:03.397145+00:00
[2025-10-04T19:25:03.438+0000] {processor.py:179} INFO - Processing /home/airflow/.local/lib/python3.7/site-packages/airflow/example_dags/example_task_group_decorator.py took 0.249 seconds
[2025-10-04T19:25:33.709+0000] {processor.py:157} INFO - Started process (PID=1226) to work on /home/airflow/.local/lib/python3.7/site-packages/airflow/example_dags/example_task_group_decorator.py
[2025-10-04T19:25:33.711+0000] {processor.py:826} INFO - Processing file /home/airflow/.local/lib/python3.7/site-packages/airflow/example_dags/example_task_group_decorator.py for tasks to queue
[2025-10-04T19:25:33.713+0000] {logging_mixin.py:149} INFO - [2025-10-04T19:25:33.712+0000] {dagbag.py:541} INFO - Filling up the DagBag from /home/airflow/.local/lib/python3.7/site-packages/airflow/example_dags/example_task_group_decorator.py
[2025-10-04T19:25:33.743+0000] {processor.py:836} INFO - DAG(s) dict_keys(['example_task_group_decorator']) retrieved from /home/airflow/.local/lib/python3.7/site-packages/airflow/example_dags/example_task_group_decorator.py
[2025-10-04T19:25:33.803+0000] {logging_mixin.py:149} INFO - [2025-10-04T19:25:33.803+0000] {dag.py:2726} INFO - Sync 1 DAGs
[2025-10-04T19:25:33.859+0000] {logging_mixin.py:149} INFO - [2025-10-04T19:25:33.858+0000] {dag.py:3490} INFO - Setting next_dagrun for example_task_group_decorator to 2025-10-03T19:25:33.857980+00:00, run_after=2025-10-04T19:25:33.857980+00:00
[2025-10-04T19:25:33.900+0000] {processor.py:179} INFO - Processing /home/airflow/.local/lib/python3.7/site-packages/airflow/example_dags/example_task_group_decorator.py took 0.201 seconds
[2025-10-04T19:26:03.980+0000] {processor.py:157} INFO - Started process (PID=1287) to work on /home/airflow/.local/lib/python3.7/site-packages/airflow/example_dags/example_task_group_decorator.py
[2025-10-04T19:26:03.987+0000] {processor.py:826} INFO - Processing file /home/airflow/.local/lib/python3.7/site-packages/airflow/example_dags/example_task_group_decorator.py for tasks to queue
[2025-10-04T19:26:03.989+0000] {logging_mixin.py:149} INFO - [2025-10-04T19:26:03.988+0000] {dagbag.py:541} INFO - Filling up the DagBag from /home/airflow/.local/lib/python3.7/site-packages/airflow/example_dags/example_task_group_decorator.py
[2025-10-04T19:26:04.019+0000] {processor.py:836} INFO - DAG(s) dict_keys(['example_task_group_decorator']) retrieved from /home/airflow/.local/lib/python3.7/site-packages/airflow/example_dags/example_task_group_decorator.py
[2025-10-04T19:26:04.069+0000] {logging_mixin.py:149} INFO - [2025-10-04T19:26:04.068+0000] {dag.py:2726} INFO - Sync 1 DAGs
[2025-10-04T19:26:04.110+0000] {logging_mixin.py:149} INFO - [2025-10-04T19:26:04.109+0000] {dag.py:3490} INFO - Setting next_dagrun for example_task_group_decorator to 2025-10-03T19:26:04.109288+00:00, run_after=2025-10-04T19:26:04.109288+00:00
[2025-10-04T19:26:04.151+0000] {processor.py:179} INFO - Processing /home/airflow/.local/lib/python3.7/site-packages/airflow/example_dags/example_task_group_decorator.py took 0.177 seconds
[2025-10-04T19:26:34.554+0000] {processor.py:157} INFO - Started process (PID=1348) to work on /home/airflow/.local/lib/python3.7/site-packages/airflow/example_dags/example_task_group_decorator.py
[2025-10-04T19:26:34.556+0000] {processor.py:826} INFO - Processing file /home/airflow/.local/lib/python3.7/site-packages/airflow/example_dags/example_task_group_decorator.py for tasks to queue
[2025-10-04T19:26:34.558+0000] {logging_mixin.py:149} INFO - [2025-10-04T19:26:34.558+0000] {dagbag.py:541} INFO - Filling up the DagBag from /home/airflow/.local/lib/python3.7/site-packages/airflow/example_dags/example_task_group_decorator.py
[2025-10-04T19:26:34.582+0000] {processor.py:836} INFO - DAG(s) dict_keys(['example_task_group_decorator']) retrieved from /home/airflow/.local/lib/python3.7/site-packages/airflow/example_dags/example_task_group_decorator.py
[2025-10-04T19:26:34.632+0000] {logging_mixin.py:149} INFO - [2025-10-04T19:26:34.632+0000] {dag.py:2726} INFO - Sync 1 DAGs
[2025-10-04T19:26:34.676+0000] {logging_mixin.py:149} INFO - [2025-10-04T19:26:34.675+0000] {dag.py:3490} INFO - Setting next_dagrun for example_task_group_decorator to 2025-10-03T19:26:34.675013+00:00, run_after=2025-10-04T19:26:34.675013+00:00
[2025-10-04T19:26:34.713+0000] {processor.py:179} INFO - Processing /home/airflow/.local/lib/python3.7/site-packages/airflow/example_dags/example_task_group_decorator.py took 0.165 seconds
[2025-10-04T19:27:04.772+0000] {processor.py:157} INFO - Started process (PID=1409) to work on /home/airflow/.local/lib/python3.7/site-packages/airflow/example_dags/example_task_group_decorator.py
[2025-10-04T19:27:04.774+0000] {processor.py:826} INFO - Processing file /home/airflow/.local/lib/python3.7/site-packages/airflow/example_dags/example_task_group_decorator.py for tasks to queue
[2025-10-04T19:27:04.776+0000] {logging_mixin.py:149} INFO - [2025-10-04T19:27:04.776+0000] {dagbag.py:541} INFO - Filling up the DagBag from /home/airflow/.local/lib/python3.7/site-packages/airflow/example_dags/example_task_group_decorator.py
[2025-10-04T19:27:04.798+0000] {processor.py:836} INFO - DAG(s) dict_keys(['example_task_group_decorator']) retrieved from /home/airflow/.local/lib/python3.7/site-packages/airflow/example_dags/example_task_group_decorator.py
[2025-10-04T19:27:04.844+0000] {logging_mixin.py:149} INFO - [2025-10-04T19:27:04.843+0000] {dag.py:2726} INFO - Sync 1 DAGs
[2025-10-04T19:27:04.888+0000] {logging_mixin.py:149} INFO - [2025-10-04T19:27:04.888+0000] {dag.py:3490} INFO - Setting next_dagrun for example_task_group_decorator to 2025-10-03T19:27:04.888407+00:00, run_after=2025-10-04T19:27:04.888407+00:00
[2025-10-04T19:27:04.931+0000] {processor.py:179} INFO - Processing /home/airflow/.local/lib/python3.7/site-packages/airflow/example_dags/example_task_group_decorator.py took 0.164 seconds
[2025-10-04T19:27:35.436+0000] {processor.py:157} INFO - Started process (PID=1470) to work on /home/airflow/.local/lib/python3.7/site-packages/airflow/example_dags/example_task_group_decorator.py
[2025-10-04T19:27:35.439+0000] {processor.py:826} INFO - Processing file /home/airflow/.local/lib/python3.7/site-packages/airflow/example_dags/example_task_group_decorator.py for tasks to queue
[2025-10-04T19:27:35.443+0000] {logging_mixin.py:149} INFO - [2025-10-04T19:27:35.442+0000] {dagbag.py:541} INFO - Filling up the DagBag from /home/airflow/.local/lib/python3.7/site-packages/airflow/example_dags/example_task_group_decorator.py
[2025-10-04T19:27:35.498+0000] {processor.py:836} INFO - DAG(s) dict_keys(['example_task_group_decorator']) retrieved from /home/airflow/.local/lib/python3.7/site-packages/airflow/example_dags/example_task_group_decorator.py
[2025-10-04T19:27:35.684+0000] {logging_mixin.py:149} INFO - [2025-10-04T19:27:35.684+0000] {dag.py:2726} INFO - Sync 1 DAGs
[2025-10-04T19:27:35.869+0000] {logging_mixin.py:149} INFO - [2025-10-04T19:27:35.869+0000] {dag.py:3490} INFO - Setting next_dagrun for example_task_group_decorator to 2025-10-03T19:27:35.868663+00:00, run_after=2025-10-04T19:27:35.868663+00:00
[2025-10-04T19:27:35.980+0000] {processor.py:179} INFO - Processing /home/airflow/.local/lib/python3.7/site-packages/airflow/example_dags/example_task_group_decorator.py took 0.553 seconds
[2025-10-04T22:28:10.554+0000] {processor.py:157} INFO - Started process (PID=1531) to work on /home/airflow/.local/lib/python3.7/site-packages/airflow/example_dags/example_task_group_decorator.py
[2025-10-04T22:28:10.562+0000] {processor.py:826} INFO - Processing file /home/airflow/.local/lib/python3.7/site-packages/airflow/example_dags/example_task_group_decorator.py for tasks to queue
[2025-10-04T22:28:10.569+0000] {logging_mixin.py:149} INFO - [2025-10-04T22:28:10.568+0000] {dagbag.py:541} INFO - Filling up the DagBag from /home/airflow/.local/lib/python3.7/site-packages/airflow/example_dags/example_task_group_decorator.py
[2025-10-04T22:28:10.691+0000] {processor.py:836} INFO - DAG(s) dict_keys(['example_task_group_decorator']) retrieved from /home/airflow/.local/lib/python3.7/site-packages/airflow/example_dags/example_task_group_decorator.py
[2025-10-04T22:28:10.914+0000] {logging_mixin.py:149} INFO - [2025-10-04T22:28:10.913+0000] {dag.py:2726} INFO - Sync 1 DAGs
[2025-10-04T22:28:11.312+0000] {logging_mixin.py:149} INFO - [2025-10-04T22:28:11.311+0000] {dag.py:3490} INFO - Setting next_dagrun for example_task_group_decorator to 2025-10-03T22:28:11.310953+00:00, run_after=2025-10-04T22:28:11.310953+00:00
[2025-10-04T22:28:11.496+0000] {processor.py:179} INFO - Processing /home/airflow/.local/lib/python3.7/site-packages/airflow/example_dags/example_task_group_decorator.py took 0.962 seconds
