[2025-10-04T19:16:01.793+0000] {processor.py:157} INFO - Started process (PID=92) to work on /home/airflow/.local/lib/python3.7/site-packages/airflow/example_dags/example_short_circuit_decorator.py
[2025-10-04T19:16:01.795+0000] {processor.py:826} INFO - Processing file /home/airflow/.local/lib/python3.7/site-packages/airflow/example_dags/example_short_circuit_decorator.py for tasks to queue
[2025-10-04T19:16:01.797+0000] {logging_mixin.py:149} INFO - [2025-10-04T19:16:01.797+0000] {dagbag.py:541} INFO - Filling up the DagBag from /home/airflow/.local/lib/python3.7/site-packages/airflow/example_dags/example_short_circuit_decorator.py
[2025-10-04T19:16:01.819+0000] {processor.py:836} INFO - DAG(s) dict_keys(['example_short_circuit_decorator']) retrieved from /home/airflow/.local/lib/python3.7/site-packages/airflow/example_dags/example_short_circuit_decorator.py
[2025-10-04T19:16:02.022+0000] {logging_mixin.py:149} INFO - [2025-10-04T19:16:02.021+0000] {manager.py:504} INFO - Created Permission View: can delete on DAG:example_short_circuit_decorator
[2025-10-04T19:16:02.047+0000] {logging_mixin.py:149} INFO - [2025-10-04T19:16:02.047+0000] {manager.py:504} INFO - Created Permission View: can edit on DAG:example_short_circuit_decorator
[2025-10-04T19:16:02.067+0000] {logging_mixin.py:149} INFO - [2025-10-04T19:16:02.067+0000] {manager.py:504} INFO - Created Permission View: can read on DAG:example_short_circuit_decorator
[2025-10-04T19:16:02.100+0000] {logging_mixin.py:149} INFO - [2025-10-04T19:16:02.099+0000] {dag.py:2726} INFO - Sync 1 DAGs
[2025-10-04T19:16:02.126+0000] {logging_mixin.py:149} INFO - [2025-10-04T19:16:02.126+0000] {dag.py:2747} INFO - Creating ORM DAG for example_short_circuit_decorator
[2025-10-04T19:16:02.154+0000] {logging_mixin.py:149} INFO - [2025-10-04T19:16:02.153+0000] {dag.py:3490} INFO - Setting next_dagrun for example_short_circuit_decorator to 2025-10-03T19:16:02.153079+00:00, run_after=2025-10-04T19:16:02.153079+00:00
[2025-10-04T19:16:02.194+0000] {processor.py:179} INFO - Processing /home/airflow/.local/lib/python3.7/site-packages/airflow/example_dags/example_short_circuit_decorator.py took 0.408 seconds
[2025-10-04T19:16:32.310+0000] {processor.py:157} INFO - Started process (PID=155) to work on /home/airflow/.local/lib/python3.7/site-packages/airflow/example_dags/example_short_circuit_decorator.py
[2025-10-04T19:16:32.312+0000] {processor.py:826} INFO - Processing file /home/airflow/.local/lib/python3.7/site-packages/airflow/example_dags/example_short_circuit_decorator.py for tasks to queue
[2025-10-04T19:16:32.313+0000] {logging_mixin.py:149} INFO - [2025-10-04T19:16:32.313+0000] {dagbag.py:541} INFO - Filling up the DagBag from /home/airflow/.local/lib/python3.7/site-packages/airflow/example_dags/example_short_circuit_decorator.py
[2025-10-04T19:16:32.331+0000] {processor.py:836} INFO - DAG(s) dict_keys(['example_short_circuit_decorator']) retrieved from /home/airflow/.local/lib/python3.7/site-packages/airflow/example_dags/example_short_circuit_decorator.py
[2025-10-04T19:16:32.377+0000] {logging_mixin.py:149} INFO - [2025-10-04T19:16:32.377+0000] {dag.py:2726} INFO - Sync 1 DAGs
[2025-10-04T19:16:32.423+0000] {logging_mixin.py:149} INFO - [2025-10-04T19:16:32.422+0000] {dag.py:3490} INFO - Setting next_dagrun for example_short_circuit_decorator to 2025-10-03T19:16:32.422527+00:00, run_after=2025-10-04T19:16:32.422527+00:00
[2025-10-04T19:16:32.459+0000] {processor.py:179} INFO - Processing /home/airflow/.local/lib/python3.7/site-packages/airflow/example_dags/example_short_circuit_decorator.py took 0.154 seconds
[2025-10-04T19:17:02.738+0000] {processor.py:157} INFO - Started process (PID=217) to work on /home/airflow/.local/lib/python3.7/site-packages/airflow/example_dags/example_short_circuit_decorator.py
[2025-10-04T19:17:02.741+0000] {processor.py:826} INFO - Processing file /home/airflow/.local/lib/python3.7/site-packages/airflow/example_dags/example_short_circuit_decorator.py for tasks to queue
[2025-10-04T19:17:02.744+0000] {logging_mixin.py:149} INFO - [2025-10-04T19:17:02.744+0000] {dagbag.py:541} INFO - Filling up the DagBag from /home/airflow/.local/lib/python3.7/site-packages/airflow/example_dags/example_short_circuit_decorator.py
[2025-10-04T19:17:02.793+0000] {processor.py:836} INFO - DAG(s) dict_keys(['example_short_circuit_decorator']) retrieved from /home/airflow/.local/lib/python3.7/site-packages/airflow/example_dags/example_short_circuit_decorator.py
[2025-10-04T19:17:02.895+0000] {logging_mixin.py:149} INFO - [2025-10-04T19:17:02.894+0000] {dag.py:2726} INFO - Sync 1 DAGs
[2025-10-04T19:17:02.991+0000] {logging_mixin.py:149} INFO - [2025-10-04T19:17:02.991+0000] {dag.py:3490} INFO - Setting next_dagrun for example_short_circuit_decorator to 2025-10-03T19:17:02.990591+00:00, run_after=2025-10-04T19:17:02.990591+00:00
[2025-10-04T19:17:03.039+0000] {processor.py:179} INFO - Processing /home/airflow/.local/lib/python3.7/site-packages/airflow/example_dags/example_short_circuit_decorator.py took 0.312 seconds
[2025-10-04T19:17:34.836+0000] {processor.py:157} INFO - Started process (PID=278) to work on /home/airflow/.local/lib/python3.7/site-packages/airflow/example_dags/example_short_circuit_decorator.py
[2025-10-04T19:17:34.840+0000] {processor.py:826} INFO - Processing file /home/airflow/.local/lib/python3.7/site-packages/airflow/example_dags/example_short_circuit_decorator.py for tasks to queue
[2025-10-04T19:17:34.845+0000] {logging_mixin.py:149} INFO - [2025-10-04T19:17:34.844+0000] {dagbag.py:541} INFO - Filling up the DagBag from /home/airflow/.local/lib/python3.7/site-packages/airflow/example_dags/example_short_circuit_decorator.py
[2025-10-04T19:17:34.874+0000] {processor.py:836} INFO - DAG(s) dict_keys(['example_short_circuit_decorator']) retrieved from /home/airflow/.local/lib/python3.7/site-packages/airflow/example_dags/example_short_circuit_decorator.py
[2025-10-04T19:17:34.961+0000] {logging_mixin.py:149} INFO - [2025-10-04T19:17:34.960+0000] {dag.py:2726} INFO - Sync 1 DAGs
[2025-10-04T19:17:35.036+0000] {logging_mixin.py:149} INFO - [2025-10-04T19:17:35.036+0000] {dag.py:3490} INFO - Setting next_dagrun for example_short_circuit_decorator to 2025-10-03T19:17:35.035581+00:00, run_after=2025-10-04T19:17:35.035581+00:00
[2025-10-04T19:17:35.107+0000] {processor.py:179} INFO - Processing /home/airflow/.local/lib/python3.7/site-packages/airflow/example_dags/example_short_circuit_decorator.py took 0.286 seconds
[2025-10-04T19:18:05.187+0000] {processor.py:157} INFO - Started process (PID=339) to work on /home/airflow/.local/lib/python3.7/site-packages/airflow/example_dags/example_short_circuit_decorator.py
[2025-10-04T19:18:05.189+0000] {processor.py:826} INFO - Processing file /home/airflow/.local/lib/python3.7/site-packages/airflow/example_dags/example_short_circuit_decorator.py for tasks to queue
[2025-10-04T19:18:05.190+0000] {logging_mixin.py:149} INFO - [2025-10-04T19:18:05.190+0000] {dagbag.py:541} INFO - Filling up the DagBag from /home/airflow/.local/lib/python3.7/site-packages/airflow/example_dags/example_short_circuit_decorator.py
[2025-10-04T19:18:05.206+0000] {processor.py:836} INFO - DAG(s) dict_keys(['example_short_circuit_decorator']) retrieved from /home/airflow/.local/lib/python3.7/site-packages/airflow/example_dags/example_short_circuit_decorator.py
[2025-10-04T19:18:05.256+0000] {logging_mixin.py:149} INFO - [2025-10-04T19:18:05.256+0000] {dag.py:2726} INFO - Sync 1 DAGs
[2025-10-04T19:18:05.305+0000] {logging_mixin.py:149} INFO - [2025-10-04T19:18:05.305+0000] {dag.py:3490} INFO - Setting next_dagrun for example_short_circuit_decorator to 2025-10-03T19:18:05.304982+00:00, run_after=2025-10-04T19:18:05.304982+00:00
[2025-10-04T19:18:05.345+0000] {processor.py:179} INFO - Processing /home/airflow/.local/lib/python3.7/site-packages/airflow/example_dags/example_short_circuit_decorator.py took 0.164 seconds
[2025-10-04T19:18:36.101+0000] {processor.py:157} INFO - Started process (PID=399) to work on /home/airflow/.local/lib/python3.7/site-packages/airflow/example_dags/example_short_circuit_decorator.py
[2025-10-04T19:18:36.103+0000] {processor.py:826} INFO - Processing file /home/airflow/.local/lib/python3.7/site-packages/airflow/example_dags/example_short_circuit_decorator.py for tasks to queue
[2025-10-04T19:18:36.105+0000] {logging_mixin.py:149} INFO - [2025-10-04T19:18:36.104+0000] {dagbag.py:541} INFO - Filling up the DagBag from /home/airflow/.local/lib/python3.7/site-packages/airflow/example_dags/example_short_circuit_decorator.py
[2025-10-04T19:18:36.124+0000] {processor.py:836} INFO - DAG(s) dict_keys(['example_short_circuit_decorator']) retrieved from /home/airflow/.local/lib/python3.7/site-packages/airflow/example_dags/example_short_circuit_decorator.py
[2025-10-04T19:18:36.188+0000] {logging_mixin.py:149} INFO - [2025-10-04T19:18:36.187+0000] {dag.py:2726} INFO - Sync 1 DAGs
[2025-10-04T19:18:36.252+0000] {logging_mixin.py:149} INFO - [2025-10-04T19:18:36.252+0000] {dag.py:3490} INFO - Setting next_dagrun for example_short_circuit_decorator to 2025-10-03T19:18:36.251839+00:00, run_after=2025-10-04T19:18:36.251839+00:00
[2025-10-04T19:18:36.299+0000] {processor.py:179} INFO - Processing /home/airflow/.local/lib/python3.7/site-packages/airflow/example_dags/example_short_circuit_decorator.py took 0.205 seconds
[2025-10-04T19:19:06.520+0000] {processor.py:157} INFO - Started process (PID=460) to work on /home/airflow/.local/lib/python3.7/site-packages/airflow/example_dags/example_short_circuit_decorator.py
[2025-10-04T19:19:06.522+0000] {processor.py:826} INFO - Processing file /home/airflow/.local/lib/python3.7/site-packages/airflow/example_dags/example_short_circuit_decorator.py for tasks to queue
[2025-10-04T19:19:06.523+0000] {logging_mixin.py:149} INFO - [2025-10-04T19:19:06.523+0000] {dagbag.py:541} INFO - Filling up the DagBag from /home/airflow/.local/lib/python3.7/site-packages/airflow/example_dags/example_short_circuit_decorator.py
[2025-10-04T19:19:06.544+0000] {processor.py:836} INFO - DAG(s) dict_keys(['example_short_circuit_decorator']) retrieved from /home/airflow/.local/lib/python3.7/site-packages/airflow/example_dags/example_short_circuit_decorator.py
[2025-10-04T19:19:06.599+0000] {logging_mixin.py:149} INFO - [2025-10-04T19:19:06.599+0000] {dag.py:2726} INFO - Sync 1 DAGs
[2025-10-04T19:19:06.652+0000] {logging_mixin.py:149} INFO - [2025-10-04T19:19:06.651+0000] {dag.py:3490} INFO - Setting next_dagrun for example_short_circuit_decorator to 2025-10-03T19:19:06.651297+00:00, run_after=2025-10-04T19:19:06.651297+00:00
[2025-10-04T19:19:06.703+0000] {processor.py:179} INFO - Processing /home/airflow/.local/lib/python3.7/site-packages/airflow/example_dags/example_short_circuit_decorator.py took 0.190 seconds
[2025-10-04T19:19:36.940+0000] {processor.py:157} INFO - Started process (PID=522) to work on /home/airflow/.local/lib/python3.7/site-packages/airflow/example_dags/example_short_circuit_decorator.py
[2025-10-04T19:19:36.943+0000] {processor.py:826} INFO - Processing file /home/airflow/.local/lib/python3.7/site-packages/airflow/example_dags/example_short_circuit_decorator.py for tasks to queue
[2025-10-04T19:19:36.945+0000] {logging_mixin.py:149} INFO - [2025-10-04T19:19:36.945+0000] {dagbag.py:541} INFO - Filling up the DagBag from /home/airflow/.local/lib/python3.7/site-packages/airflow/example_dags/example_short_circuit_decorator.py
[2025-10-04T19:19:36.970+0000] {processor.py:836} INFO - DAG(s) dict_keys(['example_short_circuit_decorator']) retrieved from /home/airflow/.local/lib/python3.7/site-packages/airflow/example_dags/example_short_circuit_decorator.py
[2025-10-04T19:19:37.046+0000] {logging_mixin.py:149} INFO - [2025-10-04T19:19:37.045+0000] {dag.py:2726} INFO - Sync 1 DAGs
[2025-10-04T19:19:37.104+0000] {logging_mixin.py:149} INFO - [2025-10-04T19:19:37.104+0000] {dag.py:3490} INFO - Setting next_dagrun for example_short_circuit_decorator to 2025-10-03T19:19:37.103579+00:00, run_after=2025-10-04T19:19:37.103579+00:00
[2025-10-04T19:19:37.154+0000] {processor.py:179} INFO - Processing /home/airflow/.local/lib/python3.7/site-packages/airflow/example_dags/example_short_circuit_decorator.py took 0.226 seconds
[2025-10-04T19:20:08.035+0000] {processor.py:157} INFO - Started process (PID=583) to work on /home/airflow/.local/lib/python3.7/site-packages/airflow/example_dags/example_short_circuit_decorator.py
[2025-10-04T19:20:08.038+0000] {processor.py:826} INFO - Processing file /home/airflow/.local/lib/python3.7/site-packages/airflow/example_dags/example_short_circuit_decorator.py for tasks to queue
[2025-10-04T19:20:08.040+0000] {logging_mixin.py:149} INFO - [2025-10-04T19:20:08.039+0000] {dagbag.py:541} INFO - Filling up the DagBag from /home/airflow/.local/lib/python3.7/site-packages/airflow/example_dags/example_short_circuit_decorator.py
[2025-10-04T19:20:08.064+0000] {processor.py:836} INFO - DAG(s) dict_keys(['example_short_circuit_decorator']) retrieved from /home/airflow/.local/lib/python3.7/site-packages/airflow/example_dags/example_short_circuit_decorator.py
[2025-10-04T19:20:08.132+0000] {logging_mixin.py:149} INFO - [2025-10-04T19:20:08.132+0000] {dag.py:2726} INFO - Sync 1 DAGs
[2025-10-04T19:20:08.201+0000] {logging_mixin.py:149} INFO - [2025-10-04T19:20:08.200+0000] {dag.py:3490} INFO - Setting next_dagrun for example_short_circuit_decorator to 2025-10-03T19:20:08.200119+00:00, run_after=2025-10-04T19:20:08.200119+00:00
[2025-10-04T19:20:08.254+0000] {processor.py:179} INFO - Processing /home/airflow/.local/lib/python3.7/site-packages/airflow/example_dags/example_short_circuit_decorator.py took 0.227 seconds
[2025-10-04T19:20:38.924+0000] {processor.py:157} INFO - Started process (PID=644) to work on /home/airflow/.local/lib/python3.7/site-packages/airflow/example_dags/example_short_circuit_decorator.py
[2025-10-04T19:20:38.926+0000] {processor.py:826} INFO - Processing file /home/airflow/.local/lib/python3.7/site-packages/airflow/example_dags/example_short_circuit_decorator.py for tasks to queue
[2025-10-04T19:20:38.928+0000] {logging_mixin.py:149} INFO - [2025-10-04T19:20:38.928+0000] {dagbag.py:541} INFO - Filling up the DagBag from /home/airflow/.local/lib/python3.7/site-packages/airflow/example_dags/example_short_circuit_decorator.py
[2025-10-04T19:20:38.945+0000] {processor.py:836} INFO - DAG(s) dict_keys(['example_short_circuit_decorator']) retrieved from /home/airflow/.local/lib/python3.7/site-packages/airflow/example_dags/example_short_circuit_decorator.py
[2025-10-04T19:20:38.997+0000] {logging_mixin.py:149} INFO - [2025-10-04T19:20:38.997+0000] {dag.py:2726} INFO - Sync 1 DAGs
[2025-10-04T19:20:39.043+0000] {logging_mixin.py:149} INFO - [2025-10-04T19:20:39.043+0000] {dag.py:3490} INFO - Setting next_dagrun for example_short_circuit_decorator to 2025-10-03T19:20:39.042575+00:00, run_after=2025-10-04T19:20:39.042575+00:00
[2025-10-04T19:20:39.089+0000] {processor.py:179} INFO - Processing /home/airflow/.local/lib/python3.7/site-packages/airflow/example_dags/example_short_circuit_decorator.py took 0.173 seconds
[2025-10-04T19:21:09.542+0000] {processor.py:157} INFO - Started process (PID=705) to work on /home/airflow/.local/lib/python3.7/site-packages/airflow/example_dags/example_short_circuit_decorator.py
[2025-10-04T19:21:09.544+0000] {processor.py:826} INFO - Processing file /home/airflow/.local/lib/python3.7/site-packages/airflow/example_dags/example_short_circuit_decorator.py for tasks to queue
[2025-10-04T19:21:09.545+0000] {logging_mixin.py:149} INFO - [2025-10-04T19:21:09.545+0000] {dagbag.py:541} INFO - Filling up the DagBag from /home/airflow/.local/lib/python3.7/site-packages/airflow/example_dags/example_short_circuit_decorator.py
[2025-10-04T19:21:09.560+0000] {processor.py:836} INFO - DAG(s) dict_keys(['example_short_circuit_decorator']) retrieved from /home/airflow/.local/lib/python3.7/site-packages/airflow/example_dags/example_short_circuit_decorator.py
[2025-10-04T19:21:09.608+0000] {logging_mixin.py:149} INFO - [2025-10-04T19:21:09.607+0000] {dag.py:2726} INFO - Sync 1 DAGs
[2025-10-04T19:21:09.658+0000] {logging_mixin.py:149} INFO - [2025-10-04T19:21:09.657+0000] {dag.py:3490} INFO - Setting next_dagrun for example_short_circuit_decorator to 2025-10-03T19:21:09.656988+00:00, run_after=2025-10-04T19:21:09.656988+00:00
[2025-10-04T19:21:09.701+0000] {processor.py:179} INFO - Processing /home/airflow/.local/lib/python3.7/site-packages/airflow/example_dags/example_short_circuit_decorator.py took 0.165 seconds
[2025-10-04T19:21:39.862+0000] {processor.py:157} INFO - Started process (PID=766) to work on /home/airflow/.local/lib/python3.7/site-packages/airflow/example_dags/example_short_circuit_decorator.py
[2025-10-04T19:21:39.863+0000] {processor.py:826} INFO - Processing file /home/airflow/.local/lib/python3.7/site-packages/airflow/example_dags/example_short_circuit_decorator.py for tasks to queue
[2025-10-04T19:21:39.865+0000] {logging_mixin.py:149} INFO - [2025-10-04T19:21:39.865+0000] {dagbag.py:541} INFO - Filling up the DagBag from /home/airflow/.local/lib/python3.7/site-packages/airflow/example_dags/example_short_circuit_decorator.py
[2025-10-04T19:21:39.880+0000] {processor.py:836} INFO - DAG(s) dict_keys(['example_short_circuit_decorator']) retrieved from /home/airflow/.local/lib/python3.7/site-packages/airflow/example_dags/example_short_circuit_decorator.py
[2025-10-04T19:21:39.933+0000] {logging_mixin.py:149} INFO - [2025-10-04T19:21:39.932+0000] {dag.py:2726} INFO - Sync 1 DAGs
[2025-10-04T19:21:39.990+0000] {logging_mixin.py:149} INFO - [2025-10-04T19:21:39.990+0000] {dag.py:3490} INFO - Setting next_dagrun for example_short_circuit_decorator to 2025-10-03T19:21:39.989320+00:00, run_after=2025-10-04T19:21:39.989320+00:00
[2025-10-04T19:21:40.032+0000] {processor.py:179} INFO - Processing /home/airflow/.local/lib/python3.7/site-packages/airflow/example_dags/example_short_circuit_decorator.py took 0.178 seconds
[2025-10-04T19:22:10.283+0000] {processor.py:157} INFO - Started process (PID=827) to work on /home/airflow/.local/lib/python3.7/site-packages/airflow/example_dags/example_short_circuit_decorator.py
[2025-10-04T19:22:10.285+0000] {processor.py:826} INFO - Processing file /home/airflow/.local/lib/python3.7/site-packages/airflow/example_dags/example_short_circuit_decorator.py for tasks to queue
[2025-10-04T19:22:10.287+0000] {logging_mixin.py:149} INFO - [2025-10-04T19:22:10.287+0000] {dagbag.py:541} INFO - Filling up the DagBag from /home/airflow/.local/lib/python3.7/site-packages/airflow/example_dags/example_short_circuit_decorator.py
[2025-10-04T19:22:10.306+0000] {processor.py:836} INFO - DAG(s) dict_keys(['example_short_circuit_decorator']) retrieved from /home/airflow/.local/lib/python3.7/site-packages/airflow/example_dags/example_short_circuit_decorator.py
[2025-10-04T19:22:10.359+0000] {logging_mixin.py:149} INFO - [2025-10-04T19:22:10.358+0000] {dag.py:2726} INFO - Sync 1 DAGs
[2025-10-04T19:22:10.413+0000] {logging_mixin.py:149} INFO - [2025-10-04T19:22:10.413+0000] {dag.py:3490} INFO - Setting next_dagrun for example_short_circuit_decorator to 2025-10-03T19:22:10.413220+00:00, run_after=2025-10-04T19:22:10.413220+00:00
[2025-10-04T19:22:10.453+0000] {processor.py:179} INFO - Processing /home/airflow/.local/lib/python3.7/site-packages/airflow/example_dags/example_short_circuit_decorator.py took 0.177 seconds
[2025-10-04T19:22:41.148+0000] {processor.py:157} INFO - Started process (PID=888) to work on /home/airflow/.local/lib/python3.7/site-packages/airflow/example_dags/example_short_circuit_decorator.py
[2025-10-04T19:22:41.150+0000] {processor.py:826} INFO - Processing file /home/airflow/.local/lib/python3.7/site-packages/airflow/example_dags/example_short_circuit_decorator.py for tasks to queue
[2025-10-04T19:22:41.152+0000] {logging_mixin.py:149} INFO - [2025-10-04T19:22:41.151+0000] {dagbag.py:541} INFO - Filling up the DagBag from /home/airflow/.local/lib/python3.7/site-packages/airflow/example_dags/example_short_circuit_decorator.py
[2025-10-04T19:22:41.168+0000] {processor.py:836} INFO - DAG(s) dict_keys(['example_short_circuit_decorator']) retrieved from /home/airflow/.local/lib/python3.7/site-packages/airflow/example_dags/example_short_circuit_decorator.py
[2025-10-04T19:22:41.214+0000] {logging_mixin.py:149} INFO - [2025-10-04T19:22:41.213+0000] {dag.py:2726} INFO - Sync 1 DAGs
[2025-10-04T19:22:41.257+0000] {logging_mixin.py:149} INFO - [2025-10-04T19:22:41.257+0000] {dag.py:3490} INFO - Setting next_dagrun for example_short_circuit_decorator to 2025-10-03T19:22:41.256750+00:00, run_after=2025-10-04T19:22:41.256750+00:00
[2025-10-04T19:22:41.291+0000] {processor.py:179} INFO - Processing /home/airflow/.local/lib/python3.7/site-packages/airflow/example_dags/example_short_circuit_decorator.py took 0.149 seconds
[2025-10-04T19:23:11.789+0000] {processor.py:157} INFO - Started process (PID=949) to work on /home/airflow/.local/lib/python3.7/site-packages/airflow/example_dags/example_short_circuit_decorator.py
[2025-10-04T19:23:11.791+0000] {processor.py:826} INFO - Processing file /home/airflow/.local/lib/python3.7/site-packages/airflow/example_dags/example_short_circuit_decorator.py for tasks to queue
[2025-10-04T19:23:11.792+0000] {logging_mixin.py:149} INFO - [2025-10-04T19:23:11.792+0000] {dagbag.py:541} INFO - Filling up the DagBag from /home/airflow/.local/lib/python3.7/site-packages/airflow/example_dags/example_short_circuit_decorator.py
[2025-10-04T19:23:11.807+0000] {processor.py:836} INFO - DAG(s) dict_keys(['example_short_circuit_decorator']) retrieved from /home/airflow/.local/lib/python3.7/site-packages/airflow/example_dags/example_short_circuit_decorator.py
[2025-10-04T19:23:11.855+0000] {logging_mixin.py:149} INFO - [2025-10-04T19:23:11.855+0000] {dag.py:2726} INFO - Sync 1 DAGs
[2025-10-04T19:23:11.899+0000] {logging_mixin.py:149} INFO - [2025-10-04T19:23:11.898+0000] {dag.py:3490} INFO - Setting next_dagrun for example_short_circuit_decorator to 2025-10-03T19:23:11.898129+00:00, run_after=2025-10-04T19:23:11.898129+00:00
[2025-10-04T19:23:11.940+0000] {processor.py:179} INFO - Processing /home/airflow/.local/lib/python3.7/site-packages/airflow/example_dags/example_short_circuit_decorator.py took 0.158 seconds
[2025-10-04T19:23:42.631+0000] {processor.py:157} INFO - Started process (PID=1010) to work on /home/airflow/.local/lib/python3.7/site-packages/airflow/example_dags/example_short_circuit_decorator.py
[2025-10-04T19:23:42.633+0000] {processor.py:826} INFO - Processing file /home/airflow/.local/lib/python3.7/site-packages/airflow/example_dags/example_short_circuit_decorator.py for tasks to queue
[2025-10-04T19:23:42.635+0000] {logging_mixin.py:149} INFO - [2025-10-04T19:23:42.635+0000] {dagbag.py:541} INFO - Filling up the DagBag from /home/airflow/.local/lib/python3.7/site-packages/airflow/example_dags/example_short_circuit_decorator.py
[2025-10-04T19:23:42.652+0000] {processor.py:836} INFO - DAG(s) dict_keys(['example_short_circuit_decorator']) retrieved from /home/airflow/.local/lib/python3.7/site-packages/airflow/example_dags/example_short_circuit_decorator.py
[2025-10-04T19:23:42.704+0000] {logging_mixin.py:149} INFO - [2025-10-04T19:23:42.704+0000] {dag.py:2726} INFO - Sync 1 DAGs
[2025-10-04T19:23:42.750+0000] {logging_mixin.py:149} INFO - [2025-10-04T19:23:42.749+0000] {dag.py:3490} INFO - Setting next_dagrun for example_short_circuit_decorator to 2025-10-03T19:23:42.749434+00:00, run_after=2025-10-04T19:23:42.749434+00:00
[2025-10-04T19:23:42.793+0000] {processor.py:179} INFO - Processing /home/airflow/.local/lib/python3.7/site-packages/airflow/example_dags/example_short_circuit_decorator.py took 0.169 seconds
[2025-10-04T19:24:13.046+0000] {processor.py:157} INFO - Started process (PID=1072) to work on /home/airflow/.local/lib/python3.7/site-packages/airflow/example_dags/example_short_circuit_decorator.py
[2025-10-04T19:24:13.049+0000] {processor.py:826} INFO - Processing file /home/airflow/.local/lib/python3.7/site-packages/airflow/example_dags/example_short_circuit_decorator.py for tasks to queue
[2025-10-04T19:24:13.051+0000] {logging_mixin.py:149} INFO - [2025-10-04T19:24:13.050+0000] {dagbag.py:541} INFO - Filling up the DagBag from /home/airflow/.local/lib/python3.7/site-packages/airflow/example_dags/example_short_circuit_decorator.py
[2025-10-04T19:24:13.080+0000] {processor.py:836} INFO - DAG(s) dict_keys(['example_short_circuit_decorator']) retrieved from /home/airflow/.local/lib/python3.7/site-packages/airflow/example_dags/example_short_circuit_decorator.py
[2025-10-04T19:24:13.162+0000] {logging_mixin.py:149} INFO - [2025-10-04T19:24:13.161+0000] {dag.py:2726} INFO - Sync 1 DAGs
[2025-10-04T19:24:13.240+0000] {logging_mixin.py:149} INFO - [2025-10-04T19:24:13.239+0000] {dag.py:3490} INFO - Setting next_dagrun for example_short_circuit_decorator to 2025-10-03T19:24:13.237831+00:00, run_after=2025-10-04T19:24:13.237831+00:00
[2025-10-04T19:24:13.306+0000] {processor.py:179} INFO - Processing /home/airflow/.local/lib/python3.7/site-packages/airflow/example_dags/example_short_circuit_decorator.py took 0.271 seconds
[2025-10-04T19:24:43.440+0000] {processor.py:157} INFO - Started process (PID=1133) to work on /home/airflow/.local/lib/python3.7/site-packages/airflow/example_dags/example_short_circuit_decorator.py
[2025-10-04T19:24:43.442+0000] {processor.py:826} INFO - Processing file /home/airflow/.local/lib/python3.7/site-packages/airflow/example_dags/example_short_circuit_decorator.py for tasks to queue
[2025-10-04T19:24:43.443+0000] {logging_mixin.py:149} INFO - [2025-10-04T19:24:43.443+0000] {dagbag.py:541} INFO - Filling up the DagBag from /home/airflow/.local/lib/python3.7/site-packages/airflow/example_dags/example_short_circuit_decorator.py
[2025-10-04T19:24:43.461+0000] {processor.py:836} INFO - DAG(s) dict_keys(['example_short_circuit_decorator']) retrieved from /home/airflow/.local/lib/python3.7/site-packages/airflow/example_dags/example_short_circuit_decorator.py
[2025-10-04T19:24:43.513+0000] {logging_mixin.py:149} INFO - [2025-10-04T19:24:43.513+0000] {dag.py:2726} INFO - Sync 1 DAGs
[2025-10-04T19:24:43.563+0000] {logging_mixin.py:149} INFO - [2025-10-04T19:24:43.563+0000] {dag.py:3490} INFO - Setting next_dagrun for example_short_circuit_decorator to 2025-10-03T19:24:43.562633+00:00, run_after=2025-10-04T19:24:43.562633+00:00
[2025-10-04T19:24:43.603+0000] {processor.py:179} INFO - Processing /home/airflow/.local/lib/python3.7/site-packages/airflow/example_dags/example_short_circuit_decorator.py took 0.169 seconds
[2025-10-04T19:25:13.671+0000] {processor.py:157} INFO - Started process (PID=1193) to work on /home/airflow/.local/lib/python3.7/site-packages/airflow/example_dags/example_short_circuit_decorator.py
[2025-10-04T19:25:13.673+0000] {processor.py:826} INFO - Processing file /home/airflow/.local/lib/python3.7/site-packages/airflow/example_dags/example_short_circuit_decorator.py for tasks to queue
[2025-10-04T19:25:13.675+0000] {logging_mixin.py:149} INFO - [2025-10-04T19:25:13.674+0000] {dagbag.py:541} INFO - Filling up the DagBag from /home/airflow/.local/lib/python3.7/site-packages/airflow/example_dags/example_short_circuit_decorator.py
[2025-10-04T19:25:13.690+0000] {processor.py:836} INFO - DAG(s) dict_keys(['example_short_circuit_decorator']) retrieved from /home/airflow/.local/lib/python3.7/site-packages/airflow/example_dags/example_short_circuit_decorator.py
[2025-10-04T19:25:13.735+0000] {logging_mixin.py:149} INFO - [2025-10-04T19:25:13.735+0000] {dag.py:2726} INFO - Sync 1 DAGs
[2025-10-04T19:25:13.780+0000] {logging_mixin.py:149} INFO - [2025-10-04T19:25:13.779+0000] {dag.py:3490} INFO - Setting next_dagrun for example_short_circuit_decorator to 2025-10-03T19:25:13.779389+00:00, run_after=2025-10-04T19:25:13.779389+00:00
[2025-10-04T19:25:13.812+0000] {processor.py:179} INFO - Processing /home/airflow/.local/lib/python3.7/site-packages/airflow/example_dags/example_short_circuit_decorator.py took 0.147 seconds
[2025-10-04T19:25:44.012+0000] {processor.py:157} INFO - Started process (PID=1254) to work on /home/airflow/.local/lib/python3.7/site-packages/airflow/example_dags/example_short_circuit_decorator.py
[2025-10-04T19:25:44.014+0000] {processor.py:826} INFO - Processing file /home/airflow/.local/lib/python3.7/site-packages/airflow/example_dags/example_short_circuit_decorator.py for tasks to queue
[2025-10-04T19:25:44.016+0000] {logging_mixin.py:149} INFO - [2025-10-04T19:25:44.015+0000] {dagbag.py:541} INFO - Filling up the DagBag from /home/airflow/.local/lib/python3.7/site-packages/airflow/example_dags/example_short_circuit_decorator.py
[2025-10-04T19:25:44.032+0000] {processor.py:836} INFO - DAG(s) dict_keys(['example_short_circuit_decorator']) retrieved from /home/airflow/.local/lib/python3.7/site-packages/airflow/example_dags/example_short_circuit_decorator.py
[2025-10-04T19:25:44.076+0000] {logging_mixin.py:149} INFO - [2025-10-04T19:25:44.076+0000] {dag.py:2726} INFO - Sync 1 DAGs
[2025-10-04T19:25:44.120+0000] {logging_mixin.py:149} INFO - [2025-10-04T19:25:44.120+0000] {dag.py:3490} INFO - Setting next_dagrun for example_short_circuit_decorator to 2025-10-03T19:25:44.120060+00:00, run_after=2025-10-04T19:25:44.120060+00:00
[2025-10-04T19:25:44.157+0000] {processor.py:179} INFO - Processing /home/airflow/.local/lib/python3.7/site-packages/airflow/example_dags/example_short_circuit_decorator.py took 0.152 seconds
[2025-10-04T19:26:14.403+0000] {processor.py:157} INFO - Started process (PID=1315) to work on /home/airflow/.local/lib/python3.7/site-packages/airflow/example_dags/example_short_circuit_decorator.py
[2025-10-04T19:26:14.405+0000] {processor.py:826} INFO - Processing file /home/airflow/.local/lib/python3.7/site-packages/airflow/example_dags/example_short_circuit_decorator.py for tasks to queue
[2025-10-04T19:26:14.406+0000] {logging_mixin.py:149} INFO - [2025-10-04T19:26:14.406+0000] {dagbag.py:541} INFO - Filling up the DagBag from /home/airflow/.local/lib/python3.7/site-packages/airflow/example_dags/example_short_circuit_decorator.py
[2025-10-04T19:26:14.423+0000] {processor.py:836} INFO - DAG(s) dict_keys(['example_short_circuit_decorator']) retrieved from /home/airflow/.local/lib/python3.7/site-packages/airflow/example_dags/example_short_circuit_decorator.py
[2025-10-04T19:26:14.466+0000] {logging_mixin.py:149} INFO - [2025-10-04T19:26:14.466+0000] {dag.py:2726} INFO - Sync 1 DAGs
[2025-10-04T19:26:14.505+0000] {logging_mixin.py:149} INFO - [2025-10-04T19:26:14.505+0000] {dag.py:3490} INFO - Setting next_dagrun for example_short_circuit_decorator to 2025-10-03T19:26:14.505038+00:00, run_after=2025-10-04T19:26:14.505038+00:00
[2025-10-04T19:26:14.538+0000] {processor.py:179} INFO - Processing /home/airflow/.local/lib/python3.7/site-packages/airflow/example_dags/example_short_circuit_decorator.py took 0.141 seconds
[2025-10-04T19:26:45.062+0000] {processor.py:157} INFO - Started process (PID=1377) to work on /home/airflow/.local/lib/python3.7/site-packages/airflow/example_dags/example_short_circuit_decorator.py
[2025-10-04T19:26:45.064+0000] {processor.py:826} INFO - Processing file /home/airflow/.local/lib/python3.7/site-packages/airflow/example_dags/example_short_circuit_decorator.py for tasks to queue
[2025-10-04T19:26:45.066+0000] {logging_mixin.py:149} INFO - [2025-10-04T19:26:45.066+0000] {dagbag.py:541} INFO - Filling up the DagBag from /home/airflow/.local/lib/python3.7/site-packages/airflow/example_dags/example_short_circuit_decorator.py
[2025-10-04T19:26:45.081+0000] {processor.py:836} INFO - DAG(s) dict_keys(['example_short_circuit_decorator']) retrieved from /home/airflow/.local/lib/python3.7/site-packages/airflow/example_dags/example_short_circuit_decorator.py
[2025-10-04T19:26:45.130+0000] {logging_mixin.py:149} INFO - [2025-10-04T19:26:45.129+0000] {dag.py:2726} INFO - Sync 1 DAGs
[2025-10-04T19:26:45.174+0000] {logging_mixin.py:149} INFO - [2025-10-04T19:26:45.173+0000] {dag.py:3490} INFO - Setting next_dagrun for example_short_circuit_decorator to 2025-10-03T19:26:45.173531+00:00, run_after=2025-10-04T19:26:45.173531+00:00
[2025-10-04T19:26:45.218+0000] {processor.py:179} INFO - Processing /home/airflow/.local/lib/python3.7/site-packages/airflow/example_dags/example_short_circuit_decorator.py took 0.161 seconds
[2025-10-04T19:27:16.311+0000] {processor.py:157} INFO - Started process (PID=1438) to work on /home/airflow/.local/lib/python3.7/site-packages/airflow/example_dags/example_short_circuit_decorator.py
[2025-10-04T19:27:16.313+0000] {processor.py:826} INFO - Processing file /home/airflow/.local/lib/python3.7/site-packages/airflow/example_dags/example_short_circuit_decorator.py for tasks to queue
[2025-10-04T19:27:16.315+0000] {logging_mixin.py:149} INFO - [2025-10-04T19:27:16.314+0000] {dagbag.py:541} INFO - Filling up the DagBag from /home/airflow/.local/lib/python3.7/site-packages/airflow/example_dags/example_short_circuit_decorator.py
[2025-10-04T19:27:16.335+0000] {processor.py:836} INFO - DAG(s) dict_keys(['example_short_circuit_decorator']) retrieved from /home/airflow/.local/lib/python3.7/site-packages/airflow/example_dags/example_short_circuit_decorator.py
[2025-10-04T19:27:16.384+0000] {logging_mixin.py:149} INFO - [2025-10-04T19:27:16.384+0000] {dag.py:2726} INFO - Sync 1 DAGs
[2025-10-04T19:27:16.431+0000] {logging_mixin.py:149} INFO - [2025-10-04T19:27:16.430+0000] {dag.py:3490} INFO - Setting next_dagrun for example_short_circuit_decorator to 2025-10-03T19:27:16.430483+00:00, run_after=2025-10-04T19:27:16.430483+00:00
[2025-10-04T19:27:16.468+0000] {processor.py:179} INFO - Processing /home/airflow/.local/lib/python3.7/site-packages/airflow/example_dags/example_short_circuit_decorator.py took 0.163 seconds
[2025-10-04T19:27:47.302+0000] {processor.py:157} INFO - Started process (PID=1499) to work on /home/airflow/.local/lib/python3.7/site-packages/airflow/example_dags/example_short_circuit_decorator.py
[2025-10-04T19:27:47.304+0000] {processor.py:826} INFO - Processing file /home/airflow/.local/lib/python3.7/site-packages/airflow/example_dags/example_short_circuit_decorator.py for tasks to queue
[2025-10-04T19:27:47.306+0000] {logging_mixin.py:149} INFO - [2025-10-04T19:27:47.306+0000] {dagbag.py:541} INFO - Filling up the DagBag from /home/airflow/.local/lib/python3.7/site-packages/airflow/example_dags/example_short_circuit_decorator.py
[2025-10-04T19:27:47.323+0000] {processor.py:836} INFO - DAG(s) dict_keys(['example_short_circuit_decorator']) retrieved from /home/airflow/.local/lib/python3.7/site-packages/airflow/example_dags/example_short_circuit_decorator.py
[2025-10-04T19:27:47.378+0000] {logging_mixin.py:149} INFO - [2025-10-04T19:27:47.378+0000] {dag.py:2726} INFO - Sync 1 DAGs
[2025-10-04T19:27:47.428+0000] {logging_mixin.py:149} INFO - [2025-10-04T19:27:47.428+0000] {dag.py:3490} INFO - Setting next_dagrun for example_short_circuit_decorator to 2025-10-03T19:27:47.427810+00:00, run_after=2025-10-04T19:27:47.427810+00:00
[2025-10-04T19:27:47.469+0000] {processor.py:179} INFO - Processing /home/airflow/.local/lib/python3.7/site-packages/airflow/example_dags/example_short_circuit_decorator.py took 0.174 seconds
