[2025-10-17T23:17:17.128+0000] {taskinstance.py:1103} INFO - Dependencies all met for dep_context=non-requeueable deps ti=<TaskInstance: databricks_dag.run_now manual__2025-10-17T23:12:08.210000+00:00 [queued]>
[2025-10-17T23:17:17.160+0000] {taskinstance.py:1103} INFO - Dependencies all met for dep_context=requeueable deps ti=<TaskInstance: databricks_dag.run_now manual__2025-10-17T23:12:08.210000+00:00 [queued]>
[2025-10-17T23:17:17.161+0000] {taskinstance.py:1308} INFO - Starting attempt 2 of 2
[2025-10-17T23:17:17.211+0000] {taskinstance.py:1327} INFO - Executing <Task(DatabricksRunNowOperator): run_now> on 2025-10-17 23:12:08.210000+00:00
[2025-10-17T23:17:17.236+0000] {standard_task_runner.py:57} INFO - Started process 2480 to run task
[2025-10-17T23:17:17.259+0000] {standard_task_runner.py:84} INFO - Running: ['***', 'tasks', 'run', 'databricks_dag', 'run_now', 'manual__2025-10-17T23:12:08.210000+00:00', '--job-id', '12', '--raw', '--subdir', 'DAGS_FOLDER/databricks_dag.py', '--cfg-path', '/tmp/tmpryhuv57y']
[2025-10-17T23:17:17.275+0000] {standard_task_runner.py:85} INFO - Job 12: Subtask run_now
[2025-10-17T23:17:17.612+0000] {task_command.py:410} INFO - Running <TaskInstance: databricks_dag.run_now manual__2025-10-17T23:12:08.210000+00:00 [running]> on host 444659dc247e
[2025-10-17T23:17:18.079+0000] {taskinstance.py:1547} INFO - Exporting env vars: AIRFLOW_CTX_DAG_OWNER='Andrei' AIRFLOW_CTX_DAG_ID='databricks_dag' AIRFLOW_CTX_TASK_ID='run_now' AIRFLOW_CTX_EXECUTION_DATE='2025-10-17T23:12:08.210000+00:00' AIRFLOW_CTX_TRY_NUMBER='2' AIRFLOW_CTX_DAG_RUN_ID='manual__2025-10-17T23:12:08.210000+00:00'
[2025-10-17T23:17:18.119+0000] {base.py:73} INFO - Using connection ID 'databricks_conn' for task execution.
[2025-10-17T23:17:18.358+0000] {databricks_base.py:429} INFO - Using token auth.
[2025-10-17T23:17:19.057+0000] {databricks.py:52} INFO - Run submitted with run_id: 597849445939908
[2025-10-17T23:17:19.059+0000] {databricks_base.py:429} INFO - Using token auth.
[2025-10-17T23:17:19.472+0000] {databricks_base.py:429} INFO - Using token auth.
[2025-10-17T23:17:19.852+0000] {databricks.py:93} INFO - run_now in run state: {'life_cycle_state': 'RUNNING', 'result_state': '', 'state_message': ''}
[2025-10-17T23:17:19.852+0000] {databricks.py:94} INFO - View run status, Spark UI, and logs at https://dbc-484ef8db-1948.cloud.databricks.com/?o=1366149600607743#job/223004487989349/run/597849445939908
[2025-10-17T23:17:19.853+0000] {databricks.py:95} INFO - Sleeping for 30 seconds.
[2025-10-17T23:17:49.880+0000] {databricks_base.py:429} INFO - Using token auth.
[2025-10-17T23:17:50.351+0000] {databricks.py:93} INFO - run_now in run state: {'life_cycle_state': 'RUNNING', 'result_state': '', 'state_message': ''}
[2025-10-17T23:17:50.354+0000] {databricks.py:94} INFO - View run status, Spark UI, and logs at https://dbc-484ef8db-1948.cloud.databricks.com/?o=1366149600607743#job/223004487989349/run/597849445939908
[2025-10-17T23:17:50.355+0000] {databricks.py:95} INFO - Sleeping for 30 seconds.
[2025-10-17T23:18:20.359+0000] {databricks_base.py:429} INFO - Using token auth.
[2025-10-17T23:18:20.781+0000] {databricks.py:63} INFO - run_now completed successfully.
[2025-10-17T23:18:20.784+0000] {databricks.py:64} INFO - View run status, Spark UI, and logs at https://dbc-484ef8db-1948.cloud.databricks.com/?o=1366149600607743#job/223004487989349/run/597849445939908
[2025-10-17T23:18:20.832+0000] {taskinstance.py:1350} INFO - Marking task as SUCCESS. dag_id=databricks_dag, task_id=run_now, execution_date=20251017T231208, start_date=20251017T231717, end_date=20251017T231820
[2025-10-17T23:18:20.935+0000] {local_task_job_runner.py:225} INFO - Task exited with return code 0
[2025-10-17T23:18:20.987+0000] {taskinstance.py:2653} INFO - 0 downstream tasks scheduled from follow-on schedule check
