[2025-10-05T02:46:09.860+0000] {processor.py:157} INFO - Started process (PID=1599) to work on /home/airflow/.local/lib/python3.7/site-packages/airflow/example_dags/example_dag_decorator.py
[2025-10-05T02:46:09.886+0000] {processor.py:826} INFO - Processing file /home/airflow/.local/lib/python3.7/site-packages/airflow/example_dags/example_dag_decorator.py for tasks to queue
[2025-10-05T02:46:09.904+0000] {logging_mixin.py:149} INFO - [2025-10-05T02:46:09.903+0000] {dagbag.py:541} INFO - Filling up the DagBag from /home/airflow/.local/lib/python3.7/site-packages/airflow/example_dags/example_dag_decorator.py
[2025-10-05T02:46:10.047+0000] {processor.py:836} INFO - DAG(s) dict_keys(['example_dag_decorator']) retrieved from /home/airflow/.local/lib/python3.7/site-packages/airflow/example_dags/example_dag_decorator.py
[2025-10-05T02:46:11.651+0000] {logging_mixin.py:149} INFO - [2025-10-05T02:46:11.650+0000] {dag.py:2726} INFO - Sync 1 DAGs
[2025-10-05T02:46:12.067+0000] {logging_mixin.py:149} INFO - [2025-10-05T02:46:12.066+0000] {dag.py:3490} INFO - Setting next_dagrun for example_dag_decorator to None, run_after=None
[2025-10-05T02:46:12.475+0000] {processor.py:179} INFO - Processing /home/airflow/.local/lib/python3.7/site-packages/airflow/example_dags/example_dag_decorator.py took 2.637 seconds
[2025-10-05T02:46:54.474+0000] {processor.py:157} INFO - Started process (PID=1660) to work on /home/airflow/.local/lib/python3.7/site-packages/airflow/example_dags/example_dag_decorator.py
[2025-10-05T02:46:54.483+0000] {processor.py:826} INFO - Processing file /home/airflow/.local/lib/python3.7/site-packages/airflow/example_dags/example_dag_decorator.py for tasks to queue
[2025-10-05T02:46:54.494+0000] {logging_mixin.py:149} INFO - [2025-10-05T02:46:54.493+0000] {dagbag.py:541} INFO - Filling up the DagBag from /home/airflow/.local/lib/python3.7/site-packages/airflow/example_dags/example_dag_decorator.py
[2025-10-05T02:46:54.694+0000] {processor.py:836} INFO - DAG(s) dict_keys(['example_dag_decorator']) retrieved from /home/airflow/.local/lib/python3.7/site-packages/airflow/example_dags/example_dag_decorator.py
[2025-10-05T02:46:55.893+0000] {logging_mixin.py:149} INFO - [2025-10-05T02:46:55.892+0000] {dag.py:2726} INFO - Sync 1 DAGs
[2025-10-05T02:46:56.176+0000] {logging_mixin.py:149} INFO - [2025-10-05T02:46:56.176+0000] {dag.py:3490} INFO - Setting next_dagrun for example_dag_decorator to None, run_after=None
[2025-10-05T02:46:56.469+0000] {processor.py:179} INFO - Processing /home/airflow/.local/lib/python3.7/site-packages/airflow/example_dags/example_dag_decorator.py took 2.037 seconds
[2025-10-05T02:47:26.739+0000] {processor.py:157} INFO - Started process (PID=1722) to work on /home/airflow/.local/lib/python3.7/site-packages/airflow/example_dags/example_dag_decorator.py
[2025-10-05T02:47:26.743+0000] {processor.py:826} INFO - Processing file /home/airflow/.local/lib/python3.7/site-packages/airflow/example_dags/example_dag_decorator.py for tasks to queue
[2025-10-05T02:47:26.746+0000] {logging_mixin.py:149} INFO - [2025-10-05T02:47:26.745+0000] {dagbag.py:541} INFO - Filling up the DagBag from /home/airflow/.local/lib/python3.7/site-packages/airflow/example_dags/example_dag_decorator.py
[2025-10-05T02:47:26.833+0000] {processor.py:836} INFO - DAG(s) dict_keys(['example_dag_decorator']) retrieved from /home/airflow/.local/lib/python3.7/site-packages/airflow/example_dags/example_dag_decorator.py
[2025-10-05T02:47:27.984+0000] {logging_mixin.py:149} INFO - [2025-10-05T02:47:27.983+0000] {dag.py:2726} INFO - Sync 1 DAGs
[2025-10-05T02:47:28.287+0000] {logging_mixin.py:149} INFO - [2025-10-05T02:47:28.286+0000] {dag.py:3490} INFO - Setting next_dagrun for example_dag_decorator to None, run_after=None
[2025-10-05T02:47:28.539+0000] {processor.py:179} INFO - Processing /home/airflow/.local/lib/python3.7/site-packages/airflow/example_dags/example_dag_decorator.py took 1.812 seconds
[2025-10-05T02:47:58.691+0000] {processor.py:157} INFO - Started process (PID=1784) to work on /home/airflow/.local/lib/python3.7/site-packages/airflow/example_dags/example_dag_decorator.py
[2025-10-05T02:47:58.697+0000] {processor.py:826} INFO - Processing file /home/airflow/.local/lib/python3.7/site-packages/airflow/example_dags/example_dag_decorator.py for tasks to queue
[2025-10-05T02:47:58.705+0000] {logging_mixin.py:149} INFO - [2025-10-05T02:47:58.704+0000] {dagbag.py:541} INFO - Filling up the DagBag from /home/airflow/.local/lib/python3.7/site-packages/airflow/example_dags/example_dag_decorator.py
[2025-10-05T02:47:58.756+0000] {processor.py:836} INFO - DAG(s) dict_keys(['example_dag_decorator']) retrieved from /home/airflow/.local/lib/python3.7/site-packages/airflow/example_dags/example_dag_decorator.py
[2025-10-05T02:47:59.103+0000] {logging_mixin.py:149} INFO - [2025-10-05T02:47:59.103+0000] {dag.py:2726} INFO - Sync 1 DAGs
[2025-10-05T02:47:59.179+0000] {logging_mixin.py:149} INFO - [2025-10-05T02:47:59.179+0000] {dag.py:3490} INFO - Setting next_dagrun for example_dag_decorator to None, run_after=None
[2025-10-05T02:47:59.258+0000] {processor.py:179} INFO - Processing /home/airflow/.local/lib/python3.7/site-packages/airflow/example_dags/example_dag_decorator.py took 0.575 seconds
[2025-10-05T02:48:29.672+0000] {processor.py:157} INFO - Started process (PID=1845) to work on /home/airflow/.local/lib/python3.7/site-packages/airflow/example_dags/example_dag_decorator.py
[2025-10-05T02:48:29.676+0000] {processor.py:826} INFO - Processing file /home/airflow/.local/lib/python3.7/site-packages/airflow/example_dags/example_dag_decorator.py for tasks to queue
[2025-10-05T02:48:29.680+0000] {logging_mixin.py:149} INFO - [2025-10-05T02:48:29.680+0000] {dagbag.py:541} INFO - Filling up the DagBag from /home/airflow/.local/lib/python3.7/site-packages/airflow/example_dags/example_dag_decorator.py
[2025-10-05T02:48:29.756+0000] {processor.py:836} INFO - DAG(s) dict_keys(['example_dag_decorator']) retrieved from /home/airflow/.local/lib/python3.7/site-packages/airflow/example_dags/example_dag_decorator.py
[2025-10-05T02:48:31.380+0000] {logging_mixin.py:149} INFO - [2025-10-05T02:48:31.379+0000] {dag.py:2726} INFO - Sync 1 DAGs
[2025-10-05T02:48:31.593+0000] {logging_mixin.py:149} INFO - [2025-10-05T02:48:31.592+0000] {dag.py:3490} INFO - Setting next_dagrun for example_dag_decorator to None, run_after=None
[2025-10-05T02:48:31.723+0000] {processor.py:179} INFO - Processing /home/airflow/.local/lib/python3.7/site-packages/airflow/example_dags/example_dag_decorator.py took 2.072 seconds
[2025-10-05T02:49:03.290+0000] {processor.py:157} INFO - Started process (PID=1913) to work on /home/airflow/.local/lib/python3.7/site-packages/airflow/example_dags/example_dag_decorator.py
[2025-10-05T02:49:03.351+0000] {processor.py:826} INFO - Processing file /home/airflow/.local/lib/python3.7/site-packages/airflow/example_dags/example_dag_decorator.py for tasks to queue
[2025-10-05T02:49:03.367+0000] {logging_mixin.py:149} INFO - [2025-10-05T02:49:03.366+0000] {dagbag.py:541} INFO - Filling up the DagBag from /home/airflow/.local/lib/python3.7/site-packages/airflow/example_dags/example_dag_decorator.py
[2025-10-05T02:49:03.613+0000] {processor.py:836} INFO - DAG(s) dict_keys(['example_dag_decorator']) retrieved from /home/airflow/.local/lib/python3.7/site-packages/airflow/example_dags/example_dag_decorator.py
[2025-10-05T02:49:05.735+0000] {logging_mixin.py:149} INFO - [2025-10-05T02:49:05.734+0000] {dag.py:2726} INFO - Sync 1 DAGs
[2025-10-05T02:49:06.034+0000] {logging_mixin.py:149} INFO - [2025-10-05T02:49:06.033+0000] {dag.py:3490} INFO - Setting next_dagrun for example_dag_decorator to None, run_after=None
[2025-10-05T02:49:06.219+0000] {processor.py:179} INFO - Processing /home/airflow/.local/lib/python3.7/site-packages/airflow/example_dags/example_dag_decorator.py took 2.980 seconds
[2025-10-05T02:49:37.068+0000] {processor.py:157} INFO - Started process (PID=1976) to work on /home/airflow/.local/lib/python3.7/site-packages/airflow/example_dags/example_dag_decorator.py
[2025-10-05T02:49:37.073+0000] {processor.py:826} INFO - Processing file /home/airflow/.local/lib/python3.7/site-packages/airflow/example_dags/example_dag_decorator.py for tasks to queue
[2025-10-05T02:49:37.077+0000] {logging_mixin.py:149} INFO - [2025-10-05T02:49:37.076+0000] {dagbag.py:541} INFO - Filling up the DagBag from /home/airflow/.local/lib/python3.7/site-packages/airflow/example_dags/example_dag_decorator.py
[2025-10-05T02:49:37.167+0000] {processor.py:836} INFO - DAG(s) dict_keys(['example_dag_decorator']) retrieved from /home/airflow/.local/lib/python3.7/site-packages/airflow/example_dags/example_dag_decorator.py
[2025-10-05T02:49:37.607+0000] {logging_mixin.py:149} INFO - [2025-10-05T02:49:37.607+0000] {dag.py:2726} INFO - Sync 1 DAGs
[2025-10-05T02:49:37.674+0000] {logging_mixin.py:149} INFO - [2025-10-05T02:49:37.674+0000] {dag.py:3490} INFO - Setting next_dagrun for example_dag_decorator to None, run_after=None
[2025-10-05T02:49:37.742+0000] {processor.py:179} INFO - Processing /home/airflow/.local/lib/python3.7/site-packages/airflow/example_dags/example_dag_decorator.py took 0.691 seconds
[2025-10-05T02:50:08.607+0000] {processor.py:157} INFO - Started process (PID=2038) to work on /home/airflow/.local/lib/python3.7/site-packages/airflow/example_dags/example_dag_decorator.py
[2025-10-05T02:50:08.615+0000] {processor.py:826} INFO - Processing file /home/airflow/.local/lib/python3.7/site-packages/airflow/example_dags/example_dag_decorator.py for tasks to queue
[2025-10-05T02:50:08.619+0000] {logging_mixin.py:149} INFO - [2025-10-05T02:50:08.618+0000] {dagbag.py:541} INFO - Filling up the DagBag from /home/airflow/.local/lib/python3.7/site-packages/airflow/example_dags/example_dag_decorator.py
[2025-10-05T02:50:08.698+0000] {processor.py:836} INFO - DAG(s) dict_keys(['example_dag_decorator']) retrieved from /home/airflow/.local/lib/python3.7/site-packages/airflow/example_dags/example_dag_decorator.py
[2025-10-05T02:50:09.268+0000] {logging_mixin.py:149} INFO - [2025-10-05T02:50:09.268+0000] {dag.py:2726} INFO - Sync 1 DAGs
[2025-10-05T02:50:09.355+0000] {logging_mixin.py:149} INFO - [2025-10-05T02:50:09.354+0000] {dag.py:3490} INFO - Setting next_dagrun for example_dag_decorator to None, run_after=None
[2025-10-05T02:50:09.430+0000] {processor.py:179} INFO - Processing /home/airflow/.local/lib/python3.7/site-packages/airflow/example_dags/example_dag_decorator.py took 0.842 seconds
[2025-10-05T02:50:39.728+0000] {processor.py:157} INFO - Started process (PID=2100) to work on /home/airflow/.local/lib/python3.7/site-packages/airflow/example_dags/example_dag_decorator.py
[2025-10-05T02:50:39.733+0000] {processor.py:826} INFO - Processing file /home/airflow/.local/lib/python3.7/site-packages/airflow/example_dags/example_dag_decorator.py for tasks to queue
[2025-10-05T02:50:39.736+0000] {logging_mixin.py:149} INFO - [2025-10-05T02:50:39.735+0000] {dagbag.py:541} INFO - Filling up the DagBag from /home/airflow/.local/lib/python3.7/site-packages/airflow/example_dags/example_dag_decorator.py
[2025-10-05T02:50:39.828+0000] {processor.py:836} INFO - DAG(s) dict_keys(['example_dag_decorator']) retrieved from /home/airflow/.local/lib/python3.7/site-packages/airflow/example_dags/example_dag_decorator.py
[2025-10-05T02:50:41.051+0000] {logging_mixin.py:149} INFO - [2025-10-05T02:50:41.051+0000] {dag.py:2726} INFO - Sync 1 DAGs
[2025-10-05T02:50:41.126+0000] {logging_mixin.py:149} INFO - [2025-10-05T02:50:41.126+0000] {dag.py:3490} INFO - Setting next_dagrun for example_dag_decorator to None, run_after=None
[2025-10-05T02:50:41.206+0000] {processor.py:179} INFO - Processing /home/airflow/.local/lib/python3.7/site-packages/airflow/example_dags/example_dag_decorator.py took 1.496 seconds
[2025-10-05T02:51:11.595+0000] {processor.py:157} INFO - Started process (PID=2162) to work on /home/airflow/.local/lib/python3.7/site-packages/airflow/example_dags/example_dag_decorator.py
[2025-10-05T02:51:11.599+0000] {processor.py:826} INFO - Processing file /home/airflow/.local/lib/python3.7/site-packages/airflow/example_dags/example_dag_decorator.py for tasks to queue
[2025-10-05T02:51:11.603+0000] {logging_mixin.py:149} INFO - [2025-10-05T02:51:11.602+0000] {dagbag.py:541} INFO - Filling up the DagBag from /home/airflow/.local/lib/python3.7/site-packages/airflow/example_dags/example_dag_decorator.py
[2025-10-05T02:51:11.642+0000] {processor.py:836} INFO - DAG(s) dict_keys(['example_dag_decorator']) retrieved from /home/airflow/.local/lib/python3.7/site-packages/airflow/example_dags/example_dag_decorator.py
[2025-10-05T02:51:12.369+0000] {logging_mixin.py:149} INFO - [2025-10-05T02:51:12.368+0000] {dag.py:2726} INFO - Sync 1 DAGs
[2025-10-05T02:51:12.435+0000] {logging_mixin.py:149} INFO - [2025-10-05T02:51:12.435+0000] {dag.py:3490} INFO - Setting next_dagrun for example_dag_decorator to None, run_after=None
[2025-10-05T02:51:12.505+0000] {processor.py:179} INFO - Processing /home/airflow/.local/lib/python3.7/site-packages/airflow/example_dags/example_dag_decorator.py took 0.919 seconds
[2025-10-05T02:51:42.887+0000] {processor.py:157} INFO - Started process (PID=2223) to work on /home/airflow/.local/lib/python3.7/site-packages/airflow/example_dags/example_dag_decorator.py
[2025-10-05T02:51:42.891+0000] {processor.py:826} INFO - Processing file /home/airflow/.local/lib/python3.7/site-packages/airflow/example_dags/example_dag_decorator.py for tasks to queue
[2025-10-05T02:51:42.895+0000] {logging_mixin.py:149} INFO - [2025-10-05T02:51:42.894+0000] {dagbag.py:541} INFO - Filling up the DagBag from /home/airflow/.local/lib/python3.7/site-packages/airflow/example_dags/example_dag_decorator.py
[2025-10-05T02:51:43.007+0000] {processor.py:836} INFO - DAG(s) dict_keys(['example_dag_decorator']) retrieved from /home/airflow/.local/lib/python3.7/site-packages/airflow/example_dags/example_dag_decorator.py
[2025-10-05T02:51:43.776+0000] {logging_mixin.py:149} INFO - [2025-10-05T02:51:43.775+0000] {dag.py:2726} INFO - Sync 1 DAGs
[2025-10-05T02:51:43.946+0000] {logging_mixin.py:149} INFO - [2025-10-05T02:51:43.946+0000] {dag.py:3490} INFO - Setting next_dagrun for example_dag_decorator to None, run_after=None
[2025-10-05T02:51:44.067+0000] {processor.py:179} INFO - Processing /home/airflow/.local/lib/python3.7/site-packages/airflow/example_dags/example_dag_decorator.py took 1.192 seconds
[2025-10-05T02:52:14.649+0000] {processor.py:157} INFO - Started process (PID=2284) to work on /home/airflow/.local/lib/python3.7/site-packages/airflow/example_dags/example_dag_decorator.py
[2025-10-05T02:52:14.654+0000] {processor.py:826} INFO - Processing file /home/airflow/.local/lib/python3.7/site-packages/airflow/example_dags/example_dag_decorator.py for tasks to queue
[2025-10-05T02:52:14.659+0000] {logging_mixin.py:149} INFO - [2025-10-05T02:52:14.657+0000] {dagbag.py:541} INFO - Filling up the DagBag from /home/airflow/.local/lib/python3.7/site-packages/airflow/example_dags/example_dag_decorator.py
[2025-10-05T02:52:14.724+0000] {processor.py:836} INFO - DAG(s) dict_keys(['example_dag_decorator']) retrieved from /home/airflow/.local/lib/python3.7/site-packages/airflow/example_dags/example_dag_decorator.py
[2025-10-05T02:52:15.193+0000] {logging_mixin.py:149} INFO - [2025-10-05T02:52:15.192+0000] {dag.py:2726} INFO - Sync 1 DAGs
[2025-10-05T02:52:15.269+0000] {logging_mixin.py:149} INFO - [2025-10-05T02:52:15.268+0000] {dag.py:3490} INFO - Setting next_dagrun for example_dag_decorator to None, run_after=None
[2025-10-05T02:52:15.337+0000] {processor.py:179} INFO - Processing /home/airflow/.local/lib/python3.7/site-packages/airflow/example_dags/example_dag_decorator.py took 0.708 seconds
[2025-10-05T02:52:52.210+0000] {processor.py:157} INFO - Started process (PID=2344) to work on /home/airflow/.local/lib/python3.7/site-packages/airflow/example_dags/example_dag_decorator.py
[2025-10-05T02:52:52.222+0000] {processor.py:826} INFO - Processing file /home/airflow/.local/lib/python3.7/site-packages/airflow/example_dags/example_dag_decorator.py for tasks to queue
[2025-10-05T02:52:52.228+0000] {logging_mixin.py:149} INFO - [2025-10-05T02:52:52.227+0000] {dagbag.py:541} INFO - Filling up the DagBag from /home/airflow/.local/lib/python3.7/site-packages/airflow/example_dags/example_dag_decorator.py
[2025-10-05T02:52:52.366+0000] {processor.py:836} INFO - DAG(s) dict_keys(['example_dag_decorator']) retrieved from /home/airflow/.local/lib/python3.7/site-packages/airflow/example_dags/example_dag_decorator.py
[2025-10-05T02:52:53.927+0000] {logging_mixin.py:149} INFO - [2025-10-05T02:52:53.926+0000] {dag.py:2726} INFO - Sync 1 DAGs
[2025-10-05T02:52:54.174+0000] {logging_mixin.py:149} INFO - [2025-10-05T02:52:54.172+0000] {dag.py:3490} INFO - Setting next_dagrun for example_dag_decorator to None, run_after=None
[2025-10-05T02:52:54.363+0000] {processor.py:179} INFO - Processing /home/airflow/.local/lib/python3.7/site-packages/airflow/example_dags/example_dag_decorator.py took 2.190 seconds
[2025-10-05T02:53:24.843+0000] {processor.py:157} INFO - Started process (PID=2405) to work on /home/airflow/.local/lib/python3.7/site-packages/airflow/example_dags/example_dag_decorator.py
[2025-10-05T02:53:24.847+0000] {processor.py:826} INFO - Processing file /home/airflow/.local/lib/python3.7/site-packages/airflow/example_dags/example_dag_decorator.py for tasks to queue
[2025-10-05T02:53:24.850+0000] {logging_mixin.py:149} INFO - [2025-10-05T02:53:24.849+0000] {dagbag.py:541} INFO - Filling up the DagBag from /home/airflow/.local/lib/python3.7/site-packages/airflow/example_dags/example_dag_decorator.py
[2025-10-05T02:53:24.937+0000] {processor.py:836} INFO - DAG(s) dict_keys(['example_dag_decorator']) retrieved from /home/airflow/.local/lib/python3.7/site-packages/airflow/example_dags/example_dag_decorator.py
[2025-10-05T02:53:25.436+0000] {logging_mixin.py:149} INFO - [2025-10-05T02:53:25.436+0000] {dag.py:2726} INFO - Sync 1 DAGs
[2025-10-05T02:53:25.520+0000] {logging_mixin.py:149} INFO - [2025-10-05T02:53:25.520+0000] {dag.py:3490} INFO - Setting next_dagrun for example_dag_decorator to None, run_after=None
[2025-10-05T02:53:25.597+0000] {processor.py:179} INFO - Processing /home/airflow/.local/lib/python3.7/site-packages/airflow/example_dags/example_dag_decorator.py took 0.769 seconds
[2025-10-05T02:53:56.023+0000] {processor.py:157} INFO - Started process (PID=2465) to work on /home/airflow/.local/lib/python3.7/site-packages/airflow/example_dags/example_dag_decorator.py
[2025-10-05T02:53:56.027+0000] {processor.py:826} INFO - Processing file /home/airflow/.local/lib/python3.7/site-packages/airflow/example_dags/example_dag_decorator.py for tasks to queue
[2025-10-05T02:53:56.029+0000] {logging_mixin.py:149} INFO - [2025-10-05T02:53:56.029+0000] {dagbag.py:541} INFO - Filling up the DagBag from /home/airflow/.local/lib/python3.7/site-packages/airflow/example_dags/example_dag_decorator.py
[2025-10-05T02:53:56.072+0000] {processor.py:836} INFO - DAG(s) dict_keys(['example_dag_decorator']) retrieved from /home/airflow/.local/lib/python3.7/site-packages/airflow/example_dags/example_dag_decorator.py
[2025-10-05T02:53:56.491+0000] {logging_mixin.py:149} INFO - [2025-10-05T02:53:56.491+0000] {dag.py:2726} INFO - Sync 1 DAGs
[2025-10-05T02:53:56.583+0000] {logging_mixin.py:149} INFO - [2025-10-05T02:53:56.583+0000] {dag.py:3490} INFO - Setting next_dagrun for example_dag_decorator to None, run_after=None
[2025-10-05T02:53:56.651+0000] {processor.py:179} INFO - Processing /home/airflow/.local/lib/python3.7/site-packages/airflow/example_dags/example_dag_decorator.py took 0.641 seconds
[2025-10-05T02:54:27.180+0000] {processor.py:157} INFO - Started process (PID=2526) to work on /home/airflow/.local/lib/python3.7/site-packages/airflow/example_dags/example_dag_decorator.py
[2025-10-05T02:54:27.184+0000] {processor.py:826} INFO - Processing file /home/airflow/.local/lib/python3.7/site-packages/airflow/example_dags/example_dag_decorator.py for tasks to queue
[2025-10-05T02:54:27.187+0000] {logging_mixin.py:149} INFO - [2025-10-05T02:54:27.187+0000] {dagbag.py:541} INFO - Filling up the DagBag from /home/airflow/.local/lib/python3.7/site-packages/airflow/example_dags/example_dag_decorator.py
[2025-10-05T02:54:27.256+0000] {processor.py:836} INFO - DAG(s) dict_keys(['example_dag_decorator']) retrieved from /home/airflow/.local/lib/python3.7/site-packages/airflow/example_dags/example_dag_decorator.py
[2025-10-05T02:54:27.729+0000] {logging_mixin.py:149} INFO - [2025-10-05T02:54:27.729+0000] {dag.py:2726} INFO - Sync 1 DAGs
[2025-10-05T02:54:27.784+0000] {logging_mixin.py:149} INFO - [2025-10-05T02:54:27.784+0000] {dag.py:3490} INFO - Setting next_dagrun for example_dag_decorator to None, run_after=None
[2025-10-05T02:54:27.850+0000] {processor.py:179} INFO - Processing /home/airflow/.local/lib/python3.7/site-packages/airflow/example_dags/example_dag_decorator.py took 0.683 seconds
[2025-10-05T02:54:58.197+0000] {processor.py:157} INFO - Started process (PID=2587) to work on /home/airflow/.local/lib/python3.7/site-packages/airflow/example_dags/example_dag_decorator.py
[2025-10-05T02:54:58.200+0000] {processor.py:826} INFO - Processing file /home/airflow/.local/lib/python3.7/site-packages/airflow/example_dags/example_dag_decorator.py for tasks to queue
[2025-10-05T02:54:58.203+0000] {logging_mixin.py:149} INFO - [2025-10-05T02:54:58.202+0000] {dagbag.py:541} INFO - Filling up the DagBag from /home/airflow/.local/lib/python3.7/site-packages/airflow/example_dags/example_dag_decorator.py
[2025-10-05T02:54:58.245+0000] {processor.py:836} INFO - DAG(s) dict_keys(['example_dag_decorator']) retrieved from /home/airflow/.local/lib/python3.7/site-packages/airflow/example_dags/example_dag_decorator.py
[2025-10-05T02:54:58.549+0000] {logging_mixin.py:149} INFO - [2025-10-05T02:54:58.548+0000] {dag.py:2726} INFO - Sync 1 DAGs
[2025-10-05T02:54:58.597+0000] {logging_mixin.py:149} INFO - [2025-10-05T02:54:58.597+0000] {dag.py:3490} INFO - Setting next_dagrun for example_dag_decorator to None, run_after=None
[2025-10-05T02:54:58.645+0000] {processor.py:179} INFO - Processing /home/airflow/.local/lib/python3.7/site-packages/airflow/example_dags/example_dag_decorator.py took 0.457 seconds
[2025-10-05T02:55:28.789+0000] {processor.py:157} INFO - Started process (PID=2649) to work on /home/airflow/.local/lib/python3.7/site-packages/airflow/example_dags/example_dag_decorator.py
[2025-10-05T02:55:28.792+0000] {processor.py:826} INFO - Processing file /home/airflow/.local/lib/python3.7/site-packages/airflow/example_dags/example_dag_decorator.py for tasks to queue
[2025-10-05T02:55:28.799+0000] {logging_mixin.py:149} INFO - [2025-10-05T02:55:28.798+0000] {dagbag.py:541} INFO - Filling up the DagBag from /home/airflow/.local/lib/python3.7/site-packages/airflow/example_dags/example_dag_decorator.py
[2025-10-05T02:55:28.844+0000] {processor.py:836} INFO - DAG(s) dict_keys(['example_dag_decorator']) retrieved from /home/airflow/.local/lib/python3.7/site-packages/airflow/example_dags/example_dag_decorator.py
[2025-10-05T02:55:29.256+0000] {logging_mixin.py:149} INFO - [2025-10-05T02:55:29.255+0000] {dag.py:2726} INFO - Sync 1 DAGs
[2025-10-05T02:55:29.345+0000] {logging_mixin.py:149} INFO - [2025-10-05T02:55:29.344+0000] {dag.py:3490} INFO - Setting next_dagrun for example_dag_decorator to None, run_after=None
[2025-10-05T02:55:29.445+0000] {processor.py:179} INFO - Processing /home/airflow/.local/lib/python3.7/site-packages/airflow/example_dags/example_dag_decorator.py took 0.669 seconds
[2025-10-05T02:55:59.873+0000] {processor.py:157} INFO - Started process (PID=2709) to work on /home/airflow/.local/lib/python3.7/site-packages/airflow/example_dags/example_dag_decorator.py
[2025-10-05T02:55:59.876+0000] {processor.py:826} INFO - Processing file /home/airflow/.local/lib/python3.7/site-packages/airflow/example_dags/example_dag_decorator.py for tasks to queue
[2025-10-05T02:55:59.878+0000] {logging_mixin.py:149} INFO - [2025-10-05T02:55:59.878+0000] {dagbag.py:541} INFO - Filling up the DagBag from /home/airflow/.local/lib/python3.7/site-packages/airflow/example_dags/example_dag_decorator.py
[2025-10-05T02:55:59.910+0000] {processor.py:836} INFO - DAG(s) dict_keys(['example_dag_decorator']) retrieved from /home/airflow/.local/lib/python3.7/site-packages/airflow/example_dags/example_dag_decorator.py
[2025-10-05T02:56:00.252+0000] {logging_mixin.py:149} INFO - [2025-10-05T02:56:00.252+0000] {dag.py:2726} INFO - Sync 1 DAGs
[2025-10-05T02:56:00.313+0000] {logging_mixin.py:149} INFO - [2025-10-05T02:56:00.313+0000] {dag.py:3490} INFO - Setting next_dagrun for example_dag_decorator to None, run_after=None
[2025-10-05T02:56:00.363+0000] {processor.py:179} INFO - Processing /home/airflow/.local/lib/python3.7/site-packages/airflow/example_dags/example_dag_decorator.py took 0.499 seconds
[2025-10-05T02:56:30.783+0000] {processor.py:157} INFO - Started process (PID=2770) to work on /home/airflow/.local/lib/python3.7/site-packages/airflow/example_dags/example_dag_decorator.py
[2025-10-05T02:56:30.787+0000] {processor.py:826} INFO - Processing file /home/airflow/.local/lib/python3.7/site-packages/airflow/example_dags/example_dag_decorator.py for tasks to queue
[2025-10-05T02:56:30.790+0000] {logging_mixin.py:149} INFO - [2025-10-05T02:56:30.790+0000] {dagbag.py:541} INFO - Filling up the DagBag from /home/airflow/.local/lib/python3.7/site-packages/airflow/example_dags/example_dag_decorator.py
[2025-10-05T02:56:30.853+0000] {processor.py:836} INFO - DAG(s) dict_keys(['example_dag_decorator']) retrieved from /home/airflow/.local/lib/python3.7/site-packages/airflow/example_dags/example_dag_decorator.py
[2025-10-05T02:56:31.309+0000] {logging_mixin.py:149} INFO - [2025-10-05T02:56:31.309+0000] {dag.py:2726} INFO - Sync 1 DAGs
[2025-10-05T02:56:31.367+0000] {logging_mixin.py:149} INFO - [2025-10-05T02:56:31.367+0000] {dag.py:3490} INFO - Setting next_dagrun for example_dag_decorator to None, run_after=None
[2025-10-05T02:56:31.425+0000] {processor.py:179} INFO - Processing /home/airflow/.local/lib/python3.7/site-packages/airflow/example_dags/example_dag_decorator.py took 0.654 seconds
[2025-10-05T02:57:02.031+0000] {processor.py:157} INFO - Started process (PID=2822) to work on /home/airflow/.local/lib/python3.7/site-packages/airflow/example_dags/example_dag_decorator.py
[2025-10-05T02:57:02.035+0000] {processor.py:826} INFO - Processing file /home/airflow/.local/lib/python3.7/site-packages/airflow/example_dags/example_dag_decorator.py for tasks to queue
[2025-10-05T02:57:02.037+0000] {logging_mixin.py:149} INFO - [2025-10-05T02:57:02.036+0000] {dagbag.py:541} INFO - Filling up the DagBag from /home/airflow/.local/lib/python3.7/site-packages/airflow/example_dags/example_dag_decorator.py
[2025-10-05T02:57:02.079+0000] {processor.py:836} INFO - DAG(s) dict_keys(['example_dag_decorator']) retrieved from /home/airflow/.local/lib/python3.7/site-packages/airflow/example_dags/example_dag_decorator.py
[2025-10-05T02:57:02.383+0000] {logging_mixin.py:149} INFO - [2025-10-05T02:57:02.383+0000] {dag.py:2726} INFO - Sync 1 DAGs
[2025-10-05T02:57:02.432+0000] {logging_mixin.py:149} INFO - [2025-10-05T02:57:02.431+0000] {dag.py:3490} INFO - Setting next_dagrun for example_dag_decorator to None, run_after=None
[2025-10-05T02:57:02.480+0000] {processor.py:179} INFO - Processing /home/airflow/.local/lib/python3.7/site-packages/airflow/example_dags/example_dag_decorator.py took 0.459 seconds
[2025-10-05T02:57:32.712+0000] {processor.py:157} INFO - Started process (PID=2884) to work on /home/airflow/.local/lib/python3.7/site-packages/airflow/example_dags/example_dag_decorator.py
[2025-10-05T02:57:32.715+0000] {processor.py:826} INFO - Processing file /home/airflow/.local/lib/python3.7/site-packages/airflow/example_dags/example_dag_decorator.py for tasks to queue
[2025-10-05T02:57:32.717+0000] {logging_mixin.py:149} INFO - [2025-10-05T02:57:32.716+0000] {dagbag.py:541} INFO - Filling up the DagBag from /home/airflow/.local/lib/python3.7/site-packages/airflow/example_dags/example_dag_decorator.py
[2025-10-05T02:57:32.754+0000] {processor.py:836} INFO - DAG(s) dict_keys(['example_dag_decorator']) retrieved from /home/airflow/.local/lib/python3.7/site-packages/airflow/example_dags/example_dag_decorator.py
[2025-10-05T02:57:33.029+0000] {logging_mixin.py:149} INFO - [2025-10-05T02:57:33.029+0000] {dag.py:2726} INFO - Sync 1 DAGs
[2025-10-05T02:57:33.078+0000] {logging_mixin.py:149} INFO - [2025-10-05T02:57:33.078+0000] {dag.py:3490} INFO - Setting next_dagrun for example_dag_decorator to None, run_after=None
[2025-10-05T02:57:33.128+0000] {processor.py:179} INFO - Processing /home/airflow/.local/lib/python3.7/site-packages/airflow/example_dags/example_dag_decorator.py took 0.423 seconds
[2025-10-05T02:58:03.399+0000] {processor.py:157} INFO - Started process (PID=2947) to work on /home/airflow/.local/lib/python3.7/site-packages/airflow/example_dags/example_dag_decorator.py
[2025-10-05T02:58:03.402+0000] {processor.py:826} INFO - Processing file /home/airflow/.local/lib/python3.7/site-packages/airflow/example_dags/example_dag_decorator.py for tasks to queue
[2025-10-05T02:58:03.404+0000] {logging_mixin.py:149} INFO - [2025-10-05T02:58:03.403+0000] {dagbag.py:541} INFO - Filling up the DagBag from /home/airflow/.local/lib/python3.7/site-packages/airflow/example_dags/example_dag_decorator.py
[2025-10-05T02:58:03.435+0000] {processor.py:836} INFO - DAG(s) dict_keys(['example_dag_decorator']) retrieved from /home/airflow/.local/lib/python3.7/site-packages/airflow/example_dags/example_dag_decorator.py
[2025-10-05T02:58:03.777+0000] {logging_mixin.py:149} INFO - [2025-10-05T02:58:03.776+0000] {dag.py:2726} INFO - Sync 1 DAGs
[2025-10-05T02:58:03.833+0000] {logging_mixin.py:149} INFO - [2025-10-05T02:58:03.832+0000] {dag.py:3490} INFO - Setting next_dagrun for example_dag_decorator to None, run_after=None
[2025-10-05T02:58:03.880+0000] {processor.py:179} INFO - Processing /home/airflow/.local/lib/python3.7/site-packages/airflow/example_dags/example_dag_decorator.py took 0.489 seconds
[2025-10-05T02:58:35.018+0000] {processor.py:157} INFO - Started process (PID=3008) to work on /home/airflow/.local/lib/python3.7/site-packages/airflow/example_dags/example_dag_decorator.py
[2025-10-05T02:58:35.021+0000] {processor.py:826} INFO - Processing file /home/airflow/.local/lib/python3.7/site-packages/airflow/example_dags/example_dag_decorator.py for tasks to queue
[2025-10-05T02:58:35.025+0000] {logging_mixin.py:149} INFO - [2025-10-05T02:58:35.025+0000] {dagbag.py:541} INFO - Filling up the DagBag from /home/airflow/.local/lib/python3.7/site-packages/airflow/example_dags/example_dag_decorator.py
[2025-10-05T02:58:35.070+0000] {processor.py:836} INFO - DAG(s) dict_keys(['example_dag_decorator']) retrieved from /home/airflow/.local/lib/python3.7/site-packages/airflow/example_dags/example_dag_decorator.py
[2025-10-05T02:58:35.339+0000] {logging_mixin.py:149} INFO - [2025-10-05T02:58:35.339+0000] {dag.py:2726} INFO - Sync 1 DAGs
[2025-10-05T02:58:35.390+0000] {logging_mixin.py:149} INFO - [2025-10-05T02:58:35.390+0000] {dag.py:3490} INFO - Setting next_dagrun for example_dag_decorator to None, run_after=None
[2025-10-05T02:58:35.437+0000] {processor.py:179} INFO - Processing /home/airflow/.local/lib/python3.7/site-packages/airflow/example_dags/example_dag_decorator.py took 0.435 seconds
[2025-10-05T02:59:05.797+0000] {processor.py:157} INFO - Started process (PID=3069) to work on /home/airflow/.local/lib/python3.7/site-packages/airflow/example_dags/example_dag_decorator.py
[2025-10-05T02:59:05.799+0000] {processor.py:826} INFO - Processing file /home/airflow/.local/lib/python3.7/site-packages/airflow/example_dags/example_dag_decorator.py for tasks to queue
[2025-10-05T02:59:05.803+0000] {logging_mixin.py:149} INFO - [2025-10-05T02:59:05.802+0000] {dagbag.py:541} INFO - Filling up the DagBag from /home/airflow/.local/lib/python3.7/site-packages/airflow/example_dags/example_dag_decorator.py
[2025-10-05T02:59:05.845+0000] {processor.py:836} INFO - DAG(s) dict_keys(['example_dag_decorator']) retrieved from /home/airflow/.local/lib/python3.7/site-packages/airflow/example_dags/example_dag_decorator.py
[2025-10-05T02:59:06.184+0000] {logging_mixin.py:149} INFO - [2025-10-05T02:59:06.184+0000] {dag.py:2726} INFO - Sync 1 DAGs
[2025-10-05T02:59:06.281+0000] {logging_mixin.py:149} INFO - [2025-10-05T02:59:06.281+0000] {dag.py:3490} INFO - Setting next_dagrun for example_dag_decorator to None, run_after=None
[2025-10-05T02:59:06.342+0000] {processor.py:179} INFO - Processing /home/airflow/.local/lib/python3.7/site-packages/airflow/example_dags/example_dag_decorator.py took 0.554 seconds
[2025-10-05T02:59:36.528+0000] {processor.py:157} INFO - Started process (PID=3131) to work on /home/airflow/.local/lib/python3.7/site-packages/airflow/example_dags/example_dag_decorator.py
[2025-10-05T02:59:36.531+0000] {processor.py:826} INFO - Processing file /home/airflow/.local/lib/python3.7/site-packages/airflow/example_dags/example_dag_decorator.py for tasks to queue
[2025-10-05T02:59:36.533+0000] {logging_mixin.py:149} INFO - [2025-10-05T02:59:36.533+0000] {dagbag.py:541} INFO - Filling up the DagBag from /home/airflow/.local/lib/python3.7/site-packages/airflow/example_dags/example_dag_decorator.py
[2025-10-05T02:59:36.575+0000] {processor.py:836} INFO - DAG(s) dict_keys(['example_dag_decorator']) retrieved from /home/airflow/.local/lib/python3.7/site-packages/airflow/example_dags/example_dag_decorator.py
[2025-10-05T02:59:37.065+0000] {logging_mixin.py:149} INFO - [2025-10-05T02:59:37.065+0000] {dag.py:2726} INFO - Sync 1 DAGs
[2025-10-05T02:59:37.154+0000] {logging_mixin.py:149} INFO - [2025-10-05T02:59:37.153+0000] {dag.py:3490} INFO - Setting next_dagrun for example_dag_decorator to None, run_after=None
[2025-10-05T02:59:37.214+0000] {processor.py:179} INFO - Processing /home/airflow/.local/lib/python3.7/site-packages/airflow/example_dags/example_dag_decorator.py took 0.693 seconds
[2025-10-05T03:00:07.414+0000] {processor.py:157} INFO - Started process (PID=3191) to work on /home/airflow/.local/lib/python3.7/site-packages/airflow/example_dags/example_dag_decorator.py
[2025-10-05T03:00:07.418+0000] {processor.py:826} INFO - Processing file /home/airflow/.local/lib/python3.7/site-packages/airflow/example_dags/example_dag_decorator.py for tasks to queue
[2025-10-05T03:00:07.421+0000] {logging_mixin.py:149} INFO - [2025-10-05T03:00:07.420+0000] {dagbag.py:541} INFO - Filling up the DagBag from /home/airflow/.local/lib/python3.7/site-packages/airflow/example_dags/example_dag_decorator.py
[2025-10-05T03:00:07.466+0000] {processor.py:836} INFO - DAG(s) dict_keys(['example_dag_decorator']) retrieved from /home/airflow/.local/lib/python3.7/site-packages/airflow/example_dags/example_dag_decorator.py
[2025-10-05T03:00:07.765+0000] {logging_mixin.py:149} INFO - [2025-10-05T03:00:07.765+0000] {dag.py:2726} INFO - Sync 1 DAGs
[2025-10-05T03:00:07.835+0000] {logging_mixin.py:149} INFO - [2025-10-05T03:00:07.835+0000] {dag.py:3490} INFO - Setting next_dagrun for example_dag_decorator to None, run_after=None
[2025-10-05T03:00:07.882+0000] {processor.py:179} INFO - Processing /home/airflow/.local/lib/python3.7/site-packages/airflow/example_dags/example_dag_decorator.py took 0.481 seconds
[2025-10-05T03:00:38.306+0000] {processor.py:157} INFO - Started process (PID=3252) to work on /home/airflow/.local/lib/python3.7/site-packages/airflow/example_dags/example_dag_decorator.py
[2025-10-05T03:00:38.309+0000] {processor.py:826} INFO - Processing file /home/airflow/.local/lib/python3.7/site-packages/airflow/example_dags/example_dag_decorator.py for tasks to queue
[2025-10-05T03:00:38.311+0000] {logging_mixin.py:149} INFO - [2025-10-05T03:00:38.311+0000] {dagbag.py:541} INFO - Filling up the DagBag from /home/airflow/.local/lib/python3.7/site-packages/airflow/example_dags/example_dag_decorator.py
[2025-10-05T03:00:38.370+0000] {processor.py:836} INFO - DAG(s) dict_keys(['example_dag_decorator']) retrieved from /home/airflow/.local/lib/python3.7/site-packages/airflow/example_dags/example_dag_decorator.py
[2025-10-05T03:00:38.808+0000] {logging_mixin.py:149} INFO - [2025-10-05T03:00:38.807+0000] {dag.py:2726} INFO - Sync 1 DAGs
[2025-10-05T03:00:38.897+0000] {logging_mixin.py:149} INFO - [2025-10-05T03:00:38.897+0000] {dag.py:3490} INFO - Setting next_dagrun for example_dag_decorator to None, run_after=None
[2025-10-05T03:00:38.959+0000] {processor.py:179} INFO - Processing /home/airflow/.local/lib/python3.7/site-packages/airflow/example_dags/example_dag_decorator.py took 0.665 seconds
[2025-10-05T03:01:09.129+0000] {processor.py:157} INFO - Started process (PID=3320) to work on /home/airflow/.local/lib/python3.7/site-packages/airflow/example_dags/example_dag_decorator.py
[2025-10-05T03:01:09.132+0000] {processor.py:826} INFO - Processing file /home/airflow/.local/lib/python3.7/site-packages/airflow/example_dags/example_dag_decorator.py for tasks to queue
[2025-10-05T03:01:09.135+0000] {logging_mixin.py:149} INFO - [2025-10-05T03:01:09.134+0000] {dagbag.py:541} INFO - Filling up the DagBag from /home/airflow/.local/lib/python3.7/site-packages/airflow/example_dags/example_dag_decorator.py
[2025-10-05T03:01:09.170+0000] {processor.py:836} INFO - DAG(s) dict_keys(['example_dag_decorator']) retrieved from /home/airflow/.local/lib/python3.7/site-packages/airflow/example_dags/example_dag_decorator.py
[2025-10-05T03:01:09.534+0000] {logging_mixin.py:149} INFO - [2025-10-05T03:01:09.534+0000] {dag.py:2726} INFO - Sync 1 DAGs
[2025-10-05T03:01:09.610+0000] {logging_mixin.py:149} INFO - [2025-10-05T03:01:09.610+0000] {dag.py:3490} INFO - Setting next_dagrun for example_dag_decorator to None, run_after=None
[2025-10-05T03:01:09.659+0000] {processor.py:179} INFO - Processing /home/airflow/.local/lib/python3.7/site-packages/airflow/example_dags/example_dag_decorator.py took 0.540 seconds
[2025-10-05T03:01:39.906+0000] {processor.py:157} INFO - Started process (PID=3382) to work on /home/airflow/.local/lib/python3.7/site-packages/airflow/example_dags/example_dag_decorator.py
[2025-10-05T03:01:39.910+0000] {processor.py:826} INFO - Processing file /home/airflow/.local/lib/python3.7/site-packages/airflow/example_dags/example_dag_decorator.py for tasks to queue
[2025-10-05T03:01:39.912+0000] {logging_mixin.py:149} INFO - [2025-10-05T03:01:39.912+0000] {dagbag.py:541} INFO - Filling up the DagBag from /home/airflow/.local/lib/python3.7/site-packages/airflow/example_dags/example_dag_decorator.py
[2025-10-05T03:01:39.954+0000] {processor.py:836} INFO - DAG(s) dict_keys(['example_dag_decorator']) retrieved from /home/airflow/.local/lib/python3.7/site-packages/airflow/example_dags/example_dag_decorator.py
[2025-10-05T03:01:40.303+0000] {logging_mixin.py:149} INFO - [2025-10-05T03:01:40.303+0000] {dag.py:2726} INFO - Sync 1 DAGs
[2025-10-05T03:01:40.380+0000] {logging_mixin.py:149} INFO - [2025-10-05T03:01:40.379+0000] {dag.py:3490} INFO - Setting next_dagrun for example_dag_decorator to None, run_after=None
[2025-10-05T03:01:40.479+0000] {processor.py:179} INFO - Processing /home/airflow/.local/lib/python3.7/site-packages/airflow/example_dags/example_dag_decorator.py took 0.584 seconds
[2025-10-05T03:02:10.613+0000] {processor.py:157} INFO - Started process (PID=3443) to work on /home/airflow/.local/lib/python3.7/site-packages/airflow/example_dags/example_dag_decorator.py
[2025-10-05T03:02:10.616+0000] {processor.py:826} INFO - Processing file /home/airflow/.local/lib/python3.7/site-packages/airflow/example_dags/example_dag_decorator.py for tasks to queue
[2025-10-05T03:02:10.619+0000] {logging_mixin.py:149} INFO - [2025-10-05T03:02:10.618+0000] {dagbag.py:541} INFO - Filling up the DagBag from /home/airflow/.local/lib/python3.7/site-packages/airflow/example_dags/example_dag_decorator.py
[2025-10-05T03:02:10.663+0000] {processor.py:836} INFO - DAG(s) dict_keys(['example_dag_decorator']) retrieved from /home/airflow/.local/lib/python3.7/site-packages/airflow/example_dags/example_dag_decorator.py
[2025-10-05T03:02:11.051+0000] {logging_mixin.py:149} INFO - [2025-10-05T03:02:11.051+0000] {dag.py:2726} INFO - Sync 1 DAGs
[2025-10-05T03:02:11.112+0000] {logging_mixin.py:149} INFO - [2025-10-05T03:02:11.112+0000] {dag.py:3490} INFO - Setting next_dagrun for example_dag_decorator to None, run_after=None
[2025-10-05T03:02:11.170+0000] {processor.py:179} INFO - Processing /home/airflow/.local/lib/python3.7/site-packages/airflow/example_dags/example_dag_decorator.py took 0.566 seconds
[2025-10-05T03:02:41.524+0000] {processor.py:157} INFO - Started process (PID=3505) to work on /home/airflow/.local/lib/python3.7/site-packages/airflow/example_dags/example_dag_decorator.py
[2025-10-05T03:02:41.527+0000] {processor.py:826} INFO - Processing file /home/airflow/.local/lib/python3.7/site-packages/airflow/example_dags/example_dag_decorator.py for tasks to queue
[2025-10-05T03:02:41.532+0000] {logging_mixin.py:149} INFO - [2025-10-05T03:02:41.532+0000] {dagbag.py:541} INFO - Filling up the DagBag from /home/airflow/.local/lib/python3.7/site-packages/airflow/example_dags/example_dag_decorator.py
[2025-10-05T03:02:41.583+0000] {processor.py:836} INFO - DAG(s) dict_keys(['example_dag_decorator']) retrieved from /home/airflow/.local/lib/python3.7/site-packages/airflow/example_dags/example_dag_decorator.py
[2025-10-05T03:02:41.924+0000] {logging_mixin.py:149} INFO - [2025-10-05T03:02:41.923+0000] {dag.py:2726} INFO - Sync 1 DAGs
[2025-10-05T03:02:41.991+0000] {logging_mixin.py:149} INFO - [2025-10-05T03:02:41.991+0000] {dag.py:3490} INFO - Setting next_dagrun for example_dag_decorator to None, run_after=None
[2025-10-05T03:02:42.052+0000] {processor.py:179} INFO - Processing /home/airflow/.local/lib/python3.7/site-packages/airflow/example_dags/example_dag_decorator.py took 0.539 seconds
[2025-10-05T03:03:12.352+0000] {processor.py:157} INFO - Started process (PID=3567) to work on /home/airflow/.local/lib/python3.7/site-packages/airflow/example_dags/example_dag_decorator.py
[2025-10-05T03:03:12.356+0000] {processor.py:826} INFO - Processing file /home/airflow/.local/lib/python3.7/site-packages/airflow/example_dags/example_dag_decorator.py for tasks to queue
[2025-10-05T03:03:12.358+0000] {logging_mixin.py:149} INFO - [2025-10-05T03:03:12.358+0000] {dagbag.py:541} INFO - Filling up the DagBag from /home/airflow/.local/lib/python3.7/site-packages/airflow/example_dags/example_dag_decorator.py
[2025-10-05T03:03:12.410+0000] {processor.py:836} INFO - DAG(s) dict_keys(['example_dag_decorator']) retrieved from /home/airflow/.local/lib/python3.7/site-packages/airflow/example_dags/example_dag_decorator.py
[2025-10-05T03:03:12.743+0000] {logging_mixin.py:149} INFO - [2025-10-05T03:03:12.743+0000] {dag.py:2726} INFO - Sync 1 DAGs
[2025-10-05T03:03:12.796+0000] {logging_mixin.py:149} INFO - [2025-10-05T03:03:12.796+0000] {dag.py:3490} INFO - Setting next_dagrun for example_dag_decorator to None, run_after=None
[2025-10-05T03:03:12.848+0000] {processor.py:179} INFO - Processing /home/airflow/.local/lib/python3.7/site-packages/airflow/example_dags/example_dag_decorator.py took 0.506 seconds
[2025-10-05T03:03:43.096+0000] {processor.py:157} INFO - Started process (PID=3629) to work on /home/airflow/.local/lib/python3.7/site-packages/airflow/example_dags/example_dag_decorator.py
[2025-10-05T03:03:43.098+0000] {processor.py:826} INFO - Processing file /home/airflow/.local/lib/python3.7/site-packages/airflow/example_dags/example_dag_decorator.py for tasks to queue
[2025-10-05T03:03:43.100+0000] {logging_mixin.py:149} INFO - [2025-10-05T03:03:43.100+0000] {dagbag.py:541} INFO - Filling up the DagBag from /home/airflow/.local/lib/python3.7/site-packages/airflow/example_dags/example_dag_decorator.py
[2025-10-05T03:03:43.134+0000] {processor.py:836} INFO - DAG(s) dict_keys(['example_dag_decorator']) retrieved from /home/airflow/.local/lib/python3.7/site-packages/airflow/example_dags/example_dag_decorator.py
[2025-10-05T03:03:43.407+0000] {logging_mixin.py:149} INFO - [2025-10-05T03:03:43.406+0000] {dag.py:2726} INFO - Sync 1 DAGs
[2025-10-05T03:03:43.469+0000] {logging_mixin.py:149} INFO - [2025-10-05T03:03:43.469+0000] {dag.py:3490} INFO - Setting next_dagrun for example_dag_decorator to None, run_after=None
[2025-10-05T03:03:43.530+0000] {processor.py:179} INFO - Processing /home/airflow/.local/lib/python3.7/site-packages/airflow/example_dags/example_dag_decorator.py took 0.443 seconds
[2025-10-05T03:04:14.512+0000] {processor.py:157} INFO - Started process (PID=3690) to work on /home/airflow/.local/lib/python3.7/site-packages/airflow/example_dags/example_dag_decorator.py
[2025-10-05T03:04:14.514+0000] {processor.py:826} INFO - Processing file /home/airflow/.local/lib/python3.7/site-packages/airflow/example_dags/example_dag_decorator.py for tasks to queue
[2025-10-05T03:04:14.517+0000] {logging_mixin.py:149} INFO - [2025-10-05T03:04:14.516+0000] {dagbag.py:541} INFO - Filling up the DagBag from /home/airflow/.local/lib/python3.7/site-packages/airflow/example_dags/example_dag_decorator.py
[2025-10-05T03:04:14.556+0000] {processor.py:836} INFO - DAG(s) dict_keys(['example_dag_decorator']) retrieved from /home/airflow/.local/lib/python3.7/site-packages/airflow/example_dags/example_dag_decorator.py
[2025-10-05T03:04:14.895+0000] {logging_mixin.py:149} INFO - [2025-10-05T03:04:14.895+0000] {dag.py:2726} INFO - Sync 1 DAGs
[2025-10-05T03:04:14.951+0000] {logging_mixin.py:149} INFO - [2025-10-05T03:04:14.951+0000] {dag.py:3490} INFO - Setting next_dagrun for example_dag_decorator to None, run_after=None
[2025-10-05T03:04:15.000+0000] {processor.py:179} INFO - Processing /home/airflow/.local/lib/python3.7/site-packages/airflow/example_dags/example_dag_decorator.py took 0.499 seconds
[2025-10-05T03:04:45.250+0000] {processor.py:157} INFO - Started process (PID=3753) to work on /home/airflow/.local/lib/python3.7/site-packages/airflow/example_dags/example_dag_decorator.py
[2025-10-05T03:04:45.252+0000] {processor.py:826} INFO - Processing file /home/airflow/.local/lib/python3.7/site-packages/airflow/example_dags/example_dag_decorator.py for tasks to queue
[2025-10-05T03:04:45.254+0000] {logging_mixin.py:149} INFO - [2025-10-05T03:04:45.254+0000] {dagbag.py:541} INFO - Filling up the DagBag from /home/airflow/.local/lib/python3.7/site-packages/airflow/example_dags/example_dag_decorator.py
[2025-10-05T03:04:45.285+0000] {processor.py:836} INFO - DAG(s) dict_keys(['example_dag_decorator']) retrieved from /home/airflow/.local/lib/python3.7/site-packages/airflow/example_dags/example_dag_decorator.py
[2025-10-05T03:04:45.581+0000] {logging_mixin.py:149} INFO - [2025-10-05T03:04:45.581+0000] {dag.py:2726} INFO - Sync 1 DAGs
[2025-10-05T03:04:45.634+0000] {logging_mixin.py:149} INFO - [2025-10-05T03:04:45.634+0000] {dag.py:3490} INFO - Setting next_dagrun for example_dag_decorator to None, run_after=None
[2025-10-05T03:04:45.680+0000] {processor.py:179} INFO - Processing /home/airflow/.local/lib/python3.7/site-packages/airflow/example_dags/example_dag_decorator.py took 0.438 seconds
[2025-10-05T03:05:16.052+0000] {processor.py:157} INFO - Started process (PID=3815) to work on /home/airflow/.local/lib/python3.7/site-packages/airflow/example_dags/example_dag_decorator.py
[2025-10-05T03:05:16.055+0000] {processor.py:826} INFO - Processing file /home/airflow/.local/lib/python3.7/site-packages/airflow/example_dags/example_dag_decorator.py for tasks to queue
[2025-10-05T03:05:16.056+0000] {logging_mixin.py:149} INFO - [2025-10-05T03:05:16.056+0000] {dagbag.py:541} INFO - Filling up the DagBag from /home/airflow/.local/lib/python3.7/site-packages/airflow/example_dags/example_dag_decorator.py
[2025-10-05T03:05:16.094+0000] {processor.py:836} INFO - DAG(s) dict_keys(['example_dag_decorator']) retrieved from /home/airflow/.local/lib/python3.7/site-packages/airflow/example_dags/example_dag_decorator.py
[2025-10-05T03:05:16.392+0000] {logging_mixin.py:149} INFO - [2025-10-05T03:05:16.391+0000] {dag.py:2726} INFO - Sync 1 DAGs
[2025-10-05T03:05:16.441+0000] {logging_mixin.py:149} INFO - [2025-10-05T03:05:16.441+0000] {dag.py:3490} INFO - Setting next_dagrun for example_dag_decorator to None, run_after=None
[2025-10-05T03:05:16.490+0000] {processor.py:179} INFO - Processing /home/airflow/.local/lib/python3.7/site-packages/airflow/example_dags/example_dag_decorator.py took 0.446 seconds
[2025-10-05T03:05:47.036+0000] {processor.py:157} INFO - Started process (PID=3879) to work on /home/airflow/.local/lib/python3.7/site-packages/airflow/example_dags/example_dag_decorator.py
[2025-10-05T03:05:47.040+0000] {processor.py:826} INFO - Processing file /home/airflow/.local/lib/python3.7/site-packages/airflow/example_dags/example_dag_decorator.py for tasks to queue
[2025-10-05T03:05:47.044+0000] {logging_mixin.py:149} INFO - [2025-10-05T03:05:47.043+0000] {dagbag.py:541} INFO - Filling up the DagBag from /home/airflow/.local/lib/python3.7/site-packages/airflow/example_dags/example_dag_decorator.py
[2025-10-05T03:05:47.093+0000] {processor.py:836} INFO - DAG(s) dict_keys(['example_dag_decorator']) retrieved from /home/airflow/.local/lib/python3.7/site-packages/airflow/example_dags/example_dag_decorator.py
[2025-10-05T03:05:47.709+0000] {logging_mixin.py:149} INFO - [2025-10-05T03:05:47.708+0000] {dag.py:2726} INFO - Sync 1 DAGs
[2025-10-05T03:05:47.766+0000] {logging_mixin.py:149} INFO - [2025-10-05T03:05:47.766+0000] {dag.py:3490} INFO - Setting next_dagrun for example_dag_decorator to None, run_after=None
[2025-10-05T03:05:47.816+0000] {processor.py:179} INFO - Processing /home/airflow/.local/lib/python3.7/site-packages/airflow/example_dags/example_dag_decorator.py took 0.795 seconds
[2025-10-05T03:06:18.115+0000] {processor.py:157} INFO - Started process (PID=3943) to work on /home/airflow/.local/lib/python3.7/site-packages/airflow/example_dags/example_dag_decorator.py
[2025-10-05T03:06:18.119+0000] {processor.py:826} INFO - Processing file /home/airflow/.local/lib/python3.7/site-packages/airflow/example_dags/example_dag_decorator.py for tasks to queue
[2025-10-05T03:06:18.122+0000] {logging_mixin.py:149} INFO - [2025-10-05T03:06:18.122+0000] {dagbag.py:541} INFO - Filling up the DagBag from /home/airflow/.local/lib/python3.7/site-packages/airflow/example_dags/example_dag_decorator.py
[2025-10-05T03:06:18.157+0000] {processor.py:836} INFO - DAG(s) dict_keys(['example_dag_decorator']) retrieved from /home/airflow/.local/lib/python3.7/site-packages/airflow/example_dags/example_dag_decorator.py
[2025-10-05T03:06:18.689+0000] {logging_mixin.py:149} INFO - [2025-10-05T03:06:18.688+0000] {dag.py:2726} INFO - Sync 1 DAGs
[2025-10-05T03:06:18.755+0000] {logging_mixin.py:149} INFO - [2025-10-05T03:06:18.755+0000] {dag.py:3490} INFO - Setting next_dagrun for example_dag_decorator to None, run_after=None
[2025-10-05T03:06:18.806+0000] {processor.py:179} INFO - Processing /home/airflow/.local/lib/python3.7/site-packages/airflow/example_dags/example_dag_decorator.py took 0.708 seconds
[2025-10-05T03:06:49.335+0000] {processor.py:157} INFO - Started process (PID=4007) to work on /home/airflow/.local/lib/python3.7/site-packages/airflow/example_dags/example_dag_decorator.py
[2025-10-05T03:06:49.337+0000] {processor.py:826} INFO - Processing file /home/airflow/.local/lib/python3.7/site-packages/airflow/example_dags/example_dag_decorator.py for tasks to queue
[2025-10-05T03:06:49.339+0000] {logging_mixin.py:149} INFO - [2025-10-05T03:06:49.339+0000] {dagbag.py:541} INFO - Filling up the DagBag from /home/airflow/.local/lib/python3.7/site-packages/airflow/example_dags/example_dag_decorator.py
[2025-10-05T03:06:49.372+0000] {processor.py:836} INFO - DAG(s) dict_keys(['example_dag_decorator']) retrieved from /home/airflow/.local/lib/python3.7/site-packages/airflow/example_dags/example_dag_decorator.py
[2025-10-05T03:06:49.670+0000] {logging_mixin.py:149} INFO - [2025-10-05T03:06:49.670+0000] {dag.py:2726} INFO - Sync 1 DAGs
[2025-10-05T03:06:49.720+0000] {logging_mixin.py:149} INFO - [2025-10-05T03:06:49.720+0000] {dag.py:3490} INFO - Setting next_dagrun for example_dag_decorator to None, run_after=None
[2025-10-05T03:06:49.775+0000] {processor.py:179} INFO - Processing /home/airflow/.local/lib/python3.7/site-packages/airflow/example_dags/example_dag_decorator.py took 0.448 seconds
[2025-10-05T03:07:20.024+0000] {processor.py:157} INFO - Started process (PID=4071) to work on /home/airflow/.local/lib/python3.7/site-packages/airflow/example_dags/example_dag_decorator.py
[2025-10-05T03:07:20.030+0000] {processor.py:826} INFO - Processing file /home/airflow/.local/lib/python3.7/site-packages/airflow/example_dags/example_dag_decorator.py for tasks to queue
[2025-10-05T03:07:20.034+0000] {logging_mixin.py:149} INFO - [2025-10-05T03:07:20.034+0000] {dagbag.py:541} INFO - Filling up the DagBag from /home/airflow/.local/lib/python3.7/site-packages/airflow/example_dags/example_dag_decorator.py
[2025-10-05T03:07:20.069+0000] {processor.py:836} INFO - DAG(s) dict_keys(['example_dag_decorator']) retrieved from /home/airflow/.local/lib/python3.7/site-packages/airflow/example_dags/example_dag_decorator.py
[2025-10-05T03:07:20.365+0000] {logging_mixin.py:149} INFO - [2025-10-05T03:07:20.364+0000] {dag.py:2726} INFO - Sync 1 DAGs
[2025-10-05T03:07:20.439+0000] {logging_mixin.py:149} INFO - [2025-10-05T03:07:20.438+0000] {dag.py:3490} INFO - Setting next_dagrun for example_dag_decorator to None, run_after=None
[2025-10-05T03:07:20.497+0000] {processor.py:179} INFO - Processing /home/airflow/.local/lib/python3.7/site-packages/airflow/example_dags/example_dag_decorator.py took 0.493 seconds
[2025-10-05T03:07:50.916+0000] {processor.py:157} INFO - Started process (PID=4135) to work on /home/airflow/.local/lib/python3.7/site-packages/airflow/example_dags/example_dag_decorator.py
[2025-10-05T03:07:50.919+0000] {processor.py:826} INFO - Processing file /home/airflow/.local/lib/python3.7/site-packages/airflow/example_dags/example_dag_decorator.py for tasks to queue
[2025-10-05T03:07:50.921+0000] {logging_mixin.py:149} INFO - [2025-10-05T03:07:50.921+0000] {dagbag.py:541} INFO - Filling up the DagBag from /home/airflow/.local/lib/python3.7/site-packages/airflow/example_dags/example_dag_decorator.py
[2025-10-05T03:07:50.954+0000] {processor.py:836} INFO - DAG(s) dict_keys(['example_dag_decorator']) retrieved from /home/airflow/.local/lib/python3.7/site-packages/airflow/example_dags/example_dag_decorator.py
[2025-10-05T03:07:51.295+0000] {logging_mixin.py:149} INFO - [2025-10-05T03:07:51.295+0000] {dag.py:2726} INFO - Sync 1 DAGs
[2025-10-05T03:07:51.377+0000] {logging_mixin.py:149} INFO - [2025-10-05T03:07:51.377+0000] {dag.py:3490} INFO - Setting next_dagrun for example_dag_decorator to None, run_after=None
[2025-10-05T03:07:51.428+0000] {processor.py:179} INFO - Processing /home/airflow/.local/lib/python3.7/site-packages/airflow/example_dags/example_dag_decorator.py took 0.520 seconds
[2025-10-05T03:08:21.634+0000] {processor.py:157} INFO - Started process (PID=4199) to work on /home/airflow/.local/lib/python3.7/site-packages/airflow/example_dags/example_dag_decorator.py
[2025-10-05T03:08:21.637+0000] {processor.py:826} INFO - Processing file /home/airflow/.local/lib/python3.7/site-packages/airflow/example_dags/example_dag_decorator.py for tasks to queue
[2025-10-05T03:08:21.639+0000] {logging_mixin.py:149} INFO - [2025-10-05T03:08:21.639+0000] {dagbag.py:541} INFO - Filling up the DagBag from /home/airflow/.local/lib/python3.7/site-packages/airflow/example_dags/example_dag_decorator.py
[2025-10-05T03:08:21.671+0000] {processor.py:836} INFO - DAG(s) dict_keys(['example_dag_decorator']) retrieved from /home/airflow/.local/lib/python3.7/site-packages/airflow/example_dags/example_dag_decorator.py
[2025-10-05T03:08:22.058+0000] {logging_mixin.py:149} INFO - [2025-10-05T03:08:22.058+0000] {dag.py:2726} INFO - Sync 1 DAGs
[2025-10-05T03:08:22.111+0000] {logging_mixin.py:149} INFO - [2025-10-05T03:08:22.111+0000] {dag.py:3490} INFO - Setting next_dagrun for example_dag_decorator to None, run_after=None
[2025-10-05T03:08:22.367+0000] {processor.py:179} INFO - Processing /home/airflow/.local/lib/python3.7/site-packages/airflow/example_dags/example_dag_decorator.py took 0.741 seconds
[2025-10-05T03:08:53.373+0000] {processor.py:157} INFO - Started process (PID=4265) to work on /home/airflow/.local/lib/python3.7/site-packages/airflow/example_dags/example_dag_decorator.py
[2025-10-05T03:08:53.376+0000] {processor.py:826} INFO - Processing file /home/airflow/.local/lib/python3.7/site-packages/airflow/example_dags/example_dag_decorator.py for tasks to queue
[2025-10-05T03:08:53.378+0000] {logging_mixin.py:149} INFO - [2025-10-05T03:08:53.377+0000] {dagbag.py:541} INFO - Filling up the DagBag from /home/airflow/.local/lib/python3.7/site-packages/airflow/example_dags/example_dag_decorator.py
[2025-10-05T03:08:53.410+0000] {processor.py:836} INFO - DAG(s) dict_keys(['example_dag_decorator']) retrieved from /home/airflow/.local/lib/python3.7/site-packages/airflow/example_dags/example_dag_decorator.py
[2025-10-05T03:08:53.666+0000] {logging_mixin.py:149} INFO - [2025-10-05T03:08:53.666+0000] {dag.py:2726} INFO - Sync 1 DAGs
[2025-10-05T03:08:53.724+0000] {logging_mixin.py:149} INFO - [2025-10-05T03:08:53.723+0000] {dag.py:3490} INFO - Setting next_dagrun for example_dag_decorator to None, run_after=None
[2025-10-05T03:08:53.771+0000] {processor.py:179} INFO - Processing /home/airflow/.local/lib/python3.7/site-packages/airflow/example_dags/example_dag_decorator.py took 0.406 seconds
[2025-10-05T03:09:24.145+0000] {processor.py:157} INFO - Started process (PID=4329) to work on /home/airflow/.local/lib/python3.7/site-packages/airflow/example_dags/example_dag_decorator.py
[2025-10-05T03:09:24.148+0000] {processor.py:826} INFO - Processing file /home/airflow/.local/lib/python3.7/site-packages/airflow/example_dags/example_dag_decorator.py for tasks to queue
[2025-10-05T03:09:24.150+0000] {logging_mixin.py:149} INFO - [2025-10-05T03:09:24.150+0000] {dagbag.py:541} INFO - Filling up the DagBag from /home/airflow/.local/lib/python3.7/site-packages/airflow/example_dags/example_dag_decorator.py
[2025-10-05T03:09:24.184+0000] {processor.py:836} INFO - DAG(s) dict_keys(['example_dag_decorator']) retrieved from /home/airflow/.local/lib/python3.7/site-packages/airflow/example_dags/example_dag_decorator.py
[2025-10-05T03:09:24.553+0000] {logging_mixin.py:149} INFO - [2025-10-05T03:09:24.552+0000] {dag.py:2726} INFO - Sync 1 DAGs
[2025-10-05T03:09:24.610+0000] {logging_mixin.py:149} INFO - [2025-10-05T03:09:24.610+0000] {dag.py:3490} INFO - Setting next_dagrun for example_dag_decorator to None, run_after=None
[2025-10-05T03:09:24.656+0000] {processor.py:179} INFO - Processing /home/airflow/.local/lib/python3.7/site-packages/airflow/example_dags/example_dag_decorator.py took 0.521 seconds
[2025-10-05T03:09:54.953+0000] {processor.py:157} INFO - Started process (PID=4393) to work on /home/airflow/.local/lib/python3.7/site-packages/airflow/example_dags/example_dag_decorator.py
[2025-10-05T03:09:54.956+0000] {processor.py:826} INFO - Processing file /home/airflow/.local/lib/python3.7/site-packages/airflow/example_dags/example_dag_decorator.py for tasks to queue
[2025-10-05T03:09:54.959+0000] {logging_mixin.py:149} INFO - [2025-10-05T03:09:54.958+0000] {dagbag.py:541} INFO - Filling up the DagBag from /home/airflow/.local/lib/python3.7/site-packages/airflow/example_dags/example_dag_decorator.py
[2025-10-05T03:09:55.013+0000] {processor.py:836} INFO - DAG(s) dict_keys(['example_dag_decorator']) retrieved from /home/airflow/.local/lib/python3.7/site-packages/airflow/example_dags/example_dag_decorator.py
[2025-10-05T03:09:55.291+0000] {logging_mixin.py:149} INFO - [2025-10-05T03:09:55.290+0000] {dag.py:2726} INFO - Sync 1 DAGs
[2025-10-05T03:09:55.339+0000] {logging_mixin.py:149} INFO - [2025-10-05T03:09:55.338+0000] {dag.py:3490} INFO - Setting next_dagrun for example_dag_decorator to None, run_after=None
[2025-10-05T03:09:55.586+0000] {processor.py:179} INFO - Processing /home/airflow/.local/lib/python3.7/site-packages/airflow/example_dags/example_dag_decorator.py took 0.646 seconds
[2025-10-05T03:10:25.902+0000] {processor.py:157} INFO - Started process (PID=4457) to work on /home/airflow/.local/lib/python3.7/site-packages/airflow/example_dags/example_dag_decorator.py
[2025-10-05T03:10:25.905+0000] {processor.py:826} INFO - Processing file /home/airflow/.local/lib/python3.7/site-packages/airflow/example_dags/example_dag_decorator.py for tasks to queue
[2025-10-05T03:10:25.907+0000] {logging_mixin.py:149} INFO - [2025-10-05T03:10:25.907+0000] {dagbag.py:541} INFO - Filling up the DagBag from /home/airflow/.local/lib/python3.7/site-packages/airflow/example_dags/example_dag_decorator.py
[2025-10-05T03:10:25.942+0000] {processor.py:836} INFO - DAG(s) dict_keys(['example_dag_decorator']) retrieved from /home/airflow/.local/lib/python3.7/site-packages/airflow/example_dags/example_dag_decorator.py
[2025-10-05T03:10:26.223+0000] {logging_mixin.py:149} INFO - [2025-10-05T03:10:26.222+0000] {dag.py:2726} INFO - Sync 1 DAGs
[2025-10-05T03:10:26.274+0000] {logging_mixin.py:149} INFO - [2025-10-05T03:10:26.274+0000] {dag.py:3490} INFO - Setting next_dagrun for example_dag_decorator to None, run_after=None
[2025-10-05T03:10:26.324+0000] {processor.py:179} INFO - Processing /home/airflow/.local/lib/python3.7/site-packages/airflow/example_dags/example_dag_decorator.py took 0.430 seconds
[2025-10-05T03:20:18.623+0000] {processor.py:157} INFO - Started process (PID=4519) to work on /home/airflow/.local/lib/python3.7/site-packages/airflow/example_dags/example_dag_decorator.py
[2025-10-05T03:20:18.626+0000] {processor.py:826} INFO - Processing file /home/airflow/.local/lib/python3.7/site-packages/airflow/example_dags/example_dag_decorator.py for tasks to queue
[2025-10-05T03:20:18.628+0000] {logging_mixin.py:149} INFO - [2025-10-05T03:20:18.628+0000] {dagbag.py:541} INFO - Filling up the DagBag from /home/airflow/.local/lib/python3.7/site-packages/airflow/example_dags/example_dag_decorator.py
[2025-10-05T03:20:18.704+0000] {processor.py:836} INFO - DAG(s) dict_keys(['example_dag_decorator']) retrieved from /home/airflow/.local/lib/python3.7/site-packages/airflow/example_dags/example_dag_decorator.py
[2025-10-05T03:20:19.261+0000] {logging_mixin.py:149} INFO - [2025-10-05T03:20:19.260+0000] {dag.py:2726} INFO - Sync 1 DAGs
[2025-10-05T03:20:19.322+0000] {logging_mixin.py:149} INFO - [2025-10-05T03:20:19.321+0000] {dag.py:3490} INFO - Setting next_dagrun for example_dag_decorator to None, run_after=None
[2025-10-05T03:20:19.380+0000] {processor.py:179} INFO - Processing /home/airflow/.local/lib/python3.7/site-packages/airflow/example_dags/example_dag_decorator.py took 0.779 seconds
[2025-10-05T03:20:49.590+0000] {processor.py:157} INFO - Started process (PID=4583) to work on /home/airflow/.local/lib/python3.7/site-packages/airflow/example_dags/example_dag_decorator.py
[2025-10-05T03:20:49.592+0000] {processor.py:826} INFO - Processing file /home/airflow/.local/lib/python3.7/site-packages/airflow/example_dags/example_dag_decorator.py for tasks to queue
[2025-10-05T03:20:49.594+0000] {logging_mixin.py:149} INFO - [2025-10-05T03:20:49.594+0000] {dagbag.py:541} INFO - Filling up the DagBag from /home/airflow/.local/lib/python3.7/site-packages/airflow/example_dags/example_dag_decorator.py
[2025-10-05T03:20:49.624+0000] {processor.py:836} INFO - DAG(s) dict_keys(['example_dag_decorator']) retrieved from /home/airflow/.local/lib/python3.7/site-packages/airflow/example_dags/example_dag_decorator.py
[2025-10-05T03:20:49.882+0000] {logging_mixin.py:149} INFO - [2025-10-05T03:20:49.882+0000] {dag.py:2726} INFO - Sync 1 DAGs
[2025-10-05T03:20:50.124+0000] {logging_mixin.py:149} INFO - [2025-10-05T03:20:50.124+0000] {dag.py:3490} INFO - Setting next_dagrun for example_dag_decorator to None, run_after=None
[2025-10-05T03:20:50.164+0000] {processor.py:179} INFO - Processing /home/airflow/.local/lib/python3.7/site-packages/airflow/example_dags/example_dag_decorator.py took 0.581 seconds
[2025-10-05T03:21:20.375+0000] {processor.py:157} INFO - Started process (PID=4648) to work on /home/airflow/.local/lib/python3.7/site-packages/airflow/example_dags/example_dag_decorator.py
[2025-10-05T03:21:20.377+0000] {processor.py:826} INFO - Processing file /home/airflow/.local/lib/python3.7/site-packages/airflow/example_dags/example_dag_decorator.py for tasks to queue
[2025-10-05T03:21:20.379+0000] {logging_mixin.py:149} INFO - [2025-10-05T03:21:20.379+0000] {dagbag.py:541} INFO - Filling up the DagBag from /home/airflow/.local/lib/python3.7/site-packages/airflow/example_dags/example_dag_decorator.py
[2025-10-05T03:21:20.404+0000] {processor.py:836} INFO - DAG(s) dict_keys(['example_dag_decorator']) retrieved from /home/airflow/.local/lib/python3.7/site-packages/airflow/example_dags/example_dag_decorator.py
[2025-10-05T03:21:20.652+0000] {logging_mixin.py:149} INFO - [2025-10-05T03:21:20.652+0000] {dag.py:2726} INFO - Sync 1 DAGs
[2025-10-05T03:21:20.703+0000] {logging_mixin.py:149} INFO - [2025-10-05T03:21:20.702+0000] {dag.py:3490} INFO - Setting next_dagrun for example_dag_decorator to None, run_after=None
[2025-10-05T03:21:20.925+0000] {processor.py:179} INFO - Processing /home/airflow/.local/lib/python3.7/site-packages/airflow/example_dags/example_dag_decorator.py took 0.556 seconds
[2025-10-05T03:21:51.076+0000] {processor.py:157} INFO - Started process (PID=4713) to work on /home/airflow/.local/lib/python3.7/site-packages/airflow/example_dags/example_dag_decorator.py
[2025-10-05T03:21:51.078+0000] {processor.py:826} INFO - Processing file /home/airflow/.local/lib/python3.7/site-packages/airflow/example_dags/example_dag_decorator.py for tasks to queue
[2025-10-05T03:21:51.080+0000] {logging_mixin.py:149} INFO - [2025-10-05T03:21:51.079+0000] {dagbag.py:541} INFO - Filling up the DagBag from /home/airflow/.local/lib/python3.7/site-packages/airflow/example_dags/example_dag_decorator.py
[2025-10-05T03:21:51.113+0000] {processor.py:836} INFO - DAG(s) dict_keys(['example_dag_decorator']) retrieved from /home/airflow/.local/lib/python3.7/site-packages/airflow/example_dags/example_dag_decorator.py
[2025-10-05T03:21:51.369+0000] {logging_mixin.py:149} INFO - [2025-10-05T03:21:51.369+0000] {dag.py:2726} INFO - Sync 1 DAGs
[2025-10-05T03:21:51.431+0000] {logging_mixin.py:149} INFO - [2025-10-05T03:21:51.431+0000] {dag.py:3490} INFO - Setting next_dagrun for example_dag_decorator to None, run_after=None
[2025-10-05T03:21:51.473+0000] {processor.py:179} INFO - Processing /home/airflow/.local/lib/python3.7/site-packages/airflow/example_dags/example_dag_decorator.py took 0.404 seconds
[2025-10-05T03:22:22.152+0000] {processor.py:157} INFO - Started process (PID=4777) to work on /home/airflow/.local/lib/python3.7/site-packages/airflow/example_dags/example_dag_decorator.py
[2025-10-05T03:22:22.154+0000] {processor.py:826} INFO - Processing file /home/airflow/.local/lib/python3.7/site-packages/airflow/example_dags/example_dag_decorator.py for tasks to queue
[2025-10-05T03:22:22.156+0000] {logging_mixin.py:149} INFO - [2025-10-05T03:22:22.156+0000] {dagbag.py:541} INFO - Filling up the DagBag from /home/airflow/.local/lib/python3.7/site-packages/airflow/example_dags/example_dag_decorator.py
[2025-10-05T03:22:22.192+0000] {processor.py:836} INFO - DAG(s) dict_keys(['example_dag_decorator']) retrieved from /home/airflow/.local/lib/python3.7/site-packages/airflow/example_dags/example_dag_decorator.py
[2025-10-05T03:22:22.642+0000] {logging_mixin.py:149} INFO - [2025-10-05T03:22:22.642+0000] {dag.py:2726} INFO - Sync 1 DAGs
[2025-10-05T03:22:22.687+0000] {logging_mixin.py:149} INFO - [2025-10-05T03:22:22.686+0000] {dag.py:3490} INFO - Setting next_dagrun for example_dag_decorator to None, run_after=None
[2025-10-05T03:22:22.730+0000] {processor.py:179} INFO - Processing /home/airflow/.local/lib/python3.7/site-packages/airflow/example_dags/example_dag_decorator.py took 0.586 seconds
[2025-10-05T03:22:52.916+0000] {processor.py:157} INFO - Started process (PID=4843) to work on /home/airflow/.local/lib/python3.7/site-packages/airflow/example_dags/example_dag_decorator.py
[2025-10-05T03:22:52.918+0000] {processor.py:826} INFO - Processing file /home/airflow/.local/lib/python3.7/site-packages/airflow/example_dags/example_dag_decorator.py for tasks to queue
[2025-10-05T03:22:52.920+0000] {logging_mixin.py:149} INFO - [2025-10-05T03:22:52.920+0000] {dagbag.py:541} INFO - Filling up the DagBag from /home/airflow/.local/lib/python3.7/site-packages/airflow/example_dags/example_dag_decorator.py
[2025-10-05T03:22:52.947+0000] {processor.py:836} INFO - DAG(s) dict_keys(['example_dag_decorator']) retrieved from /home/airflow/.local/lib/python3.7/site-packages/airflow/example_dags/example_dag_decorator.py
[2025-10-05T03:22:53.186+0000] {logging_mixin.py:149} INFO - [2025-10-05T03:22:53.186+0000] {dag.py:2726} INFO - Sync 1 DAGs
[2025-10-05T03:22:53.409+0000] {logging_mixin.py:149} INFO - [2025-10-05T03:22:53.408+0000] {dag.py:3490} INFO - Setting next_dagrun for example_dag_decorator to None, run_after=None
[2025-10-05T03:22:53.450+0000] {processor.py:179} INFO - Processing /home/airflow/.local/lib/python3.7/site-packages/airflow/example_dags/example_dag_decorator.py took 0.540 seconds
[2025-10-05T03:23:23.689+0000] {processor.py:157} INFO - Started process (PID=4909) to work on /home/airflow/.local/lib/python3.7/site-packages/airflow/example_dags/example_dag_decorator.py
[2025-10-05T03:23:23.691+0000] {processor.py:826} INFO - Processing file /home/airflow/.local/lib/python3.7/site-packages/airflow/example_dags/example_dag_decorator.py for tasks to queue
[2025-10-05T03:23:23.693+0000] {logging_mixin.py:149} INFO - [2025-10-05T03:23:23.692+0000] {dagbag.py:541} INFO - Filling up the DagBag from /home/airflow/.local/lib/python3.7/site-packages/airflow/example_dags/example_dag_decorator.py
[2025-10-05T03:23:23.721+0000] {processor.py:836} INFO - DAG(s) dict_keys(['example_dag_decorator']) retrieved from /home/airflow/.local/lib/python3.7/site-packages/airflow/example_dags/example_dag_decorator.py
[2025-10-05T03:23:23.977+0000] {logging_mixin.py:149} INFO - [2025-10-05T03:23:23.976+0000] {dag.py:2726} INFO - Sync 1 DAGs
[2025-10-05T03:23:24.018+0000] {logging_mixin.py:149} INFO - [2025-10-05T03:23:24.018+0000] {dag.py:3490} INFO - Setting next_dagrun for example_dag_decorator to None, run_after=None
[2025-10-05T03:23:24.239+0000] {processor.py:179} INFO - Processing /home/airflow/.local/lib/python3.7/site-packages/airflow/example_dags/example_dag_decorator.py took 0.555 seconds
[2025-10-05T03:23:54.542+0000] {processor.py:157} INFO - Started process (PID=4974) to work on /home/airflow/.local/lib/python3.7/site-packages/airflow/example_dags/example_dag_decorator.py
[2025-10-05T03:23:54.545+0000] {processor.py:826} INFO - Processing file /home/airflow/.local/lib/python3.7/site-packages/airflow/example_dags/example_dag_decorator.py for tasks to queue
[2025-10-05T03:23:54.547+0000] {logging_mixin.py:149} INFO - [2025-10-05T03:23:54.546+0000] {dagbag.py:541} INFO - Filling up the DagBag from /home/airflow/.local/lib/python3.7/site-packages/airflow/example_dags/example_dag_decorator.py
[2025-10-05T03:23:54.583+0000] {processor.py:836} INFO - DAG(s) dict_keys(['example_dag_decorator']) retrieved from /home/airflow/.local/lib/python3.7/site-packages/airflow/example_dags/example_dag_decorator.py
[2025-10-05T03:23:55.020+0000] {logging_mixin.py:149} INFO - [2025-10-05T03:23:55.020+0000] {dag.py:2726} INFO - Sync 1 DAGs
[2025-10-05T03:23:55.059+0000] {logging_mixin.py:149} INFO - [2025-10-05T03:23:55.059+0000] {dag.py:3490} INFO - Setting next_dagrun for example_dag_decorator to None, run_after=None
[2025-10-05T03:23:55.101+0000] {processor.py:179} INFO - Processing /home/airflow/.local/lib/python3.7/site-packages/airflow/example_dags/example_dag_decorator.py took 0.565 seconds
[2025-10-05T03:24:25.301+0000] {processor.py:157} INFO - Started process (PID=5039) to work on /home/airflow/.local/lib/python3.7/site-packages/airflow/example_dags/example_dag_decorator.py
[2025-10-05T03:24:25.303+0000] {processor.py:826} INFO - Processing file /home/airflow/.local/lib/python3.7/site-packages/airflow/example_dags/example_dag_decorator.py for tasks to queue
[2025-10-05T03:24:25.306+0000] {logging_mixin.py:149} INFO - [2025-10-05T03:24:25.305+0000] {dagbag.py:541} INFO - Filling up the DagBag from /home/airflow/.local/lib/python3.7/site-packages/airflow/example_dags/example_dag_decorator.py
[2025-10-05T03:24:25.331+0000] {processor.py:836} INFO - DAG(s) dict_keys(['example_dag_decorator']) retrieved from /home/airflow/.local/lib/python3.7/site-packages/airflow/example_dags/example_dag_decorator.py
[2025-10-05T03:24:25.674+0000] {logging_mixin.py:149} INFO - [2025-10-05T03:24:25.674+0000] {dag.py:2726} INFO - Sync 1 DAGs
[2025-10-05T03:24:25.711+0000] {logging_mixin.py:149} INFO - [2025-10-05T03:24:25.711+0000] {dag.py:3490} INFO - Setting next_dagrun for example_dag_decorator to None, run_after=None
[2025-10-05T03:24:25.745+0000] {processor.py:179} INFO - Processing /home/airflow/.local/lib/python3.7/site-packages/airflow/example_dags/example_dag_decorator.py took 0.450 seconds
[2025-10-05T03:24:56.796+0000] {processor.py:157} INFO - Started process (PID=5111) to work on /home/airflow/.local/lib/python3.7/site-packages/airflow/example_dags/example_dag_decorator.py
[2025-10-05T03:24:56.798+0000] {processor.py:826} INFO - Processing file /home/airflow/.local/lib/python3.7/site-packages/airflow/example_dags/example_dag_decorator.py for tasks to queue
[2025-10-05T03:24:56.800+0000] {logging_mixin.py:149} INFO - [2025-10-05T03:24:56.800+0000] {dagbag.py:541} INFO - Filling up the DagBag from /home/airflow/.local/lib/python3.7/site-packages/airflow/example_dags/example_dag_decorator.py
[2025-10-05T03:24:56.825+0000] {processor.py:836} INFO - DAG(s) dict_keys(['example_dag_decorator']) retrieved from /home/airflow/.local/lib/python3.7/site-packages/airflow/example_dags/example_dag_decorator.py
[2025-10-05T03:24:57.060+0000] {logging_mixin.py:149} INFO - [2025-10-05T03:24:57.059+0000] {dag.py:2726} INFO - Sync 1 DAGs
[2025-10-05T03:24:57.454+0000] {logging_mixin.py:149} INFO - [2025-10-05T03:24:57.454+0000] {dag.py:3490} INFO - Setting next_dagrun for example_dag_decorator to None, run_after=None
[2025-10-05T03:24:57.567+0000] {processor.py:179} INFO - Processing /home/airflow/.local/lib/python3.7/site-packages/airflow/example_dags/example_dag_decorator.py took 0.777 seconds
[2025-10-05T03:25:35.251+0000] {processor.py:157} INFO - Started process (PID=5175) to work on /home/airflow/.local/lib/python3.7/site-packages/airflow/example_dags/example_dag_decorator.py
[2025-10-05T03:25:35.413+0000] {processor.py:826} INFO - Processing file /home/airflow/.local/lib/python3.7/site-packages/airflow/example_dags/example_dag_decorator.py for tasks to queue
[2025-10-05T03:25:35.592+0000] {logging_mixin.py:149} INFO - [2025-10-05T03:25:35.578+0000] {dagbag.py:541} INFO - Filling up the DagBag from /home/airflow/.local/lib/python3.7/site-packages/airflow/example_dags/example_dag_decorator.py
[2025-10-05T03:25:37.108+0000] {processor.py:836} INFO - DAG(s) dict_keys(['example_dag_decorator']) retrieved from /home/airflow/.local/lib/python3.7/site-packages/airflow/example_dags/example_dag_decorator.py
[2025-10-05T03:25:39.769+0000] {logging_mixin.py:149} INFO - [2025-10-05T03:25:39.769+0000] {dag.py:2726} INFO - Sync 1 DAGs
[2025-10-05T03:25:39.913+0000] {logging_mixin.py:149} INFO - [2025-10-05T03:25:39.912+0000] {dag.py:3490} INFO - Setting next_dagrun for example_dag_decorator to None, run_after=None
[2025-10-05T03:25:40.035+0000] {processor.py:179} INFO - Processing /home/airflow/.local/lib/python3.7/site-packages/airflow/example_dags/example_dag_decorator.py took 5.029 seconds
[2025-10-05T03:26:10.845+0000] {processor.py:157} INFO - Started process (PID=5239) to work on /home/airflow/.local/lib/python3.7/site-packages/airflow/example_dags/example_dag_decorator.py
[2025-10-05T03:26:10.848+0000] {processor.py:826} INFO - Processing file /home/airflow/.local/lib/python3.7/site-packages/airflow/example_dags/example_dag_decorator.py for tasks to queue
[2025-10-05T03:26:10.850+0000] {logging_mixin.py:149} INFO - [2025-10-05T03:26:10.850+0000] {dagbag.py:541} INFO - Filling up the DagBag from /home/airflow/.local/lib/python3.7/site-packages/airflow/example_dags/example_dag_decorator.py
[2025-10-05T03:26:10.881+0000] {processor.py:836} INFO - DAG(s) dict_keys(['example_dag_decorator']) retrieved from /home/airflow/.local/lib/python3.7/site-packages/airflow/example_dags/example_dag_decorator.py
[2025-10-05T03:26:11.250+0000] {logging_mixin.py:149} INFO - [2025-10-05T03:26:11.250+0000] {dag.py:2726} INFO - Sync 1 DAGs
[2025-10-05T03:26:11.289+0000] {logging_mixin.py:149} INFO - [2025-10-05T03:26:11.289+0000] {dag.py:3490} INFO - Setting next_dagrun for example_dag_decorator to None, run_after=None
[2025-10-05T03:26:11.330+0000] {processor.py:179} INFO - Processing /home/airflow/.local/lib/python3.7/site-packages/airflow/example_dags/example_dag_decorator.py took 0.492 seconds
[2025-10-05T03:26:41.550+0000] {processor.py:157} INFO - Started process (PID=5303) to work on /home/airflow/.local/lib/python3.7/site-packages/airflow/example_dags/example_dag_decorator.py
[2025-10-05T03:26:41.552+0000] {processor.py:826} INFO - Processing file /home/airflow/.local/lib/python3.7/site-packages/airflow/example_dags/example_dag_decorator.py for tasks to queue
[2025-10-05T03:26:41.554+0000] {logging_mixin.py:149} INFO - [2025-10-05T03:26:41.554+0000] {dagbag.py:541} INFO - Filling up the DagBag from /home/airflow/.local/lib/python3.7/site-packages/airflow/example_dags/example_dag_decorator.py
[2025-10-05T03:26:41.582+0000] {processor.py:836} INFO - DAG(s) dict_keys(['example_dag_decorator']) retrieved from /home/airflow/.local/lib/python3.7/site-packages/airflow/example_dags/example_dag_decorator.py
[2025-10-05T03:26:41.970+0000] {logging_mixin.py:149} INFO - [2025-10-05T03:26:41.970+0000] {dag.py:2726} INFO - Sync 1 DAGs
[2025-10-05T03:26:42.010+0000] {logging_mixin.py:149} INFO - [2025-10-05T03:26:42.009+0000] {dag.py:3490} INFO - Setting next_dagrun for example_dag_decorator to None, run_after=None
[2025-10-05T03:26:42.045+0000] {processor.py:179} INFO - Processing /home/airflow/.local/lib/python3.7/site-packages/airflow/example_dags/example_dag_decorator.py took 0.501 seconds
[2025-10-05T03:27:12.126+0000] {processor.py:157} INFO - Started process (PID=5367) to work on /home/airflow/.local/lib/python3.7/site-packages/airflow/example_dags/example_dag_decorator.py
[2025-10-05T03:27:12.128+0000] {processor.py:826} INFO - Processing file /home/airflow/.local/lib/python3.7/site-packages/airflow/example_dags/example_dag_decorator.py for tasks to queue
[2025-10-05T03:27:12.129+0000] {logging_mixin.py:149} INFO - [2025-10-05T03:27:12.129+0000] {dagbag.py:541} INFO - Filling up the DagBag from /home/airflow/.local/lib/python3.7/site-packages/airflow/example_dags/example_dag_decorator.py
[2025-10-05T03:27:12.153+0000] {processor.py:836} INFO - DAG(s) dict_keys(['example_dag_decorator']) retrieved from /home/airflow/.local/lib/python3.7/site-packages/airflow/example_dags/example_dag_decorator.py
[2025-10-05T03:27:12.755+0000] {logging_mixin.py:149} INFO - [2025-10-05T03:27:12.754+0000] {dag.py:2726} INFO - Sync 1 DAGs
[2025-10-05T03:27:12.810+0000] {logging_mixin.py:149} INFO - [2025-10-05T03:27:12.810+0000] {dag.py:3490} INFO - Setting next_dagrun for example_dag_decorator to None, run_after=None
[2025-10-05T03:27:12.855+0000] {processor.py:179} INFO - Processing /home/airflow/.local/lib/python3.7/site-packages/airflow/example_dags/example_dag_decorator.py took 0.735 seconds
[2025-10-05T03:27:43.119+0000] {processor.py:157} INFO - Started process (PID=5431) to work on /home/airflow/.local/lib/python3.7/site-packages/airflow/example_dags/example_dag_decorator.py
[2025-10-05T03:27:43.121+0000] {processor.py:826} INFO - Processing file /home/airflow/.local/lib/python3.7/site-packages/airflow/example_dags/example_dag_decorator.py for tasks to queue
[2025-10-05T03:27:43.123+0000] {logging_mixin.py:149} INFO - [2025-10-05T03:27:43.123+0000] {dagbag.py:541} INFO - Filling up the DagBag from /home/airflow/.local/lib/python3.7/site-packages/airflow/example_dags/example_dag_decorator.py
[2025-10-05T03:27:43.148+0000] {processor.py:836} INFO - DAG(s) dict_keys(['example_dag_decorator']) retrieved from /home/airflow/.local/lib/python3.7/site-packages/airflow/example_dags/example_dag_decorator.py
[2025-10-05T03:27:43.654+0000] {logging_mixin.py:149} INFO - [2025-10-05T03:27:43.653+0000] {dag.py:2726} INFO - Sync 1 DAGs
[2025-10-05T03:27:43.765+0000] {logging_mixin.py:149} INFO - [2025-10-05T03:27:43.764+0000] {dag.py:3490} INFO - Setting next_dagrun for example_dag_decorator to None, run_after=None
[2025-10-05T03:27:43.866+0000] {processor.py:179} INFO - Processing /home/airflow/.local/lib/python3.7/site-packages/airflow/example_dags/example_dag_decorator.py took 0.753 seconds
[2025-10-05T03:28:14.242+0000] {processor.py:157} INFO - Started process (PID=5495) to work on /home/airflow/.local/lib/python3.7/site-packages/airflow/example_dags/example_dag_decorator.py
[2025-10-05T03:28:14.244+0000] {processor.py:826} INFO - Processing file /home/airflow/.local/lib/python3.7/site-packages/airflow/example_dags/example_dag_decorator.py for tasks to queue
[2025-10-05T03:28:14.246+0000] {logging_mixin.py:149} INFO - [2025-10-05T03:28:14.246+0000] {dagbag.py:541} INFO - Filling up the DagBag from /home/airflow/.local/lib/python3.7/site-packages/airflow/example_dags/example_dag_decorator.py
[2025-10-05T03:28:14.273+0000] {processor.py:836} INFO - DAG(s) dict_keys(['example_dag_decorator']) retrieved from /home/airflow/.local/lib/python3.7/site-packages/airflow/example_dags/example_dag_decorator.py
[2025-10-05T03:28:14.704+0000] {logging_mixin.py:149} INFO - [2025-10-05T03:28:14.703+0000] {dag.py:2726} INFO - Sync 1 DAGs
[2025-10-05T03:28:14.749+0000] {logging_mixin.py:149} INFO - [2025-10-05T03:28:14.749+0000] {dag.py:3490} INFO - Setting next_dagrun for example_dag_decorator to None, run_after=None
[2025-10-05T03:28:14.823+0000] {processor.py:179} INFO - Processing /home/airflow/.local/lib/python3.7/site-packages/airflow/example_dags/example_dag_decorator.py took 0.589 seconds
[2025-10-05T03:28:45.376+0000] {processor.py:157} INFO - Started process (PID=5561) to work on /home/airflow/.local/lib/python3.7/site-packages/airflow/example_dags/example_dag_decorator.py
[2025-10-05T03:28:45.379+0000] {processor.py:826} INFO - Processing file /home/airflow/.local/lib/python3.7/site-packages/airflow/example_dags/example_dag_decorator.py for tasks to queue
[2025-10-05T03:28:45.380+0000] {logging_mixin.py:149} INFO - [2025-10-05T03:28:45.380+0000] {dagbag.py:541} INFO - Filling up the DagBag from /home/airflow/.local/lib/python3.7/site-packages/airflow/example_dags/example_dag_decorator.py
[2025-10-05T03:28:45.428+0000] {processor.py:836} INFO - DAG(s) dict_keys(['example_dag_decorator']) retrieved from /home/airflow/.local/lib/python3.7/site-packages/airflow/example_dags/example_dag_decorator.py
[2025-10-05T03:28:45.912+0000] {logging_mixin.py:149} INFO - [2025-10-05T03:28:45.912+0000] {dag.py:2726} INFO - Sync 1 DAGs
[2025-10-05T03:28:45.957+0000] {logging_mixin.py:149} INFO - [2025-10-05T03:28:45.956+0000] {dag.py:3490} INFO - Setting next_dagrun for example_dag_decorator to None, run_after=None
[2025-10-05T03:28:45.999+0000] {processor.py:179} INFO - Processing /home/airflow/.local/lib/python3.7/site-packages/airflow/example_dags/example_dag_decorator.py took 0.630 seconds
[2025-10-05T03:29:17.062+0000] {processor.py:157} INFO - Started process (PID=5625) to work on /home/airflow/.local/lib/python3.7/site-packages/airflow/example_dags/example_dag_decorator.py
[2025-10-05T03:29:17.066+0000] {processor.py:826} INFO - Processing file /home/airflow/.local/lib/python3.7/site-packages/airflow/example_dags/example_dag_decorator.py for tasks to queue
[2025-10-05T03:29:17.069+0000] {logging_mixin.py:149} INFO - [2025-10-05T03:29:17.069+0000] {dagbag.py:541} INFO - Filling up the DagBag from /home/airflow/.local/lib/python3.7/site-packages/airflow/example_dags/example_dag_decorator.py
[2025-10-05T03:29:17.126+0000] {processor.py:836} INFO - DAG(s) dict_keys(['example_dag_decorator']) retrieved from /home/airflow/.local/lib/python3.7/site-packages/airflow/example_dags/example_dag_decorator.py
[2025-10-05T03:29:17.580+0000] {logging_mixin.py:149} INFO - [2025-10-05T03:29:17.580+0000] {dag.py:2726} INFO - Sync 1 DAGs
[2025-10-05T03:29:17.630+0000] {logging_mixin.py:149} INFO - [2025-10-05T03:29:17.630+0000] {dag.py:3490} INFO - Setting next_dagrun for example_dag_decorator to None, run_after=None
[2025-10-05T03:29:17.677+0000] {processor.py:179} INFO - Processing /home/airflow/.local/lib/python3.7/site-packages/airflow/example_dags/example_dag_decorator.py took 0.631 seconds
[2025-10-05T03:29:47.868+0000] {processor.py:157} INFO - Started process (PID=5689) to work on /home/airflow/.local/lib/python3.7/site-packages/airflow/example_dags/example_dag_decorator.py
[2025-10-05T03:29:47.871+0000] {processor.py:826} INFO - Processing file /home/airflow/.local/lib/python3.7/site-packages/airflow/example_dags/example_dag_decorator.py for tasks to queue
[2025-10-05T03:29:47.873+0000] {logging_mixin.py:149} INFO - [2025-10-05T03:29:47.872+0000] {dagbag.py:541} INFO - Filling up the DagBag from /home/airflow/.local/lib/python3.7/site-packages/airflow/example_dags/example_dag_decorator.py
[2025-10-05T03:29:47.905+0000] {processor.py:836} INFO - DAG(s) dict_keys(['example_dag_decorator']) retrieved from /home/airflow/.local/lib/python3.7/site-packages/airflow/example_dags/example_dag_decorator.py
[2025-10-05T03:29:48.558+0000] {logging_mixin.py:149} INFO - [2025-10-05T03:29:48.558+0000] {dag.py:2726} INFO - Sync 1 DAGs
[2025-10-05T03:29:48.624+0000] {logging_mixin.py:149} INFO - [2025-10-05T03:29:48.624+0000] {dag.py:3490} INFO - Setting next_dagrun for example_dag_decorator to None, run_after=None
[2025-10-05T03:29:48.680+0000] {processor.py:179} INFO - Processing /home/airflow/.local/lib/python3.7/site-packages/airflow/example_dags/example_dag_decorator.py took 0.826 seconds
[2025-10-05T03:30:20.292+0000] {processor.py:157} INFO - Started process (PID=5752) to work on /home/airflow/.local/lib/python3.7/site-packages/airflow/example_dags/example_dag_decorator.py
[2025-10-05T03:30:20.295+0000] {processor.py:826} INFO - Processing file /home/airflow/.local/lib/python3.7/site-packages/airflow/example_dags/example_dag_decorator.py for tasks to queue
[2025-10-05T03:30:20.299+0000] {logging_mixin.py:149} INFO - [2025-10-05T03:30:20.298+0000] {dagbag.py:541} INFO - Filling up the DagBag from /home/airflow/.local/lib/python3.7/site-packages/airflow/example_dags/example_dag_decorator.py
[2025-10-05T03:30:20.357+0000] {processor.py:836} INFO - DAG(s) dict_keys(['example_dag_decorator']) retrieved from /home/airflow/.local/lib/python3.7/site-packages/airflow/example_dags/example_dag_decorator.py
[2025-10-05T03:30:21.067+0000] {logging_mixin.py:149} INFO - [2025-10-05T03:30:21.067+0000] {dag.py:2726} INFO - Sync 1 DAGs
[2025-10-05T03:30:21.165+0000] {logging_mixin.py:149} INFO - [2025-10-05T03:30:21.165+0000] {dag.py:3490} INFO - Setting next_dagrun for example_dag_decorator to None, run_after=None
[2025-10-05T03:30:21.236+0000] {processor.py:179} INFO - Processing /home/airflow/.local/lib/python3.7/site-packages/airflow/example_dags/example_dag_decorator.py took 0.956 seconds
[2025-10-05T03:30:51.505+0000] {processor.py:157} INFO - Started process (PID=5816) to work on /home/airflow/.local/lib/python3.7/site-packages/airflow/example_dags/example_dag_decorator.py
[2025-10-05T03:30:51.508+0000] {processor.py:826} INFO - Processing file /home/airflow/.local/lib/python3.7/site-packages/airflow/example_dags/example_dag_decorator.py for tasks to queue
[2025-10-05T03:30:51.510+0000] {logging_mixin.py:149} INFO - [2025-10-05T03:30:51.509+0000] {dagbag.py:541} INFO - Filling up the DagBag from /home/airflow/.local/lib/python3.7/site-packages/airflow/example_dags/example_dag_decorator.py
[2025-10-05T03:30:51.541+0000] {processor.py:836} INFO - DAG(s) dict_keys(['example_dag_decorator']) retrieved from /home/airflow/.local/lib/python3.7/site-packages/airflow/example_dags/example_dag_decorator.py
[2025-10-05T03:30:51.762+0000] {logging_mixin.py:149} INFO - [2025-10-05T03:30:51.761+0000] {dag.py:2726} INFO - Sync 1 DAGs
[2025-10-05T03:30:51.807+0000] {logging_mixin.py:149} INFO - [2025-10-05T03:30:51.807+0000] {dag.py:3490} INFO - Setting next_dagrun for example_dag_decorator to None, run_after=None
[2025-10-05T03:30:51.872+0000] {processor.py:179} INFO - Processing /home/airflow/.local/lib/python3.7/site-packages/airflow/example_dags/example_dag_decorator.py took 0.375 seconds
[2025-10-05T03:31:22.203+0000] {processor.py:157} INFO - Started process (PID=5880) to work on /home/airflow/.local/lib/python3.7/site-packages/airflow/example_dags/example_dag_decorator.py
[2025-10-05T03:31:22.205+0000] {processor.py:826} INFO - Processing file /home/airflow/.local/lib/python3.7/site-packages/airflow/example_dags/example_dag_decorator.py for tasks to queue
[2025-10-05T03:31:22.207+0000] {logging_mixin.py:149} INFO - [2025-10-05T03:31:22.207+0000] {dagbag.py:541} INFO - Filling up the DagBag from /home/airflow/.local/lib/python3.7/site-packages/airflow/example_dags/example_dag_decorator.py
[2025-10-05T03:31:22.239+0000] {processor.py:836} INFO - DAG(s) dict_keys(['example_dag_decorator']) retrieved from /home/airflow/.local/lib/python3.7/site-packages/airflow/example_dags/example_dag_decorator.py
[2025-10-05T03:31:22.522+0000] {logging_mixin.py:149} INFO - [2025-10-05T03:31:22.522+0000] {dag.py:2726} INFO - Sync 1 DAGs
[2025-10-05T03:31:22.573+0000] {logging_mixin.py:149} INFO - [2025-10-05T03:31:22.572+0000] {dag.py:3490} INFO - Setting next_dagrun for example_dag_decorator to None, run_after=None
[2025-10-05T03:31:22.617+0000] {processor.py:179} INFO - Processing /home/airflow/.local/lib/python3.7/site-packages/airflow/example_dags/example_dag_decorator.py took 0.420 seconds
[2025-10-05T03:31:53.462+0000] {processor.py:157} INFO - Started process (PID=5944) to work on /home/airflow/.local/lib/python3.7/site-packages/airflow/example_dags/example_dag_decorator.py
[2025-10-05T03:31:53.465+0000] {processor.py:826} INFO - Processing file /home/airflow/.local/lib/python3.7/site-packages/airflow/example_dags/example_dag_decorator.py for tasks to queue
[2025-10-05T03:31:53.467+0000] {logging_mixin.py:149} INFO - [2025-10-05T03:31:53.467+0000] {dagbag.py:541} INFO - Filling up the DagBag from /home/airflow/.local/lib/python3.7/site-packages/airflow/example_dags/example_dag_decorator.py
[2025-10-05T03:31:53.503+0000] {processor.py:836} INFO - DAG(s) dict_keys(['example_dag_decorator']) retrieved from /home/airflow/.local/lib/python3.7/site-packages/airflow/example_dags/example_dag_decorator.py
[2025-10-05T03:31:53.730+0000] {logging_mixin.py:149} INFO - [2025-10-05T03:31:53.730+0000] {dag.py:2726} INFO - Sync 1 DAGs
[2025-10-05T03:31:53.778+0000] {logging_mixin.py:149} INFO - [2025-10-05T03:31:53.777+0000] {dag.py:3490} INFO - Setting next_dagrun for example_dag_decorator to None, run_after=None
[2025-10-05T03:31:53.833+0000] {processor.py:179} INFO - Processing /home/airflow/.local/lib/python3.7/site-packages/airflow/example_dags/example_dag_decorator.py took 0.379 seconds
[2025-10-05T03:32:24.365+0000] {processor.py:157} INFO - Started process (PID=6009) to work on /home/airflow/.local/lib/python3.7/site-packages/airflow/example_dags/example_dag_decorator.py
[2025-10-05T03:32:24.367+0000] {processor.py:826} INFO - Processing file /home/airflow/.local/lib/python3.7/site-packages/airflow/example_dags/example_dag_decorator.py for tasks to queue
[2025-10-05T03:32:24.369+0000] {logging_mixin.py:149} INFO - [2025-10-05T03:32:24.368+0000] {dagbag.py:541} INFO - Filling up the DagBag from /home/airflow/.local/lib/python3.7/site-packages/airflow/example_dags/example_dag_decorator.py
[2025-10-05T03:32:24.395+0000] {processor.py:836} INFO - DAG(s) dict_keys(['example_dag_decorator']) retrieved from /home/airflow/.local/lib/python3.7/site-packages/airflow/example_dags/example_dag_decorator.py
[2025-10-05T03:32:24.610+0000] {logging_mixin.py:149} INFO - [2025-10-05T03:32:24.610+0000] {dag.py:2726} INFO - Sync 1 DAGs
[2025-10-05T03:32:24.658+0000] {logging_mixin.py:149} INFO - [2025-10-05T03:32:24.658+0000] {dag.py:3490} INFO - Setting next_dagrun for example_dag_decorator to None, run_after=None
[2025-10-05T03:32:24.702+0000] {processor.py:179} INFO - Processing /home/airflow/.local/lib/python3.7/site-packages/airflow/example_dags/example_dag_decorator.py took 0.344 seconds
[2025-10-05T03:32:54.784+0000] {processor.py:157} INFO - Started process (PID=6072) to work on /home/airflow/.local/lib/python3.7/site-packages/airflow/example_dags/example_dag_decorator.py
[2025-10-05T03:32:54.786+0000] {processor.py:826} INFO - Processing file /home/airflow/.local/lib/python3.7/site-packages/airflow/example_dags/example_dag_decorator.py for tasks to queue
[2025-10-05T03:32:54.787+0000] {logging_mixin.py:149} INFO - [2025-10-05T03:32:54.787+0000] {dagbag.py:541} INFO - Filling up the DagBag from /home/airflow/.local/lib/python3.7/site-packages/airflow/example_dags/example_dag_decorator.py
[2025-10-05T03:32:54.812+0000] {processor.py:836} INFO - DAG(s) dict_keys(['example_dag_decorator']) retrieved from /home/airflow/.local/lib/python3.7/site-packages/airflow/example_dags/example_dag_decorator.py
[2025-10-05T03:32:55.039+0000] {logging_mixin.py:149} INFO - [2025-10-05T03:32:55.039+0000] {dag.py:2726} INFO - Sync 1 DAGs
[2025-10-05T03:32:55.084+0000] {logging_mixin.py:149} INFO - [2025-10-05T03:32:55.084+0000] {dag.py:3490} INFO - Setting next_dagrun for example_dag_decorator to None, run_after=None
[2025-10-05T03:32:55.135+0000] {processor.py:179} INFO - Processing /home/airflow/.local/lib/python3.7/site-packages/airflow/example_dags/example_dag_decorator.py took 0.357 seconds
[2025-10-05T03:33:25.388+0000] {processor.py:157} INFO - Started process (PID=6136) to work on /home/airflow/.local/lib/python3.7/site-packages/airflow/example_dags/example_dag_decorator.py
[2025-10-05T03:33:25.391+0000] {processor.py:826} INFO - Processing file /home/airflow/.local/lib/python3.7/site-packages/airflow/example_dags/example_dag_decorator.py for tasks to queue
[2025-10-05T03:33:25.394+0000] {logging_mixin.py:149} INFO - [2025-10-05T03:33:25.394+0000] {dagbag.py:541} INFO - Filling up the DagBag from /home/airflow/.local/lib/python3.7/site-packages/airflow/example_dags/example_dag_decorator.py
[2025-10-05T03:33:25.431+0000] {processor.py:836} INFO - DAG(s) dict_keys(['example_dag_decorator']) retrieved from /home/airflow/.local/lib/python3.7/site-packages/airflow/example_dags/example_dag_decorator.py
[2025-10-05T03:33:25.856+0000] {logging_mixin.py:149} INFO - [2025-10-05T03:33:25.856+0000] {dag.py:2726} INFO - Sync 1 DAGs
[2025-10-05T03:33:25.948+0000] {logging_mixin.py:149} INFO - [2025-10-05T03:33:25.948+0000] {dag.py:3490} INFO - Setting next_dagrun for example_dag_decorator to None, run_after=None
[2025-10-05T03:33:26.013+0000] {processor.py:179} INFO - Processing /home/airflow/.local/lib/python3.7/site-packages/airflow/example_dags/example_dag_decorator.py took 0.634 seconds
[2025-10-05T03:33:56.187+0000] {processor.py:157} INFO - Started process (PID=6200) to work on /home/airflow/.local/lib/python3.7/site-packages/airflow/example_dags/example_dag_decorator.py
[2025-10-05T03:33:56.189+0000] {processor.py:826} INFO - Processing file /home/airflow/.local/lib/python3.7/site-packages/airflow/example_dags/example_dag_decorator.py for tasks to queue
[2025-10-05T03:33:56.190+0000] {logging_mixin.py:149} INFO - [2025-10-05T03:33:56.190+0000] {dagbag.py:541} INFO - Filling up the DagBag from /home/airflow/.local/lib/python3.7/site-packages/airflow/example_dags/example_dag_decorator.py
[2025-10-05T03:33:56.219+0000] {processor.py:836} INFO - DAG(s) dict_keys(['example_dag_decorator']) retrieved from /home/airflow/.local/lib/python3.7/site-packages/airflow/example_dags/example_dag_decorator.py
[2025-10-05T03:33:56.245+0000] {logging_mixin.py:149} INFO - [2025-10-05T03:33:56.244+0000] {dag.py:2726} INFO - Sync 1 DAGs
[2025-10-05T03:33:56.288+0000] {logging_mixin.py:149} INFO - [2025-10-05T03:33:56.288+0000] {dag.py:3490} INFO - Setting next_dagrun for example_dag_decorator to None, run_after=None
[2025-10-05T03:33:56.351+0000] {processor.py:179} INFO - Processing /home/airflow/.local/lib/python3.7/site-packages/airflow/example_dags/example_dag_decorator.py took 0.168 seconds
[2025-10-05T03:34:48.493+0000] {processor.py:157} INFO - Started process (PID=6272) to work on /home/airflow/.local/lib/python3.7/site-packages/airflow/example_dags/example_dag_decorator.py
[2025-10-05T03:34:48.941+0000] {processor.py:826} INFO - Processing file /home/airflow/.local/lib/python3.7/site-packages/airflow/example_dags/example_dag_decorator.py for tasks to queue
[2025-10-05T03:34:49.026+0000] {logging_mixin.py:149} INFO - [2025-10-05T03:34:49.009+0000] {dagbag.py:541} INFO - Filling up the DagBag from /home/airflow/.local/lib/python3.7/site-packages/airflow/example_dags/example_dag_decorator.py
[2025-10-05T03:34:50.977+0000] {processor.py:836} INFO - DAG(s) dict_keys(['example_dag_decorator']) retrieved from /home/airflow/.local/lib/python3.7/site-packages/airflow/example_dags/example_dag_decorator.py
[2025-10-05T03:34:55.566+0000] {logging_mixin.py:149} INFO - [2025-10-05T03:34:55.565+0000] {dag.py:2726} INFO - Sync 1 DAGs
[2025-10-05T03:34:55.674+0000] {logging_mixin.py:149} INFO - [2025-10-05T03:34:55.674+0000] {dag.py:3490} INFO - Setting next_dagrun for example_dag_decorator to None, run_after=None
[2025-10-05T03:34:55.781+0000] {processor.py:179} INFO - Processing /home/airflow/.local/lib/python3.7/site-packages/airflow/example_dags/example_dag_decorator.py took 7.729 seconds
[2025-10-05T03:35:46.939+0000] {processor.py:157} INFO - Started process (PID=6344) to work on /home/airflow/.local/lib/python3.7/site-packages/airflow/example_dags/example_dag_decorator.py
[2025-10-05T03:35:46.943+0000] {processor.py:826} INFO - Processing file /home/airflow/.local/lib/python3.7/site-packages/airflow/example_dags/example_dag_decorator.py for tasks to queue
[2025-10-05T03:35:46.954+0000] {logging_mixin.py:149} INFO - [2025-10-05T03:35:46.945+0000] {dagbag.py:541} INFO - Filling up the DagBag from /home/airflow/.local/lib/python3.7/site-packages/airflow/example_dags/example_dag_decorator.py
[2025-10-05T03:35:47.021+0000] {processor.py:836} INFO - DAG(s) dict_keys(['example_dag_decorator']) retrieved from /home/airflow/.local/lib/python3.7/site-packages/airflow/example_dags/example_dag_decorator.py
[2025-10-05T03:35:47.525+0000] {logging_mixin.py:149} INFO - [2025-10-05T03:35:47.525+0000] {dag.py:2726} INFO - Sync 1 DAGs
[2025-10-05T03:35:47.670+0000] {logging_mixin.py:149} INFO - [2025-10-05T03:35:47.670+0000] {dag.py:3490} INFO - Setting next_dagrun for example_dag_decorator to None, run_after=None
[2025-10-05T03:35:47.765+0000] {processor.py:179} INFO - Processing /home/airflow/.local/lib/python3.7/site-packages/airflow/example_dags/example_dag_decorator.py took 0.845 seconds
