[2025-10-05T02:45:40.725+0000] {processor.py:157} INFO - Started process (PID=1564) to work on /home/airflow/.local/lib/python3.7/site-packages/airflow/example_dags/example_sensors.py
[2025-10-05T02:45:40.746+0000] {processor.py:826} INFO - Processing file /home/airflow/.local/lib/python3.7/site-packages/airflow/example_dags/example_sensors.py for tasks to queue
[2025-10-05T02:45:40.766+0000] {logging_mixin.py:149} INFO - [2025-10-05T02:45:40.764+0000] {dagbag.py:541} INFO - Filling up the DagBag from /home/airflow/.local/lib/python3.7/site-packages/airflow/example_dags/example_sensors.py
[2025-10-05T02:45:40.929+0000] {processor.py:836} INFO - DAG(s) dict_keys(['example_sensors']) retrieved from /home/airflow/.local/lib/python3.7/site-packages/airflow/example_dags/example_sensors.py
[2025-10-05T02:45:41.393+0000] {logging_mixin.py:149} INFO - [2025-10-05T02:45:41.392+0000] {dag.py:2726} INFO - Sync 1 DAGs
[2025-10-05T02:45:41.777+0000] {logging_mixin.py:149} INFO - [2025-10-05T02:45:41.776+0000] {dag.py:3490} INFO - Setting next_dagrun for example_sensors to None, run_after=None
[2025-10-05T02:45:42.114+0000] {processor.py:179} INFO - Processing /home/airflow/.local/lib/python3.7/site-packages/airflow/example_dags/example_sensors.py took 1.426 seconds
[2025-10-05T02:46:30.877+0000] {processor.py:157} INFO - Started process (PID=1633) to work on /home/airflow/.local/lib/python3.7/site-packages/airflow/example_dags/example_sensors.py
[2025-10-05T02:46:30.885+0000] {processor.py:826} INFO - Processing file /home/airflow/.local/lib/python3.7/site-packages/airflow/example_dags/example_sensors.py for tasks to queue
[2025-10-05T02:46:30.893+0000] {logging_mixin.py:149} INFO - [2025-10-05T02:46:30.892+0000] {dagbag.py:541} INFO - Filling up the DagBag from /home/airflow/.local/lib/python3.7/site-packages/airflow/example_dags/example_sensors.py
[2025-10-05T02:46:30.978+0000] {processor.py:836} INFO - DAG(s) dict_keys(['example_sensors']) retrieved from /home/airflow/.local/lib/python3.7/site-packages/airflow/example_dags/example_sensors.py
[2025-10-05T02:46:31.269+0000] {logging_mixin.py:149} INFO - [2025-10-05T02:46:31.258+0000] {dag.py:2726} INFO - Sync 1 DAGs
[2025-10-05T02:46:31.595+0000] {logging_mixin.py:149} INFO - [2025-10-05T02:46:31.594+0000] {dag.py:3490} INFO - Setting next_dagrun for example_sensors to None, run_after=None
[2025-10-05T02:46:31.812+0000] {processor.py:179} INFO - Processing /home/airflow/.local/lib/python3.7/site-packages/airflow/example_dags/example_sensors.py took 0.978 seconds
[2025-10-05T02:47:13.490+0000] {processor.py:157} INFO - Started process (PID=1700) to work on /home/airflow/.local/lib/python3.7/site-packages/airflow/example_dags/example_sensors.py
[2025-10-05T02:47:13.494+0000] {processor.py:826} INFO - Processing file /home/airflow/.local/lib/python3.7/site-packages/airflow/example_dags/example_sensors.py for tasks to queue
[2025-10-05T02:47:13.505+0000] {logging_mixin.py:149} INFO - [2025-10-05T02:47:13.502+0000] {dagbag.py:541} INFO - Filling up the DagBag from /home/airflow/.local/lib/python3.7/site-packages/airflow/example_dags/example_sensors.py
[2025-10-05T02:47:13.574+0000] {processor.py:836} INFO - DAG(s) dict_keys(['example_sensors']) retrieved from /home/airflow/.local/lib/python3.7/site-packages/airflow/example_dags/example_sensors.py
[2025-10-05T02:47:13.783+0000] {logging_mixin.py:149} INFO - [2025-10-05T02:47:13.783+0000] {dag.py:2726} INFO - Sync 1 DAGs
[2025-10-05T02:47:13.899+0000] {logging_mixin.py:149} INFO - [2025-10-05T02:47:13.898+0000] {dag.py:3490} INFO - Setting next_dagrun for example_sensors to None, run_after=None
[2025-10-05T02:47:14.005+0000] {processor.py:179} INFO - Processing /home/airflow/.local/lib/python3.7/site-packages/airflow/example_dags/example_sensors.py took 0.539 seconds
[2025-10-05T02:47:46.151+0000] {processor.py:157} INFO - Started process (PID=1761) to work on /home/airflow/.local/lib/python3.7/site-packages/airflow/example_dags/example_sensors.py
[2025-10-05T02:47:46.155+0000] {processor.py:826} INFO - Processing file /home/airflow/.local/lib/python3.7/site-packages/airflow/example_dags/example_sensors.py for tasks to queue
[2025-10-05T02:47:46.159+0000] {logging_mixin.py:149} INFO - [2025-10-05T02:47:46.158+0000] {dagbag.py:541} INFO - Filling up the DagBag from /home/airflow/.local/lib/python3.7/site-packages/airflow/example_dags/example_sensors.py
[2025-10-05T02:47:46.213+0000] {processor.py:836} INFO - DAG(s) dict_keys(['example_sensors']) retrieved from /home/airflow/.local/lib/python3.7/site-packages/airflow/example_dags/example_sensors.py
[2025-10-05T02:47:46.358+0000] {logging_mixin.py:149} INFO - [2025-10-05T02:47:46.358+0000] {dag.py:2726} INFO - Sync 1 DAGs
[2025-10-05T02:47:46.534+0000] {logging_mixin.py:149} INFO - [2025-10-05T02:47:46.533+0000] {dag.py:3490} INFO - Setting next_dagrun for example_sensors to None, run_after=None
[2025-10-05T02:47:46.656+0000] {processor.py:179} INFO - Processing /home/airflow/.local/lib/python3.7/site-packages/airflow/example_dags/example_sensors.py took 0.515 seconds
[2025-10-05T02:48:17.737+0000] {processor.py:157} INFO - Started process (PID=1822) to work on /home/airflow/.local/lib/python3.7/site-packages/airflow/example_dags/example_sensors.py
[2025-10-05T02:48:17.742+0000] {processor.py:826} INFO - Processing file /home/airflow/.local/lib/python3.7/site-packages/airflow/example_dags/example_sensors.py for tasks to queue
[2025-10-05T02:48:17.745+0000] {logging_mixin.py:149} INFO - [2025-10-05T02:48:17.745+0000] {dagbag.py:541} INFO - Filling up the DagBag from /home/airflow/.local/lib/python3.7/site-packages/airflow/example_dags/example_sensors.py
[2025-10-05T02:48:17.779+0000] {processor.py:836} INFO - DAG(s) dict_keys(['example_sensors']) retrieved from /home/airflow/.local/lib/python3.7/site-packages/airflow/example_dags/example_sensors.py
[2025-10-05T02:48:17.893+0000] {logging_mixin.py:149} INFO - [2025-10-05T02:48:17.893+0000] {dag.py:2726} INFO - Sync 1 DAGs
[2025-10-05T02:48:18.128+0000] {logging_mixin.py:149} INFO - [2025-10-05T02:48:18.127+0000] {dag.py:3490} INFO - Setting next_dagrun for example_sensors to None, run_after=None
[2025-10-05T02:48:18.335+0000] {processor.py:179} INFO - Processing /home/airflow/.local/lib/python3.7/site-packages/airflow/example_dags/example_sensors.py took 0.607 seconds
[2025-10-05T02:48:50.770+0000] {processor.py:157} INFO - Started process (PID=1883) to work on /home/airflow/.local/lib/python3.7/site-packages/airflow/example_dags/example_sensors.py
[2025-10-05T02:48:50.783+0000] {processor.py:826} INFO - Processing file /home/airflow/.local/lib/python3.7/site-packages/airflow/example_dags/example_sensors.py for tasks to queue
[2025-10-05T02:48:50.800+0000] {logging_mixin.py:149} INFO - [2025-10-05T02:48:50.799+0000] {dagbag.py:541} INFO - Filling up the DagBag from /home/airflow/.local/lib/python3.7/site-packages/airflow/example_dags/example_sensors.py
[2025-10-05T02:48:50.915+0000] {processor.py:836} INFO - DAG(s) dict_keys(['example_sensors']) retrieved from /home/airflow/.local/lib/python3.7/site-packages/airflow/example_dags/example_sensors.py
[2025-10-05T02:48:51.213+0000] {logging_mixin.py:149} INFO - [2025-10-05T02:48:51.212+0000] {dag.py:2726} INFO - Sync 1 DAGs
[2025-10-05T02:48:51.473+0000] {logging_mixin.py:149} INFO - [2025-10-05T02:48:51.473+0000] {dag.py:3490} INFO - Setting next_dagrun for example_sensors to None, run_after=None
[2025-10-05T02:48:51.660+0000] {processor.py:179} INFO - Processing /home/airflow/.local/lib/python3.7/site-packages/airflow/example_dags/example_sensors.py took 0.915 seconds
[2025-10-05T02:49:22.309+0000] {processor.py:157} INFO - Started process (PID=1936) to work on /home/airflow/.local/lib/python3.7/site-packages/airflow/example_dags/example_sensors.py
[2025-10-05T02:49:22.314+0000] {processor.py:826} INFO - Processing file /home/airflow/.local/lib/python3.7/site-packages/airflow/example_dags/example_sensors.py for tasks to queue
[2025-10-05T02:49:22.317+0000] {logging_mixin.py:149} INFO - [2025-10-05T02:49:22.317+0000] {dagbag.py:541} INFO - Filling up the DagBag from /home/airflow/.local/lib/python3.7/site-packages/airflow/example_dags/example_sensors.py
[2025-10-05T02:49:22.354+0000] {processor.py:836} INFO - DAG(s) dict_keys(['example_sensors']) retrieved from /home/airflow/.local/lib/python3.7/site-packages/airflow/example_dags/example_sensors.py
[2025-10-05T02:49:22.499+0000] {logging_mixin.py:149} INFO - [2025-10-05T02:49:22.498+0000] {dag.py:2726} INFO - Sync 1 DAGs
[2025-10-05T02:49:22.606+0000] {logging_mixin.py:149} INFO - [2025-10-05T02:49:22.605+0000] {dag.py:3490} INFO - Setting next_dagrun for example_sensors to None, run_after=None
[2025-10-05T02:49:22.683+0000] {processor.py:179} INFO - Processing /home/airflow/.local/lib/python3.7/site-packages/airflow/example_dags/example_sensors.py took 0.386 seconds
[2025-10-05T02:49:53.180+0000] {processor.py:157} INFO - Started process (PID=1997) to work on /home/airflow/.local/lib/python3.7/site-packages/airflow/example_dags/example_sensors.py
[2025-10-05T02:49:53.184+0000] {processor.py:826} INFO - Processing file /home/airflow/.local/lib/python3.7/site-packages/airflow/example_dags/example_sensors.py for tasks to queue
[2025-10-05T02:49:53.188+0000] {logging_mixin.py:149} INFO - [2025-10-05T02:49:53.187+0000] {dagbag.py:541} INFO - Filling up the DagBag from /home/airflow/.local/lib/python3.7/site-packages/airflow/example_dags/example_sensors.py
[2025-10-05T02:49:53.228+0000] {processor.py:836} INFO - DAG(s) dict_keys(['example_sensors']) retrieved from /home/airflow/.local/lib/python3.7/site-packages/airflow/example_dags/example_sensors.py
[2025-10-05T02:49:53.348+0000] {logging_mixin.py:149} INFO - [2025-10-05T02:49:53.347+0000] {dag.py:2726} INFO - Sync 1 DAGs
[2025-10-05T02:49:53.475+0000] {logging_mixin.py:149} INFO - [2025-10-05T02:49:53.474+0000] {dag.py:3490} INFO - Setting next_dagrun for example_sensors to None, run_after=None
[2025-10-05T02:49:53.572+0000] {processor.py:179} INFO - Processing /home/airflow/.local/lib/python3.7/site-packages/airflow/example_dags/example_sensors.py took 0.407 seconds
[2025-10-05T02:50:23.933+0000] {processor.py:157} INFO - Started process (PID=2058) to work on /home/airflow/.local/lib/python3.7/site-packages/airflow/example_dags/example_sensors.py
[2025-10-05T02:50:23.938+0000] {processor.py:826} INFO - Processing file /home/airflow/.local/lib/python3.7/site-packages/airflow/example_dags/example_sensors.py for tasks to queue
[2025-10-05T02:50:23.941+0000] {logging_mixin.py:149} INFO - [2025-10-05T02:50:23.941+0000] {dagbag.py:541} INFO - Filling up the DagBag from /home/airflow/.local/lib/python3.7/site-packages/airflow/example_dags/example_sensors.py
[2025-10-05T02:50:23.973+0000] {processor.py:836} INFO - DAG(s) dict_keys(['example_sensors']) retrieved from /home/airflow/.local/lib/python3.7/site-packages/airflow/example_dags/example_sensors.py
[2025-10-05T02:50:24.092+0000] {logging_mixin.py:149} INFO - [2025-10-05T02:50:24.091+0000] {dag.py:2726} INFO - Sync 1 DAGs
[2025-10-05T02:50:24.165+0000] {logging_mixin.py:149} INFO - [2025-10-05T02:50:24.165+0000] {dag.py:3490} INFO - Setting next_dagrun for example_sensors to None, run_after=None
[2025-10-05T02:50:24.242+0000] {processor.py:179} INFO - Processing /home/airflow/.local/lib/python3.7/site-packages/airflow/example_dags/example_sensors.py took 0.322 seconds
[2025-10-05T02:50:54.708+0000] {processor.py:157} INFO - Started process (PID=2119) to work on /home/airflow/.local/lib/python3.7/site-packages/airflow/example_dags/example_sensors.py
[2025-10-05T02:50:54.713+0000] {processor.py:826} INFO - Processing file /home/airflow/.local/lib/python3.7/site-packages/airflow/example_dags/example_sensors.py for tasks to queue
[2025-10-05T02:50:54.716+0000] {logging_mixin.py:149} INFO - [2025-10-05T02:50:54.716+0000] {dagbag.py:541} INFO - Filling up the DagBag from /home/airflow/.local/lib/python3.7/site-packages/airflow/example_dags/example_sensors.py
[2025-10-05T02:50:54.746+0000] {processor.py:836} INFO - DAG(s) dict_keys(['example_sensors']) retrieved from /home/airflow/.local/lib/python3.7/site-packages/airflow/example_dags/example_sensors.py
[2025-10-05T02:50:54.886+0000] {logging_mixin.py:149} INFO - [2025-10-05T02:50:54.885+0000] {dag.py:2726} INFO - Sync 1 DAGs
[2025-10-05T02:50:55.004+0000] {logging_mixin.py:149} INFO - [2025-10-05T02:50:55.003+0000] {dag.py:3490} INFO - Setting next_dagrun for example_sensors to None, run_after=None
[2025-10-05T02:50:55.133+0000] {processor.py:179} INFO - Processing /home/airflow/.local/lib/python3.7/site-packages/airflow/example_dags/example_sensors.py took 0.436 seconds
[2025-10-05T02:51:25.618+0000] {processor.py:157} INFO - Started process (PID=2180) to work on /home/airflow/.local/lib/python3.7/site-packages/airflow/example_dags/example_sensors.py
[2025-10-05T02:51:25.623+0000] {processor.py:826} INFO - Processing file /home/airflow/.local/lib/python3.7/site-packages/airflow/example_dags/example_sensors.py for tasks to queue
[2025-10-05T02:51:25.626+0000] {logging_mixin.py:149} INFO - [2025-10-05T02:51:25.626+0000] {dagbag.py:541} INFO - Filling up the DagBag from /home/airflow/.local/lib/python3.7/site-packages/airflow/example_dags/example_sensors.py
[2025-10-05T02:51:25.663+0000] {processor.py:836} INFO - DAG(s) dict_keys(['example_sensors']) retrieved from /home/airflow/.local/lib/python3.7/site-packages/airflow/example_dags/example_sensors.py
[2025-10-05T02:51:25.777+0000] {logging_mixin.py:149} INFO - [2025-10-05T02:51:25.776+0000] {dag.py:2726} INFO - Sync 1 DAGs
[2025-10-05T02:51:25.875+0000] {logging_mixin.py:149} INFO - [2025-10-05T02:51:25.874+0000] {dag.py:3490} INFO - Setting next_dagrun for example_sensors to None, run_after=None
[2025-10-05T02:51:25.985+0000] {processor.py:179} INFO - Processing /home/airflow/.local/lib/python3.7/site-packages/airflow/example_dags/example_sensors.py took 0.382 seconds
[2025-10-05T02:51:56.179+0000] {processor.py:157} INFO - Started process (PID=2241) to work on /home/airflow/.local/lib/python3.7/site-packages/airflow/example_dags/example_sensors.py
[2025-10-05T02:51:56.184+0000] {processor.py:826} INFO - Processing file /home/airflow/.local/lib/python3.7/site-packages/airflow/example_dags/example_sensors.py for tasks to queue
[2025-10-05T02:51:56.188+0000] {logging_mixin.py:149} INFO - [2025-10-05T02:51:56.187+0000] {dagbag.py:541} INFO - Filling up the DagBag from /home/airflow/.local/lib/python3.7/site-packages/airflow/example_dags/example_sensors.py
[2025-10-05T02:51:56.216+0000] {processor.py:836} INFO - DAG(s) dict_keys(['example_sensors']) retrieved from /home/airflow/.local/lib/python3.7/site-packages/airflow/example_dags/example_sensors.py
[2025-10-05T02:51:56.304+0000] {logging_mixin.py:149} INFO - [2025-10-05T02:51:56.304+0000] {dag.py:2726} INFO - Sync 1 DAGs
[2025-10-05T02:51:56.385+0000] {logging_mixin.py:149} INFO - [2025-10-05T02:51:56.385+0000] {dag.py:3490} INFO - Setting next_dagrun for example_sensors to None, run_after=None
[2025-10-05T02:51:56.491+0000] {processor.py:179} INFO - Processing /home/airflow/.local/lib/python3.7/site-packages/airflow/example_dags/example_sensors.py took 0.322 seconds
[2025-10-05T02:52:27.045+0000] {processor.py:157} INFO - Started process (PID=2302) to work on /home/airflow/.local/lib/python3.7/site-packages/airflow/example_dags/example_sensors.py
[2025-10-05T02:52:27.052+0000] {processor.py:826} INFO - Processing file /home/airflow/.local/lib/python3.7/site-packages/airflow/example_dags/example_sensors.py for tasks to queue
[2025-10-05T02:52:27.058+0000] {logging_mixin.py:149} INFO - [2025-10-05T02:52:27.057+0000] {dagbag.py:541} INFO - Filling up the DagBag from /home/airflow/.local/lib/python3.7/site-packages/airflow/example_dags/example_sensors.py
[2025-10-05T02:52:27.119+0000] {processor.py:836} INFO - DAG(s) dict_keys(['example_sensors']) retrieved from /home/airflow/.local/lib/python3.7/site-packages/airflow/example_dags/example_sensors.py
[2025-10-05T02:52:27.408+0000] {logging_mixin.py:149} INFO - [2025-10-05T02:52:27.407+0000] {dag.py:2726} INFO - Sync 1 DAGs
[2025-10-05T02:52:27.723+0000] {logging_mixin.py:149} INFO - [2025-10-05T02:52:27.721+0000] {dag.py:3490} INFO - Setting next_dagrun for example_sensors to None, run_after=None
[2025-10-05T02:52:27.837+0000] {processor.py:179} INFO - Processing /home/airflow/.local/lib/python3.7/site-packages/airflow/example_dags/example_sensors.py took 0.812 seconds
[2025-10-05T02:53:03.885+0000] {processor.py:157} INFO - Started process (PID=2363) to work on /home/airflow/.local/lib/python3.7/site-packages/airflow/example_dags/example_sensors.py
[2025-10-05T02:53:03.894+0000] {processor.py:826} INFO - Processing file /home/airflow/.local/lib/python3.7/site-packages/airflow/example_dags/example_sensors.py for tasks to queue
[2025-10-05T02:53:03.898+0000] {logging_mixin.py:149} INFO - [2025-10-05T02:53:03.897+0000] {dagbag.py:541} INFO - Filling up the DagBag from /home/airflow/.local/lib/python3.7/site-packages/airflow/example_dags/example_sensors.py
[2025-10-05T02:53:03.951+0000] {processor.py:836} INFO - DAG(s) dict_keys(['example_sensors']) retrieved from /home/airflow/.local/lib/python3.7/site-packages/airflow/example_dags/example_sensors.py
[2025-10-05T02:53:04.110+0000] {logging_mixin.py:149} INFO - [2025-10-05T02:53:04.110+0000] {dag.py:2726} INFO - Sync 1 DAGs
[2025-10-05T02:53:04.207+0000] {logging_mixin.py:149} INFO - [2025-10-05T02:53:04.207+0000] {dag.py:3490} INFO - Setting next_dagrun for example_sensors to None, run_after=None
[2025-10-05T02:53:04.291+0000] {processor.py:179} INFO - Processing /home/airflow/.local/lib/python3.7/site-packages/airflow/example_dags/example_sensors.py took 0.415 seconds
[2025-10-05T02:53:34.700+0000] {processor.py:157} INFO - Started process (PID=2424) to work on /home/airflow/.local/lib/python3.7/site-packages/airflow/example_dags/example_sensors.py
[2025-10-05T02:53:34.703+0000] {processor.py:826} INFO - Processing file /home/airflow/.local/lib/python3.7/site-packages/airflow/example_dags/example_sensors.py for tasks to queue
[2025-10-05T02:53:34.706+0000] {logging_mixin.py:149} INFO - [2025-10-05T02:53:34.705+0000] {dagbag.py:541} INFO - Filling up the DagBag from /home/airflow/.local/lib/python3.7/site-packages/airflow/example_dags/example_sensors.py
[2025-10-05T02:53:34.730+0000] {processor.py:836} INFO - DAG(s) dict_keys(['example_sensors']) retrieved from /home/airflow/.local/lib/python3.7/site-packages/airflow/example_dags/example_sensors.py
[2025-10-05T02:53:34.803+0000] {logging_mixin.py:149} INFO - [2025-10-05T02:53:34.803+0000] {dag.py:2726} INFO - Sync 1 DAGs
[2025-10-05T02:53:34.862+0000] {logging_mixin.py:149} INFO - [2025-10-05T02:53:34.862+0000] {dag.py:3490} INFO - Setting next_dagrun for example_sensors to None, run_after=None
[2025-10-05T02:53:34.911+0000] {processor.py:179} INFO - Processing /home/airflow/.local/lib/python3.7/site-packages/airflow/example_dags/example_sensors.py took 0.221 seconds
[2025-10-05T02:54:06.048+0000] {processor.py:157} INFO - Started process (PID=2491) to work on /home/airflow/.local/lib/python3.7/site-packages/airflow/example_dags/example_sensors.py
[2025-10-05T02:54:06.051+0000] {processor.py:826} INFO - Processing file /home/airflow/.local/lib/python3.7/site-packages/airflow/example_dags/example_sensors.py for tasks to queue
[2025-10-05T02:54:06.053+0000] {logging_mixin.py:149} INFO - [2025-10-05T02:54:06.053+0000] {dagbag.py:541} INFO - Filling up the DagBag from /home/airflow/.local/lib/python3.7/site-packages/airflow/example_dags/example_sensors.py
[2025-10-05T02:54:06.080+0000] {processor.py:836} INFO - DAG(s) dict_keys(['example_sensors']) retrieved from /home/airflow/.local/lib/python3.7/site-packages/airflow/example_dags/example_sensors.py
[2025-10-05T02:54:06.165+0000] {logging_mixin.py:149} INFO - [2025-10-05T02:54:06.165+0000] {dag.py:2726} INFO - Sync 1 DAGs
[2025-10-05T02:54:06.236+0000] {logging_mixin.py:149} INFO - [2025-10-05T02:54:06.235+0000] {dag.py:3490} INFO - Setting next_dagrun for example_sensors to None, run_after=None
[2025-10-05T02:54:06.295+0000] {processor.py:179} INFO - Processing /home/airflow/.local/lib/python3.7/site-packages/airflow/example_dags/example_sensors.py took 0.257 seconds
[2025-10-05T02:54:37.210+0000] {processor.py:157} INFO - Started process (PID=2553) to work on /home/airflow/.local/lib/python3.7/site-packages/airflow/example_dags/example_sensors.py
[2025-10-05T02:54:37.212+0000] {processor.py:826} INFO - Processing file /home/airflow/.local/lib/python3.7/site-packages/airflow/example_dags/example_sensors.py for tasks to queue
[2025-10-05T02:54:37.214+0000] {logging_mixin.py:149} INFO - [2025-10-05T02:54:37.214+0000] {dagbag.py:541} INFO - Filling up the DagBag from /home/airflow/.local/lib/python3.7/site-packages/airflow/example_dags/example_sensors.py
[2025-10-05T02:54:37.235+0000] {processor.py:836} INFO - DAG(s) dict_keys(['example_sensors']) retrieved from /home/airflow/.local/lib/python3.7/site-packages/airflow/example_dags/example_sensors.py
[2025-10-05T02:54:37.299+0000] {logging_mixin.py:149} INFO - [2025-10-05T02:54:37.299+0000] {dag.py:2726} INFO - Sync 1 DAGs
[2025-10-05T02:54:37.365+0000] {logging_mixin.py:149} INFO - [2025-10-05T02:54:37.365+0000] {dag.py:3490} INFO - Setting next_dagrun for example_sensors to None, run_after=None
[2025-10-05T02:54:37.446+0000] {processor.py:179} INFO - Processing /home/airflow/.local/lib/python3.7/site-packages/airflow/example_dags/example_sensors.py took 0.244 seconds
[2025-10-05T02:55:07.712+0000] {processor.py:157} INFO - Started process (PID=2615) to work on /home/airflow/.local/lib/python3.7/site-packages/airflow/example_dags/example_sensors.py
[2025-10-05T02:55:07.714+0000] {processor.py:826} INFO - Processing file /home/airflow/.local/lib/python3.7/site-packages/airflow/example_dags/example_sensors.py for tasks to queue
[2025-10-05T02:55:07.716+0000] {logging_mixin.py:149} INFO - [2025-10-05T02:55:07.716+0000] {dagbag.py:541} INFO - Filling up the DagBag from /home/airflow/.local/lib/python3.7/site-packages/airflow/example_dags/example_sensors.py
[2025-10-05T02:55:07.742+0000] {processor.py:836} INFO - DAG(s) dict_keys(['example_sensors']) retrieved from /home/airflow/.local/lib/python3.7/site-packages/airflow/example_dags/example_sensors.py
[2025-10-05T02:55:07.809+0000] {logging_mixin.py:149} INFO - [2025-10-05T02:55:07.809+0000] {dag.py:2726} INFO - Sync 1 DAGs
[2025-10-05T02:55:07.874+0000] {logging_mixin.py:149} INFO - [2025-10-05T02:55:07.873+0000] {dag.py:3490} INFO - Setting next_dagrun for example_sensors to None, run_after=None
[2025-10-05T02:55:07.948+0000] {processor.py:179} INFO - Processing /home/airflow/.local/lib/python3.7/site-packages/airflow/example_dags/example_sensors.py took 0.242 seconds
[2025-10-05T02:55:38.229+0000] {processor.py:157} INFO - Started process (PID=2676) to work on /home/airflow/.local/lib/python3.7/site-packages/airflow/example_dags/example_sensors.py
[2025-10-05T02:55:38.231+0000] {processor.py:826} INFO - Processing file /home/airflow/.local/lib/python3.7/site-packages/airflow/example_dags/example_sensors.py for tasks to queue
[2025-10-05T02:55:38.233+0000] {logging_mixin.py:149} INFO - [2025-10-05T02:55:38.233+0000] {dagbag.py:541} INFO - Filling up the DagBag from /home/airflow/.local/lib/python3.7/site-packages/airflow/example_dags/example_sensors.py
[2025-10-05T02:55:38.257+0000] {processor.py:836} INFO - DAG(s) dict_keys(['example_sensors']) retrieved from /home/airflow/.local/lib/python3.7/site-packages/airflow/example_dags/example_sensors.py
[2025-10-05T02:55:38.322+0000] {logging_mixin.py:149} INFO - [2025-10-05T02:55:38.322+0000] {dag.py:2726} INFO - Sync 1 DAGs
[2025-10-05T02:55:38.405+0000] {logging_mixin.py:149} INFO - [2025-10-05T02:55:38.404+0000] {dag.py:3490} INFO - Setting next_dagrun for example_sensors to None, run_after=None
[2025-10-05T02:55:38.462+0000] {processor.py:179} INFO - Processing /home/airflow/.local/lib/python3.7/site-packages/airflow/example_dags/example_sensors.py took 0.239 seconds
[2025-10-05T02:56:09.570+0000] {processor.py:157} INFO - Started process (PID=2737) to work on /home/airflow/.local/lib/python3.7/site-packages/airflow/example_dags/example_sensors.py
[2025-10-05T02:56:09.572+0000] {processor.py:826} INFO - Processing file /home/airflow/.local/lib/python3.7/site-packages/airflow/example_dags/example_sensors.py for tasks to queue
[2025-10-05T02:56:09.574+0000] {logging_mixin.py:149} INFO - [2025-10-05T02:56:09.574+0000] {dagbag.py:541} INFO - Filling up the DagBag from /home/airflow/.local/lib/python3.7/site-packages/airflow/example_dags/example_sensors.py
[2025-10-05T02:56:09.595+0000] {processor.py:836} INFO - DAG(s) dict_keys(['example_sensors']) retrieved from /home/airflow/.local/lib/python3.7/site-packages/airflow/example_dags/example_sensors.py
[2025-10-05T02:56:09.669+0000] {logging_mixin.py:149} INFO - [2025-10-05T02:56:09.668+0000] {dag.py:2726} INFO - Sync 1 DAGs
[2025-10-05T02:56:09.734+0000] {logging_mixin.py:149} INFO - [2025-10-05T02:56:09.734+0000] {dag.py:3490} INFO - Setting next_dagrun for example_sensors to None, run_after=None
[2025-10-05T02:56:09.798+0000] {processor.py:179} INFO - Processing /home/airflow/.local/lib/python3.7/site-packages/airflow/example_dags/example_sensors.py took 0.236 seconds
[2025-10-05T02:56:40.246+0000] {processor.py:157} INFO - Started process (PID=2798) to work on /home/airflow/.local/lib/python3.7/site-packages/airflow/example_dags/example_sensors.py
[2025-10-05T02:56:40.248+0000] {processor.py:826} INFO - Processing file /home/airflow/.local/lib/python3.7/site-packages/airflow/example_dags/example_sensors.py for tasks to queue
[2025-10-05T02:56:40.250+0000] {logging_mixin.py:149} INFO - [2025-10-05T02:56:40.250+0000] {dagbag.py:541} INFO - Filling up the DagBag from /home/airflow/.local/lib/python3.7/site-packages/airflow/example_dags/example_sensors.py
[2025-10-05T02:56:40.276+0000] {processor.py:836} INFO - DAG(s) dict_keys(['example_sensors']) retrieved from /home/airflow/.local/lib/python3.7/site-packages/airflow/example_dags/example_sensors.py
[2025-10-05T02:56:40.388+0000] {logging_mixin.py:149} INFO - [2025-10-05T02:56:40.387+0000] {dag.py:2726} INFO - Sync 1 DAGs
[2025-10-05T02:56:40.504+0000] {logging_mixin.py:149} INFO - [2025-10-05T02:56:40.504+0000] {dag.py:3490} INFO - Setting next_dagrun for example_sensors to None, run_after=None
[2025-10-05T02:56:40.582+0000] {processor.py:179} INFO - Processing /home/airflow/.local/lib/python3.7/site-packages/airflow/example_dags/example_sensors.py took 0.344 seconds
[2025-10-05T02:57:10.809+0000] {processor.py:157} INFO - Started process (PID=2859) to work on /home/airflow/.local/lib/python3.7/site-packages/airflow/example_dags/example_sensors.py
[2025-10-05T02:57:10.812+0000] {processor.py:826} INFO - Processing file /home/airflow/.local/lib/python3.7/site-packages/airflow/example_dags/example_sensors.py for tasks to queue
[2025-10-05T02:57:10.817+0000] {logging_mixin.py:149} INFO - [2025-10-05T02:57:10.816+0000] {dagbag.py:541} INFO - Filling up the DagBag from /home/airflow/.local/lib/python3.7/site-packages/airflow/example_dags/example_sensors.py
[2025-10-05T02:57:10.884+0000] {processor.py:836} INFO - DAG(s) dict_keys(['example_sensors']) retrieved from /home/airflow/.local/lib/python3.7/site-packages/airflow/example_dags/example_sensors.py
[2025-10-05T02:57:11.014+0000] {logging_mixin.py:149} INFO - [2025-10-05T02:57:11.013+0000] {dag.py:2726} INFO - Sync 1 DAGs
[2025-10-05T02:57:11.169+0000] {logging_mixin.py:149} INFO - [2025-10-05T02:57:11.168+0000] {dag.py:3490} INFO - Setting next_dagrun for example_sensors to None, run_after=None
[2025-10-05T02:57:11.241+0000] {processor.py:179} INFO - Processing /home/airflow/.local/lib/python3.7/site-packages/airflow/example_dags/example_sensors.py took 0.446 seconds
[2025-10-05T02:57:42.258+0000] {processor.py:157} INFO - Started process (PID=2921) to work on /home/airflow/.local/lib/python3.7/site-packages/airflow/example_dags/example_sensors.py
[2025-10-05T02:57:42.261+0000] {processor.py:826} INFO - Processing file /home/airflow/.local/lib/python3.7/site-packages/airflow/example_dags/example_sensors.py for tasks to queue
[2025-10-05T02:57:42.264+0000] {logging_mixin.py:149} INFO - [2025-10-05T02:57:42.263+0000] {dagbag.py:541} INFO - Filling up the DagBag from /home/airflow/.local/lib/python3.7/site-packages/airflow/example_dags/example_sensors.py
[2025-10-05T02:57:42.284+0000] {processor.py:836} INFO - DAG(s) dict_keys(['example_sensors']) retrieved from /home/airflow/.local/lib/python3.7/site-packages/airflow/example_dags/example_sensors.py
[2025-10-05T02:57:42.354+0000] {logging_mixin.py:149} INFO - [2025-10-05T02:57:42.354+0000] {dag.py:2726} INFO - Sync 1 DAGs
[2025-10-05T02:57:42.448+0000] {logging_mixin.py:149} INFO - [2025-10-05T02:57:42.448+0000] {dag.py:3490} INFO - Setting next_dagrun for example_sensors to None, run_after=None
[2025-10-05T02:57:42.495+0000] {processor.py:179} INFO - Processing /home/airflow/.local/lib/python3.7/site-packages/airflow/example_dags/example_sensors.py took 0.244 seconds
[2025-10-05T02:58:13.092+0000] {processor.py:157} INFO - Started process (PID=2982) to work on /home/airflow/.local/lib/python3.7/site-packages/airflow/example_dags/example_sensors.py
[2025-10-05T02:58:13.094+0000] {processor.py:826} INFO - Processing file /home/airflow/.local/lib/python3.7/site-packages/airflow/example_dags/example_sensors.py for tasks to queue
[2025-10-05T02:58:13.096+0000] {logging_mixin.py:149} INFO - [2025-10-05T02:58:13.096+0000] {dagbag.py:541} INFO - Filling up the DagBag from /home/airflow/.local/lib/python3.7/site-packages/airflow/example_dags/example_sensors.py
[2025-10-05T02:58:13.120+0000] {processor.py:836} INFO - DAG(s) dict_keys(['example_sensors']) retrieved from /home/airflow/.local/lib/python3.7/site-packages/airflow/example_dags/example_sensors.py
[2025-10-05T02:58:13.191+0000] {logging_mixin.py:149} INFO - [2025-10-05T02:58:13.191+0000] {dag.py:2726} INFO - Sync 1 DAGs
[2025-10-05T02:58:13.257+0000] {logging_mixin.py:149} INFO - [2025-10-05T02:58:13.257+0000] {dag.py:3490} INFO - Setting next_dagrun for example_sensors to None, run_after=None
[2025-10-05T02:58:13.302+0000] {processor.py:179} INFO - Processing /home/airflow/.local/lib/python3.7/site-packages/airflow/example_dags/example_sensors.py took 0.219 seconds
[2025-10-05T02:58:43.867+0000] {processor.py:157} INFO - Started process (PID=3043) to work on /home/airflow/.local/lib/python3.7/site-packages/airflow/example_dags/example_sensors.py
[2025-10-05T02:58:43.873+0000] {processor.py:826} INFO - Processing file /home/airflow/.local/lib/python3.7/site-packages/airflow/example_dags/example_sensors.py for tasks to queue
[2025-10-05T02:58:43.876+0000] {logging_mixin.py:149} INFO - [2025-10-05T02:58:43.875+0000] {dagbag.py:541} INFO - Filling up the DagBag from /home/airflow/.local/lib/python3.7/site-packages/airflow/example_dags/example_sensors.py
[2025-10-05T02:58:43.897+0000] {processor.py:836} INFO - DAG(s) dict_keys(['example_sensors']) retrieved from /home/airflow/.local/lib/python3.7/site-packages/airflow/example_dags/example_sensors.py
[2025-10-05T02:58:43.987+0000] {logging_mixin.py:149} INFO - [2025-10-05T02:58:43.987+0000] {dag.py:2726} INFO - Sync 1 DAGs
[2025-10-05T02:58:44.068+0000] {logging_mixin.py:149} INFO - [2025-10-05T02:58:44.068+0000] {dag.py:3490} INFO - Setting next_dagrun for example_sensors to None, run_after=None
[2025-10-05T02:58:44.121+0000] {processor.py:179} INFO - Processing /home/airflow/.local/lib/python3.7/site-packages/airflow/example_dags/example_sensors.py took 0.268 seconds
[2025-10-05T02:59:15.295+0000] {processor.py:157} INFO - Started process (PID=3104) to work on /home/airflow/.local/lib/python3.7/site-packages/airflow/example_dags/example_sensors.py
[2025-10-05T02:59:15.298+0000] {processor.py:826} INFO - Processing file /home/airflow/.local/lib/python3.7/site-packages/airflow/example_dags/example_sensors.py for tasks to queue
[2025-10-05T02:59:15.300+0000] {logging_mixin.py:149} INFO - [2025-10-05T02:59:15.300+0000] {dagbag.py:541} INFO - Filling up the DagBag from /home/airflow/.local/lib/python3.7/site-packages/airflow/example_dags/example_sensors.py
[2025-10-05T02:59:15.328+0000] {processor.py:836} INFO - DAG(s) dict_keys(['example_sensors']) retrieved from /home/airflow/.local/lib/python3.7/site-packages/airflow/example_dags/example_sensors.py
[2025-10-05T02:59:15.418+0000] {logging_mixin.py:149} INFO - [2025-10-05T02:59:15.417+0000] {dag.py:2726} INFO - Sync 1 DAGs
[2025-10-05T02:59:15.477+0000] {logging_mixin.py:149} INFO - [2025-10-05T02:59:15.476+0000] {dag.py:3490} INFO - Setting next_dagrun for example_sensors to None, run_after=None
[2025-10-05T02:59:15.524+0000] {processor.py:179} INFO - Processing /home/airflow/.local/lib/python3.7/site-packages/airflow/example_dags/example_sensors.py took 0.238 seconds
[2025-10-05T02:59:46.833+0000] {processor.py:157} INFO - Started process (PID=3164) to work on /home/airflow/.local/lib/python3.7/site-packages/airflow/example_dags/example_sensors.py
[2025-10-05T02:59:46.835+0000] {processor.py:826} INFO - Processing file /home/airflow/.local/lib/python3.7/site-packages/airflow/example_dags/example_sensors.py for tasks to queue
[2025-10-05T02:59:46.837+0000] {logging_mixin.py:149} INFO - [2025-10-05T02:59:46.837+0000] {dagbag.py:541} INFO - Filling up the DagBag from /home/airflow/.local/lib/python3.7/site-packages/airflow/example_dags/example_sensors.py
[2025-10-05T02:59:46.858+0000] {processor.py:836} INFO - DAG(s) dict_keys(['example_sensors']) retrieved from /home/airflow/.local/lib/python3.7/site-packages/airflow/example_dags/example_sensors.py
[2025-10-05T02:59:46.987+0000] {logging_mixin.py:149} INFO - [2025-10-05T02:59:46.987+0000] {dag.py:2726} INFO - Sync 1 DAGs
[2025-10-05T02:59:47.197+0000] {logging_mixin.py:149} INFO - [2025-10-05T02:59:47.197+0000] {dag.py:3490} INFO - Setting next_dagrun for example_sensors to None, run_after=None
[2025-10-05T02:59:47.345+0000] {processor.py:179} INFO - Processing /home/airflow/.local/lib/python3.7/site-packages/airflow/example_dags/example_sensors.py took 0.520 seconds
[2025-10-05T03:00:20.032+0000] {processor.py:157} INFO - Started process (PID=3225) to work on /home/airflow/.local/lib/python3.7/site-packages/airflow/example_dags/example_sensors.py
[2025-10-05T03:00:20.042+0000] {processor.py:826} INFO - Processing file /home/airflow/.local/lib/python3.7/site-packages/airflow/example_dags/example_sensors.py for tasks to queue
[2025-10-05T03:00:20.047+0000] {logging_mixin.py:149} INFO - [2025-10-05T03:00:20.047+0000] {dagbag.py:541} INFO - Filling up the DagBag from /home/airflow/.local/lib/python3.7/site-packages/airflow/example_dags/example_sensors.py
[2025-10-05T03:00:20.106+0000] {processor.py:836} INFO - DAG(s) dict_keys(['example_sensors']) retrieved from /home/airflow/.local/lib/python3.7/site-packages/airflow/example_dags/example_sensors.py
[2025-10-05T03:00:20.249+0000] {logging_mixin.py:149} INFO - [2025-10-05T03:00:20.248+0000] {dag.py:2726} INFO - Sync 1 DAGs
[2025-10-05T03:00:20.357+0000] {logging_mixin.py:149} INFO - [2025-10-05T03:00:20.356+0000] {dag.py:3490} INFO - Setting next_dagrun for example_sensors to None, run_after=None
[2025-10-05T03:00:20.427+0000] {processor.py:179} INFO - Processing /home/airflow/.local/lib/python3.7/site-packages/airflow/example_dags/example_sensors.py took 0.413 seconds
[2025-10-05T03:00:53.745+0000] {processor.py:157} INFO - Started process (PID=3286) to work on /home/airflow/.local/lib/python3.7/site-packages/airflow/example_dags/example_sensors.py
[2025-10-05T03:00:53.760+0000] {processor.py:826} INFO - Processing file /home/airflow/.local/lib/python3.7/site-packages/airflow/example_dags/example_sensors.py for tasks to queue
[2025-10-05T03:00:53.766+0000] {logging_mixin.py:149} INFO - [2025-10-05T03:00:53.765+0000] {dagbag.py:541} INFO - Filling up the DagBag from /home/airflow/.local/lib/python3.7/site-packages/airflow/example_dags/example_sensors.py
[2025-10-05T03:00:53.847+0000] {processor.py:836} INFO - DAG(s) dict_keys(['example_sensors']) retrieved from /home/airflow/.local/lib/python3.7/site-packages/airflow/example_dags/example_sensors.py
[2025-10-05T03:00:54.023+0000] {logging_mixin.py:149} INFO - [2025-10-05T03:00:54.023+0000] {dag.py:2726} INFO - Sync 1 DAGs
[2025-10-05T03:00:54.132+0000] {logging_mixin.py:149} INFO - [2025-10-05T03:00:54.131+0000] {dag.py:3490} INFO - Setting next_dagrun for example_sensors to None, run_after=None
[2025-10-05T03:00:54.218+0000] {processor.py:179} INFO - Processing /home/airflow/.local/lib/python3.7/site-packages/airflow/example_dags/example_sensors.py took 0.510 seconds
[2025-10-05T03:01:25.080+0000] {processor.py:157} INFO - Started process (PID=3348) to work on /home/airflow/.local/lib/python3.7/site-packages/airflow/example_dags/example_sensors.py
[2025-10-05T03:01:25.083+0000] {processor.py:826} INFO - Processing file /home/airflow/.local/lib/python3.7/site-packages/airflow/example_dags/example_sensors.py for tasks to queue
[2025-10-05T03:01:25.085+0000] {logging_mixin.py:149} INFO - [2025-10-05T03:01:25.085+0000] {dagbag.py:541} INFO - Filling up the DagBag from /home/airflow/.local/lib/python3.7/site-packages/airflow/example_dags/example_sensors.py
[2025-10-05T03:01:25.108+0000] {processor.py:836} INFO - DAG(s) dict_keys(['example_sensors']) retrieved from /home/airflow/.local/lib/python3.7/site-packages/airflow/example_dags/example_sensors.py
[2025-10-05T03:01:25.173+0000] {logging_mixin.py:149} INFO - [2025-10-05T03:01:25.173+0000] {dag.py:2726} INFO - Sync 1 DAGs
[2025-10-05T03:01:25.228+0000] {logging_mixin.py:149} INFO - [2025-10-05T03:01:25.228+0000] {dag.py:3490} INFO - Setting next_dagrun for example_sensors to None, run_after=None
[2025-10-05T03:01:25.274+0000] {processor.py:179} INFO - Processing /home/airflow/.local/lib/python3.7/site-packages/airflow/example_dags/example_sensors.py took 0.204 seconds
[2025-10-05T03:01:56.000+0000] {processor.py:157} INFO - Started process (PID=3410) to work on /home/airflow/.local/lib/python3.7/site-packages/airflow/example_dags/example_sensors.py
[2025-10-05T03:01:56.003+0000] {processor.py:826} INFO - Processing file /home/airflow/.local/lib/python3.7/site-packages/airflow/example_dags/example_sensors.py for tasks to queue
[2025-10-05T03:01:56.006+0000] {logging_mixin.py:149} INFO - [2025-10-05T03:01:56.005+0000] {dagbag.py:541} INFO - Filling up the DagBag from /home/airflow/.local/lib/python3.7/site-packages/airflow/example_dags/example_sensors.py
[2025-10-05T03:01:56.033+0000] {processor.py:836} INFO - DAG(s) dict_keys(['example_sensors']) retrieved from /home/airflow/.local/lib/python3.7/site-packages/airflow/example_dags/example_sensors.py
[2025-10-05T03:01:56.102+0000] {logging_mixin.py:149} INFO - [2025-10-05T03:01:56.102+0000] {dag.py:2726} INFO - Sync 1 DAGs
[2025-10-05T03:01:56.159+0000] {logging_mixin.py:149} INFO - [2025-10-05T03:01:56.159+0000] {dag.py:3490} INFO - Setting next_dagrun for example_sensors to None, run_after=None
[2025-10-05T03:01:56.204+0000] {processor.py:179} INFO - Processing /home/airflow/.local/lib/python3.7/site-packages/airflow/example_dags/example_sensors.py took 0.214 seconds
[2025-10-05T03:02:26.797+0000] {processor.py:157} INFO - Started process (PID=3470) to work on /home/airflow/.local/lib/python3.7/site-packages/airflow/example_dags/example_sensors.py
[2025-10-05T03:02:26.801+0000] {processor.py:826} INFO - Processing file /home/airflow/.local/lib/python3.7/site-packages/airflow/example_dags/example_sensors.py for tasks to queue
[2025-10-05T03:02:26.804+0000] {logging_mixin.py:149} INFO - [2025-10-05T03:02:26.804+0000] {dagbag.py:541} INFO - Filling up the DagBag from /home/airflow/.local/lib/python3.7/site-packages/airflow/example_dags/example_sensors.py
[2025-10-05T03:02:26.846+0000] {processor.py:836} INFO - DAG(s) dict_keys(['example_sensors']) retrieved from /home/airflow/.local/lib/python3.7/site-packages/airflow/example_dags/example_sensors.py
[2025-10-05T03:02:27.016+0000] {logging_mixin.py:149} INFO - [2025-10-05T03:02:27.015+0000] {dag.py:2726} INFO - Sync 1 DAGs
[2025-10-05T03:02:27.164+0000] {logging_mixin.py:149} INFO - [2025-10-05T03:02:27.164+0000] {dag.py:3490} INFO - Setting next_dagrun for example_sensors to None, run_after=None
[2025-10-05T03:02:27.219+0000] {processor.py:179} INFO - Processing /home/airflow/.local/lib/python3.7/site-packages/airflow/example_dags/example_sensors.py took 0.435 seconds
[2025-10-05T03:02:57.361+0000] {processor.py:157} INFO - Started process (PID=3531) to work on /home/airflow/.local/lib/python3.7/site-packages/airflow/example_dags/example_sensors.py
[2025-10-05T03:02:57.364+0000] {processor.py:826} INFO - Processing file /home/airflow/.local/lib/python3.7/site-packages/airflow/example_dags/example_sensors.py for tasks to queue
[2025-10-05T03:02:57.366+0000] {logging_mixin.py:149} INFO - [2025-10-05T03:02:57.366+0000] {dagbag.py:541} INFO - Filling up the DagBag from /home/airflow/.local/lib/python3.7/site-packages/airflow/example_dags/example_sensors.py
[2025-10-05T03:02:57.398+0000] {processor.py:836} INFO - DAG(s) dict_keys(['example_sensors']) retrieved from /home/airflow/.local/lib/python3.7/site-packages/airflow/example_dags/example_sensors.py
[2025-10-05T03:02:57.504+0000] {logging_mixin.py:149} INFO - [2025-10-05T03:02:57.504+0000] {dag.py:2726} INFO - Sync 1 DAGs
[2025-10-05T03:02:57.575+0000] {logging_mixin.py:149} INFO - [2025-10-05T03:02:57.575+0000] {dag.py:3490} INFO - Setting next_dagrun for example_sensors to None, run_after=None
[2025-10-05T03:02:57.622+0000] {processor.py:179} INFO - Processing /home/airflow/.local/lib/python3.7/site-packages/airflow/example_dags/example_sensors.py took 0.272 seconds
[2025-10-05T03:03:27.873+0000] {processor.py:157} INFO - Started process (PID=3591) to work on /home/airflow/.local/lib/python3.7/site-packages/airflow/example_dags/example_sensors.py
[2025-10-05T03:03:27.876+0000] {processor.py:826} INFO - Processing file /home/airflow/.local/lib/python3.7/site-packages/airflow/example_dags/example_sensors.py for tasks to queue
[2025-10-05T03:03:27.886+0000] {logging_mixin.py:149} INFO - [2025-10-05T03:03:27.886+0000] {dagbag.py:541} INFO - Filling up the DagBag from /home/airflow/.local/lib/python3.7/site-packages/airflow/example_dags/example_sensors.py
[2025-10-05T03:03:27.920+0000] {processor.py:836} INFO - DAG(s) dict_keys(['example_sensors']) retrieved from /home/airflow/.local/lib/python3.7/site-packages/airflow/example_dags/example_sensors.py
[2025-10-05T03:03:28.019+0000] {logging_mixin.py:149} INFO - [2025-10-05T03:03:28.019+0000] {dag.py:2726} INFO - Sync 1 DAGs
[2025-10-05T03:03:28.076+0000] {logging_mixin.py:149} INFO - [2025-10-05T03:03:28.076+0000] {dag.py:3490} INFO - Setting next_dagrun for example_sensors to None, run_after=None
[2025-10-05T03:03:28.122+0000] {processor.py:179} INFO - Processing /home/airflow/.local/lib/python3.7/site-packages/airflow/example_dags/example_sensors.py took 0.261 seconds
[2025-10-05T03:03:58.218+0000] {processor.py:157} INFO - Started process (PID=3652) to work on /home/airflow/.local/lib/python3.7/site-packages/airflow/example_dags/example_sensors.py
[2025-10-05T03:03:58.221+0000] {processor.py:826} INFO - Processing file /home/airflow/.local/lib/python3.7/site-packages/airflow/example_dags/example_sensors.py for tasks to queue
[2025-10-05T03:03:58.223+0000] {logging_mixin.py:149} INFO - [2025-10-05T03:03:58.222+0000] {dagbag.py:541} INFO - Filling up the DagBag from /home/airflow/.local/lib/python3.7/site-packages/airflow/example_dags/example_sensors.py
[2025-10-05T03:03:58.246+0000] {processor.py:836} INFO - DAG(s) dict_keys(['example_sensors']) retrieved from /home/airflow/.local/lib/python3.7/site-packages/airflow/example_dags/example_sensors.py
[2025-10-05T03:03:58.315+0000] {logging_mixin.py:149} INFO - [2025-10-05T03:03:58.314+0000] {dag.py:2726} INFO - Sync 1 DAGs
[2025-10-05T03:03:58.392+0000] {logging_mixin.py:149} INFO - [2025-10-05T03:03:58.392+0000] {dag.py:3490} INFO - Setting next_dagrun for example_sensors to None, run_after=None
[2025-10-05T03:03:58.453+0000] {processor.py:179} INFO - Processing /home/airflow/.local/lib/python3.7/site-packages/airflow/example_dags/example_sensors.py took 0.243 seconds
[2025-10-05T03:04:28.688+0000] {processor.py:157} INFO - Started process (PID=3704) to work on /home/airflow/.local/lib/python3.7/site-packages/airflow/example_dags/example_sensors.py
[2025-10-05T03:04:28.691+0000] {processor.py:826} INFO - Processing file /home/airflow/.local/lib/python3.7/site-packages/airflow/example_dags/example_sensors.py for tasks to queue
[2025-10-05T03:04:28.693+0000] {logging_mixin.py:149} INFO - [2025-10-05T03:04:28.693+0000] {dagbag.py:541} INFO - Filling up the DagBag from /home/airflow/.local/lib/python3.7/site-packages/airflow/example_dags/example_sensors.py
[2025-10-05T03:04:28.724+0000] {processor.py:836} INFO - DAG(s) dict_keys(['example_sensors']) retrieved from /home/airflow/.local/lib/python3.7/site-packages/airflow/example_dags/example_sensors.py
[2025-10-05T03:04:28.793+0000] {logging_mixin.py:149} INFO - [2025-10-05T03:04:28.792+0000] {dag.py:2726} INFO - Sync 1 DAGs
[2025-10-05T03:04:28.848+0000] {logging_mixin.py:149} INFO - [2025-10-05T03:04:28.848+0000] {dag.py:3490} INFO - Setting next_dagrun for example_sensors to None, run_after=None
[2025-10-05T03:04:28.911+0000] {processor.py:179} INFO - Processing /home/airflow/.local/lib/python3.7/site-packages/airflow/example_dags/example_sensors.py took 0.232 seconds
[2025-10-05T03:04:59.122+0000] {processor.py:157} INFO - Started process (PID=3765) to work on /home/airflow/.local/lib/python3.7/site-packages/airflow/example_dags/example_sensors.py
[2025-10-05T03:04:59.125+0000] {processor.py:826} INFO - Processing file /home/airflow/.local/lib/python3.7/site-packages/airflow/example_dags/example_sensors.py for tasks to queue
[2025-10-05T03:04:59.127+0000] {logging_mixin.py:149} INFO - [2025-10-05T03:04:59.126+0000] {dagbag.py:541} INFO - Filling up the DagBag from /home/airflow/.local/lib/python3.7/site-packages/airflow/example_dags/example_sensors.py
[2025-10-05T03:04:59.177+0000] {processor.py:836} INFO - DAG(s) dict_keys(['example_sensors']) retrieved from /home/airflow/.local/lib/python3.7/site-packages/airflow/example_dags/example_sensors.py
[2025-10-05T03:04:59.242+0000] {logging_mixin.py:149} INFO - [2025-10-05T03:04:59.242+0000] {dag.py:2726} INFO - Sync 1 DAGs
[2025-10-05T03:04:59.296+0000] {logging_mixin.py:149} INFO - [2025-10-05T03:04:59.296+0000] {dag.py:3490} INFO - Setting next_dagrun for example_sensors to None, run_after=None
[2025-10-05T03:04:59.351+0000] {processor.py:179} INFO - Processing /home/airflow/.local/lib/python3.7/site-packages/airflow/example_dags/example_sensors.py took 0.237 seconds
[2025-10-05T03:05:30.508+0000] {processor.py:157} INFO - Started process (PID=3830) to work on /home/airflow/.local/lib/python3.7/site-packages/airflow/example_dags/example_sensors.py
[2025-10-05T03:05:30.513+0000] {processor.py:826} INFO - Processing file /home/airflow/.local/lib/python3.7/site-packages/airflow/example_dags/example_sensors.py for tasks to queue
[2025-10-05T03:05:30.516+0000] {logging_mixin.py:149} INFO - [2025-10-05T03:05:30.516+0000] {dagbag.py:541} INFO - Filling up the DagBag from /home/airflow/.local/lib/python3.7/site-packages/airflow/example_dags/example_sensors.py
[2025-10-05T03:05:30.604+0000] {processor.py:836} INFO - DAG(s) dict_keys(['example_sensors']) retrieved from /home/airflow/.local/lib/python3.7/site-packages/airflow/example_dags/example_sensors.py
[2025-10-05T03:05:30.784+0000] {logging_mixin.py:149} INFO - [2025-10-05T03:05:30.783+0000] {dag.py:2726} INFO - Sync 1 DAGs
[2025-10-05T03:05:30.908+0000] {logging_mixin.py:149} INFO - [2025-10-05T03:05:30.908+0000] {dag.py:3490} INFO - Setting next_dagrun for example_sensors to None, run_after=None
[2025-10-05T03:05:30.978+0000] {processor.py:179} INFO - Processing /home/airflow/.local/lib/python3.7/site-packages/airflow/example_dags/example_sensors.py took 0.483 seconds
[2025-10-05T03:06:01.661+0000] {processor.py:157} INFO - Started process (PID=3894) to work on /home/airflow/.local/lib/python3.7/site-packages/airflow/example_dags/example_sensors.py
[2025-10-05T03:06:01.663+0000] {processor.py:826} INFO - Processing file /home/airflow/.local/lib/python3.7/site-packages/airflow/example_dags/example_sensors.py for tasks to queue
[2025-10-05T03:06:01.665+0000] {logging_mixin.py:149} INFO - [2025-10-05T03:06:01.665+0000] {dagbag.py:541} INFO - Filling up the DagBag from /home/airflow/.local/lib/python3.7/site-packages/airflow/example_dags/example_sensors.py
[2025-10-05T03:06:01.686+0000] {processor.py:836} INFO - DAG(s) dict_keys(['example_sensors']) retrieved from /home/airflow/.local/lib/python3.7/site-packages/airflow/example_dags/example_sensors.py
[2025-10-05T03:06:01.756+0000] {logging_mixin.py:149} INFO - [2025-10-05T03:06:01.756+0000] {dag.py:2726} INFO - Sync 1 DAGs
[2025-10-05T03:06:01.817+0000] {logging_mixin.py:149} INFO - [2025-10-05T03:06:01.816+0000] {dag.py:3490} INFO - Setting next_dagrun for example_sensors to None, run_after=None
[2025-10-05T03:06:01.883+0000] {processor.py:179} INFO - Processing /home/airflow/.local/lib/python3.7/site-packages/airflow/example_dags/example_sensors.py took 0.229 seconds
[2025-10-05T03:06:32.534+0000] {processor.py:157} INFO - Started process (PID=3958) to work on /home/airflow/.local/lib/python3.7/site-packages/airflow/example_dags/example_sensors.py
[2025-10-05T03:06:32.537+0000] {processor.py:826} INFO - Processing file /home/airflow/.local/lib/python3.7/site-packages/airflow/example_dags/example_sensors.py for tasks to queue
[2025-10-05T03:06:32.539+0000] {logging_mixin.py:149} INFO - [2025-10-05T03:06:32.539+0000] {dagbag.py:541} INFO - Filling up the DagBag from /home/airflow/.local/lib/python3.7/site-packages/airflow/example_dags/example_sensors.py
[2025-10-05T03:06:32.564+0000] {processor.py:836} INFO - DAG(s) dict_keys(['example_sensors']) retrieved from /home/airflow/.local/lib/python3.7/site-packages/airflow/example_dags/example_sensors.py
[2025-10-05T03:06:32.629+0000] {logging_mixin.py:149} INFO - [2025-10-05T03:06:32.629+0000] {dag.py:2726} INFO - Sync 1 DAGs
[2025-10-05T03:06:32.683+0000] {logging_mixin.py:149} INFO - [2025-10-05T03:06:32.683+0000] {dag.py:3490} INFO - Setting next_dagrun for example_sensors to None, run_after=None
[2025-10-05T03:06:32.730+0000] {processor.py:179} INFO - Processing /home/airflow/.local/lib/python3.7/site-packages/airflow/example_dags/example_sensors.py took 0.203 seconds
[2025-10-05T03:07:03.061+0000] {processor.py:157} INFO - Started process (PID=4022) to work on /home/airflow/.local/lib/python3.7/site-packages/airflow/example_dags/example_sensors.py
[2025-10-05T03:07:03.065+0000] {processor.py:826} INFO - Processing file /home/airflow/.local/lib/python3.7/site-packages/airflow/example_dags/example_sensors.py for tasks to queue
[2025-10-05T03:07:03.069+0000] {logging_mixin.py:149} INFO - [2025-10-05T03:07:03.068+0000] {dagbag.py:541} INFO - Filling up the DagBag from /home/airflow/.local/lib/python3.7/site-packages/airflow/example_dags/example_sensors.py
[2025-10-05T03:07:03.102+0000] {processor.py:836} INFO - DAG(s) dict_keys(['example_sensors']) retrieved from /home/airflow/.local/lib/python3.7/site-packages/airflow/example_dags/example_sensors.py
[2025-10-05T03:07:03.169+0000] {logging_mixin.py:149} INFO - [2025-10-05T03:07:03.169+0000] {dag.py:2726} INFO - Sync 1 DAGs
[2025-10-05T03:07:03.225+0000] {logging_mixin.py:149} INFO - [2025-10-05T03:07:03.225+0000] {dag.py:3490} INFO - Setting next_dagrun for example_sensors to None, run_after=None
[2025-10-05T03:07:03.271+0000] {processor.py:179} INFO - Processing /home/airflow/.local/lib/python3.7/site-packages/airflow/example_dags/example_sensors.py took 0.224 seconds
[2025-10-05T03:07:33.670+0000] {processor.py:157} INFO - Started process (PID=4086) to work on /home/airflow/.local/lib/python3.7/site-packages/airflow/example_dags/example_sensors.py
[2025-10-05T03:07:33.673+0000] {processor.py:826} INFO - Processing file /home/airflow/.local/lib/python3.7/site-packages/airflow/example_dags/example_sensors.py for tasks to queue
[2025-10-05T03:07:33.676+0000] {logging_mixin.py:149} INFO - [2025-10-05T03:07:33.675+0000] {dagbag.py:541} INFO - Filling up the DagBag from /home/airflow/.local/lib/python3.7/site-packages/airflow/example_dags/example_sensors.py
[2025-10-05T03:07:33.698+0000] {processor.py:836} INFO - DAG(s) dict_keys(['example_sensors']) retrieved from /home/airflow/.local/lib/python3.7/site-packages/airflow/example_dags/example_sensors.py
[2025-10-05T03:07:33.768+0000] {logging_mixin.py:149} INFO - [2025-10-05T03:07:33.768+0000] {dag.py:2726} INFO - Sync 1 DAGs
[2025-10-05T03:07:33.823+0000] {logging_mixin.py:149} INFO - [2025-10-05T03:07:33.823+0000] {dag.py:3490} INFO - Setting next_dagrun for example_sensors to None, run_after=None
[2025-10-05T03:07:33.865+0000] {processor.py:179} INFO - Processing /home/airflow/.local/lib/python3.7/site-packages/airflow/example_dags/example_sensors.py took 0.204 seconds
[2025-10-05T03:08:04.251+0000] {processor.py:157} INFO - Started process (PID=4150) to work on /home/airflow/.local/lib/python3.7/site-packages/airflow/example_dags/example_sensors.py
[2025-10-05T03:08:04.255+0000] {processor.py:826} INFO - Processing file /home/airflow/.local/lib/python3.7/site-packages/airflow/example_dags/example_sensors.py for tasks to queue
[2025-10-05T03:08:04.258+0000] {logging_mixin.py:149} INFO - [2025-10-05T03:08:04.257+0000] {dagbag.py:541} INFO - Filling up the DagBag from /home/airflow/.local/lib/python3.7/site-packages/airflow/example_dags/example_sensors.py
[2025-10-05T03:08:04.301+0000] {processor.py:836} INFO - DAG(s) dict_keys(['example_sensors']) retrieved from /home/airflow/.local/lib/python3.7/site-packages/airflow/example_dags/example_sensors.py
[2025-10-05T03:08:04.418+0000] {logging_mixin.py:149} INFO - [2025-10-05T03:08:04.417+0000] {dag.py:2726} INFO - Sync 1 DAGs
[2025-10-05T03:08:04.479+0000] {logging_mixin.py:149} INFO - [2025-10-05T03:08:04.478+0000] {dag.py:3490} INFO - Setting next_dagrun for example_sensors to None, run_after=None
[2025-10-05T03:08:04.530+0000] {processor.py:179} INFO - Processing /home/airflow/.local/lib/python3.7/site-packages/airflow/example_dags/example_sensors.py took 0.291 seconds
[2025-10-05T03:08:34.817+0000] {processor.py:157} INFO - Started process (PID=4214) to work on /home/airflow/.local/lib/python3.7/site-packages/airflow/example_dags/example_sensors.py
[2025-10-05T03:08:34.820+0000] {processor.py:826} INFO - Processing file /home/airflow/.local/lib/python3.7/site-packages/airflow/example_dags/example_sensors.py for tasks to queue
[2025-10-05T03:08:34.822+0000] {logging_mixin.py:149} INFO - [2025-10-05T03:08:34.822+0000] {dagbag.py:541} INFO - Filling up the DagBag from /home/airflow/.local/lib/python3.7/site-packages/airflow/example_dags/example_sensors.py
[2025-10-05T03:08:34.849+0000] {processor.py:836} INFO - DAG(s) dict_keys(['example_sensors']) retrieved from /home/airflow/.local/lib/python3.7/site-packages/airflow/example_dags/example_sensors.py
[2025-10-05T03:08:34.931+0000] {logging_mixin.py:149} INFO - [2025-10-05T03:08:34.930+0000] {dag.py:2726} INFO - Sync 1 DAGs
[2025-10-05T03:08:34.992+0000] {logging_mixin.py:149} INFO - [2025-10-05T03:08:34.992+0000] {dag.py:3490} INFO - Setting next_dagrun for example_sensors to None, run_after=None
[2025-10-05T03:08:35.040+0000] {processor.py:179} INFO - Processing /home/airflow/.local/lib/python3.7/site-packages/airflow/example_dags/example_sensors.py took 0.231 seconds
[2025-10-05T03:09:05.670+0000] {processor.py:157} INFO - Started process (PID=4278) to work on /home/airflow/.local/lib/python3.7/site-packages/airflow/example_dags/example_sensors.py
[2025-10-05T03:09:05.674+0000] {processor.py:826} INFO - Processing file /home/airflow/.local/lib/python3.7/site-packages/airflow/example_dags/example_sensors.py for tasks to queue
[2025-10-05T03:09:05.676+0000] {logging_mixin.py:149} INFO - [2025-10-05T03:09:05.676+0000] {dagbag.py:541} INFO - Filling up the DagBag from /home/airflow/.local/lib/python3.7/site-packages/airflow/example_dags/example_sensors.py
[2025-10-05T03:09:05.710+0000] {processor.py:836} INFO - DAG(s) dict_keys(['example_sensors']) retrieved from /home/airflow/.local/lib/python3.7/site-packages/airflow/example_dags/example_sensors.py
[2025-10-05T03:09:05.786+0000] {logging_mixin.py:149} INFO - [2025-10-05T03:09:05.786+0000] {dag.py:2726} INFO - Sync 1 DAGs
[2025-10-05T03:09:05.866+0000] {logging_mixin.py:149} INFO - [2025-10-05T03:09:05.865+0000] {dag.py:3490} INFO - Setting next_dagrun for example_sensors to None, run_after=None
[2025-10-05T03:09:05.925+0000] {processor.py:179} INFO - Processing /home/airflow/.local/lib/python3.7/site-packages/airflow/example_dags/example_sensors.py took 0.265 seconds
[2025-10-05T03:09:36.340+0000] {processor.py:157} INFO - Started process (PID=4342) to work on /home/airflow/.local/lib/python3.7/site-packages/airflow/example_dags/example_sensors.py
[2025-10-05T03:09:36.343+0000] {processor.py:826} INFO - Processing file /home/airflow/.local/lib/python3.7/site-packages/airflow/example_dags/example_sensors.py for tasks to queue
[2025-10-05T03:09:36.345+0000] {logging_mixin.py:149} INFO - [2025-10-05T03:09:36.345+0000] {dagbag.py:541} INFO - Filling up the DagBag from /home/airflow/.local/lib/python3.7/site-packages/airflow/example_dags/example_sensors.py
[2025-10-05T03:09:36.366+0000] {processor.py:836} INFO - DAG(s) dict_keys(['example_sensors']) retrieved from /home/airflow/.local/lib/python3.7/site-packages/airflow/example_dags/example_sensors.py
[2025-10-05T03:09:36.431+0000] {logging_mixin.py:149} INFO - [2025-10-05T03:09:36.431+0000] {dag.py:2726} INFO - Sync 1 DAGs
[2025-10-05T03:09:36.484+0000] {logging_mixin.py:149} INFO - [2025-10-05T03:09:36.484+0000] {dag.py:3490} INFO - Setting next_dagrun for example_sensors to None, run_after=None
[2025-10-05T03:09:36.529+0000] {processor.py:179} INFO - Processing /home/airflow/.local/lib/python3.7/site-packages/airflow/example_dags/example_sensors.py took 0.197 seconds
[2025-10-05T03:10:06.632+0000] {processor.py:157} INFO - Started process (PID=4406) to work on /home/airflow/.local/lib/python3.7/site-packages/airflow/example_dags/example_sensors.py
[2025-10-05T03:10:06.635+0000] {processor.py:826} INFO - Processing file /home/airflow/.local/lib/python3.7/site-packages/airflow/example_dags/example_sensors.py for tasks to queue
[2025-10-05T03:10:06.638+0000] {logging_mixin.py:149} INFO - [2025-10-05T03:10:06.637+0000] {dagbag.py:541} INFO - Filling up the DagBag from /home/airflow/.local/lib/python3.7/site-packages/airflow/example_dags/example_sensors.py
[2025-10-05T03:10:06.672+0000] {processor.py:836} INFO - DAG(s) dict_keys(['example_sensors']) retrieved from /home/airflow/.local/lib/python3.7/site-packages/airflow/example_dags/example_sensors.py
[2025-10-05T03:10:06.762+0000] {logging_mixin.py:149} INFO - [2025-10-05T03:10:06.762+0000] {dag.py:2726} INFO - Sync 1 DAGs
[2025-10-05T03:10:06.826+0000] {logging_mixin.py:149} INFO - [2025-10-05T03:10:06.826+0000] {dag.py:3490} INFO - Setting next_dagrun for example_sensors to None, run_after=None
[2025-10-05T03:10:06.872+0000] {processor.py:179} INFO - Processing /home/airflow/.local/lib/python3.7/site-packages/airflow/example_dags/example_sensors.py took 0.251 seconds
[2025-10-05T03:10:36.973+0000] {processor.py:157} INFO - Started process (PID=4470) to work on /home/airflow/.local/lib/python3.7/site-packages/airflow/example_dags/example_sensors.py
[2025-10-05T03:10:36.976+0000] {processor.py:826} INFO - Processing file /home/airflow/.local/lib/python3.7/site-packages/airflow/example_dags/example_sensors.py for tasks to queue
[2025-10-05T03:10:36.979+0000] {logging_mixin.py:149} INFO - [2025-10-05T03:10:36.978+0000] {dagbag.py:541} INFO - Filling up the DagBag from /home/airflow/.local/lib/python3.7/site-packages/airflow/example_dags/example_sensors.py
[2025-10-05T03:10:37.004+0000] {processor.py:836} INFO - DAG(s) dict_keys(['example_sensors']) retrieved from /home/airflow/.local/lib/python3.7/site-packages/airflow/example_dags/example_sensors.py
[2025-10-05T03:10:37.120+0000] {logging_mixin.py:149} INFO - [2025-10-05T03:10:37.119+0000] {dag.py:2726} INFO - Sync 1 DAGs
[2025-10-05T03:10:37.246+0000] {logging_mixin.py:149} INFO - [2025-10-05T03:10:37.246+0000] {dag.py:3490} INFO - Setting next_dagrun for example_sensors to None, run_after=None
[2025-10-05T03:10:37.331+0000] {processor.py:179} INFO - Processing /home/airflow/.local/lib/python3.7/site-packages/airflow/example_dags/example_sensors.py took 0.369 seconds
[2025-10-05T03:20:22.465+0000] {processor.py:157} INFO - Started process (PID=4535) to work on /home/airflow/.local/lib/python3.7/site-packages/airflow/example_dags/example_sensors.py
[2025-10-05T03:20:22.468+0000] {processor.py:826} INFO - Processing file /home/airflow/.local/lib/python3.7/site-packages/airflow/example_dags/example_sensors.py for tasks to queue
[2025-10-05T03:20:22.470+0000] {logging_mixin.py:149} INFO - [2025-10-05T03:20:22.469+0000] {dagbag.py:541} INFO - Filling up the DagBag from /home/airflow/.local/lib/python3.7/site-packages/airflow/example_dags/example_sensors.py
[2025-10-05T03:20:22.494+0000] {processor.py:836} INFO - DAG(s) dict_keys(['example_sensors']) retrieved from /home/airflow/.local/lib/python3.7/site-packages/airflow/example_dags/example_sensors.py
[2025-10-05T03:20:22.580+0000] {logging_mixin.py:149} INFO - [2025-10-05T03:20:22.579+0000] {dag.py:2726} INFO - Sync 1 DAGs
[2025-10-05T03:20:22.645+0000] {logging_mixin.py:149} INFO - [2025-10-05T03:20:22.645+0000] {dag.py:3490} INFO - Setting next_dagrun for example_sensors to None, run_after=None
[2025-10-05T03:20:22.695+0000] {processor.py:179} INFO - Processing /home/airflow/.local/lib/python3.7/site-packages/airflow/example_dags/example_sensors.py took 0.239 seconds
[2025-10-05T03:20:53.333+0000] {processor.py:157} INFO - Started process (PID=4599) to work on /home/airflow/.local/lib/python3.7/site-packages/airflow/example_dags/example_sensors.py
[2025-10-05T03:20:53.335+0000] {processor.py:826} INFO - Processing file /home/airflow/.local/lib/python3.7/site-packages/airflow/example_dags/example_sensors.py for tasks to queue
[2025-10-05T03:20:53.336+0000] {logging_mixin.py:149} INFO - [2025-10-05T03:20:53.336+0000] {dagbag.py:541} INFO - Filling up the DagBag from /home/airflow/.local/lib/python3.7/site-packages/airflow/example_dags/example_sensors.py
[2025-10-05T03:20:53.355+0000] {processor.py:836} INFO - DAG(s) dict_keys(['example_sensors']) retrieved from /home/airflow/.local/lib/python3.7/site-packages/airflow/example_dags/example_sensors.py
[2025-10-05T03:20:53.404+0000] {logging_mixin.py:149} INFO - [2025-10-05T03:20:53.404+0000] {dag.py:2726} INFO - Sync 1 DAGs
[2025-10-05T03:20:53.457+0000] {logging_mixin.py:149} INFO - [2025-10-05T03:20:53.457+0000] {dag.py:3490} INFO - Setting next_dagrun for example_sensors to None, run_after=None
[2025-10-05T03:20:53.495+0000] {processor.py:179} INFO - Processing /home/airflow/.local/lib/python3.7/site-packages/airflow/example_dags/example_sensors.py took 0.168 seconds
[2025-10-05T03:21:24.471+0000] {processor.py:157} INFO - Started process (PID=4663) to work on /home/airflow/.local/lib/python3.7/site-packages/airflow/example_dags/example_sensors.py
[2025-10-05T03:21:24.474+0000] {processor.py:826} INFO - Processing file /home/airflow/.local/lib/python3.7/site-packages/airflow/example_dags/example_sensors.py for tasks to queue
[2025-10-05T03:21:24.477+0000] {logging_mixin.py:149} INFO - [2025-10-05T03:21:24.477+0000] {dagbag.py:541} INFO - Filling up the DagBag from /home/airflow/.local/lib/python3.7/site-packages/airflow/example_dags/example_sensors.py
[2025-10-05T03:21:24.502+0000] {processor.py:836} INFO - DAG(s) dict_keys(['example_sensors']) retrieved from /home/airflow/.local/lib/python3.7/site-packages/airflow/example_dags/example_sensors.py
[2025-10-05T03:21:24.590+0000] {logging_mixin.py:149} INFO - [2025-10-05T03:21:24.590+0000] {dag.py:2726} INFO - Sync 1 DAGs
[2025-10-05T03:21:24.664+0000] {logging_mixin.py:149} INFO - [2025-10-05T03:21:24.664+0000] {dag.py:3490} INFO - Setting next_dagrun for example_sensors to None, run_after=None
[2025-10-05T03:21:24.719+0000] {processor.py:179} INFO - Processing /home/airflow/.local/lib/python3.7/site-packages/airflow/example_dags/example_sensors.py took 0.261 seconds
[2025-10-05T03:21:54.847+0000] {processor.py:157} INFO - Started process (PID=4727) to work on /home/airflow/.local/lib/python3.7/site-packages/airflow/example_dags/example_sensors.py
[2025-10-05T03:21:54.850+0000] {processor.py:826} INFO - Processing file /home/airflow/.local/lib/python3.7/site-packages/airflow/example_dags/example_sensors.py for tasks to queue
[2025-10-05T03:21:54.852+0000] {logging_mixin.py:149} INFO - [2025-10-05T03:21:54.851+0000] {dagbag.py:541} INFO - Filling up the DagBag from /home/airflow/.local/lib/python3.7/site-packages/airflow/example_dags/example_sensors.py
[2025-10-05T03:21:54.870+0000] {processor.py:836} INFO - DAG(s) dict_keys(['example_sensors']) retrieved from /home/airflow/.local/lib/python3.7/site-packages/airflow/example_dags/example_sensors.py
[2025-10-05T03:21:54.967+0000] {logging_mixin.py:149} INFO - [2025-10-05T03:21:54.966+0000] {dag.py:2726} INFO - Sync 1 DAGs
[2025-10-05T03:21:55.028+0000] {logging_mixin.py:149} INFO - [2025-10-05T03:21:55.028+0000] {dag.py:3490} INFO - Setting next_dagrun for example_sensors to None, run_after=None
[2025-10-05T03:21:55.079+0000] {processor.py:179} INFO - Processing /home/airflow/.local/lib/python3.7/site-packages/airflow/example_dags/example_sensors.py took 0.238 seconds
[2025-10-05T03:22:25.322+0000] {processor.py:157} INFO - Started process (PID=4791) to work on /home/airflow/.local/lib/python3.7/site-packages/airflow/example_dags/example_sensors.py
[2025-10-05T03:22:25.324+0000] {processor.py:826} INFO - Processing file /home/airflow/.local/lib/python3.7/site-packages/airflow/example_dags/example_sensors.py for tasks to queue
[2025-10-05T03:22:25.325+0000] {logging_mixin.py:149} INFO - [2025-10-05T03:22:25.325+0000] {dagbag.py:541} INFO - Filling up the DagBag from /home/airflow/.local/lib/python3.7/site-packages/airflow/example_dags/example_sensors.py
[2025-10-05T03:22:25.341+0000] {processor.py:836} INFO - DAG(s) dict_keys(['example_sensors']) retrieved from /home/airflow/.local/lib/python3.7/site-packages/airflow/example_dags/example_sensors.py
[2025-10-05T03:22:25.394+0000] {logging_mixin.py:149} INFO - [2025-10-05T03:22:25.394+0000] {dag.py:2726} INFO - Sync 1 DAGs
[2025-10-05T03:22:25.439+0000] {logging_mixin.py:149} INFO - [2025-10-05T03:22:25.439+0000] {dag.py:3490} INFO - Setting next_dagrun for example_sensors to None, run_after=None
[2025-10-05T03:22:25.476+0000] {processor.py:179} INFO - Processing /home/airflow/.local/lib/python3.7/site-packages/airflow/example_dags/example_sensors.py took 0.160 seconds
[2025-10-05T03:22:55.875+0000] {processor.py:157} INFO - Started process (PID=4856) to work on /home/airflow/.local/lib/python3.7/site-packages/airflow/example_dags/example_sensors.py
[2025-10-05T03:22:55.877+0000] {processor.py:826} INFO - Processing file /home/airflow/.local/lib/python3.7/site-packages/airflow/example_dags/example_sensors.py for tasks to queue
[2025-10-05T03:22:55.879+0000] {logging_mixin.py:149} INFO - [2025-10-05T03:22:55.879+0000] {dagbag.py:541} INFO - Filling up the DagBag from /home/airflow/.local/lib/python3.7/site-packages/airflow/example_dags/example_sensors.py
[2025-10-05T03:22:55.900+0000] {processor.py:836} INFO - DAG(s) dict_keys(['example_sensors']) retrieved from /home/airflow/.local/lib/python3.7/site-packages/airflow/example_dags/example_sensors.py
[2025-10-05T03:22:55.951+0000] {logging_mixin.py:149} INFO - [2025-10-05T03:22:55.950+0000] {dag.py:2726} INFO - Sync 1 DAGs
[2025-10-05T03:22:55.993+0000] {logging_mixin.py:149} INFO - [2025-10-05T03:22:55.993+0000] {dag.py:3490} INFO - Setting next_dagrun for example_sensors to None, run_after=None
[2025-10-05T03:22:56.034+0000] {processor.py:179} INFO - Processing /home/airflow/.local/lib/python3.7/site-packages/airflow/example_dags/example_sensors.py took 0.164 seconds
[2025-10-05T03:23:26.405+0000] {processor.py:157} INFO - Started process (PID=4927) to work on /home/airflow/.local/lib/python3.7/site-packages/airflow/example_dags/example_sensors.py
[2025-10-05T03:23:26.407+0000] {processor.py:826} INFO - Processing file /home/airflow/.local/lib/python3.7/site-packages/airflow/example_dags/example_sensors.py for tasks to queue
[2025-10-05T03:23:26.410+0000] {logging_mixin.py:149} INFO - [2025-10-05T03:23:26.410+0000] {dagbag.py:541} INFO - Filling up the DagBag from /home/airflow/.local/lib/python3.7/site-packages/airflow/example_dags/example_sensors.py
[2025-10-05T03:23:26.439+0000] {processor.py:836} INFO - DAG(s) dict_keys(['example_sensors']) retrieved from /home/airflow/.local/lib/python3.7/site-packages/airflow/example_dags/example_sensors.py
[2025-10-05T03:23:26.515+0000] {logging_mixin.py:149} INFO - [2025-10-05T03:23:26.515+0000] {dag.py:2726} INFO - Sync 1 DAGs
[2025-10-05T03:23:26.568+0000] {logging_mixin.py:149} INFO - [2025-10-05T03:23:26.568+0000] {dag.py:3490} INFO - Setting next_dagrun for example_sensors to None, run_after=None
[2025-10-05T03:23:26.612+0000] {processor.py:179} INFO - Processing /home/airflow/.local/lib/python3.7/site-packages/airflow/example_dags/example_sensors.py took 0.216 seconds
[2025-10-05T03:23:57.409+0000] {processor.py:157} INFO - Started process (PID=4991) to work on /home/airflow/.local/lib/python3.7/site-packages/airflow/example_dags/example_sensors.py
[2025-10-05T03:23:57.411+0000] {processor.py:826} INFO - Processing file /home/airflow/.local/lib/python3.7/site-packages/airflow/example_dags/example_sensors.py for tasks to queue
[2025-10-05T03:23:57.416+0000] {logging_mixin.py:149} INFO - [2025-10-05T03:23:57.415+0000] {dagbag.py:541} INFO - Filling up the DagBag from /home/airflow/.local/lib/python3.7/site-packages/airflow/example_dags/example_sensors.py
[2025-10-05T03:23:57.458+0000] {processor.py:836} INFO - DAG(s) dict_keys(['example_sensors']) retrieved from /home/airflow/.local/lib/python3.7/site-packages/airflow/example_dags/example_sensors.py
[2025-10-05T03:23:57.585+0000] {logging_mixin.py:149} INFO - [2025-10-05T03:23:57.584+0000] {dag.py:2726} INFO - Sync 1 DAGs
[2025-10-05T03:23:57.662+0000] {logging_mixin.py:149} INFO - [2025-10-05T03:23:57.662+0000] {dag.py:3490} INFO - Setting next_dagrun for example_sensors to None, run_after=None
[2025-10-05T03:23:57.731+0000] {processor.py:179} INFO - Processing /home/airflow/.local/lib/python3.7/site-packages/airflow/example_dags/example_sensors.py took 0.337 seconds
[2025-10-05T03:24:27.932+0000] {processor.py:157} INFO - Started process (PID=5056) to work on /home/airflow/.local/lib/python3.7/site-packages/airflow/example_dags/example_sensors.py
[2025-10-05T03:24:27.934+0000] {processor.py:826} INFO - Processing file /home/airflow/.local/lib/python3.7/site-packages/airflow/example_dags/example_sensors.py for tasks to queue
[2025-10-05T03:24:27.936+0000] {logging_mixin.py:149} INFO - [2025-10-05T03:24:27.936+0000] {dagbag.py:541} INFO - Filling up the DagBag from /home/airflow/.local/lib/python3.7/site-packages/airflow/example_dags/example_sensors.py
[2025-10-05T03:24:27.961+0000] {processor.py:836} INFO - DAG(s) dict_keys(['example_sensors']) retrieved from /home/airflow/.local/lib/python3.7/site-packages/airflow/example_dags/example_sensors.py
[2025-10-05T03:24:28.028+0000] {logging_mixin.py:149} INFO - [2025-10-05T03:24:28.027+0000] {dag.py:2726} INFO - Sync 1 DAGs
[2025-10-05T03:24:28.086+0000] {logging_mixin.py:149} INFO - [2025-10-05T03:24:28.085+0000] {dag.py:3490} INFO - Setting next_dagrun for example_sensors to None, run_after=None
[2025-10-05T03:24:28.132+0000] {processor.py:179} INFO - Processing /home/airflow/.local/lib/python3.7/site-packages/airflow/example_dags/example_sensors.py took 0.208 seconds
[2025-10-05T03:24:58.558+0000] {processor.py:157} INFO - Started process (PID=5120) to work on /home/airflow/.local/lib/python3.7/site-packages/airflow/example_dags/example_sensors.py
[2025-10-05T03:24:58.565+0000] {processor.py:826} INFO - Processing file /home/airflow/.local/lib/python3.7/site-packages/airflow/example_dags/example_sensors.py for tasks to queue
[2025-10-05T03:24:58.567+0000] {logging_mixin.py:149} INFO - [2025-10-05T03:24:58.567+0000] {dagbag.py:541} INFO - Filling up the DagBag from /home/airflow/.local/lib/python3.7/site-packages/airflow/example_dags/example_sensors.py
[2025-10-05T03:24:58.585+0000] {processor.py:836} INFO - DAG(s) dict_keys(['example_sensors']) retrieved from /home/airflow/.local/lib/python3.7/site-packages/airflow/example_dags/example_sensors.py
[2025-10-05T03:24:58.642+0000] {logging_mixin.py:149} INFO - [2025-10-05T03:24:58.642+0000] {dag.py:2726} INFO - Sync 1 DAGs
[2025-10-05T03:24:58.689+0000] {logging_mixin.py:149} INFO - [2025-10-05T03:24:58.689+0000] {dag.py:3490} INFO - Setting next_dagrun for example_sensors to None, run_after=None
[2025-10-05T03:24:58.732+0000] {processor.py:179} INFO - Processing /home/airflow/.local/lib/python3.7/site-packages/airflow/example_dags/example_sensors.py took 0.180 seconds
[2025-10-05T03:25:42.716+0000] {processor.py:157} INFO - Started process (PID=5185) to work on /home/airflow/.local/lib/python3.7/site-packages/airflow/example_dags/example_sensors.py
[2025-10-05T03:25:42.718+0000] {processor.py:826} INFO - Processing file /home/airflow/.local/lib/python3.7/site-packages/airflow/example_dags/example_sensors.py for tasks to queue
[2025-10-05T03:25:42.720+0000] {logging_mixin.py:149} INFO - [2025-10-05T03:25:42.720+0000] {dagbag.py:541} INFO - Filling up the DagBag from /home/airflow/.local/lib/python3.7/site-packages/airflow/example_dags/example_sensors.py
[2025-10-05T03:25:42.743+0000] {processor.py:836} INFO - DAG(s) dict_keys(['example_sensors']) retrieved from /home/airflow/.local/lib/python3.7/site-packages/airflow/example_dags/example_sensors.py
[2025-10-05T03:25:42.807+0000] {logging_mixin.py:149} INFO - [2025-10-05T03:25:42.806+0000] {dag.py:2726} INFO - Sync 1 DAGs
[2025-10-05T03:25:43.070+0000] {logging_mixin.py:149} INFO - [2025-10-05T03:25:43.070+0000] {dag.py:3490} INFO - Setting next_dagrun for example_sensors to None, run_after=None
[2025-10-05T03:25:43.109+0000] {processor.py:179} INFO - Processing /home/airflow/.local/lib/python3.7/site-packages/airflow/example_dags/example_sensors.py took 0.399 seconds
[2025-10-05T03:26:13.519+0000] {processor.py:157} INFO - Started process (PID=5249) to work on /home/airflow/.local/lib/python3.7/site-packages/airflow/example_dags/example_sensors.py
[2025-10-05T03:26:13.521+0000] {processor.py:826} INFO - Processing file /home/airflow/.local/lib/python3.7/site-packages/airflow/example_dags/example_sensors.py for tasks to queue
[2025-10-05T03:26:13.526+0000] {logging_mixin.py:149} INFO - [2025-10-05T03:26:13.526+0000] {dagbag.py:541} INFO - Filling up the DagBag from /home/airflow/.local/lib/python3.7/site-packages/airflow/example_dags/example_sensors.py
[2025-10-05T03:26:13.559+0000] {processor.py:836} INFO - DAG(s) dict_keys(['example_sensors']) retrieved from /home/airflow/.local/lib/python3.7/site-packages/airflow/example_dags/example_sensors.py
[2025-10-05T03:26:13.643+0000] {logging_mixin.py:149} INFO - [2025-10-05T03:26:13.642+0000] {dag.py:2726} INFO - Sync 1 DAGs
[2025-10-05T03:26:13.701+0000] {logging_mixin.py:149} INFO - [2025-10-05T03:26:13.701+0000] {dag.py:3490} INFO - Setting next_dagrun for example_sensors to None, run_after=None
[2025-10-05T03:26:13.979+0000] {processor.py:179} INFO - Processing /home/airflow/.local/lib/python3.7/site-packages/airflow/example_dags/example_sensors.py took 0.470 seconds
[2025-10-05T03:26:44.167+0000] {processor.py:157} INFO - Started process (PID=5313) to work on /home/airflow/.local/lib/python3.7/site-packages/airflow/example_dags/example_sensors.py
[2025-10-05T03:26:44.170+0000] {processor.py:826} INFO - Processing file /home/airflow/.local/lib/python3.7/site-packages/airflow/example_dags/example_sensors.py for tasks to queue
[2025-10-05T03:26:44.172+0000] {logging_mixin.py:149} INFO - [2025-10-05T03:26:44.172+0000] {dagbag.py:541} INFO - Filling up the DagBag from /home/airflow/.local/lib/python3.7/site-packages/airflow/example_dags/example_sensors.py
[2025-10-05T03:26:44.193+0000] {processor.py:836} INFO - DAG(s) dict_keys(['example_sensors']) retrieved from /home/airflow/.local/lib/python3.7/site-packages/airflow/example_dags/example_sensors.py
[2025-10-05T03:26:44.253+0000] {logging_mixin.py:149} INFO - [2025-10-05T03:26:44.252+0000] {dag.py:2726} INFO - Sync 1 DAGs
[2025-10-05T03:26:44.301+0000] {logging_mixin.py:149} INFO - [2025-10-05T03:26:44.301+0000] {dag.py:3490} INFO - Setting next_dagrun for example_sensors to None, run_after=None
[2025-10-05T03:26:44.344+0000] {processor.py:179} INFO - Processing /home/airflow/.local/lib/python3.7/site-packages/airflow/example_dags/example_sensors.py took 0.185 seconds
[2025-10-05T03:27:15.467+0000] {processor.py:157} INFO - Started process (PID=5377) to work on /home/airflow/.local/lib/python3.7/site-packages/airflow/example_dags/example_sensors.py
[2025-10-05T03:27:15.469+0000] {processor.py:826} INFO - Processing file /home/airflow/.local/lib/python3.7/site-packages/airflow/example_dags/example_sensors.py for tasks to queue
[2025-10-05T03:27:15.471+0000] {logging_mixin.py:149} INFO - [2025-10-05T03:27:15.471+0000] {dagbag.py:541} INFO - Filling up the DagBag from /home/airflow/.local/lib/python3.7/site-packages/airflow/example_dags/example_sensors.py
[2025-10-05T03:27:15.500+0000] {processor.py:836} INFO - DAG(s) dict_keys(['example_sensors']) retrieved from /home/airflow/.local/lib/python3.7/site-packages/airflow/example_dags/example_sensors.py
[2025-10-05T03:27:15.725+0000] {logging_mixin.py:149} INFO - [2025-10-05T03:27:15.724+0000] {dag.py:2726} INFO - Sync 1 DAGs
[2025-10-05T03:27:15.780+0000] {logging_mixin.py:149} INFO - [2025-10-05T03:27:15.780+0000] {dag.py:3490} INFO - Setting next_dagrun for example_sensors to None, run_after=None
[2025-10-05T03:27:15.827+0000] {processor.py:179} INFO - Processing /home/airflow/.local/lib/python3.7/site-packages/airflow/example_dags/example_sensors.py took 0.367 seconds
[2025-10-05T03:27:48.213+0000] {processor.py:157} INFO - Started process (PID=5441) to work on /home/airflow/.local/lib/python3.7/site-packages/airflow/example_dags/example_sensors.py
[2025-10-05T03:27:48.215+0000] {processor.py:826} INFO - Processing file /home/airflow/.local/lib/python3.7/site-packages/airflow/example_dags/example_sensors.py for tasks to queue
[2025-10-05T03:27:48.218+0000] {logging_mixin.py:149} INFO - [2025-10-05T03:27:48.218+0000] {dagbag.py:541} INFO - Filling up the DagBag from /home/airflow/.local/lib/python3.7/site-packages/airflow/example_dags/example_sensors.py
[2025-10-05T03:27:48.284+0000] {processor.py:836} INFO - DAG(s) dict_keys(['example_sensors']) retrieved from /home/airflow/.local/lib/python3.7/site-packages/airflow/example_dags/example_sensors.py
[2025-10-05T03:27:48.414+0000] {logging_mixin.py:149} INFO - [2025-10-05T03:27:48.414+0000] {dag.py:2726} INFO - Sync 1 DAGs
[2025-10-05T03:27:48.800+0000] {logging_mixin.py:149} INFO - [2025-10-05T03:27:48.800+0000] {dag.py:3490} INFO - Setting next_dagrun for example_sensors to None, run_after=None
[2025-10-05T03:27:48.842+0000] {processor.py:179} INFO - Processing /home/airflow/.local/lib/python3.7/site-packages/airflow/example_dags/example_sensors.py took 0.645 seconds
[2025-10-05T03:28:19.892+0000] {processor.py:157} INFO - Started process (PID=5505) to work on /home/airflow/.local/lib/python3.7/site-packages/airflow/example_dags/example_sensors.py
[2025-10-05T03:28:19.895+0000] {processor.py:826} INFO - Processing file /home/airflow/.local/lib/python3.7/site-packages/airflow/example_dags/example_sensors.py for tasks to queue
[2025-10-05T03:28:19.897+0000] {logging_mixin.py:149} INFO - [2025-10-05T03:28:19.897+0000] {dagbag.py:541} INFO - Filling up the DagBag from /home/airflow/.local/lib/python3.7/site-packages/airflow/example_dags/example_sensors.py
[2025-10-05T03:28:19.916+0000] {processor.py:836} INFO - DAG(s) dict_keys(['example_sensors']) retrieved from /home/airflow/.local/lib/python3.7/site-packages/airflow/example_dags/example_sensors.py
[2025-10-05T03:28:19.976+0000] {logging_mixin.py:149} INFO - [2025-10-05T03:28:19.975+0000] {dag.py:2726} INFO - Sync 1 DAGs
[2025-10-05T03:28:20.031+0000] {logging_mixin.py:149} INFO - [2025-10-05T03:28:20.031+0000] {dag.py:3490} INFO - Setting next_dagrun for example_sensors to None, run_after=None
[2025-10-05T03:28:20.076+0000] {processor.py:179} INFO - Processing /home/airflow/.local/lib/python3.7/site-packages/airflow/example_dags/example_sensors.py took 0.193 seconds
[2025-10-05T03:28:50.619+0000] {processor.py:157} INFO - Started process (PID=5570) to work on /home/airflow/.local/lib/python3.7/site-packages/airflow/example_dags/example_sensors.py
[2025-10-05T03:28:50.622+0000] {processor.py:826} INFO - Processing file /home/airflow/.local/lib/python3.7/site-packages/airflow/example_dags/example_sensors.py for tasks to queue
[2025-10-05T03:28:50.624+0000] {logging_mixin.py:149} INFO - [2025-10-05T03:28:50.624+0000] {dagbag.py:541} INFO - Filling up the DagBag from /home/airflow/.local/lib/python3.7/site-packages/airflow/example_dags/example_sensors.py
[2025-10-05T03:28:50.645+0000] {processor.py:836} INFO - DAG(s) dict_keys(['example_sensors']) retrieved from /home/airflow/.local/lib/python3.7/site-packages/airflow/example_dags/example_sensors.py
[2025-10-05T03:28:50.714+0000] {logging_mixin.py:149} INFO - [2025-10-05T03:28:50.713+0000] {dag.py:2726} INFO - Sync 1 DAGs
[2025-10-05T03:28:50.769+0000] {logging_mixin.py:149} INFO - [2025-10-05T03:28:50.769+0000] {dag.py:3490} INFO - Setting next_dagrun for example_sensors to None, run_after=None
[2025-10-05T03:28:50.815+0000] {processor.py:179} INFO - Processing /home/airflow/.local/lib/python3.7/site-packages/airflow/example_dags/example_sensors.py took 0.203 seconds
[2025-10-05T03:29:21.299+0000] {processor.py:157} INFO - Started process (PID=5635) to work on /home/airflow/.local/lib/python3.7/site-packages/airflow/example_dags/example_sensors.py
[2025-10-05T03:29:21.307+0000] {processor.py:826} INFO - Processing file /home/airflow/.local/lib/python3.7/site-packages/airflow/example_dags/example_sensors.py for tasks to queue
[2025-10-05T03:29:21.310+0000] {logging_mixin.py:149} INFO - [2025-10-05T03:29:21.309+0000] {dagbag.py:541} INFO - Filling up the DagBag from /home/airflow/.local/lib/python3.7/site-packages/airflow/example_dags/example_sensors.py
[2025-10-05T03:29:21.337+0000] {processor.py:836} INFO - DAG(s) dict_keys(['example_sensors']) retrieved from /home/airflow/.local/lib/python3.7/site-packages/airflow/example_dags/example_sensors.py
[2025-10-05T03:29:21.698+0000] {logging_mixin.py:149} INFO - [2025-10-05T03:29:21.698+0000] {dag.py:2726} INFO - Sync 1 DAGs
[2025-10-05T03:29:21.764+0000] {logging_mixin.py:149} INFO - [2025-10-05T03:29:21.764+0000] {dag.py:3490} INFO - Setting next_dagrun for example_sensors to None, run_after=None
[2025-10-05T03:29:21.817+0000] {processor.py:179} INFO - Processing /home/airflow/.local/lib/python3.7/site-packages/airflow/example_dags/example_sensors.py took 0.527 seconds
[2025-10-05T03:29:52.295+0000] {processor.py:157} INFO - Started process (PID=5699) to work on /home/airflow/.local/lib/python3.7/site-packages/airflow/example_dags/example_sensors.py
[2025-10-05T03:29:52.298+0000] {processor.py:826} INFO - Processing file /home/airflow/.local/lib/python3.7/site-packages/airflow/example_dags/example_sensors.py for tasks to queue
[2025-10-05T03:29:52.300+0000] {logging_mixin.py:149} INFO - [2025-10-05T03:29:52.299+0000] {dagbag.py:541} INFO - Filling up the DagBag from /home/airflow/.local/lib/python3.7/site-packages/airflow/example_dags/example_sensors.py
[2025-10-05T03:29:52.317+0000] {processor.py:836} INFO - DAG(s) dict_keys(['example_sensors']) retrieved from /home/airflow/.local/lib/python3.7/site-packages/airflow/example_dags/example_sensors.py
[2025-10-05T03:29:52.369+0000] {logging_mixin.py:149} INFO - [2025-10-05T03:29:52.368+0000] {dag.py:2726} INFO - Sync 1 DAGs
[2025-10-05T03:29:52.616+0000] {logging_mixin.py:149} INFO - [2025-10-05T03:29:52.616+0000] {dag.py:3490} INFO - Setting next_dagrun for example_sensors to None, run_after=None
[2025-10-05T03:29:52.655+0000] {processor.py:179} INFO - Processing /home/airflow/.local/lib/python3.7/site-packages/airflow/example_dags/example_sensors.py took 0.368 seconds
[2025-10-05T03:30:23.613+0000] {processor.py:157} INFO - Started process (PID=5763) to work on /home/airflow/.local/lib/python3.7/site-packages/airflow/example_dags/example_sensors.py
[2025-10-05T03:30:23.617+0000] {processor.py:826} INFO - Processing file /home/airflow/.local/lib/python3.7/site-packages/airflow/example_dags/example_sensors.py for tasks to queue
[2025-10-05T03:30:23.620+0000] {logging_mixin.py:149} INFO - [2025-10-05T03:30:23.620+0000] {dagbag.py:541} INFO - Filling up the DagBag from /home/airflow/.local/lib/python3.7/site-packages/airflow/example_dags/example_sensors.py
[2025-10-05T03:30:23.651+0000] {processor.py:836} INFO - DAG(s) dict_keys(['example_sensors']) retrieved from /home/airflow/.local/lib/python3.7/site-packages/airflow/example_dags/example_sensors.py
[2025-10-05T03:30:23.747+0000] {logging_mixin.py:149} INFO - [2025-10-05T03:30:23.747+0000] {dag.py:2726} INFO - Sync 1 DAGs
[2025-10-05T03:30:23.833+0000] {logging_mixin.py:149} INFO - [2025-10-05T03:30:23.832+0000] {dag.py:3490} INFO - Setting next_dagrun for example_sensors to None, run_after=None
[2025-10-05T03:30:23.896+0000] {processor.py:179} INFO - Processing /home/airflow/.local/lib/python3.7/site-packages/airflow/example_dags/example_sensors.py took 0.297 seconds
[2025-10-05T03:30:53.969+0000] {processor.py:157} INFO - Started process (PID=5827) to work on /home/airflow/.local/lib/python3.7/site-packages/airflow/example_dags/example_sensors.py
[2025-10-05T03:30:53.971+0000] {processor.py:826} INFO - Processing file /home/airflow/.local/lib/python3.7/site-packages/airflow/example_dags/example_sensors.py for tasks to queue
[2025-10-05T03:30:53.972+0000] {logging_mixin.py:149} INFO - [2025-10-05T03:30:53.972+0000] {dagbag.py:541} INFO - Filling up the DagBag from /home/airflow/.local/lib/python3.7/site-packages/airflow/example_dags/example_sensors.py
[2025-10-05T03:30:53.987+0000] {processor.py:836} INFO - DAG(s) dict_keys(['example_sensors']) retrieved from /home/airflow/.local/lib/python3.7/site-packages/airflow/example_dags/example_sensors.py
[2025-10-05T03:30:54.035+0000] {logging_mixin.py:149} INFO - [2025-10-05T03:30:54.034+0000] {dag.py:2726} INFO - Sync 1 DAGs
[2025-10-05T03:30:54.076+0000] {logging_mixin.py:149} INFO - [2025-10-05T03:30:54.076+0000] {dag.py:3490} INFO - Setting next_dagrun for example_sensors to None, run_after=None
[2025-10-05T03:30:54.113+0000] {processor.py:179} INFO - Processing /home/airflow/.local/lib/python3.7/site-packages/airflow/example_dags/example_sensors.py took 0.149 seconds
[2025-10-05T03:31:24.899+0000] {processor.py:157} INFO - Started process (PID=5891) to work on /home/airflow/.local/lib/python3.7/site-packages/airflow/example_dags/example_sensors.py
[2025-10-05T03:31:24.901+0000] {processor.py:826} INFO - Processing file /home/airflow/.local/lib/python3.7/site-packages/airflow/example_dags/example_sensors.py for tasks to queue
[2025-10-05T03:31:24.903+0000] {logging_mixin.py:149} INFO - [2025-10-05T03:31:24.903+0000] {dagbag.py:541} INFO - Filling up the DagBag from /home/airflow/.local/lib/python3.7/site-packages/airflow/example_dags/example_sensors.py
[2025-10-05T03:31:24.921+0000] {processor.py:836} INFO - DAG(s) dict_keys(['example_sensors']) retrieved from /home/airflow/.local/lib/python3.7/site-packages/airflow/example_dags/example_sensors.py
[2025-10-05T03:31:24.981+0000] {logging_mixin.py:149} INFO - [2025-10-05T03:31:24.981+0000] {dag.py:2726} INFO - Sync 1 DAGs
[2025-10-05T03:31:25.024+0000] {logging_mixin.py:149} INFO - [2025-10-05T03:31:25.024+0000] {dag.py:3490} INFO - Setting next_dagrun for example_sensors to None, run_after=None
[2025-10-05T03:31:25.058+0000] {processor.py:179} INFO - Processing /home/airflow/.local/lib/python3.7/site-packages/airflow/example_dags/example_sensors.py took 0.165 seconds
[2025-10-05T03:31:55.539+0000] {processor.py:157} INFO - Started process (PID=5955) to work on /home/airflow/.local/lib/python3.7/site-packages/airflow/example_dags/example_sensors.py
[2025-10-05T03:31:55.541+0000] {processor.py:826} INFO - Processing file /home/airflow/.local/lib/python3.7/site-packages/airflow/example_dags/example_sensors.py for tasks to queue
[2025-10-05T03:31:55.543+0000] {logging_mixin.py:149} INFO - [2025-10-05T03:31:55.542+0000] {dagbag.py:541} INFO - Filling up the DagBag from /home/airflow/.local/lib/python3.7/site-packages/airflow/example_dags/example_sensors.py
[2025-10-05T03:31:55.562+0000] {processor.py:836} INFO - DAG(s) dict_keys(['example_sensors']) retrieved from /home/airflow/.local/lib/python3.7/site-packages/airflow/example_dags/example_sensors.py
[2025-10-05T03:31:55.631+0000] {logging_mixin.py:149} INFO - [2025-10-05T03:31:55.631+0000] {dag.py:2726} INFO - Sync 1 DAGs
[2025-10-05T03:31:55.686+0000] {logging_mixin.py:149} INFO - [2025-10-05T03:31:55.686+0000] {dag.py:3490} INFO - Setting next_dagrun for example_sensors to None, run_after=None
[2025-10-05T03:31:55.735+0000] {processor.py:179} INFO - Processing /home/airflow/.local/lib/python3.7/site-packages/airflow/example_dags/example_sensors.py took 0.202 seconds
[2025-10-05T03:32:26.386+0000] {processor.py:157} INFO - Started process (PID=6020) to work on /home/airflow/.local/lib/python3.7/site-packages/airflow/example_dags/example_sensors.py
[2025-10-05T03:32:26.389+0000] {processor.py:826} INFO - Processing file /home/airflow/.local/lib/python3.7/site-packages/airflow/example_dags/example_sensors.py for tasks to queue
[2025-10-05T03:32:26.391+0000] {logging_mixin.py:149} INFO - [2025-10-05T03:32:26.391+0000] {dagbag.py:541} INFO - Filling up the DagBag from /home/airflow/.local/lib/python3.7/site-packages/airflow/example_dags/example_sensors.py
[2025-10-05T03:32:26.424+0000] {processor.py:836} INFO - DAG(s) dict_keys(['example_sensors']) retrieved from /home/airflow/.local/lib/python3.7/site-packages/airflow/example_dags/example_sensors.py
[2025-10-05T03:32:26.489+0000] {logging_mixin.py:149} INFO - [2025-10-05T03:32:26.489+0000] {dag.py:2726} INFO - Sync 1 DAGs
[2025-10-05T03:32:26.541+0000] {logging_mixin.py:149} INFO - [2025-10-05T03:32:26.541+0000] {dag.py:3490} INFO - Setting next_dagrun for example_sensors to None, run_after=None
[2025-10-05T03:32:26.580+0000] {processor.py:179} INFO - Processing /home/airflow/.local/lib/python3.7/site-packages/airflow/example_dags/example_sensors.py took 0.202 seconds
[2025-10-05T03:32:57.414+0000] {processor.py:157} INFO - Started process (PID=6084) to work on /home/airflow/.local/lib/python3.7/site-packages/airflow/example_dags/example_sensors.py
[2025-10-05T03:32:57.420+0000] {processor.py:826} INFO - Processing file /home/airflow/.local/lib/python3.7/site-packages/airflow/example_dags/example_sensors.py for tasks to queue
[2025-10-05T03:32:57.423+0000] {logging_mixin.py:149} INFO - [2025-10-05T03:32:57.423+0000] {dagbag.py:541} INFO - Filling up the DagBag from /home/airflow/.local/lib/python3.7/site-packages/airflow/example_dags/example_sensors.py
[2025-10-05T03:32:57.455+0000] {processor.py:836} INFO - DAG(s) dict_keys(['example_sensors']) retrieved from /home/airflow/.local/lib/python3.7/site-packages/airflow/example_dags/example_sensors.py
[2025-10-05T03:32:57.523+0000] {logging_mixin.py:149} INFO - [2025-10-05T03:32:57.523+0000] {dag.py:2726} INFO - Sync 1 DAGs
[2025-10-05T03:32:57.600+0000] {logging_mixin.py:149} INFO - [2025-10-05T03:32:57.600+0000] {dag.py:3490} INFO - Setting next_dagrun for example_sensors to None, run_after=None
[2025-10-05T03:32:57.653+0000] {processor.py:179} INFO - Processing /home/airflow/.local/lib/python3.7/site-packages/airflow/example_dags/example_sensors.py took 0.251 seconds
[2025-10-05T03:33:28.826+0000] {processor.py:157} INFO - Started process (PID=6148) to work on /home/airflow/.local/lib/python3.7/site-packages/airflow/example_dags/example_sensors.py
[2025-10-05T03:33:28.831+0000] {processor.py:826} INFO - Processing file /home/airflow/.local/lib/python3.7/site-packages/airflow/example_dags/example_sensors.py for tasks to queue
[2025-10-05T03:33:28.837+0000] {logging_mixin.py:149} INFO - [2025-10-05T03:33:28.836+0000] {dagbag.py:541} INFO - Filling up the DagBag from /home/airflow/.local/lib/python3.7/site-packages/airflow/example_dags/example_sensors.py
[2025-10-05T03:33:28.872+0000] {processor.py:836} INFO - DAG(s) dict_keys(['example_sensors']) retrieved from /home/airflow/.local/lib/python3.7/site-packages/airflow/example_dags/example_sensors.py
[2025-10-05T03:33:28.974+0000] {logging_mixin.py:149} INFO - [2025-10-05T03:33:28.973+0000] {dag.py:2726} INFO - Sync 1 DAGs
[2025-10-05T03:33:29.065+0000] {logging_mixin.py:149} INFO - [2025-10-05T03:33:29.064+0000] {dag.py:3490} INFO - Setting next_dagrun for example_sensors to None, run_after=None
[2025-10-05T03:33:29.117+0000] {processor.py:179} INFO - Processing /home/airflow/.local/lib/python3.7/site-packages/airflow/example_dags/example_sensors.py took 0.307 seconds
[2025-10-05T03:33:59.277+0000] {processor.py:157} INFO - Started process (PID=6212) to work on /home/airflow/.local/lib/python3.7/site-packages/airflow/example_dags/example_sensors.py
[2025-10-05T03:33:59.279+0000] {processor.py:826} INFO - Processing file /home/airflow/.local/lib/python3.7/site-packages/airflow/example_dags/example_sensors.py for tasks to queue
[2025-10-05T03:33:59.281+0000] {logging_mixin.py:149} INFO - [2025-10-05T03:33:59.280+0000] {dagbag.py:541} INFO - Filling up the DagBag from /home/airflow/.local/lib/python3.7/site-packages/airflow/example_dags/example_sensors.py
[2025-10-05T03:33:59.301+0000] {processor.py:836} INFO - DAG(s) dict_keys(['example_sensors']) retrieved from /home/airflow/.local/lib/python3.7/site-packages/airflow/example_dags/example_sensors.py
[2025-10-05T03:33:59.330+0000] {logging_mixin.py:149} INFO - [2025-10-05T03:33:59.330+0000] {dag.py:2726} INFO - Sync 1 DAGs
[2025-10-05T03:33:59.380+0000] {logging_mixin.py:149} INFO - [2025-10-05T03:33:59.380+0000] {dag.py:3490} INFO - Setting next_dagrun for example_sensors to None, run_after=None
[2025-10-05T03:33:59.418+0000] {processor.py:179} INFO - Processing /home/airflow/.local/lib/python3.7/site-packages/airflow/example_dags/example_sensors.py took 0.149 seconds
[2025-10-05T03:35:12.447+0000] {processor.py:157} INFO - Started process (PID=6291) to work on /home/airflow/.local/lib/python3.7/site-packages/airflow/example_dags/example_sensors.py
[2025-10-05T03:35:12.450+0000] {processor.py:826} INFO - Processing file /home/airflow/.local/lib/python3.7/site-packages/airflow/example_dags/example_sensors.py for tasks to queue
[2025-10-05T03:35:12.453+0000] {logging_mixin.py:149} INFO - [2025-10-05T03:35:12.452+0000] {dagbag.py:541} INFO - Filling up the DagBag from /home/airflow/.local/lib/python3.7/site-packages/airflow/example_dags/example_sensors.py
[2025-10-05T03:35:12.494+0000] {processor.py:836} INFO - DAG(s) dict_keys(['example_sensors']) retrieved from /home/airflow/.local/lib/python3.7/site-packages/airflow/example_dags/example_sensors.py
[2025-10-05T03:35:12.605+0000] {logging_mixin.py:149} INFO - [2025-10-05T03:35:12.604+0000] {dag.py:2726} INFO - Sync 1 DAGs
[2025-10-05T03:35:12.769+0000] {logging_mixin.py:149} INFO - [2025-10-05T03:35:12.769+0000] {dag.py:3490} INFO - Setting next_dagrun for example_sensors to None, run_after=None
[2025-10-05T03:35:12.939+0000] {processor.py:179} INFO - Processing /home/airflow/.local/lib/python3.7/site-packages/airflow/example_dags/example_sensors.py took 0.504 seconds
[2025-10-05T03:35:50.752+0000] {processor.py:157} INFO - Started process (PID=6356) to work on /home/airflow/.local/lib/python3.7/site-packages/airflow/example_dags/example_sensors.py
[2025-10-05T03:35:50.755+0000] {processor.py:826} INFO - Processing file /home/airflow/.local/lib/python3.7/site-packages/airflow/example_dags/example_sensors.py for tasks to queue
[2025-10-05T03:35:50.757+0000] {logging_mixin.py:149} INFO - [2025-10-05T03:35:50.757+0000] {dagbag.py:541} INFO - Filling up the DagBag from /home/airflow/.local/lib/python3.7/site-packages/airflow/example_dags/example_sensors.py
[2025-10-05T03:35:50.785+0000] {processor.py:836} INFO - DAG(s) dict_keys(['example_sensors']) retrieved from /home/airflow/.local/lib/python3.7/site-packages/airflow/example_dags/example_sensors.py
[2025-10-05T03:35:50.885+0000] {logging_mixin.py:149} INFO - [2025-10-05T03:35:50.884+0000] {dag.py:2726} INFO - Sync 1 DAGs
[2025-10-05T03:35:50.955+0000] {logging_mixin.py:149} INFO - [2025-10-05T03:35:50.954+0000] {dag.py:3490} INFO - Setting next_dagrun for example_sensors to None, run_after=None
[2025-10-05T03:35:51.013+0000] {processor.py:179} INFO - Processing /home/airflow/.local/lib/python3.7/site-packages/airflow/example_dags/example_sensors.py took 0.269 seconds
