[2025-10-05T02:45:47.354+0000] {processor.py:157} INFO - Started process (PID=1572) to work on /home/airflow/.local/lib/python3.7/site-packages/airflow/example_dags/example_sla_dag.py
[2025-10-05T02:45:47.376+0000] {processor.py:826} INFO - Processing file /home/airflow/.local/lib/python3.7/site-packages/airflow/example_dags/example_sla_dag.py for tasks to queue
[2025-10-05T02:45:47.418+0000] {logging_mixin.py:149} INFO - [2025-10-05T02:45:47.417+0000] {dagbag.py:541} INFO - Filling up the DagBag from /home/airflow/.local/lib/python3.7/site-packages/airflow/example_dags/example_sla_dag.py
[2025-10-05T02:45:47.583+0000] {processor.py:836} INFO - DAG(s) dict_keys(['example_sla_dag']) retrieved from /home/airflow/.local/lib/python3.7/site-packages/airflow/example_dags/example_sla_dag.py
[2025-10-05T02:45:48.012+0000] {logging_mixin.py:149} INFO - [2025-10-05T02:45:48.011+0000] {dag.py:2726} INFO - Sync 1 DAGs
[2025-10-05T02:45:48.794+0000] {logging_mixin.py:149} INFO - [2025-10-05T02:45:48.793+0000] {dag.py:3490} INFO - Setting next_dagrun for example_sla_dag to 2025-10-05T02:42:00+00:00, run_after=2025-10-05T02:44:00+00:00
[2025-10-05T02:45:49.193+0000] {processor.py:179} INFO - Processing /home/airflow/.local/lib/python3.7/site-packages/airflow/example_dags/example_sla_dag.py took 1.862 seconds
[2025-10-05T02:46:41.172+0000] {processor.py:157} INFO - Started process (PID=1647) to work on /home/airflow/.local/lib/python3.7/site-packages/airflow/example_dags/example_sla_dag.py
[2025-10-05T02:46:41.244+0000] {processor.py:826} INFO - Processing file /home/airflow/.local/lib/python3.7/site-packages/airflow/example_dags/example_sla_dag.py for tasks to queue
[2025-10-05T02:46:41.276+0000] {logging_mixin.py:149} INFO - [2025-10-05T02:46:41.275+0000] {dagbag.py:541} INFO - Filling up the DagBag from /home/airflow/.local/lib/python3.7/site-packages/airflow/example_dags/example_sla_dag.py
[2025-10-05T02:46:41.372+0000] {processor.py:836} INFO - DAG(s) dict_keys(['example_sla_dag']) retrieved from /home/airflow/.local/lib/python3.7/site-packages/airflow/example_dags/example_sla_dag.py
[2025-10-05T02:46:41.605+0000] {logging_mixin.py:149} INFO - [2025-10-05T02:46:41.604+0000] {dag.py:2726} INFO - Sync 1 DAGs
[2025-10-05T02:46:42.027+0000] {logging_mixin.py:149} INFO - [2025-10-05T02:46:42.026+0000] {dag.py:3490} INFO - Setting next_dagrun for example_sla_dag to 2025-10-05T02:44:00+00:00, run_after=2025-10-05T02:46:00+00:00
[2025-10-05T02:46:42.343+0000] {processor.py:179} INFO - Processing /home/airflow/.local/lib/python3.7/site-packages/airflow/example_dags/example_sla_dag.py took 1.208 seconds
[2025-10-05T02:47:16.676+0000] {processor.py:157} INFO - Started process (PID=1708) to work on /home/airflow/.local/lib/python3.7/site-packages/airflow/example_dags/example_sla_dag.py
[2025-10-05T02:47:16.689+0000] {processor.py:826} INFO - Processing file /home/airflow/.local/lib/python3.7/site-packages/airflow/example_dags/example_sla_dag.py for tasks to queue
[2025-10-05T02:47:16.694+0000] {logging_mixin.py:149} INFO - [2025-10-05T02:47:16.693+0000] {dagbag.py:541} INFO - Filling up the DagBag from /home/airflow/.local/lib/python3.7/site-packages/airflow/example_dags/example_sla_dag.py
[2025-10-05T02:47:16.748+0000] {processor.py:836} INFO - DAG(s) dict_keys(['example_sla_dag']) retrieved from /home/airflow/.local/lib/python3.7/site-packages/airflow/example_dags/example_sla_dag.py
[2025-10-05T02:47:16.883+0000] {logging_mixin.py:149} INFO - [2025-10-05T02:47:16.882+0000] {dag.py:2726} INFO - Sync 1 DAGs
[2025-10-05T02:47:17.072+0000] {logging_mixin.py:149} INFO - [2025-10-05T02:47:17.060+0000] {dag.py:3490} INFO - Setting next_dagrun for example_sla_dag to 2025-10-05T02:44:00+00:00, run_after=2025-10-05T02:46:00+00:00
[2025-10-05T02:47:17.193+0000] {processor.py:179} INFO - Processing /home/airflow/.local/lib/python3.7/site-packages/airflow/example_dags/example_sla_dag.py took 0.534 seconds
[2025-10-05T02:47:48.283+0000] {processor.py:157} INFO - Started process (PID=1768) to work on /home/airflow/.local/lib/python3.7/site-packages/airflow/example_dags/example_sla_dag.py
[2025-10-05T02:47:48.287+0000] {processor.py:826} INFO - Processing file /home/airflow/.local/lib/python3.7/site-packages/airflow/example_dags/example_sla_dag.py for tasks to queue
[2025-10-05T02:47:48.292+0000] {logging_mixin.py:149} INFO - [2025-10-05T02:47:48.291+0000] {dagbag.py:541} INFO - Filling up the DagBag from /home/airflow/.local/lib/python3.7/site-packages/airflow/example_dags/example_sla_dag.py
[2025-10-05T02:47:48.346+0000] {processor.py:836} INFO - DAG(s) dict_keys(['example_sla_dag']) retrieved from /home/airflow/.local/lib/python3.7/site-packages/airflow/example_dags/example_sla_dag.py
[2025-10-05T02:47:48.461+0000] {logging_mixin.py:149} INFO - [2025-10-05T02:47:48.461+0000] {dag.py:2726} INFO - Sync 1 DAGs
[2025-10-05T02:47:48.584+0000] {logging_mixin.py:149} INFO - [2025-10-05T02:47:48.583+0000] {dag.py:3490} INFO - Setting next_dagrun for example_sla_dag to 2025-10-05T02:44:00+00:00, run_after=2025-10-05T02:46:00+00:00
[2025-10-05T02:47:48.680+0000] {processor.py:179} INFO - Processing /home/airflow/.local/lib/python3.7/site-packages/airflow/example_dags/example_sla_dag.py took 0.411 seconds
[2025-10-05T02:48:21.619+0000] {processor.py:157} INFO - Started process (PID=1830) to work on /home/airflow/.local/lib/python3.7/site-packages/airflow/example_dags/example_sla_dag.py
[2025-10-05T02:48:21.625+0000] {processor.py:826} INFO - Processing file /home/airflow/.local/lib/python3.7/site-packages/airflow/example_dags/example_sla_dag.py for tasks to queue
[2025-10-05T02:48:21.630+0000] {logging_mixin.py:149} INFO - [2025-10-05T02:48:21.629+0000] {dagbag.py:541} INFO - Filling up the DagBag from /home/airflow/.local/lib/python3.7/site-packages/airflow/example_dags/example_sla_dag.py
[2025-10-05T02:48:21.685+0000] {processor.py:836} INFO - DAG(s) dict_keys(['example_sla_dag']) retrieved from /home/airflow/.local/lib/python3.7/site-packages/airflow/example_dags/example_sla_dag.py
[2025-10-05T02:48:21.780+0000] {logging_mixin.py:149} INFO - [2025-10-05T02:48:21.779+0000] {dag.py:2726} INFO - Sync 1 DAGs
[2025-10-05T02:48:21.908+0000] {logging_mixin.py:149} INFO - [2025-10-05T02:48:21.908+0000] {dag.py:3490} INFO - Setting next_dagrun for example_sla_dag to 2025-10-05T02:46:00+00:00, run_after=2025-10-05T02:48:00+00:00
[2025-10-05T02:48:21.979+0000] {processor.py:179} INFO - Processing /home/airflow/.local/lib/python3.7/site-packages/airflow/example_dags/example_sla_dag.py took 0.377 seconds
[2025-10-05T02:48:54.457+0000] {processor.py:157} INFO - Started process (PID=1891) to work on /home/airflow/.local/lib/python3.7/site-packages/airflow/example_dags/example_sla_dag.py
[2025-10-05T02:48:54.462+0000] {processor.py:826} INFO - Processing file /home/airflow/.local/lib/python3.7/site-packages/airflow/example_dags/example_sla_dag.py for tasks to queue
[2025-10-05T02:48:54.466+0000] {logging_mixin.py:149} INFO - [2025-10-05T02:48:54.466+0000] {dagbag.py:541} INFO - Filling up the DagBag from /home/airflow/.local/lib/python3.7/site-packages/airflow/example_dags/example_sla_dag.py
[2025-10-05T02:48:54.494+0000] {processor.py:836} INFO - DAG(s) dict_keys(['example_sla_dag']) retrieved from /home/airflow/.local/lib/python3.7/site-packages/airflow/example_dags/example_sla_dag.py
[2025-10-05T02:48:54.619+0000] {logging_mixin.py:149} INFO - [2025-10-05T02:48:54.618+0000] {dag.py:2726} INFO - Sync 1 DAGs
[2025-10-05T02:48:54.751+0000] {logging_mixin.py:149} INFO - [2025-10-05T02:48:54.750+0000] {dag.py:3490} INFO - Setting next_dagrun for example_sla_dag to 2025-10-05T02:46:00+00:00, run_after=2025-10-05T02:48:00+00:00
[2025-10-05T02:48:54.836+0000] {processor.py:179} INFO - Processing /home/airflow/.local/lib/python3.7/site-packages/airflow/example_dags/example_sla_dag.py took 0.398 seconds
[2025-10-05T02:49:25.563+0000] {processor.py:157} INFO - Started process (PID=1953) to work on /home/airflow/.local/lib/python3.7/site-packages/airflow/example_dags/example_sla_dag.py
[2025-10-05T02:49:25.567+0000] {processor.py:826} INFO - Processing file /home/airflow/.local/lib/python3.7/site-packages/airflow/example_dags/example_sla_dag.py for tasks to queue
[2025-10-05T02:49:25.571+0000] {logging_mixin.py:149} INFO - [2025-10-05T02:49:25.571+0000] {dagbag.py:541} INFO - Filling up the DagBag from /home/airflow/.local/lib/python3.7/site-packages/airflow/example_dags/example_sla_dag.py
[2025-10-05T02:49:25.606+0000] {processor.py:836} INFO - DAG(s) dict_keys(['example_sla_dag']) retrieved from /home/airflow/.local/lib/python3.7/site-packages/airflow/example_dags/example_sla_dag.py
[2025-10-05T02:49:25.691+0000] {logging_mixin.py:149} INFO - [2025-10-05T02:49:25.690+0000] {dag.py:2726} INFO - Sync 1 DAGs
[2025-10-05T02:49:25.803+0000] {logging_mixin.py:149} INFO - [2025-10-05T02:49:25.802+0000] {dag.py:3490} INFO - Setting next_dagrun for example_sla_dag to 2025-10-05T02:46:00+00:00, run_after=2025-10-05T02:48:00+00:00
[2025-10-05T02:49:25.893+0000] {processor.py:179} INFO - Processing /home/airflow/.local/lib/python3.7/site-packages/airflow/example_dags/example_sla_dag.py took 0.340 seconds
[2025-10-05T02:49:57.191+0000] {processor.py:157} INFO - Started process (PID=2014) to work on /home/airflow/.local/lib/python3.7/site-packages/airflow/example_dags/example_sla_dag.py
[2025-10-05T02:49:57.196+0000] {processor.py:826} INFO - Processing file /home/airflow/.local/lib/python3.7/site-packages/airflow/example_dags/example_sla_dag.py for tasks to queue
[2025-10-05T02:49:57.200+0000] {logging_mixin.py:149} INFO - [2025-10-05T02:49:57.200+0000] {dagbag.py:541} INFO - Filling up the DagBag from /home/airflow/.local/lib/python3.7/site-packages/airflow/example_dags/example_sla_dag.py
[2025-10-05T02:49:57.226+0000] {processor.py:836} INFO - DAG(s) dict_keys(['example_sla_dag']) retrieved from /home/airflow/.local/lib/python3.7/site-packages/airflow/example_dags/example_sla_dag.py
[2025-10-05T02:49:57.302+0000] {logging_mixin.py:149} INFO - [2025-10-05T02:49:57.302+0000] {dag.py:2726} INFO - Sync 1 DAGs
[2025-10-05T02:49:57.388+0000] {logging_mixin.py:149} INFO - [2025-10-05T02:49:57.388+0000] {dag.py:3490} INFO - Setting next_dagrun for example_sla_dag to 2025-10-05T02:46:00+00:00, run_after=2025-10-05T02:48:00+00:00
[2025-10-05T02:49:57.454+0000] {processor.py:179} INFO - Processing /home/airflow/.local/lib/python3.7/site-packages/airflow/example_dags/example_sla_dag.py took 0.275 seconds
[2025-10-05T02:50:28.066+0000] {processor.py:157} INFO - Started process (PID=2075) to work on /home/airflow/.local/lib/python3.7/site-packages/airflow/example_dags/example_sla_dag.py
[2025-10-05T02:50:28.071+0000] {processor.py:826} INFO - Processing file /home/airflow/.local/lib/python3.7/site-packages/airflow/example_dags/example_sla_dag.py for tasks to queue
[2025-10-05T02:50:28.074+0000] {logging_mixin.py:149} INFO - [2025-10-05T02:50:28.074+0000] {dagbag.py:541} INFO - Filling up the DagBag from /home/airflow/.local/lib/python3.7/site-packages/airflow/example_dags/example_sla_dag.py
[2025-10-05T02:50:28.102+0000] {processor.py:836} INFO - DAG(s) dict_keys(['example_sla_dag']) retrieved from /home/airflow/.local/lib/python3.7/site-packages/airflow/example_dags/example_sla_dag.py
[2025-10-05T02:50:28.184+0000] {logging_mixin.py:149} INFO - [2025-10-05T02:50:28.183+0000] {dag.py:2726} INFO - Sync 1 DAGs
[2025-10-05T02:50:28.277+0000] {logging_mixin.py:149} INFO - [2025-10-05T02:50:28.277+0000] {dag.py:3490} INFO - Setting next_dagrun for example_sla_dag to 2025-10-05T02:48:00+00:00, run_after=2025-10-05T02:50:00+00:00
[2025-10-05T02:50:28.360+0000] {processor.py:179} INFO - Processing /home/airflow/.local/lib/python3.7/site-packages/airflow/example_dags/example_sla_dag.py took 0.308 seconds
[2025-10-05T02:50:58.656+0000] {processor.py:157} INFO - Started process (PID=2127) to work on /home/airflow/.local/lib/python3.7/site-packages/airflow/example_dags/example_sla_dag.py
[2025-10-05T02:50:58.659+0000] {processor.py:826} INFO - Processing file /home/airflow/.local/lib/python3.7/site-packages/airflow/example_dags/example_sla_dag.py for tasks to queue
[2025-10-05T02:50:58.662+0000] {logging_mixin.py:149} INFO - [2025-10-05T02:50:58.662+0000] {dagbag.py:541} INFO - Filling up the DagBag from /home/airflow/.local/lib/python3.7/site-packages/airflow/example_dags/example_sla_dag.py
[2025-10-05T02:50:58.689+0000] {processor.py:836} INFO - DAG(s) dict_keys(['example_sla_dag']) retrieved from /home/airflow/.local/lib/python3.7/site-packages/airflow/example_dags/example_sla_dag.py
[2025-10-05T02:50:58.768+0000] {logging_mixin.py:149} INFO - [2025-10-05T02:50:58.767+0000] {dag.py:2726} INFO - Sync 1 DAGs
[2025-10-05T02:50:58.882+0000] {logging_mixin.py:149} INFO - [2025-10-05T02:50:58.881+0000] {dag.py:3490} INFO - Setting next_dagrun for example_sla_dag to 2025-10-05T02:48:00+00:00, run_after=2025-10-05T02:50:00+00:00
[2025-10-05T02:50:58.957+0000] {processor.py:179} INFO - Processing /home/airflow/.local/lib/python3.7/site-packages/airflow/example_dags/example_sla_dag.py took 0.311 seconds
[2025-10-05T02:51:29.044+0000] {processor.py:157} INFO - Started process (PID=2188) to work on /home/airflow/.local/lib/python3.7/site-packages/airflow/example_dags/example_sla_dag.py
[2025-10-05T02:51:29.048+0000] {processor.py:826} INFO - Processing file /home/airflow/.local/lib/python3.7/site-packages/airflow/example_dags/example_sla_dag.py for tasks to queue
[2025-10-05T02:51:29.055+0000] {logging_mixin.py:149} INFO - [2025-10-05T02:51:29.054+0000] {dagbag.py:541} INFO - Filling up the DagBag from /home/airflow/.local/lib/python3.7/site-packages/airflow/example_dags/example_sla_dag.py
[2025-10-05T02:51:29.080+0000] {processor.py:836} INFO - DAG(s) dict_keys(['example_sla_dag']) retrieved from /home/airflow/.local/lib/python3.7/site-packages/airflow/example_dags/example_sla_dag.py
[2025-10-05T02:51:29.182+0000] {logging_mixin.py:149} INFO - [2025-10-05T02:51:29.181+0000] {dag.py:2726} INFO - Sync 1 DAGs
[2025-10-05T02:51:29.297+0000] {logging_mixin.py:149} INFO - [2025-10-05T02:51:29.295+0000] {dag.py:3490} INFO - Setting next_dagrun for example_sla_dag to 2025-10-05T02:48:00+00:00, run_after=2025-10-05T02:50:00+00:00
[2025-10-05T02:51:29.388+0000] {processor.py:179} INFO - Processing /home/airflow/.local/lib/python3.7/site-packages/airflow/example_dags/example_sla_dag.py took 0.355 seconds
[2025-10-05T02:51:59.681+0000] {processor.py:157} INFO - Started process (PID=2249) to work on /home/airflow/.local/lib/python3.7/site-packages/airflow/example_dags/example_sla_dag.py
[2025-10-05T02:51:59.693+0000] {processor.py:826} INFO - Processing file /home/airflow/.local/lib/python3.7/site-packages/airflow/example_dags/example_sla_dag.py for tasks to queue
[2025-10-05T02:51:59.698+0000] {logging_mixin.py:149} INFO - [2025-10-05T02:51:59.697+0000] {dagbag.py:541} INFO - Filling up the DagBag from /home/airflow/.local/lib/python3.7/site-packages/airflow/example_dags/example_sla_dag.py
[2025-10-05T02:51:59.739+0000] {processor.py:836} INFO - DAG(s) dict_keys(['example_sla_dag']) retrieved from /home/airflow/.local/lib/python3.7/site-packages/airflow/example_dags/example_sla_dag.py
[2025-10-05T02:51:59.887+0000] {logging_mixin.py:149} INFO - [2025-10-05T02:51:59.887+0000] {dag.py:2726} INFO - Sync 1 DAGs
[2025-10-05T02:52:00.213+0000] {logging_mixin.py:149} INFO - [2025-10-05T02:52:00.213+0000] {dag.py:3490} INFO - Setting next_dagrun for example_sla_dag to 2025-10-05T02:50:00+00:00, run_after=2025-10-05T02:52:00+00:00
[2025-10-05T02:52:00.405+0000] {processor.py:179} INFO - Processing /home/airflow/.local/lib/python3.7/site-packages/airflow/example_dags/example_sla_dag.py took 0.734 seconds
[2025-10-05T02:52:33.494+0000] {processor.py:157} INFO - Started process (PID=2310) to work on /home/airflow/.local/lib/python3.7/site-packages/airflow/example_dags/example_sla_dag.py
[2025-10-05T02:52:33.506+0000] {processor.py:826} INFO - Processing file /home/airflow/.local/lib/python3.7/site-packages/airflow/example_dags/example_sla_dag.py for tasks to queue
[2025-10-05T02:52:33.515+0000] {logging_mixin.py:149} INFO - [2025-10-05T02:52:33.514+0000] {dagbag.py:541} INFO - Filling up the DagBag from /home/airflow/.local/lib/python3.7/site-packages/airflow/example_dags/example_sla_dag.py
[2025-10-05T02:52:33.628+0000] {processor.py:836} INFO - DAG(s) dict_keys(['example_sla_dag']) retrieved from /home/airflow/.local/lib/python3.7/site-packages/airflow/example_dags/example_sla_dag.py
[2025-10-05T02:52:33.898+0000] {logging_mixin.py:149} INFO - [2025-10-05T02:52:33.894+0000] {dag.py:2726} INFO - Sync 1 DAGs
[2025-10-05T02:52:34.271+0000] {logging_mixin.py:149} INFO - [2025-10-05T02:52:34.259+0000] {dag.py:3490} INFO - Setting next_dagrun for example_sla_dag to 2025-10-05T02:50:00+00:00, run_after=2025-10-05T02:52:00+00:00
[2025-10-05T02:52:34.825+0000] {processor.py:179} INFO - Processing /home/airflow/.local/lib/python3.7/site-packages/airflow/example_dags/example_sla_dag.py took 1.364 seconds
[2025-10-05T02:53:05.986+0000] {processor.py:157} INFO - Started process (PID=2378) to work on /home/airflow/.local/lib/python3.7/site-packages/airflow/example_dags/example_sla_dag.py
[2025-10-05T02:53:05.989+0000] {processor.py:826} INFO - Processing file /home/airflow/.local/lib/python3.7/site-packages/airflow/example_dags/example_sla_dag.py for tasks to queue
[2025-10-05T02:53:05.991+0000] {logging_mixin.py:149} INFO - [2025-10-05T02:53:05.991+0000] {dagbag.py:541} INFO - Filling up the DagBag from /home/airflow/.local/lib/python3.7/site-packages/airflow/example_dags/example_sla_dag.py
[2025-10-05T02:53:06.014+0000] {processor.py:836} INFO - DAG(s) dict_keys(['example_sla_dag']) retrieved from /home/airflow/.local/lib/python3.7/site-packages/airflow/example_dags/example_sla_dag.py
[2025-10-05T02:53:06.080+0000] {logging_mixin.py:149} INFO - [2025-10-05T02:53:06.079+0000] {dag.py:2726} INFO - Sync 1 DAGs
[2025-10-05T02:53:06.164+0000] {logging_mixin.py:149} INFO - [2025-10-05T02:53:06.163+0000] {dag.py:3490} INFO - Setting next_dagrun for example_sla_dag to 2025-10-05T02:50:00+00:00, run_after=2025-10-05T02:52:00+00:00
[2025-10-05T02:53:06.223+0000] {processor.py:179} INFO - Processing /home/airflow/.local/lib/python3.7/site-packages/airflow/example_dags/example_sla_dag.py took 0.247 seconds
[2025-10-05T02:53:36.872+0000] {processor.py:157} INFO - Started process (PID=2438) to work on /home/airflow/.local/lib/python3.7/site-packages/airflow/example_dags/example_sla_dag.py
[2025-10-05T02:53:36.875+0000] {processor.py:826} INFO - Processing file /home/airflow/.local/lib/python3.7/site-packages/airflow/example_dags/example_sla_dag.py for tasks to queue
[2025-10-05T02:53:36.877+0000] {logging_mixin.py:149} INFO - [2025-10-05T02:53:36.877+0000] {dagbag.py:541} INFO - Filling up the DagBag from /home/airflow/.local/lib/python3.7/site-packages/airflow/example_dags/example_sla_dag.py
[2025-10-05T02:53:36.902+0000] {processor.py:836} INFO - DAG(s) dict_keys(['example_sla_dag']) retrieved from /home/airflow/.local/lib/python3.7/site-packages/airflow/example_dags/example_sla_dag.py
[2025-10-05T02:53:36.973+0000] {logging_mixin.py:149} INFO - [2025-10-05T02:53:36.973+0000] {dag.py:2726} INFO - Sync 1 DAGs
[2025-10-05T02:53:37.179+0000] {logging_mixin.py:149} INFO - [2025-10-05T02:53:37.179+0000] {dag.py:3490} INFO - Setting next_dagrun for example_sla_dag to 2025-10-05T02:50:00+00:00, run_after=2025-10-05T02:52:00+00:00
[2025-10-05T02:53:37.367+0000] {processor.py:179} INFO - Processing /home/airflow/.local/lib/python3.7/site-packages/airflow/example_dags/example_sla_dag.py took 0.506 seconds
[2025-10-05T02:54:07.921+0000] {processor.py:157} INFO - Started process (PID=2499) to work on /home/airflow/.local/lib/python3.7/site-packages/airflow/example_dags/example_sla_dag.py
[2025-10-05T02:54:07.925+0000] {processor.py:826} INFO - Processing file /home/airflow/.local/lib/python3.7/site-packages/airflow/example_dags/example_sla_dag.py for tasks to queue
[2025-10-05T02:54:07.930+0000] {logging_mixin.py:149} INFO - [2025-10-05T02:54:07.930+0000] {dagbag.py:541} INFO - Filling up the DagBag from /home/airflow/.local/lib/python3.7/site-packages/airflow/example_dags/example_sla_dag.py
[2025-10-05T02:54:07.967+0000] {processor.py:836} INFO - DAG(s) dict_keys(['example_sla_dag']) retrieved from /home/airflow/.local/lib/python3.7/site-packages/airflow/example_dags/example_sla_dag.py
[2025-10-05T02:54:08.069+0000] {logging_mixin.py:149} INFO - [2025-10-05T02:54:08.068+0000] {dag.py:2726} INFO - Sync 1 DAGs
[2025-10-05T02:54:08.237+0000] {logging_mixin.py:149} INFO - [2025-10-05T02:54:08.237+0000] {dag.py:3490} INFO - Setting next_dagrun for example_sla_dag to 2025-10-05T02:52:00+00:00, run_after=2025-10-05T02:54:00+00:00
[2025-10-05T02:54:08.323+0000] {processor.py:179} INFO - Processing /home/airflow/.local/lib/python3.7/site-packages/airflow/example_dags/example_sla_dag.py took 0.416 seconds
[2025-10-05T02:54:38.838+0000] {processor.py:157} INFO - Started process (PID=2560) to work on /home/airflow/.local/lib/python3.7/site-packages/airflow/example_dags/example_sla_dag.py
[2025-10-05T02:54:38.844+0000] {processor.py:826} INFO - Processing file /home/airflow/.local/lib/python3.7/site-packages/airflow/example_dags/example_sla_dag.py for tasks to queue
[2025-10-05T02:54:38.850+0000] {logging_mixin.py:149} INFO - [2025-10-05T02:54:38.849+0000] {dagbag.py:541} INFO - Filling up the DagBag from /home/airflow/.local/lib/python3.7/site-packages/airflow/example_dags/example_sla_dag.py
[2025-10-05T02:54:38.898+0000] {processor.py:836} INFO - DAG(s) dict_keys(['example_sla_dag']) retrieved from /home/airflow/.local/lib/python3.7/site-packages/airflow/example_dags/example_sla_dag.py
[2025-10-05T02:54:39.003+0000] {logging_mixin.py:149} INFO - [2025-10-05T02:54:39.002+0000] {dag.py:2726} INFO - Sync 1 DAGs
[2025-10-05T02:54:39.096+0000] {logging_mixin.py:149} INFO - [2025-10-05T02:54:39.095+0000] {dag.py:3490} INFO - Setting next_dagrun for example_sla_dag to 2025-10-05T02:52:00+00:00, run_after=2025-10-05T02:54:00+00:00
[2025-10-05T02:54:39.145+0000] {processor.py:179} INFO - Processing /home/airflow/.local/lib/python3.7/site-packages/airflow/example_dags/example_sla_dag.py took 0.323 seconds
[2025-10-05T02:55:09.703+0000] {processor.py:157} INFO - Started process (PID=2622) to work on /home/airflow/.local/lib/python3.7/site-packages/airflow/example_dags/example_sla_dag.py
[2025-10-05T02:55:09.707+0000] {processor.py:826} INFO - Processing file /home/airflow/.local/lib/python3.7/site-packages/airflow/example_dags/example_sla_dag.py for tasks to queue
[2025-10-05T02:55:09.709+0000] {logging_mixin.py:149} INFO - [2025-10-05T02:55:09.709+0000] {dagbag.py:541} INFO - Filling up the DagBag from /home/airflow/.local/lib/python3.7/site-packages/airflow/example_dags/example_sla_dag.py
[2025-10-05T02:55:09.736+0000] {processor.py:836} INFO - DAG(s) dict_keys(['example_sla_dag']) retrieved from /home/airflow/.local/lib/python3.7/site-packages/airflow/example_dags/example_sla_dag.py
[2025-10-05T02:55:09.810+0000] {logging_mixin.py:149} INFO - [2025-10-05T02:55:09.810+0000] {dag.py:2726} INFO - Sync 1 DAGs
[2025-10-05T02:55:09.903+0000] {logging_mixin.py:149} INFO - [2025-10-05T02:55:09.902+0000] {dag.py:3490} INFO - Setting next_dagrun for example_sla_dag to 2025-10-05T02:52:00+00:00, run_after=2025-10-05T02:54:00+00:00
[2025-10-05T02:55:09.957+0000] {processor.py:179} INFO - Processing /home/airflow/.local/lib/python3.7/site-packages/airflow/example_dags/example_sla_dag.py took 0.265 seconds
[2025-10-05T02:55:41.103+0000] {processor.py:157} INFO - Started process (PID=2683) to work on /home/airflow/.local/lib/python3.7/site-packages/airflow/example_dags/example_sla_dag.py
[2025-10-05T02:55:41.107+0000] {processor.py:826} INFO - Processing file /home/airflow/.local/lib/python3.7/site-packages/airflow/example_dags/example_sla_dag.py for tasks to queue
[2025-10-05T02:55:41.111+0000] {logging_mixin.py:149} INFO - [2025-10-05T02:55:41.110+0000] {dagbag.py:541} INFO - Filling up the DagBag from /home/airflow/.local/lib/python3.7/site-packages/airflow/example_dags/example_sla_dag.py
[2025-10-05T02:55:41.176+0000] {processor.py:836} INFO - DAG(s) dict_keys(['example_sla_dag']) retrieved from /home/airflow/.local/lib/python3.7/site-packages/airflow/example_dags/example_sla_dag.py
[2025-10-05T02:55:41.283+0000] {logging_mixin.py:149} INFO - [2025-10-05T02:55:41.283+0000] {dag.py:2726} INFO - Sync 1 DAGs
[2025-10-05T02:55:41.367+0000] {logging_mixin.py:149} INFO - [2025-10-05T02:55:41.366+0000] {dag.py:3490} INFO - Setting next_dagrun for example_sla_dag to 2025-10-05T02:52:00+00:00, run_after=2025-10-05T02:54:00+00:00
[2025-10-05T02:55:41.436+0000] {processor.py:179} INFO - Processing /home/airflow/.local/lib/python3.7/site-packages/airflow/example_dags/example_sla_dag.py took 0.351 seconds
[2025-10-05T02:56:11.696+0000] {processor.py:157} INFO - Started process (PID=2744) to work on /home/airflow/.local/lib/python3.7/site-packages/airflow/example_dags/example_sla_dag.py
[2025-10-05T02:56:11.698+0000] {processor.py:826} INFO - Processing file /home/airflow/.local/lib/python3.7/site-packages/airflow/example_dags/example_sla_dag.py for tasks to queue
[2025-10-05T02:56:11.701+0000] {logging_mixin.py:149} INFO - [2025-10-05T02:56:11.701+0000] {dagbag.py:541} INFO - Filling up the DagBag from /home/airflow/.local/lib/python3.7/site-packages/airflow/example_dags/example_sla_dag.py
[2025-10-05T02:56:11.724+0000] {processor.py:836} INFO - DAG(s) dict_keys(['example_sla_dag']) retrieved from /home/airflow/.local/lib/python3.7/site-packages/airflow/example_dags/example_sla_dag.py
[2025-10-05T02:56:11.829+0000] {logging_mixin.py:149} INFO - [2025-10-05T02:56:11.829+0000] {dag.py:2726} INFO - Sync 1 DAGs
[2025-10-05T02:56:11.946+0000] {logging_mixin.py:149} INFO - [2025-10-05T02:56:11.945+0000] {dag.py:3490} INFO - Setting next_dagrun for example_sla_dag to 2025-10-05T02:54:00+00:00, run_after=2025-10-05T02:56:00+00:00
[2025-10-05T02:56:12.018+0000] {processor.py:179} INFO - Processing /home/airflow/.local/lib/python3.7/site-packages/airflow/example_dags/example_sla_dag.py took 0.332 seconds
[2025-10-05T02:56:42.557+0000] {processor.py:157} INFO - Started process (PID=2805) to work on /home/airflow/.local/lib/python3.7/site-packages/airflow/example_dags/example_sla_dag.py
[2025-10-05T02:56:42.560+0000] {processor.py:826} INFO - Processing file /home/airflow/.local/lib/python3.7/site-packages/airflow/example_dags/example_sla_dag.py for tasks to queue
[2025-10-05T02:56:42.562+0000] {logging_mixin.py:149} INFO - [2025-10-05T02:56:42.562+0000] {dagbag.py:541} INFO - Filling up the DagBag from /home/airflow/.local/lib/python3.7/site-packages/airflow/example_dags/example_sla_dag.py
[2025-10-05T02:56:42.587+0000] {processor.py:836} INFO - DAG(s) dict_keys(['example_sla_dag']) retrieved from /home/airflow/.local/lib/python3.7/site-packages/airflow/example_dags/example_sla_dag.py
[2025-10-05T02:56:42.647+0000] {logging_mixin.py:149} INFO - [2025-10-05T02:56:42.647+0000] {dag.py:2726} INFO - Sync 1 DAGs
[2025-10-05T02:56:42.710+0000] {logging_mixin.py:149} INFO - [2025-10-05T02:56:42.710+0000] {dag.py:3490} INFO - Setting next_dagrun for example_sla_dag to 2025-10-05T02:54:00+00:00, run_after=2025-10-05T02:56:00+00:00
[2025-10-05T02:56:42.761+0000] {processor.py:179} INFO - Processing /home/airflow/.local/lib/python3.7/site-packages/airflow/example_dags/example_sla_dag.py took 0.213 seconds
[2025-10-05T02:57:13.222+0000] {processor.py:157} INFO - Started process (PID=2866) to work on /home/airflow/.local/lib/python3.7/site-packages/airflow/example_dags/example_sla_dag.py
[2025-10-05T02:57:13.234+0000] {processor.py:826} INFO - Processing file /home/airflow/.local/lib/python3.7/site-packages/airflow/example_dags/example_sla_dag.py for tasks to queue
[2025-10-05T02:57:13.239+0000] {logging_mixin.py:149} INFO - [2025-10-05T02:57:13.238+0000] {dagbag.py:541} INFO - Filling up the DagBag from /home/airflow/.local/lib/python3.7/site-packages/airflow/example_dags/example_sla_dag.py
[2025-10-05T02:57:13.262+0000] {processor.py:836} INFO - DAG(s) dict_keys(['example_sla_dag']) retrieved from /home/airflow/.local/lib/python3.7/site-packages/airflow/example_dags/example_sla_dag.py
[2025-10-05T02:57:13.318+0000] {logging_mixin.py:149} INFO - [2025-10-05T02:57:13.318+0000] {dag.py:2726} INFO - Sync 1 DAGs
[2025-10-05T02:57:13.384+0000] {logging_mixin.py:149} INFO - [2025-10-05T02:57:13.384+0000] {dag.py:3490} INFO - Setting next_dagrun for example_sla_dag to 2025-10-05T02:54:00+00:00, run_after=2025-10-05T02:56:00+00:00
[2025-10-05T02:57:13.432+0000] {processor.py:179} INFO - Processing /home/airflow/.local/lib/python3.7/site-packages/airflow/example_dags/example_sla_dag.py took 0.233 seconds
[2025-10-05T02:57:44.219+0000] {processor.py:157} INFO - Started process (PID=2928) to work on /home/airflow/.local/lib/python3.7/site-packages/airflow/example_dags/example_sla_dag.py
[2025-10-05T02:57:44.221+0000] {processor.py:826} INFO - Processing file /home/airflow/.local/lib/python3.7/site-packages/airflow/example_dags/example_sla_dag.py for tasks to queue
[2025-10-05T02:57:44.224+0000] {logging_mixin.py:149} INFO - [2025-10-05T02:57:44.223+0000] {dagbag.py:541} INFO - Filling up the DagBag from /home/airflow/.local/lib/python3.7/site-packages/airflow/example_dags/example_sla_dag.py
[2025-10-05T02:57:44.246+0000] {processor.py:836} INFO - DAG(s) dict_keys(['example_sla_dag']) retrieved from /home/airflow/.local/lib/python3.7/site-packages/airflow/example_dags/example_sla_dag.py
[2025-10-05T02:57:44.311+0000] {logging_mixin.py:149} INFO - [2025-10-05T02:57:44.310+0000] {dag.py:2726} INFO - Sync 1 DAGs
[2025-10-05T02:57:44.392+0000] {logging_mixin.py:149} INFO - [2025-10-05T02:57:44.391+0000] {dag.py:3490} INFO - Setting next_dagrun for example_sla_dag to 2025-10-05T02:54:00+00:00, run_after=2025-10-05T02:56:00+00:00
[2025-10-05T02:57:44.448+0000] {processor.py:179} INFO - Processing /home/airflow/.local/lib/python3.7/site-packages/airflow/example_dags/example_sla_dag.py took 0.237 seconds
[2025-10-05T02:58:15.178+0000] {processor.py:157} INFO - Started process (PID=2989) to work on /home/airflow/.local/lib/python3.7/site-packages/airflow/example_dags/example_sla_dag.py
[2025-10-05T02:58:15.181+0000] {processor.py:826} INFO - Processing file /home/airflow/.local/lib/python3.7/site-packages/airflow/example_dags/example_sla_dag.py for tasks to queue
[2025-10-05T02:58:15.183+0000] {logging_mixin.py:149} INFO - [2025-10-05T02:58:15.182+0000] {dagbag.py:541} INFO - Filling up the DagBag from /home/airflow/.local/lib/python3.7/site-packages/airflow/example_dags/example_sla_dag.py
[2025-10-05T02:58:15.207+0000] {processor.py:836} INFO - DAG(s) dict_keys(['example_sla_dag']) retrieved from /home/airflow/.local/lib/python3.7/site-packages/airflow/example_dags/example_sla_dag.py
[2025-10-05T02:58:15.270+0000] {logging_mixin.py:149} INFO - [2025-10-05T02:58:15.270+0000] {dag.py:2726} INFO - Sync 1 DAGs
[2025-10-05T02:58:15.351+0000] {logging_mixin.py:149} INFO - [2025-10-05T02:58:15.350+0000] {dag.py:3490} INFO - Setting next_dagrun for example_sla_dag to 2025-10-05T02:56:00+00:00, run_after=2025-10-05T02:58:00+00:00
[2025-10-05T02:58:15.409+0000] {processor.py:179} INFO - Processing /home/airflow/.local/lib/python3.7/site-packages/airflow/example_dags/example_sla_dag.py took 0.239 seconds
[2025-10-05T02:58:45.969+0000] {processor.py:157} INFO - Started process (PID=3050) to work on /home/airflow/.local/lib/python3.7/site-packages/airflow/example_dags/example_sla_dag.py
[2025-10-05T02:58:45.971+0000] {processor.py:826} INFO - Processing file /home/airflow/.local/lib/python3.7/site-packages/airflow/example_dags/example_sla_dag.py for tasks to queue
[2025-10-05T02:58:45.974+0000] {logging_mixin.py:149} INFO - [2025-10-05T02:58:45.973+0000] {dagbag.py:541} INFO - Filling up the DagBag from /home/airflow/.local/lib/python3.7/site-packages/airflow/example_dags/example_sla_dag.py
[2025-10-05T02:58:45.998+0000] {processor.py:836} INFO - DAG(s) dict_keys(['example_sla_dag']) retrieved from /home/airflow/.local/lib/python3.7/site-packages/airflow/example_dags/example_sla_dag.py
[2025-10-05T02:58:46.055+0000] {logging_mixin.py:149} INFO - [2025-10-05T02:58:46.055+0000] {dag.py:2726} INFO - Sync 1 DAGs
[2025-10-05T02:58:46.124+0000] {logging_mixin.py:149} INFO - [2025-10-05T02:58:46.124+0000] {dag.py:3490} INFO - Setting next_dagrun for example_sla_dag to 2025-10-05T02:56:00+00:00, run_after=2025-10-05T02:58:00+00:00
[2025-10-05T02:58:46.170+0000] {processor.py:179} INFO - Processing /home/airflow/.local/lib/python3.7/site-packages/airflow/example_dags/example_sla_dag.py took 0.210 seconds
[2025-10-05T02:59:17.046+0000] {processor.py:157} INFO - Started process (PID=3111) to work on /home/airflow/.local/lib/python3.7/site-packages/airflow/example_dags/example_sla_dag.py
[2025-10-05T02:59:17.055+0000] {processor.py:826} INFO - Processing file /home/airflow/.local/lib/python3.7/site-packages/airflow/example_dags/example_sla_dag.py for tasks to queue
[2025-10-05T02:59:17.061+0000] {logging_mixin.py:149} INFO - [2025-10-05T02:59:17.060+0000] {dagbag.py:541} INFO - Filling up the DagBag from /home/airflow/.local/lib/python3.7/site-packages/airflow/example_dags/example_sla_dag.py
[2025-10-05T02:59:17.099+0000] {processor.py:836} INFO - DAG(s) dict_keys(['example_sla_dag']) retrieved from /home/airflow/.local/lib/python3.7/site-packages/airflow/example_dags/example_sla_dag.py
[2025-10-05T02:59:17.197+0000] {logging_mixin.py:149} INFO - [2025-10-05T02:59:17.196+0000] {dag.py:2726} INFO - Sync 1 DAGs
[2025-10-05T02:59:17.332+0000] {logging_mixin.py:149} INFO - [2025-10-05T02:59:17.332+0000] {dag.py:3490} INFO - Setting next_dagrun for example_sla_dag to 2025-10-05T02:56:00+00:00, run_after=2025-10-05T02:58:00+00:00
[2025-10-05T02:59:17.449+0000] {processor.py:179} INFO - Processing /home/airflow/.local/lib/python3.7/site-packages/airflow/example_dags/example_sla_dag.py took 0.421 seconds
[2025-10-05T02:59:48.642+0000] {processor.py:157} INFO - Started process (PID=3171) to work on /home/airflow/.local/lib/python3.7/site-packages/airflow/example_dags/example_sla_dag.py
[2025-10-05T02:59:48.645+0000] {processor.py:826} INFO - Processing file /home/airflow/.local/lib/python3.7/site-packages/airflow/example_dags/example_sla_dag.py for tasks to queue
[2025-10-05T02:59:48.650+0000] {logging_mixin.py:149} INFO - [2025-10-05T02:59:48.648+0000] {dagbag.py:541} INFO - Filling up the DagBag from /home/airflow/.local/lib/python3.7/site-packages/airflow/example_dags/example_sla_dag.py
[2025-10-05T02:59:48.681+0000] {processor.py:836} INFO - DAG(s) dict_keys(['example_sla_dag']) retrieved from /home/airflow/.local/lib/python3.7/site-packages/airflow/example_dags/example_sla_dag.py
[2025-10-05T02:59:48.748+0000] {logging_mixin.py:149} INFO - [2025-10-05T02:59:48.748+0000] {dag.py:2726} INFO - Sync 1 DAGs
[2025-10-05T02:59:48.866+0000] {logging_mixin.py:149} INFO - [2025-10-05T02:59:48.859+0000] {dag.py:3490} INFO - Setting next_dagrun for example_sla_dag to 2025-10-05T02:56:00+00:00, run_after=2025-10-05T02:58:00+00:00
[2025-10-05T02:59:49.182+0000] {processor.py:179} INFO - Processing /home/airflow/.local/lib/python3.7/site-packages/airflow/example_dags/example_sla_dag.py took 0.550 seconds
[2025-10-05T03:00:33.069+0000] {processor.py:157} INFO - Started process (PID=3234) to work on /home/airflow/.local/lib/python3.7/site-packages/airflow/example_dags/example_sla_dag.py
[2025-10-05T03:00:33.077+0000] {processor.py:826} INFO - Processing file /home/airflow/.local/lib/python3.7/site-packages/airflow/example_dags/example_sla_dag.py for tasks to queue
[2025-10-05T03:00:33.085+0000] {logging_mixin.py:149} INFO - [2025-10-05T03:00:33.084+0000] {dagbag.py:541} INFO - Filling up the DagBag from /home/airflow/.local/lib/python3.7/site-packages/airflow/example_dags/example_sla_dag.py
[2025-10-05T03:00:33.129+0000] {processor.py:836} INFO - DAG(s) dict_keys(['example_sla_dag']) retrieved from /home/airflow/.local/lib/python3.7/site-packages/airflow/example_dags/example_sla_dag.py
[2025-10-05T03:00:33.241+0000] {logging_mixin.py:149} INFO - [2025-10-05T03:00:33.240+0000] {dag.py:2726} INFO - Sync 1 DAGs
[2025-10-05T03:00:33.354+0000] {logging_mixin.py:149} INFO - [2025-10-05T03:00:33.353+0000] {dag.py:3490} INFO - Setting next_dagrun for example_sla_dag to 2025-10-05T02:58:00+00:00, run_after=2025-10-05T03:00:00+00:00
[2025-10-05T03:00:33.417+0000] {processor.py:179} INFO - Processing /home/airflow/.local/lib/python3.7/site-packages/airflow/example_dags/example_sla_dag.py took 0.368 seconds
[2025-10-05T03:01:03.809+0000] {processor.py:157} INFO - Started process (PID=3294) to work on /home/airflow/.local/lib/python3.7/site-packages/airflow/example_dags/example_sla_dag.py
[2025-10-05T03:01:03.812+0000] {processor.py:826} INFO - Processing file /home/airflow/.local/lib/python3.7/site-packages/airflow/example_dags/example_sla_dag.py for tasks to queue
[2025-10-05T03:01:03.815+0000] {logging_mixin.py:149} INFO - [2025-10-05T03:01:03.814+0000] {dagbag.py:541} INFO - Filling up the DagBag from /home/airflow/.local/lib/python3.7/site-packages/airflow/example_dags/example_sla_dag.py
[2025-10-05T03:01:03.833+0000] {processor.py:836} INFO - DAG(s) dict_keys(['example_sla_dag']) retrieved from /home/airflow/.local/lib/python3.7/site-packages/airflow/example_dags/example_sla_dag.py
[2025-10-05T03:01:03.888+0000] {logging_mixin.py:149} INFO - [2025-10-05T03:01:03.887+0000] {dag.py:2726} INFO - Sync 1 DAGs
[2025-10-05T03:01:03.952+0000] {logging_mixin.py:149} INFO - [2025-10-05T03:01:03.952+0000] {dag.py:3490} INFO - Setting next_dagrun for example_sla_dag to 2025-10-05T02:58:00+00:00, run_after=2025-10-05T03:00:00+00:00
[2025-10-05T03:01:04.003+0000] {processor.py:179} INFO - Processing /home/airflow/.local/lib/python3.7/site-packages/airflow/example_dags/example_sla_dag.py took 0.201 seconds
[2025-10-05T03:01:34.149+0000] {processor.py:157} INFO - Started process (PID=3355) to work on /home/airflow/.local/lib/python3.7/site-packages/airflow/example_dags/example_sla_dag.py
[2025-10-05T03:01:34.151+0000] {processor.py:826} INFO - Processing file /home/airflow/.local/lib/python3.7/site-packages/airflow/example_dags/example_sla_dag.py for tasks to queue
[2025-10-05T03:01:34.153+0000] {logging_mixin.py:149} INFO - [2025-10-05T03:01:34.153+0000] {dagbag.py:541} INFO - Filling up the DagBag from /home/airflow/.local/lib/python3.7/site-packages/airflow/example_dags/example_sla_dag.py
[2025-10-05T03:01:34.171+0000] {processor.py:836} INFO - DAG(s) dict_keys(['example_sla_dag']) retrieved from /home/airflow/.local/lib/python3.7/site-packages/airflow/example_dags/example_sla_dag.py
[2025-10-05T03:01:34.222+0000] {logging_mixin.py:149} INFO - [2025-10-05T03:01:34.221+0000] {dag.py:2726} INFO - Sync 1 DAGs
[2025-10-05T03:01:34.301+0000] {logging_mixin.py:149} INFO - [2025-10-05T03:01:34.301+0000] {dag.py:3490} INFO - Setting next_dagrun for example_sla_dag to 2025-10-05T02:58:00+00:00, run_after=2025-10-05T03:00:00+00:00
[2025-10-05T03:01:34.353+0000] {processor.py:179} INFO - Processing /home/airflow/.local/lib/python3.7/site-packages/airflow/example_dags/example_sla_dag.py took 0.210 seconds
[2025-10-05T03:02:04.673+0000] {processor.py:157} INFO - Started process (PID=3417) to work on /home/airflow/.local/lib/python3.7/site-packages/airflow/example_dags/example_sla_dag.py
[2025-10-05T03:02:04.675+0000] {processor.py:826} INFO - Processing file /home/airflow/.local/lib/python3.7/site-packages/airflow/example_dags/example_sla_dag.py for tasks to queue
[2025-10-05T03:02:04.678+0000] {logging_mixin.py:149} INFO - [2025-10-05T03:02:04.678+0000] {dagbag.py:541} INFO - Filling up the DagBag from /home/airflow/.local/lib/python3.7/site-packages/airflow/example_dags/example_sla_dag.py
[2025-10-05T03:02:04.699+0000] {processor.py:836} INFO - DAG(s) dict_keys(['example_sla_dag']) retrieved from /home/airflow/.local/lib/python3.7/site-packages/airflow/example_dags/example_sla_dag.py
[2025-10-05T03:02:04.748+0000] {logging_mixin.py:149} INFO - [2025-10-05T03:02:04.748+0000] {dag.py:2726} INFO - Sync 1 DAGs
[2025-10-05T03:02:04.815+0000] {logging_mixin.py:149} INFO - [2025-10-05T03:02:04.814+0000] {dag.py:3490} INFO - Setting next_dagrun for example_sla_dag to 2025-10-05T03:00:00+00:00, run_after=2025-10-05T03:02:00+00:00
[2025-10-05T03:02:04.871+0000] {processor.py:179} INFO - Processing /home/airflow/.local/lib/python3.7/site-packages/airflow/example_dags/example_sla_dag.py took 0.207 seconds
[2025-10-05T03:02:35.151+0000] {processor.py:157} INFO - Started process (PID=3478) to work on /home/airflow/.local/lib/python3.7/site-packages/airflow/example_dags/example_sla_dag.py
[2025-10-05T03:02:35.154+0000] {processor.py:826} INFO - Processing file /home/airflow/.local/lib/python3.7/site-packages/airflow/example_dags/example_sla_dag.py for tasks to queue
[2025-10-05T03:02:35.156+0000] {logging_mixin.py:149} INFO - [2025-10-05T03:02:35.156+0000] {dagbag.py:541} INFO - Filling up the DagBag from /home/airflow/.local/lib/python3.7/site-packages/airflow/example_dags/example_sla_dag.py
[2025-10-05T03:02:35.172+0000] {processor.py:836} INFO - DAG(s) dict_keys(['example_sla_dag']) retrieved from /home/airflow/.local/lib/python3.7/site-packages/airflow/example_dags/example_sla_dag.py
[2025-10-05T03:02:35.223+0000] {logging_mixin.py:149} INFO - [2025-10-05T03:02:35.223+0000] {dag.py:2726} INFO - Sync 1 DAGs
[2025-10-05T03:02:35.292+0000] {logging_mixin.py:149} INFO - [2025-10-05T03:02:35.291+0000] {dag.py:3490} INFO - Setting next_dagrun for example_sla_dag to 2025-10-05T03:00:00+00:00, run_after=2025-10-05T03:02:00+00:00
[2025-10-05T03:02:35.343+0000] {processor.py:179} INFO - Processing /home/airflow/.local/lib/python3.7/site-packages/airflow/example_dags/example_sla_dag.py took 0.206 seconds
[2025-10-05T03:03:05.823+0000] {processor.py:157} INFO - Started process (PID=3539) to work on /home/airflow/.local/lib/python3.7/site-packages/airflow/example_dags/example_sla_dag.py
[2025-10-05T03:03:05.826+0000] {processor.py:826} INFO - Processing file /home/airflow/.local/lib/python3.7/site-packages/airflow/example_dags/example_sla_dag.py for tasks to queue
[2025-10-05T03:03:05.828+0000] {logging_mixin.py:149} INFO - [2025-10-05T03:03:05.828+0000] {dagbag.py:541} INFO - Filling up the DagBag from /home/airflow/.local/lib/python3.7/site-packages/airflow/example_dags/example_sla_dag.py
[2025-10-05T03:03:05.858+0000] {processor.py:836} INFO - DAG(s) dict_keys(['example_sla_dag']) retrieved from /home/airflow/.local/lib/python3.7/site-packages/airflow/example_dags/example_sla_dag.py
[2025-10-05T03:03:05.938+0000] {logging_mixin.py:149} INFO - [2025-10-05T03:03:05.938+0000] {dag.py:2726} INFO - Sync 1 DAGs
[2025-10-05T03:03:06.028+0000] {logging_mixin.py:149} INFO - [2025-10-05T03:03:06.027+0000] {dag.py:3490} INFO - Setting next_dagrun for example_sla_dag to 2025-10-05T03:00:00+00:00, run_after=2025-10-05T03:02:00+00:00
[2025-10-05T03:03:06.078+0000] {processor.py:179} INFO - Processing /home/airflow/.local/lib/python3.7/site-packages/airflow/example_dags/example_sla_dag.py took 0.266 seconds
[2025-10-05T03:03:37.147+0000] {processor.py:157} INFO - Started process (PID=3600) to work on /home/airflow/.local/lib/python3.7/site-packages/airflow/example_dags/example_sla_dag.py
[2025-10-05T03:03:37.150+0000] {processor.py:826} INFO - Processing file /home/airflow/.local/lib/python3.7/site-packages/airflow/example_dags/example_sla_dag.py for tasks to queue
[2025-10-05T03:03:37.153+0000] {logging_mixin.py:149} INFO - [2025-10-05T03:03:37.153+0000] {dagbag.py:541} INFO - Filling up the DagBag from /home/airflow/.local/lib/python3.7/site-packages/airflow/example_dags/example_sla_dag.py
[2025-10-05T03:03:37.186+0000] {processor.py:836} INFO - DAG(s) dict_keys(['example_sla_dag']) retrieved from /home/airflow/.local/lib/python3.7/site-packages/airflow/example_dags/example_sla_dag.py
[2025-10-05T03:03:37.290+0000] {logging_mixin.py:149} INFO - [2025-10-05T03:03:37.289+0000] {dag.py:2726} INFO - Sync 1 DAGs
[2025-10-05T03:03:37.366+0000] {logging_mixin.py:149} INFO - [2025-10-05T03:03:37.366+0000] {dag.py:3490} INFO - Setting next_dagrun for example_sla_dag to 2025-10-05T03:00:00+00:00, run_after=2025-10-05T03:02:00+00:00
[2025-10-05T03:03:37.409+0000] {processor.py:179} INFO - Processing /home/airflow/.local/lib/python3.7/site-packages/airflow/example_dags/example_sla_dag.py took 0.275 seconds
[2025-10-05T03:04:07.895+0000] {processor.py:157} INFO - Started process (PID=3661) to work on /home/airflow/.local/lib/python3.7/site-packages/airflow/example_dags/example_sla_dag.py
[2025-10-05T03:04:07.898+0000] {processor.py:826} INFO - Processing file /home/airflow/.local/lib/python3.7/site-packages/airflow/example_dags/example_sla_dag.py for tasks to queue
[2025-10-05T03:04:07.900+0000] {logging_mixin.py:149} INFO - [2025-10-05T03:04:07.900+0000] {dagbag.py:541} INFO - Filling up the DagBag from /home/airflow/.local/lib/python3.7/site-packages/airflow/example_dags/example_sla_dag.py
[2025-10-05T03:04:07.923+0000] {processor.py:836} INFO - DAG(s) dict_keys(['example_sla_dag']) retrieved from /home/airflow/.local/lib/python3.7/site-packages/airflow/example_dags/example_sla_dag.py
[2025-10-05T03:04:07.976+0000] {logging_mixin.py:149} INFO - [2025-10-05T03:04:07.976+0000] {dag.py:2726} INFO - Sync 1 DAGs
[2025-10-05T03:04:08.035+0000] {logging_mixin.py:149} INFO - [2025-10-05T03:04:08.034+0000] {dag.py:3490} INFO - Setting next_dagrun for example_sla_dag to 2025-10-05T03:02:00+00:00, run_after=2025-10-05T03:04:00+00:00
[2025-10-05T03:04:08.081+0000] {processor.py:179} INFO - Processing /home/airflow/.local/lib/python3.7/site-packages/airflow/example_dags/example_sla_dag.py took 0.194 seconds
[2025-10-05T03:04:38.790+0000] {processor.py:157} INFO - Started process (PID=3722) to work on /home/airflow/.local/lib/python3.7/site-packages/airflow/example_dags/example_sla_dag.py
[2025-10-05T03:04:38.793+0000] {processor.py:826} INFO - Processing file /home/airflow/.local/lib/python3.7/site-packages/airflow/example_dags/example_sla_dag.py for tasks to queue
[2025-10-05T03:04:38.795+0000] {logging_mixin.py:149} INFO - [2025-10-05T03:04:38.795+0000] {dagbag.py:541} INFO - Filling up the DagBag from /home/airflow/.local/lib/python3.7/site-packages/airflow/example_dags/example_sla_dag.py
[2025-10-05T03:04:38.817+0000] {processor.py:836} INFO - DAG(s) dict_keys(['example_sla_dag']) retrieved from /home/airflow/.local/lib/python3.7/site-packages/airflow/example_dags/example_sla_dag.py
[2025-10-05T03:04:38.868+0000] {logging_mixin.py:149} INFO - [2025-10-05T03:04:38.868+0000] {dag.py:2726} INFO - Sync 1 DAGs
[2025-10-05T03:04:38.930+0000] {logging_mixin.py:149} INFO - [2025-10-05T03:04:38.930+0000] {dag.py:3490} INFO - Setting next_dagrun for example_sla_dag to 2025-10-05T03:02:00+00:00, run_after=2025-10-05T03:04:00+00:00
[2025-10-05T03:04:38.973+0000] {processor.py:179} INFO - Processing /home/airflow/.local/lib/python3.7/site-packages/airflow/example_dags/example_sla_dag.py took 0.192 seconds
[2025-10-05T03:05:09.948+0000] {processor.py:157} INFO - Started process (PID=3785) to work on /home/airflow/.local/lib/python3.7/site-packages/airflow/example_dags/example_sla_dag.py
[2025-10-05T03:05:09.950+0000] {processor.py:826} INFO - Processing file /home/airflow/.local/lib/python3.7/site-packages/airflow/example_dags/example_sla_dag.py for tasks to queue
[2025-10-05T03:05:09.952+0000] {logging_mixin.py:149} INFO - [2025-10-05T03:05:09.952+0000] {dagbag.py:541} INFO - Filling up the DagBag from /home/airflow/.local/lib/python3.7/site-packages/airflow/example_dags/example_sla_dag.py
[2025-10-05T03:05:09.971+0000] {processor.py:836} INFO - DAG(s) dict_keys(['example_sla_dag']) retrieved from /home/airflow/.local/lib/python3.7/site-packages/airflow/example_dags/example_sla_dag.py
[2025-10-05T03:05:10.038+0000] {logging_mixin.py:149} INFO - [2025-10-05T03:05:10.038+0000] {dag.py:2726} INFO - Sync 1 DAGs
[2025-10-05T03:05:10.117+0000] {logging_mixin.py:149} INFO - [2025-10-05T03:05:10.117+0000] {dag.py:3490} INFO - Setting next_dagrun for example_sla_dag to 2025-10-05T03:02:00+00:00, run_after=2025-10-05T03:04:00+00:00
[2025-10-05T03:05:10.185+0000] {processor.py:179} INFO - Processing /home/airflow/.local/lib/python3.7/site-packages/airflow/example_dags/example_sla_dag.py took 0.245 seconds
[2025-10-05T03:05:40.687+0000] {processor.py:157} INFO - Started process (PID=3850) to work on /home/airflow/.local/lib/python3.7/site-packages/airflow/example_dags/example_sla_dag.py
[2025-10-05T03:05:40.689+0000] {processor.py:826} INFO - Processing file /home/airflow/.local/lib/python3.7/site-packages/airflow/example_dags/example_sla_dag.py for tasks to queue
[2025-10-05T03:05:40.692+0000] {logging_mixin.py:149} INFO - [2025-10-05T03:05:40.692+0000] {dagbag.py:541} INFO - Filling up the DagBag from /home/airflow/.local/lib/python3.7/site-packages/airflow/example_dags/example_sla_dag.py
[2025-10-05T03:05:40.711+0000] {processor.py:836} INFO - DAG(s) dict_keys(['example_sla_dag']) retrieved from /home/airflow/.local/lib/python3.7/site-packages/airflow/example_dags/example_sla_dag.py
[2025-10-05T03:05:40.774+0000] {logging_mixin.py:149} INFO - [2025-10-05T03:05:40.773+0000] {dag.py:2726} INFO - Sync 1 DAGs
[2025-10-05T03:05:40.844+0000] {logging_mixin.py:149} INFO - [2025-10-05T03:05:40.844+0000] {dag.py:3490} INFO - Setting next_dagrun for example_sla_dag to 2025-10-05T03:02:00+00:00, run_after=2025-10-05T03:04:00+00:00
[2025-10-05T03:05:40.890+0000] {processor.py:179} INFO - Processing /home/airflow/.local/lib/python3.7/site-packages/airflow/example_dags/example_sla_dag.py took 0.212 seconds
[2025-10-05T03:06:11.461+0000] {processor.py:157} INFO - Started process (PID=3921) to work on /home/airflow/.local/lib/python3.7/site-packages/airflow/example_dags/example_sla_dag.py
[2025-10-05T03:06:11.464+0000] {processor.py:826} INFO - Processing file /home/airflow/.local/lib/python3.7/site-packages/airflow/example_dags/example_sla_dag.py for tasks to queue
[2025-10-05T03:06:11.466+0000] {logging_mixin.py:149} INFO - [2025-10-05T03:06:11.466+0000] {dagbag.py:541} INFO - Filling up the DagBag from /home/airflow/.local/lib/python3.7/site-packages/airflow/example_dags/example_sla_dag.py
[2025-10-05T03:06:11.486+0000] {processor.py:836} INFO - DAG(s) dict_keys(['example_sla_dag']) retrieved from /home/airflow/.local/lib/python3.7/site-packages/airflow/example_dags/example_sla_dag.py
[2025-10-05T03:06:11.541+0000] {logging_mixin.py:149} INFO - [2025-10-05T03:06:11.541+0000] {dag.py:2726} INFO - Sync 1 DAGs
[2025-10-05T03:06:11.613+0000] {logging_mixin.py:149} INFO - [2025-10-05T03:06:11.613+0000] {dag.py:3490} INFO - Setting next_dagrun for example_sla_dag to 2025-10-05T03:04:00+00:00, run_after=2025-10-05T03:06:00+00:00
[2025-10-05T03:06:11.663+0000] {processor.py:179} INFO - Processing /home/airflow/.local/lib/python3.7/site-packages/airflow/example_dags/example_sla_dag.py took 0.209 seconds
[2025-10-05T03:06:42.057+0000] {processor.py:157} INFO - Started process (PID=3985) to work on /home/airflow/.local/lib/python3.7/site-packages/airflow/example_dags/example_sla_dag.py
[2025-10-05T03:06:42.060+0000] {processor.py:826} INFO - Processing file /home/airflow/.local/lib/python3.7/site-packages/airflow/example_dags/example_sla_dag.py for tasks to queue
[2025-10-05T03:06:42.063+0000] {logging_mixin.py:149} INFO - [2025-10-05T03:06:42.062+0000] {dagbag.py:541} INFO - Filling up the DagBag from /home/airflow/.local/lib/python3.7/site-packages/airflow/example_dags/example_sla_dag.py
[2025-10-05T03:06:42.081+0000] {processor.py:836} INFO - DAG(s) dict_keys(['example_sla_dag']) retrieved from /home/airflow/.local/lib/python3.7/site-packages/airflow/example_dags/example_sla_dag.py
[2025-10-05T03:06:42.142+0000] {logging_mixin.py:149} INFO - [2025-10-05T03:06:42.142+0000] {dag.py:2726} INFO - Sync 1 DAGs
[2025-10-05T03:06:42.206+0000] {logging_mixin.py:149} INFO - [2025-10-05T03:06:42.205+0000] {dag.py:3490} INFO - Setting next_dagrun for example_sla_dag to 2025-10-05T03:04:00+00:00, run_after=2025-10-05T03:06:00+00:00
[2025-10-05T03:06:42.254+0000] {processor.py:179} INFO - Processing /home/airflow/.local/lib/python3.7/site-packages/airflow/example_dags/example_sla_dag.py took 0.206 seconds
[2025-10-05T03:07:13.852+0000] {processor.py:157} INFO - Started process (PID=4052) to work on /home/airflow/.local/lib/python3.7/site-packages/airflow/example_dags/example_sla_dag.py
[2025-10-05T03:07:13.855+0000] {processor.py:826} INFO - Processing file /home/airflow/.local/lib/python3.7/site-packages/airflow/example_dags/example_sla_dag.py for tasks to queue
[2025-10-05T03:07:13.857+0000] {logging_mixin.py:149} INFO - [2025-10-05T03:07:13.857+0000] {dagbag.py:541} INFO - Filling up the DagBag from /home/airflow/.local/lib/python3.7/site-packages/airflow/example_dags/example_sla_dag.py
[2025-10-05T03:07:13.876+0000] {processor.py:836} INFO - DAG(s) dict_keys(['example_sla_dag']) retrieved from /home/airflow/.local/lib/python3.7/site-packages/airflow/example_dags/example_sla_dag.py
[2025-10-05T03:07:13.944+0000] {logging_mixin.py:149} INFO - [2025-10-05T03:07:13.943+0000] {dag.py:2726} INFO - Sync 1 DAGs
[2025-10-05T03:07:14.010+0000] {logging_mixin.py:149} INFO - [2025-10-05T03:07:14.009+0000] {dag.py:3490} INFO - Setting next_dagrun for example_sla_dag to 2025-10-05T03:04:00+00:00, run_after=2025-10-05T03:06:00+00:00
[2025-10-05T03:07:14.058+0000] {processor.py:179} INFO - Processing /home/airflow/.local/lib/python3.7/site-packages/airflow/example_dags/example_sla_dag.py took 0.213 seconds
[2025-10-05T03:07:44.753+0000] {processor.py:157} INFO - Started process (PID=4116) to work on /home/airflow/.local/lib/python3.7/site-packages/airflow/example_dags/example_sla_dag.py
[2025-10-05T03:07:44.755+0000] {processor.py:826} INFO - Processing file /home/airflow/.local/lib/python3.7/site-packages/airflow/example_dags/example_sla_dag.py for tasks to queue
[2025-10-05T03:07:44.757+0000] {logging_mixin.py:149} INFO - [2025-10-05T03:07:44.756+0000] {dagbag.py:541} INFO - Filling up the DagBag from /home/airflow/.local/lib/python3.7/site-packages/airflow/example_dags/example_sla_dag.py
[2025-10-05T03:07:44.776+0000] {processor.py:836} INFO - DAG(s) dict_keys(['example_sla_dag']) retrieved from /home/airflow/.local/lib/python3.7/site-packages/airflow/example_dags/example_sla_dag.py
[2025-10-05T03:07:44.843+0000] {logging_mixin.py:149} INFO - [2025-10-05T03:07:44.843+0000] {dag.py:2726} INFO - Sync 1 DAGs
[2025-10-05T03:07:44.928+0000] {logging_mixin.py:149} INFO - [2025-10-05T03:07:44.927+0000] {dag.py:3490} INFO - Setting next_dagrun for example_sla_dag to 2025-10-05T03:04:00+00:00, run_after=2025-10-05T03:06:00+00:00
[2025-10-05T03:07:44.977+0000] {processor.py:179} INFO - Processing /home/airflow/.local/lib/python3.7/site-packages/airflow/example_dags/example_sla_dag.py took 0.232 seconds
[2025-10-05T03:08:16.721+0000] {processor.py:157} INFO - Started process (PID=4183) to work on /home/airflow/.local/lib/python3.7/site-packages/airflow/example_dags/example_sla_dag.py
[2025-10-05T03:08:16.723+0000] {processor.py:826} INFO - Processing file /home/airflow/.local/lib/python3.7/site-packages/airflow/example_dags/example_sla_dag.py for tasks to queue
[2025-10-05T03:08:16.726+0000] {logging_mixin.py:149} INFO - [2025-10-05T03:08:16.726+0000] {dagbag.py:541} INFO - Filling up the DagBag from /home/airflow/.local/lib/python3.7/site-packages/airflow/example_dags/example_sla_dag.py
[2025-10-05T03:08:16.745+0000] {processor.py:836} INFO - DAG(s) dict_keys(['example_sla_dag']) retrieved from /home/airflow/.local/lib/python3.7/site-packages/airflow/example_dags/example_sla_dag.py
[2025-10-05T03:08:16.807+0000] {logging_mixin.py:149} INFO - [2025-10-05T03:08:16.807+0000] {dag.py:2726} INFO - Sync 1 DAGs
[2025-10-05T03:08:16.884+0000] {logging_mixin.py:149} INFO - [2025-10-05T03:08:16.883+0000] {dag.py:3490} INFO - Setting next_dagrun for example_sla_dag to 2025-10-05T03:06:00+00:00, run_after=2025-10-05T03:08:00+00:00
[2025-10-05T03:08:16.931+0000] {processor.py:179} INFO - Processing /home/airflow/.local/lib/python3.7/site-packages/airflow/example_dags/example_sla_dag.py took 0.219 seconds
[2025-10-05T03:08:47.735+0000] {processor.py:157} INFO - Started process (PID=4246) to work on /home/airflow/.local/lib/python3.7/site-packages/airflow/example_dags/example_sla_dag.py
[2025-10-05T03:08:47.737+0000] {processor.py:826} INFO - Processing file /home/airflow/.local/lib/python3.7/site-packages/airflow/example_dags/example_sla_dag.py for tasks to queue
[2025-10-05T03:08:47.739+0000] {logging_mixin.py:149} INFO - [2025-10-05T03:08:47.739+0000] {dagbag.py:541} INFO - Filling up the DagBag from /home/airflow/.local/lib/python3.7/site-packages/airflow/example_dags/example_sla_dag.py
[2025-10-05T03:08:47.759+0000] {processor.py:836} INFO - DAG(s) dict_keys(['example_sla_dag']) retrieved from /home/airflow/.local/lib/python3.7/site-packages/airflow/example_dags/example_sla_dag.py
[2025-10-05T03:08:47.817+0000] {logging_mixin.py:149} INFO - [2025-10-05T03:08:47.817+0000] {dag.py:2726} INFO - Sync 1 DAGs
[2025-10-05T03:08:47.929+0000] {logging_mixin.py:149} INFO - [2025-10-05T03:08:47.928+0000] {dag.py:3490} INFO - Setting next_dagrun for example_sla_dag to 2025-10-05T03:06:00+00:00, run_after=2025-10-05T03:08:00+00:00
[2025-10-05T03:08:47.989+0000] {processor.py:179} INFO - Processing /home/airflow/.local/lib/python3.7/site-packages/airflow/example_dags/example_sla_dag.py took 0.262 seconds
[2025-10-05T03:09:19.459+0000] {processor.py:157} INFO - Started process (PID=4313) to work on /home/airflow/.local/lib/python3.7/site-packages/airflow/example_dags/example_sla_dag.py
[2025-10-05T03:09:19.463+0000] {processor.py:826} INFO - Processing file /home/airflow/.local/lib/python3.7/site-packages/airflow/example_dags/example_sla_dag.py for tasks to queue
[2025-10-05T03:09:19.466+0000] {logging_mixin.py:149} INFO - [2025-10-05T03:09:19.466+0000] {dagbag.py:541} INFO - Filling up the DagBag from /home/airflow/.local/lib/python3.7/site-packages/airflow/example_dags/example_sla_dag.py
[2025-10-05T03:09:19.495+0000] {processor.py:836} INFO - DAG(s) dict_keys(['example_sla_dag']) retrieved from /home/airflow/.local/lib/python3.7/site-packages/airflow/example_dags/example_sla_dag.py
[2025-10-05T03:09:19.584+0000] {logging_mixin.py:149} INFO - [2025-10-05T03:09:19.583+0000] {dag.py:2726} INFO - Sync 1 DAGs
[2025-10-05T03:09:19.676+0000] {logging_mixin.py:149} INFO - [2025-10-05T03:09:19.676+0000] {dag.py:3490} INFO - Setting next_dagrun for example_sla_dag to 2025-10-05T03:06:00+00:00, run_after=2025-10-05T03:08:00+00:00
[2025-10-05T03:09:19.727+0000] {processor.py:179} INFO - Processing /home/airflow/.local/lib/python3.7/site-packages/airflow/example_dags/example_sla_dag.py took 0.279 seconds
[2025-10-05T03:09:50.655+0000] {processor.py:157} INFO - Started process (PID=4377) to work on /home/airflow/.local/lib/python3.7/site-packages/airflow/example_dags/example_sla_dag.py
[2025-10-05T03:09:50.658+0000] {processor.py:826} INFO - Processing file /home/airflow/.local/lib/python3.7/site-packages/airflow/example_dags/example_sla_dag.py for tasks to queue
[2025-10-05T03:09:50.660+0000] {logging_mixin.py:149} INFO - [2025-10-05T03:09:50.660+0000] {dagbag.py:541} INFO - Filling up the DagBag from /home/airflow/.local/lib/python3.7/site-packages/airflow/example_dags/example_sla_dag.py
[2025-10-05T03:09:50.679+0000] {processor.py:836} INFO - DAG(s) dict_keys(['example_sla_dag']) retrieved from /home/airflow/.local/lib/python3.7/site-packages/airflow/example_dags/example_sla_dag.py
[2025-10-05T03:09:50.735+0000] {logging_mixin.py:149} INFO - [2025-10-05T03:09:50.735+0000] {dag.py:2726} INFO - Sync 1 DAGs
[2025-10-05T03:09:50.803+0000] {logging_mixin.py:149} INFO - [2025-10-05T03:09:50.803+0000] {dag.py:3490} INFO - Setting next_dagrun for example_sla_dag to 2025-10-05T03:06:00+00:00, run_after=2025-10-05T03:08:00+00:00
[2025-10-05T03:09:50.847+0000] {processor.py:179} INFO - Processing /home/airflow/.local/lib/python3.7/site-packages/airflow/example_dags/example_sla_dag.py took 0.199 seconds
[2025-10-05T03:10:22.200+0000] {processor.py:157} INFO - Started process (PID=4443) to work on /home/airflow/.local/lib/python3.7/site-packages/airflow/example_dags/example_sla_dag.py
[2025-10-05T03:10:22.203+0000] {processor.py:826} INFO - Processing file /home/airflow/.local/lib/python3.7/site-packages/airflow/example_dags/example_sla_dag.py for tasks to queue
[2025-10-05T03:10:22.205+0000] {logging_mixin.py:149} INFO - [2025-10-05T03:10:22.204+0000] {dagbag.py:541} INFO - Filling up the DagBag from /home/airflow/.local/lib/python3.7/site-packages/airflow/example_dags/example_sla_dag.py
[2025-10-05T03:10:22.239+0000] {processor.py:836} INFO - DAG(s) dict_keys(['example_sla_dag']) retrieved from /home/airflow/.local/lib/python3.7/site-packages/airflow/example_dags/example_sla_dag.py
[2025-10-05T03:10:22.461+0000] {logging_mixin.py:149} INFO - [2025-10-05T03:10:22.460+0000] {dag.py:2726} INFO - Sync 1 DAGs
[2025-10-05T03:10:22.691+0000] {logging_mixin.py:149} INFO - [2025-10-05T03:10:22.691+0000] {dag.py:3490} INFO - Setting next_dagrun for example_sla_dag to 2025-10-05T03:08:00+00:00, run_after=2025-10-05T03:10:00+00:00
[2025-10-05T03:10:22.757+0000] {processor.py:179} INFO - Processing /home/airflow/.local/lib/python3.7/site-packages/airflow/example_dags/example_sla_dag.py took 0.564 seconds
[2025-10-05T03:20:25.159+0000] {processor.py:157} INFO - Started process (PID=4542) to work on /home/airflow/.local/lib/python3.7/site-packages/airflow/example_dags/example_sla_dag.py
[2025-10-05T03:20:25.162+0000] {processor.py:826} INFO - Processing file /home/airflow/.local/lib/python3.7/site-packages/airflow/example_dags/example_sla_dag.py for tasks to queue
[2025-10-05T03:20:25.165+0000] {logging_mixin.py:149} INFO - [2025-10-05T03:20:25.165+0000] {dagbag.py:541} INFO - Filling up the DagBag from /home/airflow/.local/lib/python3.7/site-packages/airflow/example_dags/example_sla_dag.py
[2025-10-05T03:20:25.224+0000] {processor.py:836} INFO - DAG(s) dict_keys(['example_sla_dag']) retrieved from /home/airflow/.local/lib/python3.7/site-packages/airflow/example_dags/example_sla_dag.py
[2025-10-05T03:20:25.475+0000] {logging_mixin.py:149} INFO - [2025-10-05T03:20:25.475+0000] {dag.py:2726} INFO - Sync 1 DAGs
[2025-10-05T03:20:25.832+0000] {logging_mixin.py:149} INFO - [2025-10-05T03:20:25.832+0000] {dag.py:3490} INFO - Setting next_dagrun for example_sla_dag to 2025-10-05T03:18:00+00:00, run_after=2025-10-05T03:20:00+00:00
[2025-10-05T03:20:25.991+0000] {processor.py:179} INFO - Processing /home/airflow/.local/lib/python3.7/site-packages/airflow/example_dags/example_sla_dag.py took 0.852 seconds
[2025-10-05T03:20:56.556+0000] {processor.py:157} INFO - Started process (PID=4613) to work on /home/airflow/.local/lib/python3.7/site-packages/airflow/example_dags/example_sla_dag.py
[2025-10-05T03:20:56.558+0000] {processor.py:826} INFO - Processing file /home/airflow/.local/lib/python3.7/site-packages/airflow/example_dags/example_sla_dag.py for tasks to queue
[2025-10-05T03:20:56.560+0000] {logging_mixin.py:149} INFO - [2025-10-05T03:20:56.560+0000] {dagbag.py:541} INFO - Filling up the DagBag from /home/airflow/.local/lib/python3.7/site-packages/airflow/example_dags/example_sla_dag.py
[2025-10-05T03:20:56.577+0000] {processor.py:836} INFO - DAG(s) dict_keys(['example_sla_dag']) retrieved from /home/airflow/.local/lib/python3.7/site-packages/airflow/example_dags/example_sla_dag.py
[2025-10-05T03:20:56.626+0000] {logging_mixin.py:149} INFO - [2025-10-05T03:20:56.625+0000] {dag.py:2726} INFO - Sync 1 DAGs
[2025-10-05T03:20:56.672+0000] {logging_mixin.py:149} INFO - [2025-10-05T03:20:56.671+0000] {dag.py:3490} INFO - Setting next_dagrun for example_sla_dag to 2025-10-05T03:18:00+00:00, run_after=2025-10-05T03:20:00+00:00
[2025-10-05T03:20:56.708+0000] {processor.py:179} INFO - Processing /home/airflow/.local/lib/python3.7/site-packages/airflow/example_dags/example_sla_dag.py took 0.158 seconds
[2025-10-05T03:21:27.301+0000] {processor.py:157} INFO - Started process (PID=4677) to work on /home/airflow/.local/lib/python3.7/site-packages/airflow/example_dags/example_sla_dag.py
[2025-10-05T03:21:27.335+0000] {processor.py:826} INFO - Processing file /home/airflow/.local/lib/python3.7/site-packages/airflow/example_dags/example_sla_dag.py for tasks to queue
[2025-10-05T03:21:27.367+0000] {logging_mixin.py:149} INFO - [2025-10-05T03:21:27.366+0000] {dagbag.py:541} INFO - Filling up the DagBag from /home/airflow/.local/lib/python3.7/site-packages/airflow/example_dags/example_sla_dag.py
[2025-10-05T03:21:27.430+0000] {processor.py:836} INFO - DAG(s) dict_keys(['example_sla_dag']) retrieved from /home/airflow/.local/lib/python3.7/site-packages/airflow/example_dags/example_sla_dag.py
[2025-10-05T03:21:27.581+0000] {logging_mixin.py:149} INFO - [2025-10-05T03:21:27.581+0000] {dag.py:2726} INFO - Sync 1 DAGs
[2025-10-05T03:21:27.694+0000] {logging_mixin.py:149} INFO - [2025-10-05T03:21:27.693+0000] {dag.py:3490} INFO - Setting next_dagrun for example_sla_dag to 2025-10-05T03:18:00+00:00, run_after=2025-10-05T03:20:00+00:00
[2025-10-05T03:21:27.749+0000] {processor.py:179} INFO - Processing /home/airflow/.local/lib/python3.7/site-packages/airflow/example_dags/example_sla_dag.py took 0.472 seconds
[2025-10-05T03:21:57.920+0000] {processor.py:157} INFO - Started process (PID=4740) to work on /home/airflow/.local/lib/python3.7/site-packages/airflow/example_dags/example_sla_dag.py
[2025-10-05T03:21:57.922+0000] {processor.py:826} INFO - Processing file /home/airflow/.local/lib/python3.7/site-packages/airflow/example_dags/example_sla_dag.py for tasks to queue
[2025-10-05T03:21:57.924+0000] {logging_mixin.py:149} INFO - [2025-10-05T03:21:57.924+0000] {dagbag.py:541} INFO - Filling up the DagBag from /home/airflow/.local/lib/python3.7/site-packages/airflow/example_dags/example_sla_dag.py
[2025-10-05T03:21:57.941+0000] {processor.py:836} INFO - DAG(s) dict_keys(['example_sla_dag']) retrieved from /home/airflow/.local/lib/python3.7/site-packages/airflow/example_dags/example_sla_dag.py
[2025-10-05T03:21:57.986+0000] {logging_mixin.py:149} INFO - [2025-10-05T03:21:57.985+0000] {dag.py:2726} INFO - Sync 1 DAGs
[2025-10-05T03:21:58.050+0000] {logging_mixin.py:149} INFO - [2025-10-05T03:21:58.050+0000] {dag.py:3490} INFO - Setting next_dagrun for example_sla_dag to 2025-10-05T03:18:00+00:00, run_after=2025-10-05T03:20:00+00:00
[2025-10-05T03:21:58.100+0000] {processor.py:179} INFO - Processing /home/airflow/.local/lib/python3.7/site-packages/airflow/example_dags/example_sla_dag.py took 0.186 seconds
[2025-10-05T03:22:28.256+0000] {processor.py:157} INFO - Started process (PID=4805) to work on /home/airflow/.local/lib/python3.7/site-packages/airflow/example_dags/example_sla_dag.py
[2025-10-05T03:22:28.258+0000] {processor.py:826} INFO - Processing file /home/airflow/.local/lib/python3.7/site-packages/airflow/example_dags/example_sla_dag.py for tasks to queue
[2025-10-05T03:22:28.260+0000] {logging_mixin.py:149} INFO - [2025-10-05T03:22:28.260+0000] {dagbag.py:541} INFO - Filling up the DagBag from /home/airflow/.local/lib/python3.7/site-packages/airflow/example_dags/example_sla_dag.py
[2025-10-05T03:22:28.276+0000] {processor.py:836} INFO - DAG(s) dict_keys(['example_sla_dag']) retrieved from /home/airflow/.local/lib/python3.7/site-packages/airflow/example_dags/example_sla_dag.py
[2025-10-05T03:22:28.322+0000] {logging_mixin.py:149} INFO - [2025-10-05T03:22:28.322+0000] {dag.py:2726} INFO - Sync 1 DAGs
[2025-10-05T03:22:28.370+0000] {logging_mixin.py:149} INFO - [2025-10-05T03:22:28.370+0000] {dag.py:3490} INFO - Setting next_dagrun for example_sla_dag to 2025-10-05T03:20:00+00:00, run_after=2025-10-05T03:22:00+00:00
[2025-10-05T03:22:28.412+0000] {processor.py:179} INFO - Processing /home/airflow/.local/lib/python3.7/site-packages/airflow/example_dags/example_sla_dag.py took 0.161 seconds
[2025-10-05T03:22:58.569+0000] {processor.py:157} INFO - Started process (PID=4869) to work on /home/airflow/.local/lib/python3.7/site-packages/airflow/example_dags/example_sla_dag.py
[2025-10-05T03:22:58.571+0000] {processor.py:826} INFO - Processing file /home/airflow/.local/lib/python3.7/site-packages/airflow/example_dags/example_sla_dag.py for tasks to queue
[2025-10-05T03:22:58.572+0000] {logging_mixin.py:149} INFO - [2025-10-05T03:22:58.572+0000] {dagbag.py:541} INFO - Filling up the DagBag from /home/airflow/.local/lib/python3.7/site-packages/airflow/example_dags/example_sla_dag.py
[2025-10-05T03:22:58.585+0000] {processor.py:836} INFO - DAG(s) dict_keys(['example_sla_dag']) retrieved from /home/airflow/.local/lib/python3.7/site-packages/airflow/example_dags/example_sla_dag.py
[2025-10-05T03:22:58.630+0000] {logging_mixin.py:149} INFO - [2025-10-05T03:22:58.630+0000] {dag.py:2726} INFO - Sync 1 DAGs
[2025-10-05T03:22:58.674+0000] {logging_mixin.py:149} INFO - [2025-10-05T03:22:58.674+0000] {dag.py:3490} INFO - Setting next_dagrun for example_sla_dag to 2025-10-05T03:20:00+00:00, run_after=2025-10-05T03:22:00+00:00
[2025-10-05T03:22:58.712+0000] {processor.py:179} INFO - Processing /home/airflow/.local/lib/python3.7/site-packages/airflow/example_dags/example_sla_dag.py took 0.149 seconds
[2025-10-05T03:23:29.248+0000] {processor.py:157} INFO - Started process (PID=4933) to work on /home/airflow/.local/lib/python3.7/site-packages/airflow/example_dags/example_sla_dag.py
[2025-10-05T03:23:29.249+0000] {processor.py:826} INFO - Processing file /home/airflow/.local/lib/python3.7/site-packages/airflow/example_dags/example_sla_dag.py for tasks to queue
[2025-10-05T03:23:29.252+0000] {logging_mixin.py:149} INFO - [2025-10-05T03:23:29.251+0000] {dagbag.py:541} INFO - Filling up the DagBag from /home/airflow/.local/lib/python3.7/site-packages/airflow/example_dags/example_sla_dag.py
[2025-10-05T03:23:29.274+0000] {processor.py:836} INFO - DAG(s) dict_keys(['example_sla_dag']) retrieved from /home/airflow/.local/lib/python3.7/site-packages/airflow/example_dags/example_sla_dag.py
[2025-10-05T03:23:29.433+0000] {logging_mixin.py:149} INFO - [2025-10-05T03:23:29.432+0000] {dag.py:2726} INFO - Sync 1 DAGs
[2025-10-05T03:23:29.544+0000] {logging_mixin.py:149} INFO - [2025-10-05T03:23:29.544+0000] {dag.py:3490} INFO - Setting next_dagrun for example_sla_dag to 2025-10-05T03:20:00+00:00, run_after=2025-10-05T03:22:00+00:00
[2025-10-05T03:23:29.591+0000] {processor.py:179} INFO - Processing /home/airflow/.local/lib/python3.7/site-packages/airflow/example_dags/example_sla_dag.py took 0.349 seconds
[2025-10-05T03:24:00.209+0000] {processor.py:157} INFO - Started process (PID=4997) to work on /home/airflow/.local/lib/python3.7/site-packages/airflow/example_dags/example_sla_dag.py
[2025-10-05T03:24:00.211+0000] {processor.py:826} INFO - Processing file /home/airflow/.local/lib/python3.7/site-packages/airflow/example_dags/example_sla_dag.py for tasks to queue
[2025-10-05T03:24:00.212+0000] {logging_mixin.py:149} INFO - [2025-10-05T03:24:00.212+0000] {dagbag.py:541} INFO - Filling up the DagBag from /home/airflow/.local/lib/python3.7/site-packages/airflow/example_dags/example_sla_dag.py
[2025-10-05T03:24:00.227+0000] {processor.py:836} INFO - DAG(s) dict_keys(['example_sla_dag']) retrieved from /home/airflow/.local/lib/python3.7/site-packages/airflow/example_dags/example_sla_dag.py
[2025-10-05T03:24:00.275+0000] {logging_mixin.py:149} INFO - [2025-10-05T03:24:00.275+0000] {dag.py:2726} INFO - Sync 1 DAGs
[2025-10-05T03:24:00.339+0000] {logging_mixin.py:149} INFO - [2025-10-05T03:24:00.338+0000] {dag.py:3490} INFO - Setting next_dagrun for example_sla_dag to 2025-10-05T03:22:00+00:00, run_after=2025-10-05T03:24:00+00:00
[2025-10-05T03:24:00.381+0000] {processor.py:179} INFO - Processing /home/airflow/.local/lib/python3.7/site-packages/airflow/example_dags/example_sla_dag.py took 0.181 seconds
[2025-10-05T03:24:30.722+0000] {processor.py:157} INFO - Started process (PID=5062) to work on /home/airflow/.local/lib/python3.7/site-packages/airflow/example_dags/example_sla_dag.py
[2025-10-05T03:24:30.725+0000] {processor.py:826} INFO - Processing file /home/airflow/.local/lib/python3.7/site-packages/airflow/example_dags/example_sla_dag.py for tasks to queue
[2025-10-05T03:24:30.727+0000] {logging_mixin.py:149} INFO - [2025-10-05T03:24:30.727+0000] {dagbag.py:541} INFO - Filling up the DagBag from /home/airflow/.local/lib/python3.7/site-packages/airflow/example_dags/example_sla_dag.py
[2025-10-05T03:24:30.748+0000] {processor.py:836} INFO - DAG(s) dict_keys(['example_sla_dag']) retrieved from /home/airflow/.local/lib/python3.7/site-packages/airflow/example_dags/example_sla_dag.py
[2025-10-05T03:24:30.816+0000] {logging_mixin.py:149} INFO - [2025-10-05T03:24:30.816+0000] {dag.py:2726} INFO - Sync 1 DAGs
[2025-10-05T03:24:30.892+0000] {logging_mixin.py:149} INFO - [2025-10-05T03:24:30.892+0000] {dag.py:3490} INFO - Setting next_dagrun for example_sla_dag to 2025-10-05T03:22:00+00:00, run_after=2025-10-05T03:24:00+00:00
[2025-10-05T03:24:30.936+0000] {processor.py:179} INFO - Processing /home/airflow/.local/lib/python3.7/site-packages/airflow/example_dags/example_sla_dag.py took 0.222 seconds
[2025-10-05T03:25:01.342+0000] {processor.py:157} INFO - Started process (PID=5126) to work on /home/airflow/.local/lib/python3.7/site-packages/airflow/example_dags/example_sla_dag.py
[2025-10-05T03:25:01.344+0000] {processor.py:826} INFO - Processing file /home/airflow/.local/lib/python3.7/site-packages/airflow/example_dags/example_sla_dag.py for tasks to queue
[2025-10-05T03:25:01.346+0000] {logging_mixin.py:149} INFO - [2025-10-05T03:25:01.346+0000] {dagbag.py:541} INFO - Filling up the DagBag from /home/airflow/.local/lib/python3.7/site-packages/airflow/example_dags/example_sla_dag.py
[2025-10-05T03:25:01.364+0000] {processor.py:836} INFO - DAG(s) dict_keys(['example_sla_dag']) retrieved from /home/airflow/.local/lib/python3.7/site-packages/airflow/example_dags/example_sla_dag.py
[2025-10-05T03:25:01.439+0000] {logging_mixin.py:149} INFO - [2025-10-05T03:25:01.439+0000] {dag.py:2726} INFO - Sync 1 DAGs
[2025-10-05T03:25:01.502+0000] {logging_mixin.py:149} INFO - [2025-10-05T03:25:01.501+0000] {dag.py:3490} INFO - Setting next_dagrun for example_sla_dag to 2025-10-05T03:22:00+00:00, run_after=2025-10-05T03:24:00+00:00
[2025-10-05T03:25:01.547+0000] {processor.py:179} INFO - Processing /home/airflow/.local/lib/python3.7/site-packages/airflow/example_dags/example_sla_dag.py took 0.210 seconds
[2025-10-05T03:25:44.132+0000] {processor.py:157} INFO - Started process (PID=5192) to work on /home/airflow/.local/lib/python3.7/site-packages/airflow/example_dags/example_sla_dag.py
[2025-10-05T03:25:44.134+0000] {processor.py:826} INFO - Processing file /home/airflow/.local/lib/python3.7/site-packages/airflow/example_dags/example_sla_dag.py for tasks to queue
[2025-10-05T03:25:44.136+0000] {logging_mixin.py:149} INFO - [2025-10-05T03:25:44.135+0000] {dagbag.py:541} INFO - Filling up the DagBag from /home/airflow/.local/lib/python3.7/site-packages/airflow/example_dags/example_sla_dag.py
[2025-10-05T03:25:44.150+0000] {processor.py:836} INFO - DAG(s) dict_keys(['example_sla_dag']) retrieved from /home/airflow/.local/lib/python3.7/site-packages/airflow/example_dags/example_sla_dag.py
[2025-10-05T03:25:44.193+0000] {logging_mixin.py:149} INFO - [2025-10-05T03:25:44.193+0000] {dag.py:2726} INFO - Sync 1 DAGs
[2025-10-05T03:25:44.244+0000] {logging_mixin.py:149} INFO - [2025-10-05T03:25:44.244+0000] {dag.py:3490} INFO - Setting next_dagrun for example_sla_dag to 2025-10-05T03:22:00+00:00, run_after=2025-10-05T03:24:00+00:00
[2025-10-05T03:25:44.284+0000] {processor.py:179} INFO - Processing /home/airflow/.local/lib/python3.7/site-packages/airflow/example_dags/example_sla_dag.py took 0.158 seconds
[2025-10-05T03:26:15.011+0000] {processor.py:157} INFO - Started process (PID=5256) to work on /home/airflow/.local/lib/python3.7/site-packages/airflow/example_dags/example_sla_dag.py
[2025-10-05T03:26:15.013+0000] {processor.py:826} INFO - Processing file /home/airflow/.local/lib/python3.7/site-packages/airflow/example_dags/example_sla_dag.py for tasks to queue
[2025-10-05T03:26:15.015+0000] {logging_mixin.py:149} INFO - [2025-10-05T03:26:15.015+0000] {dagbag.py:541} INFO - Filling up the DagBag from /home/airflow/.local/lib/python3.7/site-packages/airflow/example_dags/example_sla_dag.py
[2025-10-05T03:26:15.032+0000] {processor.py:836} INFO - DAG(s) dict_keys(['example_sla_dag']) retrieved from /home/airflow/.local/lib/python3.7/site-packages/airflow/example_dags/example_sla_dag.py
[2025-10-05T03:26:15.083+0000] {logging_mixin.py:149} INFO - [2025-10-05T03:26:15.082+0000] {dag.py:2726} INFO - Sync 1 DAGs
[2025-10-05T03:26:15.131+0000] {logging_mixin.py:149} INFO - [2025-10-05T03:26:15.131+0000] {dag.py:3490} INFO - Setting next_dagrun for example_sla_dag to 2025-10-05T03:24:00+00:00, run_after=2025-10-05T03:26:00+00:00
[2025-10-05T03:26:15.670+0000] {processor.py:179} INFO - Processing /home/airflow/.local/lib/python3.7/site-packages/airflow/example_dags/example_sla_dag.py took 0.665 seconds
[2025-10-05T03:26:45.879+0000] {processor.py:157} INFO - Started process (PID=5320) to work on /home/airflow/.local/lib/python3.7/site-packages/airflow/example_dags/example_sla_dag.py
[2025-10-05T03:26:45.881+0000] {processor.py:826} INFO - Processing file /home/airflow/.local/lib/python3.7/site-packages/airflow/example_dags/example_sla_dag.py for tasks to queue
[2025-10-05T03:26:45.883+0000] {logging_mixin.py:149} INFO - [2025-10-05T03:26:45.882+0000] {dagbag.py:541} INFO - Filling up the DagBag from /home/airflow/.local/lib/python3.7/site-packages/airflow/example_dags/example_sla_dag.py
[2025-10-05T03:26:45.899+0000] {processor.py:836} INFO - DAG(s) dict_keys(['example_sla_dag']) retrieved from /home/airflow/.local/lib/python3.7/site-packages/airflow/example_dags/example_sla_dag.py
[2025-10-05T03:26:45.970+0000] {logging_mixin.py:149} INFO - [2025-10-05T03:26:45.970+0000] {dag.py:2726} INFO - Sync 1 DAGs
[2025-10-05T03:26:46.196+0000] {logging_mixin.py:149} INFO - [2025-10-05T03:26:46.186+0000] {dag.py:3490} INFO - Setting next_dagrun for example_sla_dag to 2025-10-05T03:24:00+00:00, run_after=2025-10-05T03:26:00+00:00
[2025-10-05T03:26:46.297+0000] {processor.py:179} INFO - Processing /home/airflow/.local/lib/python3.7/site-packages/airflow/example_dags/example_sla_dag.py took 0.424 seconds
[2025-10-05T03:27:16.886+0000] {processor.py:157} INFO - Started process (PID=5384) to work on /home/airflow/.local/lib/python3.7/site-packages/airflow/example_dags/example_sla_dag.py
[2025-10-05T03:27:16.890+0000] {processor.py:826} INFO - Processing file /home/airflow/.local/lib/python3.7/site-packages/airflow/example_dags/example_sla_dag.py for tasks to queue
[2025-10-05T03:27:16.894+0000] {logging_mixin.py:149} INFO - [2025-10-05T03:27:16.892+0000] {dagbag.py:541} INFO - Filling up the DagBag from /home/airflow/.local/lib/python3.7/site-packages/airflow/example_dags/example_sla_dag.py
[2025-10-05T03:27:16.920+0000] {processor.py:836} INFO - DAG(s) dict_keys(['example_sla_dag']) retrieved from /home/airflow/.local/lib/python3.7/site-packages/airflow/example_dags/example_sla_dag.py
[2025-10-05T03:27:17.007+0000] {logging_mixin.py:149} INFO - [2025-10-05T03:27:17.006+0000] {dag.py:2726} INFO - Sync 1 DAGs
[2025-10-05T03:27:17.092+0000] {logging_mixin.py:149} INFO - [2025-10-05T03:27:17.091+0000] {dag.py:3490} INFO - Setting next_dagrun for example_sla_dag to 2025-10-05T03:24:00+00:00, run_after=2025-10-05T03:26:00+00:00
[2025-10-05T03:27:17.148+0000] {processor.py:179} INFO - Processing /home/airflow/.local/lib/python3.7/site-packages/airflow/example_dags/example_sla_dag.py took 0.272 seconds
[2025-10-05T03:27:50.074+0000] {processor.py:157} INFO - Started process (PID=5448) to work on /home/airflow/.local/lib/python3.7/site-packages/airflow/example_dags/example_sla_dag.py
[2025-10-05T03:27:50.077+0000] {processor.py:826} INFO - Processing file /home/airflow/.local/lib/python3.7/site-packages/airflow/example_dags/example_sla_dag.py for tasks to queue
[2025-10-05T03:27:50.080+0000] {logging_mixin.py:149} INFO - [2025-10-05T03:27:50.080+0000] {dagbag.py:541} INFO - Filling up the DagBag from /home/airflow/.local/lib/python3.7/site-packages/airflow/example_dags/example_sla_dag.py
[2025-10-05T03:27:50.109+0000] {processor.py:836} INFO - DAG(s) dict_keys(['example_sla_dag']) retrieved from /home/airflow/.local/lib/python3.7/site-packages/airflow/example_dags/example_sla_dag.py
[2025-10-05T03:27:50.163+0000] {logging_mixin.py:149} INFO - [2025-10-05T03:27:50.163+0000] {dag.py:2726} INFO - Sync 1 DAGs
[2025-10-05T03:27:50.508+0000] {logging_mixin.py:149} INFO - [2025-10-05T03:27:50.507+0000] {dag.py:3490} INFO - Setting next_dagrun for example_sla_dag to 2025-10-05T03:24:00+00:00, run_after=2025-10-05T03:26:00+00:00
[2025-10-05T03:27:50.562+0000] {processor.py:179} INFO - Processing /home/airflow/.local/lib/python3.7/site-packages/airflow/example_dags/example_sla_dag.py took 0.498 seconds
[2025-10-05T03:28:20.703+0000] {processor.py:157} INFO - Started process (PID=5511) to work on /home/airflow/.local/lib/python3.7/site-packages/airflow/example_dags/example_sla_dag.py
[2025-10-05T03:28:20.705+0000] {processor.py:826} INFO - Processing file /home/airflow/.local/lib/python3.7/site-packages/airflow/example_dags/example_sla_dag.py for tasks to queue
[2025-10-05T03:28:20.707+0000] {logging_mixin.py:149} INFO - [2025-10-05T03:28:20.707+0000] {dagbag.py:541} INFO - Filling up the DagBag from /home/airflow/.local/lib/python3.7/site-packages/airflow/example_dags/example_sla_dag.py
[2025-10-05T03:28:20.729+0000] {processor.py:836} INFO - DAG(s) dict_keys(['example_sla_dag']) retrieved from /home/airflow/.local/lib/python3.7/site-packages/airflow/example_dags/example_sla_dag.py
[2025-10-05T03:28:20.821+0000] {logging_mixin.py:149} INFO - [2025-10-05T03:28:20.820+0000] {dag.py:2726} INFO - Sync 1 DAGs
[2025-10-05T03:28:21.006+0000] {logging_mixin.py:149} INFO - [2025-10-05T03:28:21.006+0000] {dag.py:3490} INFO - Setting next_dagrun for example_sla_dag to 2025-10-05T03:26:00+00:00, run_after=2025-10-05T03:28:00+00:00
[2025-10-05T03:28:21.066+0000] {processor.py:179} INFO - Processing /home/airflow/.local/lib/python3.7/site-packages/airflow/example_dags/example_sla_dag.py took 0.373 seconds
[2025-10-05T03:28:51.564+0000] {processor.py:157} INFO - Started process (PID=5576) to work on /home/airflow/.local/lib/python3.7/site-packages/airflow/example_dags/example_sla_dag.py
[2025-10-05T03:28:51.566+0000] {processor.py:826} INFO - Processing file /home/airflow/.local/lib/python3.7/site-packages/airflow/example_dags/example_sla_dag.py for tasks to queue
[2025-10-05T03:28:51.568+0000] {logging_mixin.py:149} INFO - [2025-10-05T03:28:51.567+0000] {dagbag.py:541} INFO - Filling up the DagBag from /home/airflow/.local/lib/python3.7/site-packages/airflow/example_dags/example_sla_dag.py
[2025-10-05T03:28:51.587+0000] {processor.py:836} INFO - DAG(s) dict_keys(['example_sla_dag']) retrieved from /home/airflow/.local/lib/python3.7/site-packages/airflow/example_dags/example_sla_dag.py
[2025-10-05T03:28:51.632+0000] {logging_mixin.py:149} INFO - [2025-10-05T03:28:51.632+0000] {dag.py:2726} INFO - Sync 1 DAGs
[2025-10-05T03:28:51.695+0000] {logging_mixin.py:149} INFO - [2025-10-05T03:28:51.695+0000] {dag.py:3490} INFO - Setting next_dagrun for example_sla_dag to 2025-10-05T03:26:00+00:00, run_after=2025-10-05T03:28:00+00:00
[2025-10-05T03:28:51.743+0000] {processor.py:179} INFO - Processing /home/airflow/.local/lib/python3.7/site-packages/airflow/example_dags/example_sla_dag.py took 0.186 seconds
[2025-10-05T03:29:22.606+0000] {processor.py:157} INFO - Started process (PID=5641) to work on /home/airflow/.local/lib/python3.7/site-packages/airflow/example_dags/example_sla_dag.py
[2025-10-05T03:29:22.608+0000] {processor.py:826} INFO - Processing file /home/airflow/.local/lib/python3.7/site-packages/airflow/example_dags/example_sla_dag.py for tasks to queue
[2025-10-05T03:29:22.610+0000] {logging_mixin.py:149} INFO - [2025-10-05T03:29:22.610+0000] {dagbag.py:541} INFO - Filling up the DagBag from /home/airflow/.local/lib/python3.7/site-packages/airflow/example_dags/example_sla_dag.py
[2025-10-05T03:29:22.626+0000] {processor.py:836} INFO - DAG(s) dict_keys(['example_sla_dag']) retrieved from /home/airflow/.local/lib/python3.7/site-packages/airflow/example_dags/example_sla_dag.py
[2025-10-05T03:29:22.846+0000] {logging_mixin.py:149} INFO - [2025-10-05T03:29:22.846+0000] {dag.py:2726} INFO - Sync 1 DAGs
[2025-10-05T03:29:22.891+0000] {logging_mixin.py:149} INFO - [2025-10-05T03:29:22.891+0000] {dag.py:3490} INFO - Setting next_dagrun for example_sla_dag to 2025-10-05T03:26:00+00:00, run_after=2025-10-05T03:28:00+00:00
[2025-10-05T03:29:22.928+0000] {processor.py:179} INFO - Processing /home/airflow/.local/lib/python3.7/site-packages/airflow/example_dags/example_sla_dag.py took 0.328 seconds
[2025-10-05T03:29:53.470+0000] {processor.py:157} INFO - Started process (PID=5705) to work on /home/airflow/.local/lib/python3.7/site-packages/airflow/example_dags/example_sla_dag.py
[2025-10-05T03:29:53.472+0000] {processor.py:826} INFO - Processing file /home/airflow/.local/lib/python3.7/site-packages/airflow/example_dags/example_sla_dag.py for tasks to queue
[2025-10-05T03:29:53.474+0000] {logging_mixin.py:149} INFO - [2025-10-05T03:29:53.473+0000] {dagbag.py:541} INFO - Filling up the DagBag from /home/airflow/.local/lib/python3.7/site-packages/airflow/example_dags/example_sla_dag.py
[2025-10-05T03:29:53.488+0000] {processor.py:836} INFO - DAG(s) dict_keys(['example_sla_dag']) retrieved from /home/airflow/.local/lib/python3.7/site-packages/airflow/example_dags/example_sla_dag.py
[2025-10-05T03:29:53.538+0000] {logging_mixin.py:149} INFO - [2025-10-05T03:29:53.537+0000] {dag.py:2726} INFO - Sync 1 DAGs
[2025-10-05T03:29:53.778+0000] {logging_mixin.py:149} INFO - [2025-10-05T03:29:53.778+0000] {dag.py:3490} INFO - Setting next_dagrun for example_sla_dag to 2025-10-05T03:26:00+00:00, run_after=2025-10-05T03:28:00+00:00
[2025-10-05T03:29:53.820+0000] {processor.py:179} INFO - Processing /home/airflow/.local/lib/python3.7/site-packages/airflow/example_dags/example_sla_dag.py took 0.356 seconds
[2025-10-05T03:30:24.423+0000] {processor.py:157} INFO - Started process (PID=5769) to work on /home/airflow/.local/lib/python3.7/site-packages/airflow/example_dags/example_sla_dag.py
[2025-10-05T03:30:24.428+0000] {processor.py:826} INFO - Processing file /home/airflow/.local/lib/python3.7/site-packages/airflow/example_dags/example_sla_dag.py for tasks to queue
[2025-10-05T03:30:24.431+0000] {logging_mixin.py:149} INFO - [2025-10-05T03:30:24.431+0000] {dagbag.py:541} INFO - Filling up the DagBag from /home/airflow/.local/lib/python3.7/site-packages/airflow/example_dags/example_sla_dag.py
[2025-10-05T03:30:24.460+0000] {processor.py:836} INFO - DAG(s) dict_keys(['example_sla_dag']) retrieved from /home/airflow/.local/lib/python3.7/site-packages/airflow/example_dags/example_sla_dag.py
[2025-10-05T03:30:24.530+0000] {logging_mixin.py:149} INFO - [2025-10-05T03:30:24.530+0000] {dag.py:2726} INFO - Sync 1 DAGs
[2025-10-05T03:30:24.614+0000] {logging_mixin.py:149} INFO - [2025-10-05T03:30:24.614+0000] {dag.py:3490} INFO - Setting next_dagrun for example_sla_dag to 2025-10-05T03:28:00+00:00, run_after=2025-10-05T03:30:00+00:00
[2025-10-05T03:30:24.674+0000] {processor.py:179} INFO - Processing /home/airflow/.local/lib/python3.7/site-packages/airflow/example_dags/example_sla_dag.py took 0.260 seconds
[2025-10-05T03:30:54.813+0000] {processor.py:157} INFO - Started process (PID=5833) to work on /home/airflow/.local/lib/python3.7/site-packages/airflow/example_dags/example_sla_dag.py
[2025-10-05T03:30:54.816+0000] {processor.py:826} INFO - Processing file /home/airflow/.local/lib/python3.7/site-packages/airflow/example_dags/example_sla_dag.py for tasks to queue
[2025-10-05T03:30:54.817+0000] {logging_mixin.py:149} INFO - [2025-10-05T03:30:54.817+0000] {dagbag.py:541} INFO - Filling up the DagBag from /home/airflow/.local/lib/python3.7/site-packages/airflow/example_dags/example_sla_dag.py
[2025-10-05T03:30:54.834+0000] {processor.py:836} INFO - DAG(s) dict_keys(['example_sla_dag']) retrieved from /home/airflow/.local/lib/python3.7/site-packages/airflow/example_dags/example_sla_dag.py
[2025-10-05T03:30:54.878+0000] {logging_mixin.py:149} INFO - [2025-10-05T03:30:54.878+0000] {dag.py:2726} INFO - Sync 1 DAGs
[2025-10-05T03:30:54.938+0000] {logging_mixin.py:149} INFO - [2025-10-05T03:30:54.938+0000] {dag.py:3490} INFO - Setting next_dagrun for example_sla_dag to 2025-10-05T03:28:00+00:00, run_after=2025-10-05T03:30:00+00:00
[2025-10-05T03:30:54.976+0000] {processor.py:179} INFO - Processing /home/airflow/.local/lib/python3.7/site-packages/airflow/example_dags/example_sla_dag.py took 0.170 seconds
[2025-10-05T03:31:25.568+0000] {processor.py:157} INFO - Started process (PID=5897) to work on /home/airflow/.local/lib/python3.7/site-packages/airflow/example_dags/example_sla_dag.py
[2025-10-05T03:31:25.570+0000] {processor.py:826} INFO - Processing file /home/airflow/.local/lib/python3.7/site-packages/airflow/example_dags/example_sla_dag.py for tasks to queue
[2025-10-05T03:31:25.573+0000] {logging_mixin.py:149} INFO - [2025-10-05T03:31:25.572+0000] {dagbag.py:541} INFO - Filling up the DagBag from /home/airflow/.local/lib/python3.7/site-packages/airflow/example_dags/example_sla_dag.py
[2025-10-05T03:31:25.589+0000] {processor.py:836} INFO - DAG(s) dict_keys(['example_sla_dag']) retrieved from /home/airflow/.local/lib/python3.7/site-packages/airflow/example_dags/example_sla_dag.py
[2025-10-05T03:31:25.637+0000] {logging_mixin.py:149} INFO - [2025-10-05T03:31:25.636+0000] {dag.py:2726} INFO - Sync 1 DAGs
[2025-10-05T03:31:25.691+0000] {logging_mixin.py:149} INFO - [2025-10-05T03:31:25.691+0000] {dag.py:3490} INFO - Setting next_dagrun for example_sla_dag to 2025-10-05T03:28:00+00:00, run_after=2025-10-05T03:30:00+00:00
[2025-10-05T03:31:25.739+0000] {processor.py:179} INFO - Processing /home/airflow/.local/lib/python3.7/site-packages/airflow/example_dags/example_sla_dag.py took 0.181 seconds
[2025-10-05T03:31:56.729+0000] {processor.py:157} INFO - Started process (PID=5962) to work on /home/airflow/.local/lib/python3.7/site-packages/airflow/example_dags/example_sla_dag.py
[2025-10-05T03:31:56.732+0000] {processor.py:826} INFO - Processing file /home/airflow/.local/lib/python3.7/site-packages/airflow/example_dags/example_sla_dag.py for tasks to queue
[2025-10-05T03:31:56.734+0000] {logging_mixin.py:149} INFO - [2025-10-05T03:31:56.733+0000] {dagbag.py:541} INFO - Filling up the DagBag from /home/airflow/.local/lib/python3.7/site-packages/airflow/example_dags/example_sla_dag.py
[2025-10-05T03:31:56.751+0000] {processor.py:836} INFO - DAG(s) dict_keys(['example_sla_dag']) retrieved from /home/airflow/.local/lib/python3.7/site-packages/airflow/example_dags/example_sla_dag.py
[2025-10-05T03:31:56.816+0000] {logging_mixin.py:149} INFO - [2025-10-05T03:31:56.816+0000] {dag.py:2726} INFO - Sync 1 DAGs
[2025-10-05T03:31:56.946+0000] {logging_mixin.py:149} INFO - [2025-10-05T03:31:56.945+0000] {dag.py:3490} INFO - Setting next_dagrun for example_sla_dag to 2025-10-05T03:28:00+00:00, run_after=2025-10-05T03:30:00+00:00
[2025-10-05T03:31:56.995+0000] {processor.py:179} INFO - Processing /home/airflow/.local/lib/python3.7/site-packages/airflow/example_dags/example_sla_dag.py took 0.272 seconds
[2025-10-05T03:32:27.315+0000] {processor.py:157} INFO - Started process (PID=6027) to work on /home/airflow/.local/lib/python3.7/site-packages/airflow/example_dags/example_sla_dag.py
[2025-10-05T03:32:27.318+0000] {processor.py:826} INFO - Processing file /home/airflow/.local/lib/python3.7/site-packages/airflow/example_dags/example_sla_dag.py for tasks to queue
[2025-10-05T03:32:27.320+0000] {logging_mixin.py:149} INFO - [2025-10-05T03:32:27.319+0000] {dagbag.py:541} INFO - Filling up the DagBag from /home/airflow/.local/lib/python3.7/site-packages/airflow/example_dags/example_sla_dag.py
[2025-10-05T03:32:27.338+0000] {processor.py:836} INFO - DAG(s) dict_keys(['example_sla_dag']) retrieved from /home/airflow/.local/lib/python3.7/site-packages/airflow/example_dags/example_sla_dag.py
[2025-10-05T03:32:27.389+0000] {logging_mixin.py:149} INFO - [2025-10-05T03:32:27.389+0000] {dag.py:2726} INFO - Sync 1 DAGs
[2025-10-05T03:32:27.446+0000] {logging_mixin.py:149} INFO - [2025-10-05T03:32:27.446+0000] {dag.py:3490} INFO - Setting next_dagrun for example_sla_dag to 2025-10-05T03:30:00+00:00, run_after=2025-10-05T03:32:00+00:00
[2025-10-05T03:32:27.483+0000] {processor.py:179} INFO - Processing /home/airflow/.local/lib/python3.7/site-packages/airflow/example_dags/example_sla_dag.py took 0.177 seconds
[2025-10-05T03:32:58.365+0000] {processor.py:157} INFO - Started process (PID=6091) to work on /home/airflow/.local/lib/python3.7/site-packages/airflow/example_dags/example_sla_dag.py
[2025-10-05T03:32:58.368+0000] {processor.py:826} INFO - Processing file /home/airflow/.local/lib/python3.7/site-packages/airflow/example_dags/example_sla_dag.py for tasks to queue
[2025-10-05T03:32:58.369+0000] {logging_mixin.py:149} INFO - [2025-10-05T03:32:58.369+0000] {dagbag.py:541} INFO - Filling up the DagBag from /home/airflow/.local/lib/python3.7/site-packages/airflow/example_dags/example_sla_dag.py
[2025-10-05T03:32:58.384+0000] {processor.py:836} INFO - DAG(s) dict_keys(['example_sla_dag']) retrieved from /home/airflow/.local/lib/python3.7/site-packages/airflow/example_dags/example_sla_dag.py
[2025-10-05T03:32:58.431+0000] {logging_mixin.py:149} INFO - [2025-10-05T03:32:58.430+0000] {dag.py:2726} INFO - Sync 1 DAGs
[2025-10-05T03:32:58.477+0000] {logging_mixin.py:149} INFO - [2025-10-05T03:32:58.477+0000] {dag.py:3490} INFO - Setting next_dagrun for example_sla_dag to 2025-10-05T03:30:00+00:00, run_after=2025-10-05T03:32:00+00:00
[2025-10-05T03:32:58.514+0000] {processor.py:179} INFO - Processing /home/airflow/.local/lib/python3.7/site-packages/airflow/example_dags/example_sla_dag.py took 0.155 seconds
[2025-10-05T03:33:30.138+0000] {processor.py:157} INFO - Started process (PID=6162) to work on /home/airflow/.local/lib/python3.7/site-packages/airflow/example_dags/example_sla_dag.py
[2025-10-05T03:33:30.141+0000] {processor.py:826} INFO - Processing file /home/airflow/.local/lib/python3.7/site-packages/airflow/example_dags/example_sla_dag.py for tasks to queue
[2025-10-05T03:33:30.144+0000] {logging_mixin.py:149} INFO - [2025-10-05T03:33:30.143+0000] {dagbag.py:541} INFO - Filling up the DagBag from /home/airflow/.local/lib/python3.7/site-packages/airflow/example_dags/example_sla_dag.py
[2025-10-05T03:33:30.173+0000] {processor.py:836} INFO - DAG(s) dict_keys(['example_sla_dag']) retrieved from /home/airflow/.local/lib/python3.7/site-packages/airflow/example_dags/example_sla_dag.py
[2025-10-05T03:33:30.246+0000] {logging_mixin.py:149} INFO - [2025-10-05T03:33:30.246+0000] {dag.py:2726} INFO - Sync 1 DAGs
[2025-10-05T03:33:30.327+0000] {logging_mixin.py:149} INFO - [2025-10-05T03:33:30.326+0000] {dag.py:3490} INFO - Setting next_dagrun for example_sla_dag to 2025-10-05T03:30:00+00:00, run_after=2025-10-05T03:32:00+00:00
[2025-10-05T03:33:30.383+0000] {processor.py:179} INFO - Processing /home/airflow/.local/lib/python3.7/site-packages/airflow/example_dags/example_sla_dag.py took 0.258 seconds
[2025-10-05T03:34:01.131+0000] {processor.py:157} INFO - Started process (PID=6226) to work on /home/airflow/.local/lib/python3.7/site-packages/airflow/example_dags/example_sla_dag.py
[2025-10-05T03:34:01.133+0000] {processor.py:826} INFO - Processing file /home/airflow/.local/lib/python3.7/site-packages/airflow/example_dags/example_sla_dag.py for tasks to queue
[2025-10-05T03:34:01.135+0000] {logging_mixin.py:149} INFO - [2025-10-05T03:34:01.135+0000] {dagbag.py:541} INFO - Filling up the DagBag from /home/airflow/.local/lib/python3.7/site-packages/airflow/example_dags/example_sla_dag.py
[2025-10-05T03:34:01.151+0000] {processor.py:836} INFO - DAG(s) dict_keys(['example_sla_dag']) retrieved from /home/airflow/.local/lib/python3.7/site-packages/airflow/example_dags/example_sla_dag.py
[2025-10-05T03:34:01.183+0000] {logging_mixin.py:149} INFO - [2025-10-05T03:34:01.183+0000] {dag.py:2726} INFO - Sync 1 DAGs
[2025-10-05T03:34:01.258+0000] {logging_mixin.py:149} INFO - [2025-10-05T03:34:01.257+0000] {dag.py:3490} INFO - Setting next_dagrun for example_sla_dag to 2025-10-05T03:32:00+00:00, run_after=2025-10-05T03:34:00+00:00
[2025-10-05T03:34:01.300+0000] {processor.py:179} INFO - Processing /home/airflow/.local/lib/python3.7/site-packages/airflow/example_dags/example_sla_dag.py took 0.176 seconds
[2025-10-05T03:35:14.777+0000] {processor.py:157} INFO - Started process (PID=6298) to work on /home/airflow/.local/lib/python3.7/site-packages/airflow/example_dags/example_sla_dag.py
[2025-10-05T03:35:14.782+0000] {processor.py:826} INFO - Processing file /home/airflow/.local/lib/python3.7/site-packages/airflow/example_dags/example_sla_dag.py for tasks to queue
[2025-10-05T03:35:14.784+0000] {logging_mixin.py:149} INFO - [2025-10-05T03:35:14.784+0000] {dagbag.py:541} INFO - Filling up the DagBag from /home/airflow/.local/lib/python3.7/site-packages/airflow/example_dags/example_sla_dag.py
[2025-10-05T03:35:14.817+0000] {processor.py:836} INFO - DAG(s) dict_keys(['example_sla_dag']) retrieved from /home/airflow/.local/lib/python3.7/site-packages/airflow/example_dags/example_sla_dag.py
[2025-10-05T03:35:14.946+0000] {logging_mixin.py:149} INFO - [2025-10-05T03:35:14.946+0000] {dag.py:2726} INFO - Sync 1 DAGs
[2025-10-05T03:35:15.094+0000] {logging_mixin.py:149} INFO - [2025-10-05T03:35:15.094+0000] {dag.py:3490} INFO - Setting next_dagrun for example_sla_dag to 2025-10-05T03:32:00+00:00, run_after=2025-10-05T03:34:00+00:00
[2025-10-05T03:35:15.188+0000] {processor.py:179} INFO - Processing /home/airflow/.local/lib/python3.7/site-packages/airflow/example_dags/example_sla_dag.py took 0.427 seconds
[2025-10-05T03:35:51.852+0000] {processor.py:157} INFO - Started process (PID=6363) to work on /home/airflow/.local/lib/python3.7/site-packages/airflow/example_dags/example_sla_dag.py
[2025-10-05T03:35:51.855+0000] {processor.py:826} INFO - Processing file /home/airflow/.local/lib/python3.7/site-packages/airflow/example_dags/example_sla_dag.py for tasks to queue
[2025-10-05T03:35:51.857+0000] {logging_mixin.py:149} INFO - [2025-10-05T03:35:51.856+0000] {dagbag.py:541} INFO - Filling up the DagBag from /home/airflow/.local/lib/python3.7/site-packages/airflow/example_dags/example_sla_dag.py
[2025-10-05T03:35:51.877+0000] {processor.py:836} INFO - DAG(s) dict_keys(['example_sla_dag']) retrieved from /home/airflow/.local/lib/python3.7/site-packages/airflow/example_dags/example_sla_dag.py
[2025-10-05T03:35:51.928+0000] {logging_mixin.py:149} INFO - [2025-10-05T03:35:51.928+0000] {dag.py:2726} INFO - Sync 1 DAGs
[2025-10-05T03:35:52.005+0000] {logging_mixin.py:149} INFO - [2025-10-05T03:35:52.004+0000] {dag.py:3490} INFO - Setting next_dagrun for example_sla_dag to 2025-10-05T03:32:00+00:00, run_after=2025-10-05T03:34:00+00:00
[2025-10-05T03:35:52.052+0000] {processor.py:179} INFO - Processing /home/airflow/.local/lib/python3.7/site-packages/airflow/example_dags/example_sla_dag.py took 0.207 seconds
