[2025-10-05T03:05:20.967+0000] {processor.py:157} INFO - Started process (PID=3819) to work on /opt/airflow/dags/02_example.py
[2025-10-05T03:05:20.970+0000] {processor.py:826} INFO - Processing file /opt/airflow/dags/02_example.py for tasks to queue
[2025-10-05T03:05:20.973+0000] {logging_mixin.py:149} INFO - [2025-10-05T03:05:20.973+0000] {dagbag.py:541} INFO - Filling up the DagBag from /opt/airflow/dags/02_example.py
[2025-10-05T03:05:21.058+0000] {processor.py:836} INFO - DAG(s) dict_keys(['02_example']) retrieved from /opt/airflow/dags/02_example.py
[2025-10-05T03:05:21.316+0000] {logging_mixin.py:149} INFO - [2025-10-05T03:05:21.316+0000] {manager.py:504} INFO - Created Permission View: can delete on DAG:02_example
[2025-10-05T03:05:21.342+0000] {logging_mixin.py:149} INFO - [2025-10-05T03:05:21.342+0000] {manager.py:504} INFO - Created Permission View: can edit on DAG:02_example
[2025-10-05T03:05:21.361+0000] {logging_mixin.py:149} INFO - [2025-10-05T03:05:21.361+0000] {manager.py:504} INFO - Created Permission View: can read on DAG:02_example
[2025-10-05T03:05:21.394+0000] {logging_mixin.py:149} INFO - [2025-10-05T03:05:21.394+0000] {dag.py:2726} INFO - Sync 1 DAGs
[2025-10-05T03:05:21.420+0000] {logging_mixin.py:149} INFO - [2025-10-05T03:05:21.420+0000] {dag.py:2747} INFO - Creating ORM DAG for 02_example
[2025-10-05T03:05:21.447+0000] {logging_mixin.py:149} INFO - [2025-10-05T03:05:21.447+0000] {dag.py:3490} INFO - Setting next_dagrun for 02_example to 2025-10-04T00:00:00+00:00, run_after=2025-10-05T00:00:00+00:00
[2025-10-05T03:05:21.498+0000] {processor.py:179} INFO - Processing /opt/airflow/dags/02_example.py took 0.544 seconds
[2025-10-05T03:05:52.091+0000] {processor.py:157} INFO - Started process (PID=3883) to work on /opt/airflow/dags/02_example.py
[2025-10-05T03:05:52.094+0000] {processor.py:826} INFO - Processing file /opt/airflow/dags/02_example.py for tasks to queue
[2025-10-05T03:05:52.096+0000] {logging_mixin.py:149} INFO - [2025-10-05T03:05:52.095+0000] {dagbag.py:541} INFO - Filling up the DagBag from /opt/airflow/dags/02_example.py
[2025-10-05T03:05:52.149+0000] {processor.py:836} INFO - DAG(s) dict_keys(['02_example']) retrieved from /opt/airflow/dags/02_example.py
[2025-10-05T03:05:52.205+0000] {logging_mixin.py:149} INFO - [2025-10-05T03:05:52.205+0000] {dag.py:2726} INFO - Sync 1 DAGs
[2025-10-05T03:05:52.278+0000] {logging_mixin.py:149} INFO - [2025-10-05T03:05:52.277+0000] {dag.py:3490} INFO - Setting next_dagrun for 02_example to 2025-10-04T00:00:00+00:00, run_after=2025-10-05T00:00:00+00:00
[2025-10-05T03:05:52.334+0000] {processor.py:179} INFO - Processing /opt/airflow/dags/02_example.py took 0.250 seconds
[2025-10-05T03:06:22.490+0000] {processor.py:157} INFO - Started process (PID=3947) to work on /opt/airflow/dags/02_example.py
[2025-10-05T03:06:22.493+0000] {processor.py:826} INFO - Processing file /opt/airflow/dags/02_example.py for tasks to queue
[2025-10-05T03:06:22.496+0000] {logging_mixin.py:149} INFO - [2025-10-05T03:06:22.495+0000] {dagbag.py:541} INFO - Filling up the DagBag from /opt/airflow/dags/02_example.py
[2025-10-05T03:06:22.558+0000] {processor.py:836} INFO - DAG(s) dict_keys(['02_example']) retrieved from /opt/airflow/dags/02_example.py
[2025-10-05T03:06:22.620+0000] {logging_mixin.py:149} INFO - [2025-10-05T03:06:22.619+0000] {dag.py:2726} INFO - Sync 1 DAGs
[2025-10-05T03:06:22.685+0000] {logging_mixin.py:149} INFO - [2025-10-05T03:06:22.685+0000] {dag.py:3490} INFO - Setting next_dagrun for 02_example to 2025-10-04T00:00:00+00:00, run_after=2025-10-05T00:00:00+00:00
[2025-10-05T03:06:22.733+0000] {processor.py:179} INFO - Processing /opt/airflow/dags/02_example.py took 0.257 seconds
[2025-10-05T03:06:52.994+0000] {processor.py:157} INFO - Started process (PID=4011) to work on /opt/airflow/dags/02_example.py
[2025-10-05T03:06:53.000+0000] {processor.py:826} INFO - Processing file /opt/airflow/dags/02_example.py for tasks to queue
[2025-10-05T03:06:53.003+0000] {logging_mixin.py:149} INFO - [2025-10-05T03:06:53.003+0000] {dagbag.py:541} INFO - Filling up the DagBag from /opt/airflow/dags/02_example.py
[2025-10-05T03:06:53.053+0000] {processor.py:836} INFO - DAG(s) dict_keys(['02_example']) retrieved from /opt/airflow/dags/02_example.py
[2025-10-05T03:06:53.119+0000] {logging_mixin.py:149} INFO - [2025-10-05T03:06:53.118+0000] {dag.py:2726} INFO - Sync 1 DAGs
[2025-10-05T03:06:53.177+0000] {logging_mixin.py:149} INFO - [2025-10-05T03:06:53.177+0000] {dag.py:3490} INFO - Setting next_dagrun for 02_example to 2025-10-04T00:00:00+00:00, run_after=2025-10-05T00:00:00+00:00
[2025-10-05T03:06:53.227+0000] {processor.py:179} INFO - Processing /opt/airflow/dags/02_example.py took 0.245 seconds
[2025-10-05T03:07:24.005+0000] {processor.py:157} INFO - Started process (PID=4075) to work on /opt/airflow/dags/02_example.py
[2025-10-05T03:07:24.008+0000] {processor.py:826} INFO - Processing file /opt/airflow/dags/02_example.py for tasks to queue
[2025-10-05T03:07:24.010+0000] {logging_mixin.py:149} INFO - [2025-10-05T03:07:24.010+0000] {dagbag.py:541} INFO - Filling up the DagBag from /opt/airflow/dags/02_example.py
[2025-10-05T03:07:24.059+0000] {processor.py:836} INFO - DAG(s) dict_keys(['02_example']) retrieved from /opt/airflow/dags/02_example.py
[2025-10-05T03:07:24.124+0000] {logging_mixin.py:149} INFO - [2025-10-05T03:07:24.124+0000] {dag.py:2726} INFO - Sync 1 DAGs
[2025-10-05T03:07:24.181+0000] {logging_mixin.py:149} INFO - [2025-10-05T03:07:24.181+0000] {dag.py:3490} INFO - Setting next_dagrun for 02_example to 2025-10-04T00:00:00+00:00, run_after=2025-10-05T00:00:00+00:00
[2025-10-05T03:07:24.232+0000] {processor.py:179} INFO - Processing /opt/airflow/dags/02_example.py took 0.243 seconds
[2025-10-05T03:07:54.912+0000] {processor.py:157} INFO - Started process (PID=4139) to work on /opt/airflow/dags/02_example.py
[2025-10-05T03:07:54.916+0000] {processor.py:826} INFO - Processing file /opt/airflow/dags/02_example.py for tasks to queue
[2025-10-05T03:07:54.920+0000] {logging_mixin.py:149} INFO - [2025-10-05T03:07:54.919+0000] {dagbag.py:541} INFO - Filling up the DagBag from /opt/airflow/dags/02_example.py
[2025-10-05T03:07:55.006+0000] {processor.py:836} INFO - DAG(s) dict_keys(['02_example']) retrieved from /opt/airflow/dags/02_example.py
[2025-10-05T03:07:55.062+0000] {logging_mixin.py:149} INFO - [2025-10-05T03:07:55.062+0000] {dag.py:2726} INFO - Sync 1 DAGs
[2025-10-05T03:07:55.120+0000] {logging_mixin.py:149} INFO - [2025-10-05T03:07:55.119+0000] {dag.py:3490} INFO - Setting next_dagrun for 02_example to 2025-10-04T00:00:00+00:00, run_after=2025-10-05T00:00:00+00:00
[2025-10-05T03:07:55.183+0000] {processor.py:179} INFO - Processing /opt/airflow/dags/02_example.py took 0.286 seconds
[2025-10-05T03:08:25.934+0000] {processor.py:157} INFO - Started process (PID=4203) to work on /opt/airflow/dags/02_example.py
[2025-10-05T03:08:25.938+0000] {processor.py:826} INFO - Processing file /opt/airflow/dags/02_example.py for tasks to queue
[2025-10-05T03:08:25.942+0000] {logging_mixin.py:149} INFO - [2025-10-05T03:08:25.941+0000] {dagbag.py:541} INFO - Filling up the DagBag from /opt/airflow/dags/02_example.py
[2025-10-05T03:08:26.031+0000] {processor.py:836} INFO - DAG(s) dict_keys(['02_example']) retrieved from /opt/airflow/dags/02_example.py
[2025-10-05T03:08:26.139+0000] {logging_mixin.py:149} INFO - [2025-10-05T03:08:26.139+0000] {dag.py:2726} INFO - Sync 1 DAGs
[2025-10-05T03:08:26.221+0000] {logging_mixin.py:149} INFO - [2025-10-05T03:08:26.221+0000] {dag.py:3490} INFO - Setting next_dagrun for 02_example to 2025-10-04T00:00:00+00:00, run_after=2025-10-05T00:00:00+00:00
[2025-10-05T03:08:26.269+0000] {processor.py:179} INFO - Processing /opt/airflow/dags/02_example.py took 0.347 seconds
[2025-10-05T03:08:57.031+0000] {processor.py:157} INFO - Started process (PID=4267) to work on /opt/airflow/dags/02_example.py
[2025-10-05T03:08:57.034+0000] {processor.py:826} INFO - Processing file /opt/airflow/dags/02_example.py for tasks to queue
[2025-10-05T03:08:57.038+0000] {logging_mixin.py:149} INFO - [2025-10-05T03:08:57.037+0000] {dagbag.py:541} INFO - Filling up the DagBag from /opt/airflow/dags/02_example.py
[2025-10-05T03:08:57.194+0000] {processor.py:836} INFO - DAG(s) dict_keys(['02_example']) retrieved from /opt/airflow/dags/02_example.py
[2025-10-05T03:08:57.291+0000] {logging_mixin.py:149} INFO - [2025-10-05T03:08:57.291+0000] {dag.py:2726} INFO - Sync 1 DAGs
[2025-10-05T03:08:57.419+0000] {logging_mixin.py:149} INFO - [2025-10-05T03:08:57.418+0000] {dag.py:3490} INFO - Setting next_dagrun for 02_example to 2025-10-04T00:00:00+00:00, run_after=2025-10-05T00:00:00+00:00
[2025-10-05T03:08:57.487+0000] {processor.py:179} INFO - Processing /opt/airflow/dags/02_example.py took 0.475 seconds
[2025-10-05T03:09:27.879+0000] {processor.py:157} INFO - Started process (PID=4331) to work on /opt/airflow/dags/02_example.py
[2025-10-05T03:09:27.892+0000] {processor.py:826} INFO - Processing file /opt/airflow/dags/02_example.py for tasks to queue
[2025-10-05T03:09:27.895+0000] {logging_mixin.py:149} INFO - [2025-10-05T03:09:27.894+0000] {dagbag.py:541} INFO - Filling up the DagBag from /opt/airflow/dags/02_example.py
[2025-10-05T03:09:27.999+0000] {processor.py:836} INFO - DAG(s) dict_keys(['02_example']) retrieved from /opt/airflow/dags/02_example.py
[2025-10-05T03:09:28.064+0000] {logging_mixin.py:149} INFO - [2025-10-05T03:09:28.064+0000] {dag.py:2726} INFO - Sync 1 DAGs
[2025-10-05T03:09:28.133+0000] {logging_mixin.py:149} INFO - [2025-10-05T03:09:28.133+0000] {dag.py:3490} INFO - Setting next_dagrun for 02_example to 2025-10-04T00:00:00+00:00, run_after=2025-10-05T00:00:00+00:00
[2025-10-05T03:09:28.184+0000] {processor.py:179} INFO - Processing /opt/airflow/dags/02_example.py took 0.315 seconds
[2025-10-05T03:09:58.758+0000] {processor.py:157} INFO - Started process (PID=4395) to work on /opt/airflow/dags/02_example.py
[2025-10-05T03:09:58.761+0000] {processor.py:826} INFO - Processing file /opt/airflow/dags/02_example.py for tasks to queue
[2025-10-05T03:09:58.764+0000] {logging_mixin.py:149} INFO - [2025-10-05T03:09:58.764+0000] {dagbag.py:541} INFO - Filling up the DagBag from /opt/airflow/dags/02_example.py
[2025-10-05T03:09:58.828+0000] {processor.py:836} INFO - DAG(s) dict_keys(['02_example']) retrieved from /opt/airflow/dags/02_example.py
[2025-10-05T03:09:58.908+0000] {logging_mixin.py:149} INFO - [2025-10-05T03:09:58.908+0000] {dag.py:2726} INFO - Sync 1 DAGs
[2025-10-05T03:09:59.005+0000] {logging_mixin.py:149} INFO - [2025-10-05T03:09:59.005+0000] {dag.py:3490} INFO - Setting next_dagrun for 02_example to 2025-10-04T00:00:00+00:00, run_after=2025-10-05T00:00:00+00:00
[2025-10-05T03:09:59.064+0000] {processor.py:179} INFO - Processing /opt/airflow/dags/02_example.py took 0.316 seconds
[2025-10-05T03:10:29.419+0000] {processor.py:157} INFO - Started process (PID=4459) to work on /opt/airflow/dags/02_example.py
[2025-10-05T03:10:29.424+0000] {processor.py:826} INFO - Processing file /opt/airflow/dags/02_example.py for tasks to queue
[2025-10-05T03:10:29.428+0000] {logging_mixin.py:149} INFO - [2025-10-05T03:10:29.427+0000] {dagbag.py:541} INFO - Filling up the DagBag from /opt/airflow/dags/02_example.py
[2025-10-05T03:10:29.516+0000] {processor.py:836} INFO - DAG(s) dict_keys(['02_example']) retrieved from /opt/airflow/dags/02_example.py
[2025-10-05T03:10:29.573+0000] {logging_mixin.py:149} INFO - [2025-10-05T03:10:29.572+0000] {dag.py:2726} INFO - Sync 1 DAGs
[2025-10-05T03:10:29.637+0000] {logging_mixin.py:149} INFO - [2025-10-05T03:10:29.636+0000] {dag.py:3490} INFO - Setting next_dagrun for 02_example to 2025-10-04T00:00:00+00:00, run_after=2025-10-05T00:00:00+00:00
[2025-10-05T03:10:29.685+0000] {processor.py:179} INFO - Processing /opt/airflow/dags/02_example.py took 0.281 seconds
[2025-10-05T03:20:13.699+0000] {processor.py:157} INFO - Started process (PID=4505) to work on /opt/airflow/dags/02_example.py
[2025-10-05T03:20:13.702+0000] {processor.py:826} INFO - Processing file /opt/airflow/dags/02_example.py for tasks to queue
[2025-10-05T03:20:13.705+0000] {logging_mixin.py:149} INFO - [2025-10-05T03:20:13.704+0000] {dagbag.py:541} INFO - Filling up the DagBag from /opt/airflow/dags/02_example.py
[2025-10-05T03:20:13.789+0000] {processor.py:836} INFO - DAG(s) dict_keys(['02_example']) retrieved from /opt/airflow/dags/02_example.py
[2025-10-05T03:20:13.910+0000] {logging_mixin.py:149} INFO - [2025-10-05T03:20:13.909+0000] {dag.py:2726} INFO - Sync 1 DAGs
[2025-10-05T03:20:14.064+0000] {logging_mixin.py:149} INFO - [2025-10-05T03:20:14.064+0000] {dag.py:3490} INFO - Setting next_dagrun for 02_example to 2025-10-04T00:00:00+00:00, run_after=2025-10-05T00:00:00+00:00
[2025-10-05T03:20:14.166+0000] {processor.py:179} INFO - Processing /opt/airflow/dags/02_example.py took 0.492 seconds
[2025-10-05T03:20:44.404+0000] {processor.py:157} INFO - Started process (PID=4569) to work on /opt/airflow/dags/02_example.py
[2025-10-05T03:20:44.406+0000] {processor.py:826} INFO - Processing file /opt/airflow/dags/02_example.py for tasks to queue
[2025-10-05T03:20:44.408+0000] {logging_mixin.py:149} INFO - [2025-10-05T03:20:44.408+0000] {dagbag.py:541} INFO - Filling up the DagBag from /opt/airflow/dags/02_example.py
[2025-10-05T03:20:44.450+0000] {processor.py:836} INFO - DAG(s) dict_keys(['02_example']) retrieved from /opt/airflow/dags/02_example.py
[2025-10-05T03:20:44.497+0000] {logging_mixin.py:149} INFO - [2025-10-05T03:20:44.496+0000] {dag.py:2726} INFO - Sync 1 DAGs
[2025-10-05T03:20:44.547+0000] {logging_mixin.py:149} INFO - [2025-10-05T03:20:44.547+0000] {dag.py:3490} INFO - Setting next_dagrun for 02_example to 2025-10-04T00:00:00+00:00, run_after=2025-10-05T00:00:00+00:00
[2025-10-05T03:20:44.591+0000] {processor.py:179} INFO - Processing /opt/airflow/dags/02_example.py took 0.194 seconds
[2025-10-05T03:21:15.375+0000] {processor.py:157} INFO - Started process (PID=4633) to work on /opt/airflow/dags/02_example.py
[2025-10-05T03:21:15.377+0000] {processor.py:826} INFO - Processing file /opt/airflow/dags/02_example.py for tasks to queue
[2025-10-05T03:21:15.379+0000] {logging_mixin.py:149} INFO - [2025-10-05T03:21:15.379+0000] {dagbag.py:541} INFO - Filling up the DagBag from /opt/airflow/dags/02_example.py
[2025-10-05T03:21:15.435+0000] {processor.py:836} INFO - DAG(s) dict_keys(['02_example']) retrieved from /opt/airflow/dags/02_example.py
[2025-10-05T03:21:15.492+0000] {logging_mixin.py:149} INFO - [2025-10-05T03:21:15.492+0000] {dag.py:2726} INFO - Sync 1 DAGs
[2025-10-05T03:21:15.546+0000] {logging_mixin.py:149} INFO - [2025-10-05T03:21:15.546+0000] {dag.py:3490} INFO - Setting next_dagrun for 02_example to 2025-10-04T00:00:00+00:00, run_after=2025-10-05T00:00:00+00:00
[2025-10-05T03:21:15.587+0000] {processor.py:179} INFO - Processing /opt/airflow/dags/02_example.py took 0.219 seconds
[2025-10-05T03:21:45.768+0000] {processor.py:157} INFO - Started process (PID=4696) to work on /opt/airflow/dags/02_example.py
[2025-10-05T03:21:45.770+0000] {processor.py:826} INFO - Processing file /opt/airflow/dags/02_example.py for tasks to queue
[2025-10-05T03:21:45.772+0000] {logging_mixin.py:149} INFO - [2025-10-05T03:21:45.772+0000] {dagbag.py:541} INFO - Filling up the DagBag from /opt/airflow/dags/02_example.py
[2025-10-05T03:21:45.814+0000] {processor.py:836} INFO - DAG(s) dict_keys(['02_example']) retrieved from /opt/airflow/dags/02_example.py
[2025-10-05T03:21:45.860+0000] {logging_mixin.py:149} INFO - [2025-10-05T03:21:45.859+0000] {dag.py:2726} INFO - Sync 1 DAGs
[2025-10-05T03:21:45.907+0000] {logging_mixin.py:149} INFO - [2025-10-05T03:21:45.907+0000] {dag.py:3490} INFO - Setting next_dagrun for 02_example to 2025-10-04T00:00:00+00:00, run_after=2025-10-05T00:00:00+00:00
[2025-10-05T03:21:45.949+0000] {processor.py:179} INFO - Processing /opt/airflow/dags/02_example.py took 0.186 seconds
[2025-10-05T03:22:16.209+0000] {processor.py:157} INFO - Started process (PID=4760) to work on /opt/airflow/dags/02_example.py
[2025-10-05T03:22:16.211+0000] {processor.py:826} INFO - Processing file /opt/airflow/dags/02_example.py for tasks to queue
[2025-10-05T03:22:16.213+0000] {logging_mixin.py:149} INFO - [2025-10-05T03:22:16.213+0000] {dagbag.py:541} INFO - Filling up the DagBag from /opt/airflow/dags/02_example.py
[2025-10-05T03:22:16.260+0000] {processor.py:836} INFO - DAG(s) dict_keys(['02_example']) retrieved from /opt/airflow/dags/02_example.py
[2025-10-05T03:22:16.310+0000] {logging_mixin.py:149} INFO - [2025-10-05T03:22:16.310+0000] {dag.py:2726} INFO - Sync 1 DAGs
[2025-10-05T03:22:16.376+0000] {logging_mixin.py:149} INFO - [2025-10-05T03:22:16.376+0000] {dag.py:3490} INFO - Setting next_dagrun for 02_example to 2025-10-04T00:00:00+00:00, run_after=2025-10-05T00:00:00+00:00
[2025-10-05T03:22:16.450+0000] {processor.py:179} INFO - Processing /opt/airflow/dags/02_example.py took 0.247 seconds
[2025-10-05T03:22:47.364+0000] {processor.py:157} INFO - Started process (PID=4825) to work on /opt/airflow/dags/02_example.py
[2025-10-05T03:22:47.367+0000] {processor.py:826} INFO - Processing file /opt/airflow/dags/02_example.py for tasks to queue
[2025-10-05T03:22:47.369+0000] {logging_mixin.py:149} INFO - [2025-10-05T03:22:47.369+0000] {dagbag.py:541} INFO - Filling up the DagBag from /opt/airflow/dags/02_example.py
[2025-10-05T03:22:47.442+0000] {processor.py:836} INFO - DAG(s) dict_keys(['02_example']) retrieved from /opt/airflow/dags/02_example.py
[2025-10-05T03:22:47.534+0000] {logging_mixin.py:149} INFO - [2025-10-05T03:22:47.534+0000] {dag.py:2726} INFO - Sync 1 DAGs
[2025-10-05T03:22:47.779+0000] {logging_mixin.py:149} INFO - [2025-10-05T03:22:47.779+0000] {dag.py:3490} INFO - Setting next_dagrun for 02_example to 2025-10-04T00:00:00+00:00, run_after=2025-10-05T00:00:00+00:00
[2025-10-05T03:22:47.894+0000] {processor.py:179} INFO - Processing /opt/airflow/dags/02_example.py took 0.540 seconds
[2025-10-05T03:23:18.029+0000] {processor.py:157} INFO - Started process (PID=4889) to work on /opt/airflow/dags/02_example.py
[2025-10-05T03:23:18.031+0000] {processor.py:826} INFO - Processing file /opt/airflow/dags/02_example.py for tasks to queue
[2025-10-05T03:23:18.033+0000] {logging_mixin.py:149} INFO - [2025-10-05T03:23:18.033+0000] {dagbag.py:541} INFO - Filling up the DagBag from /opt/airflow/dags/02_example.py
[2025-10-05T03:23:18.068+0000] {processor.py:836} INFO - DAG(s) dict_keys(['02_example']) retrieved from /opt/airflow/dags/02_example.py
[2025-10-05T03:23:18.110+0000] {logging_mixin.py:149} INFO - [2025-10-05T03:23:18.110+0000] {dag.py:2726} INFO - Sync 1 DAGs
[2025-10-05T03:23:18.157+0000] {logging_mixin.py:149} INFO - [2025-10-05T03:23:18.156+0000] {dag.py:3490} INFO - Setting next_dagrun for 02_example to 2025-10-04T00:00:00+00:00, run_after=2025-10-05T00:00:00+00:00
[2025-10-05T03:23:18.195+0000] {processor.py:179} INFO - Processing /opt/airflow/dags/02_example.py took 0.172 seconds
[2025-10-05T03:23:48.849+0000] {processor.py:157} INFO - Started process (PID=4953) to work on /opt/airflow/dags/02_example.py
[2025-10-05T03:23:48.852+0000] {processor.py:826} INFO - Processing file /opt/airflow/dags/02_example.py for tasks to queue
[2025-10-05T03:23:48.853+0000] {logging_mixin.py:149} INFO - [2025-10-05T03:23:48.853+0000] {dagbag.py:541} INFO - Filling up the DagBag from /opt/airflow/dags/02_example.py
[2025-10-05T03:23:48.888+0000] {processor.py:836} INFO - DAG(s) dict_keys(['02_example']) retrieved from /opt/airflow/dags/02_example.py
[2025-10-05T03:23:48.939+0000] {logging_mixin.py:149} INFO - [2025-10-05T03:23:48.938+0000] {dag.py:2726} INFO - Sync 1 DAGs
[2025-10-05T03:23:48.996+0000] {logging_mixin.py:149} INFO - [2025-10-05T03:23:48.995+0000] {dag.py:3490} INFO - Setting next_dagrun for 02_example to 2025-10-04T00:00:00+00:00, run_after=2025-10-05T00:00:00+00:00
[2025-10-05T03:23:49.043+0000] {processor.py:179} INFO - Processing /opt/airflow/dags/02_example.py took 0.201 seconds
[2025-10-05T03:24:19.352+0000] {processor.py:157} INFO - Started process (PID=5017) to work on /opt/airflow/dags/02_example.py
[2025-10-05T03:24:19.354+0000] {processor.py:826} INFO - Processing file /opt/airflow/dags/02_example.py for tasks to queue
[2025-10-05T03:24:19.356+0000] {logging_mixin.py:149} INFO - [2025-10-05T03:24:19.356+0000] {dagbag.py:541} INFO - Filling up the DagBag from /opt/airflow/dags/02_example.py
[2025-10-05T03:24:19.383+0000] {processor.py:836} INFO - DAG(s) dict_keys(['02_example']) retrieved from /opt/airflow/dags/02_example.py
[2025-10-05T03:24:19.454+0000] {logging_mixin.py:149} INFO - [2025-10-05T03:24:19.453+0000] {dag.py:2726} INFO - Sync 1 DAGs
[2025-10-05T03:24:19.506+0000] {logging_mixin.py:149} INFO - [2025-10-05T03:24:19.505+0000] {dag.py:3490} INFO - Setting next_dagrun for 02_example to 2025-10-04T00:00:00+00:00, run_after=2025-10-05T00:00:00+00:00
[2025-10-05T03:24:19.751+0000] {processor.py:179} INFO - Processing /opt/airflow/dags/02_example.py took 0.405 seconds
[2025-10-05T03:24:50.093+0000] {processor.py:157} INFO - Started process (PID=5082) to work on /opt/airflow/dags/02_example.py
[2025-10-05T03:24:50.095+0000] {processor.py:826} INFO - Processing file /opt/airflow/dags/02_example.py for tasks to queue
[2025-10-05T03:24:50.097+0000] {logging_mixin.py:149} INFO - [2025-10-05T03:24:50.096+0000] {dagbag.py:541} INFO - Filling up the DagBag from /opt/airflow/dags/02_example.py
[2025-10-05T03:24:50.136+0000] {processor.py:836} INFO - DAG(s) dict_keys(['02_example']) retrieved from /opt/airflow/dags/02_example.py
[2025-10-05T03:24:50.197+0000] {logging_mixin.py:149} INFO - [2025-10-05T03:24:50.196+0000] {dag.py:2726} INFO - Sync 1 DAGs
[2025-10-05T03:24:50.248+0000] {logging_mixin.py:149} INFO - [2025-10-05T03:24:50.248+0000] {dag.py:3490} INFO - Setting next_dagrun for 02_example to 2025-10-04T00:00:00+00:00, run_after=2025-10-05T00:00:00+00:00
[2025-10-05T03:24:50.293+0000] {processor.py:179} INFO - Processing /opt/airflow/dags/02_example.py took 0.208 seconds
[2025-10-05T03:25:20.472+0000] {processor.py:157} INFO - Started process (PID=5146) to work on /opt/airflow/dags/02_example.py
[2025-10-05T03:25:20.475+0000] {processor.py:826} INFO - Processing file /opt/airflow/dags/02_example.py for tasks to queue
[2025-10-05T03:25:20.478+0000] {logging_mixin.py:149} INFO - [2025-10-05T03:25:20.478+0000] {dagbag.py:541} INFO - Filling up the DagBag from /opt/airflow/dags/02_example.py
[2025-10-05T03:25:20.519+0000] {processor.py:836} INFO - DAG(s) dict_keys(['02_example']) retrieved from /opt/airflow/dags/02_example.py
[2025-10-05T03:25:20.579+0000] {logging_mixin.py:149} INFO - [2025-10-05T03:25:20.578+0000] {dag.py:2726} INFO - Sync 1 DAGs
[2025-10-05T03:25:20.636+0000] {logging_mixin.py:149} INFO - [2025-10-05T03:25:20.636+0000] {dag.py:3490} INFO - Setting next_dagrun for 02_example to 2025-10-04T00:00:00+00:00, run_after=2025-10-05T00:00:00+00:00
[2025-10-05T03:25:20.715+0000] {processor.py:179} INFO - Processing /opt/airflow/dags/02_example.py took 0.249 seconds
[2025-10-05T03:25:51.560+0000] {processor.py:157} INFO - Started process (PID=5211) to work on /opt/airflow/dags/02_example.py
[2025-10-05T03:25:51.563+0000] {processor.py:826} INFO - Processing file /opt/airflow/dags/02_example.py for tasks to queue
[2025-10-05T03:25:51.565+0000] {logging_mixin.py:149} INFO - [2025-10-05T03:25:51.565+0000] {dagbag.py:541} INFO - Filling up the DagBag from /opt/airflow/dags/02_example.py
[2025-10-05T03:25:51.598+0000] {processor.py:836} INFO - DAG(s) dict_keys(['02_example']) retrieved from /opt/airflow/dags/02_example.py
[2025-10-05T03:25:51.642+0000] {logging_mixin.py:149} INFO - [2025-10-05T03:25:51.642+0000] {dag.py:2726} INFO - Sync 1 DAGs
[2025-10-05T03:25:51.688+0000] {logging_mixin.py:149} INFO - [2025-10-05T03:25:51.688+0000] {dag.py:3490} INFO - Setting next_dagrun for 02_example to 2025-10-04T00:00:00+00:00, run_after=2025-10-05T00:00:00+00:00
[2025-10-05T03:25:51.732+0000] {processor.py:179} INFO - Processing /opt/airflow/dags/02_example.py took 0.177 seconds
[2025-10-05T03:26:22.709+0000] {processor.py:157} INFO - Started process (PID=5275) to work on /opt/airflow/dags/02_example.py
[2025-10-05T03:26:22.711+0000] {processor.py:826} INFO - Processing file /opt/airflow/dags/02_example.py for tasks to queue
[2025-10-05T03:26:22.713+0000] {logging_mixin.py:149} INFO - [2025-10-05T03:26:22.713+0000] {dagbag.py:541} INFO - Filling up the DagBag from /opt/airflow/dags/02_example.py
[2025-10-05T03:26:22.742+0000] {processor.py:836} INFO - DAG(s) dict_keys(['02_example']) retrieved from /opt/airflow/dags/02_example.py
[2025-10-05T03:26:22.803+0000] {logging_mixin.py:149} INFO - [2025-10-05T03:26:22.803+0000] {dag.py:2726} INFO - Sync 1 DAGs
[2025-10-05T03:26:23.048+0000] {logging_mixin.py:149} INFO - [2025-10-05T03:26:23.048+0000] {dag.py:3490} INFO - Setting next_dagrun for 02_example to 2025-10-04T00:00:00+00:00, run_after=2025-10-05T00:00:00+00:00
[2025-10-05T03:26:23.082+0000] {processor.py:179} INFO - Processing /opt/airflow/dags/02_example.py took 0.379 seconds
[2025-10-05T03:26:53.210+0000] {processor.py:157} INFO - Started process (PID=5339) to work on /opt/airflow/dags/02_example.py
[2025-10-05T03:26:53.212+0000] {processor.py:826} INFO - Processing file /opt/airflow/dags/02_example.py for tasks to queue
[2025-10-05T03:26:53.214+0000] {logging_mixin.py:149} INFO - [2025-10-05T03:26:53.213+0000] {dagbag.py:541} INFO - Filling up the DagBag from /opt/airflow/dags/02_example.py
[2025-10-05T03:26:53.249+0000] {processor.py:836} INFO - DAG(s) dict_keys(['02_example']) retrieved from /opt/airflow/dags/02_example.py
[2025-10-05T03:26:53.314+0000] {logging_mixin.py:149} INFO - [2025-10-05T03:26:53.314+0000] {dag.py:2726} INFO - Sync 1 DAGs
[2025-10-05T03:26:53.372+0000] {logging_mixin.py:149} INFO - [2025-10-05T03:26:53.372+0000] {dag.py:3490} INFO - Setting next_dagrun for 02_example to 2025-10-04T00:00:00+00:00, run_after=2025-10-05T00:00:00+00:00
[2025-10-05T03:26:53.429+0000] {processor.py:179} INFO - Processing /opt/airflow/dags/02_example.py took 0.225 seconds
[2025-10-05T03:27:23.554+0000] {processor.py:157} INFO - Started process (PID=5403) to work on /opt/airflow/dags/02_example.py
[2025-10-05T03:27:23.557+0000] {processor.py:826} INFO - Processing file /opt/airflow/dags/02_example.py for tasks to queue
[2025-10-05T03:27:23.559+0000] {logging_mixin.py:149} INFO - [2025-10-05T03:27:23.558+0000] {dagbag.py:541} INFO - Filling up the DagBag from /opt/airflow/dags/02_example.py
[2025-10-05T03:27:23.615+0000] {processor.py:836} INFO - DAG(s) dict_keys(['02_example']) retrieved from /opt/airflow/dags/02_example.py
[2025-10-05T03:27:23.684+0000] {logging_mixin.py:149} INFO - [2025-10-05T03:27:23.684+0000] {dag.py:2726} INFO - Sync 1 DAGs
[2025-10-05T03:27:23.747+0000] {logging_mixin.py:149} INFO - [2025-10-05T03:27:23.746+0000] {dag.py:3490} INFO - Setting next_dagrun for 02_example to 2025-10-04T00:00:00+00:00, run_after=2025-10-05T00:00:00+00:00
[2025-10-05T03:27:23.794+0000] {processor.py:179} INFO - Processing /opt/airflow/dags/02_example.py took 0.248 seconds
[2025-10-05T03:27:54.384+0000] {processor.py:157} INFO - Started process (PID=5467) to work on /opt/airflow/dags/02_example.py
[2025-10-05T03:27:54.387+0000] {processor.py:826} INFO - Processing file /opt/airflow/dags/02_example.py for tasks to queue
[2025-10-05T03:27:54.388+0000] {logging_mixin.py:149} INFO - [2025-10-05T03:27:54.388+0000] {dagbag.py:541} INFO - Filling up the DagBag from /opt/airflow/dags/02_example.py
[2025-10-05T03:27:54.426+0000] {processor.py:836} INFO - DAG(s) dict_keys(['02_example']) retrieved from /opt/airflow/dags/02_example.py
[2025-10-05T03:27:54.477+0000] {logging_mixin.py:149} INFO - [2025-10-05T03:27:54.477+0000] {dag.py:2726} INFO - Sync 1 DAGs
[2025-10-05T03:27:54.714+0000] {logging_mixin.py:149} INFO - [2025-10-05T03:27:54.713+0000] {dag.py:3490} INFO - Setting next_dagrun for 02_example to 2025-10-04T00:00:00+00:00, run_after=2025-10-05T00:00:00+00:00
[2025-10-05T03:27:54.756+0000] {processor.py:179} INFO - Processing /opt/airflow/dags/02_example.py took 0.379 seconds
[2025-10-05T03:28:24.877+0000] {processor.py:157} INFO - Started process (PID=5530) to work on /opt/airflow/dags/02_example.py
[2025-10-05T03:28:24.878+0000] {processor.py:826} INFO - Processing file /opt/airflow/dags/02_example.py for tasks to queue
[2025-10-05T03:28:24.880+0000] {logging_mixin.py:149} INFO - [2025-10-05T03:28:24.880+0000] {dagbag.py:541} INFO - Filling up the DagBag from /opt/airflow/dags/02_example.py
[2025-10-05T03:28:24.917+0000] {processor.py:836} INFO - DAG(s) dict_keys(['02_example']) retrieved from /opt/airflow/dags/02_example.py
[2025-10-05T03:28:24.967+0000] {logging_mixin.py:149} INFO - [2025-10-05T03:28:24.967+0000] {dag.py:2726} INFO - Sync 1 DAGs
[2025-10-05T03:28:25.019+0000] {logging_mixin.py:149} INFO - [2025-10-05T03:28:25.019+0000] {dag.py:3490} INFO - Setting next_dagrun for 02_example to 2025-10-04T00:00:00+00:00, run_after=2025-10-05T00:00:00+00:00
[2025-10-05T03:28:25.272+0000] {processor.py:179} INFO - Processing /opt/airflow/dags/02_example.py took 0.401 seconds
[2025-10-05T03:28:55.660+0000] {processor.py:157} INFO - Started process (PID=5593) to work on /opt/airflow/dags/02_example.py
[2025-10-05T03:28:55.663+0000] {processor.py:826} INFO - Processing file /opt/airflow/dags/02_example.py for tasks to queue
[2025-10-05T03:28:55.665+0000] {logging_mixin.py:149} INFO - [2025-10-05T03:28:55.665+0000] {dagbag.py:541} INFO - Filling up the DagBag from /opt/airflow/dags/02_example.py
[2025-10-05T03:28:55.708+0000] {processor.py:836} INFO - DAG(s) dict_keys(['02_example']) retrieved from /opt/airflow/dags/02_example.py
[2025-10-05T03:28:55.764+0000] {logging_mixin.py:149} INFO - [2025-10-05T03:28:55.764+0000] {dag.py:2726} INFO - Sync 1 DAGs
[2025-10-05T03:28:55.818+0000] {logging_mixin.py:149} INFO - [2025-10-05T03:28:55.817+0000] {dag.py:3490} INFO - Setting next_dagrun for 02_example to 2025-10-04T00:00:00+00:00, run_after=2025-10-05T00:00:00+00:00
[2025-10-05T03:28:55.866+0000] {processor.py:179} INFO - Processing /opt/airflow/dags/02_example.py took 0.213 seconds
[2025-10-05T03:29:26.656+0000] {processor.py:157} INFO - Started process (PID=5658) to work on /opt/airflow/dags/02_example.py
[2025-10-05T03:29:26.658+0000] {processor.py:826} INFO - Processing file /opt/airflow/dags/02_example.py for tasks to queue
[2025-10-05T03:29:26.660+0000] {logging_mixin.py:149} INFO - [2025-10-05T03:29:26.660+0000] {dagbag.py:541} INFO - Filling up the DagBag from /opt/airflow/dags/02_example.py
[2025-10-05T03:29:26.695+0000] {processor.py:836} INFO - DAG(s) dict_keys(['02_example']) retrieved from /opt/airflow/dags/02_example.py
[2025-10-05T03:29:26.742+0000] {logging_mixin.py:149} INFO - [2025-10-05T03:29:26.742+0000] {dag.py:2726} INFO - Sync 1 DAGs
[2025-10-05T03:29:26.792+0000] {logging_mixin.py:149} INFO - [2025-10-05T03:29:26.792+0000] {dag.py:3490} INFO - Setting next_dagrun for 02_example to 2025-10-04T00:00:00+00:00, run_after=2025-10-05T00:00:00+00:00
[2025-10-05T03:29:26.844+0000] {processor.py:179} INFO - Processing /opt/airflow/dags/02_example.py took 0.193 seconds
[2025-10-05T03:29:58.689+0000] {processor.py:157} INFO - Started process (PID=5729) to work on /opt/airflow/dags/02_example.py
[2025-10-05T03:29:58.692+0000] {processor.py:826} INFO - Processing file /opt/airflow/dags/02_example.py for tasks to queue
[2025-10-05T03:29:58.695+0000] {logging_mixin.py:149} INFO - [2025-10-05T03:29:58.695+0000] {dagbag.py:541} INFO - Filling up the DagBag from /opt/airflow/dags/02_example.py
[2025-10-05T03:29:58.769+0000] {processor.py:836} INFO - DAG(s) dict_keys(['02_example']) retrieved from /opt/airflow/dags/02_example.py
[2025-10-05T03:29:59.176+0000] {logging_mixin.py:149} INFO - [2025-10-05T03:29:59.175+0000] {dag.py:2726} INFO - Sync 1 DAGs
[2025-10-05T03:29:59.251+0000] {logging_mixin.py:149} INFO - [2025-10-05T03:29:59.251+0000] {dag.py:3490} INFO - Setting next_dagrun for 02_example to 2025-10-04T00:00:00+00:00, run_after=2025-10-05T00:00:00+00:00
[2025-10-05T03:29:59.315+0000] {processor.py:179} INFO - Processing /opt/airflow/dags/02_example.py took 0.639 seconds
[2025-10-05T03:30:29.561+0000] {processor.py:157} INFO - Started process (PID=5783) to work on /opt/airflow/dags/02_example.py
[2025-10-05T03:30:29.565+0000] {processor.py:826} INFO - Processing file /opt/airflow/dags/02_example.py for tasks to queue
[2025-10-05T03:30:29.568+0000] {logging_mixin.py:149} INFO - [2025-10-05T03:30:29.568+0000] {dagbag.py:541} INFO - Filling up the DagBag from /opt/airflow/dags/02_example.py
[2025-10-05T03:30:29.615+0000] {processor.py:836} INFO - DAG(s) dict_keys(['02_example']) retrieved from /opt/airflow/dags/02_example.py
[2025-10-05T03:30:29.667+0000] {logging_mixin.py:149} INFO - [2025-10-05T03:30:29.667+0000] {dag.py:2726} INFO - Sync 1 DAGs
[2025-10-05T03:30:29.718+0000] {logging_mixin.py:149} INFO - [2025-10-05T03:30:29.718+0000] {dag.py:3490} INFO - Setting next_dagrun for 02_example to 2025-10-04T00:00:00+00:00, run_after=2025-10-05T00:00:00+00:00
[2025-10-05T03:30:29.767+0000] {processor.py:179} INFO - Processing /opt/airflow/dags/02_example.py took 0.214 seconds
[2025-10-05T03:31:00.771+0000] {processor.py:157} INFO - Started process (PID=5847) to work on /opt/airflow/dags/02_example.py
[2025-10-05T03:31:00.776+0000] {processor.py:826} INFO - Processing file /opt/airflow/dags/02_example.py for tasks to queue
[2025-10-05T03:31:00.780+0000] {logging_mixin.py:149} INFO - [2025-10-05T03:31:00.779+0000] {dagbag.py:541} INFO - Filling up the DagBag from /opt/airflow/dags/02_example.py
[2025-10-05T03:31:00.826+0000] {processor.py:836} INFO - DAG(s) dict_keys(['02_example']) retrieved from /opt/airflow/dags/02_example.py
[2025-10-05T03:31:00.886+0000] {logging_mixin.py:149} INFO - [2025-10-05T03:31:00.886+0000] {dag.py:2726} INFO - Sync 1 DAGs
[2025-10-05T03:31:00.952+0000] {logging_mixin.py:149} INFO - [2025-10-05T03:31:00.952+0000] {dag.py:3490} INFO - Setting next_dagrun for 02_example to 2025-10-04T00:00:00+00:00, run_after=2025-10-05T00:00:00+00:00
[2025-10-05T03:31:01.011+0000] {processor.py:179} INFO - Processing /opt/airflow/dags/02_example.py took 0.259 seconds
[2025-10-05T03:31:31.370+0000] {processor.py:157} INFO - Started process (PID=5911) to work on /opt/airflow/dags/02_example.py
[2025-10-05T03:31:31.372+0000] {processor.py:826} INFO - Processing file /opt/airflow/dags/02_example.py for tasks to queue
[2025-10-05T03:31:31.374+0000] {logging_mixin.py:149} INFO - [2025-10-05T03:31:31.374+0000] {dagbag.py:541} INFO - Filling up the DagBag from /opt/airflow/dags/02_example.py
[2025-10-05T03:31:31.422+0000] {processor.py:836} INFO - DAG(s) dict_keys(['02_example']) retrieved from /opt/airflow/dags/02_example.py
[2025-10-05T03:31:31.472+0000] {logging_mixin.py:149} INFO - [2025-10-05T03:31:31.472+0000] {dag.py:2726} INFO - Sync 1 DAGs
[2025-10-05T03:31:31.521+0000] {logging_mixin.py:149} INFO - [2025-10-05T03:31:31.521+0000] {dag.py:3490} INFO - Setting next_dagrun for 02_example to 2025-10-04T00:00:00+00:00, run_after=2025-10-05T00:00:00+00:00
[2025-10-05T03:31:31.563+0000] {processor.py:179} INFO - Processing /opt/airflow/dags/02_example.py took 0.201 seconds
[2025-10-05T03:32:02.537+0000] {processor.py:157} INFO - Started process (PID=5976) to work on /opt/airflow/dags/02_example.py
[2025-10-05T03:32:02.539+0000] {processor.py:826} INFO - Processing file /opt/airflow/dags/02_example.py for tasks to queue
[2025-10-05T03:32:02.541+0000] {logging_mixin.py:149} INFO - [2025-10-05T03:32:02.541+0000] {dagbag.py:541} INFO - Filling up the DagBag from /opt/airflow/dags/02_example.py
[2025-10-05T03:32:02.586+0000] {processor.py:836} INFO - DAG(s) dict_keys(['02_example']) retrieved from /opt/airflow/dags/02_example.py
[2025-10-05T03:32:02.635+0000] {logging_mixin.py:149} INFO - [2025-10-05T03:32:02.635+0000] {dag.py:2726} INFO - Sync 1 DAGs
[2025-10-05T03:32:02.685+0000] {logging_mixin.py:149} INFO - [2025-10-05T03:32:02.684+0000] {dag.py:3490} INFO - Setting next_dagrun for 02_example to 2025-10-04T00:00:00+00:00, run_after=2025-10-05T00:00:00+00:00
[2025-10-05T03:32:02.725+0000] {processor.py:179} INFO - Processing /opt/airflow/dags/02_example.py took 0.194 seconds
[2025-10-05T03:32:33.066+0000] {processor.py:157} INFO - Started process (PID=6040) to work on /opt/airflow/dags/02_example.py
[2025-10-05T03:32:33.068+0000] {processor.py:826} INFO - Processing file /opt/airflow/dags/02_example.py for tasks to queue
[2025-10-05T03:32:33.071+0000] {logging_mixin.py:149} INFO - [2025-10-05T03:32:33.070+0000] {dagbag.py:541} INFO - Filling up the DagBag from /opt/airflow/dags/02_example.py
[2025-10-05T03:32:33.114+0000] {processor.py:836} INFO - DAG(s) dict_keys(['02_example']) retrieved from /opt/airflow/dags/02_example.py
[2025-10-05T03:32:33.162+0000] {logging_mixin.py:149} INFO - [2025-10-05T03:32:33.161+0000] {dag.py:2726} INFO - Sync 1 DAGs
[2025-10-05T03:32:33.211+0000] {logging_mixin.py:149} INFO - [2025-10-05T03:32:33.210+0000] {dag.py:3490} INFO - Setting next_dagrun for 02_example to 2025-10-04T00:00:00+00:00, run_after=2025-10-05T00:00:00+00:00
[2025-10-05T03:32:33.256+0000] {processor.py:179} INFO - Processing /opt/airflow/dags/02_example.py took 0.196 seconds
[2025-10-05T03:33:03.357+0000] {processor.py:157} INFO - Started process (PID=6104) to work on /opt/airflow/dags/02_example.py
[2025-10-05T03:33:03.360+0000] {processor.py:826} INFO - Processing file /opt/airflow/dags/02_example.py for tasks to queue
[2025-10-05T03:33:03.362+0000] {logging_mixin.py:149} INFO - [2025-10-05T03:33:03.362+0000] {dagbag.py:541} INFO - Filling up the DagBag from /opt/airflow/dags/02_example.py
[2025-10-05T03:33:03.413+0000] {processor.py:836} INFO - DAG(s) dict_keys(['02_example']) retrieved from /opt/airflow/dags/02_example.py
[2025-10-05T03:33:03.463+0000] {logging_mixin.py:149} INFO - [2025-10-05T03:33:03.463+0000] {dag.py:2726} INFO - Sync 1 DAGs
[2025-10-05T03:33:03.517+0000] {logging_mixin.py:149} INFO - [2025-10-05T03:33:03.517+0000] {dag.py:3490} INFO - Setting next_dagrun for 02_example to 2025-10-04T00:00:00+00:00, run_after=2025-10-05T00:00:00+00:00
[2025-10-05T03:33:03.559+0000] {processor.py:179} INFO - Processing /opt/airflow/dags/02_example.py took 0.208 seconds
[2025-10-05T03:33:34.091+0000] {processor.py:157} INFO - Started process (PID=6168) to work on /opt/airflow/dags/02_example.py
[2025-10-05T03:33:34.093+0000] {processor.py:826} INFO - Processing file /opt/airflow/dags/02_example.py for tasks to queue
[2025-10-05T03:33:34.095+0000] {logging_mixin.py:149} INFO - [2025-10-05T03:33:34.095+0000] {dagbag.py:541} INFO - Filling up the DagBag from /opt/airflow/dags/02_example.py
[2025-10-05T03:33:34.149+0000] {processor.py:836} INFO - DAG(s) dict_keys(['02_example']) retrieved from /opt/airflow/dags/02_example.py
[2025-10-05T03:33:34.211+0000] {logging_mixin.py:149} INFO - [2025-10-05T03:33:34.211+0000] {dag.py:2726} INFO - Sync 1 DAGs
[2025-10-05T03:33:34.275+0000] {logging_mixin.py:149} INFO - [2025-10-05T03:33:34.274+0000] {dag.py:3490} INFO - Setting next_dagrun for 02_example to 2025-10-04T00:00:00+00:00, run_after=2025-10-05T00:00:00+00:00
[2025-10-05T03:33:34.322+0000] {processor.py:179} INFO - Processing /opt/airflow/dags/02_example.py took 0.238 seconds
[2025-10-05T03:34:04.859+0000] {processor.py:157} INFO - Started process (PID=6232) to work on /opt/airflow/dags/02_example.py
[2025-10-05T03:34:04.863+0000] {processor.py:826} INFO - Processing file /opt/airflow/dags/02_example.py for tasks to queue
[2025-10-05T03:34:04.871+0000] {logging_mixin.py:149} INFO - [2025-10-05T03:34:04.871+0000] {dagbag.py:541} INFO - Filling up the DagBag from /opt/airflow/dags/02_example.py
[2025-10-05T03:34:04.944+0000] {processor.py:836} INFO - DAG(s) dict_keys(['02_example']) retrieved from /opt/airflow/dags/02_example.py
[2025-10-05T03:34:05.316+0000] {logging_mixin.py:149} INFO - [2025-10-05T03:34:05.316+0000] {dag.py:2726} INFO - Sync 1 DAGs
[2025-10-05T03:34:05.370+0000] {logging_mixin.py:149} INFO - [2025-10-05T03:34:05.369+0000] {dag.py:3490} INFO - Setting next_dagrun for 02_example to 2025-10-04T00:00:00+00:00, run_after=2025-10-05T00:00:00+00:00
[2025-10-05T03:34:05.424+0000] {processor.py:179} INFO - Processing /opt/airflow/dags/02_example.py took 0.578 seconds
[2025-10-05T03:35:16.042+0000] {processor.py:157} INFO - Started process (PID=6304) to work on /opt/airflow/dags/02_example.py
[2025-10-05T03:35:16.053+0000] {processor.py:826} INFO - Processing file /opt/airflow/dags/02_example.py for tasks to queue
[2025-10-05T03:35:16.061+0000] {logging_mixin.py:149} INFO - [2025-10-05T03:35:16.061+0000] {dagbag.py:541} INFO - Filling up the DagBag from /opt/airflow/dags/02_example.py
[2025-10-05T03:35:16.262+0000] {processor.py:836} INFO - DAG(s) dict_keys(['02_example']) retrieved from /opt/airflow/dags/02_example.py
[2025-10-05T03:35:16.396+0000] {logging_mixin.py:149} INFO - [2025-10-05T03:35:16.396+0000] {dag.py:2726} INFO - Sync 1 DAGs
[2025-10-05T03:35:16.515+0000] {logging_mixin.py:149} INFO - [2025-10-05T03:35:16.514+0000] {dag.py:3490} INFO - Setting next_dagrun for 02_example to 2025-10-04T00:00:00+00:00, run_after=2025-10-05T00:00:00+00:00
[2025-10-05T03:35:16.612+0000] {processor.py:179} INFO - Processing /opt/airflow/dags/02_example.py took 0.577 seconds
[2025-10-05T03:35:52.239+0000] {processor.py:157} INFO - Started process (PID=6366) to work on /opt/airflow/dags/02_example.py
[2025-10-05T03:35:52.241+0000] {processor.py:826} INFO - Processing file /opt/airflow/dags/02_example.py for tasks to queue
[2025-10-05T03:35:52.243+0000] {logging_mixin.py:149} INFO - [2025-10-05T03:35:52.243+0000] {dagbag.py:541} INFO - Filling up the DagBag from /opt/airflow/dags/02_example.py
[2025-10-05T03:35:52.300+0000] {processor.py:836} INFO - DAG(s) dict_keys(['02_example']) retrieved from /opt/airflow/dags/02_example.py
[2025-10-05T03:35:52.353+0000] {logging_mixin.py:149} INFO - [2025-10-05T03:35:52.353+0000] {dag.py:2726} INFO - Sync 1 DAGs
[2025-10-05T03:35:52.409+0000] {logging_mixin.py:149} INFO - [2025-10-05T03:35:52.408+0000] {dag.py:3490} INFO - Setting next_dagrun for 02_example to 2025-10-04T00:00:00+00:00, run_after=2025-10-05T00:00:00+00:00
[2025-10-05T03:35:52.453+0000] {processor.py:179} INFO - Processing /opt/airflow/dags/02_example.py took 0.224 seconds
